#
# There is insufficient memory for the Java Runtime Environment to continue.
# Native memory allocation (mmap) failed to map 54525952 bytes for Failed to commit area from 0x0000000090000000 to 0x0000000093400000 of length 54525952.
# Possible reasons:
#   The system is out of physical RAM or swap space
#   The process is running with CompressedOops enabled, and the Java Heap may be blocking the growth of the native heap
# Possible solutions:
#   Reduce memory load on the system
#   Increase physical memory or swap space
#   Check if swap backing store is full
#   Decrease Java heap size (-Xmx/-Xms)
#   Decrease number of Java threads
#   Decrease Java thread stack sizes (-Xss)
#   Set larger code cache with -XX:ReservedCodeCacheSize=
#   JVM is running with Unscaled Compressed Oops mode in which the Java heap is
#     placed in the first 4GB address space. The Java Heap base address is the
#     maximum limit for the native heap growth. Please use -XX:HeapBaseMinAddress
#     to set the Java Heap base and to place the Java Heap above 4GB virtual address.
# This output file may be truncated or incomplete.
#
#  Out of Memory Error (./src/hotspot/os/windows/os_windows.cpp:3386), pid=12844, tid=13124
#
# JRE version: OpenJDK Runtime Environment Microsoft-7208460 (11.0.18+10) (build 11.0.18+10-LTS)
# Java VM: OpenJDK 64-Bit Server VM Microsoft-7208460 (11.0.18+10-LTS, mixed mode, tiered, compressed oops, g1 gc, windows-amd64)
# No core dump will be written. Minidumps are not enabled by default on client versions of Windows
#

---------------  S U M M A R Y ------------

Command Line: -XX:MaxMetaspaceSize=512m --add-opens=java.base/java.util=ALL-UNNAMED --add-opens=java.base/java.lang=ALL-UNNAMED --add-opens=java.base/java.lang.invoke=ALL-UNNAMED --add-opens=java.base/java.util=ALL-UNNAMED --add-opens=java.prefs/java.util.prefs=ALL-UNNAMED --add-opens=java.prefs/java.util.prefs=ALL-UNNAMED --add-opens=java.base/java.nio.charset=ALL-UNNAMED --add-opens=java.base/java.net=ALL-UNNAMED --add-opens=java.base/java.util.concurrent.atomic=ALL-UNNAMED -Xmx2048m -Dfile.encoding=utf8 -Duser.country=US -Duser.language=en -Duser.variant org.gradle.launcher.daemon.bootstrap.GradleDaemon 7.5.1

Host: Intel(R) Core(TM) i7-7700HQ CPU @ 2.80GHz, 8 cores, 15G,  Windows 10 , 64 bit Build 19041 (10.0.19041.2913)
Time: Fri Jun  9 13:31:58 2023 SE Asia Standard Time elapsed time: 35.362310 seconds (0d 0h 0m 35s)

---------------  T H R E A D  ---------------

Current thread (0x0000015dae893800):  VMThread "VM Thread" [stack: 0x00000005d7b00000,0x00000005d7c00000] [id=13124]

Stack: [0x00000005d7b00000,0x00000005d7c00000]
[error occurred during error reporting (printing stack bounds), id 0xc0000005, EXCEPTION_ACCESS_VIOLATION (0xc0000005) at pc=0x0000015d9773112d]

Native frames: (J=compiled Java code, j=interpreted, Vv=VM code, C=native code)
V  [jvm.dll+0x62bf8a]
V  [jvm.dll+0x7b8fb9]
V  [jvm.dll+0x7ba6a8]
V  [jvm.dll+0x7bace5]
V  [jvm.dll+0x7bac9b]
V  [jvm.dll+0x62b317]
V  [jvm.dll+0x62ba28]
C  [ntdll.dll+0xa23df]
C  [ntdll.dll+0x514a4]
C  [ntdll.dll+0xa0f0e]
C  0x0000015d9773112d

VM_Operation (0x00000005d91f8c50): G1CollectForAllocation, mode: safepoint, requested by thread 0x0000015db0703000


---------------  P R O C E S S  ---------------

Threads class SMR info:
_java_thread_list=0x0000015db85791f0, length=139, elements={
0x0000015d8d7b0800, 0x0000015dae8ab800, 0x0000015dae89f800, 0x0000015daf122800,
0x0000015daf123800, 0x0000015daf127800, 0x0000015daf158000, 0x0000015daf15b000,
0x0000015daf160000, 0x0000015daf2d4800, 0x0000015db13b6000, 0x0000015db14f1800,
0x0000015db100a800, 0x0000015db1090000, 0x0000015db1678000, 0x0000015db1d7f800,
0x0000015db0703000, 0x0000015db12a9000, 0x0000015db2398800, 0x0000015db164d000,
0x0000015db1580800, 0x0000015db157b800, 0x0000015db157c000, 0x0000015db157d000,
0x0000015db1581000, 0x0000015db157e000, 0x0000015db157e800, 0x0000015db157f800,
0x0000015db1582000, 0x0000015db2a65800, 0x0000015db2a64800, 0x0000015db2a5f800,
0x0000015db2a66000, 0x0000015db2a63800, 0x0000015db2a61800, 0x0000015db2a63000,
0x0000015db2a67000, 0x0000015db2a68000, 0x0000015db2a62000, 0x0000015db2a6e800,
0x0000015db2a69800, 0x0000015db2a68800, 0x0000015db2a6c000, 0x0000015db2a6a800,
0x0000015db2a6c800, 0x0000015db2a6b000, 0x0000015db2a6d800, 0x0000015db4ef7800,
0x0000015db4ef4000, 0x0000015db4ef6800, 0x0000015db4ef6000, 0x0000015db4efa000,
0x0000015db4ef8000, 0x0000015db4ef9000, 0x0000015db4efa800, 0x0000015db4ef5000,
0x0000015db4f01000, 0x0000015db4efd000, 0x0000015db4f00800, 0x0000015db4efb800,
0x0000015db4efe000, 0x0000015db4eff800, 0x0000015db4f02000, 0x0000015db4efc800,
0x0000015db4f03000, 0x0000015db4efe800, 0x0000015db282c000, 0x0000015db2830800,
0x0000015db282d000, 0x0000015db2832800, 0x0000015db2833800, 0x0000015db282e000,
0x0000015db2831000, 0x0000015db2832000, 0x0000015db2834800, 0x0000015db282e800,
0x0000015db2835000, 0x0000015db282f800, 0x0000015db2839800, 0x0000015db2837800,
0x0000015db2836000, 0x0000015db2838800, 0x0000015db283a000, 0x0000015db283b000,
0x0000015db646f000, 0x0000015db646d800, 0x0000015db646e000, 0x0000015db6471800,
0x0000015db646f800, 0x0000015db6470800, 0x0000015db646b800, 0x0000015db6472000,
0x0000015db646c800, 0x0000015db6476000, 0x0000015db6473000, 0x0000015db6474000,
0x0000015db6474800, 0x0000015db6479800, 0x0000015db6477000, 0x0000015db6478000,
0x0000015db6478800, 0x0000015db647a800, 0x0000015db6475800, 0x0000015db4e0c000,
0x0000015db4e08000, 0x0000015db4e0c800, 0x0000015db4e08800, 0x0000015db4e09800,
0x0000015db4e07000, 0x0000015db4e0f000, 0x0000015db4e0a800, 0x0000015db4e0e800,
0x0000015db4e10000, 0x0000015db4e0d800, 0x0000015db4e11000, 0x0000015db4e0b000,
0x0000015db4e13800, 0x0000015db4e12800, 0x0000015db4e15000, 0x0000015db4e14000,
0x0000015db4e15800, 0x0000015db4e11800, 0x0000015db4f8e800, 0x0000015db4f8f800,
0x0000015db4f90800, 0x0000015db4f91000, 0x0000015db4f92000, 0x0000015db4f93000,
0x0000015db4f93800, 0x0000015db4f8e000, 0x0000015db4f99800, 0x0000015db4f98800,
0x0000015db4f97800, 0x0000015db4f96000, 0x0000015db4f9a000, 0x0000015db6c08000,
0x0000015db22cc000, 0x0000015db4f94800, 0x0000015db4f95000
}

Java Threads: ( => current thread )
  0x0000015d8d7b0800 JavaThread "main" [_thread_blocked, id=20908, stack(0x00000005d7500000,0x00000005d7600000)]
  0x0000015dae8ab800 JavaThread "Reference Handler" daemon [_thread_blocked, id=23376, stack(0x00000005d7c00000,0x00000005d7d00000)]
  0x0000015dae89f800 JavaThread "Finalizer" daemon [_thread_blocked, id=12964, stack(0x00000005d7d00000,0x00000005d7e00000)]
  0x0000015daf122800 JavaThread "Signal Dispatcher" daemon [_thread_blocked, id=21216, stack(0x00000005d7e00000,0x00000005d7f00000)]
  0x0000015daf123800 JavaThread "Attach Listener" daemon [_thread_blocked, id=12064, stack(0x00000005d7f00000,0x00000005d8000000)]
  0x0000015daf127800 JavaThread "Service Thread" daemon [_thread_blocked, id=11840, stack(0x00000005d8000000,0x00000005d8100000)]
  0x0000015daf158000 JavaThread "C2 CompilerThread0" daemon [_thread_in_native, id=16508, stack(0x00000005d8100000,0x00000005d8200000)]
  0x0000015daf15b000 JavaThread "C1 CompilerThread0" daemon [_thread_blocked, id=15848, stack(0x00000005d8200000,0x00000005d8300000)]
  0x0000015daf160000 JavaThread "Sweeper thread" daemon [_thread_blocked, id=268, stack(0x00000005d8300000,0x00000005d8400000)]
  0x0000015daf2d4800 JavaThread "Common-Cleaner" daemon [_thread_blocked, id=12148, stack(0x00000005d8400000,0x00000005d8500000)]
  0x0000015db13b6000 JavaThread "Daemon health stats" [_thread_blocked, id=19412, stack(0x00000005d8d00000,0x00000005d8e00000)]
  0x0000015db14f1800 JavaThread "Incoming local TCP Connector on port 52869" [_thread_in_native, id=8364, stack(0x00000005d8600000,0x00000005d8700000)]
  0x0000015db100a800 JavaThread "Daemon periodic checks" [_thread_blocked, id=6160, stack(0x00000005d8700000,0x00000005d8800000)]
  0x0000015db1090000 JavaThread "Daemon" [_thread_blocked, id=12732, stack(0x00000005d8e00000,0x00000005d8f00000)]
  0x0000015db1678000 JavaThread "Handler for socket connection from /127.0.0.1:52869 to /127.0.0.1:52870" [_thread_in_native, id=7968, stack(0x00000005d8f00000,0x00000005d9000000)]
  0x0000015db1d7f800 JavaThread "Cancel handler" [_thread_blocked, id=1144, stack(0x00000005d9000000,0x00000005d9100000)]
  0x0000015db0703000 JavaThread "Daemon worker" [_thread_blocked, id=14748, stack(0x00000005d9100000,0x00000005d9200000)]
  0x0000015db12a9000 JavaThread "Asynchronous log dispatcher for DefaultDaemonConnection: socket connection from /127.0.0.1:52869 to /127.0.0.1:52870" [_thread_blocked, id=3396, stack(0x00000005d9200000,0x00000005d9300000)]
  0x0000015db2398800 JavaThread "Stdin handler" [_thread_blocked, id=19052, stack(0x00000005d9300000,0x00000005d9400000)]
  0x0000015db164d000 JavaThread "Daemon client event forwarder" [_thread_blocked, id=8392, stack(0x00000005d9400000,0x00000005d9500000)]
  0x0000015db1580800 JavaThread "Cache worker for journal cache (C:\Users\Finner\.gradle\caches\journal-1)" [_thread_blocked, id=18664, stack(0x00000005d9500000,0x00000005d9600000)]
  0x0000015db157b800 JavaThread "File lock request listener" [_thread_in_native, id=11784, stack(0x00000005d9600000,0x00000005d9700000)]
  0x0000015db157c000 JavaThread "Cache worker for file hash cache (C:\Users\Finner\.gradle\caches\7.5.1\fileHashes)" [_thread_blocked, id=21308, stack(0x00000005d9a00000,0x00000005d9b00000)]
  0x0000015db157d000 JavaThread "File watcher server" daemon [_thread_in_native, id=7256, stack(0x00000005d9d00000,0x00000005d9e00000)]
  0x0000015db1581000 JavaThread "File watcher consumer" daemon [_thread_blocked, id=16188, stack(0x00000005d9e00000,0x00000005d9f00000)]
  0x0000015db157e000 JavaThread "jar transforms" [_thread_blocked, id=4056, stack(0x00000005d9f00000,0x00000005da000000)]
  0x0000015db157e800 JavaThread "jar transforms Thread 2" [_thread_blocked, id=3332, stack(0x00000005da000000,0x00000005da100000)]
  0x0000015db157f800 JavaThread "Cache worker for checksums cache (D:\Mobile-Projects\Finner\android\.gradle\7.5.1\checksums)" [_thread_blocked, id=21020, stack(0x00000005da100000,0x00000005da200000)]
  0x0000015db1582000 JavaThread "Cache worker for cache directory md-rule (C:\Users\Finner\.gradle\caches\7.5.1\md-rule)" [_thread_blocked, id=16828, stack(0x00000005da200000,0x00000005da300000)]
  0x0000015db2a65800 JavaThread "Cache worker for file content cache (C:\Users\Finner\.gradle\caches\7.5.1\fileContent)" [_thread_blocked, id=18220, stack(0x00000005da300000,0x00000005da400000)]
  0x0000015db2a64800 JavaThread "Cache worker for file hash cache (D:\Mobile-Projects\Finner\android\.gradle\7.5.1\fileHashes)" [_thread_blocked, id=12372, stack(0x00000005d9c00000,0x00000005d9d00000)]
  0x0000015db2a5f800 JavaThread "Cache worker for cache directory md-supplier (C:\Users\Finner\.gradle\caches\7.5.1\md-supplier)" [_thread_blocked, id=23544, stack(0x00000005da400000,0x00000005da500000)]
  0x0000015db2a66000 JavaThread "Cache worker for execution history cache (C:\Users\Finner\.gradle\caches\7.5.1\executionHistory)" [_thread_blocked, id=15236, stack(0x00000005da500000,0x00000005da600000)]
  0x0000015db2a63800 JavaThread "jar transforms Thread 3" [_thread_blocked, id=22304, stack(0x00000005da600000,0x00000005da700000)]
  0x0000015db2a61800 JavaThread "jar transforms Thread 4" [_thread_blocked, id=19256, stack(0x00000005da700000,0x00000005da800000)]
  0x0000015db2a63000 JavaThread "jar transforms Thread 5" [_thread_blocked, id=2004, stack(0x00000005da900000,0x00000005daa00000)]
  0x0000015db2a67000 JavaThread "jar transforms Thread 6" [_thread_blocked, id=19144, stack(0x00000005daa00000,0x00000005dab00000)]
  0x0000015db2a68000 JavaThread "jar transforms Thread 7" [_thread_blocked, id=15420, stack(0x00000005dab00000,0x00000005dac00000)]
  0x0000015db2a62000 JavaThread "jar transforms Thread 8" [_thread_blocked, id=19648, stack(0x00000005dac00000,0x00000005dad00000)]
  0x0000015db2a6e800 JavaThread "File lock release action executor" [_thread_blocked, id=16684, stack(0x00000005d9b00000,0x00000005d9c00000)]
  0x0000015db2a69800 JavaThread "Cache worker for kotlin-dsl (C:\Users\Finner\.gradle\caches\7.5.1\kotlin-dsl)" [_thread_blocked, id=7828, stack(0x00000005dae00000,0x00000005daf00000)]
  0x0000015db2a68800 JavaThread "Cache worker for dependencies-accessors (D:\Mobile-Projects\Finner\android\.gradle\7.5.1\dependencies-accessors)" [_thread_blocked, id=21140, stack(0x00000005daf00000,0x00000005db000000)]
  0x0000015db2a6c000 JavaThread "Cache worker for Build Output Cleanup Cache (D:\Mobile-Projects\Finner\android\.gradle\buildOutputCleanup)" [_thread_blocked, id=16996, stack(0x00000005db000000,0x00000005db100000)]
  0x0000015db2a6a800 JavaThread "Cache worker for Build Output Cleanup Cache (D:\Mobile-Projects\Finner\node_modules\react-native-gradle-plugin\.gradle\buildOutputCleanup)" [_thread_blocked, id=18800, stack(0x00000005db100000,0x00000005db200000)]
  0x0000015db2a6c800 JavaThread "Unconstrained build operations" [_thread_blocked, id=19992, stack(0x00000005db200000,0x00000005db300000)]
  0x0000015db2a6b000 JavaThread "Unconstrained build operations Thread 2" [_thread_blocked, id=22032, stack(0x00000005db300000,0x00000005db400000)]
  0x0000015db2a6d800 JavaThread "Unconstrained build operations Thread 3" [_thread_blocked, id=7720, stack(0x00000005db400000,0x00000005db500000)]
  0x0000015db4ef7800 JavaThread "Unconstrained build operations Thread 4" [_thread_blocked, id=22952, stack(0x00000005db500000,0x00000005db600000)]
  0x0000015db4ef4000 JavaThread "Unconstrained build operations Thread 5" [_thread_blocked, id=22176, stack(0x00000005db600000,0x00000005db700000)]
  0x0000015db4ef6800 JavaThread "Unconstrained build operations Thread 6" [_thread_blocked, id=21060, stack(0x00000005db700000,0x00000005db800000)]
  0x0000015db4ef6000 JavaThread "Unconstrained build operations Thread 7" [_thread_blocked, id=10492, stack(0x00000005db800000,0x00000005db900000)]
  0x0000015db4efa000 JavaThread "Unconstrained build operations Thread 8" [_thread_blocked, id=20332, stack(0x00000005db900000,0x00000005dba00000)]
  0x0000015db4ef8000 JavaThread "Unconstrained build operations Thread 9" [_thread_blocked, id=15856, stack(0x00000005dba00000,0x00000005dbb00000)]
  0x0000015db4ef9000 JavaThread "Unconstrained build operations Thread 10" [_thread_blocked, id=13620, stack(0x00000005dbb00000,0x00000005dbc00000)]
  0x0000015db4efa800 JavaThread "Unconstrained build operations Thread 11" [_thread_blocked, id=6564, stack(0x00000005dbc00000,0x00000005dbd00000)]
  0x0000015db4ef5000 JavaThread "Unconstrained build operations Thread 12" [_thread_blocked, id=22296, stack(0x00000005dbd00000,0x00000005dbe00000)]
  0x0000015db4f01000 JavaThread "Unconstrained build operations Thread 13" [_thread_blocked, id=13316, stack(0x00000005dbe00000,0x00000005dbf00000)]
  0x0000015db4efd000 JavaThread "Unconstrained build operations Thread 14" [_thread_blocked, id=8492, stack(0x00000005dbf00000,0x00000005dc000000)]
  0x0000015db4f00800 JavaThread "Unconstrained build operations Thread 15" [_thread_blocked, id=23508, stack(0x00000005dc000000,0x00000005dc100000)]
  0x0000015db4efb800 JavaThread "Unconstrained build operations Thread 16" [_thread_blocked, id=12664, stack(0x00000005dc100000,0x00000005dc200000)]
  0x0000015db4efe000 JavaThread "Unconstrained build operations Thread 17" [_thread_blocked, id=12620, stack(0x00000005dc200000,0x00000005dc300000)]
  0x0000015db4eff800 JavaThread "Unconstrained build operations Thread 18" [_thread_blocked, id=21672, stack(0x00000005dc300000,0x00000005dc400000)]
  0x0000015db4f02000 JavaThread "Unconstrained build operations Thread 19" [_thread_blocked, id=1152, stack(0x00000005dc400000,0x00000005dc500000)]
  0x0000015db4efc800 JavaThread "Unconstrained build operations Thread 20" [_thread_blocked, id=21944, stack(0x00000005dc500000,0x00000005dc600000)]
  0x0000015db4f03000 JavaThread "Unconstrained build operations Thread 21" [_thread_blocked, id=13560, stack(0x00000005dc600000,0x00000005dc700000)]
  0x0000015db4efe800 JavaThread "Unconstrained build operations Thread 22" [_thread_blocked, id=11072, stack(0x00000005dc700000,0x00000005dc800000)]
  0x0000015db282c000 JavaThread "Unconstrained build operations Thread 23" [_thread_blocked, id=21584, stack(0x00000005dc800000,0x00000005dc900000)]
  0x0000015db2830800 JavaThread "Unconstrained build operations Thread 24" [_thread_blocked, id=5144, stack(0x00000005dc900000,0x00000005dca00000)]
  0x0000015db282d000 JavaThread "Unconstrained build operations Thread 25" [_thread_blocked, id=18028, stack(0x00000005dca00000,0x00000005dcb00000)]
  0x0000015db2832800 JavaThread "Unconstrained build operations Thread 26" [_thread_blocked, id=19392, stack(0x00000005dcb00000,0x00000005dcc00000)]
  0x0000015db2833800 JavaThread "Unconstrained build operations Thread 27" [_thread_blocked, id=14776, stack(0x00000005dcc00000,0x00000005dcd00000)]
  0x0000015db282e000 JavaThread "Unconstrained build operations Thread 28" [_thread_blocked, id=2956, stack(0x00000005dcd00000,0x00000005dce00000)]
  0x0000015db2831000 JavaThread "Unconstrained build operations Thread 29" [_thread_blocked, id=2404, stack(0x00000005dce00000,0x00000005dcf00000)]
  0x0000015db2832000 JavaThread "Unconstrained build operations Thread 30" [_thread_blocked, id=4616, stack(0x00000005dcf00000,0x00000005dd000000)]
  0x0000015db2834800 JavaThread "Unconstrained build operations Thread 31" [_thread_blocked, id=21820, stack(0x00000005dd000000,0x00000005dd100000)]
  0x0000015db282e800 JavaThread "Unconstrained build operations Thread 32" [_thread_blocked, id=13932, stack(0x00000005dd100000,0x00000005dd200000)]
  0x0000015db2835000 JavaThread "Unconstrained build operations Thread 33" [_thread_blocked, id=16348, stack(0x00000005dd200000,0x00000005dd300000)]
  0x0000015db282f800 JavaThread "build event listener" [_thread_blocked, id=7160, stack(0x00000005dd300000,0x00000005dd400000)]
  0x0000015db2839800 JavaThread "Memory manager" [_thread_blocked, id=16616, stack(0x00000005dd400000,0x00000005dd500000)]
  0x0000015db2837800 JavaThread "included builds" [_thread_blocked, id=20304, stack(0x00000005dd500000,0x00000005dd600000)]
  0x0000015db2836000 JavaThread "Execution worker" [_thread_blocked, id=10808, stack(0x00000005dd600000,0x00000005dd700000)]
  0x0000015db2838800 JavaThread "Execution worker Thread 2" [_thread_blocked, id=11420, stack(0x00000005dd700000,0x00000005dd800000)]
  0x0000015db283a000 JavaThread "Execution worker Thread 3" [_thread_blocked, id=16104, stack(0x00000005dd800000,0x00000005dd900000)]
  0x0000015db283b000 JavaThread "Execution worker Thread 4" [_thread_blocked, id=1472, stack(0x00000005dd900000,0x00000005dda00000)]
  0x0000015db646f000 JavaThread "Execution worker Thread 5" [_thread_blocked, id=17616, stack(0x00000005dda00000,0x00000005ddb00000)]
  0x0000015db646d800 JavaThread "Execution worker Thread 6" [_thread_blocked, id=11452, stack(0x00000005ddb00000,0x00000005ddc00000)]
  0x0000015db646e000 JavaThread "Execution worker Thread 7" [_thread_blocked, id=21292, stack(0x00000005ddc00000,0x00000005ddd00000)]
  0x0000015db6471800 JavaThread "Cache worker for execution history cache (D:\Mobile-Projects\Finner\node_modules\react-native-gradle-plugin\.gradle\7.5.1\executionHistory)" [_thread_blocked, id=13464, stack(0x00000005ddd00000,0x00000005dde00000)]
  0x0000015db646f800 JavaThread "Unconstrained build operations Thread 34" [_thread_blocked, id=4548, stack(0x00000005dde00000,0x00000005ddf00000)]
  0x0000015db6470800 JavaThread "Unconstrained build operations Thread 35" [_thread_blocked, id=19836, stack(0x00000005ddf00000,0x00000005de000000)]
  0x0000015db646b800 JavaThread "Unconstrained build operations Thread 36" [_thread_blocked, id=17680, stack(0x00000005de000000,0x00000005de100000)]
  0x0000015db6472000 JavaThread "Unconstrained build operations Thread 37" [_thread_blocked, id=16952, stack(0x00000005de100000,0x00000005de200000)]
  0x0000015db646c800 JavaThread "Unconstrained build operations Thread 38" [_thread_blocked, id=6212, stack(0x00000005de200000,0x00000005de300000)]
  0x0000015db6476000 JavaThread "Unconstrained build operations Thread 39" [_thread_blocked, id=16192, stack(0x00000005de300000,0x00000005de400000)]
  0x0000015db6473000 JavaThread "Unconstrained build operations Thread 40" [_thread_blocked, id=18976, stack(0x00000005de400000,0x00000005de500000)]
  0x0000015db6474000 JavaThread "Unconstrained build operations Thread 41" [_thread_blocked, id=10776, stack(0x00000005de500000,0x00000005de600000)]
  0x0000015db6474800 JavaThread "Unconstrained build operations Thread 42" [_thread_blocked, id=18348, stack(0x00000005de600000,0x00000005de700000)]
  0x0000015db6479800 JavaThread "Unconstrained build operations Thread 43" [_thread_blocked, id=12392, stack(0x00000005de700000,0x00000005de800000)]
  0x0000015db6477000 JavaThread "Unconstrained build operations Thread 44" [_thread_blocked, id=2328, stack(0x00000005de800000,0x00000005de900000)]
  0x0000015db6478000 JavaThread "Unconstrained build operations Thread 45" [_thread_blocked, id=23296, stack(0x00000005de900000,0x00000005dea00000)]
  0x0000015db6478800 JavaThread "Unconstrained build operations Thread 46" [_thread_blocked, id=8540, stack(0x00000005dea00000,0x00000005deb00000)]
  0x0000015db647a800 JavaThread "Unconstrained build operations Thread 47" [_thread_blocked, id=21952, stack(0x00000005deb00000,0x00000005dec00000)]
  0x0000015db6475800 JavaThread "Unconstrained build operations Thread 48" [_thread_blocked, id=18816, stack(0x00000005dec00000,0x00000005ded00000)]
  0x0000015db4e0c000 JavaThread "Unconstrained build operations Thread 49" [_thread_blocked, id=17192, stack(0x00000005ded00000,0x00000005dee00000)]
  0x0000015db4e08000 JavaThread "Unconstrained build operations Thread 50" [_thread_blocked, id=20016, stack(0x00000005dee00000,0x00000005def00000)]
  0x0000015db4e0c800 JavaThread "Unconstrained build operations Thread 51" [_thread_blocked, id=8816, stack(0x00000005def00000,0x00000005df000000)]
  0x0000015db4e08800 JavaThread "Unconstrained build operations Thread 52" [_thread_blocked, id=3864, stack(0x00000005df000000,0x00000005df100000)]
  0x0000015db4e09800 JavaThread "Unconstrained build operations Thread 53" [_thread_blocked, id=5992, stack(0x00000005df100000,0x00000005df200000)]
  0x0000015db4e07000 JavaThread "Unconstrained build operations Thread 54" [_thread_blocked, id=8584, stack(0x00000005df200000,0x00000005df300000)]
  0x0000015db4e0f000 JavaThread "Unconstrained build operations Thread 55" [_thread_blocked, id=5068, stack(0x00000005df300000,0x00000005df400000)]
  0x0000015db4e0a800 JavaThread "Unconstrained build operations Thread 56" [_thread_blocked, id=15756, stack(0x00000005df400000,0x00000005df500000)]
  0x0000015db4e0e800 JavaThread "Unconstrained build operations Thread 57" [_thread_blocked, id=3368, stack(0x00000005df500000,0x00000005df600000)]
  0x0000015db4e10000 JavaThread "Unconstrained build operations Thread 58" [_thread_blocked, id=17896, stack(0x00000005df600000,0x00000005df700000)]
  0x0000015db4e0d800 JavaThread "Unconstrained build operations Thread 59" [_thread_blocked, id=16784, stack(0x00000005df700000,0x00000005df800000)]
  0x0000015db4e11000 JavaThread "Unconstrained build operations Thread 60" [_thread_blocked, id=8496, stack(0x00000005df800000,0x00000005df900000)]
  0x0000015db4e0b000 JavaThread "Unconstrained build operations Thread 61" [_thread_blocked, id=23256, stack(0x00000005df900000,0x00000005dfa00000)]
  0x0000015db4e13800 JavaThread "Unconstrained build operations Thread 62" [_thread_blocked, id=7532, stack(0x00000005dfa00000,0x00000005dfb00000)]
  0x0000015db4e12800 JavaThread "Unconstrained build operations Thread 63" [_thread_blocked, id=18768, stack(0x00000005dfb00000,0x00000005dfc00000)]
  0x0000015db4e15000 JavaThread "Unconstrained build operations Thread 64" [_thread_blocked, id=8600, stack(0x00000005dfc00000,0x00000005dfd00000)]
  0x0000015db4e14000 JavaThread "Unconstrained build operations Thread 65" [_thread_blocked, id=22204, stack(0x00000005dfd00000,0x00000005dfe00000)]
  0x0000015db4e15800 JavaThread "Unconstrained build operations Thread 66" [_thread_blocked, id=8900, stack(0x00000005dfe00000,0x00000005dff00000)]
  0x0000015db4e11800 JavaThread "Unconstrained build operations Thread 67" [_thread_blocked, id=22000, stack(0x00000005dff00000,0x00000005e0000000)]
  0x0000015db4f8e800 JavaThread "Unconstrained build operations Thread 68" [_thread_blocked, id=6060, stack(0x00000005e0000000,0x00000005e0100000)]
  0x0000015db4f8f800 JavaThread "Unconstrained build operations Thread 69" [_thread_blocked, id=7376, stack(0x00000005e0100000,0x00000005e0200000)]
  0x0000015db4f90800 JavaThread "Unconstrained build operations Thread 70" [_thread_blocked, id=19896, stack(0x00000005e0200000,0x00000005e0300000)]
  0x0000015db4f91000 JavaThread "Unconstrained build operations Thread 71" [_thread_blocked, id=15152, stack(0x00000005e0300000,0x00000005e0400000)]
  0x0000015db4f92000 JavaThread "Unconstrained build operations Thread 72" [_thread_blocked, id=8332, stack(0x00000005e0400000,0x00000005e0500000)]
  0x0000015db4f93000 JavaThread "Unconstrained build operations Thread 73" [_thread_blocked, id=8148, stack(0x00000005e0500000,0x00000005e0600000)]
  0x0000015db4f93800 JavaThread "Unconstrained build operations Thread 74" [_thread_blocked, id=23468, stack(0x00000005e0600000,0x00000005e0700000)]
  0x0000015db4f8e000 JavaThread "Unconstrained build operations Thread 75" [_thread_blocked, id=21636, stack(0x00000005e0700000,0x00000005e0800000)]
  0x0000015db4f99800 JavaThread "Unconstrained build operations Thread 76" [_thread_blocked, id=3492, stack(0x00000005e0800000,0x00000005e0900000)]
  0x0000015db4f98800 JavaThread "Unconstrained build operations Thread 77" [_thread_blocked, id=3884, stack(0x00000005e0900000,0x00000005e0a00000)]
  0x0000015db4f97800 JavaThread "Unconstrained build operations Thread 78" [_thread_blocked, id=7832, stack(0x00000005e0a00000,0x00000005e0b00000)]
  0x0000015db4f96000 JavaThread "Unconstrained build operations Thread 79" [_thread_blocked, id=17800, stack(0x00000005e0b00000,0x00000005e0c00000)]
  0x0000015db4f9a000 JavaThread "Unconstrained build operations Thread 80" [_thread_blocked, id=8004, stack(0x00000005e0c00000,0x00000005e0d00000)]
  0x0000015db6c08000 JavaThread "C2 CompilerThread1" daemon [_thread_blocked, id=1408, stack(0x00000005da800000,0x00000005da900000)]
  0x0000015db22cc000 JavaThread "C2 CompilerThread2" daemon [_thread_blocked, id=20504, stack(0x00000005dad00000,0x00000005dae00000)]
  0x0000015db4f94800 JavaThread "build event listener" [_thread_blocked, id=9740, stack(0x00000005e1000000,0x00000005e1100000)]
  0x0000015db4f95000 JavaThread "Cache worker for execution history cache (D:\Mobile-Projects\Finner\android\.gradle\7.5.1\executionHistory)" [_thread_blocked, id=15024, stack(0x00000005e1100000,0x00000005e1200000)]

Other Threads:
=>0x0000015dae893800 VMThread "VM Thread" [stack: 0x00000005d7b00000,0x00000005d7c00000] [id=13124]
  0x0000015daf2d0800 WatcherThread [stack: 0x00000005d8500000,0x00000005d8600000] [id=21056]
  0x0000015d8d7c8000 GCTaskThread "GC Thread#0" [stack: 0x00000005d7600000,0x00000005d7700000] [id=22576]
  0x0000015db0013800 GCTaskThread "GC Thread#1" [stack: 0x00000005d8800000,0x00000005d8900000] [id=13448]
  0x0000015db07d2000 GCTaskThread "GC Thread#2" [stack: 0x00000005d8900000,0x00000005d8a00000] [id=20820]
  0x0000015db01c2800 GCTaskThread "GC Thread#3" [stack: 0x00000005d8a00000,0x00000005d8b00000] [id=16084]
  0x0000015db05f6800 GCTaskThread "GC Thread#4" [stack: 0x00000005d8b00000,0x00000005d8c00000] [id=3488]
  0x0000015db0998000 GCTaskThread "GC Thread#5" [stack: 0x00000005d8c00000,0x00000005d8d00000] [id=19784]
  0x0000015dafb0e800 GCTaskThread "GC Thread#6" [stack: 0x00000005d9700000,0x00000005d9800000] [id=13216]
  0x0000015db1030800 GCTaskThread "GC Thread#7" [stack: 0x00000005d9800000,0x00000005d9900000] [id=14924]
  0x0000015d8d7fd800 ConcurrentGCThread "G1 Main Marker" [stack: 0x00000005d7700000,0x00000005d7800000] [id=12784]
  0x0000015d8d7fe800 ConcurrentGCThread "G1 Conc#0" [stack: 0x00000005d7800000,0x00000005d7900000] [id=14208]
  0x0000015db1d2c000 ConcurrentGCThread "G1 Conc#1" [stack: 0x00000005d9900000,0x00000005d9a00000] [id=18076]
  0x0000015dae72a800 ConcurrentGCThread "G1 Refine#0" [stack: 0x00000005d7900000,0x00000005d7a00000] [id=13072]
  0x0000015db10f6000 ConcurrentGCThread "G1 Refine#1" [stack: 0x00000005e0d00000,0x00000005e0e00000] [id=15648]
  0x0000015dae72b800 ConcurrentGCThread "G1 Young RemSet Sampling" [stack: 0x00000005d7a00000,0x00000005d7b00000] [id=8544]

Threads with active compile tasks:
C2 CompilerThread0    35395 13692       4       org.gradle.api.internal.artifacts.ivyservice.resolveengine.result.ResolvedVariantResultSerializer::write (150 bytes)
C2 CompilerThread1    35395 13889       4       org.gradle.internal.instantiation.generator.AbstractClassGenerator$ClassMetadata::getProperty (14 bytes)
C2 CompilerThread2    35395 13878       4       java.io.ObjectOutputStream::writeString (74 bytes)

VM state:at safepoint (normal execution)

VM Mutex/Monitor currently owned by a thread:  ([mutex/lock_event])
[0x0000015d8d7ae100] Threads_lock - owner thread: 0x0000015dae893800
[0x0000015d8d7ae220] Heap_lock - owner thread: 0x0000015db0703000

Heap address: 0x0000000080000000, size: 2048 MB, Compressed Oops mode: 32-bit
Narrow klass base: 0x0000000000000000, Narrow klass shift: 3
Compressed class space size: 528482304 Address: 0x0000000100000000

Heap:
 garbage-first heap   total 315392K, used 188156K [0x0000000080000000, 0x0000000100000000)
  region size 1024K, 1 young (1024K), 1 survivors (1024K)
 Metaspace       used 102208K, capacity 108038K, committed 108284K, reserved 610304K
  class space    used 13548K, capacity 15692K, committed 15692K, reserved 516096K
Heap Regions: E=young(eden), S=young(survivor), O=old, HS=humongous(starts), HC=humongous(continues), CS=collection set, F=free, A=archive, TAMS=top-at-mark-start (previous, next)
|   0|0x0000000080000000, 0x0000000080100000, 0x0000000080100000|100%| O|  |TAMS 0x0000000080100000, 0x0000000080000000| Complete 
|   1|0x0000000080100000, 0x0000000080200000, 0x0000000080200000|100%| O|  |TAMS 0x0000000080200000, 0x0000000080100000| Untracked 
|   2|0x0000000080200000, 0x0000000080300000, 0x0000000080300000|100%| O|  |TAMS 0x0000000080300000, 0x0000000080200000| Untracked 
|   3|0x0000000080300000, 0x0000000080400000, 0x0000000080400000|100%|HS|  |TAMS 0x0000000080400000, 0x0000000080300000| Complete 
|   4|0x0000000080400000, 0x0000000080500000, 0x0000000080500000|100%|HC|  |TAMS 0x0000000080500000, 0x0000000080400000| Complete 
|   5|0x0000000080500000, 0x0000000080600000, 0x0000000080600000|100%|HC|  |TAMS 0x0000000080600000, 0x0000000080500000| Complete 
|   6|0x0000000080600000, 0x0000000080700000, 0x0000000080700000|100%| O|  |TAMS 0x0000000080700000, 0x0000000080600000| Untracked 
|   7|0x0000000080700000, 0x0000000080800000, 0x0000000080800000|100%| O|  |TAMS 0x0000000080800000, 0x0000000080700000| Untracked 
|   8|0x0000000080800000, 0x0000000080900000, 0x0000000080900000|100%| O|  |TAMS 0x0000000080900000, 0x0000000080800000| Untracked 
|   9|0x0000000080900000, 0x0000000080a00000, 0x0000000080a00000|100%| O|  |TAMS 0x0000000080a00000, 0x0000000080900000| Untracked 
|  10|0x0000000080a00000, 0x0000000080b00000, 0x0000000080b00000|100%| O|  |TAMS 0x0000000080b00000, 0x0000000080a00000| Untracked 
|  11|0x0000000080b00000, 0x0000000080c00000, 0x0000000080c00000|100%| O|  |TAMS 0x0000000080c00000, 0x0000000080b00000| Untracked 
|  12|0x0000000080c00000, 0x0000000080d00000, 0x0000000080d00000|100%| O|  |TAMS 0x0000000080d00000, 0x0000000080c00000| Untracked 
|  13|0x0000000080d00000, 0x0000000080e00000, 0x0000000080e00000|100%| O|  |TAMS 0x0000000080e00000, 0x0000000080d00000| Untracked 
|  14|0x0000000080e00000, 0x0000000080f00000, 0x0000000080f00000|100%| O|  |TAMS 0x0000000080f00000, 0x0000000080e00000| Untracked 
|  15|0x0000000080f00000, 0x0000000081000000, 0x0000000081000000|100%| O|  |TAMS 0x0000000081000000, 0x0000000080f00000| Untracked 
|  16|0x0000000081000000, 0x0000000081100000, 0x0000000081100000|100%| O|  |TAMS 0x0000000081100000, 0x0000000081000000| Untracked 
|  17|0x0000000081100000, 0x0000000081200000, 0x0000000081200000|100%| O|  |TAMS 0x0000000081200000, 0x0000000081100000| Complete 
|  18|0x0000000081200000, 0x0000000081300000, 0x0000000081300000|100%|HS|  |TAMS 0x0000000081300000, 0x0000000081200000| Complete 
|  19|0x0000000081300000, 0x0000000081400000, 0x0000000081400000|100%| O|  |TAMS 0x0000000081400000, 0x0000000081300000| Untracked 
|  20|0x0000000081400000, 0x0000000081500000, 0x0000000081500000|100%| O|  |TAMS 0x0000000081500000, 0x0000000081400000| Untracked 
|  21|0x0000000081500000, 0x0000000081600000, 0x0000000081600000|100%| O|  |TAMS 0x0000000081600000, 0x0000000081500000| Complete 
|  22|0x0000000081600000, 0x0000000081700000, 0x0000000081700000|100%| O|  |TAMS 0x0000000081700000, 0x0000000081600000| Untracked 
|  23|0x0000000081700000, 0x0000000081800000, 0x0000000081800000|100%| O|  |TAMS 0x0000000081800000, 0x0000000081700000| Untracked 
|  24|0x0000000081800000, 0x0000000081900000, 0x0000000081900000|100%| O|  |TAMS 0x0000000081900000, 0x0000000081800000| Untracked 
|  25|0x0000000081900000, 0x0000000081a00000, 0x0000000081a00000|100%| O|  |TAMS 0x0000000081a00000, 0x0000000081900000| Untracked 
|  26|0x0000000081a00000, 0x0000000081b00000, 0x0000000081b00000|100%| O|  |TAMS 0x0000000081b00000, 0x0000000081a00000| Untracked 
|  27|0x0000000081b00000, 0x0000000081c00000, 0x0000000081c00000|100%| O|  |TAMS 0x0000000081c00000, 0x0000000081b00000| Untracked 
|  28|0x0000000081c00000, 0x0000000081d00000, 0x0000000081d00000|100%| O|  |TAMS 0x0000000081d00000, 0x0000000081c00000| Untracked 
|  29|0x0000000081d00000, 0x0000000081e00000, 0x0000000081e00000|100%| O|  |TAMS 0x0000000081e00000, 0x0000000081d00000| Untracked 
|  30|0x0000000081e00000, 0x0000000081f00000, 0x0000000081f00000|100%| O|  |TAMS 0x0000000081f00000, 0x0000000081e00000| Untracked 
|  31|0x0000000081f00000, 0x0000000082000000, 0x0000000082000000|100%| O|  |TAMS 0x0000000082000000, 0x0000000081f00000| Untracked 
|  32|0x0000000082000000, 0x0000000082100000, 0x0000000082100000|100%| O|  |TAMS 0x0000000082100000, 0x0000000082000000| Untracked 
|  33|0x0000000082100000, 0x0000000082200000, 0x0000000082200000|100%| O|  |TAMS 0x0000000082200000, 0x0000000082100000| Untracked 
|  34|0x0000000082200000, 0x0000000082300000, 0x0000000082300000|100%|HS|  |TAMS 0x0000000082300000, 0x0000000082200000| Complete 
|  35|0x0000000082300000, 0x0000000082400000, 0x0000000082400000|100%|HC|  |TAMS 0x0000000082400000, 0x0000000082300000| Complete 
|  36|0x0000000082400000, 0x0000000082500000, 0x0000000082500000|100%|HC|  |TAMS 0x0000000082500000, 0x0000000082400000| Complete 
|  37|0x0000000082500000, 0x0000000082600000, 0x0000000082600000|100%| O|  |TAMS 0x0000000082600000, 0x0000000082500000| Complete 
|  38|0x0000000082600000, 0x0000000082700000, 0x0000000082700000|100%| O|  |TAMS 0x0000000082700000, 0x0000000082600000| Complete 
|  39|0x0000000082700000, 0x0000000082800000, 0x0000000082800000|100%| O|  |TAMS 0x0000000082800000, 0x0000000082700000| Complete 
|  40|0x0000000082800000, 0x0000000082900000, 0x0000000082900000|100%| O|  |TAMS 0x0000000082900000, 0x0000000082800000| Untracked 
|  41|0x0000000082900000, 0x0000000082a00000, 0x0000000082a00000|100%| O|  |TAMS 0x0000000082a00000, 0x0000000082900000| Complete 
|  42|0x0000000082a00000, 0x0000000082b00000, 0x0000000082b00000|100%|HS|  |TAMS 0x0000000082b00000, 0x0000000082a00000| Complete 
|  43|0x0000000082b00000, 0x0000000082c00000, 0x0000000082c00000|100%|HS|  |TAMS 0x0000000082c00000, 0x0000000082b00000| Complete 
|  44|0x0000000082c00000, 0x0000000082d00000, 0x0000000082d00000|100%|HS|  |TAMS 0x0000000082d00000, 0x0000000082c00000| Complete 
|  45|0x0000000082d00000, 0x0000000082e00000, 0x0000000082e00000|100%|HS|  |TAMS 0x0000000082e00000, 0x0000000082d00000| Complete 
|  46|0x0000000082e00000, 0x0000000082f00000, 0x0000000082f00000|100%|HC|  |TAMS 0x0000000082f00000, 0x0000000082e00000| Complete 
|  47|0x0000000082f00000, 0x0000000083000000, 0x0000000083000000|100%|HC|  |TAMS 0x0000000083000000, 0x0000000082f00000| Complete 
|  48|0x0000000083000000, 0x0000000083100000, 0x0000000083100000|100%| O|  |TAMS 0x0000000083100000, 0x0000000083000000| Untracked 
|  49|0x0000000083100000, 0x0000000083200000, 0x0000000083200000|100%|HS|  |TAMS 0x0000000083200000, 0x0000000083100000| Complete 
|  50|0x0000000083200000, 0x0000000083300000, 0x0000000083300000|100%|HC|  |TAMS 0x0000000083300000, 0x0000000083200000| Complete 
|  51|0x0000000083300000, 0x0000000083400000, 0x0000000083400000|100%| O|  |TAMS 0x0000000083400000, 0x0000000083300000| Untracked 
|  52|0x0000000083400000, 0x0000000083500000, 0x0000000083500000|100%| O|  |TAMS 0x0000000083500000, 0x0000000083400000| Untracked 
|  53|0x0000000083500000, 0x0000000083600000, 0x0000000083600000|100%| O|  |TAMS 0x0000000083600000, 0x0000000083500000| Untracked 
|  54|0x0000000083600000, 0x0000000083700000, 0x0000000083700000|100%| O|  |TAMS 0x0000000083700000, 0x0000000083600000| Complete 
|  55|0x0000000083700000, 0x0000000083800000, 0x0000000083800000|100%| O|  |TAMS 0x0000000083800000, 0x0000000083700000| Untracked 
|  56|0x0000000083800000, 0x0000000083900000, 0x0000000083900000|100%| O|  |TAMS 0x0000000083900000, 0x0000000083800000| Untracked 
|  57|0x0000000083900000, 0x0000000083a00000, 0x0000000083a00000|100%| O|  |TAMS 0x0000000083a00000, 0x0000000083900000| Untracked 
|  58|0x0000000083a00000, 0x0000000083b00000, 0x0000000083b00000|100%| O|  |TAMS 0x0000000083b00000, 0x0000000083a00000| Untracked 
|  59|0x0000000083b00000, 0x0000000083c00000, 0x0000000083c00000|100%| O|  |TAMS 0x0000000083c00000, 0x0000000083b00000| Untracked 
|  60|0x0000000083c00000, 0x0000000083d00000, 0x0000000083d00000|100%| O|  |TAMS 0x0000000083d00000, 0x0000000083c00000| Untracked 
|  61|0x0000000083d00000, 0x0000000083e00000, 0x0000000083e00000|100%| O|  |TAMS 0x0000000083e00000, 0x0000000083d00000| Untracked 
|  62|0x0000000083e00000, 0x0000000083f00000, 0x0000000083f00000|100%| O|  |TAMS 0x0000000083f00000, 0x0000000083e00000| Untracked 
|  63|0x0000000083f00000, 0x0000000084000000, 0x0000000084000000|100%| O|  |TAMS 0x0000000084000000, 0x0000000083f00000| Untracked 
|  64|0x0000000084000000, 0x0000000084100000, 0x0000000084100000|100%| O|  |TAMS 0x0000000084100000, 0x0000000084000000| Untracked 
|  65|0x0000000084100000, 0x0000000084200000, 0x0000000084200000|100%| O|  |TAMS 0x0000000084200000, 0x0000000084100000| Complete 
|  66|0x0000000084200000, 0x0000000084300000, 0x0000000084300000|100%| O|  |TAMS 0x0000000084300000, 0x0000000084200000| Complete 
|  67|0x0000000084300000, 0x0000000084400000, 0x0000000084400000|100%| O|  |TAMS 0x0000000084400000, 0x0000000084300000| Untracked 
|  68|0x0000000084400000, 0x0000000084500000, 0x0000000084500000|100%| O|  |TAMS 0x0000000084500000, 0x0000000084400000| Untracked 
|  69|0x0000000084500000, 0x0000000084600000, 0x0000000084600000|100%| O|  |TAMS 0x0000000084600000, 0x0000000084500000| Untracked 
|  70|0x0000000084600000, 0x0000000084700000, 0x0000000084700000|100%| O|  |TAMS 0x0000000084700000, 0x0000000084600000| Untracked 
|  71|0x0000000084700000, 0x0000000084800000, 0x0000000084800000|100%| O|  |TAMS 0x0000000084800000, 0x0000000084700000| Untracked 
|  72|0x0000000084800000, 0x0000000084900000, 0x0000000084900000|100%| O|  |TAMS 0x0000000084900000, 0x0000000084800000| Untracked 
|  73|0x0000000084900000, 0x0000000084a00000, 0x0000000084a00000|100%| O|  |TAMS 0x0000000084a00000, 0x0000000084900000| Untracked 
|  74|0x0000000084a00000, 0x0000000084b00000, 0x0000000084b00000|100%| O|  |TAMS 0x0000000084b00000, 0x0000000084a00000| Untracked 
|  75|0x0000000084b00000, 0x0000000084c00000, 0x0000000084c00000|100%| O|  |TAMS 0x0000000084c00000, 0x0000000084b00000| Untracked 
|  76|0x0000000084c00000, 0x0000000084d00000, 0x0000000084d00000|100%| O|  |TAMS 0x0000000084d00000, 0x0000000084c00000| Untracked 
|  77|0x0000000084d00000, 0x0000000084e00000, 0x0000000084e00000|100%| O|  |TAMS 0x0000000084e00000, 0x0000000084d00000| Complete 
|  78|0x0000000084e00000, 0x0000000084f00000, 0x0000000084f00000|100%| O|  |TAMS 0x0000000084f00000, 0x0000000084e00000| Untracked 
|  79|0x0000000084f00000, 0x0000000085000000, 0x0000000085000000|100%| O|  |TAMS 0x0000000085000000, 0x0000000084f00000| Untracked 
|  80|0x0000000085000000, 0x0000000085100000, 0x0000000085100000|100%| O|  |TAMS 0x0000000085100000, 0x0000000085000000| Untracked 
|  81|0x0000000085100000, 0x0000000085200000, 0x0000000085200000|100%| O|  |TAMS 0x0000000085200000, 0x0000000085100000| Untracked 
|  82|0x0000000085200000, 0x0000000085300000, 0x0000000085300000|100%| O|  |TAMS 0x0000000085300000, 0x0000000085200000| Complete 
|  83|0x0000000085300000, 0x0000000085400000, 0x0000000085400000|100%| O|  |TAMS 0x0000000085400000, 0x0000000085300000| Complete 
|  84|0x0000000085400000, 0x0000000085500000, 0x0000000085500000|100%| O|  |TAMS 0x0000000085500000, 0x0000000085400000| Complete 
|  85|0x0000000085500000, 0x0000000085600000, 0x0000000085600000|100%| O|  |TAMS 0x0000000085600000, 0x0000000085500000| Complete 
|  86|0x0000000085600000, 0x0000000085700000, 0x0000000085700000|100%| O|  |TAMS 0x0000000085700000, 0x0000000085600000| Untracked 
|  87|0x0000000085700000, 0x0000000085800000, 0x0000000085800000|100%| O|  |TAMS 0x0000000085800000, 0x0000000085700000| Untracked 
|  88|0x0000000085800000, 0x0000000085900000, 0x0000000085900000|100%| O|  |TAMS 0x0000000085900000, 0x0000000085800000| Untracked 
|  89|0x0000000085900000, 0x0000000085a00000, 0x0000000085a00000|100%| O|  |TAMS 0x0000000085a00000, 0x0000000085900000| Untracked 
|  90|0x0000000085a00000, 0x0000000085b00000, 0x0000000085b00000|100%| O|  |TAMS 0x0000000085b00000, 0x0000000085a00000| Complete 
|  91|0x0000000085b00000, 0x0000000085c00000, 0x0000000085c00000|100%| O|  |TAMS 0x0000000085c00000, 0x0000000085b00000| Complete 
|  92|0x0000000085c00000, 0x0000000085d00000, 0x0000000085d00000|100%| O|  |TAMS 0x0000000085d00000, 0x0000000085c00000| Complete 
|  93|0x0000000085d00000, 0x0000000085e00000, 0x0000000085e00000|100%| O|  |TAMS 0x0000000085e00000, 0x0000000085d00000| Complete 
|  94|0x0000000085e00000, 0x0000000085f00000, 0x0000000085f00000|100%| O|  |TAMS 0x0000000085f00000, 0x0000000085e00000| Complete 
|  95|0x0000000085f00000, 0x0000000086000000, 0x0000000086000000|100%| O|  |TAMS 0x0000000086000000, 0x0000000085f00000| Untracked 
|  96|0x0000000086000000, 0x0000000086100000, 0x0000000086100000|100%| O|  |TAMS 0x0000000086100000, 0x0000000086000000| Untracked 
|  97|0x0000000086100000, 0x0000000086200000, 0x0000000086200000|100%| O|  |TAMS 0x0000000086200000, 0x0000000086100000| Untracked 
|  98|0x0000000086200000, 0x0000000086300000, 0x0000000086300000|100%| O|  |TAMS 0x0000000086300000, 0x0000000086200000| Complete 
|  99|0x0000000086300000, 0x0000000086400000, 0x0000000086400000|100%| O|  |TAMS 0x0000000086400000, 0x0000000086300000| Complete 
| 100|0x0000000086400000, 0x0000000086500000, 0x0000000086500000|100%| O|  |TAMS 0x0000000086500000, 0x0000000086400000| Untracked 
| 101|0x0000000086500000, 0x0000000086600000, 0x0000000086600000|100%| O|  |TAMS 0x0000000086600000, 0x0000000086500000| Untracked 
| 102|0x0000000086600000, 0x0000000086700000, 0x0000000086700000|100%| O|  |TAMS 0x0000000086700000, 0x0000000086600000| Untracked 
| 103|0x0000000086700000, 0x0000000086800000, 0x0000000086800000|100%| O|  |TAMS 0x0000000086800000, 0x0000000086700000| Untracked 
| 104|0x0000000086800000, 0x0000000086900000, 0x0000000086900000|100%| O|  |TAMS 0x0000000086900000, 0x0000000086800000| Untracked 
| 105|0x0000000086900000, 0x0000000086a00000, 0x0000000086a00000|100%| O|  |TAMS 0x0000000086a00000, 0x0000000086900000| Untracked 
| 106|0x0000000086a00000, 0x0000000086b00000, 0x0000000086b00000|100%| O|  |TAMS 0x0000000086b00000, 0x0000000086a00000| Untracked 
| 107|0x0000000086b00000, 0x0000000086c00000, 0x0000000086c00000|100%| O|  |TAMS 0x0000000086c00000, 0x0000000086b00000| Untracked 
| 108|0x0000000086c00000, 0x0000000086d00000, 0x0000000086d00000|100%| O|  |TAMS 0x0000000086d00000, 0x0000000086c00000| Untracked 
| 109|0x0000000086d00000, 0x0000000086e00000, 0x0000000086e00000|100%| O|  |TAMS 0x0000000086e00000, 0x0000000086d00000| Complete 
| 110|0x0000000086e00000, 0x0000000086f00000, 0x0000000086f00000|100%| O|  |TAMS 0x0000000086f00000, 0x0000000086e00000| Complete 
| 111|0x0000000086f00000, 0x0000000087000000, 0x0000000087000000|100%| O|  |TAMS 0x0000000087000000, 0x0000000086f00000| Untracked 
| 112|0x0000000087000000, 0x0000000087100000, 0x0000000087100000|100%| O|  |TAMS 0x0000000087100000, 0x0000000087000000| Untracked 
| 113|0x0000000087100000, 0x0000000087200000, 0x0000000087200000|100%| O|  |TAMS 0x0000000087200000, 0x0000000087100000| Untracked 
| 114|0x0000000087200000, 0x0000000087300000, 0x0000000087300000|100%| O|  |TAMS 0x0000000087300000, 0x0000000087200000| Complete 
| 115|0x0000000087300000, 0x0000000087400000, 0x0000000087400000|100%|HS|  |TAMS 0x0000000087400000, 0x0000000087300000| Complete 
| 116|0x0000000087400000, 0x0000000087500000, 0x0000000087500000|100%|HS|  |TAMS 0x0000000087500000, 0x0000000087400000| Complete 
| 117|0x0000000087500000, 0x0000000087600000, 0x0000000087600000|100%| O|  |TAMS 0x0000000087600000, 0x0000000087500000| Complete 
| 118|0x0000000087600000, 0x0000000087700000, 0x0000000087700000|100%| O|  |TAMS 0x0000000087700000, 0x0000000087600000| Complete 
| 119|0x0000000087700000, 0x0000000087800000, 0x0000000087800000|100%| O|  |TAMS 0x0000000087800000, 0x0000000087700000| Complete 
| 120|0x0000000087800000, 0x0000000087900000, 0x0000000087900000|100%| O|  |TAMS 0x0000000087900000, 0x0000000087800000| Untracked 
| 121|0x0000000087900000, 0x0000000087a00000, 0x0000000087a00000|100%| O|  |TAMS 0x0000000087a00000, 0x0000000087900000| Untracked 
| 122|0x0000000087a00000, 0x0000000087b00000, 0x0000000087b00000|100%| O|  |TAMS 0x0000000087b00000, 0x0000000087a00000| Complete 
| 123|0x0000000087b00000, 0x0000000087c00000, 0x0000000087c00000|100%| O|  |TAMS 0x0000000087b00000, 0x0000000087b00000| Untracked 
| 124|0x0000000087c00000, 0x0000000087d00000, 0x0000000087d00000|100%| O|  |TAMS 0x0000000087d00000, 0x0000000087c00000| Untracked 
| 125|0x0000000087d00000, 0x0000000087e00000, 0x0000000087e00000|100%| O|  |TAMS 0x0000000087e00000, 0x0000000087d00000| Complete 
| 126|0x0000000087e00000, 0x0000000087f00000, 0x0000000087f00000|100%| O|  |TAMS 0x0000000087f00000, 0x0000000087e00000| Complete 
| 127|0x0000000087f00000, 0x0000000088000000, 0x0000000088000000|100%| O|  |TAMS 0x0000000088000000, 0x0000000087f00000| Untracked 
| 128|0x0000000088000000, 0x0000000088100000, 0x0000000088100000|100%| O|  |TAMS 0x0000000088100000, 0x0000000088000000| Untracked 
| 129|0x0000000088100000, 0x0000000088200000, 0x0000000088200000|100%| O|  |TAMS 0x0000000088200000, 0x0000000088100000| Untracked 
| 130|0x0000000088200000, 0x0000000088300000, 0x0000000088300000|100%| O|  |TAMS 0x0000000088300000, 0x0000000088200000| Complete 
| 131|0x0000000088300000, 0x0000000088400000, 0x0000000088400000|100%| O|  |TAMS 0x0000000088400000, 0x0000000088300000| Untracked 
| 132|0x0000000088400000, 0x0000000088400000, 0x0000000088500000|  0%| F|  |TAMS 0x0000000088400000, 0x0000000088400000| Untracked 
| 133|0x0000000088500000, 0x0000000088500000, 0x0000000088600000|  0%| F|  |TAMS 0x0000000088500000, 0x0000000088500000| Untracked 
| 134|0x0000000088600000, 0x0000000088700000, 0x0000000088700000|100%|HS|  |TAMS 0x0000000088700000, 0x0000000088600000| Complete 
| 135|0x0000000088700000, 0x0000000088800000, 0x0000000088800000|100%|HS|  |TAMS 0x0000000088800000, 0x0000000088700000| Complete 
| 136|0x0000000088800000, 0x0000000088900000, 0x0000000088900000|100%| O|  |TAMS 0x0000000088900000, 0x0000000088800000| Untracked 
| 137|0x0000000088900000, 0x0000000088a00000, 0x0000000088a00000|100%| O|  |TAMS 0x0000000088a00000, 0x0000000088900000| Untracked 
| 138|0x0000000088a00000, 0x0000000088b00000, 0x0000000088b00000|100%| O|  |TAMS 0x0000000088b00000, 0x0000000088a00000| Untracked 
| 139|0x0000000088b00000, 0x0000000088c00000, 0x0000000088c00000|100%| O|  |TAMS 0x0000000088c00000, 0x0000000088b00000| Complete 
| 140|0x0000000088c00000, 0x0000000088d00000, 0x0000000088d00000|100%| O|  |TAMS 0x0000000088d00000, 0x0000000088c00000| Complete 
| 141|0x0000000088d00000, 0x0000000088e00000, 0x0000000088e00000|100%| O|  |TAMS 0x0000000088e00000, 0x0000000088d00000| Complete 
| 142|0x0000000088e00000, 0x0000000088f00000, 0x0000000088f00000|100%| O|  |TAMS 0x0000000088f00000, 0x0000000088e00000| Complete 
| 143|0x0000000088f00000, 0x0000000089000000, 0x0000000089000000|100%| O|  |TAMS 0x0000000089000000, 0x0000000088f00000| Complete 
| 144|0x0000000089000000, 0x0000000089100000, 0x0000000089100000|100%| O|  |TAMS 0x0000000089100000, 0x0000000089000000| Complete 
| 145|0x0000000089100000, 0x0000000089200000, 0x0000000089200000|100%| O|  |TAMS 0x0000000089200000, 0x0000000089100000| Untracked 
| 146|0x0000000089200000, 0x0000000089300000, 0x0000000089300000|100%| O|  |TAMS 0x0000000089300000, 0x0000000089200000| Untracked 
| 147|0x0000000089300000, 0x0000000089400000, 0x0000000089400000|100%| O|  |TAMS 0x0000000089400000, 0x0000000089300000| Untracked 
| 148|0x0000000089400000, 0x0000000089500000, 0x0000000089500000|100%| O|  |TAMS 0x0000000089500000, 0x0000000089400000| Untracked 
| 149|0x0000000089500000, 0x0000000089600000, 0x0000000089600000|100%| O|  |TAMS 0x0000000089600000, 0x0000000089500000| Complete 
| 150|0x0000000089600000, 0x0000000089700000, 0x0000000089700000|100%| O|  |TAMS 0x0000000089700000, 0x0000000089600000| Complete 
| 151|0x0000000089700000, 0x0000000089700000, 0x0000000089800000|  0%| F|  |TAMS 0x0000000089700000, 0x0000000089700000| Untracked 
| 152|0x0000000089800000, 0x0000000089900000, 0x0000000089900000|100%| O|  |TAMS 0x0000000089900000, 0x0000000089800000| Complete 
| 153|0x0000000089900000, 0x0000000089a00000, 0x0000000089a00000|100%|HS|  |TAMS 0x0000000089a00000, 0x0000000089900000| Complete 
| 154|0x0000000089a00000, 0x0000000089b00000, 0x0000000089b00000|100%| O|  |TAMS 0x0000000089b00000, 0x0000000089a00000| Complete 
| 155|0x0000000089b00000, 0x0000000089c00000, 0x0000000089c00000|100%| O|  |TAMS 0x0000000089c00000, 0x0000000089b00000| Untracked 
| 156|0x0000000089c00000, 0x0000000089d00000, 0x0000000089d00000|100%| O|  |TAMS 0x0000000089d00000, 0x0000000089c00000| Untracked 
| 157|0x0000000089d00000, 0x0000000089e00000, 0x0000000089e00000|100%| O|  |TAMS 0x0000000089e00000, 0x0000000089d00000| Complete 
| 158|0x0000000089e00000, 0x0000000089e00000, 0x0000000089f00000|  0%| F|  |TAMS 0x0000000089e00000, 0x0000000089e00000| Untracked 
| 159|0x0000000089f00000, 0x000000008a000000, 0x000000008a000000|100%| O|  |TAMS 0x000000008a000000, 0x0000000089f00000| Complete 
| 160|0x000000008a000000, 0x000000008a100000, 0x000000008a100000|100%| O|  |TAMS 0x000000008a100000, 0x000000008a000000| Untracked 
| 161|0x000000008a100000, 0x000000008a200000, 0x000000008a200000|100%| O|  |TAMS 0x000000008a200000, 0x000000008a100000| Untracked 
| 162|0x000000008a200000, 0x000000008a300000, 0x000000008a300000|100%| O|  |TAMS 0x000000008a300000, 0x000000008a200000| Untracked 
| 163|0x000000008a300000, 0x000000008a400000, 0x000000008a400000|100%| O|  |TAMS 0x000000008a400000, 0x000000008a300000| Complete 
| 164|0x000000008a400000, 0x000000008a400000, 0x000000008a500000|  0%| F|  |TAMS 0x000000008a400000, 0x000000008a400000| Untracked 
| 165|0x000000008a500000, 0x000000008a600000, 0x000000008a600000|100%|HS|  |TAMS 0x000000008a600000, 0x000000008a500000| Complete 
| 166|0x000000008a600000, 0x000000008a700000, 0x000000008a700000|100%| O|  |TAMS 0x000000008a700000, 0x000000008a600000| Untracked 
| 167|0x000000008a700000, 0x000000008a800000, 0x000000008a800000|100%| O|  |TAMS 0x000000008a800000, 0x000000008a700000| Untracked 
| 168|0x000000008a800000, 0x000000008a900000, 0x000000008a900000|100%| O|  |TAMS 0x000000008a900000, 0x000000008a800000| Untracked 
| 169|0x000000008a900000, 0x000000008aa00000, 0x000000008aa00000|100%| O|  |TAMS 0x000000008aa00000, 0x000000008a900000| Untracked 
| 170|0x000000008aa00000, 0x000000008ab00000, 0x000000008ab00000|100%| O|  |TAMS 0x000000008ab00000, 0x000000008aa00000| Untracked 
| 171|0x000000008ab00000, 0x000000008ac00000, 0x000000008ac00000|100%| O|  |TAMS 0x000000008ac00000, 0x000000008ab00000| Complete 
| 172|0x000000008ac00000, 0x000000008ad00000, 0x000000008ad00000|100%| O|  |TAMS 0x000000008ad00000, 0x000000008ac00000| Untracked 
| 173|0x000000008ad00000, 0x000000008ae00000, 0x000000008ae00000|100%| O|  |TAMS 0x000000008ae00000, 0x000000008ad00000| Untracked 
| 174|0x000000008ae00000, 0x000000008af00000, 0x000000008af00000|100%| O|  |TAMS 0x000000008af00000, 0x000000008ae00000| Untracked 
| 175|0x000000008af00000, 0x000000008b000000, 0x000000008b000000|100%| O|  |TAMS 0x000000008b000000, 0x000000008af00000| Untracked 
| 176|0x000000008b000000, 0x000000008b100000, 0x000000008b100000|100%| O|  |TAMS 0x000000008b000000, 0x000000008b000000| Untracked 
| 177|0x000000008b100000, 0x000000008b200000, 0x000000008b200000|100%| O|  |TAMS 0x000000008b100000, 0x000000008b100000| Untracked 
| 178|0x000000008b200000, 0x000000008b300000, 0x000000008b300000|100%| O|  |TAMS 0x000000008b200000, 0x000000008b200000| Untracked 
| 179|0x000000008b300000, 0x000000008b400000, 0x000000008b400000|100%| O|  |TAMS 0x000000008b300000, 0x000000008b300000| Untracked 
| 180|0x000000008b400000, 0x000000008b500000, 0x000000008b500000|100%| O|  |TAMS 0x000000008b400000, 0x000000008b400000| Untracked 
| 181|0x000000008b500000, 0x000000008b600000, 0x000000008b600000|100%| O|  |TAMS 0x000000008b500000, 0x000000008b500000| Untracked 
| 182|0x000000008b600000, 0x000000008b700000, 0x000000008b700000|100%| O|  |TAMS 0x000000008b600000, 0x000000008b600000| Untracked 
| 183|0x000000008b700000, 0x000000008b800000, 0x000000008b800000|100%| O|  |TAMS 0x000000008b700000, 0x000000008b700000| Untracked 
| 184|0x000000008b800000, 0x000000008b900000, 0x000000008b900000|100%| O|  |TAMS 0x000000008b800000, 0x000000008b800000| Untracked 
| 185|0x000000008b900000, 0x000000008ba00000, 0x000000008ba00000|100%| O|  |TAMS 0x000000008b900000, 0x000000008b900000| Untracked 
| 186|0x000000008ba00000, 0x000000008bb00000, 0x000000008bb00000|100%| O|  |TAMS 0x000000008ba00000, 0x000000008ba00000| Untracked 
| 187|0x000000008bb00000, 0x000000008bbcf400, 0x000000008bc00000| 80%| O|  |TAMS 0x000000008bb00000, 0x000000008bb00000| Untracked 
| 188|0x000000008bc00000, 0x000000008bc00000, 0x000000008bd00000|  0%| F|  |TAMS 0x000000008bc00000, 0x000000008bc00000| Untracked 
| 189|0x000000008bd00000, 0x000000008bd00000, 0x000000008be00000|  0%| F|  |TAMS 0x000000008bd00000, 0x000000008bd00000| Untracked 
| 190|0x000000008be00000, 0x000000008be00000, 0x000000008bf00000|  0%| F|  |TAMS 0x000000008be00000, 0x000000008be00000| Untracked 
| 191|0x000000008bf00000, 0x000000008bf00000, 0x000000008c000000|  0%| F|  |TAMS 0x000000008bf00000, 0x000000008bf00000| Untracked 
| 192|0x000000008c000000, 0x000000008c000000, 0x000000008c100000|  0%| F|  |TAMS 0x000000008c000000, 0x000000008c000000| Untracked 
| 193|0x000000008c100000, 0x000000008c100000, 0x000000008c200000|  0%| F|  |TAMS 0x000000008c100000, 0x000000008c100000| Untracked 
| 194|0x000000008c200000, 0x000000008c200000, 0x000000008c300000|  0%| F|  |TAMS 0x000000008c200000, 0x000000008c200000| Untracked 
| 195|0x000000008c300000, 0x000000008c300000, 0x000000008c400000|  0%| F|  |TAMS 0x000000008c300000, 0x000000008c300000| Untracked 
| 196|0x000000008c400000, 0x000000008c400000, 0x000000008c500000|  0%| F|  |TAMS 0x000000008c400000, 0x000000008c400000| Untracked 
| 197|0x000000008c500000, 0x000000008c500000, 0x000000008c600000|  0%| F|  |TAMS 0x000000008c500000, 0x000000008c500000| Untracked 
| 198|0x000000008c600000, 0x000000008c600000, 0x000000008c700000|  0%| F|  |TAMS 0x000000008c600000, 0x000000008c600000| Untracked 
| 199|0x000000008c700000, 0x000000008c700000, 0x000000008c800000|  0%| F|  |TAMS 0x000000008c700000, 0x000000008c700000| Untracked 
| 200|0x000000008c800000, 0x000000008c800000, 0x000000008c900000|  0%| F|  |TAMS 0x000000008c800000, 0x000000008c800000| Untracked 
| 201|0x000000008c900000, 0x000000008c900000, 0x000000008ca00000|  0%| F|  |TAMS 0x000000008c900000, 0x000000008c900000| Untracked 
| 202|0x000000008ca00000, 0x000000008ca00000, 0x000000008cb00000|  0%| F|  |TAMS 0x000000008ca00000, 0x000000008ca00000| Untracked 
| 203|0x000000008cb00000, 0x000000008cb00000, 0x000000008cc00000|  0%| F|  |TAMS 0x000000008cb00000, 0x000000008cb00000| Untracked 
| 204|0x000000008cc00000, 0x000000008cc00000, 0x000000008cd00000|  0%| F|  |TAMS 0x000000008cc00000, 0x000000008cc00000| Untracked 
| 205|0x000000008cd00000, 0x000000008cd00000, 0x000000008ce00000|  0%| F|  |TAMS 0x000000008cd00000, 0x000000008cd00000| Untracked 
| 206|0x000000008ce00000, 0x000000008ce00000, 0x000000008cf00000|  0%| F|  |TAMS 0x000000008ce00000, 0x000000008ce00000| Untracked 
| 207|0x000000008cf00000, 0x000000008cf00000, 0x000000008d000000|  0%| F|  |TAMS 0x000000008cf00000, 0x000000008cf00000| Untracked 
| 208|0x000000008d000000, 0x000000008d000000, 0x000000008d100000|  0%| F|  |TAMS 0x000000008d000000, 0x000000008d000000| Untracked 
| 209|0x000000008d100000, 0x000000008d100000, 0x000000008d200000|  0%| F|  |TAMS 0x000000008d100000, 0x000000008d100000| Untracked 
| 210|0x000000008d200000, 0x000000008d200000, 0x000000008d300000|  0%| F|  |TAMS 0x000000008d200000, 0x000000008d200000| Untracked 
| 211|0x000000008d300000, 0x000000008d300000, 0x000000008d400000|  0%| F|  |TAMS 0x000000008d300000, 0x000000008d300000| Untracked 
| 212|0x000000008d400000, 0x000000008d400000, 0x000000008d500000|  0%| F|  |TAMS 0x000000008d400000, 0x000000008d400000| Untracked 
| 213|0x000000008d500000, 0x000000008d500000, 0x000000008d600000|  0%| F|  |TAMS 0x000000008d500000, 0x000000008d500000| Untracked 
| 214|0x000000008d600000, 0x000000008d600000, 0x000000008d700000|  0%| F|  |TAMS 0x000000008d600000, 0x000000008d600000| Untracked 
| 215|0x000000008d700000, 0x000000008d700000, 0x000000008d800000|  0%| F|  |TAMS 0x000000008d700000, 0x000000008d700000| Untracked 
| 216|0x000000008d800000, 0x000000008d800000, 0x000000008d900000|  0%| F|  |TAMS 0x000000008d800000, 0x000000008d800000| Untracked 
| 217|0x000000008d900000, 0x000000008d900000, 0x000000008da00000|  0%| F|  |TAMS 0x000000008d900000, 0x000000008d900000| Untracked 
| 218|0x000000008da00000, 0x000000008da00000, 0x000000008db00000|  0%| F|  |TAMS 0x000000008da00000, 0x000000008da00000| Untracked 
| 219|0x000000008db00000, 0x000000008db00000, 0x000000008dc00000|  0%| F|  |TAMS 0x000000008db00000, 0x000000008db00000| Untracked 
| 220|0x000000008dc00000, 0x000000008dc00000, 0x000000008dd00000|  0%| F|  |TAMS 0x000000008dc00000, 0x000000008dc00000| Untracked 
| 221|0x000000008dd00000, 0x000000008dd00000, 0x000000008de00000|  0%| F|  |TAMS 0x000000008dd00000, 0x000000008dd00000| Untracked 
| 222|0x000000008de00000, 0x000000008de00000, 0x000000008df00000|  0%| F|  |TAMS 0x000000008de00000, 0x000000008de00000| Untracked 
| 223|0x000000008df00000, 0x000000008df00000, 0x000000008e000000|  0%| F|  |TAMS 0x000000008df00000, 0x000000008df00000| Untracked 
| 224|0x000000008e000000, 0x000000008e000000, 0x000000008e100000|  0%| F|  |TAMS 0x000000008e000000, 0x000000008e000000| Untracked 
| 225|0x000000008e100000, 0x000000008e100000, 0x000000008e200000|  0%| F|  |TAMS 0x000000008e100000, 0x000000008e100000| Untracked 
| 226|0x000000008e200000, 0x000000008e200000, 0x000000008e300000|  0%| F|  |TAMS 0x000000008e200000, 0x000000008e200000| Untracked 
| 227|0x000000008e300000, 0x000000008e300000, 0x000000008e400000|  0%| F|  |TAMS 0x000000008e300000, 0x000000008e300000| Untracked 
| 228|0x000000008e400000, 0x000000008e400000, 0x000000008e500000|  0%| F|  |TAMS 0x000000008e400000, 0x000000008e400000| Untracked 
| 229|0x000000008e500000, 0x000000008e500000, 0x000000008e600000|  0%| F|  |TAMS 0x000000008e500000, 0x000000008e500000| Untracked 
| 230|0x000000008e600000, 0x000000008e600000, 0x000000008e700000|  0%| F|  |TAMS 0x000000008e600000, 0x000000008e600000| Untracked 
| 231|0x000000008e700000, 0x000000008e700000, 0x000000008e800000|  0%| F|  |TAMS 0x000000008e700000, 0x000000008e700000| Untracked 
| 232|0x000000008e800000, 0x000000008e800000, 0x000000008e900000|  0%| F|  |TAMS 0x000000008e800000, 0x000000008e800000| Untracked 
| 233|0x000000008e900000, 0x000000008e900000, 0x000000008ea00000|  0%| F|  |TAMS 0x000000008e900000, 0x000000008e900000| Untracked 
| 234|0x000000008ea00000, 0x000000008ea00000, 0x000000008eb00000|  0%| F|  |TAMS 0x000000008ea00000, 0x000000008ea00000| Untracked 
| 235|0x000000008eb00000, 0x000000008eb00000, 0x000000008ec00000|  0%| F|  |TAMS 0x000000008eb00000, 0x000000008eb00000| Untracked 
| 236|0x000000008ec00000, 0x000000008ec00000, 0x000000008ed00000|  0%| F|  |TAMS 0x000000008ec00000, 0x000000008ec00000| Untracked 
| 237|0x000000008ed00000, 0x000000008ed00000, 0x000000008ee00000|  0%| F|  |TAMS 0x000000008ed00000, 0x000000008ed00000| Untracked 
| 238|0x000000008ee00000, 0x000000008ee00000, 0x000000008ef00000|  0%| F|  |TAMS 0x000000008ee00000, 0x000000008ee00000| Untracked 
| 239|0x000000008ef00000, 0x000000008ef00000, 0x000000008f000000|  0%| F|  |TAMS 0x000000008ef00000, 0x000000008ef00000| Untracked 
| 240|0x000000008f000000, 0x000000008f000000, 0x000000008f100000|  0%| F|  |TAMS 0x000000008f000000, 0x000000008f000000| Untracked 
| 241|0x000000008f100000, 0x000000008f100000, 0x000000008f200000|  0%| F|  |TAMS 0x000000008f100000, 0x000000008f100000| Untracked 
| 242|0x000000008f200000, 0x000000008f200000, 0x000000008f300000|  0%| F|  |TAMS 0x000000008f200000, 0x000000008f200000| Untracked 
| 243|0x000000008f300000, 0x000000008f300000, 0x000000008f400000|  0%| F|  |TAMS 0x000000008f300000, 0x000000008f300000| Untracked 
| 244|0x000000008f400000, 0x000000008f400000, 0x000000008f500000|  0%| F|  |TAMS 0x000000008f400000, 0x000000008f400000| Untracked 
| 245|0x000000008f500000, 0x000000008f5efd80, 0x000000008f600000| 93%| S|CS|TAMS 0x000000008f500000, 0x000000008f500000| Complete 
| 246|0x000000008f600000, 0x000000008f600000, 0x000000008f700000|  0%| F|  |TAMS 0x000000008f600000, 0x000000008f600000| Untracked 
| 247|0x000000008f700000, 0x000000008f700000, 0x000000008f800000|  0%| F|  |TAMS 0x000000008f700000, 0x000000008f700000| Untracked 
| 248|0x000000008f800000, 0x000000008f800000, 0x000000008f900000|  0%| F|  |TAMS 0x000000008f800000, 0x000000008f800000| Untracked 
| 249|0x000000008f900000, 0x000000008f900000, 0x000000008fa00000|  0%| F|  |TAMS 0x000000008f900000, 0x000000008f900000| Untracked 
| 250|0x000000008fa00000, 0x000000008fa00000, 0x000000008fb00000|  0%| F|  |TAMS 0x000000008fa00000, 0x000000008fa00000| Untracked 
| 251|0x000000008fb00000, 0x000000008fb00000, 0x000000008fc00000|  0%| F|  |TAMS 0x000000008fb00000, 0x000000008fb00000| Untracked 
| 252|0x000000008fc00000, 0x000000008fc00000, 0x000000008fd00000|  0%| F|  |TAMS 0x000000008fc00000, 0x000000008fc00000| Untracked 
| 253|0x000000008fd00000, 0x000000008fd00000, 0x000000008fe00000|  0%| F|  |TAMS 0x000000008fd00000, 0x000000008fd00000| Untracked 
| 254|0x000000008fe00000, 0x000000008fe00000, 0x000000008ff00000|  0%| F|  |TAMS 0x000000008fe00000, 0x000000008fe00000| Untracked 
| 255|0x000000008ff00000, 0x000000008ff00000, 0x0000000090000000|  0%| F|  |TAMS 0x000000008ff00000, 0x000000008ff00000| Untracked 

Card table byte_map: [0x0000015da7590000,0x0000015da7990000] _byte_map_base: 0x0000015da7190000

Marking Bits (Prev, Next): (CMBitMap*) 0x0000015d8d7f4e10, (CMBitMap*) 0x0000015d8d7f4dd8
 Prev Bits: [0x0000015da9d90000, 0x0000015dabd90000)
 Next Bits: [0x0000015da7d90000, 0x0000015da9d90000)

Polling page: 0x0000015d8d890000

Metaspace:

Usage:
  Non-class:     90.18 MB capacity,    86.58 MB ( 96%) used,     3.25 MB (  4%) free+waste,   355.31 KB ( <1%) overhead. 
      Class:     15.32 MB capacity,    13.23 MB ( 86%) used,     1.92 MB ( 13%) free+waste,   172.31 KB (  1%) overhead. 
       Both:    105.51 MB capacity,    99.81 MB ( 95%) used,     5.18 MB (  5%) free+waste,   527.63 KB ( <1%) overhead. 

Virtual space:
  Non-class space:       92.00 MB reserved,      90.42 MB ( 98%) committed 
      Class space:      504.00 MB reserved,      15.32 MB (  3%) committed 
             Both:      596.00 MB reserved,     105.75 MB ( 18%) committed 

Chunk freelists:
   Non-Class:  54.00 KB
       Class:  0 bytes
        Both:  54.00 KB

MaxMetaspaceSize: 512.00 MB
CompressedClassSpaceSize: 504.00 MB
Initial GC threshold: 20.80 MB
Current GC threshold: 173.95 MB
CDS: off

CodeHeap 'non-profiled nmethods': size=120000Kb used=10264Kb max_used=10264Kb free=109735Kb
 bounds [0x0000015d9f200000, 0x0000015d9fc10000, 0x0000015da6730000]
CodeHeap 'profiled nmethods': size=120000Kb used=31050Kb max_used=31050Kb free=88949Kb
 bounds [0x0000015d97cd0000, 0x0000015d99b30000, 0x0000015d9f200000]
CodeHeap 'non-nmethods': size=5760Kb used=2410Kb max_used=2459Kb free=3349Kb
 bounds [0x0000015d97730000, 0x0000015d979a0000, 0x0000015d97cd0000]
 total_blobs=14701 nmethods=13776 adapters=835
 compilation: enabled
              stopped_count=0, restarted_count=0
 full_count=0

Compilation events (20 events):
Event: 35.340 Thread 0x0000015daf15b000 13881       3       org.gradle.internal.instantiation.generator.AsmBackedClassGenerator$ClassBuilderImpl$5::<init> (32 bytes)
Event: 35.340 Thread 0x0000015daf15b000 nmethod 13881 0x0000015d99b1a190 code [0x0000015d99b1a3c0, 0x0000015d99b1ab78]
Event: 35.340 Thread 0x0000015daf15b000 13882       3       org.gradle.api.DefaultTask::getProject (5 bytes)
Event: 35.341 Thread 0x0000015db6c08000 nmethod 13876 0x0000015d9fc05010 code [0x0000015d9fc05240, 0x0000015d9fc05b20]
Event: 35.341 Thread 0x0000015daf15b000 nmethod 13882 0x0000015d99b1ae90 code [0x0000015d99b1b120, 0x0000015d99b1bc48]
Event: 35.341 Thread 0x0000015daf15b000 13884   !   3       java.util.concurrent.ConcurrentHashMap::computeIfAbsent (576 bytes)
Event: 35.344 Thread 0x0000015daf15b000 nmethod 13884 0x0000015d99b1c010 code [0x0000015d99b1c480, 0x0000015d99b1f0a8]
Event: 35.344 Thread 0x0000015db6c08000 13889       4       org.gradle.internal.instantiation.generator.AbstractClassGenerator$ClassMetadata::getProperty (14 bytes)
Event: 35.344 Thread 0x0000015daf15b000 13887       3       org.gradle.api.Task$Namer::determineName (9 bytes)
Event: 35.344 Thread 0x0000015daf15b000 nmethod 13887 0x0000015d99b20290 code [0x0000015d99b20460, 0x0000015d99b20788]
Event: 35.344 Thread 0x0000015daf15b000 13888       3       org.gradle.api.Task$Namer::determineName (7 bytes)
Event: 35.344 Thread 0x0000015daf15b000 nmethod 13888 0x0000015d99b20890 code [0x0000015d99b20a40, 0x0000015d99b20c08]
Event: 35.344 Thread 0x0000015daf15b000 13885       3       org.gradle.api.DefaultTask::getName (5 bytes)
Event: 35.344 Thread 0x0000015daf15b000 nmethod 13885 0x0000015d99b20d10 code [0x0000015d99b20ec0, 0x0000015d99b21018]
Event: 35.344 Thread 0x0000015daf15b000 13886       3       org.gradle.api.internal.AbstractTask::getName (8 bytes)
Event: 35.345 Thread 0x0000015daf15b000 nmethod 13886 0x0000015d99b21110 code [0x0000015d99b212c0, 0x0000015d99b213d8]
Event: 35.345 Thread 0x0000015daf15b000 13890       3       org.gradle.internal.instantiation.generator.AbstractClassGenerator$PropertyMetadata::addSetMethod (12 bytes)
Event: 35.345 Thread 0x0000015daf15b000 nmethod 13890 0x0000015d99b21490 code [0x0000015d99b21640, 0x0000015d99b21808]
Event: 35.345 Thread 0x0000015daf15b000 13883       3       org.gradle.api.internal.AbstractTask::getProject (9 bytes)
Event: 35.345 Thread 0x0000015daf15b000 nmethod 13883 0x0000015d99b21910 code [0x0000015d99b21ba0, 0x0000015d99b22668]

GC Heap History (20 events):
Event: 33.504 GC heap after
{Heap after GC invocations=25 (full 0):
 garbage-first heap   total 262144K, used 159860K [0x0000000080000000, 0x0000000100000000)
  region size 1024K, 4 young (4096K), 4 survivors (4096K)
 Metaspace       used 99474K, capacity 104377K, committed 104572K, reserved 606208K
  class space    used 13142K, capacity 14956K, committed 15052K, reserved 516096K
}
Event: 33.848 GC heap before
{Heap before GC invocations=26 (full 0):
 garbage-first heap   total 262144K, used 195700K [0x0000000080000000, 0x0000000100000000)
  region size 1024K, 39 young (39936K), 4 survivors (4096K)
 Metaspace       used 99794K, capacity 104793K, committed 104956K, reserved 606208K
  class space    used 13183K, capacity 15063K, committed 15180K, reserved 516096K
}
Event: 33.856 GC heap after
{Heap after GC invocations=27 (full 0):
 garbage-first heap   total 262144K, used 168270K [0x0000000080000000, 0x0000000100000000)
  region size 1024K, 5 young (5120K), 5 survivors (5120K)
 Metaspace       used 99794K, capacity 104793K, committed 104956K, reserved 606208K
  class space    used 13183K, capacity 15063K, committed 15180K, reserved 516096K
}
Event: 33.873 GC heap before
{Heap before GC invocations=27 (full 0):
 garbage-first heap   total 262144K, used 171342K [0x0000000080000000, 0x0000000100000000)
  region size 1024K, 9 young (9216K), 5 survivors (5120K)
 Metaspace       used 99859K, capacity 104928K, committed 105212K, reserved 606208K
  class space    used 13200K, capacity 15112K, committed 15180K, reserved 516096K
}
Event: 33.877 GC heap after
{Heap after GC invocations=28 (full 0):
 garbage-first heap   total 262144K, used 169169K [0x0000000080000000, 0x0000000100000000)
  region size 1024K, 1 young (1024K), 1 survivors (1024K)
 Metaspace       used 99859K, capacity 104928K, committed 105212K, reserved 606208K
  class space    used 13200K, capacity 15112K, committed 15180K, reserved 516096K
}
Event: 33.993 GC heap before
{Heap before GC invocations=28 (full 0):
 garbage-first heap   total 262144K, used 196817K [0x0000000080000000, 0x0000000100000000)
  region size 1024K, 27 young (27648K), 1 survivors (1024K)
 Metaspace       used 99941K, capacity 105168K, committed 105468K, reserved 608256K
  class space    used 13215K, capacity 15128K, committed 15180K, reserved 516096K
}
Event: 33.996 GC heap after
{Heap after GC invocations=29 (full 0):
 garbage-first heap   total 262144K, used 172873K [0x0000000080000000, 0x0000000100000000)
  region size 1024K, 4 young (4096K), 4 survivors (4096K)
 Metaspace       used 99941K, capacity 105168K, committed 105468K, reserved 608256K
  class space    used 13215K, capacity 15128K, committed 15180K, reserved 516096K
}
Event: 34.162 GC heap before
{Heap before GC invocations=29 (full 0):
 garbage-first heap   total 262144K, used 200521K [0x0000000080000000, 0x0000000100000000)
  region size 1024K, 31 young (31744K), 4 survivors (4096K)
 Metaspace       used 100286K, capacity 105781K, committed 105852K, reserved 608256K
  class space    used 13280K, capacity 15261K, committed 15308K, reserved 516096K
}
Event: 34.166 GC heap after
{Heap after GC invocations=30 (full 0):
 garbage-first heap   total 262144K, used 176365K [0x0000000080000000, 0x0000000100000000)
  region size 1024K, 3 young (3072K), 3 survivors (3072K)
 Metaspace       used 100286K, capacity 105781K, committed 105852K, reserved 608256K
  class space    used 13280K, capacity 15261K, committed 15308K, reserved 516096K
}
Event: 34.303 GC heap before
{Heap before GC invocations=31 (full 0):
 garbage-first heap   total 262144K, used 204013K [0x0000000080000000, 0x0000000100000000)
  region size 1024K, 31 young (31744K), 3 survivors (3072K)
 Metaspace       used 100394K, capacity 105937K, committed 106236K, reserved 608256K
  class space    used 13292K, capacity 15307K, committed 15436K, reserved 516096K
}
Event: 34.307 GC heap after
{Heap after GC invocations=32 (full 0):
 garbage-first heap   total 262144K, used 178215K [0x0000000080000000, 0x0000000100000000)
  region size 1024K, 2 young (2048K), 2 survivors (2048K)
 Metaspace       used 100394K, capacity 105937K, committed 106236K, reserved 608256K
  class space    used 13292K, capacity 15307K, committed 15436K, reserved 516096K
}
Event: 34.337 GC heap before
{Heap before GC invocations=32 (full 0):
 garbage-first heap   total 262144K, used 188455K [0x0000000080000000, 0x0000000100000000)
  region size 1024K, 12 young (12288K), 2 survivors (2048K)
 Metaspace       used 100494K, capacity 106093K, committed 106236K, reserved 608256K
  class space    used 13306K, capacity 15333K, committed 15436K, reserved 516096K
}
Event: 34.344 GC heap after
{Heap after GC invocations=33 (full 0):
 garbage-first heap   total 262144K, used 176849K [0x0000000080000000, 0x0000000100000000)
  region size 1024K, 2 young (2048K), 2 survivors (2048K)
 Metaspace       used 100494K, capacity 106093K, committed 106236K, reserved 608256K
  class space    used 13306K, capacity 15333K, committed 15436K, reserved 516096K
}
Event: 34.543 GC heap before
{Heap before GC invocations=33 (full 0):
 garbage-first heap   total 262144K, used 206545K [0x0000000080000000, 0x0000000100000000)
  region size 1024K, 32 young (32768K), 2 survivors (2048K)
 Metaspace       used 100728K, capacity 106424K, committed 106620K, reserved 608256K
  class space    used 13343K, capacity 15429K, committed 15564K, reserved 516096K
}
Event: 34.549 GC heap after
{Heap after GC invocations=34 (full 0):
 garbage-first heap   total 262144K, used 183296K [0x0000000080000000, 0x0000000100000000)
  region size 1024K, 4 young (4096K), 4 survivors (4096K)
 Metaspace       used 100728K, capacity 106424K, committed 106620K, reserved 608256K
  class space    used 13343K, capacity 15429K, committed 15564K, reserved 516096K
}
Event: 34.899 GC heap before
{Heap before GC invocations=34 (full 0):
 garbage-first heap   total 262144K, used 211968K [0x0000000080000000, 0x0000000100000000)
  region size 1024K, 32 young (32768K), 4 survivors (4096K)
 Metaspace       used 101210K, capacity 107025K, committed 107260K, reserved 608256K
  class space    used 13419K, capacity 15559K, committed 15692K, reserved 516096K
}
Event: 34.907 GC heap after
{Heap after GC invocations=35 (full 0):
 garbage-first heap   total 262144K, used 188834K [0x0000000080000000, 0x0000000100000000)
  region size 1024K, 4 young (4096K), 4 survivors (4096K)
 Metaspace       used 101210K, capacity 107025K, committed 107260K, reserved 608256K
  class space    used 13419K, capacity 15559K, committed 15692K, reserved 516096K
}
Event: 35.237 GC heap before
{Heap before GC invocations=36 (full 0):
 garbage-first heap   total 262144K, used 215458K [0x0000000080000000, 0x0000000100000000)
  region size 1024K, 31 young (31744K), 4 survivors (4096K)
 Metaspace       used 101824K, capacity 107662K, committed 107772K, reserved 608256K
  class space    used 13489K, capacity 15640K, committed 15692K, reserved 516096K
}
Event: 35.243 GC heap after
{Heap after GC invocations=37 (full 0):
 garbage-first heap   total 262144K, used 190978K [0x0000000080000000, 0x0000000100000000)
  region size 1024K, 2 young (2048K), 2 survivors (2048K)
 Metaspace       used 101824K, capacity 107662K, committed 107772K, reserved 608256K
  class space    used 13489K, capacity 15640K, committed 15692K, reserved 516096K
}
Event: 35.352 GC heap before
{Heap before GC invocations=37 (full 0):
 garbage-first heap   total 262144K, used 201218K [0x0000000080000000, 0x0000000100000000)
  region size 1024K, 12 young (12288K), 2 survivors (2048K)
 Metaspace       used 102208K, capacity 108038K, committed 108284K, reserved 610304K
  class space    used 13548K, capacity 15692K, committed 15692K, reserved 516096K
}

Deoptimization events (20 events):
Event: 35.171 Thread 0x0000015db0703000 Uncommon trap: trap_request=0xffffff7e fr.pc=0x0000015d9f93159c relative=0x000000000000075c
Event: 35.171 Thread 0x0000015db0703000 Uncommon trap: reason=predicate action=maybe_recompile pc=0x0000015d9f93159c method=java.util.TimSort.binarySort([Ljava/lang/Object;IIILjava/util/Comparator;)V @ 34 c2
Event: 35.171 Thread 0x0000015db0703000 DEOPT PACKING pc=0x0000015d9f93159c sp=0x00000005d91f90e0
Event: 35.171 Thread 0x0000015db0703000 DEOPT UNPACKING pc=0x0000015d9777a1af sp=0x00000005d91f90a0 mode 2
Event: 35.292 Thread 0x0000015db164d000 Uncommon trap: trap_request=0xffffff4d fr.pc=0x0000015d9f80d198 relative=0x0000000000001598
Event: 35.292 Thread 0x0000015db164d000 Uncommon trap: reason=unstable_if action=reinterpret pc=0x0000015d9f80d198 method=java.io.ObjectOutputStream.writeObject0(Ljava/lang/Object;Z)V @ 477 c2
Event: 35.293 Thread 0x0000015db164d000 DEOPT PACKING pc=0x0000015d9f80d198 sp=0x00000005d94fefa0
Event: 35.293 Thread 0x0000015db164d000 DEOPT UNPACKING pc=0x0000015d9777a1af sp=0x00000005d94fef60 mode 2
Event: 35.293 Thread 0x0000015db164d000 Uncommon trap: trap_request=0xffffff4d fr.pc=0x0000015d9f76cbd8 relative=0x0000000000006bf8
Event: 35.293 Thread 0x0000015db164d000 Uncommon trap: reason=unstable_if action=reinterpret pc=0x0000015d9f76cbd8 method=java.io.ObjectStreamClass.writeNonProxy(Ljava/io/ObjectOutputStream;)V @ 77 c2
Event: 35.293 Thread 0x0000015db164d000 DEOPT PACKING pc=0x0000015d9f76cbd8 sp=0x00000005d94fee20
Event: 35.293 Thread 0x0000015db164d000 DEOPT UNPACKING pc=0x0000015d9777a1af sp=0x00000005d94fecf8 mode 2
Event: 35.302 Thread 0x0000015db0703000 Uncommon trap: trap_request=0xffffff4d fr.pc=0x0000015d9f748aa8 relative=0x0000000000001848
Event: 35.302 Thread 0x0000015db0703000 Uncommon trap: reason=unstable_if action=reinterpret pc=0x0000015d9f748aa8 method=java.util.concurrent.ConcurrentHashMap.computeIfAbsent(Ljava/lang/Object;Ljava/util/function/Function;)Ljava/lang/Object; @ 364 c2
Event: 35.302 Thread 0x0000015db0703000 DEOPT PACKING pc=0x0000015d9f748aa8 sp=0x00000005d91fb230
Event: 35.302 Thread 0x0000015db0703000 DEOPT UNPACKING pc=0x0000015d9777a1af sp=0x00000005d91fb1a8 mode 2
Event: 35.342 Thread 0x0000015db0703000 Uncommon trap: trap_request=0xffffffc6 fr.pc=0x0000015d9fa215c8 relative=0x0000000000003488
Event: 35.342 Thread 0x0000015db0703000 Uncommon trap: reason=bimorphic_or_optimized_type_check action=maybe_recompile pc=0x0000015d9fa215c8 method=org.gradle.internal.ImmutableActionSet.add(Lorg/gradle/api/Action;)Lorg/gradle/internal/ImmutableActionSet; @ 62 c2
Event: 35.342 Thread 0x0000015db0703000 DEOPT PACKING pc=0x0000015d9fa215c8 sp=0x00000005d91fb450
Event: 35.342 Thread 0x0000015db0703000 DEOPT UNPACKING pc=0x0000015d9777a1af sp=0x00000005d91fb440 mode 2

Classes redefined (0 events):
No events

Internal exceptions (20 events):
Event: 34.564 Thread 0x0000015db0703000 Exception <a 'java/lang/ClassNotFoundException'{0x000000008fd2a8d0}: build_14h51prw0gqu0f2arjfkl5mwyCustomizer> (0x000000008fd2a8d0) thrown at [./src/hotspot/share/classfile/systemDictionary.cpp, line 230]
Event: 34.590 Thread 0x0000015db0703000 Exception <a 'java/lang/ClassNotFoundException'{0x000000008fdf2080}: build_14h51prw0gqu0f2arjfkl5mwyBeanInfo> (0x000000008fdf2080) thrown at [./src/hotspot/share/classfile/systemDictionary.cpp, line 230]
Event: 34.590 Thread 0x0000015db0703000 Exception <a 'java/lang/ClassNotFoundException'{0x000000008fdfe080}: build_14h51prw0gqu0f2arjfkl5mwyCustomizer> (0x000000008fdfe080) thrown at [./src/hotspot/share/classfile/systemDictionary.cpp, line 230]
Event: 34.608 Thread 0x0000015db0703000 Exception <a 'java/lang/ClassNotFoundException'{0x000000008fa6c2c8}: build_14h51prw0gqu0f2arjfkl5mwy$_run_closure1BeanInfo> (0x000000008fa6c2c8) thrown at [./src/hotspot/share/classfile/systemDictionary.cpp, line 230]
Event: 34.609 Thread 0x0000015db0703000 Exception <a 'java/lang/ClassNotFoundException'{0x000000008fa7dd48}: build_14h51prw0gqu0f2arjfkl5mwy$_run_closure1Customizer> (0x000000008fa7dd48) thrown at [./src/hotspot/share/classfile/systemDictionary.cpp, line 230]
Event: 34.676 Thread 0x0000015db0703000 Exception <a 'java/lang/ClassNotFoundException'{0x000000008f312ba0}: build_a4f36bjxwxbjri2cyec272dpyBeanInfo> (0x000000008f312ba0) thrown at [./src/hotspot/share/classfile/systemDictionary.cpp, line 230]
Event: 34.676 Thread 0x0000015db0703000 Exception <a 'java/lang/ClassNotFoundException'{0x000000008f31ec00}: build_a4f36bjxwxbjri2cyec272dpyCustomizer> (0x000000008f31ec00) thrown at [./src/hotspot/share/classfile/systemDictionary.cpp, line 230]
Event: 34.694 Thread 0x0000015db0703000 Exception <a 'java/lang/ClassNotFoundException'{0x000000008f3e8bc8}: build_a4f36bjxwxbjri2cyec272dpyBeanInfo> (0x000000008f3e8bc8) thrown at [./src/hotspot/share/classfile/systemDictionary.cpp, line 230]
Event: 34.694 Thread 0x0000015db0703000 Exception <a 'java/lang/ClassNotFoundException'{0x000000008f3f4bc8}: build_a4f36bjxwxbjri2cyec272dpyCustomizer> (0x000000008f3f4bc8) thrown at [./src/hotspot/share/classfile/systemDictionary.cpp, line 230]
Event: 34.723 Thread 0x0000015db0703000 Exception <a 'java/lang/ClassNotFoundException'{0x000000008f0912f8}: build_a4f36bjxwxbjri2cyec272dpy$_run_closure1BeanInfo> (0x000000008f0912f8) thrown at [./src/hotspot/share/classfile/systemDictionary.cpp, line 230]
Event: 34.723 Thread 0x0000015db0703000 Exception <a 'java/lang/ClassNotFoundException'{0x000000008f0a2d78}: build_a4f36bjxwxbjri2cyec272dpy$_run_closure1Customizer> (0x000000008f0a2d78) thrown at [./src/hotspot/share/classfile/systemDictionary.cpp, line 230]
Event: 34.767 Thread 0x0000015db0703000 Implicit null exception at 0x0000015d9f95b902 to 0x0000015d9f95d130
Event: 34.768 Thread 0x0000015db0703000 Implicit null exception at 0x0000015d9f913bdb to 0x0000015d9f913c68
Event: 34.926 Thread 0x0000015db0703000 Exception <a 'java/lang/NoSuchMethodError'{0x000000008ffa60c0}: 'java.lang.Object java.lang.invoke.DirectMethodHandle$Holder.invokeStatic(java.lang.Object, java.lang.Object, java.lang.Object, int, java.lang.Object)'> (0x000000008ffa60c0) thrown at [./src/hotspot/share/interpreter/linkResolver.cpp, line 773]
Event: 35.133 Thread 0x0000015db0703000 Exception <a 'java/lang/ClassNotFoundException'{0x000000008ee41c70}: org/gradle/api/tasks/util/internal/PatternSets$InternalPatternSetBeanInfo> (0x000000008ee41c70) thrown at [./src/hotspot/share/classfile/systemDictionary.cpp, line 230]
Event: 35.134 Thread 0x0000015db0703000 Exception <a 'java/lang/ClassNotFoundException'{0x000000008ee56078}: org/gradle/api/tasks/util/PatternSetBeanInfo> (0x000000008ee56078) thrown at [./src/hotspot/share/classfile/systemDictionary.cpp, line 230]
Event: 35.134 Thread 0x0000015db0703000 Exception <a 'java/lang/ClassNotFoundException'{0x000000008ee6a398}: org/gradle/api/tasks/util/PatternSetCustomizer> (0x000000008ee6a398) thrown at [./src/hotspot/share/classfile/systemDictionary.cpp, line 230]
Event: 35.136 Thread 0x0000015db0703000 Exception <a 'java/lang/ClassNotFoundException'{0x000000008eea6508}: org/gradle/api/tasks/util/internal/PatternSets$InternalPatternSetCustomizer> (0x000000008eea6508) thrown at [./src/hotspot/share/classfile/systemDictionary.cpp, line 230]
Event: 35.292 Thread 0x0000015db164d000 Exception <a 'java/lang/NoSuchMethodError'{0x000000008ff088b8}: <clinit>> (0x000000008ff088b8) thrown at [./src/hotspot/share/prims/jni.cpp, line 1367]
Event: 35.293 Thread 0x0000015db164d000 Exception <a 'java/lang/NoSuchMethodError'{0x000000008fb6cbd0}: <clinit>> (0x000000008fb6cbd0) thrown at [./src/hotspot/share/prims/jni.cpp, line 1367]

Events (20 events):
Event: 35.343 loading class org/gradle/api/tasks/diagnostics/internal/ReportRenderer done
Event: 35.343 loading class org/gradle/api/tasks/diagnostics/internal/ReportGenerator
Event: 35.343 loading class org/gradle/api/tasks/diagnostics/internal/ReportGenerator done
Event: 35.346 loading class org/gradle/api/tasks/diagnostics/internal/dependencies/AsciiDependencyReportRenderer
Event: 35.346 loading class org/gradle/api/tasks/diagnostics/internal/dependencies/AsciiDependencyReportRenderer done
Event: 35.346 loading class org/gradle/api/tasks/diagnostics/internal/TextReportRenderer
Event: 35.346 loading class org/gradle/api/tasks/diagnostics/internal/TextReportRenderer done
Event: 35.347 loading class org/gradle/api/tasks/diagnostics/internal/text/TextReportBuilder
Event: 35.347 loading class org/gradle/api/tasks/diagnostics/internal/text/TextReportBuilder done
Event: 35.348 loading class org/gradle/api/tasks/diagnostics/internal/graph/nodes/RenderableDependency
Event: 35.348 loading class org/gradle/api/tasks/diagnostics/internal/graph/nodes/RenderableDependency done
Event: 35.348 loading class org/gradle/api/tasks/diagnostics/internal/graph/NodeRenderer
Event: 35.348 loading class org/gradle/api/tasks/diagnostics/internal/graph/NodeRenderer done
Event: 35.348 loading class org/gradle/api/tasks/diagnostics/internal/dependencies/AsciiDependencyReportRenderer$ConfigurationAction
Event: 35.348 loading class org/gradle/api/tasks/diagnostics/internal/dependencies/AsciiDependencyReportRenderer$ConfigurationAction done
Event: 35.349 loading class org/gradle/api/internal/AbstractTask
Event: 35.349 loading class org/gradle/api/internal/AbstractTask done
Event: 35.350 loading class com/android/build/gradle/tasks/BundleAar$Companion
Event: 35.350 loading class com/android/build/gradle/tasks/BundleAar$Companion done
Event: 35.352 Executing VM operation: G1CollectForAllocation


Dynamic libraries:
0x00007ff7e5560000 - 0x00007ff7e556d000 	C:\Program Files\Microsoft\jdk-11.0.18.10-hotspot\bin\java.exe
0x00007ff98d270000 - 0x00007ff98d468000 	C:\Windows\SYSTEM32\ntdll.dll
0x00007ff98ce50000 - 0x00007ff98cf0f000 	C:\Windows\System32\KERNEL32.DLL
0x00007ff98aaa0000 - 0x00007ff98ad96000 	C:\Windows\System32\KERNELBASE.dll
0x00007ff98ada0000 - 0x00007ff98aea0000 	C:\Windows\System32\ucrtbase.dll
0x00007ff97d160000 - 0x00007ff97d177000 	C:\Program Files\Microsoft\jdk-11.0.18.10-hotspot\bin\jli.dll
0x00007ff97d180000 - 0x00007ff97d195000 	C:\Program Files\Microsoft\jdk-11.0.18.10-hotspot\bin\VCRUNTIME140.dll
0x00007ff98b3f0000 - 0x00007ff98b58d000 	C:\Windows\System32\USER32.dll
0x00007ff971820000 - 0x00007ff971aba000 	C:\Windows\WinSxS\amd64_microsoft.windows.common-controls_6595b64144ccf1df_6.0.19041.1110_none_60b5254171f9507e\COMCTL32.dll
0x00007ff98a9f0000 - 0x00007ff98aa12000 	C:\Windows\System32\win32u.dll
0x00007ff98b350000 - 0x00007ff98b3ee000 	C:\Windows\System32\msvcrt.dll
0x00007ff98d1a0000 - 0x00007ff98d1cc000 	C:\Windows\System32\GDI32.dll
0x00007ff98b1b0000 - 0x00007ff98b2c5000 	C:\Windows\System32\gdi32full.dll
0x00007ff98a950000 - 0x00007ff98a9ed000 	C:\Windows\System32\msvcp_win.dll
0x00007ff98c060000 - 0x00007ff98c090000 	C:\Windows\System32\IMM32.DLL
0x00007ff97d0c0000 - 0x00007ff97d15b000 	C:\Program Files\Microsoft\jdk-11.0.18.10-hotspot\bin\msvcp140.dll
0x00007ff914320000 - 0x00007ff914eb2000 	C:\Program Files\Microsoft\jdk-11.0.18.10-hotspot\bin\server\jvm.dll
0x00007ff98cf10000 - 0x00007ff98cfbf000 	C:\Windows\System32\ADVAPI32.dll
0x00007ff98c3a0000 - 0x00007ff98c43c000 	C:\Windows\System32\sechost.dll
0x00007ff98cc00000 - 0x00007ff98cd26000 	C:\Windows\System32\RPCRT4.dll
0x00007ff98c440000 - 0x00007ff98c448000 	C:\Windows\System32\PSAPI.DLL
0x00007ff95f630000 - 0x00007ff95f639000 	C:\Windows\SYSTEM32\WSOCK32.dll
0x00007ff989090000 - 0x00007ff98909a000 	C:\Windows\SYSTEM32\VERSION.dll
0x00007ff978cf0000 - 0x00007ff978d17000 	C:\Windows\SYSTEM32\WINMM.dll
0x00007ff98bff0000 - 0x00007ff98c05b000 	C:\Windows\System32\WS2_32.dll
0x00007ff9891a0000 - 0x00007ff9891b2000 	C:\Windows\SYSTEM32\kernel.appcore.dll
0x00007ff97d290000 - 0x00007ff97d2a0000 	C:\Program Files\Microsoft\jdk-11.0.18.10-hotspot\bin\verify.dll
0x00007ff987f80000 - 0x00007ff988164000 	C:\Windows\SYSTEM32\DBGHELP.DLL
0x00007ff982ac0000 - 0x00007ff982af4000 	C:\Windows\SYSTEM32\dbgcore.DLL
0x00007ff98b120000 - 0x00007ff98b1a2000 	C:\Windows\System32\bcryptPrimitives.dll
0x00007ff97d090000 - 0x00007ff97d0b8000 	C:\Program Files\Microsoft\jdk-11.0.18.10-hotspot\bin\java.dll
0x00007ff97d080000 - 0x00007ff97d08a000 	C:\Program Files\Microsoft\jdk-11.0.18.10-hotspot\bin\jimage.dll
0x00007ff948e20000 - 0x00007ff948e38000 	C:\Program Files\Microsoft\jdk-11.0.18.10-hotspot\bin\zip.dll
0x00007ff98c450000 - 0x00007ff98cb94000 	C:\Windows\System32\SHELL32.dll
0x00007ff9888f0000 - 0x00007ff989083000 	C:\Windows\SYSTEM32\windows.storage.dll
0x00007ff98b810000 - 0x00007ff98bb64000 	C:\Windows\System32\combase.dll
0x00007ff98a3b0000 - 0x00007ff98a3de000 	C:\Windows\SYSTEM32\Wldp.dll
0x00007ff98cfc0000 - 0x00007ff98d06d000 	C:\Windows\System32\SHCORE.dll
0x00007ff98b7b0000 - 0x00007ff98b805000 	C:\Windows\System32\shlwapi.dll
0x00007ff98a890000 - 0x00007ff98a8af000 	C:\Windows\SYSTEM32\profapi.dll
0x00007ff948990000 - 0x00007ff9489a9000 	C:\Program Files\Microsoft\jdk-11.0.18.10-hotspot\bin\net.dll
0x00007ff982f00000 - 0x00007ff98300a000 	C:\Windows\SYSTEM32\WINHTTP.dll
0x00007ff98a110000 - 0x00007ff98a17a000 	C:\Windows\system32\mswsock.dll
0x00007ff91c170000 - 0x00007ff91c183000 	C:\Program Files\Microsoft\jdk-11.0.18.10-hotspot\bin\nio.dll
0x00007ff91c190000 - 0x00007ff91c1b7000 	C:\Users\Finner\.gradle\native\e1d6ef7f7dcc3fd88c89a11ec53ec762bb8ba0a96d01ffa2cd45eb1d1d8dd5c5\windows-amd64\native-platform.dll
0x00007ff917b50000 - 0x00007ff917c94000 	C:\Users\Finner\.gradle\native\0d407fdbe67a94daf76414ababcb853783967236a71b16ec16e742cd7a986fd3\windows-amd64\native-platform-file-events.dll
0x00007ff95aab0000 - 0x00007ff95aab9000 	C:\Program Files\Microsoft\jdk-11.0.18.10-hotspot\bin\management.dll
0x00007ff95a8b0000 - 0x00007ff95a8bb000 	C:\Program Files\Microsoft\jdk-11.0.18.10-hotspot\bin\management_ext.dll
0x00007ff98a300000 - 0x00007ff98a318000 	C:\Windows\SYSTEM32\CRYPTSP.dll
0x00007ff9899c0000 - 0x00007ff9899f4000 	C:\Windows\system32\rsaenh.dll
0x00007ff98aa20000 - 0x00007ff98aa47000 	C:\Windows\System32\bcrypt.dll
0x00007ff98a850000 - 0x00007ff98a87e000 	C:\Windows\SYSTEM32\USERENV.dll
0x00007ff98a320000 - 0x00007ff98a32c000 	C:\Windows\SYSTEM32\CRYPTBASE.dll
0x00007ff989db0000 - 0x00007ff989dec000 	C:\Windows\SYSTEM32\IPHLPAPI.DLL
0x00007ff98b7a0000 - 0x00007ff98b7a8000 	C:\Windows\System32\NSI.dll
0x00007ff983fc0000 - 0x00007ff983fd7000 	C:\Windows\SYSTEM32\dhcpcsvc6.DLL
0x00007ff984370000 - 0x00007ff98438d000 	C:\Windows\SYSTEM32\dhcpcsvc.DLL
0x00007ff989e00000 - 0x00007ff989ecb000 	C:\Windows\SYSTEM32\DNSAPI.dll

dbghelp: loaded successfully - version: 4.0.5 - missing functions: none
symbol engine: initialized successfully - sym options: 0x614 - pdb path: .;C:\Program Files\Microsoft\jdk-11.0.18.10-hotspot\bin;C:\Windows\SYSTEM32;C:\Windows\WinSxS\amd64_microsoft.windows.common-controls_6595b64144ccf1df_6.0.19041.1110_none_60b5254171f9507e;C:\Program Files\Microsoft\jdk-11.0.18.10-hotspot\bin\server;C:\Users\Finner\.gradle\native\e1d6ef7f7dcc3fd88c89a11ec53ec762bb8ba0a96d01ffa2cd45eb1d1d8dd5c5\windows-amd64;C:\Users\Finner\.gradle\native\0d407fdbe67a94daf76414ababcb853783967236a71b16ec16e742cd7a986fd3\windows-amd64

VM Arguments:
jvm_args: -XX:MaxMetaspaceSize=512m --add-opens=java.base/java.util=ALL-UNNAMED --add-opens=java.base/java.lang=ALL-UNNAMED --add-opens=java.base/java.lang.invoke=ALL-UNNAMED --add-opens=java.base/java.util=ALL-UNNAMED --add-opens=java.prefs/java.util.prefs=ALL-UNNAMED --add-opens=java.prefs/java.util.prefs=ALL-UNNAMED --add-opens=java.base/java.nio.charset=ALL-UNNAMED --add-opens=java.base/java.net=ALL-UNNAMED --add-opens=java.base/java.util.concurrent.atomic=ALL-UNNAMED -Xmx2048m -Dfile.encoding=utf8 -Duser.country=US -Duser.language=en -Duser.variant 
java_command: org.gradle.launcher.daemon.bootstrap.GradleDaemon 7.5.1
java_class_path (initial): C:\Users\Finner\.gradle\wrapper\dists\gradle-7.5.1-all\1ehga6e77gqps5uk2kc5kf1vc\gradle-7.5.1\lib\gradle-launcher-7.5.1.jar
Launcher Type: SUN_STANDARD

[Global flags]
     intx CICompilerCount                          = 4                                         {product} {ergonomic}
   size_t CompressedClassSpaceSize                 = 528482304                                 {product} {ergonomic}
     uint ConcGCThreads                            = 2                                         {product} {ergonomic}
     uint G1ConcRefinementThreads                  = 8                                         {product} {ergonomic}
   size_t G1HeapRegionSize                         = 1048576                                   {product} {ergonomic}
    uintx GCDrainStackTargetSize                   = 64                                        {product} {ergonomic}
   size_t InitialHeapSize                          = 268435456                                 {product} {ergonomic}
   size_t MarkStackSize                            = 4194304                                   {product} {ergonomic}
   size_t MaxHeapSize                              = 2147483648                                {product} {command line}
   size_t MaxMetaspaceSize                         = 536870912                                 {product} {command line}
   size_t MaxNewSize                               = 1287651328                                {product} {ergonomic}
   size_t MinHeapDeltaBytes                        = 1048576                                   {product} {ergonomic}
    uintx NonNMethodCodeHeapSize                   = 5836300                                {pd product} {ergonomic}
    uintx NonProfiledCodeHeapSize                  = 122910970                              {pd product} {ergonomic}
    uintx ProfiledCodeHeapSize                     = 122910970                              {pd product} {ergonomic}
    uintx ReservedCodeCacheSize                    = 251658240                              {pd product} {ergonomic}
     bool SegmentedCodeCache                       = true                                      {product} {ergonomic}
     bool UseCompressedClassPointers               = true                                 {lp64_product} {ergonomic}
     bool UseCompressedOops                        = true                                 {lp64_product} {ergonomic}
     bool UseG1GC                                  = true                                      {product} {ergonomic}
     bool UseLargePagesIndividualAllocation        = false                                  {pd product} {ergonomic}

Logging:
Log output configuration:
 #0: stdout all=warning uptime,level,tags
 #1: stderr all=off uptime,level,tags

Environment Variables:
JAVA_HOME=C:\Program Files\Microsoft\jdk-11.0.18.10-hotspot\
PATH=C:\Program Files (x86)\Common Files\Intel\Shared Libraries\redist\intel64\compiler;C:\Program Files\Microsoft\jdk-11.0.18.10-hotspot\bin;C:\Python311\Scripts\;C:\Python311\;C:\Program Files (x86)\Intel\iCLS Client\;C:\Program Files\Intel\iCLS Client\;C:\Windows\system32;C:\Windows;C:\Windows\System32\Wbem;C:\Windows\System32\WindowsPowerShell\v1.0\;C:\Windows\System32\OpenSSH\;C:\Program Files (x86)\NVIDIA Corporation\PhysX\Common;C:\Program Files\NVIDIA Corporation\NVIDIA NvDLISR;C:\ProgramData\chocolatey\bin;C:\Program Files\Git\cmd;C:\Program Files\OpenJDK\openjdk-11.0.16_8\bin;c:\Program Files (x86)\Intel\Intel(R) Management Engine Components\DAL;c:\Program Files\Intel\Intel(R) Management Engine Components\DAL;c:\Program Files (x86)\Intel\Intel(R) Management Engine Components\IPT;c:\Program Files\Intel\Intel(R) Management Engine Components\IPT;C:\Program Files\nodejs\;C:\Program Files\PowerShell\7-preview\preview;C:\Program Files\PowerShell\7\;C:\Users\Finner\.amplify\bin;C:\Users\Finner\.amplify\bin;C:\Users\Finner\.amplify\bin;C:\Users\Finner\.amplify\bin;C:\Users\Finner\.amplify\bin;C:\Users\Finner\AppData\Local\Microsoft\WindowsApps;C:\Users\Finner\AppData\Local\Programs\Microsoft VS Code\bin;C:\Users\Finner\AppData\Local\Android\Sdk\platform-tools;C:\Users\Finner\AppData\Local\Programs\oh-my-posh\bin;C:\Users\Finner\AppData\Roaming\npm
USERNAME=Finner
OS=Windows_NT
PROCESSOR_IDENTIFIER=Intel64 Family 6 Model 158 Stepping 9, GenuineIntel
TMP=C:\Users\Finner\AppData\Local\Temp
TEMP=C:\Users\Finner\AppData\Local\Temp



---------------  S Y S T E M  ---------------

OS: Windows 10 , 64 bit Build 19041 (10.0.19041.2913)
OS uptime: 3 days 2:47 hours

CPU:total 8 (initial active 8) (4 cores per cpu, 2 threads per core) family 6 model 158 stepping 9 microcode 0xb4, cmov, cx8, fxsr, mmx, sse, sse2, sse3, ssse3, sse4.1, sse4.2, popcnt, avx, avx2, aes, clmul, erms, 3dnowpref, lzcnt, ht, tsc, tscinvbit, bmi1, bmi2, adx, fma

Memory: 4k page, system-wide physical 16276M (1432M free)
TotalPageFile size 19135M (AvailPageFile size 35M)
current process WorkingSet (physical memory assigned to process): 598M, peak: 601M
current process commit charge ("private bytes"): 652M, peak: 705M

vm_info: OpenJDK 64-Bit Server VM (11.0.18+10-LTS) for windows-amd64 JRE (11.0.18+10-LTS), built on Jan 18 2023 15:56:47 by "MicrosoftCorporation" with MS VC++ 15.9 (VS2017)

END.
