#
# There is insufficient memory for the Java Runtime Environment to continue.
# Native memory allocation (mmap) failed to map 65536 bytes for Failed to commit metaspace.
# Possible reasons:
#   The system is out of physical RAM or swap space
#   The process is running with CompressedOops enabled, and the Java Heap may be blocking the growth of the native heap
# Possible solutions:
#   Reduce memory load on the system
#   Increase physical memory or swap space
#   Check if swap backing store is full
#   Decrease Java heap size (-Xmx/-Xms)
#   Decrease number of Java threads
#   Decrease Java thread stack sizes (-Xss)
#   Set larger code cache with -XX:ReservedCodeCacheSize=
#   JVM is running with Unscaled Compressed Oops mode in which the Java heap is
#     placed in the first 4GB address space. The Java Heap base address is the
#     maximum limit for the native heap growth. Please use -XX:HeapBaseMinAddress
#     to set the Java Heap base and to place the Java Heap above 4GB virtual address.
# This output file may be truncated or incomplete.
#
#  Out of Memory Error (virtualSpaceNode.cpp:110), pid=13992, tid=13968
#
# JRE version: OpenJDK Runtime Environment Temurin-17.0.7+7 (17.0.7+7) (build 17.0.7+7)
# Java VM: OpenJDK 64-Bit Server VM Temurin-17.0.7+7 (17.0.7+7, mixed mode, tiered, compressed oops, compressed class ptrs, parallel gc, windows-amd64)
# No core dump will be written. Minidumps are not enabled by default on client versions of Windows
#

---------------  S U M M A R Y ------------

Command Line: --add-modules=ALL-SYSTEM --add-opens=java.base/java.util=ALL-UNNAMED --add-opens=java.base/java.lang=ALL-UNNAMED --add-opens=java.base/sun.nio.fs=ALL-UNNAMED -Declipse.application=org.eclipse.jdt.ls.core.id1 -Dosgi.bundles.defaultStartLevel=4 -Declipse.product=org.eclipse.jdt.ls.core.product -Djava.import.generatesMetadataFilesAtProjectRoot=false -Dfile.encoding=utf8 -XX:+UseParallelGC -XX:GCTimeRatio=4 -XX:AdaptiveSizePolicyWeight=90 -Dsun.zip.disableMemoryMapping=true -Xmx1G -Xms100m -Xlog:disable -javaagent:c:\Users\Finner\.vscode\extensions\redhat.java-1.19.0-win32-x64\lombok\lombok-1.18.28.jar -XX:+HeapDumpOnOutOfMemoryError -XX:HeapDumpPath=c:\Users\Finner\AppData\Roaming\Code\User\workspaceStorage\836b21f3d06bcecf2e8d4da322794a86\redhat.java -Daether.dependencyCollector.impl=bf c:\Users\Finner\.vscode\extensions\redhat.java-1.19.0-win32-x64\server\plugins\org.eclipse.equinox.launcher_1.6.400.v20210924-0641.jar -configuration c:\Users\Finner\AppData\Roaming\Code\User\globalStorage\redhat.java\1.19.0\config_win -data c:\Users\Finner\AppData\Roaming\Code\User\workspaceStorage\836b21f3d06bcecf2e8d4da322794a86\redhat.java\jdt_ws

Host: Intel(R) Core(TM) i7-7700HQ CPU @ 2.80GHz, 8 cores, 15G,  Windows 10 , 64 bit Build 19041 (10.0.19041.2913)
Time: Fri Jun  9 16:03:25 2023 SE Asia Standard Time elapsed time: 1.235116 seconds (0d 0h 0m 1s)

---------------  T H R E A D  ---------------

Current thread (0x000001de397afae0):  JavaThread "main" [_thread_in_vm, id=13968, stack(0x000000774f900000,0x000000774fa00000)]

Stack: [0x000000774f900000,0x000000774fa00000]
Native frames: (J=compiled Java code, j=interpreted, Vv=VM code, C=native code)
V  [jvm.dll+0x67754a]
V  [jvm.dll+0x834304]
V  [jvm.dll+0x835aae]
V  [jvm.dll+0x836113]
V  [jvm.dll+0x24696f]
V  [jvm.dll+0x83039b]
V  [jvm.dll+0x61c006]
V  [jvm.dll+0x1c169e]
V  [jvm.dll+0x61e961]
V  [jvm.dll+0x61c9a6]
V  [jvm.dll+0x626887]
V  [jvm.dll+0x1eb47b]
V  [jvm.dll+0x1eb9b5]
V  [jvm.dll+0x1ec3ef]
V  [jvm.dll+0x1e1891]
V  [jvm.dll+0x53ea50]
V  [jvm.dll+0x7afc28]
V  [jvm.dll+0x7afd14]
V  [jvm.dll+0x40de05]
V  [jvm.dll+0x413f58]
C  [java.dll+0x17ec]

Java frames: (J=compiled Java code, j=interpreted, Vv=VM code)
j  java.lang.ClassLoader.defineClass1(Ljava/lang/ClassLoader;Ljava/lang/String;[BIILjava/security/ProtectionDomain;Ljava/lang/String;)Ljava/lang/Class;+0 java.base@17.0.7
j  java.lang.ClassLoader.defineClass(Ljava/lang/String;[BIILjava/security/ProtectionDomain;)Ljava/lang/Class;+27 java.base@17.0.7
j  java.security.SecureClassLoader.defineClass(Ljava/lang/String;[BIILjava/security/CodeSource;)Ljava/lang/Class;+12 java.base@17.0.7
j  java.net.URLClassLoader.defineClass(Ljava/lang/String;Ljdk/internal/loader/Resource;)Ljava/lang/Class;+221 java.base@17.0.7
j  java.net.URLClassLoader$1.run()Ljava/lang/Class;+43 java.base@17.0.7
j  java.net.URLClassLoader$1.run()Ljava/lang/Object;+1 java.base@17.0.7
j  java.security.AccessController.executePrivileged(Ljava/security/PrivilegedExceptionAction;Ljava/security/AccessControlContext;Ljava/lang/Class;)Ljava/lang/Object;+29 java.base@17.0.7
j  java.security.AccessController.doPrivileged(Ljava/security/PrivilegedExceptionAction;Ljava/security/AccessControlContext;)Ljava/lang/Object;+13 java.base@17.0.7
j  java.net.URLClassLoader.findClass(Ljava/lang/String;)Ljava/lang/Class;+13 java.base@17.0.7
j  java.lang.ClassLoader.loadClass(Ljava/lang/String;Z)Ljava/lang/Class;+69 java.base@17.0.7
J 805 c1 java.lang.ClassLoader.loadClass(Ljava/lang/String;)Ljava/lang/Class; java.base@17.0.7 (7 bytes) @ 0x000001de3c58d9bc [0x000001de3c58d8c0+0x00000000000000fc]
v  ~StubRoutines::call_stub
j  org.eclipse.osgi.storage.Storage.loadGenerations(Ljava/io/DataInputStream;[Ljava/lang/String;)Ljava/util/Map;+608
j  org.eclipse.osgi.storage.Storage.<init>(Lorg/eclipse/osgi/internal/framework/EquinoxContainer;[Ljava/lang/String;)V+560
j  org.eclipse.osgi.storage.Storage.createStorage(Lorg/eclipse/osgi/internal/framework/EquinoxContainer;)Lorg/eclipse/osgi/storage/Storage;+11
j  org.eclipse.osgi.internal.framework.EquinoxContainer.<init>(Ljava/util/Map;Lorg/osgi/framework/connect/ModuleConnector;)V+145
j  org.eclipse.osgi.launch.Equinox.<init>(Ljava/util/Map;Lorg/osgi/framework/connect/ModuleConnector;)V+10
j  org.eclipse.osgi.launch.Equinox.<init>(Ljava/util/Map;)V+3
j  org.eclipse.core.runtime.adaptor.EclipseStarter.startup([Ljava/lang/String;Ljava/lang/Runnable;)Lorg/osgi/framework/BundleContext;+28
j  org.eclipse.core.runtime.adaptor.EclipseStarter.run([Ljava/lang/String;Ljava/lang/Runnable;)Ljava/lang/Object;+21
v  ~StubRoutines::call_stub
j  jdk.internal.reflect.NativeMethodAccessorImpl.invoke0(Ljava/lang/reflect/Method;Ljava/lang/Object;[Ljava/lang/Object;)Ljava/lang/Object;+0 java.base@17.0.7
j  jdk.internal.reflect.NativeMethodAccessorImpl.invoke(Ljava/lang/Object;[Ljava/lang/Object;)Ljava/lang/Object;+133 java.base@17.0.7
j  jdk.internal.reflect.DelegatingMethodAccessorImpl.invoke(Ljava/lang/Object;[Ljava/lang/Object;)Ljava/lang/Object;+6 java.base@17.0.7
j  java.lang.reflect.Method.invoke(Ljava/lang/Object;[Ljava/lang/Object;)Ljava/lang/Object;+59 java.base@17.0.7
j  org.eclipse.equinox.launcher.Main.invokeFramework([Ljava/lang/String;[Ljava/net/URL;)V+201
j  org.eclipse.equinox.launcher.Main.basicRun([Ljava/lang/String;)V+159
j  org.eclipse.equinox.launcher.Main.run([Ljava/lang/String;)I+4
j  org.eclipse.equinox.launcher.Main.main([Ljava/lang/String;)V+10
v  ~StubRoutines::call_stub

---------------  P R O C E S S  ---------------

Threads class SMR info:
_java_thread_list=0x000001de52c32a60, length=14, elements={
0x000001de397afae0, 0x000001de4d61ce70, 0x000001de4d6328d0, 0x000001de528c4280,
0x000001de528c50f0, 0x000001de528c5f60, 0x000001de528c9e90, 0x000001de528cb310,
0x000001de52909530, 0x000001de529417e0, 0x000001de52a02000, 0x000001de52bf7760,
0x000001de52c0f050, 0x000001de52c0f560
}

Java Threads: ( => current thread )
=>0x000001de397afae0 JavaThread "main" [_thread_in_vm, id=13968, stack(0x000000774f900000,0x000000774fa00000)]
  0x000001de4d61ce70 JavaThread "Reference Handler" daemon [_thread_blocked, id=2832, stack(0x000000774fc00000,0x000000774fd00000)]
  0x000001de4d6328d0 JavaThread "Finalizer" daemon [_thread_blocked, id=16092, stack(0x000000774fd00000,0x000000774fe00000)]
  0x000001de528c4280 JavaThread "Signal Dispatcher" daemon [_thread_blocked, id=14012, stack(0x000000774fe00000,0x000000774ff00000)]
  0x000001de528c50f0 JavaThread "Attach Listener" daemon [_thread_blocked, id=20276, stack(0x000000774ff00000,0x0000007750000000)]
  0x000001de528c5f60 JavaThread "Service Thread" daemon [_thread_blocked, id=12576, stack(0x0000007750000000,0x0000007750100000)]
  0x000001de528c9e90 JavaThread "Monitor Deflation Thread" daemon [_thread_blocked, id=12692, stack(0x0000007750100000,0x0000007750200000)]
  0x000001de528cb310 JavaThread "C2 CompilerThread0" daemon [_thread_blocked, id=11168, stack(0x0000007750200000,0x0000007750300000)]
  0x000001de52909530 JavaThread "C1 CompilerThread0" daemon [_thread_blocked, id=4048, stack(0x0000007750300000,0x0000007750400000)]
  0x000001de529417e0 JavaThread "Sweeper thread" daemon [_thread_blocked, id=1820, stack(0x0000007750400000,0x0000007750500000)]
  0x000001de52a02000 JavaThread "Common-Cleaner" daemon [_thread_blocked, id=12500, stack(0x0000007750500000,0x0000007750600000)]
  0x000001de52bf7760 JavaThread "Notification Thread" daemon [_thread_blocked, id=7236, stack(0x0000007750600000,0x0000007750700000)]
  0x000001de52c0f050 JavaThread "C2 CompilerThread1" daemon [_thread_blocked, id=11544, stack(0x0000007750800000,0x0000007750900000)]
  0x000001de52c0f560 JavaThread "C2 CompilerThread2" daemon [_thread_blocked, id=420, stack(0x0000007750900000,0x0000007750a00000)]

Other Threads:
  0x000001de528a0c20 VMThread "VM Thread" [stack: 0x000000774fb00000,0x000000774fc00000] [id=12608]
  0x000001de52bf7c30 WatcherThread [stack: 0x0000007750700000,0x0000007750800000] [id=10536]
  0x000001de397c4350 GCTaskThread "GC Thread#0" [stack: 0x000000774fa00000,0x000000774fb00000] [id=20352]

Threads with active compile tasks:

VM state: not at safepoint (normal execution)

VM Mutex/Monitor currently owned by a thread:  ([mutex/lock_event])
[0x000001de397a9d90] Metaspace_lock - owner thread: 0x000001de397afae0

Heap address: 0x00000000c0000000, size: 1024 MB, Compressed Oops mode: 32-bit

CDS archive(s) not mapped
Compressed class space mapped at: 0x0000000100000000-0x0000000140000000, reserved size: 1073741824
Narrow klass base: 0x0000000000000000, Narrow klass shift: 3, Narrow klass range: 0x140000000

GC Precious Log:
 CPUs: 8 total, 8 available
 Memory: 16276M
 Large Page Support: Disabled
 NUMA Support: Disabled
 Compressed Oops: Enabled (32-bit)
 Alignments: Space 512K, Generation 512K, Heap 2M
 Heap Min Capacity: 100M
 Heap Initial Capacity: 100M
 Heap Max Capacity: 1G
 Pre-touch: Disabled
 Parallel Workers: 8

Heap:
 PSYoungGen      total 29696K, used 25600K [0x00000000eab00000, 0x00000000ecc00000, 0x0000000100000000)
  eden space 25600K, 100% used [0x00000000eab00000,0x00000000ec400000,0x00000000ec400000)
  from space 4096K, 0% used [0x00000000ec800000,0x00000000ec800000,0x00000000ecc00000)
  to   space 4096K, 0% used [0x00000000ec400000,0x00000000ec400000,0x00000000ec800000)
 ParOldGen       total 68608K, used 0K [0x00000000c0000000, 0x00000000c4300000, 0x00000000eab00000)
  object space 68608K, 0% used [0x00000000c0000000,0x00000000c0000000,0x00000000c4300000)
 Metaspace       used 11175K, committed 11328K, reserved 1114112K
  class space    used 1120K, committed 1216K, reserved 1048576K

Card table byte_map: [0x000001de39160000,0x000001de39370000] _byte_map_base: 0x000001de38b60000

Marking Bits: (ParMarkBitMap*) 0x00007ffb857352c0
 Begin Bits: [0x000001de4b440000, 0x000001de4c440000)
 End Bits:   [0x000001de4c440000, 0x000001de4d440000)

Polling page: 0x000001de37710000

Metaspace:

Usage:
  Non-class:      9.82 MB used.
      Class:      1.09 MB used.
       Both:     10.91 MB used.

Virtual space:
  Non-class space:       64.00 MB reserved,       9.88 MB ( 15%) committed,  1 nodes.
      Class space:        1.00 GB reserved,       1.19 MB ( <1%) committed,  1 nodes.
             Both:        1.06 GB reserved,      11.06 MB (  1%) committed. 

Chunk freelists:
   Non-Class:  6.05 MB
       Class:  14.68 MB
        Both:  20.73 MB

MaxMetaspaceSize: unlimited
CompressedClassSpaceSize: 1.00 GB
Initial GC threshold: 21.00 MB
Current GC threshold: 21.00 MB
CDS: off
MetaspaceReclaimPolicy: balanced
 - commit_granule_bytes: 65536.
 - commit_granule_words: 8192.
 - virtual_space_node_default_size: 8388608.
 - enlarge_chunks_in_place: 1.
 - new_chunks_are_fully_committed: 0.
 - uncommit_free_chunks: 1.
 - use_allocation_guard: 0.
 - handle_deallocations: 1.


Internal statistics:

num_allocs_failed_limit: 0.
num_arena_births: 30.
num_arena_deaths: 0.
num_vsnodes_births: 2.
num_vsnodes_deaths: 0.
num_space_committed: 177.
num_space_uncommitted: 0.
num_chunks_returned_to_freelist: 0.
num_chunks_taken_from_freelist: 102.
num_chunk_merges: 0.
num_chunk_splits: 73.
num_chunks_enlarged: 63.
num_inconsistent_stats: 0.

CodeHeap 'non-profiled nmethods': size=120000Kb used=386Kb max_used=386Kb free=119614Kb
 bounds [0x000001de43f10000, 0x000001de44180000, 0x000001de4b440000]
CodeHeap 'profiled nmethods': size=120000Kb used=1651Kb max_used=1651Kb free=118348Kb
 bounds [0x000001de3c440000, 0x000001de3c6b0000, 0x000001de43970000]
CodeHeap 'non-nmethods': size=5760Kb used=1144Kb max_used=1166Kb free=4615Kb
 bounds [0x000001de43970000, 0x000001de43be0000, 0x000001de43f10000]
 total_blobs=1409 nmethods=974 adapters=350
 compilation: enabled
              stopped_count=0, restarted_count=0
 full_count=0

Compilation events (20 events):
Event: 1.207 Thread 0x000001de52909530  964       3       java.util.stream.AbstractPipeline::<init> (91 bytes)
Event: 1.207 Thread 0x000001de52909530 nmethod 964 0x000001de3c5d6810 code [0x000001de3c5d6a00, 0x000001de3c5d6fb8]
Event: 1.207 Thread 0x000001de52909530  966       3       sun.net.util.IPAddressUtil::scan (92 bytes)
Event: 1.208 Thread 0x000001de52909530 nmethod 966 0x000001de3c5d7210 code [0x000001de3c5d7480, 0x000001de3c5d7fb8]
Event: 1.210 Thread 0x000001de52909530  967   !   3       jdk.internal.loader.URLClassPath$JarLoader::ensureOpen (36 bytes)
Event: 1.210 Thread 0x000001de52909530 nmethod 967 0x000001de3c5d8590 code [0x000001de3c5d8760, 0x000001de3c5d8bd8]
Event: 1.217 Thread 0x000001de52909530  968       3       jdk.internal.loader.BuiltinClassLoader::findLoadedModule (33 bytes)
Event: 1.218 Thread 0x000001de52909530 nmethod 968 0x000001de3c5d8d90 code [0x000001de3c5d8fa0, 0x000001de3c5d95d8]
Event: 1.221 Thread 0x000001de52909530  969       3       java.lang.invoke.LambdaForm::forceInterpretation (14 bytes)
Event: 1.221 Thread 0x000001de52909530 nmethod 969 0x000001de3c5d9810 code [0x000001de3c5d99a0, 0x000001de3c5d9b18]
Event: 1.226 Thread 0x000001de52909530  970       3       java.lang.reflect.AccessibleObject::verifyAccess (55 bytes)
Event: 1.227 Thread 0x000001de52909530 nmethod 970 0x000001de3c5d9b90 code [0x000001de3c5d9de0, 0x000001de3c5da988]
Event: 1.227 Thread 0x000001de52909530  971       3       java.lang.reflect.AccessibleObject::isAccessChecked (25 bytes)
Event: 1.227 Thread 0x000001de52909530 nmethod 971 0x000001de3c5dac90 code [0x000001de3c5dae60, 0x000001de3c5db328]
Event: 1.231 Thread 0x000001de52909530  972   !   3       jdk.internal.loader.URLClassPath$JarLoader::getResource (65 bytes)
Event: 1.231 Thread 0x000001de52909530 nmethod 972 0x000001de3c5db490 code [0x000001de3c5db6e0, 0x000001de3c5dc0c8]
Event: 1.232 Thread 0x000001de52909530  973       3       java.io.FilterInputStream::<init> (10 bytes)
Event: 1.232 Thread 0x000001de52909530 nmethod 973 0x000001de3c5dc410 code [0x000001de3c5dc5c0, 0x000001de3c5dc7b8]
Event: 1.232 Thread 0x000001de52909530  974       3       java.net.URL::getDefaultPort (8 bytes)
Event: 1.232 Thread 0x000001de52909530 nmethod 974 0x000001de3c5dc890 code [0x000001de3c5dca20, 0x000001de3c5dcc18]

GC Heap History (0 events):
No events

Dll operation events (8 events):
Event: 0.010 Loaded shared library c:\Users\Finner\.vscode\extensions\redhat.java-1.19.0-win32-x64\jre\17.0.7-win32-x86_64\bin\java.dll
Event: 0.222 Loaded shared library c:\Users\Finner\.vscode\extensions\redhat.java-1.19.0-win32-x64\jre\17.0.7-win32-x86_64\bin\zip.dll
Event: 0.228 Loaded shared library C:\Users\Finner\.vscode\extensions\redhat.java-1.19.0-win32-x64\jre\17.0.7-win32-x86_64\bin\instrument.dll
Event: 0.245 Loaded shared library C:\Users\Finner\.vscode\extensions\redhat.java-1.19.0-win32-x64\jre\17.0.7-win32-x86_64\bin\net.dll
Event: 0.248 Loaded shared library C:\Users\Finner\.vscode\extensions\redhat.java-1.19.0-win32-x64\jre\17.0.7-win32-x86_64\bin\nio.dll
Event: 0.258 Loaded shared library C:\Users\Finner\.vscode\extensions\redhat.java-1.19.0-win32-x64\jre\17.0.7-win32-x86_64\bin\zip.dll
Event: 0.279 Loaded shared library C:\Users\Finner\.vscode\extensions\redhat.java-1.19.0-win32-x64\jre\17.0.7-win32-x86_64\bin\jimage.dll
Event: 0.355 Loaded shared library c:\Users\Finner\.vscode\extensions\redhat.java-1.19.0-win32-x64\jre\17.0.7-win32-x86_64\bin\verify.dll

Deoptimization events (20 events):
Event: 1.137 Thread 0x000001de397afae0 Uncommon trap: trap_request=0xffffffde fr.pc=0x000001de43f40c4c relative=0x000000000000056c
Event: 1.137 Thread 0x000001de397afae0 Uncommon trap: reason=class_check action=maybe_recompile pc=0x000001de43f40c4c method=java.util.Collections$UnmodifiableCollection$1.<init>(Ljava/util/Collections$UnmodifiableCollection;)V @ 17 c2
Event: 1.137 Thread 0x000001de397afae0 DEOPT PACKING pc=0x000001de43f40c4c sp=0x000000774f9fe340
Event: 1.137 Thread 0x000001de397afae0 DEOPT UNPACKING pc=0x000001de439c66a3 sp=0x000000774f9fe288 mode 2
Event: 1.137 Thread 0x000001de397afae0 Uncommon trap: trap_request=0xffffff45 fr.pc=0x000001de43f5f7fc relative=0x000000000000025c
Event: 1.138 Thread 0x000001de397afae0 Uncommon trap: reason=unstable_if action=reinterpret pc=0x000001de43f5f7fc method=java.util.HashMap.hash(Ljava/lang/Object;)I @ 1 c2
Event: 1.138 Thread 0x000001de397afae0 DEOPT PACKING pc=0x000001de43f5f7fc sp=0x000000774f9fe2f0
Event: 1.138 Thread 0x000001de397afae0 DEOPT UNPACKING pc=0x000001de439c66a3 sp=0x000000774f9fe188 mode 2
Event: 1.138 Thread 0x000001de397afae0 Uncommon trap: trap_request=0xffffff45 fr.pc=0x000001de43f502f4 relative=0x00000000000002b4
Event: 1.138 Thread 0x000001de397afae0 Uncommon trap: reason=unstable_if action=reinterpret pc=0x000001de43f502f4 method=java.util.HashMap.hash(Ljava/lang/Object;)I @ 1 c2
Event: 1.138 Thread 0x000001de397afae0 DEOPT PACKING pc=0x000001de43f502f4 sp=0x000000774f9fe380
Event: 1.138 Thread 0x000001de397afae0 DEOPT UNPACKING pc=0x000001de439c66a3 sp=0x000000774f9fe298 mode 2
Event: 1.138 Thread 0x000001de397afae0 Uncommon trap: trap_request=0xffffffde fr.pc=0x000001de43f40c4c relative=0x000000000000056c
Event: 1.138 Thread 0x000001de397afae0 Uncommon trap: reason=class_check action=maybe_recompile pc=0x000001de43f40c4c method=java.util.Collections$UnmodifiableCollection$1.<init>(Ljava/util/Collections$UnmodifiableCollection;)V @ 17 c2
Event: 1.138 Thread 0x000001de397afae0 DEOPT PACKING pc=0x000001de43f40c4c sp=0x000000774f9fe340
Event: 1.138 Thread 0x000001de397afae0 DEOPT UNPACKING pc=0x000001de439c66a3 sp=0x000000774f9fe288 mode 2
Event: 1.138 Thread 0x000001de397afae0 Uncommon trap: trap_request=0xffffff45 fr.pc=0x000001de43f4cc98 relative=0x0000000000000098
Event: 1.138 Thread 0x000001de397afae0 Uncommon trap: reason=unstable_if action=reinterpret pc=0x000001de43f4cc98 method=java.util.HashMap.hash(Ljava/lang/Object;)I @ 1 c2
Event: 1.138 Thread 0x000001de397afae0 DEOPT PACKING pc=0x000001de43f4cc98 sp=0x000000774f9fe1f0
Event: 1.138 Thread 0x000001de397afae0 DEOPT UNPACKING pc=0x000001de439c66a3 sp=0x000000774f9fe188 mode 2

Classes unloaded (0 events):
No events

Classes redefined (0 events):
No events

Internal exceptions (20 events):
Event: 0.780 Thread 0x000001de397afae0 Exception <a 'java/io/FileNotFoundException'{0x00000000eb7a4418}> (0x00000000eb7a4418) 
thrown [s\src\hotspot\share\prims\jni.cpp, line 516]
Event: 0.780 Thread 0x000001de397afae0 Exception <a 'java/io/FileNotFoundException'{0x00000000eb7a5128}> (0x00000000eb7a5128) 
thrown [s\src\hotspot\share\prims\jni.cpp, line 516]
Event: 0.780 Thread 0x000001de397afae0 Exception <a 'java/io/FileNotFoundException'{0x00000000eb7a5e18}> (0x00000000eb7a5e18) 
thrown [s\src\hotspot\share\prims\jni.cpp, line 516]
Event: 0.781 Thread 0x000001de397afae0 Exception <a 'java/io/FileNotFoundException'{0x00000000eb7a6ad8}> (0x00000000eb7a6ad8) 
thrown [s\src\hotspot\share\prims\jni.cpp, line 516]
Event: 0.790 Thread 0x000001de397afae0 Implicit null exception at 0x000001de43f343f2 to 0x000001de43f34940
Event: 0.796 Thread 0x000001de397afae0 Exception <a 'java/io/FileNotFoundException'{0x00000000eb7e0838}> (0x00000000eb7e0838) 
thrown [s\src\hotspot\share\prims\jni.cpp, line 516]
Event: 1.089 Thread 0x000001de397afae0 Exception <a 'java/lang/ClassNotFoundException'{0x00000000ec00a6e8}: sun/net/www/protocol/c/Handler> (0x00000000ec00a6e8) 
thrown [s\src\hotspot\share\classfile\systemDictionary.cpp, line 256]
Event: 1.089 Thread 0x000001de397afae0 Exception <a 'java/lang/ClassNotFoundException'{0x00000000ec00ba10}: sun/net/www/protocol/d/Handler> (0x00000000ec00ba10) 
thrown [s\src\hotspot\share\classfile\systemDictionary.cpp, line 256]
Event: 1.089 Thread 0x000001de397afae0 Exception <a 'java/lang/ClassNotFoundException'{0x00000000ec00cb60}: sun/net/www/protocol/c/Handler> (0x00000000ec00cb60) 
thrown [s\src\hotspot\share\classfile\systemDictionary.cpp, line 256]
Event: 1.099 Thread 0x000001de397afae0 Exception <a 'java/io/FileNotFoundException'{0x00000000ec033018}> (0x00000000ec033018) 
thrown [s\src\hotspot\share\prims\jni.cpp, line 516]
Event: 1.137 Thread 0x000001de397afae0 Implicit null exception at 0x000001de43f66700 to 0x000001de43f670dc
Event: 1.137 Thread 0x000001de397afae0 Implicit null exception at 0x000001de43f5f5ec to 0x000001de43f5f7e4
Event: 1.138 Thread 0x000001de397afae0 Implicit null exception at 0x000001de43f5008c to 0x000001de43f502d8
Event: 1.138 Thread 0x000001de397afae0 Implicit null exception at 0x000001de43f4cc0f to 0x000001de43f4cc89
Event: 1.194 Thread 0x000001de397afae0 Exception <a 'java/lang/NoSuchMethodError'{0x00000000ec2ff008}: 'int java.lang.invoke.DirectMethodHandle$Holder.invokeStaticInit(java.lang.Object, java.lang.Object, java.lang.Object, java.lang.Object)'> (0x00000000ec2ff008) 
thrown [s\src\hotspot\share\interpreter\linkResolver.cpp, line 759]
Event: 1.196 Thread 0x000001de397afae0 Exception <a 'java/lang/NoSuchMethodError'{0x00000000ec309678}: 'java.lang.Object java.lang.invoke.DirectMethodHandle$Holder.invokeInterface(java.lang.Object, java.lang.Object)'> (0x00000000ec309678) 
thrown [s\src\hotspot\share\interpreter\linkResolver.cpp, line 759]
Event: 1.196 Thread 0x000001de397afae0 Exception <a 'java/lang/IncompatibleClassChangeError'{0x00000000ec30ce70}: Found class java.lang.Object, but interface was expected> (0x00000000ec30ce70) 
thrown [s\src\hotspot\share\interpreter\linkResolver.cpp, line 826]
Event: 1.198 Thread 0x000001de397afae0 Exception <a 'java/lang/NoSuchMethodError'{0x00000000ec311368}: 'void java.lang.invoke.DirectMethodHandle$Holder.invokeStatic(java.lang.Object, java.lang.Object)'> (0x00000000ec311368) 
thrown [s\src\hotspot\share\interpreter\linkResolver.cpp, line 759]
Event: 1.199 Thread 0x000001de397afae0 Exception <a 'java/lang/NoSuchMethodError'{0x00000000ec314b68}: 'void java.lang.invoke.DirectMethodHandle$Holder.invokeStaticInit(java.lang.Object, java.lang.Object)'> (0x00000000ec314b68) 
thrown [s\src\hotspot\share\interpreter\linkResolver.cpp, line 759]
Event: 1.200 Thread 0x000001de397afae0 Exception <a 'java/lang/NoSuchMethodError'{0x00000000ec31c440}: 'int java.lang.invoke.DirectMethodHandle$Holder.invokeStaticInit(java.lang.Object, java.lang.Object)'> (0x00000000ec31c440) 
thrown [s\src\hotspot\share\interpreter\linkResolver.cpp, line 759]

VM Operations (12 events):
Event: 0.195 Executing VM operation: HandshakeAllThreads
Event: 0.195 Executing VM operation: HandshakeAllThreads done
Event: 0.301 Executing VM operation: HandshakeAllThreads
Event: 0.301 Executing VM operation: HandshakeAllThreads done
Event: 0.730 Executing VM operation: HandshakeAllThreads
Event: 0.730 Executing VM operation: HandshakeAllThreads done
Event: 0.761 Executing VM operation: HandshakeAllThreads
Event: 0.761 Executing VM operation: HandshakeAllThreads done
Event: 1.067 Executing VM operation: HandshakeAllThreads
Event: 1.067 Executing VM operation: HandshakeAllThreads done
Event: 1.067 Executing VM operation: Cleanup
Event: 1.067 Executing VM operation: Cleanup done

Events (20 events):
Event: 1.218 loading class sun/nio/ch/FileLockTable
Event: 1.218 loading class sun/nio/ch/FileLockTable done
Event: 1.218 loading class sun/nio/ch/FileKey
Event: 1.218 loading class sun/nio/ch/FileKey done
Event: 1.218 loading class sun/nio/ch/FileLockTable$FileLockReference
Event: 1.218 loading class sun/nio/ch/FileLockTable$FileLockReference done
Event: 1.220 loading class java/util/function/IntUnaryOperator
Event: 1.220 loading class java/util/function/IntUnaryOperator done
Event: 1.221 loading class java/io/DeleteOnExitHook
Event: 1.221 loading class java/io/DeleteOnExitHook done
Event: 1.222 loading class java/io/DeleteOnExitHook$1
Event: 1.222 loading class java/io/DeleteOnExitHook$1 done
Event: 1.222 loading class java/lang/Shutdown
Event: 1.222 loading class java/lang/Shutdown done
Event: 1.222 loading class java/lang/Shutdown$Lock
Event: 1.222 loading class java/lang/Shutdown$Lock done
Event: 1.223 loading class java/util/ComparableTimSort
Event: 1.223 loading class java/util/ComparableTimSort done
Event: 1.229 loading class java/io/DataInputStream
Event: 1.229 loading class java/io/DataInputStream done


Dynamic libraries:
0x00007ff7d09e0000 - 0x00007ff7d09ee000 	c:\Users\Finner\.vscode\extensions\redhat.java-1.19.0-win32-x64\jre\17.0.7-win32-x86_64\bin\java.exe
0x00007ffbcd290000 - 0x00007ffbcd488000 	C:\Windows\SYSTEM32\ntdll.dll
0x00007ffbcb790000 - 0x00007ffbcb84f000 	C:\Windows\System32\KERNEL32.DLL
0x00007ffbcaa70000 - 0x00007ffbcad66000 	C:\Windows\System32\KERNELBASE.dll
0x00007ffbca970000 - 0x00007ffbcaa70000 	C:\Windows\System32\ucrtbase.dll
0x00007ffbc4fd0000 - 0x00007ffbc4fe9000 	c:\Users\Finner\.vscode\extensions\redhat.java-1.19.0-win32-x64\jre\17.0.7-win32-x86_64\bin\VCRUNTIME140.dll
0x00007ffbc52f0000 - 0x00007ffbc5307000 	c:\Users\Finner\.vscode\extensions\redhat.java-1.19.0-win32-x64\jre\17.0.7-win32-x86_64\bin\jli.dll
0x00007ffbcc930000 - 0x00007ffbccacd000 	C:\Windows\System32\USER32.dll
0x00007ffbcae10000 - 0x00007ffbcae32000 	C:\Windows\System32\win32u.dll
0x00007ffbcbec0000 - 0x00007ffbcbeec000 	C:\Windows\System32\GDI32.dll
0x00007ffbcb060000 - 0x00007ffbcb175000 	C:\Windows\System32\gdi32full.dll
0x00007ffbb0cd0000 - 0x00007ffbb0f6a000 	C:\Windows\WinSxS\amd64_microsoft.windows.common-controls_6595b64144ccf1df_6.0.19041.1110_none_60b5254171f9507e\COMCTL32.dll
0x00007ffbcad70000 - 0x00007ffbcae0d000 	C:\Windows\System32\msvcp_win.dll
0x00007ffbcbab0000 - 0x00007ffbcbb4e000 	C:\Windows\System32\msvcrt.dll
0x00007ffbcc900000 - 0x00007ffbcc930000 	C:\Windows\System32\IMM32.DLL
0x00007ffbc4e70000 - 0x00007ffbc4e7c000 	c:\Users\Finner\.vscode\extensions\redhat.java-1.19.0-win32-x64\jre\17.0.7-win32-x86_64\bin\vcruntime140_1.dll
0x00007ffba2760000 - 0x00007ffba27f1000 	c:\Users\Finner\.vscode\extensions\redhat.java-1.19.0-win32-x64\jre\17.0.7-win32-x86_64\bin\msvcp140.dll
0x00007ffb84bb0000 - 0x00007ffb857f8000 	c:\Users\Finner\.vscode\extensions\redhat.java-1.19.0-win32-x64\jre\17.0.7-win32-x86_64\bin\server\jvm.dll
0x00007ffbcc6c0000 - 0x00007ffbcc76f000 	C:\Windows\System32\ADVAPI32.dll
0x00007ffbccf40000 - 0x00007ffbccfdc000 	C:\Windows\System32\sechost.dll
0x00007ffbcb570000 - 0x00007ffbcb696000 	C:\Windows\System32\RPCRT4.dll
0x00007ffbb6dc0000 - 0x00007ffbb6dc9000 	C:\Windows\SYSTEM32\WSOCK32.dll
0x00007ffbcc640000 - 0x00007ffbcc6ab000 	C:\Windows\System32\WS2_32.dll
0x00007ffbc8910000 - 0x00007ffbc891a000 	C:\Windows\SYSTEM32\VERSION.dll
0x00007ffbb8db0000 - 0x00007ffbb8dd7000 	C:\Windows\SYSTEM32\WINMM.dll
0x00007ffbc91c0000 - 0x00007ffbc91d2000 	C:\Windows\SYSTEM32\kernel.appcore.dll
0x00007ffbc2830000 - 0x00007ffbc283a000 	c:\Users\Finner\.vscode\extensions\redhat.java-1.19.0-win32-x64\jre\17.0.7-win32-x86_64\bin\jimage.dll
0x00007ffbc7e40000 - 0x00007ffbc8024000 	C:\Windows\SYSTEM32\DBGHELP.DLL
0x00007ffbb5f40000 - 0x00007ffbb5f74000 	C:\Windows\SYSTEM32\dbgcore.DLL
0x00007ffbcb260000 - 0x00007ffbcb2e2000 	C:\Windows\System32\bcryptPrimitives.dll
0x00007ffbb3760000 - 0x00007ffbb376e000 	c:\Users\Finner\.vscode\extensions\redhat.java-1.19.0-win32-x64\jre\17.0.7-win32-x86_64\bin\instrument.dll
0x00007ffbad320000 - 0x00007ffbad345000 	c:\Users\Finner\.vscode\extensions\redhat.java-1.19.0-win32-x64\jre\17.0.7-win32-x86_64\bin\java.dll
0x00007ffbaead0000 - 0x00007ffbaeae8000 	c:\Users\Finner\.vscode\extensions\redhat.java-1.19.0-win32-x64\jre\17.0.7-win32-x86_64\bin\zip.dll
0x00007ffbcbef0000 - 0x00007ffbcc634000 	C:\Windows\System32\SHELL32.dll
0x00007ffbc8a10000 - 0x00007ffbc91a3000 	C:\Windows\SYSTEM32\windows.storage.dll
0x00007ffbcbb50000 - 0x00007ffbcbea4000 	C:\Windows\System32\combase.dll
0x00007ffbca3d0000 - 0x00007ffbca3fe000 	C:\Windows\SYSTEM32\Wldp.dll
0x00007ffbcd1a0000 - 0x00007ffbcd24d000 	C:\Windows\System32\SHCORE.dll
0x00007ffbcc8a0000 - 0x00007ffbcc8f5000 	C:\Windows\System32\shlwapi.dll
0x00007ffbca8b0000 - 0x00007ffbca8cf000 	C:\Windows\SYSTEM32\profapi.dll
0x00007ffbae9d0000 - 0x00007ffbae9e9000 	C:\Users\Finner\.vscode\extensions\redhat.java-1.19.0-win32-x64\jre\17.0.7-win32-x86_64\bin\net.dll
0x00007ffbc2620000 - 0x00007ffbc272a000 	C:\Windows\SYSTEM32\WINHTTP.dll
0x00007ffbca130000 - 0x00007ffbca19a000 	C:\Windows\system32\mswsock.dll
0x00007ffbad610000 - 0x00007ffbad625000 	C:\Users\Finner\.vscode\extensions\redhat.java-1.19.0-win32-x64\jre\17.0.7-win32-x86_64\bin\nio.dll
0x00007ffbb3750000 - 0x00007ffbb3760000 	c:\Users\Finner\.vscode\extensions\redhat.java-1.19.0-win32-x64\jre\17.0.7-win32-x86_64\bin\verify.dll

dbghelp: loaded successfully - version: 4.0.5 - missing functions: none
symbol engine: initialized successfully - sym options: 0x614 - pdb path: .;c:\Users\Finner\.vscode\extensions\redhat.java-1.19.0-win32-x64\jre\17.0.7-win32-x86_64\bin;C:\Windows\SYSTEM32;C:\Windows\WinSxS\amd64_microsoft.windows.common-controls_6595b64144ccf1df_6.0.19041.1110_none_60b5254171f9507e;c:\Users\Finner\.vscode\extensions\redhat.java-1.19.0-win32-x64\jre\17.0.7-win32-x86_64\bin\server

VM Arguments:
jvm_args: --add-modules=ALL-SYSTEM --add-opens=java.base/java.util=ALL-UNNAMED --add-opens=java.base/java.lang=ALL-UNNAMED --add-opens=java.base/sun.nio.fs=ALL-UNNAMED -Declipse.application=org.eclipse.jdt.ls.core.id1 -Dosgi.bundles.defaultStartLevel=4 -Declipse.product=org.eclipse.jdt.ls.core.product -Djava.import.generatesMetadataFilesAtProjectRoot=false -Dfile.encoding=utf8 -XX:+UseParallelGC -XX:GCTimeRatio=4 -XX:AdaptiveSizePolicyWeight=90 -Dsun.zip.disableMemoryMapping=true -Xmx1G -Xms100m -Xlog:disable -javaagent:c:\Users\Finner\.vscode\extensions\redhat.java-1.19.0-win32-x64\lombok\lombok-1.18.28.jar -XX:+HeapDumpOnOutOfMemoryError -XX:HeapDumpPath=c:\Users\Finner\AppData\Roaming\Code\User\workspaceStorage\836b21f3d06bcecf2e8d4da322794a86\redhat.java -Daether.dependencyCollector.impl=bf 
java_command: c:\Users\Finner\.vscode\extensions\redhat.java-1.19.0-win32-x64\server\plugins\org.eclipse.equinox.launcher_1.6.400.v20210924-0641.jar -configuration c:\Users\Finner\AppData\Roaming\Code\User\globalStorage\redhat.java\1.19.0\config_win -data c:\Users\Finner\AppData\Roaming\Code\User\workspaceStorage\836b21f3d06bcecf2e8d4da322794a86\redhat.java\jdt_ws
java_class_path (initial): c:\Users\Finner\.vscode\extensions\redhat.java-1.19.0-win32-x64\server\plugins\org.eclipse.equinox.launcher_1.6.400.v20210924-0641.jar
Launcher Type: SUN_STANDARD

[Global flags]
    uintx AdaptiveSizePolicyWeight                 = 90                                        {product} {command line}
     intx CICompilerCount                          = 4                                         {product} {ergonomic}
    uintx GCTimeRatio                              = 4                                         {product} {command line}
     bool HeapDumpOnOutOfMemoryError               = true                                   {manageable} {command line}
    ccstr HeapDumpPath                             = c:\Users\Finner\AppData\Roaming\Code\User\workspaceStorage\836b21f3d06bcecf2e8d4da322794a86\redhat.java         {manageable} {command line}
   size_t InitialHeapSize                          = 104857600                                 {product} {command line}
   size_t MaxHeapSize                              = 1073741824                                {product} {command line}
   size_t MaxNewSize                               = 357564416                                 {product} {ergonomic}
   size_t MinHeapDeltaBytes                        = 524288                                    {product} {ergonomic}
   size_t MinHeapSize                              = 104857600                                 {product} {command line}
   size_t NewSize                                  = 34603008                                  {product} {ergonomic}
    uintx NonNMethodCodeHeapSize                   = 5839372                                {pd product} {ergonomic}
    uintx NonProfiledCodeHeapSize                  = 122909434                              {pd product} {ergonomic}
   size_t OldSize                                  = 70254592                                  {product} {ergonomic}
    uintx ProfiledCodeHeapSize                     = 122909434                              {pd product} {ergonomic}
    uintx ReservedCodeCacheSize                    = 251658240                              {pd product} {ergonomic}
     bool SegmentedCodeCache                       = true                                      {product} {ergonomic}
   size_t SoftMaxHeapSize                          = 1073741824                             {manageable} {ergonomic}
     bool UseCompressedClassPointers               = true                           {product lp64_product} {ergonomic}
     bool UseCompressedOops                        = true                           {product lp64_product} {ergonomic}
     bool UseLargePagesIndividualAllocation        = false                                  {pd product} {ergonomic}
     bool UseParallelGC                            = true                                      {product} {command line}

Logging:
Log output configuration:
 #0: stdout all=off uptime,level,tags
 #1: stderr all=off uptime,level,tags

Environment Variables:
JAVA_HOME=C:\Program Files\Microsoft\jdk-11.0.18.10-hotspot\
PATH=C:\Program Files (x86)\Common Files\Intel\Shared Libraries\redist\intel64\compiler;C:\Program Files\Microsoft\jdk-11.0.18.10-hotspot\bin;C:\Python311\Scripts\;C:\Python311\;C:\Program Files (x86)\Intel\iCLS Client\;C:\Program Files\Intel\iCLS Client\;C:\Windows\system32;C:\Windows;C:\Windows\System32\Wbem;C:\Windows\System32\WindowsPowerShell\v1.0\;C:\Windows\System32\OpenSSH\;C:\Program Files (x86)\NVIDIA Corporation\PhysX\Common;C:\Program Files\NVIDIA Corporation\NVIDIA NvDLISR;C:\ProgramData\chocolatey\bin;C:\Program Files\Git\cmd;C:\Program Files\OpenJDK\openjdk-11.0.16_8\bin;c:\Program Files (x86)\Intel\Intel(R) Management Engine Components\DAL;c:\Program Files\Intel\Intel(R) Management Engine Components\DAL;c:\Program Files (x86)\Intel\Intel(R) Management Engine Components\IPT;c:\Program Files\Intel\Intel(R) Management Engine Components\IPT;C:\Program Files\nodejs\;C:\Program Files\PowerShell\7-preview\preview;C:\Program Files\PowerShell\7\;C:\Users\Finner\.amplify\bin;C:\Users\Finner\.amplify\bin;C:\Users\Finner\.amplify\bin;C:\Users\Finner\.amplify\bin;C:\Users\Finner\.amplify\bin;C:\Users\Finner\AppData\Local\Microsoft\WindowsApps;C:\Users\Finner\AppData\Local\Programs\Microsoft VS Code\bin;C:\Users\Finner\AppData\Local\Android\Sdk\platform-tools;C:\Users\Finner\AppData\Local\Programs\oh-my-posh\bin;C:\Users\Finner\AppData\Roaming\npm
USERNAME=Finner
OS=Windows_NT
PROCESSOR_IDENTIFIER=Intel64 Family 6 Model 158 Stepping 9, GenuineIntel
TMP=C:\Users\Finner\AppData\Local\Temp
TEMP=C:\Users\Finner\AppData\Local\Temp



---------------  S Y S T E M  ---------------

OS:
 Windows 10 , 64 bit Build 19041 (10.0.19041.2913)
OS uptime: 0 days 1:08 hours

CPU: total 8 (initial active 8) (4 cores per cpu, 2 threads per core) family 6 model 158 stepping 9 microcode 0xb4, cx8, cmov, fxsr, ht, mmx, 3dnowpref, sse, sse2, sse3, ssse3, sse4.1, sse4.2, popcnt, lzcnt, tsc, tscinvbit, avx, avx2, aes, erms, clmul, bmi1, bmi2, adx, fma, vzeroupper, clflush, clflushopt

Memory: 4k page, system-wide physical 16276M (1116M free)
TotalPageFile size 19135M (AvailPageFile size 0M)
current process WorkingSet (physical memory assigned to process): 74M, peak: 74M
current process commit charge ("private bytes"): 201M, peak: 201M

vm_info: OpenJDK 64-Bit Server VM (17.0.7+7) for windows-amd64 JRE (17.0.7+7), built on Apr 18 2023 22:10:42 by "temurin" with MS VC++ 16.7 (VS2019)

END.
