#
# There is insufficient memory for the Java Runtime Environment to continue.
# Native memory allocation (malloc) failed to allocate 241616 bytes for Chunk::new
# Possible reasons:
#   The system is out of physical RAM or swap space
#   The process is running with CompressedOops enabled, and the Java Heap may be blocking the growth of the native heap
# Possible solutions:
#   Reduce memory load on the system
#   Increase physical memory or swap space
#   Check if swap backing store is full
#   Decrease Java heap size (-Xmx/-Xms)
#   Decrease number of Java threads
#   Decrease Java thread stack sizes (-Xss)
#   Set larger code cache with -XX:ReservedCodeCacheSize=
#   JVM is running with Unscaled Compressed Oops mode in which the Java heap is
#     placed in the first 4GB address space. The Java Heap base address is the
#     maximum limit for the native heap growth. Please use -XX:HeapBaseMinAddress
#     to set the Java Heap base and to place the Java Heap above 4GB virtual address.
# This output file may be truncated or incomplete.
#
#  Out of Memory Error (arena.cpp:189), pid=20896, tid=7984
#
# JRE version: OpenJDK Runtime Environment Temurin-17.0.7+7 (17.0.7+7) (build 17.0.7+7)
# Java VM: OpenJDK 64-Bit Server VM Temurin-17.0.7+7 (17.0.7+7, mixed mode, tiered, compressed oops, compressed class ptrs, parallel gc, windows-amd64)
# No core dump will be written. Minidumps are not enabled by default on client versions of Windows
#

---------------  S U M M A R Y ------------

Command Line: --add-modules=ALL-SYSTEM --add-opens=java.base/java.util=ALL-UNNAMED --add-opens=java.base/java.lang=ALL-UNNAMED --add-opens=java.base/sun.nio.fs=ALL-UNNAMED -Declipse.application=org.eclipse.jdt.ls.core.id1 -Dosgi.bundles.defaultStartLevel=4 -Declipse.product=org.eclipse.jdt.ls.core.product -Djava.import.generatesMetadataFilesAtProjectRoot=false -Dfile.encoding=utf8 -XX:+UseParallelGC -XX:GCTimeRatio=4 -XX:AdaptiveSizePolicyWeight=90 -Dsun.zip.disableMemoryMapping=true -Xmx1G -Xms100m -Xlog:disable -javaagent:c:\Users\Finner\.vscode\extensions\redhat.java-1.20.0-win32-x64\lombok\lombok-1.18.28.jar -XX:+HeapDumpOnOutOfMemoryError -XX:HeapDumpPath=c:\Users\Finner\AppData\Roaming\Code\User\workspaceStorage\871a5784b85397140abcb29d54c8b749\redhat.java -Daether.dependencyCollector.impl=bf c:\Users\Finner\.vscode\extensions\redhat.java-1.20.0-win32-x64\server\plugins\org.eclipse.equinox.launcher_1.6.500.v20230622-2056.jar -configuration c:\Users\Finner\AppData\Roaming\Code\User\globalStorage\redhat.java\1.20.0\config_win -data c:\Users\Finner\AppData\Roaming\Code\User\workspaceStorage\871a5784b85397140abcb29d54c8b749\redhat.java\jdt_ws

Host: Intel(R) Core(TM) i7-7700HQ CPU @ 2.80GHz, 8 cores, 15G,  Windows 10 , 64 bit Build 19041 (10.0.19041.3031)
Time: Mon Jul 17 10:43:24 2023 SE Asia Standard Time elapsed time: 21.473136 seconds (0d 0h 0m 21s)

---------------  T H R E A D  ---------------

Current thread (0x000002de707c88a0):  JavaThread "C2 CompilerThread0" daemon [_thread_in_native, id=7984, stack(0x000000ea61700000,0x000000ea61800000)]


Current CompileTask:
C2:  21473 6432       4       java.lang.ClassLoader::getPackage (36 bytes)

Stack: [0x000000ea61700000,0x000000ea61800000]
Native frames: (J=compiled Java code, j=interpreted, Vv=VM code, C=native code)
V  [jvm.dll+0x67754a]
V  [jvm.dll+0x834304]
V  [jvm.dll+0x835aae]
V  [jvm.dll+0x836113]
V  [jvm.dll+0x24696f]
V  [jvm.dll+0xac0ac]
V  [jvm.dll+0xac67c]
V  [jvm.dll+0x2adbef]
V  [jvm.dll+0x580067]
V  [jvm.dll+0x221e72]
V  [jvm.dll+0x21b244]
V  [jvm.dll+0x21895b]
V  [jvm.dll+0x1a4d8d]
V  [jvm.dll+0x2284da]
V  [jvm.dll+0x226615]
V  [jvm.dll+0x7ea90b]
V  [jvm.dll+0x7e4e7a]
V  [jvm.dll+0x676395]
C  [ucrtbase.dll+0x21bb2]
C  [KERNEL32.DLL+0x17614]
C  [ntdll.dll+0x526f1]


---------------  P R O C E S S  ---------------

Threads class SMR info:
_java_thread_list=0x000002de75649ec0, length=31, elements={
0x000002de56bf0610, 0x000002de6aa7d520, 0x000002de70792130, 0x000002de707bc070,
0x000002de707bd680, 0x000002de707be630, 0x000002de707c1a50, 0x000002de707c88a0,
0x000002de707ca280, 0x000002de707d3be0, 0x000002de56caca40, 0x000002de70c88070,
0x000002de714b2080, 0x000002de7171e1b0, 0x000002de7171e680, 0x000002de71931a30,
0x000002de7162ebd0, 0x000002de7162ca20, 0x000002de7162dd60, 0x000002de7162d3c0,
0x000002de7162c080, 0x000002de7162c550, 0x000002de7162e230, 0x000002de7162e700,
0x000002de7162b210, 0x000002de7162b6e0, 0x000002de7162bbb0, 0x000002de758f46d0,
0x000002de758f2520, 0x000002de758f5070, 0x000002de71629c20
}

Java Threads: ( => current thread )
  0x000002de56bf0610 JavaThread "main" [_thread_blocked, id=9264, stack(0x000000ea60e00000,0x000000ea60f00000)]
  0x000002de6aa7d520 JavaThread "Reference Handler" daemon [_thread_blocked, id=1416, stack(0x000000ea61100000,0x000000ea61200000)]
  0x000002de70792130 JavaThread "Finalizer" daemon [_thread_blocked, id=11488, stack(0x000000ea61200000,0x000000ea61300000)]
  0x000002de707bc070 JavaThread "Signal Dispatcher" daemon [_thread_blocked, id=22524, stack(0x000000ea61300000,0x000000ea61400000)]
  0x000002de707bd680 JavaThread "Attach Listener" daemon [_thread_blocked, id=20012, stack(0x000000ea61400000,0x000000ea61500000)]
  0x000002de707be630 JavaThread "Service Thread" daemon [_thread_blocked, id=7036, stack(0x000000ea61500000,0x000000ea61600000)]
  0x000002de707c1a50 JavaThread "Monitor Deflation Thread" daemon [_thread_blocked, id=4768, stack(0x000000ea61600000,0x000000ea61700000)]
=>0x000002de707c88a0 JavaThread "C2 CompilerThread0" daemon [_thread_in_native, id=7984, stack(0x000000ea61700000,0x000000ea61800000)]
  0x000002de707ca280 JavaThread "C1 CompilerThread0" daemon [_thread_blocked, id=5436, stack(0x000000ea61800000,0x000000ea61900000)]
  0x000002de707d3be0 JavaThread "Sweeper thread" daemon [_thread_blocked, id=21560, stack(0x000000ea61900000,0x000000ea61a00000)]
  0x000002de56caca40 JavaThread "Common-Cleaner" daemon [_thread_blocked, id=14520, stack(0x000000ea61a00000,0x000000ea61b00000)]
  0x000002de70c88070 JavaThread "Notification Thread" daemon [_thread_blocked, id=5756, stack(0x000000ea61c00000,0x000000ea61d00000)]
  0x000002de714b2080 JavaThread "Active Thread: Equinox Container: 7b076061-e562-4e5b-94c3-d52248f51b0c" [_thread_blocked, id=15924, stack(0x000000ea62600000,0x000000ea62700000)]
  0x000002de7171e1b0 JavaThread "Framework Event Dispatcher: Equinox Container: 7b076061-e562-4e5b-94c3-d52248f51b0c" daemon [_thread_blocked, id=7508, stack(0x000000ea62700000,0x000000ea62800000)]
  0x000002de7171e680 JavaThread "Start Level: Equinox Container: 7b076061-e562-4e5b-94c3-d52248f51b0c" daemon [_thread_blocked, id=14800, stack(0x000000ea62800000,0x000000ea62900000)]
  0x000002de71931a30 JavaThread "SCR Component Actor" daemon [_thread_blocked, id=12496, stack(0x000000ea62900000,0x000000ea62a00000)]
  0x000002de7162ebd0 JavaThread "Worker-JM" [_thread_blocked, id=5444, stack(0x000000ea62a00000,0x000000ea62b00000)]
  0x000002de7162ca20 JavaThread "Worker-0" [_thread_blocked, id=22028, stack(0x000000ea62d00000,0x000000ea62e00000)]
  0x000002de7162dd60 JavaThread "Worker-1" [_thread_blocked, id=14960, stack(0x000000ea62e00000,0x000000ea62f00000)]
  0x000002de7162d3c0 JavaThread "Java indexing" daemon [_thread_blocked, id=21788, stack(0x000000ea62f00000,0x000000ea63000000)]
  0x000002de7162c080 JavaThread "Worker-2" [_thread_blocked, id=6216, stack(0x000000ea63000000,0x000000ea63100000)]
  0x000002de7162c550 JavaThread "Worker-3: Initialize Workspace" [_thread_in_Java, id=14480, stack(0x000000ea63100000,0x000000ea63200000)]
  0x000002de7162e230 JavaThread "JNA Cleaner" daemon [_thread_blocked, id=3172, stack(0x000000ea63200000,0x000000ea63300000)]
  0x000002de7162e700 JavaThread "Worker-4" [_thread_blocked, id=14620, stack(0x000000ea63300000,0x000000ea63400000)]
  0x000002de7162b210 JavaThread "pool-2-thread-1" [_thread_blocked, id=17208, stack(0x000000ea63400000,0x000000ea63500000)]
  0x000002de7162b6e0 JavaThread "Worker-5" [_thread_blocked, id=20236, stack(0x000000ea63500000,0x000000ea63600000)]
  0x000002de7162bbb0 JavaThread "WorkspaceEventsHandler" [_thread_blocked, id=2244, stack(0x000000ea63600000,0x000000ea63700000)]
  0x000002de758f46d0 JavaThread "pool-1-thread-1" [_thread_blocked, id=6532, stack(0x000000ea63700000,0x000000ea63800000)]
  0x000002de758f2520 JavaThread "Worker-6" [_thread_blocked, id=3852, stack(0x000000ea63800000,0x000000ea63900000)]
  0x000002de758f5070 JavaThread "Timer-0" [_thread_blocked, id=19264, stack(0x000000ea62c00000,0x000000ea62d00000)]
  0x000002de71629c20 JavaThread "C2 CompilerThread1" daemon [_thread_in_native, id=18688, stack(0x000000ea62500000,0x000000ea62600000)]

Other Threads:
  0x000002de6aa76aa0 VMThread "VM Thread" [stack: 0x000000ea61000000,0x000000ea61100000] [id=18348]
  0x000002de70a61540 WatcherThread [stack: 0x000000ea61d00000,0x000000ea61e00000] [id=21280]
  0x000002de56c068a0 GCTaskThread "GC Thread#0" [stack: 0x000000ea60f00000,0x000000ea61000000] [id=21612]
  0x000002de70ca91c0 GCTaskThread "GC Thread#1" [stack: 0x000000ea61e00000,0x000000ea61f00000] [id=15140]
  0x000002de70cf7420 GCTaskThread "GC Thread#2" [stack: 0x000000ea61f00000,0x000000ea62000000] [id=18784]
  0x000002de70cf76d0 GCTaskThread "GC Thread#3" [stack: 0x000000ea62000000,0x000000ea62100000] [id=5716]
  0x000002de71010820 GCTaskThread "GC Thread#4" [stack: 0x000000ea62100000,0x000000ea62200000] [id=17504]
  0x000002de71010ad0 GCTaskThread "GC Thread#5" [stack: 0x000000ea62200000,0x000000ea62300000] [id=21452]
  0x000002de715d81e0 GCTaskThread "GC Thread#6" [stack: 0x000000ea62300000,0x000000ea62400000] [id=11432]
  0x000002de717eb0c0 GCTaskThread "GC Thread#7" [stack: 0x000000ea62400000,0x000000ea62500000] [id=12020]

Threads with active compile tasks:
C2 CompilerThread0    21504 6432       4       java.lang.ClassLoader::getPackage (36 bytes)
C2 CompilerThread1    21504 6449       4       java.util.regex.Pattern::compile (500 bytes)

VM state: not at safepoint (normal execution)

VM Mutex/Monitor currently owned by a thread: None

OutOfMemory and StackOverflow Exception counts:
OutOfMemoryError java_heap_errors=1
LinkageErrors=63

Heap address: 0x00000000c0000000, size: 1024 MB, Compressed Oops mode: 32-bit

CDS archive(s) not mapped
Compressed class space mapped at: 0x0000000100000000-0x0000000140000000, reserved size: 1073741824
Narrow klass base: 0x0000000000000000, Narrow klass shift: 3, Narrow klass range: 0x140000000

GC Precious Log:
 CPUs: 8 total, 8 available
 Memory: 16276M
 Large Page Support: Disabled
 NUMA Support: Disabled
 Compressed Oops: Enabled (32-bit)
 Alignments: Space 512K, Generation 512K, Heap 2M
 Heap Min Capacity: 100M
 Heap Initial Capacity: 100M
 Heap Max Capacity: 1G
 Pre-touch: Disabled
 Parallel Workers: 8

Heap:
 PSYoungGen      total 26112K, used 6506K [0x00000000eab00000, 0x00000000ecb00000, 0x0000000100000000)
  eden space 22016K, 13% used [0x00000000eab00000,0x00000000eadd1a78,0x00000000ec080000)
  from space 4096K, 88% used [0x00000000ec700000,0x00000000eca89080,0x00000000ecb00000)
  to   space 4608K, 0% used [0x00000000ec200000,0x00000000ec200000,0x00000000ec680000)
 ParOldGen       total 68608K, used 40593K [0x00000000c0000000, 0x00000000c4300000, 0x00000000eab00000)
  object space 68608K, 59% used [0x00000000c0000000,0x00000000c27a4528,0x00000000c4300000)
 Metaspace       used 53031K, committed 53760K, reserved 1114112K
  class space    used 5945K, committed 6272K, reserved 1048576K

Card table byte_map: [0x000002de565b0000,0x000002de567c0000] _byte_map_base: 0x000002de55fb0000

Marking Bits: (ParMarkBitMap*) 0x00007ff8131f52c0
 Begin Bits: [0x000002de68880000, 0x000002de69880000)
 End Bits:   [0x000002de69880000, 0x000002de6a880000)

Polling page: 0x000002de54bf0000

Metaspace:

Usage:
  Non-class:     45.98 MB used.
      Class:      5.81 MB used.
       Both:     51.79 MB used.

Virtual space:
  Non-class space:       64.00 MB reserved,      46.38 MB ( 72%) committed,  1 nodes.
      Class space:        1.00 GB reserved,       6.12 MB ( <1%) committed,  1 nodes.
             Both:        1.06 GB reserved,      52.50 MB (  5%) committed. 

Chunk freelists:
   Non-Class:  976.00 KB
       Class:  9.75 MB
        Both:  10.70 MB

MaxMetaspaceSize: unlimited
CompressedClassSpaceSize: 1.00 GB
Initial GC threshold: 21.00 MB
Current GC threshold: 58.38 MB
CDS: off
MetaspaceReclaimPolicy: balanced
 - commit_granule_bytes: 65536.
 - commit_granule_words: 8192.
 - virtual_space_node_default_size: 8388608.
 - enlarge_chunks_in_place: 1.
 - new_chunks_are_fully_committed: 0.
 - uncommit_free_chunks: 1.
 - use_allocation_guard: 0.
 - handle_deallocations: 1.


Internal statistics:

num_allocs_failed_limit: 6.
num_arena_births: 376.
num_arena_deaths: 14.
num_vsnodes_births: 2.
num_vsnodes_deaths: 0.
num_space_committed: 840.
num_space_uncommitted: 0.
num_chunks_returned_to_freelist: 20.
num_chunks_taken_from_freelist: 2299.
num_chunk_merges: 4.
num_chunk_splits: 1461.
num_chunks_enlarged: 915.
num_inconsistent_stats: 0.

CodeHeap 'non-profiled nmethods': size=120000Kb used=3412Kb max_used=3412Kb free=116588Kb
 bounds [0x000002de61350000, 0x000002de616b0000, 0x000002de68880000]
CodeHeap 'profiled nmethods': size=120000Kb used=10484Kb max_used=11606Kb free=109515Kb
 bounds [0x000002de59880000, 0x000002de5a3f0000, 0x000002de60db0000]
CodeHeap 'non-nmethods': size=5760Kb used=1290Kb max_used=1375Kb free=4469Kb
 bounds [0x000002de60db0000, 0x000002de61020000, 0x000002de61350000]
 total_blobs=6121 nmethods=5506 adapters=529
 compilation: enabled
              stopped_count=0, restarted_count=0
 full_count=0

Compilation events (20 events):
Event: 19.957 Thread 0x000002de707ca280 nmethod 6428 0x000002de5a3b7090 code [0x000002de5a3b72e0, 0x000002de5a3b7be8]
Event: 19.967 Thread 0x000002de707c88a0 nmethod 6427 0x000002de6169fa10 code [0x000002de6169fce0, 0x000002de616a2e30]
Event: 20.542 Thread 0x000002de707c88a0 6430       4       java.util.ArrayList::toArray (57 bytes)
Event: 20.545 Thread 0x000002de707c88a0 nmethod 6430 0x000002de616a4410 code [0x000002de616a45a0, 0x000002de616a4a78]
Event: 21.200 Thread 0x000002de707ca280 6431       3       jdk.internal.loader.URLClassPath$1::next (59 bytes)
Event: 21.200 Thread 0x000002de707ca280 nmethod 6431 0x000002de5a028d10 code [0x000002de5a028ee0, 0x000002de5a0292b8]
Event: 21.465 Thread 0x000002de707c88a0 6432       4       java.lang.ClassLoader::getPackage (36 bytes)
Event: 21.468 Thread 0x000002de707ca280 6434       3       java.util.regex.Matcher::start (65 bytes)
Event: 21.469 Thread 0x000002de707ca280 nmethod 6434 0x000002de59ef0210 code [0x000002de59ef0460, 0x000002de59ef0c88]
Event: 21.469 Thread 0x000002de707ca280 6435       3       com.google.gson.stream.JsonWriter::replaceTop (13 bytes)
Event: 21.469 Thread 0x000002de707ca280 nmethod 6435 0x000002de59882510 code [0x000002de598826a0, 0x000002de598827d8]
Event: 21.469 Thread 0x000002de707ca280 6436       3       jdk.internal.reflect.UnsafeFieldAccessorImpl::ensureObj (23 bytes)
Event: 21.469 Thread 0x000002de707ca280 nmethod 6436 0x000002de5a33df10 code [0x000002de5a33e100, 0x000002de5a33e5e8]
Event: 21.469 Thread 0x000002de707ca280 6437       3       java.io.PrintWriter::ensureOpen (18 bytes)
Event: 21.470 Thread 0x000002de707ca280 nmethod 6437 0x000002de59902a10 code [0x000002de59902bc0, 0x000002de59902dc8]
Event: 21.470 Thread 0x000002de707ca280 6438       3       java.lang.Throwable$WrappedPrintWriter::println (9 bytes)
Event: 21.470 Thread 0x000002de707ca280 nmethod 6438 0x000002de59eefe10 code [0x000002de59eeffc0, 0x000002de59ef0108]
Event: 21.470 Thread 0x000002de707ca280 6439   !   3       java.io.PrintWriter::println (34 bytes)
Event: 21.471 Thread 0x000002de707ca280 nmethod 6439 0x000002de59e55b90 code [0x000002de59e55dc0, 0x000002de59e56598]
Event: 21.471 Thread 0x000002de707ca280 6440       3       java.lang.StackTraceElement::toString (322 bytes)

GC Heap History (20 events):
Event: 11.523 GC heap before
{Heap before GC invocations=18 (full 2):
 PSYoungGen      total 24576K, used 22496K [0x00000000eab00000, 0x00000000ec480000, 0x0000000100000000)
  eden space 22016K, 100% used [0x00000000eab00000,0x00000000ec080000,0x00000000ec080000)
  from space 2560K, 18% used [0x00000000ec080000,0x00000000ec0f8000,0x00000000ec300000)
  to   space 1536K, 0% used [0x00000000ec300000,0x00000000ec300000,0x00000000ec480000)
 ParOldGen       total 68608K, used 19206K [0x00000000c0000000, 0x00000000c4300000, 0x00000000eab00000)
  object space 68608K, 27% used [0x00000000c0000000,0x00000000c12c1968,0x00000000c4300000)
 Metaspace       used 49420K, committed 50176K, reserved 1114112K
  class space    used 5369K, committed 5696K, reserved 1048576K
}
Event: 11.525 GC heap after
{Heap after GC invocations=18 (full 2):
 PSYoungGen      total 23552K, used 1504K [0x00000000eab00000, 0x00000000ec580000, 0x0000000100000000)
  eden space 22016K, 0% used [0x00000000eab00000,0x00000000eab00000,0x00000000ec080000)
  from space 1536K, 97% used [0x00000000ec300000,0x00000000ec478020,0x00000000ec480000)
  to   space 2560K, 0% used [0x00000000ec080000,0x00000000ec080000,0x00000000ec300000)
 ParOldGen       total 68608K, used 19711K [0x00000000c0000000, 0x00000000c4300000, 0x00000000eab00000)
  object space 68608K, 28% used [0x00000000c0000000,0x00000000c133fca0,0x00000000c4300000)
 Metaspace       used 49420K, committed 50176K, reserved 1114112K
  class space    used 5369K, committed 5696K, reserved 1048576K
}
Event: 11.617 GC heap before
{Heap before GC invocations=19 (full 2):
 PSYoungGen      total 23552K, used 23520K [0x00000000eab00000, 0x00000000ec580000, 0x0000000100000000)
  eden space 22016K, 100% used [0x00000000eab00000,0x00000000ec080000,0x00000000ec080000)
  from space 1536K, 97% used [0x00000000ec300000,0x00000000ec478020,0x00000000ec480000)
  to   space 2560K, 0% used [0x00000000ec080000,0x00000000ec080000,0x00000000ec300000)
 ParOldGen       total 68608K, used 19711K [0x00000000c0000000, 0x00000000c4300000, 0x00000000eab00000)
  object space 68608K, 28% used [0x00000000c0000000,0x00000000c133fca0,0x00000000c4300000)
 Metaspace       used 49582K, committed 50368K, reserved 1114112K
  class space    used 5388K, committed 5760K, reserved 1048576K
}
Event: 11.619 GC heap after
{Heap after GC invocations=19 (full 2):
 PSYoungGen      total 24064K, used 1888K [0x00000000eab00000, 0x00000000ec480000, 0x0000000100000000)
  eden space 22016K, 0% used [0x00000000eab00000,0x00000000eab00000,0x00000000ec080000)
  from space 2048K, 92% used [0x00000000ec080000,0x00000000ec258010,0x00000000ec280000)
  to   space 2048K, 0% used [0x00000000ec280000,0x00000000ec280000,0x00000000ec480000)
 ParOldGen       total 68608K, used 21209K [0x00000000c0000000, 0x00000000c4300000, 0x00000000eab00000)
  object space 68608K, 30% used [0x00000000c0000000,0x00000000c14b66b8,0x00000000c4300000)
 Metaspace       used 49582K, committed 50368K, reserved 1114112K
  class space    used 5388K, committed 5760K, reserved 1048576K
}
Event: 11.705 GC heap before
{Heap before GC invocations=20 (full 2):
 PSYoungGen      total 24064K, used 23904K [0x00000000eab00000, 0x00000000ec480000, 0x0000000100000000)
  eden space 22016K, 100% used [0x00000000eab00000,0x00000000ec080000,0x00000000ec080000)
  from space 2048K, 92% used [0x00000000ec080000,0x00000000ec258010,0x00000000ec280000)
  to   space 2048K, 0% used [0x00000000ec280000,0x00000000ec280000,0x00000000ec480000)
 ParOldGen       total 68608K, used 21209K [0x00000000c0000000, 0x00000000c4300000, 0x00000000eab00000)
  object space 68608K, 30% used [0x00000000c0000000,0x00000000c14b66b8,0x00000000c4300000)
 Metaspace       used 49614K, committed 50432K, reserved 1114112K
  class space    used 5388K, committed 5760K, reserved 1048576K
}
Event: 11.707 GC heap after
{Heap after GC invocations=20 (full 2):
 PSYoungGen      total 24064K, used 1888K [0x00000000eab00000, 0x00000000ec480000, 0x0000000100000000)
  eden space 22016K, 0% used [0x00000000eab00000,0x00000000eab00000,0x00000000ec080000)
  from space 2048K, 92% used [0x00000000ec280000,0x00000000ec458010,0x00000000ec480000)
  to   space 2048K, 0% used [0x00000000ec080000,0x00000000ec080000,0x00000000ec280000)
 ParOldGen       total 68608K, used 22973K [0x00000000c0000000, 0x00000000c4300000, 0x00000000eab00000)
  object space 68608K, 33% used [0x00000000c0000000,0x00000000c166f7b0,0x00000000c4300000)
 Metaspace       used 49614K, committed 50432K, reserved 1114112K
  class space    used 5388K, committed 5760K, reserved 1048576K
}
Event: 11.770 GC heap before
{Heap before GC invocations=21 (full 2):
 PSYoungGen      total 24064K, used 23904K [0x00000000eab00000, 0x00000000ec480000, 0x0000000100000000)
  eden space 22016K, 100% used [0x00000000eab00000,0x00000000ec080000,0x00000000ec080000)
  from space 2048K, 92% used [0x00000000ec280000,0x00000000ec458010,0x00000000ec480000)
  to   space 2048K, 0% used [0x00000000ec080000,0x00000000ec080000,0x00000000ec280000)
 ParOldGen       total 68608K, used 22973K [0x00000000c0000000, 0x00000000c4300000, 0x00000000eab00000)
  object space 68608K, 33% used [0x00000000c0000000,0x00000000c166f7b0,0x00000000c4300000)
 Metaspace       used 49697K, committed 50496K, reserved 1114112K
  class space    used 5391K, committed 5760K, reserved 1048576K
}
Event: 11.773 GC heap after
{Heap after GC invocations=21 (full 2):
 PSYoungGen      total 24064K, used 1842K [0x00000000eab00000, 0x00000000ec480000, 0x0000000100000000)
  eden space 22016K, 0% used [0x00000000eab00000,0x00000000eab00000,0x00000000ec080000)
  from space 2048K, 89% used [0x00000000ec080000,0x00000000ec24cb18,0x00000000ec280000)
  to   space 2048K, 0% used [0x00000000ec280000,0x00000000ec280000,0x00000000ec480000)
 ParOldGen       total 68608K, used 24781K [0x00000000c0000000, 0x00000000c4300000, 0x00000000eab00000)
  object space 68608K, 36% used [0x00000000c0000000,0x00000000c18337c0,0x00000000c4300000)
 Metaspace       used 49697K, committed 50496K, reserved 1114112K
  class space    used 5391K, committed 5760K, reserved 1048576K
}
Event: 11.834 GC heap before
{Heap before GC invocations=22 (full 2):
 PSYoungGen      total 24064K, used 23858K [0x00000000eab00000, 0x00000000ec480000, 0x0000000100000000)
  eden space 22016K, 100% used [0x00000000eab00000,0x00000000ec080000,0x00000000ec080000)
  from space 2048K, 89% used [0x00000000ec080000,0x00000000ec24cb18,0x00000000ec280000)
  to   space 2048K, 0% used [0x00000000ec280000,0x00000000ec280000,0x00000000ec480000)
 ParOldGen       total 68608K, used 24781K [0x00000000c0000000, 0x00000000c4300000, 0x00000000eab00000)
  object space 68608K, 36% used [0x00000000c0000000,0x00000000c18337c0,0x00000000c4300000)
 Metaspace       used 49746K, committed 50496K, reserved 1114112K
  class space    used 5402K, committed 5760K, reserved 1048576K
}
Event: 11.837 GC heap after
{Heap after GC invocations=22 (full 2):
 PSYoungGen      total 24064K, used 1920K [0x00000000eab00000, 0x00000000ec480000, 0x0000000100000000)
  eden space 22016K, 0% used [0x00000000eab00000,0x00000000eab00000,0x00000000ec080000)
  from space 2048K, 93% used [0x00000000ec280000,0x00000000ec460000,0x00000000ec480000)
  to   space 2048K, 0% used [0x00000000ec080000,0x00000000ec080000,0x00000000ec280000)
 ParOldGen       total 68608K, used 27072K [0x00000000c0000000, 0x00000000c4300000, 0x00000000eab00000)
  object space 68608K, 39% used [0x00000000c0000000,0x00000000c1a702e8,0x00000000c4300000)
 Metaspace       used 49746K, committed 50496K, reserved 1114112K
  class space    used 5402K, committed 5760K, reserved 1048576K
}
Event: 11.878 GC heap before
{Heap before GC invocations=23 (full 2):
 PSYoungGen      total 24064K, used 23936K [0x00000000eab00000, 0x00000000ec480000, 0x0000000100000000)
  eden space 22016K, 100% used [0x00000000eab00000,0x00000000ec080000,0x00000000ec080000)
  from space 2048K, 93% used [0x00000000ec280000,0x00000000ec460000,0x00000000ec480000)
  to   space 2048K, 0% used [0x00000000ec080000,0x00000000ec080000,0x00000000ec280000)
 ParOldGen       total 68608K, used 27072K [0x00000000c0000000, 0x00000000c4300000, 0x00000000eab00000)
  object space 68608K, 39% used [0x00000000c0000000,0x00000000c1a702e8,0x00000000c4300000)
 Metaspace       used 49746K, committed 50496K, reserved 1114112K
  class space    used 5402K, committed 5760K, reserved 1048576K
}
Event: 11.882 GC heap after
{Heap after GC invocations=23 (full 2):
 PSYoungGen      total 24064K, used 2016K [0x00000000eab00000, 0x00000000ec980000, 0x0000000100000000)
  eden space 22016K, 0% used [0x00000000eab00000,0x00000000eab00000,0x00000000ec080000)
  from space 2048K, 98% used [0x00000000ec080000,0x00000000ec278010,0x00000000ec280000)
  to   space 4608K, 0% used [0x00000000ec500000,0x00000000ec500000,0x00000000ec980000)
 ParOldGen       total 68608K, used 28991K [0x00000000c0000000, 0x00000000c4300000, 0x00000000eab00000)
  object space 68608K, 42% used [0x00000000c0000000,0x00000000c1c4fd58,0x00000000c4300000)
 Metaspace       used 49746K, committed 50496K, reserved 1114112K
  class space    used 5402K, committed 5760K, reserved 1048576K
}
Event: 11.910 GC heap before
{Heap before GC invocations=24 (full 2):
 PSYoungGen      total 24064K, used 24032K [0x00000000eab00000, 0x00000000ec980000, 0x0000000100000000)
  eden space 22016K, 100% used [0x00000000eab00000,0x00000000ec080000,0x00000000ec080000)
  from space 2048K, 98% used [0x00000000ec080000,0x00000000ec278010,0x00000000ec280000)
  to   space 4608K, 0% used [0x00000000ec500000,0x00000000ec500000,0x00000000ec980000)
 ParOldGen       total 68608K, used 28991K [0x00000000c0000000, 0x00000000c4300000, 0x00000000eab00000)
  object space 68608K, 42% used [0x00000000c0000000,0x00000000c1c4fd58,0x00000000c4300000)
 Metaspace       used 49746K, committed 50496K, reserved 1114112K
  class space    used 5402K, committed 5760K, reserved 1048576K
}
Event: 11.914 GC heap after
{Heap after GC invocations=24 (full 2):
 PSYoungGen      total 24064K, used 1984K [0x00000000eab00000, 0x00000000ec700000, 0x0000000100000000)
  eden space 22016K, 0% used [0x00000000eab00000,0x00000000eab00000,0x00000000ec080000)
  from space 2048K, 96% used [0x00000000ec500000,0x00000000ec6f0000,0x00000000ec700000)
  to   space 3072K, 0% used [0x00000000ec100000,0x00000000ec100000,0x00000000ec400000)
 ParOldGen       total 68608K, used 31037K [0x00000000c0000000, 0x00000000c4300000, 0x00000000eab00000)
  object space 68608K, 45% used [0x00000000c0000000,0x00000000c1e4f5e8,0x00000000c4300000)
 Metaspace       used 49746K, committed 50496K, reserved 1114112K
  class space    used 5402K, committed 5760K, reserved 1048576K
}
Event: 12.296 GC heap before
{Heap before GC invocations=25 (full 2):
 PSYoungGen      total 24064K, used 24000K [0x00000000eab00000, 0x00000000ec700000, 0x0000000100000000)
  eden space 22016K, 100% used [0x00000000eab00000,0x00000000ec080000,0x00000000ec080000)
  from space 2048K, 96% used [0x00000000ec500000,0x00000000ec6f0000,0x00000000ec700000)
  to   space 3072K, 0% used [0x00000000ec100000,0x00000000ec100000,0x00000000ec400000)
 ParOldGen       total 68608K, used 31037K [0x00000000c0000000, 0x00000000c4300000, 0x00000000eab00000)
  object space 68608K, 45% used [0x00000000c0000000,0x00000000c1e4f5e8,0x00000000c4300000)
 Metaspace       used 50004K, committed 50752K, reserved 1114112K
  class space    used 5417K, committed 5760K, reserved 1048576K
}
Event: 12.298 GC heap after
{Heap after GC invocations=25 (full 2):
 PSYoungGen      total 24064K, used 2048K [0x00000000eab00000, 0x00000000ec580000, 0x0000000100000000)
  eden space 22016K, 0% used [0x00000000eab00000,0x00000000eab00000,0x00000000ec080000)
  from space 2048K, 100% used [0x00000000ec100000,0x00000000ec300000,0x00000000ec300000)
  to   space 2560K, 0% used [0x00000000ec300000,0x00000000ec300000,0x00000000ec580000)
 ParOldGen       total 68608K, used 32885K [0x00000000c0000000, 0x00000000c4300000, 0x00000000eab00000)
  object space 68608K, 47% used [0x00000000c0000000,0x00000000c201d5e8,0x00000000c4300000)
 Metaspace       used 50004K, committed 50752K, reserved 1114112K
  class space    used 5417K, committed 5760K, reserved 1048576K
}
Event: 13.970 GC heap before
{Heap before GC invocations=26 (full 2):
 PSYoungGen      total 24064K, used 24064K [0x00000000eab00000, 0x00000000ec580000, 0x0000000100000000)
  eden space 22016K, 100% used [0x00000000eab00000,0x00000000ec080000,0x00000000ec080000)
  from space 2048K, 100% used [0x00000000ec100000,0x00000000ec300000,0x00000000ec300000)
  to   space 2560K, 0% used [0x00000000ec300000,0x00000000ec300000,0x00000000ec580000)
 ParOldGen       total 68608K, used 32885K [0x00000000c0000000, 0x00000000c4300000, 0x00000000eab00000)
  object space 68608K, 47% used [0x00000000c0000000,0x00000000c201d5e8,0x00000000c4300000)
 Metaspace       used 51242K, committed 51968K, reserved 1114112K
  class space    used 5627K, committed 5952K, reserved 1048576K
}
Event: 13.972 GC heap after
{Heap after GC invocations=26 (full 2):
 PSYoungGen      total 23552K, used 1249K [0x00000000eab00000, 0x00000000ec480000, 0x0000000100000000)
  eden space 22016K, 0% used [0x00000000eab00000,0x00000000eab00000,0x00000000ec080000)
  from space 1536K, 81% used [0x00000000ec300000,0x00000000ec438498,0x00000000ec480000)
  to   space 2048K, 0% used [0x00000000ec080000,0x00000000ec080000,0x00000000ec280000)
 ParOldGen       total 68608K, used 34861K [0x00000000c0000000, 0x00000000c4300000, 0x00000000eab00000)
  object space 68608K, 50% used [0x00000000c0000000,0x00000000c220b5e8,0x00000000c4300000)
 Metaspace       used 51242K, committed 51968K, reserved 1114112K
  class space    used 5627K, committed 5952K, reserved 1048576K
}
Event: 16.461 GC heap before
{Heap before GC invocations=27 (full 2):
 PSYoungGen      total 23552K, used 23265K [0x00000000eab00000, 0x00000000ec480000, 0x0000000100000000)
  eden space 22016K, 100% used [0x00000000eab00000,0x00000000ec080000,0x00000000ec080000)
  from space 1536K, 81% used [0x00000000ec300000,0x00000000ec438498,0x00000000ec480000)
  to   space 2048K, 0% used [0x00000000ec080000,0x00000000ec080000,0x00000000ec280000)
 ParOldGen       total 68608K, used 34861K [0x00000000c0000000, 0x00000000c4300000, 0x00000000eab00000)
  object space 68608K, 50% used [0x00000000c0000000,0x00000000c220b5e8,0x00000000c4300000)
 Metaspace       used 52861K, committed 53632K, reserved 1114112K
  class space    used 5927K, committed 6272K, reserved 1048576K
}
Event: 16.463 GC heap after
{Heap after GC invocations=27 (full 2):
 PSYoungGen      total 24064K, used 2036K [0x00000000eab00000, 0x00000000ecd80000, 0x0000000100000000)
  eden space 22016K, 0% used [0x00000000eab00000,0x00000000eab00000,0x00000000ec080000)
  from space 2048K, 99% used [0x00000000ec080000,0x00000000ec27d048,0x00000000ec280000)
  to   space 6656K, 0% used [0x00000000ec700000,0x00000000ec700000,0x00000000ecd80000)
 ParOldGen       total 68608K, used 38558K [0x00000000c0000000, 0x00000000c4300000, 0x00000000eab00000)
  object space 68608K, 56% used [0x00000000c0000000,0x00000000c25a79a0,0x00000000c4300000)
 Metaspace       used 52861K, committed 53632K, reserved 1114112K
  class space    used 5927K, committed 6272K, reserved 1048576K
}

Dll operation events (11 events):
Event: 0.014 Loaded shared library c:\Users\Finner\.vscode\extensions\redhat.java-1.20.0-win32-x64\jre\17.0.7-win32-x86_64\bin\java.dll
Event: 0.206 Loaded shared library c:\Users\Finner\.vscode\extensions\redhat.java-1.20.0-win32-x64\jre\17.0.7-win32-x86_64\bin\zip.dll
Event: 0.209 Loaded shared library C:\Users\Finner\.vscode\extensions\redhat.java-1.20.0-win32-x64\jre\17.0.7-win32-x86_64\bin\instrument.dll
Event: 0.224 Loaded shared library C:\Users\Finner\.vscode\extensions\redhat.java-1.20.0-win32-x64\jre\17.0.7-win32-x86_64\bin\net.dll
Event: 0.226 Loaded shared library C:\Users\Finner\.vscode\extensions\redhat.java-1.20.0-win32-x64\jre\17.0.7-win32-x86_64\bin\nio.dll
Event: 0.235 Loaded shared library C:\Users\Finner\.vscode\extensions\redhat.java-1.20.0-win32-x64\jre\17.0.7-win32-x86_64\bin\zip.dll
Event: 0.252 Loaded shared library C:\Users\Finner\.vscode\extensions\redhat.java-1.20.0-win32-x64\jre\17.0.7-win32-x86_64\bin\jimage.dll
Event: 0.318 Loaded shared library c:\Users\Finner\.vscode\extensions\redhat.java-1.20.0-win32-x64\jre\17.0.7-win32-x86_64\bin\verify.dll
Event: 1.836 Loaded shared library C:\Users\Finner\AppData\Roaming\Code\User\globalStorage\redhat.java\1.20.0\config_win\org.eclipse.equinox.launcher\org.eclipse.equinox.launcher.win32.win32.x86_64_1.2.700.v20221108-1024\eclipse_11801.dll
Event: 4.256 Loaded shared library C:\Windows\Temp\jna-2104396240\jna11157139893223334625.dll
Event: 16.321 Loaded shared library C:\Users\Finner\.gradle\native\29\windows-amd64\native-platform.dll

Deoptimization events (20 events):
Event: 21.467 Thread 0x000002de7162c550 Uncommon trap: trap_request=0xffffffde fr.pc=0x000002de6169cfe8 relative=0x00000000000000c8
Event: 21.467 Thread 0x000002de7162c550 Uncommon trap: reason=class_check action=maybe_recompile pc=0x000002de6169cfe8 method=java.util.AbstractList$Itr.next()Ljava/lang/Object; @ 14 c2
Event: 21.467 Thread 0x000002de7162c550 DEOPT PACKING pc=0x000002de6169cfe8 sp=0x000000ea631fe8d0
Event: 21.467 Thread 0x000002de7162c550 DEOPT UNPACKING pc=0x000002de60e066a3 sp=0x000000ea631fe868 mode 2
Event: 21.467 Thread 0x000002de7162c550 Uncommon trap: trap_request=0xffffffde fr.pc=0x000002de6169cfe8 relative=0x00000000000000c8
Event: 21.467 Thread 0x000002de7162c550 Uncommon trap: reason=class_check action=maybe_recompile pc=0x000002de6169cfe8 method=java.util.AbstractList$Itr.next()Ljava/lang/Object; @ 14 c2
Event: 21.467 Thread 0x000002de7162c550 DEOPT PACKING pc=0x000002de6169cfe8 sp=0x000000ea631fe8d0
Event: 21.467 Thread 0x000002de7162c550 DEOPT UNPACKING pc=0x000002de60e066a3 sp=0x000000ea631fe868 mode 2
Event: 21.467 Thread 0x000002de7162c550 Uncommon trap: trap_request=0xffffffde fr.pc=0x000002de6169cfe8 relative=0x00000000000000c8
Event: 21.467 Thread 0x000002de7162c550 Uncommon trap: reason=class_check action=maybe_recompile pc=0x000002de6169cfe8 method=java.util.AbstractList$Itr.next()Ljava/lang/Object; @ 14 c2
Event: 21.467 Thread 0x000002de7162c550 DEOPT PACKING pc=0x000002de6169cfe8 sp=0x000000ea631fe8d0
Event: 21.467 Thread 0x000002de7162c550 DEOPT UNPACKING pc=0x000002de60e066a3 sp=0x000000ea631fe868 mode 2
Event: 21.467 Thread 0x000002de7162c550 Uncommon trap: trap_request=0xffffffdc fr.pc=0x000002de616a4848 relative=0x00000000000002a8
Event: 21.467 Thread 0x000002de7162c550 Uncommon trap: reason=class_check action=make_not_entrant pc=0x000002de616a4848 method=java.util.ArrayList.toArray([Ljava/lang/Object;)[Ljava/lang/Object; @ 21 c2
Event: 21.467 Thread 0x000002de7162c550 DEOPT PACKING pc=0x000002de616a4848 sp=0x000000ea631fe9f0
Event: 21.467 Thread 0x000002de7162c550 DEOPT UNPACKING pc=0x000002de60e066a3 sp=0x000000ea631fe9c0 mode 2
Event: 21.467 Thread 0x000002de758f4ba0 Uncommon trap: trap_request=0xffffff45 fr.pc=0x000002de615a424c relative=0x000000000000004c
Event: 21.467 Thread 0x000002de758f4ba0 Uncommon trap: reason=unstable_if action=reinterpret pc=0x000002de615a424c method=java.lang.Thread.interrupted()Z @ 10 c2
Event: 21.467 Thread 0x000002de758f4ba0 DEOPT PACKING pc=0x000002de615a424c sp=0x000000ea639ff190
Event: 21.467 Thread 0x000002de758f4ba0 DEOPT UNPACKING pc=0x000002de60e066a3 sp=0x000000ea639ff120 mode 2

Classes unloaded (7 events):
Event: 2.907 Thread 0x000002de6aa76aa0 Unloading class 0x0000000100214400 'java/lang/invoke/LambdaForm$MH+0x0000000100214400'
Event: 2.907 Thread 0x000002de6aa76aa0 Unloading class 0x0000000100214000 'java/lang/invoke/LambdaForm$MH+0x0000000100214000'
Event: 2.907 Thread 0x000002de6aa76aa0 Unloading class 0x0000000100213c00 'java/lang/invoke/LambdaForm$MH+0x0000000100213c00'
Event: 2.907 Thread 0x000002de6aa76aa0 Unloading class 0x0000000100213400 'java/lang/invoke/LambdaForm$MH+0x0000000100213400'
Event: 2.907 Thread 0x000002de6aa76aa0 Unloading class 0x0000000100213000 'java/lang/invoke/LambdaForm$BMH+0x0000000100213000'
Event: 2.907 Thread 0x000002de6aa76aa0 Unloading class 0x0000000100212c00 'java/lang/invoke/LambdaForm$DMH+0x0000000100212c00'
Event: 2.907 Thread 0x000002de6aa76aa0 Unloading class 0x0000000100210000 'java/lang/invoke/LambdaForm$DMH+0x0000000100210000'

Classes redefined (0 events):
No events

Internal exceptions (20 events):
Event: 12.628 Thread 0x000002de7162c550 Exception <a 'sun/nio/fs/WindowsException'{0x00000000eb584048}> (0x00000000eb584048) 
thrown [s\src\hotspot\share\prims\jni.cpp, line 516]
Event: 12.628 Thread 0x000002de7162c550 Exception <a 'sun/nio/fs/WindowsException'{0x00000000eb584600}> (0x00000000eb584600) 
thrown [s\src\hotspot\share\prims\jni.cpp, line 516]
Event: 12.628 Thread 0x000002de7162c550 Exception <a 'sun/nio/fs/WindowsException'{0x00000000eb584bd8}> (0x00000000eb584bd8) 
thrown [s\src\hotspot\share\prims\jni.cpp, line 516]
Event: 12.638 Thread 0x000002de7162c550 Exception <a 'sun/nio/fs/WindowsException'{0x00000000eb58cb28}> (0x00000000eb58cb28) 
thrown [s\src\hotspot\share\prims\jni.cpp, line 516]
Event: 12.638 Thread 0x000002de7162c550 Exception <a 'sun/nio/fs/WindowsException'{0x00000000eb58d100}> (0x00000000eb58d100) 
thrown [s\src\hotspot\share\prims\jni.cpp, line 516]
Event: 12.638 Thread 0x000002de7162c550 Exception <a 'sun/nio/fs/WindowsException'{0x00000000eb58d6d8}> (0x00000000eb58d6d8) 
thrown [s\src\hotspot\share\prims\jni.cpp, line 516]
Event: 12.638 Thread 0x000002de7162c550 Exception <a 'sun/nio/fs/WindowsException'{0x00000000eb58dcd0}> (0x00000000eb58dcd0) 
thrown [s\src\hotspot\share\prims\jni.cpp, line 516]
Event: 12.639 Thread 0x000002de7162c550 Exception <a 'sun/nio/fs/WindowsException'{0x00000000eb592900}> (0x00000000eb592900) 
thrown [s\src\hotspot\share\prims\jni.cpp, line 516]
Event: 12.639 Thread 0x000002de7162c550 Exception <a 'sun/nio/fs/WindowsException'{0x00000000eb592eb8}> (0x00000000eb592eb8) 
thrown [s\src\hotspot\share\prims\jni.cpp, line 516]
Event: 12.639 Thread 0x000002de7162c550 Exception <a 'sun/nio/fs/WindowsException'{0x00000000eb593470}> (0x00000000eb593470) 
thrown [s\src\hotspot\share\prims\jni.cpp, line 516]
Event: 12.639 Thread 0x000002de7162c550 Exception <a 'sun/nio/fs/WindowsException'{0x00000000eb593a48}> (0x00000000eb593a48) 
thrown [s\src\hotspot\share\prims\jni.cpp, line 516]
Event: 12.639 Thread 0x000002de7162c550 Exception <a 'sun/nio/fs/WindowsException'{0x00000000eb5994d8}> (0x00000000eb5994d8) 
thrown [s\src\hotspot\share\prims\jni.cpp, line 516]
Event: 12.639 Thread 0x000002de7162c550 Exception <a 'sun/nio/fs/WindowsException'{0x00000000eb599aa0}> (0x00000000eb599aa0) 
thrown [s\src\hotspot\share\prims\jni.cpp, line 516]
Event: 12.639 Thread 0x000002de7162c550 Exception <a 'sun/nio/fs/WindowsException'{0x00000000eb59a068}> (0x00000000eb59a068) 
thrown [s\src\hotspot\share\prims\jni.cpp, line 516]
Event: 12.639 Thread 0x000002de7162c550 Exception <a 'sun/nio/fs/WindowsException'{0x00000000eb59a648}> (0x00000000eb59a648) 
thrown [s\src\hotspot\share\prims\jni.cpp, line 516]
Event: 12.887 Thread 0x000002de758f4ba0 Implicit null exception at 0x000002de614ed520 to 0x000002de614ed844
Event: 16.275 Thread 0x000002de758f4ba0 Exception <a 'java/lang/NoSuchMethodError'{0x00000000eb6ce188}: 'java.lang.Object java.lang.invoke.DirectMethodHandle$Holder.invokeVirtual(java.lang.Object, java.lang.Object, java.lang.Object, java.lang.Object, java.lang.Object)'> (0x00000000eb6ce188) 
thrown [s\src\hotspot\share\interpreter\linkResolver.cpp, line 759]
Event: 21.464 Thread 0x000002de758f4ba0 Exception <a 'java/lang/OutOfMemoryError'{0x00000000ebe6cbc0}> (0x00000000ebe6cbc0) 
thrown [s\src\hotspot\share\prims\jni.cpp, line 535]
Event: 21.465 Thread 0x000002de758f4ba0 Exception <a 'java/lang/reflect/InvocationTargetException'{0x00000000ebe705b0}> (0x00000000ebe705b0) 
thrown [s\src\hotspot\share\runtime\reflection.cpp, line 1121]
Event: 21.465 Thread 0x000002de758f4ba0 Exception <a 'java/lang/reflect/InvocationTargetException'{0x00000000ebe70c30}> (0x00000000ebe70c30) 
thrown [s\src\hotspot\share\runtime\reflection.cpp, line 1121]

VM Operations (20 events):
Event: 12.948 Executing VM operation: HandshakeAllThreads
Event: 12.948 Executing VM operation: HandshakeAllThreads done
Event: 13.948 Executing VM operation: Cleanup
Event: 13.948 Executing VM operation: Cleanup done
Event: 13.970 Executing VM operation: ParallelGCFailedAllocation
Event: 13.972 Executing VM operation: ParallelGCFailedAllocation done
Event: 14.984 Executing VM operation: Cleanup
Event: 14.984 Executing VM operation: Cleanup done
Event: 16.461 Executing VM operation: ParallelGCFailedAllocation
Event: 16.463 Executing VM operation: ParallelGCFailedAllocation done
Event: 17.473 Executing VM operation: Cleanup
Event: 17.473 Executing VM operation: Cleanup done
Event: 19.475 Executing VM operation: Cleanup
Event: 19.475 Executing VM operation: Cleanup done
Event: 20.475 Executing VM operation: Cleanup
Event: 20.475 Executing VM operation: Cleanup done
Event: 21.452 Executing VM operation: HandshakeAllThreads
Event: 21.452 Executing VM operation: HandshakeAllThreads done
Event: 21.467 Executing VM operation: HandshakeAllThreads
Event: 21.467 Executing VM operation: HandshakeAllThreads done

Events (20 events):
Event: 12.928 loading class java/lang/StrictMath done
Event: 12.939 loading class java/io/FileFilter
Event: 12.939 loading class java/io/FileFilter done
Event: 12.953 loading class java/util/concurrent/ConcurrentHashMap$ValueSpliterator
Event: 12.953 loading class java/util/concurrent/ConcurrentHashMap$ValueSpliterator done
Event: 12.954 loading class jdk/internal/loader/BootLoader$PackageHelper
Event: 12.954 loading class jdk/internal/loader/BootLoader$PackageHelper done
Event: 13.073 Thread 0x000002de71629c20 Thread exited: 0x000002de71629c20
Event: 13.084 Thread 0x000002de7162ab50 Thread exited: 0x000002de7162ab50
Event: 21.464 loading class java/util/zip/DataFormatException
Event: 21.465 loading class java/util/zip/DataFormatException done
Event: 21.465 loading class java/util/AbstractList$RandomAccessSubList
Event: 21.466 loading class java/util/AbstractList$SubList
Event: 21.466 loading class java/util/AbstractList$SubList done
Event: 21.466 loading class java/util/AbstractList$RandomAccessSubList done
Event: 21.466 loading class java/util/AbstractList$SubList$1
Event: 21.466 loading class java/util/AbstractList$SubList$1 done
Event: 21.466 loading class java/util/AbstractList$ListItr
Event: 21.466 loading class java/util/AbstractList$ListItr done
Event: 21.467 Thread 0x000002de758f4ba0 Thread exited: 0x000002de758f4ba0


Dynamic libraries:
0x00007ff7404b0000 - 0x00007ff7404be000 	c:\Users\Finner\.vscode\extensions\redhat.java-1.20.0-win32-x64\jre\17.0.7-win32-x86_64\bin\java.exe
0x00007ff874d50000 - 0x00007ff874f48000 	C:\Windows\SYSTEM32\ntdll.dll
0x00007ff874bc0000 - 0x00007ff874c7f000 	C:\Windows\System32\KERNEL32.DLL
0x00007ff8724b0000 - 0x00007ff8727a6000 	C:\Windows\System32\KERNELBASE.dll
0x00007ff8729c0000 - 0x00007ff872ac0000 	C:\Windows\System32\ucrtbase.dll
0x00007ff81fd80000 - 0x00007ff81fd97000 	c:\Users\Finner\.vscode\extensions\redhat.java-1.20.0-win32-x64\jre\17.0.7-win32-x86_64\bin\jli.dll
0x00007ff873870000 - 0x00007ff873a0d000 	C:\Windows\System32\USER32.dll
0x00007ff872430000 - 0x00007ff872452000 	C:\Windows\System32\win32u.dll
0x00007ff873840000 - 0x00007ff87386c000 	C:\Windows\System32\GDI32.dll
0x00007ff872ac0000 - 0x00007ff872bd5000 	C:\Windows\System32\gdi32full.dll
0x00007ff872be0000 - 0x00007ff872c7d000 	C:\Windows\System32\msvcp_win.dll
0x00007ff81f990000 - 0x00007ff81f9a9000 	c:\Users\Finner\.vscode\extensions\redhat.java-1.20.0-win32-x64\jre\17.0.7-win32-x86_64\bin\VCRUNTIME140.dll
0x00007ff8582e0000 - 0x00007ff85857a000 	C:\Windows\WinSxS\amd64_microsoft.windows.common-controls_6595b64144ccf1df_6.0.19041.1110_none_60b5254171f9507e\COMCTL32.dll
0x00007ff874ab0000 - 0x00007ff874b4e000 	C:\Windows\System32\msvcrt.dll
0x00007ff873bf0000 - 0x00007ff873c20000 	C:\Windows\System32\IMM32.DLL
0x00007ff841e20000 - 0x00007ff841e2c000 	c:\Users\Finner\.vscode\extensions\redhat.java-1.20.0-win32-x64\jre\17.0.7-win32-x86_64\bin\vcruntime140_1.dll
0x00007ff81f210000 - 0x00007ff81f2a1000 	c:\Users\Finner\.vscode\extensions\redhat.java-1.20.0-win32-x64\jre\17.0.7-win32-x86_64\bin\msvcp140.dll
0x00007ff812670000 - 0x00007ff8132b8000 	c:\Users\Finner\.vscode\extensions\redhat.java-1.20.0-win32-x64\jre\17.0.7-win32-x86_64\bin\server\jvm.dll
0x00007ff873650000 - 0x00007ff8736ff000 	C:\Windows\System32\ADVAPI32.dll
0x00007ff873010000 - 0x00007ff8730ac000 	C:\Windows\System32\sechost.dll
0x00007ff873ac0000 - 0x00007ff873be6000 	C:\Windows\System32\RPCRT4.dll
0x00007ff849a40000 - 0x00007ff849a49000 	C:\Windows\SYSTEM32\WSOCK32.dll
0x00007ff874b50000 - 0x00007ff874bbb000 	C:\Windows\System32\WS2_32.dll
0x00007ff860870000 - 0x00007ff860897000 	C:\Windows\SYSTEM32\WINMM.dll
0x00007ff870270000 - 0x00007ff87027a000 	C:\Windows\SYSTEM32\VERSION.dll
0x00007ff870c70000 - 0x00007ff870c82000 	C:\Windows\SYSTEM32\kernel.appcore.dll
0x00007ff841090000 - 0x00007ff84109a000 	c:\Users\Finner\.vscode\extensions\redhat.java-1.20.0-win32-x64\jre\17.0.7-win32-x86_64\bin\jimage.dll
0x00007ff86f8f0000 - 0x00007ff86fad4000 	C:\Windows\SYSTEM32\DBGHELP.DLL
0x00007ff85e360000 - 0x00007ff85e394000 	C:\Windows\SYSTEM32\dbgcore.DLL
0x00007ff872cb0000 - 0x00007ff872d32000 	C:\Windows\System32\bcryptPrimitives.dll
0x00007ff86dc50000 - 0x00007ff86dc5e000 	c:\Users\Finner\.vscode\extensions\redhat.java-1.20.0-win32-x64\jre\17.0.7-win32-x86_64\bin\instrument.dll
0x00007ff81f370000 - 0x00007ff81f395000 	c:\Users\Finner\.vscode\extensions\redhat.java-1.20.0-win32-x64\jre\17.0.7-win32-x86_64\bin\java.dll
0x00007ff8175e0000 - 0x00007ff8175f8000 	c:\Users\Finner\.vscode\extensions\redhat.java-1.20.0-win32-x64\jre\17.0.7-win32-x86_64\bin\zip.dll
0x00007ff873fa0000 - 0x00007ff8746e4000 	C:\Windows\System32\SHELL32.dll
0x00007ff8704c0000 - 0x00007ff870c53000 	C:\Windows\SYSTEM32\windows.storage.dll
0x00007ff874750000 - 0x00007ff874aa4000 	C:\Windows\System32\combase.dll
0x00007ff871e80000 - 0x00007ff871eae000 	C:\Windows\SYSTEM32\Wldp.dll
0x00007ff873a10000 - 0x00007ff873abd000 	C:\Windows\System32\SHCORE.dll
0x00007ff874cb0000 - 0x00007ff874d05000 	C:\Windows\System32\shlwapi.dll
0x00007ff872370000 - 0x00007ff87238f000 	C:\Windows\SYSTEM32\profapi.dll
0x00007ff8175c0000 - 0x00007ff8175d9000 	C:\Users\Finner\.vscode\extensions\redhat.java-1.20.0-win32-x64\jre\17.0.7-win32-x86_64\bin\net.dll
0x00007ff86a180000 - 0x00007ff86a28a000 	C:\Windows\SYSTEM32\WINHTTP.dll
0x00007ff871be0000 - 0x00007ff871c4a000 	C:\Windows\system32\mswsock.dll
0x00007ff8175a0000 - 0x00007ff8175b5000 	C:\Users\Finner\.vscode\extensions\redhat.java-1.20.0-win32-x64\jre\17.0.7-win32-x86_64\bin\nio.dll
0x00007ff83f9c0000 - 0x00007ff83f9d0000 	c:\Users\Finner\.vscode\extensions\redhat.java-1.20.0-win32-x64\jre\17.0.7-win32-x86_64\bin\verify.dll
0x00007ff843400000 - 0x00007ff84343e000 	C:\Users\Finner\AppData\Roaming\Code\User\globalStorage\redhat.java\1.20.0\config_win\org.eclipse.equinox.launcher\org.eclipse.equinox.launcher.win32.win32.x86_64_1.2.700.v20221108-1024\eclipse_11801.dll
0x00007ff873e70000 - 0x00007ff873f9a000 	C:\Windows\System32\ole32.dll
0x00007ff871dd0000 - 0x00007ff871de8000 	C:\Windows\SYSTEM32\CRYPTSP.dll
0x00007ff871490000 - 0x00007ff8714c4000 	C:\Windows\system32\rsaenh.dll
0x00007ff872c80000 - 0x00007ff872ca7000 	C:\Windows\System32\bcrypt.dll
0x00007ff872330000 - 0x00007ff87235e000 	C:\Windows\SYSTEM32\USERENV.dll
0x00007ff871df0000 - 0x00007ff871dfc000 	C:\Windows\SYSTEM32\CRYPTBASE.dll
0x00007ff871880000 - 0x00007ff8718bc000 	C:\Windows\SYSTEM32\IPHLPAPI.DLL
0x00007ff873c20000 - 0x00007ff873c28000 	C:\Windows\System32\NSI.dll
0x00007ff86b540000 - 0x00007ff86b557000 	C:\Windows\SYSTEM32\dhcpcsvc6.DLL
0x00007ff86b850000 - 0x00007ff86b86d000 	C:\Windows\SYSTEM32\dhcpcsvc.DLL
0x00007ff8718d0000 - 0x00007ff87199a000 	C:\Windows\SYSTEM32\DNSAPI.dll
0x00007ff839650000 - 0x00007ff839695000 	C:\Windows\Temp\jna-2104396240\jna11157139893223334625.dll
0x00007ff874c80000 - 0x00007ff874c88000 	C:\Windows\System32\PSAPI.DLL
0x00007ff826170000 - 0x00007ff826196000 	C:\Users\Finner\.gradle\native\29\windows-amd64\native-platform.dll

dbghelp: loaded successfully - version: 4.0.5 - missing functions: none
symbol engine: initialized successfully - sym options: 0x614 - pdb path: .;c:\Users\Finner\.vscode\extensions\redhat.java-1.20.0-win32-x64\jre\17.0.7-win32-x86_64\bin;C:\Windows\SYSTEM32;C:\Windows\WinSxS\amd64_microsoft.windows.common-controls_6595b64144ccf1df_6.0.19041.1110_none_60b5254171f9507e;c:\Users\Finner\.vscode\extensions\redhat.java-1.20.0-win32-x64\jre\17.0.7-win32-x86_64\bin\server;C:\Users\Finner\AppData\Roaming\Code\User\globalStorage\redhat.java\1.20.0\config_win\org.eclipse.equinox.launcher\org.eclipse.equinox.launcher.win32.win32.x86_64_1.2.700.v20221108-1024;C:\Windows\Temp\jna-2104396240;C:\Users\Finner\.gradle\native\29\windows-amd64

VM Arguments:
jvm_args: --add-modules=ALL-SYSTEM --add-opens=java.base/java.util=ALL-UNNAMED --add-opens=java.base/java.lang=ALL-UNNAMED --add-opens=java.base/sun.nio.fs=ALL-UNNAMED -Declipse.application=org.eclipse.jdt.ls.core.id1 -Dosgi.bundles.defaultStartLevel=4 -Declipse.product=org.eclipse.jdt.ls.core.product -Djava.import.generatesMetadataFilesAtProjectRoot=false -Dfile.encoding=utf8 -XX:+UseParallelGC -XX:GCTimeRatio=4 -XX:AdaptiveSizePolicyWeight=90 -Dsun.zip.disableMemoryMapping=true -Xmx1G -Xms100m -Xlog:disable -javaagent:c:\Users\Finner\.vscode\extensions\redhat.java-1.20.0-win32-x64\lombok\lombok-1.18.28.jar -XX:+HeapDumpOnOutOfMemoryError -XX:HeapDumpPath=c:\Users\Finner\AppData\Roaming\Code\User\workspaceStorage\871a5784b85397140abcb29d54c8b749\redhat.java -Daether.dependencyCollector.impl=bf 
java_command: c:\Users\Finner\.vscode\extensions\redhat.java-1.20.0-win32-x64\server\plugins\org.eclipse.equinox.launcher_1.6.500.v20230622-2056.jar -configuration c:\Users\Finner\AppData\Roaming\Code\User\globalStorage\redhat.java\1.20.0\config_win -data c:\Users\Finner\AppData\Roaming\Code\User\workspaceStorage\871a5784b85397140abcb29d54c8b749\redhat.java\jdt_ws
java_class_path (initial): c:\Users\Finner\.vscode\extensions\redhat.java-1.20.0-win32-x64\server\plugins\org.eclipse.equinox.launcher_1.6.500.v20230622-2056.jar
Launcher Type: SUN_STANDARD

[Global flags]
    uintx AdaptiveSizePolicyWeight                 = 90                                        {product} {command line}
     intx CICompilerCount                          = 4                                         {product} {ergonomic}
    uintx GCTimeRatio                              = 4                                         {product} {command line}
     bool HeapDumpOnOutOfMemoryError               = true                                   {manageable} {command line}
    ccstr HeapDumpPath                             = c:\Users\Finner\AppData\Roaming\Code\User\workspaceStorage\871a5784b85397140abcb29d54c8b749\redhat.java         {manageable} {command line}
   size_t InitialHeapSize                          = 104857600                                 {product} {command line}
   size_t MaxHeapSize                              = 1073741824                                {product} {command line}
   size_t MaxNewSize                               = 357564416                                 {product} {ergonomic}
   size_t MinHeapDeltaBytes                        = 524288                                    {product} {ergonomic}
   size_t MinHeapSize                              = 104857600                                 {product} {command line}
   size_t NewSize                                  = 34603008                                  {product} {ergonomic}
    uintx NonNMethodCodeHeapSize                   = 5839372                                {pd product} {ergonomic}
    uintx NonProfiledCodeHeapSize                  = 122909434                              {pd product} {ergonomic}
   size_t OldSize                                  = 70254592                                  {product} {ergonomic}
    uintx ProfiledCodeHeapSize                     = 122909434                              {pd product} {ergonomic}
    uintx ReservedCodeCacheSize                    = 251658240                              {pd product} {ergonomic}
     bool SegmentedCodeCache                       = true                                      {product} {ergonomic}
   size_t SoftMaxHeapSize                          = 1073741824                             {manageable} {ergonomic}
     bool UseCompressedClassPointers               = true                           {product lp64_product} {ergonomic}
     bool UseCompressedOops                        = true                           {product lp64_product} {ergonomic}
     bool UseLargePagesIndividualAllocation        = false                                  {pd product} {ergonomic}
     bool UseParallelGC                            = true                                      {product} {command line}

Logging:
Log output configuration:
 #0: stdout all=off uptime,level,tags
 #1: stderr all=off uptime,level,tags

Environment Variables:
JAVA_HOME=C:\Program Files\Microsoft\jdk-11.0.18.10-hotspot\
PATH=C:\Program Files (x86)\Common Files\Intel\Shared Libraries\redist\intel64\compiler;C:\Program Files\Microsoft\jdk-11.0.18.10-hotspot\bin;C:\Program Files (x86)\Intel\iCLS Client\;C:\Program Files\Intel\iCLS Client\;C:\Windows\system32;C:\Windows;C:\Windows\System32\Wbem;C:\Windows\System32\WindowsPowerShell\v1.0\;C:\Windows\System32\OpenSSH\;C:\Program Files (x86)\NVIDIA Corporation\PhysX\Common;C:\Program Files\NVIDIA Corporation\NVIDIA NvDLISR;C:\ProgramData\chocolatey\bin;C:\Program Files\Git\cmd;C:\Program Files\OpenJDK\openjdk-11.0.16_8\bin;c:\Program Files (x86)\Intel\Intel(R) Management Engine Components\DAL;c:\Program Files\Intel\Intel(R) Management Engine Components\DAL;c:\Program Files (x86)\Intel\Intel(R) Management Engine Components\IPT;c:\Program Files\Intel\Intel(R) Management Engine Components\IPT;C:\Program Files\PowerShell\7-preview\preview;C:\Program Files\nodejs\;C:\Users\Finner\.amplify\bin;C:\Users\Finner\AppData\Local\Microsoft\WindowsApps;C:\Users\Finner\AppData\Local\Android\Sdk\platform-tools;C:\Users\Finner\AppData\Local\Programs\oh-my-posh\bin;C:\Users\Finner\AppData\Local\Programs\Microsoft VS Code\bin;C:\Users\Finner\AppData\Roaming\npm;C:\Program Files\nodejs;
USERNAME=Finner
OS=Windows_NT
PROCESSOR_IDENTIFIER=Intel64 Family 6 Model 158 Stepping 9, GenuineIntel
TMP=C:\Windows\TEMP
TEMP=C:\Users\Finner\AppData\Local\Temp



---------------  S Y S T E M  ---------------

OS:
 Windows 10 , 64 bit Build 19041 (10.0.19041.3031)
OS uptime: 3 days 19:57 hours

CPU: total 8 (initial active 8) (4 cores per cpu, 2 threads per core) family 6 model 158 stepping 9 microcode 0xb4, cx8, cmov, fxsr, ht, mmx, 3dnowpref, sse, sse2, sse3, ssse3, sse4.1, sse4.2, popcnt, lzcnt, tsc, tscinvbit, avx, avx2, aes, erms, clmul, bmi1, bmi2, adx, fma, vzeroupper, clflush, clflushopt

Memory: 4k page, system-wide physical 16276M (2494M free)
TotalPageFile size 19135M (AvailPageFile size 7M)
current process WorkingSet (physical memory assigned to process): 205M, peak: 227M
current process commit charge ("private bytes"): 280M, peak: 310M

vm_info: OpenJDK 64-Bit Server VM (17.0.7+7) for windows-amd64 JRE (17.0.7+7), built on Apr 18 2023 22:10:42 by "temurin" with MS VC++ 16.7 (VS2019)

END.
