#
# There is insufficient memory for the Java Runtime Environment to continue.
# Native memory allocation (malloc) failed to allocate 1273376 bytes for Chunk::new
# Possible reasons:
#   The system is out of physical RAM or swap space
#   The process is running with CompressedOops enabled, and the Java Heap may be blocking the growth of the native heap
# Possible solutions:
#   Reduce memory load on the system
#   Increase physical memory or swap space
#   Check if swap backing store is full
#   Decrease Java heap size (-Xmx/-Xms)
#   Decrease number of Java threads
#   Decrease Java thread stack sizes (-Xss)
#   Set larger code cache with -XX:ReservedCodeCacheSize=
#   JVM is running with Unscaled Compressed Oops mode in which the Java heap is
#     placed in the first 4GB address space. The Java Heap base address is the
#     maximum limit for the native heap growth. Please use -XX:HeapBaseMinAddress
#     to set the Java Heap base and to place the Java Heap above 4GB virtual address.
# This output file may be truncated or incomplete.
#
#  Out of Memory Error (arena.cpp:189), pid=19312, tid=20116
#
# JRE version: OpenJDK Runtime Environment Temurin-17.0.5+8 (17.0.5+8) (build 17.0.5+8)
# Java VM: OpenJDK 64-Bit Server VM Temurin-17.0.5+8 (17.0.5+8, mixed mode, tiered, compressed oops, compressed class ptrs, parallel gc, windows-amd64)
# No core dump will be written. Minidumps are not enabled by default on client versions of Windows
#

---------------  S U M M A R Y ------------

Command Line: --add-modules=ALL-SYSTEM --add-opens=java.base/java.util=ALL-UNNAMED --add-opens=java.base/java.lang=ALL-UNNAMED --add-opens=java.base/sun.nio.fs=ALL-UNNAMED -Declipse.application=org.eclipse.jdt.ls.core.id1 -Dosgi.bundles.defaultStartLevel=4 -Declipse.product=org.eclipse.jdt.ls.core.product -Djava.import.generatesMetadataFilesAtProjectRoot=false -Dfile.encoding=utf8 -XX:+UseParallelGC -XX:GCTimeRatio=4 -XX:AdaptiveSizePolicyWeight=90 -Dsun.zip.disableMemoryMapping=true -Xmx1G -Xms100m -Xlog:disable -javaagent:c:\Users\Finner\.vscode\extensions\redhat.java-1.14.0-win32-x64\lombok\lombok-1.18.24.jar -XX:+HeapDumpOnOutOfMemoryError -XX:HeapDumpPath=c:\Users\Finner\AppData\Roaming\Code\User\workspaceStorage\e5df9e4d8833e58d448e0562fffbb95c\redhat.java c:\Users\Finner\.vscode\extensions\redhat.java-1.14.0-win32-x64\server\plugins\org.eclipse.equinox.launcher_1.6.400.v20210924-0641.jar -configuration c:\Users\Finner\AppData\Roaming\Code\User\globalStorage\redhat.java\1.14.0\config_win -data c:\Users\Finner\AppData\Roaming\Code\User\workspaceStorage\e5df9e4d8833e58d448e0562fffbb95c\redhat.java\jdt_ws

Host: Intel(R) Core(TM) i7-7700HQ CPU @ 2.80GHz, 8 cores, 7G,  Windows 10 , 64 bit Build 19041 (10.0.19041.2546)
Time: Thu Feb 16 10:32:28 2023 SE Asia Standard Time elapsed time: 89.252178 seconds (0d 0h 1m 29s)

---------------  T H R E A D  ---------------

Current thread (0x000001ee6d147c20):  JavaThread "C2 CompilerThread0" daemon [_thread_in_native, id=20116, stack(0x0000006d36000000,0x0000006d36100000)]


Current CompileTask:
C2:  89252 7849       4       org.eclipse.jdt.internal.compiler.classfmt.ModuleInfo::readModuleAttribute (1166 bytes)

Stack: [0x0000006d36000000,0x0000006d36100000]
Native frames: (J=compiled Java code, j=interpreted, Vv=VM code, C=native code)
V  [jvm.dll+0x676b3a]
V  [jvm.dll+0x831444]
V  [jvm.dll+0x832bee]
V  [jvm.dll+0x833253]
V  [jvm.dll+0x244ce5]
V  [jvm.dll+0xabbac]
V  [jvm.dll+0xac17c]
V  [jvm.dll+0x362d57]
V  [jvm.dll+0x1bb2b2]
V  [jvm.dll+0x217ca9]
V  [jvm.dll+0x216f71]
V  [jvm.dll+0x1a343d]
V  [jvm.dll+0x22698a]
V  [jvm.dll+0x224ac5]
V  [jvm.dll+0x7e727b]
V  [jvm.dll+0x7e17ea]
V  [jvm.dll+0x6759e5]
C  [ucrtbase.dll+0x21bb2]
C  [KERNEL32.DLL+0x17614]
C  [ntdll.dll+0x526a1]


---------------  P R O C E S S  ---------------

Threads class SMR info:
_java_thread_list=0x000001ee6fc7f560, length=29, elements={
0x000001ee57800de0, 0x000001ee6b685740, 0x000001ee6b687c30, 0x000001ee6d143430,
0x000001ee6d145e00, 0x000001ee6d1466c0, 0x000001ee6d146f80, 0x000001ee6d147c20,
0x000001ee6d19f0e0, 0x000001ee6d1bbd80, 0x000001ee578be2e0, 0x000001ee6e0a8070,
0x000001ee6e779020, 0x000001ee6f503e30, 0x000001ee6f5cbf20, 0x000001ee6f5167f0,
0x000001ee6f80c3a0, 0x000001ee6f80d6e0, 0x000001ee6f80d210, 0x000001ee6f80b060,
0x000001ee6f80e080, 0x000001ee6f80ea20, 0x000001ee6f80e550, 0x000001ee6f80b530,
0x000001ee6f80bed0, 0x000001ee720528f0, 0x000001ee72050c10, 0x000001ee71f14810,
0x000001ee72050270
}

Java Threads: ( => current thread )
  0x000001ee57800de0 JavaThread "main" [_thread_blocked, id=16120, stack(0x0000006d35600000,0x0000006d35700000)]
  0x000001ee6b685740 JavaThread "Reference Handler" daemon [_thread_blocked, id=20900, stack(0x0000006d35900000,0x0000006d35a00000)]
  0x000001ee6b687c30 JavaThread "Finalizer" daemon [_thread_blocked, id=12356, stack(0x0000006d35a00000,0x0000006d35b00000)]
  0x000001ee6d143430 JavaThread "Signal Dispatcher" daemon [_thread_blocked, id=7408, stack(0x0000006d35c00000,0x0000006d35d00000)]
  0x000001ee6d145e00 JavaThread "Attach Listener" daemon [_thread_blocked, id=1740, stack(0x0000006d35d00000,0x0000006d35e00000)]
  0x000001ee6d1466c0 JavaThread "Service Thread" daemon [_thread_blocked, id=4684, stack(0x0000006d35e00000,0x0000006d35f00000)]
  0x000001ee6d146f80 JavaThread "Monitor Deflation Thread" daemon [_thread_blocked, id=20716, stack(0x0000006d35f00000,0x0000006d36000000)]
=>0x000001ee6d147c20 JavaThread "C2 CompilerThread0" daemon [_thread_in_native, id=20116, stack(0x0000006d36000000,0x0000006d36100000)]
  0x000001ee6d19f0e0 JavaThread "C1 CompilerThread0" daemon [_thread_blocked, id=4572, stack(0x0000006d36100000,0x0000006d36200000)]
  0x000001ee6d1bbd80 JavaThread "Sweeper thread" daemon [_thread_blocked, id=9112, stack(0x0000006d36200000,0x0000006d36300000)]
  0x000001ee578be2e0 JavaThread "Common-Cleaner" daemon [_thread_blocked, id=17632, stack(0x0000006d36300000,0x0000006d36400000)]
  0x000001ee6e0a8070 JavaThread "Notification Thread" daemon [_thread_blocked, id=6492, stack(0x0000006d36500000,0x0000006d36600000)]
  0x000001ee6e779020 JavaThread "Active Thread: Equinox Container: 1ac7a4c8-d94d-4f23-92cd-6f3b2c25475a" [_thread_blocked, id=20588, stack(0x0000006d36d00000,0x0000006d36e00000)]
  0x000001ee6f503e30 JavaThread "Framework Event Dispatcher: Equinox Container: 1ac7a4c8-d94d-4f23-92cd-6f3b2c25475a" daemon [_thread_blocked, id=13220, stack(0x0000006d36400000,0x0000006d36500000)]
  0x000001ee6f5cbf20 JavaThread "Start Level: Equinox Container: 1ac7a4c8-d94d-4f23-92cd-6f3b2c25475a" daemon [_thread_blocked, id=13884, stack(0x0000006d36e00000,0x0000006d36f00000)]
  0x000001ee6f5167f0 JavaThread "SCR Component Actor" daemon [_thread_blocked, id=11092, stack(0x0000006d36f00000,0x0000006d37000000)]
  0x000001ee6f80c3a0 JavaThread "Worker-JM" [_thread_blocked, id=13468, stack(0x0000006d37300000,0x0000006d37400000)]
  0x000001ee6f80d6e0 JavaThread "Worker-0" [_thread_blocked, id=2540, stack(0x0000006d37200000,0x0000006d37300000)]
  0x000001ee6f80d210 JavaThread "Java indexing" daemon [_thread_blocked, id=16752, stack(0x0000006d37600000,0x0000006d37700000)]
  0x000001ee6f80b060 JavaThread "JNA Cleaner" daemon [_thread_blocked, id=14784, stack(0x0000006d37800000,0x0000006d37900000)]
  0x000001ee6f80e080 JavaThread "pool-2-thread-1" [_thread_blocked, id=7432, stack(0x0000006d37900000,0x0000006d37a00000)]
  0x000001ee6f80ea20 JavaThread "pool-1-thread-1" [_thread_in_native, id=17176, stack(0x0000006d37a00000,0x0000006d37b00000)]
  0x000001ee6f80e550 JavaThread "Worker-2" [_thread_blocked, id=7260, stack(0x0000006d37b00000,0x0000006d37c00000)]
  0x000001ee6f80b530 JavaThread "Worker-3" [_thread_blocked, id=10980, stack(0x0000006d37c00000,0x0000006d37d00000)]
  0x000001ee6f80bed0 JavaThread "Timer-0" [_thread_blocked, id=5736, stack(0x0000006d37700000,0x0000006d37800000)]
  0x000001ee720528f0 JavaThread "Worker-4" [_thread_blocked, id=3284, stack(0x0000006d35500000,0x0000006d35600000)]
  0x000001ee72050c10 JavaThread "ForkJoinPool.commonPool-worker-1" daemon [_thread_blocked, id=15696, stack(0x0000006d35b00000,0x0000006d35c00000)]
  0x000001ee71f14810 JavaThread "C2 CompilerThread1" daemon [_thread_blocked, id=17048, stack(0x0000006d35400000,0x0000006d35500000)]
  0x000001ee72050270 JavaThread "ForkJoinPool.commonPool-worker-2" daemon [_thread_blocked, id=6116, stack(0x0000006d37100000,0x0000006d37200000)]

Other Threads:
  0x000001ee6d120cf0 VMThread "VM Thread" [stack: 0x0000006d35800000,0x0000006d35900000] [id=11316]
  0x000001ee6e0a8540 WatcherThread [stack: 0x0000006d36600000,0x0000006d36700000] [id=18428]
  0x000001ee57817ca0 GCTaskThread "GC Thread#0" [stack: 0x0000006d35700000,0x0000006d35800000] [id=19340]
  0x000001ee6e1d3cd0 GCTaskThread "GC Thread#1" [stack: 0x0000006d36700000,0x0000006d36800000] [id=14332]
  0x000001ee6e539a50 GCTaskThread "GC Thread#2" [stack: 0x0000006d36800000,0x0000006d36900000] [id=13308]
  0x000001ee6e539d00 GCTaskThread "GC Thread#3" [stack: 0x0000006d36900000,0x0000006d36a00000] [id=10524]
  0x000001ee6e8710f0 GCTaskThread "GC Thread#4" [stack: 0x0000006d36a00000,0x0000006d36b00000] [id=17916]
  0x000001ee6e753430 GCTaskThread "GC Thread#5" [stack: 0x0000006d36b00000,0x0000006d36c00000] [id=19700]
  0x000001ee6f4f7880 GCTaskThread "GC Thread#6" [stack: 0x0000006d36c00000,0x0000006d36d00000] [id=17476]
  0x000001ee6f5e5540 GCTaskThread "GC Thread#7" [stack: 0x0000006d37000000,0x0000006d37100000] [id=2040]

Threads with active compile tasks:
C2 CompilerThread0    89286 7849       4       org.eclipse.jdt.internal.compiler.classfmt.ModuleInfo::readModuleAttribute (1166 bytes)

VM state: not at safepoint (normal execution)

VM Mutex/Monitor currently owned by a thread: None

Heap address: 0x00000000c0000000, size: 1024 MB, Compressed Oops mode: 32-bit

CDS archive(s) not mapped
Compressed class space mapped at: 0x0000000100000000-0x0000000140000000, reserved size: 1073741824
Narrow klass base: 0x0000000000000000, Narrow klass shift: 3, Narrow klass range: 0x140000000

GC Precious Log:
 CPUs: 8 total, 8 available
 Memory: 8084M
 Large Page Support: Disabled
 NUMA Support: Disabled
 Compressed Oops: Enabled (32-bit)
 Alignments: Space 512K, Generation 512K, Heap 2M
 Heap Min Capacity: 100M
 Heap Initial Capacity: 100M
 Heap Max Capacity: 1G
 Pre-touch: Disabled
 Parallel Workers: 8

Heap:
 PSYoungGen      total 11264K, used 2306K [0x00000000eab00000, 0x00000000eba00000, 0x0000000100000000)
  eden space 10752K, 19% used [0x00000000eab00000,0x00000000ead009e0,0x00000000eb580000)
  from space 512K, 50% used [0x00000000eb900000,0x00000000eb940000,0x00000000eb980000)
  to   space 512K, 0% used [0x00000000eb980000,0x00000000eb980000,0x00000000eba00000)
 ParOldGen       total 68608K, used 48356K [0x00000000c0000000, 0x00000000c4300000, 0x00000000eab00000)
  object space 68608K, 70% used [0x00000000c0000000,0x00000000c2f390e0,0x00000000c4300000)
 Metaspace       used 61113K, committed 62080K, reserved 1105920K
  class space    used 7000K, committed 7424K, reserved 1048576K

Card table byte_map: [0x000001ee571e0000,0x000001ee573f0000] _byte_map_base: 0x000001ee56be0000

Marking Bits: (ParMarkBitMap*) 0x00007ffc198b0dd0
 Begin Bits: [0x000001ee69490000, 0x000001ee6a490000)
 End Bits:   [0x000001ee6a490000, 0x000001ee6b490000)

Polling page: 0x000001ee56fd0000

Metaspace:

Usage:
  Non-class:     52.84 MB used.
      Class:      6.84 MB used.
       Both:     59.68 MB used.

Virtual space:
  Non-class space:       56.00 MB reserved,      53.38 MB ( 95%) committed,  7 nodes.
      Class space:        1.00 GB reserved,       7.25 MB ( <1%) committed,  1 nodes.
             Both:        1.05 GB reserved,      60.62 MB (  6%) committed. 

Chunk freelists:
   Non-Class:  2.47 MB
       Class:  647.00 KB
        Both:  3.10 MB

MaxMetaspaceSize: unlimited
CompressedClassSpaceSize: 1.00 GB
Initial GC threshold: 21.00 MB
Current GC threshold: 97.31 MB
CDS: off
MetaspaceReclaimPolicy: balanced
 - commit_granule_bytes: 65536.
 - commit_granule_words: 8192.
 - virtual_space_node_default_size: 1048576.
 - enlarge_chunks_in_place: 1.
 - new_chunks_are_fully_committed: 0.
 - uncommit_free_chunks: 1.
 - use_allocation_guard: 0.
 - handle_deallocations: 1.


Internal statistics:

num_allocs_failed_limit: 11.
num_arena_births: 548.
num_arena_deaths: 14.
num_vsnodes_births: 8.
num_vsnodes_deaths: 0.
num_space_committed: 970.
num_space_uncommitted: 0.
num_chunks_returned_to_freelist: 25.
num_chunks_taken_from_freelist: 2784.
num_chunk_merges: 10.
num_chunk_splits: 1848.
num_chunks_enlarged: 1221.
num_purges: 2.
num_inconsistent_stats: 0.

CodeHeap 'non-profiled nmethods': size=120000Kb used=4858Kb max_used=5151Kb free=115141Kb
 bounds [0x000001ee61f60000, 0x000001ee62470000, 0x000001ee69490000]
CodeHeap 'profiled nmethods': size=120000Kb used=11905Kb max_used=13184Kb free=108094Kb
 bounds [0x000001ee5aa30000, 0x000001ee5b720000, 0x000001ee61f60000]
CodeHeap 'non-nmethods': size=5760Kb used=1306Kb max_used=1378Kb free=4454Kb
 bounds [0x000001ee5a490000, 0x000001ee5a700000, 0x000001ee5aa30000]
 total_blobs=7000 nmethods=6361 adapters=553
 compilation: enabled
              stopped_count=0, restarted_count=0
 full_count=0

Compilation events (20 events):
Event: 89.143 Thread 0x000001ee71f14810 7719       4       org.eclipse.osgi.container.Module::getCurrentRevision (8 bytes)
Event: 89.146 Thread 0x000001ee71f14810 nmethod 7719 0x000001ee620cdd90 code [0x000001ee620cdf20, 0x000001ee620ce278]
Event: 89.146 Thread 0x000001ee71f14810 7642       4       org.eclipse.core.runtime.Path::isRoot (30 bytes)
Event: 89.147 Thread 0x000001ee71f14810 nmethod 7642 0x000001ee6219a490 code [0x000001ee6219a600, 0x000001ee6219a6b8]
Event: 89.147 Thread 0x000001ee71f14810 7863   !   4       org.eclipse.jdt.internal.core.JavaProject$ModuleLookup::getModule (102 bytes)
Event: 89.192 Thread 0x000001ee71f14810 nmethod 7863 0x000001ee622a4b90 code [0x000001ee622a4e40, 0x000001ee622a6620]
Event: 89.192 Thread 0x000001ee71f14810 7837       4       org.eclipse.jdt.internal.compiler.util.ObjectVector$1::hasNext (18 bytes)
Event: 89.193 Thread 0x000001ee71f14810 nmethod 7837 0x000001ee620d6890 code [0x000001ee620d6a00, 0x000001ee620d6a98]
Event: 89.193 Thread 0x000001ee71f14810 7846       4       org.eclipse.jdt.internal.core.JavaProject$$Lambda$246/0x00000001004cdad8::apply (13 bytes)
Event: 89.193 Thread 0x000001ee71f14810 nmethod 7846 0x000001ee62211610 code [0x000001ee62211780, 0x000001ee62211838]
Event: 89.193 Thread 0x000001ee71f14810 7847       4       org.eclipse.jdt.internal.compiler.util.ObjectVector$1::next (19 bytes)
Event: 89.194 Thread 0x000001ee71f14810 nmethod 7847 0x000001ee622a4810 code [0x000001ee622a4980, 0x000001ee622a4a58]
Event: 89.194 Thread 0x000001ee71f14810 7727       4       java.lang.invoke.DirectMethodHandle$Holder::newInvokeSpecial (24 bytes)
Event: 89.196 Thread 0x000001ee71f14810 nmethod 7727 0x000001ee622a4290 code [0x000001ee622a4420, 0x000001ee622a4628]
Event: 89.196 Thread 0x000001ee71f14810 7665       4       java.lang.reflect.Constructor::newInstance (34 bytes)
Event: 89.197 Thread 0x000001ee71f14810 nmethod 7665 0x000001ee622a3d10 code [0x000001ee622a3ea0, 0x000001ee622a3f78]
Event: 89.197 Thread 0x000001ee71f14810 7578       4       org.eclipse.osgi.internal.framework.EquinoxBundle::getSymbolicName (11 bytes)
Event: 89.201 Thread 0x000001ee71f14810 nmethod 7578 0x000001ee620cd590 code [0x000001ee620cd720, 0x000001ee620cda78]
Event: 89.201 Thread 0x000001ee71f14810 7848       4       org.eclipse.jdt.internal.compiler.classfmt.ModuleInfo$PackageExportInfo::<init> (10 bytes)
Event: 89.201 Thread 0x000001ee71f14810 nmethod 7848 0x000001ee620cd290 code [0x000001ee620cd400, 0x000001ee620cd498]

GC Heap History (20 events):
Event: 84.530 GC heap before
{Heap before GC invocations=83 (full 2):
 PSYoungGen      total 11264K, used 10868K [0x00000000eab00000, 0x00000000eba80000, 0x0000000100000000)
  eden space 10752K, 99% used [0x00000000eab00000,0x00000000eb57d348,0x00000000eb580000)
  from space 512K, 25% used [0x00000000eba00000,0x00000000eba20000,0x00000000eba80000)
  to   space 512K, 0% used [0x00000000eb980000,0x00000000eb980000,0x00000000eba00000)
 ParOldGen       total 68608K, used 49159K [0x00000000c0000000, 0x00000000c4300000, 0x00000000eab00000)
  object space 68608K, 71% used [0x00000000c0000000,0x00000000c3001fb0,0x00000000c4300000)
 Metaspace       used 57520K, committed 58496K, reserved 1105920K
  class space    used 6671K, committed 7104K, reserved 1048576K
}
Event: 84.533 GC heap after
{Heap after GC invocations=83 (full 2):
 PSYoungGen      total 11264K, used 384K [0x00000000eab00000, 0x00000000eba80000, 0x0000000100000000)
  eden space 10752K, 0% used [0x00000000eab00000,0x00000000eab00000,0x00000000eb580000)
  from space 512K, 75% used [0x00000000eb980000,0x00000000eb9e0000,0x00000000eba00000)
  to   space 512K, 0% used [0x00000000eba00000,0x00000000eba00000,0x00000000eba80000)
 ParOldGen       total 68608K, used 49167K [0x00000000c0000000, 0x00000000c4300000, 0x00000000eab00000)
  object space 68608K, 71% used [0x00000000c0000000,0x00000000c3003fb0,0x00000000c4300000)
 Metaspace       used 57520K, committed 58496K, reserved 1105920K
  class space    used 6671K, committed 7104K, reserved 1048576K
}
Event: 87.643 GC heap before
{Heap before GC invocations=84 (full 2):
 PSYoungGen      total 11264K, used 11136K [0x00000000eab00000, 0x00000000eba80000, 0x0000000100000000)
  eden space 10752K, 100% used [0x00000000eab00000,0x00000000eb580000,0x00000000eb580000)
  from space 512K, 75% used [0x00000000eb980000,0x00000000eb9e0000,0x00000000eba00000)
  to   space 512K, 0% used [0x00000000eba00000,0x00000000eba00000,0x00000000eba80000)
 ParOldGen       total 68608K, used 49167K [0x00000000c0000000, 0x00000000c4300000, 0x00000000eab00000)
  object space 68608K, 71% used [0x00000000c0000000,0x00000000c3003fb0,0x00000000c4300000)
 Metaspace       used 57575K, committed 58496K, reserved 1105920K
  class space    used 6673K, committed 7104K, reserved 1048576K
}
Event: 87.643 GC heap after
{Heap after GC invocations=84 (full 2):
 PSYoungGen      total 11264K, used 224K [0x00000000eab00000, 0x00000000eba80000, 0x0000000100000000)
  eden space 10752K, 0% used [0x00000000eab00000,0x00000000eab00000,0x00000000eb580000)
  from space 512K, 43% used [0x00000000eba00000,0x00000000eba38000,0x00000000eba80000)
  to   space 512K, 0% used [0x00000000eb980000,0x00000000eb980000,0x00000000eba00000)
 ParOldGen       total 68608K, used 49470K [0x00000000c0000000, 0x00000000c4300000, 0x00000000eab00000)
  object space 68608K, 72% used [0x00000000c0000000,0x00000000c304fb08,0x00000000c4300000)
 Metaspace       used 57575K, committed 58496K, reserved 1105920K
  class space    used 6673K, committed 7104K, reserved 1048576K
}
Event: 87.750 GC heap before
{Heap before GC invocations=85 (full 2):
 PSYoungGen      total 11264K, used 10976K [0x00000000eab00000, 0x00000000eba80000, 0x0000000100000000)
  eden space 10752K, 100% used [0x00000000eab00000,0x00000000eb580000,0x00000000eb580000)
  from space 512K, 43% used [0x00000000eba00000,0x00000000eba38000,0x00000000eba80000)
  to   space 512K, 0% used [0x00000000eb980000,0x00000000eb980000,0x00000000eba00000)
 ParOldGen       total 68608K, used 49470K [0x00000000c0000000, 0x00000000c4300000, 0x00000000eab00000)
  object space 68608K, 72% used [0x00000000c0000000,0x00000000c304fb08,0x00000000c4300000)
 Metaspace       used 57928K, committed 58944K, reserved 1105920K
  class space    used 6707K, committed 7168K, reserved 1048576K
}
Event: 87.752 GC heap after
{Heap after GC invocations=85 (full 2):
 PSYoungGen      total 11264K, used 480K [0x00000000eab00000, 0x00000000eba80000, 0x0000000100000000)
  eden space 10752K, 0% used [0x00000000eab00000,0x00000000eab00000,0x00000000eb580000)
  from space 512K, 93% used [0x00000000eb980000,0x00000000eb9f8000,0x00000000eba00000)
  to   space 512K, 0% used [0x00000000eba00000,0x00000000eba00000,0x00000000eba80000)
 ParOldGen       total 68608K, used 49518K [0x00000000c0000000, 0x00000000c4300000, 0x00000000eab00000)
  object space 68608K, 72% used [0x00000000c0000000,0x00000000c305bb08,0x00000000c4300000)
 Metaspace       used 57928K, committed 58944K, reserved 1105920K
  class space    used 6707K, committed 7168K, reserved 1048576K
}
Event: 87.846 GC heap before
{Heap before GC invocations=86 (full 2):
 PSYoungGen      total 11264K, used 11232K [0x00000000eab00000, 0x00000000eba80000, 0x0000000100000000)
  eden space 10752K, 100% used [0x00000000eab00000,0x00000000eb580000,0x00000000eb580000)
  from space 512K, 93% used [0x00000000eb980000,0x00000000eb9f8000,0x00000000eba00000)
  to   space 512K, 0% used [0x00000000eba00000,0x00000000eba00000,0x00000000eba80000)
 ParOldGen       total 68608K, used 49518K [0x00000000c0000000, 0x00000000c4300000, 0x00000000eab00000)
  object space 68608K, 72% used [0x00000000c0000000,0x00000000c305bb08,0x00000000c4300000)
 Metaspace       used 58161K, committed 59136K, reserved 1105920K
  class space    used 6725K, committed 7168K, reserved 1048576K
}
Event: 87.847 GC heap after
{Heap after GC invocations=86 (full 2):
 PSYoungGen      total 11264K, used 509K [0x00000000eab00000, 0x00000000eba80000, 0x0000000100000000)
  eden space 10752K, 0% used [0x00000000eab00000,0x00000000eab00000,0x00000000eb580000)
  from space 512K, 99% used [0x00000000eba00000,0x00000000eba7f620,0x00000000eba80000)
  to   space 1024K, 0% used [0x00000000eb880000,0x00000000eb880000,0x00000000eb980000)
 ParOldGen       total 68608K, used 49919K [0x00000000c0000000, 0x00000000c4300000, 0x00000000eab00000)
  object space 68608K, 72% used [0x00000000c0000000,0x00000000c30bff88,0x00000000c4300000)
 Metaspace       used 58161K, committed 59136K, reserved 1105920K
  class space    used 6725K, committed 7168K, reserved 1048576K
}
Event: 87.909 GC heap before
{Heap before GC invocations=87 (full 2):
 PSYoungGen      total 11264K, used 5312K [0x00000000eab00000, 0x00000000eba80000, 0x0000000100000000)
  eden space 10752K, 44% used [0x00000000eab00000,0x00000000eafb0a60,0x00000000eb580000)
  from space 512K, 99% used [0x00000000eba00000,0x00000000eba7f620,0x00000000eba80000)
  to   space 1024K, 0% used [0x00000000eb880000,0x00000000eb880000,0x00000000eb980000)
 ParOldGen       total 68608K, used 49919K [0x00000000c0000000, 0x00000000c4300000, 0x00000000eab00000)
  object space 68608K, 72% used [0x00000000c0000000,0x00000000c30bff88,0x00000000c4300000)
 Metaspace       used 58847K, committed 59776K, reserved 1105920K
  class space    used 6768K, committed 7168K, reserved 1048576K
}
Event: 87.910 GC heap after
{Heap after GC invocations=87 (full 2):
 PSYoungGen      total 11776K, used 192K [0x00000000eab00000, 0x00000000eba80000, 0x0000000100000000)
  eden space 10752K, 0% used [0x00000000eab00000,0x00000000eab00000,0x00000000eb580000)
  from space 1024K, 18% used [0x00000000eb880000,0x00000000eb8b0000,0x00000000eb980000)
  to   space 512K, 0% used [0x00000000eba00000,0x00000000eba00000,0x00000000eba80000)
 ParOldGen       total 68608K, used 50291K [0x00000000c0000000, 0x00000000c4300000, 0x00000000eab00000)
  object space 68608K, 73% used [0x00000000c0000000,0x00000000c311cc58,0x00000000c4300000)
 Metaspace       used 58847K, committed 59776K, reserved 1105920K
  class space    used 6768K, committed 7168K, reserved 1048576K
}
Event: 87.910 GC heap before
{Heap before GC invocations=88 (full 3):
 PSYoungGen      total 11776K, used 192K [0x00000000eab00000, 0x00000000eba80000, 0x0000000100000000)
  eden space 10752K, 0% used [0x00000000eab00000,0x00000000eab00000,0x00000000eb580000)
  from space 1024K, 18% used [0x00000000eb880000,0x00000000eb8b0000,0x00000000eb980000)
  to   space 512K, 0% used [0x00000000eba00000,0x00000000eba00000,0x00000000eba80000)
 ParOldGen       total 68608K, used 50291K [0x00000000c0000000, 0x00000000c4300000, 0x00000000eab00000)
  object space 68608K, 73% used [0x00000000c0000000,0x00000000c311cc58,0x00000000c4300000)
 Metaspace       used 58847K, committed 59776K, reserved 1105920K
  class space    used 6768K, committed 7168K, reserved 1048576K
}
Event: 87.974 GC heap after
{Heap after GC invocations=88 (full 3):
 PSYoungGen      total 11776K, used 0K [0x00000000eab00000, 0x00000000eba80000, 0x0000000100000000)
  eden space 10752K, 0% used [0x00000000eab00000,0x00000000eab00000,0x00000000eb580000)
  from space 1024K, 0% used [0x00000000eb880000,0x00000000eb880000,0x00000000eb980000)
  to   space 512K, 0% used [0x00000000eba00000,0x00000000eba00000,0x00000000eba80000)
 ParOldGen       total 68608K, used 47390K [0x00000000c0000000, 0x00000000c4300000, 0x00000000eab00000)
  object space 68608K, 69% used [0x00000000c0000000,0x00000000c2e47bc0,0x00000000c4300000)
 Metaspace       used 58847K, committed 59776K, reserved 1105920K
  class space    used 6768K, committed 7168K, reserved 1048576K
}
Event: 88.363 GC heap before
{Heap before GC invocations=89 (full 3):
 PSYoungGen      total 11776K, used 10752K [0x00000000eab00000, 0x00000000eba80000, 0x0000000100000000)
  eden space 10752K, 100% used [0x00000000eab00000,0x00000000eb580000,0x00000000eb580000)
  from space 1024K, 0% used [0x00000000eb880000,0x00000000eb880000,0x00000000eb980000)
  to   space 512K, 0% used [0x00000000eba00000,0x00000000eba00000,0x00000000eba80000)
 ParOldGen       total 68608K, used 47390K [0x00000000c0000000, 0x00000000c4300000, 0x00000000eab00000)
  object space 68608K, 69% used [0x00000000c0000000,0x00000000c2e47bc0,0x00000000c4300000)
 Metaspace       used 59935K, committed 60992K, reserved 1105920K
  class space    used 6898K, committed 7360K, reserved 1048576K
}
Event: 88.365 GC heap after
{Heap after GC invocations=89 (full 3):
 PSYoungGen      total 11264K, used 502K [0x00000000eab00000, 0x00000000eba80000, 0x0000000100000000)
  eden space 10752K, 0% used [0x00000000eab00000,0x00000000eab00000,0x00000000eb580000)
  from space 512K, 98% used [0x00000000eba00000,0x00000000eba7da20,0x00000000eba80000)
  to   space 1024K, 0% used [0x00000000eb880000,0x00000000eb880000,0x00000000eb980000)
 ParOldGen       total 68608K, used 47414K [0x00000000c0000000, 0x00000000c4300000, 0x00000000eab00000)
  object space 68608K, 69% used [0x00000000c0000000,0x00000000c2e4dbc0,0x00000000c4300000)
 Metaspace       used 59935K, committed 60992K, reserved 1105920K
  class space    used 6898K, committed 7360K, reserved 1048576K
}
Event: 88.653 GC heap before
{Heap before GC invocations=90 (full 3):
 PSYoungGen      total 11264K, used 11254K [0x00000000eab00000, 0x00000000eba80000, 0x0000000100000000)
  eden space 10752K, 100% used [0x00000000eab00000,0x00000000eb580000,0x00000000eb580000)
  from space 512K, 98% used [0x00000000eba00000,0x00000000eba7da20,0x00000000eba80000)
  to   space 1024K, 0% used [0x00000000eb880000,0x00000000eb880000,0x00000000eb980000)
 ParOldGen       total 68608K, used 47414K [0x00000000c0000000, 0x00000000c4300000, 0x00000000eab00000)
  object space 68608K, 69% used [0x00000000c0000000,0x00000000c2e4dbc0,0x00000000c4300000)
 Metaspace       used 60799K, committed 61760K, reserved 1105920K
  class space    used 6987K, committed 7424K, reserved 1048576K
}
Event: 88.654 GC heap after
{Heap after GC invocations=90 (full 3):
 PSYoungGen      total 11776K, used 535K [0x00000000eab00000, 0x00000000eba80000, 0x0000000100000000)
  eden space 10752K, 0% used [0x00000000eab00000,0x00000000eab00000,0x00000000eb580000)
  from space 1024K, 52% used [0x00000000eb880000,0x00000000eb905f50,0x00000000eb980000)
  to   space 1024K, 0% used [0x00000000eb980000,0x00000000eb980000,0x00000000eba80000)
 ParOldGen       total 68608K, used 47860K [0x00000000c0000000, 0x00000000c4300000, 0x00000000eab00000)
  object space 68608K, 69% used [0x00000000c0000000,0x00000000c2ebd3e8,0x00000000c4300000)
 Metaspace       used 60799K, committed 61760K, reserved 1105920K
  class space    used 6987K, committed 7424K, reserved 1048576K
}
Event: 88.814 GC heap before
{Heap before GC invocations=91 (full 3):
 PSYoungGen      total 11776K, used 11287K [0x00000000eab00000, 0x00000000eba80000, 0x0000000100000000)
  eden space 10752K, 100% used [0x00000000eab00000,0x00000000eb580000,0x00000000eb580000)
  from space 1024K, 52% used [0x00000000eb880000,0x00000000eb905f50,0x00000000eb980000)
  to   space 1024K, 0% used [0x00000000eb980000,0x00000000eb980000,0x00000000eba80000)
 ParOldGen       total 68608K, used 47860K [0x00000000c0000000, 0x00000000c4300000, 0x00000000eab00000)
  object space 68608K, 69% used [0x00000000c0000000,0x00000000c2ebd3e8,0x00000000c4300000)
 Metaspace       used 60981K, committed 61952K, reserved 1105920K
  class space    used 6998K, committed 7424K, reserved 1048576K
}
Event: 88.815 GC heap after
{Heap after GC invocations=91 (full 3):
 PSYoungGen      total 11264K, used 320K [0x00000000eab00000, 0x00000000eba00000, 0x0000000100000000)
  eden space 10752K, 0% used [0x00000000eab00000,0x00000000eab00000,0x00000000eb580000)
  from space 512K, 62% used [0x00000000eb980000,0x00000000eb9d0000,0x00000000eba00000)
  to   space 512K, 0% used [0x00000000eb900000,0x00000000eb900000,0x00000000eb980000)
 ParOldGen       total 68608K, used 48292K [0x00000000c0000000, 0x00000000c4300000, 0x00000000eab00000)
  object space 68608K, 70% used [0x00000000c0000000,0x00000000c2f290e0,0x00000000c4300000)
 Metaspace       used 60981K, committed 61952K, reserved 1105920K
  class space    used 6998K, committed 7424K, reserved 1048576K
}
Event: 88.929 GC heap before
{Heap before GC invocations=92 (full 3):
 PSYoungGen      total 11264K, used 11072K [0x00000000eab00000, 0x00000000eba00000, 0x0000000100000000)
  eden space 10752K, 100% used [0x00000000eab00000,0x00000000eb580000,0x00000000eb580000)
  from space 512K, 62% used [0x00000000eb980000,0x00000000eb9d0000,0x00000000eba00000)
  to   space 512K, 0% used [0x00000000eb900000,0x00000000eb900000,0x00000000eb980000)
 ParOldGen       total 68608K, used 48292K [0x00000000c0000000, 0x00000000c4300000, 0x00000000eab00000)
  object space 68608K, 70% used [0x00000000c0000000,0x00000000c2f290e0,0x00000000c4300000)
 Metaspace       used 61082K, committed 62080K, reserved 1105920K
  class space    used 7000K, committed 7424K, reserved 1048576K
}
Event: 88.929 GC heap after
{Heap after GC invocations=92 (full 3):
 PSYoungGen      total 11264K, used 256K [0x00000000eab00000, 0x00000000eba00000, 0x0000000100000000)
  eden space 10752K, 0% used [0x00000000eab00000,0x00000000eab00000,0x00000000eb580000)
  from space 512K, 50% used [0x00000000eb900000,0x00000000eb940000,0x00000000eb980000)
  to   space 512K, 0% used [0x00000000eb980000,0x00000000eb980000,0x00000000eba00000)
 ParOldGen       total 68608K, used 48356K [0x00000000c0000000, 0x00000000c4300000, 0x00000000eab00000)
  object space 68608K, 70% used [0x00000000c0000000,0x00000000c2f390e0,0x00000000c4300000)
 Metaspace       used 61082K, committed 62080K, reserved 1105920K
  class space    used 7000K, committed 7424K, reserved 1048576K
}

Dll operation events (14 events):
Event: 0.019 Loaded shared library c:\Users\Finner\.vscode\extensions\redhat.java-1.14.0-win32-x64\jre\17.0.5-win32-x86_64\bin\java.dll
Event: 0.292 Loaded shared library c:\Users\Finner\.vscode\extensions\redhat.java-1.14.0-win32-x64\jre\17.0.5-win32-x86_64\bin\zip.dll
Event: 0.295 Loaded shared library C:\Users\Finner\.vscode\extensions\redhat.java-1.14.0-win32-x64\jre\17.0.5-win32-x86_64\bin\instrument.dll
Event: 0.314 Loaded shared library C:\Users\Finner\.vscode\extensions\redhat.java-1.14.0-win32-x64\jre\17.0.5-win32-x86_64\bin\net.dll
Event: 0.317 Loaded shared library C:\Users\Finner\.vscode\extensions\redhat.java-1.14.0-win32-x64\jre\17.0.5-win32-x86_64\bin\nio.dll
Event: 0.332 Loaded shared library C:\Users\Finner\.vscode\extensions\redhat.java-1.14.0-win32-x64\jre\17.0.5-win32-x86_64\bin\zip.dll
Event: 0.355 Loaded shared library C:\Users\Finner\.vscode\extensions\redhat.java-1.14.0-win32-x64\jre\17.0.5-win32-x86_64\bin\jimage.dll
Event: 0.429 Loaded shared library c:\Users\Finner\.vscode\extensions\redhat.java-1.14.0-win32-x64\jre\17.0.5-win32-x86_64\bin\verify.dll
Event: 4.578 Loaded shared library C:\Users\Finner\AppData\Roaming\Code\User\globalStorage\redhat.java\1.14.0\config_win\org.eclipse.equinox.launcher\org.eclipse.equinox.launcher.win32.win32.x86_64_1.2.700.v20221108-1024\eclipse_11801.dll
Event: 8.851 Loaded shared library C:\Users\Finner\AppData\Local\Temp\jna-2104396240\jna11083759594952284971.dll
Event: 18.778 Loaded shared library C:\Users\Finner\.gradle\native\e1d6ef7f7dcc3fd88c89a11ec53ec762bb8ba0a96d01ffa2cd45eb1d1d8dd5c5\windows-amd64\native-platform.dll
Event: 23.725 Loaded shared library C:\Users\Finner\.vscode\extensions\redhat.java-1.14.0-win32-x64\jre\17.0.5-win32-x86_64\bin\management.dll
Event: 23.755 Loaded shared library C:\Users\Finner\.vscode\extensions\redhat.java-1.14.0-win32-x64\jre\17.0.5-win32-x86_64\bin\management_ext.dll
Event: 27.438 Loaded shared library C:\Users\Finner\.vscode\extensions\redhat.java-1.14.0-win32-x64\jre\17.0.5-win32-x86_64\bin\sunmscapi.dll

Deoptimization events (20 events):
Event: 88.884 Thread 0x000001ee72050270 DEOPT PACKING pc=0x000001ee5b5caf7c sp=0x0000006d371fe000
Event: 88.884 Thread 0x000001ee72050270 DEOPT UNPACKING pc=0x000001ee5a4e2843 sp=0x0000006d371fd580 mode 0
Event: 88.930 Thread 0x000001ee72050c10 Uncommon trap: trap_request=0xffffffd6 fr.pc=0x000001ee6231c240 relative=0x0000000000006080
Event: 88.930 Thread 0x000001ee720528f0 Uncommon trap: trap_request=0xffffffd6 fr.pc=0x000001ee6231c240 relative=0x0000000000006080
Event: 88.930 Thread 0x000001ee72050c10 Uncommon trap: reason=array_check action=maybe_recompile pc=0x000001ee6231c240 method=org.eclipse.jdt.internal.compiler.classfmt.ModuleInfo.readModuleAttribute(I)V @ 1029 c2
Event: 88.930 Thread 0x000001ee720528f0 Uncommon trap: reason=array_check action=maybe_recompile pc=0x000001ee6231c240 method=org.eclipse.jdt.internal.compiler.classfmt.ModuleInfo.readModuleAttribute(I)V @ 1029 c2
Event: 88.930 Thread 0x000001ee72050c10 DEOPT PACKING pc=0x000001ee6231c240 sp=0x0000006d35bfdf70
Event: 88.930 Thread 0x000001ee720528f0 DEOPT PACKING pc=0x000001ee6231c240 sp=0x0000006d355fe710
Event: 88.930 Thread 0x000001ee720528f0 DEOPT UNPACKING pc=0x000001ee5a4e20a3 sp=0x0000006d355fe698 mode 2
Event: 88.930 Thread 0x000001ee72050c10 DEOPT UNPACKING pc=0x000001ee5a4e20a3 sp=0x0000006d35bfdef8 mode 2
Event: 88.930 Thread 0x000001ee720528f0 Uncommon trap: trap_request=0xffffffd6 fr.pc=0x000001ee6231c240 relative=0x0000000000006080
Event: 88.930 Thread 0x000001ee720528f0 Uncommon trap: reason=array_check action=maybe_recompile pc=0x000001ee6231c240 method=org.eclipse.jdt.internal.compiler.classfmt.ModuleInfo.readModuleAttribute(I)V @ 1029 c2
Event: 88.930 Thread 0x000001ee72050c10 Uncommon trap: trap_request=0xffffffd6 fr.pc=0x000001ee6231c240 relative=0x0000000000006080
Event: 88.930 Thread 0x000001ee72050c10 Uncommon trap: reason=array_check action=maybe_recompile pc=0x000001ee6231c240 method=org.eclipse.jdt.internal.compiler.classfmt.ModuleInfo.readModuleAttribute(I)V @ 1029 c2
Event: 88.930 Thread 0x000001ee720528f0 DEOPT PACKING pc=0x000001ee6231c240 sp=0x0000006d355fe790
Event: 88.930 Thread 0x000001ee720528f0 DEOPT UNPACKING pc=0x000001ee5a4e20a3 sp=0x0000006d355fe718 mode 2
Event: 88.930 Thread 0x000001ee72050c10 DEOPT PACKING pc=0x000001ee6231c240 sp=0x0000006d35bfdff0
Event: 88.930 Thread 0x000001ee72050c10 DEOPT UNPACKING pc=0x000001ee5a4e20a3 sp=0x0000006d35bfdf78 mode 2
Event: 88.936 Thread 0x000001ee72050c10 DEOPT PACKING pc=0x000001ee5b54e55e sp=0x0000006d35bfe5e0
Event: 88.936 Thread 0x000001ee72050c10 DEOPT UNPACKING pc=0x000001ee5a4e2843 sp=0x0000006d35bfdb70 mode 0

Classes unloaded (7 events):
Event: 5.809 Thread 0x000001ee6d120cf0 Unloading class 0x0000000100216400 'java/lang/invoke/LambdaForm$MH+0x0000000100216400'
Event: 5.809 Thread 0x000001ee6d120cf0 Unloading class 0x0000000100216000 'java/lang/invoke/LambdaForm$MH+0x0000000100216000'
Event: 5.809 Thread 0x000001ee6d120cf0 Unloading class 0x0000000100215c00 'java/lang/invoke/LambdaForm$MH+0x0000000100215c00'
Event: 5.809 Thread 0x000001ee6d120cf0 Unloading class 0x0000000100215800 'java/lang/invoke/LambdaForm$MH+0x0000000100215800'
Event: 5.809 Thread 0x000001ee6d120cf0 Unloading class 0x0000000100215000 'java/lang/invoke/LambdaForm$BMH+0x0000000100215000'
Event: 5.809 Thread 0x000001ee6d120cf0 Unloading class 0x0000000100214c00 'java/lang/invoke/LambdaForm$DMH+0x0000000100214c00'
Event: 5.809 Thread 0x000001ee6d120cf0 Unloading class 0x0000000100212000 'java/lang/invoke/LambdaForm$DMH+0x0000000100212000'

Classes redefined (0 events):
No events

Internal exceptions (20 events):
Event: 80.386 Thread 0x000001ee6f80e550 Exception <a 'sun/nio/fs/WindowsException'{0x00000000eabc7800}> (0x00000000eabc7800) 
thrown [s\src\hotspot\share\prims\jni.cpp, line 516]
Event: 80.386 Thread 0x000001ee6f80e550 Exception <a 'sun/nio/fs/WindowsException'{0x00000000eabd8288}> (0x00000000eabd8288) 
thrown [s\src\hotspot\share\prims\jni.cpp, line 516]
Event: 80.387 Thread 0x000001ee6f80e550 Exception <a 'sun/nio/fs/WindowsException'{0x00000000eabeab48}> (0x00000000eabeab48) 
thrown [s\src\hotspot\share\prims\jni.cpp, line 516]
Event: 80.416 Thread 0x000001ee6f80e550 Exception <a 'sun/nio/fs/WindowsException'{0x00000000eac2f5f8}> (0x00000000eac2f5f8) 
thrown [s\src\hotspot\share\prims\jni.cpp, line 516]
Event: 80.422 Thread 0x000001ee6f80d6e0 Exception <a 'java/lang/NoSuchMethodError'{0x00000000eac42f40}: 'int java.lang.invoke.DirectMethodHandle$Holder.invokeVirtual(java.lang.Object, java.lang.Object)'> (0x00000000eac42f40) 
thrown [s\src\hotspot\share\interpreter\linkResolver.cpp, line 759]
Event: 80.435 Thread 0x000001ee6f80e550 Exception <a 'sun/nio/fs/WindowsException'{0x00000000eac6a8c8}> (0x00000000eac6a8c8) 
thrown [s\src\hotspot\share\prims\jni.cpp, line 516]
Event: 80.482 Thread 0x000001ee6f80ea20 Exception <a 'sun/nio/fs/WindowsException'{0x00000000eadac528}> (0x00000000eadac528) 
thrown [s\src\hotspot\share\prims\jni.cpp, line 516]
Event: 80.496 Thread 0x000001ee6f80ea20 Exception <a 'sun/nio/fs/WindowsException'{0x00000000eae3fef0}> (0x00000000eae3fef0) 
thrown [s\src\hotspot\share\prims\jni.cpp, line 516]
Event: 80.511 Thread 0x000001ee6f80ea20 Exception <a 'java/lang/NoSuchMethodError'{0x00000000eae9d940}: 'java.lang.Object java.lang.invoke.DirectMethodHandle$Holder.invokeStatic(java.lang.Object, java.lang.Object, int, java.lang.Object)'> (0x00000000eae9d940) 
thrown [s\src\hotspot\share\interpreter\linkResolver.cpp, line 759]
Event: 80.512 Thread 0x000001ee6f80ea20 Exception <a 'java/lang/NoSuchMethodError'{0x00000000eaead4a0}: 'java.lang.Object java.lang.invoke.DirectMethodHandle$Holder.newInvokeSpecial(java.lang.Object, java.lang.Object, int)'> (0x00000000eaead4a0) 
thrown [s\src\hotspot\share\interpreter\linkResolver.cpp, line 759]
Event: 80.698 Thread 0x000001ee6f80b530 Exception <a 'java/io/FileNotFoundException'{0x00000000eaff1a68}> (0x00000000eaff1a68) 
thrown [s\src\hotspot\share\prims\jni.cpp, line 516]
Event: 80.700 Thread 0x000001ee6f80b530 Exception <a 'java/io/FileNotFoundException'{0x00000000eaff2f98}> (0x00000000eaff2f98) 
thrown [s\src\hotspot\share\prims\jni.cpp, line 516]
Event: 87.664 Thread 0x000001ee72050c10 Exception <a 'java/lang/NoSuchMethodError'{0x00000000eabc4dd8}: 'java.lang.Object java.lang.invoke.DirectMethodHandle$Holder.newInvokeSpecial(java.lang.Object, java.lang.Object, java.lang.Object, java.lang.Object, java.lang.Object, java.lang.Object)'> (0x00000000eabc4dd8) 
thrown [s\src\hotspot\share\interpreter\linkResolver.cpp, line 759]
Event: 87.668 Thread 0x000001ee72050c10 Exception <a 'java/lang/NoSuchMethodError'{0x00000000eabe0450}: 'int java.lang.invoke.DirectMethodHandle$Holder.invokeStatic(java.lang.Object)'> (0x00000000eabe0450) 
thrown [s\src\hotspot\share\interpreter\linkResolver.cpp, line 759]
Event: 87.689 Thread 0x000001ee72050c10 Exception <a 'java/io/FileNotFoundException'{0x00000000eac60710}> (0x00000000eac60710) 
thrown [s\src\hotspot\share\prims\jni.cpp, line 516]
Event: 87.689 Thread 0x000001ee72050c10 Exception <a 'java/io/FileNotFoundException'{0x00000000eac62548}> (0x00000000eac62548) 
thrown [s\src\hotspot\share\prims\jni.cpp, line 516]
Event: 87.689 Thread 0x000001ee72050c10 Exception <a 'java/io/FileNotFoundException'{0x00000000eac63ae0}> (0x00000000eac63ae0) 
thrown [s\src\hotspot\share\prims\jni.cpp, line 516]
Event: 87.848 Thread 0x000001ee72050c10 Implicit null exception at 0x000001ee6208bec9 to 0x000001ee6208bf9c
Event: 88.622 Thread 0x000001ee720528f0 Exception <a 'java/io/FileNotFoundException'{0x00000000eb3c01b0}> (0x00000000eb3c01b0) 
thrown [s\src\hotspot\share\prims\jni.cpp, line 516]
Event: 88.699 Thread 0x000001ee72050270 Implicit null exception at 0x000001ee624147c0 to 0x000001ee62414b28

VM Operations (20 events):
Event: 88.315 Executing VM operation: HandshakeAllThreads
Event: 88.315 Executing VM operation: HandshakeAllThreads done
Event: 88.363 Executing VM operation: ParallelGCFailedAllocation
Event: 88.365 Executing VM operation: ParallelGCFailedAllocation done
Event: 88.371 Executing VM operation: HandshakeAllThreads
Event: 88.371 Executing VM operation: HandshakeAllThreads done
Event: 88.386 Executing VM operation: HandshakeAllThreads
Event: 88.386 Executing VM operation: HandshakeAllThreads done
Event: 88.533 Executing VM operation: HandshakeAllThreads
Event: 88.534 Executing VM operation: HandshakeAllThreads done
Event: 88.534 Executing VM operation: HandshakeAllThreads
Event: 88.535 Executing VM operation: HandshakeAllThreads done
Event: 88.653 Executing VM operation: ParallelGCFailedAllocation
Event: 88.670 Executing VM operation: ParallelGCFailedAllocation done
Event: 88.692 Executing VM operation: HandshakeAllThreads
Event: 88.692 Executing VM operation: HandshakeAllThreads done
Event: 88.814 Executing VM operation: ParallelGCFailedAllocation
Event: 88.815 Executing VM operation: ParallelGCFailedAllocation done
Event: 88.928 Executing VM operation: ParallelGCFailedAllocation
Event: 88.930 Executing VM operation: ParallelGCFailedAllocation done

Events (20 events):
Event: 88.539 loading class java/util/Collections$SynchronizedList
Event: 88.539 loading class java/util/Collections$SynchronizedList done
Event: 88.539 loading class java/util/Collections$SynchronizedRandomAccessList done
Event: 88.548 loading class java/util/concurrent/CompletableFuture$Signaller
Event: 88.549 loading class java/util/concurrent/CompletableFuture$Signaller done
Event: 88.596 loading class java/util/Hashtable$KeySet
Event: 88.596 loading class java/util/Hashtable$KeySet done
Event: 88.611 loading class java/util/concurrent/CompletableFuture$UniAccept
Event: 88.611 loading class java/util/concurrent/CompletableFuture$UniAccept done
Event: 88.611 loading class java/util/concurrent/CompletableFuture$UniExceptionally
Event: 88.612 loading class java/util/concurrent/CompletableFuture$UniExceptionally done
Event: 88.638 Thread 0x000001ee72050270 Thread added: 0x000001ee72050270
Event: 88.642 loading class java/util/stream/DistinctOps
Event: 88.642 loading class java/util/stream/DistinctOps done
Event: 88.642 loading class java/util/stream/DistinctOps$1
Event: 88.643 loading class java/util/stream/DistinctOps$1 done
Event: 88.644 loading class java/util/stream/DistinctOps$1$2
Event: 88.644 loading class java/util/stream/DistinctOps$1$2 done
Event: 88.684 loading class java/util/regex/PatternSyntaxException
Event: 88.684 loading class java/util/regex/PatternSyntaxException done


Dynamic libraries:
0x00007ff621c90000 - 0x00007ff621c9e000 	c:\Users\Finner\.vscode\extensions\redhat.java-1.14.0-win32-x64\jre\17.0.5-win32-x86_64\bin\java.exe
0x00007ffc78030000 - 0x00007ffc78228000 	C:\Windows\SYSTEM32\ntdll.dll
0x00007ffc764f0000 - 0x00007ffc765af000 	C:\Windows\System32\KERNEL32.DLL
0x00007ffc75860000 - 0x00007ffc75b32000 	C:\Windows\System32\KERNELBASE.dll
0x00007ffc75c50000 - 0x00007ffc75d50000 	C:\Windows\System32\ucrtbase.dll
0x00007ffc3cd30000 - 0x00007ffc3cd47000 	c:\Users\Finner\.vscode\extensions\redhat.java-1.14.0-win32-x64\jre\17.0.5-win32-x86_64\bin\jli.dll
0x00007ffc76d20000 - 0x00007ffc76ec1000 	C:\Windows\System32\USER32.dll
0x00007ffc35370000 - 0x00007ffc35389000 	c:\Users\Finner\.vscode\extensions\redhat.java-1.14.0-win32-x64\jre\17.0.5-win32-x86_64\bin\VCRUNTIME140.dll
0x00007ffc75720000 - 0x00007ffc75742000 	C:\Windows\System32\win32u.dll
0x00007ffc763e0000 - 0x00007ffc7640b000 	C:\Windows\System32\GDI32.dll
0x00007ffc75d50000 - 0x00007ffc75e5f000 	C:\Windows\System32\gdi32full.dll
0x00007ffc63660000 - 0x00007ffc638fa000 	C:\Windows\WinSxS\amd64_microsoft.windows.common-controls_6595b64144ccf1df_6.0.19041.1110_none_60b5254171f9507e\COMCTL32.dll
0x00007ffc757c0000 - 0x00007ffc7585d000 	C:\Windows\System32\msvcp_win.dll
0x00007ffc76c60000 - 0x00007ffc76cfe000 	C:\Windows\System32\msvcrt.dll
0x00007ffc76410000 - 0x00007ffc76442000 	C:\Windows\System32\IMM32.DLL
0x00007ffc5a810000 - 0x00007ffc5a81c000 	c:\Users\Finner\.vscode\extensions\redhat.java-1.14.0-win32-x64\jre\17.0.5-win32-x86_64\bin\vcruntime140_1.dll
0x00007ffc26d70000 - 0x00007ffc26e01000 	c:\Users\Finner\.vscode\extensions\redhat.java-1.14.0-win32-x64\jre\17.0.5-win32-x86_64\bin\msvcp140.dll
0x00007ffc18d30000 - 0x00007ffc19974000 	c:\Users\Finner\.vscode\extensions\redhat.java-1.14.0-win32-x64\jre\17.0.5-win32-x86_64\bin\server\jvm.dll
0x00007ffc76610000 - 0x00007ffc766be000 	C:\Windows\System32\ADVAPI32.dll
0x00007ffc76450000 - 0x00007ffc764ec000 	C:\Windows\System32\sechost.dll
0x00007ffc76b30000 - 0x00007ffc76c55000 	C:\Windows\System32\RPCRT4.dll
0x00007ffc57c00000 - 0x00007ffc57c09000 	C:\Windows\SYSTEM32\WSOCK32.dll
0x00007ffc76870000 - 0x00007ffc768db000 	C:\Windows\System32\WS2_32.dll
0x00007ffc63200000 - 0x00007ffc63227000 	C:\Windows\SYSTEM32\WINMM.dll
0x00007ffc736c0000 - 0x00007ffc736ca000 	C:\Windows\SYSTEM32\VERSION.dll
0x00007ffc73f70000 - 0x00007ffc73f82000 	C:\Windows\SYSTEM32\kernel.appcore.dll
0x00007ffc53e60000 - 0x00007ffc53e6a000 	c:\Users\Finner\.vscode\extensions\redhat.java-1.14.0-win32-x64\jre\17.0.5-win32-x86_64\bin\jimage.dll
0x00007ffc72bf0000 - 0x00007ffc72dd4000 	C:\Windows\SYSTEM32\DBGHELP.DLL
0x00007ffc6d8a0000 - 0x00007ffc6d8d5000 	C:\Windows\SYSTEM32\dbgcore.DLL
0x00007ffc75bc0000 - 0x00007ffc75c42000 	C:\Windows\System32\bcryptPrimitives.dll
0x00007ffc536b0000 - 0x00007ffc536be000 	c:\Users\Finner\.vscode\extensions\redhat.java-1.14.0-win32-x64\jre\17.0.5-win32-x86_64\bin\instrument.dll
0x00007ffc29a20000 - 0x00007ffc29a45000 	c:\Users\Finner\.vscode\extensions\redhat.java-1.14.0-win32-x64\jre\17.0.5-win32-x86_64\bin\java.dll
0x00007ffc33030000 - 0x00007ffc33048000 	c:\Users\Finner\.vscode\extensions\redhat.java-1.14.0-win32-x64\jre\17.0.5-win32-x86_64\bin\zip.dll
0x00007ffc77360000 - 0x00007ffc77aa5000 	C:\Windows\System32\SHELL32.dll
0x00007ffc737c0000 - 0x00007ffc73f52000 	C:\Windows\SYSTEM32\windows.storage.dll
0x00007ffc76070000 - 0x00007ffc763c5000 	C:\Windows\System32\combase.dll
0x00007ffc75180000 - 0x00007ffc751b0000 	C:\Windows\SYSTEM32\Wldp.dll
0x00007ffc77f40000 - 0x00007ffc77fed000 	C:\Windows\System32\SHCORE.dll
0x00007ffc77190000 - 0x00007ffc771e5000 	C:\Windows\System32\shlwapi.dll
0x00007ffc75660000 - 0x00007ffc7567f000 	C:\Windows\SYSTEM32\profapi.dll
0x00007ffc2e910000 - 0x00007ffc2e929000 	C:\Users\Finner\.vscode\extensions\redhat.java-1.14.0-win32-x64\jre\17.0.5-win32-x86_64\bin\net.dll
0x00007ffc6d940000 - 0x00007ffc6da4c000 	C:\Windows\SYSTEM32\WINHTTP.dll
0x00007ffc74ee0000 - 0x00007ffc74f4a000 	C:\Windows\system32\mswsock.dll
0x00007ffc2e8f0000 - 0x00007ffc2e905000 	C:\Users\Finner\.vscode\extensions\redhat.java-1.14.0-win32-x64\jre\17.0.5-win32-x86_64\bin\nio.dll
0x00007ffc73750000 - 0x00007ffc73760000 	c:\Users\Finner\.vscode\extensions\redhat.java-1.14.0-win32-x64\jre\17.0.5-win32-x86_64\bin\verify.dll
0x00007ffc66840000 - 0x00007ffc6687e000 	C:\Users\Finner\AppData\Roaming\Code\User\globalStorage\redhat.java\1.14.0\config_win\org.eclipse.equinox.launcher\org.eclipse.equinox.launcher.win32.win32.x86_64_1.2.700.v20221108-1024\eclipse_11801.dll
0x00007ffc77060000 - 0x00007ffc7718a000 	C:\Windows\System32\ole32.dll
0x00007ffc750e0000 - 0x00007ffc750f8000 	C:\Windows\SYSTEM32\CRYPTSP.dll
0x00007ffc74790000 - 0x00007ffc747c4000 	C:\Windows\system32\rsaenh.dll
0x00007ffc75b90000 - 0x00007ffc75bb7000 	C:\Windows\System32\bcrypt.dll
0x00007ffc75620000 - 0x00007ffc7564e000 	C:\Windows\SYSTEM32\USERENV.dll
0x00007ffc750d0000 - 0x00007ffc750dc000 	C:\Windows\SYSTEM32\CRYPTBASE.dll
0x00007ffc74b80000 - 0x00007ffc74bbb000 	C:\Windows\SYSTEM32\IPHLPAPI.DLL
0x00007ffc77f30000 - 0x00007ffc77f38000 	C:\Windows\System32\NSI.dll
0x00007ffc6e830000 - 0x00007ffc6e847000 	C:\Windows\SYSTEM32\dhcpcsvc6.DLL
0x00007ffc6e810000 - 0x00007ffc6e82d000 	C:\Windows\SYSTEM32\dhcpcsvc.DLL
0x00007ffc74bd0000 - 0x00007ffc74c9b000 	C:\Windows\SYSTEM32\DNSAPI.dll
0x00007ffc5caa0000 - 0x00007ffc5cae0000 	C:\Users\Finner\AppData\Local\Temp\jna-2104396240\jna11083759594952284971.dll
0x00007ffc763d0000 - 0x00007ffc763d8000 	C:\Windows\System32\PSAPI.DLL
0x00007ffc5b710000 - 0x00007ffc5b737000 	C:\Users\Finner\.gradle\native\e1d6ef7f7dcc3fd88c89a11ec53ec762bb8ba0a96d01ffa2cd45eb1d1d8dd5c5\windows-amd64\native-platform.dll
0x00007ffc706b0000 - 0x00007ffc706b9000 	C:\Users\Finner\.vscode\extensions\redhat.java-1.14.0-win32-x64\jre\17.0.5-win32-x86_64\bin\management.dll
0x00007ffc6faa0000 - 0x00007ffc6faab000 	C:\Users\Finner\.vscode\extensions\redhat.java-1.14.0-win32-x64\jre\17.0.5-win32-x86_64\bin\management_ext.dll
0x00007ffc51810000 - 0x00007ffc5181e000 	C:\Users\Finner\.vscode\extensions\redhat.java-1.14.0-win32-x64\jre\17.0.5-win32-x86_64\bin\sunmscapi.dll
0x00007ffc75f10000 - 0x00007ffc76066000 	C:\Windows\System32\CRYPT32.dll
0x00007ffc751f0000 - 0x00007ffc75217000 	C:\Windows\SYSTEM32\ncrypt.dll
0x00007ffc751b0000 - 0x00007ffc751eb000 	C:\Windows\SYSTEM32\NTASN1.dll
0x00007ffc5b910000 - 0x00007ffc5b917000 	C:\Windows\system32\wshunix.dll

dbghelp: loaded successfully - version: 4.0.5 - missing functions: none
symbol engine: initialized successfully - sym options: 0x614 - pdb path: .;c:\Users\Finner\.vscode\extensions\redhat.java-1.14.0-win32-x64\jre\17.0.5-win32-x86_64\bin;C:\Windows\SYSTEM32;C:\Windows\WinSxS\amd64_microsoft.windows.common-controls_6595b64144ccf1df_6.0.19041.1110_none_60b5254171f9507e;c:\Users\Finner\.vscode\extensions\redhat.java-1.14.0-win32-x64\jre\17.0.5-win32-x86_64\bin\server;C:\Users\Finner\AppData\Roaming\Code\User\globalStorage\redhat.java\1.14.0\config_win\org.eclipse.equinox.launcher\org.eclipse.equinox.launcher.win32.win32.x86_64_1.2.700.v20221108-1024;C:\Users\Finner\AppData\Local\Temp\jna-2104396240;C:\Users\Finner\.gradle\native\e1d6ef7f7dcc3fd88c89a11ec53ec762bb8ba0a96d01ffa2cd45eb1d1d8dd5c5\windows-amd64

VM Arguments:
jvm_args: --add-modules=ALL-SYSTEM --add-opens=java.base/java.util=ALL-UNNAMED --add-opens=java.base/java.lang=ALL-UNNAMED --add-opens=java.base/sun.nio.fs=ALL-UNNAMED -Declipse.application=org.eclipse.jdt.ls.core.id1 -Dosgi.bundles.defaultStartLevel=4 -Declipse.product=org.eclipse.jdt.ls.core.product -Djava.import.generatesMetadataFilesAtProjectRoot=false -Dfile.encoding=utf8 -XX:+UseParallelGC -XX:GCTimeRatio=4 -XX:AdaptiveSizePolicyWeight=90 -Dsun.zip.disableMemoryMapping=true -Xmx1G -Xms100m -Xlog:disable -javaagent:c:\Users\Finner\.vscode\extensions\redhat.java-1.14.0-win32-x64\lombok\lombok-1.18.24.jar -XX:+HeapDumpOnOutOfMemoryError -XX:HeapDumpPath=c:\Users\Finner\AppData\Roaming\Code\User\workspaceStorage\e5df9e4d8833e58d448e0562fffbb95c\redhat.java 
java_command: c:\Users\Finner\.vscode\extensions\redhat.java-1.14.0-win32-x64\server\plugins\org.eclipse.equinox.launcher_1.6.400.v20210924-0641.jar -configuration c:\Users\Finner\AppData\Roaming\Code\User\globalStorage\redhat.java\1.14.0\config_win -data c:\Users\Finner\AppData\Roaming\Code\User\workspaceStorage\e5df9e4d8833e58d448e0562fffbb95c\redhat.java\jdt_ws
java_class_path (initial): c:\Users\Finner\.vscode\extensions\redhat.java-1.14.0-win32-x64\server\plugins\org.eclipse.equinox.launcher_1.6.400.v20210924-0641.jar
Launcher Type: SUN_STANDARD

[Global flags]
    uintx AdaptiveSizePolicyWeight                 = 90                                        {product} {command line}
     intx CICompilerCount                          = 4                                         {product} {ergonomic}
    uintx GCTimeRatio                              = 4                                         {product} {command line}
     bool HeapDumpOnOutOfMemoryError               = true                                   {manageable} {command line}
    ccstr HeapDumpPath                             = c:\Users\Finner\AppData\Roaming\Code\User\workspaceStorage\e5df9e4d8833e58d448e0562fffbb95c\redhat.java         {manageable} {command line}
   size_t InitialHeapSize                          = 104857600                                 {product} {command line}
   size_t MaxHeapSize                              = 1073741824                                {product} {command line}
   size_t MaxNewSize                               = 357564416                                 {product} {ergonomic}
   size_t MinHeapDeltaBytes                        = 524288                                    {product} {ergonomic}
   size_t MinHeapSize                              = 104857600                                 {product} {command line}
   size_t NewSize                                  = 34603008                                  {product} {ergonomic}
    uintx NonNMethodCodeHeapSize                   = 5839372                                {pd product} {ergonomic}
    uintx NonProfiledCodeHeapSize                  = 122909434                              {pd product} {ergonomic}
   size_t OldSize                                  = 70254592                                  {product} {ergonomic}
    uintx ProfiledCodeHeapSize                     = 122909434                              {pd product} {ergonomic}
    uintx ReservedCodeCacheSize                    = 251658240                              {pd product} {ergonomic}
     bool SegmentedCodeCache                       = true                                      {product} {ergonomic}
   size_t SoftMaxHeapSize                          = 1073741824                             {manageable} {ergonomic}
     bool UseCompressedClassPointers               = true                           {product lp64_product} {ergonomic}
     bool UseCompressedOops                        = true                           {product lp64_product} {ergonomic}
     bool UseLargePagesIndividualAllocation        = false                                  {pd product} {ergonomic}
     bool UseParallelGC                            = true                                      {product} {command line}

Logging:
Log output configuration:
 #0: stdout all=off uptime,level,tags
 #1: stderr all=off uptime,level,tags

Environment Variables:
JAVA_HOME=C:\Program Files\OpenJDK\openjdk-11.0.16_8
PATH=C:\Python311\Scripts\;C:\Python311\;C:\Program Files (x86)\Intel\iCLS Client\;C:\Program Files\Intel\iCLS Client\;C:\Windows\system32;C:\Windows;C:\Windows\System32\Wbem;C:\Windows\System32\WindowsPowerShell\v1.0\;C:\Windows\System32\OpenSSH\;C:\Program Files (x86)\NVIDIA Corporation\PhysX\Common;C:\Program Files\NVIDIA Corporation\NVIDIA NvDLISR;C:\ProgramData\chocolatey\bin;C:\Program Files\Git\cmd;C:\Program Files\OpenJDK\openjdk-11.0.16_8\bin;c:\Program Files (x86)\Intel\Intel(R) Management Engine Components\DAL;c:\Program Files\Intel\Intel(R) Management Engine Components\DAL;c:\Program Files (x86)\Intel\Intel(R) Management Engine Components\IPT;c:\Program Files\Intel\Intel(R) Management Engine Components\IPT;C:\Program Files\nodejs\;C:\Users\Finner\.amplify\bin;C:\Users\Finner\AppData\Local\Microsoft\WindowsApps;C:\Users\Finner\AppData\Local\Programs\Microsoft VS Code\bin;C:\Users\Finner\AppData\Local\Android\Sdk\platform-tools;C:\Users\Finner\AppData\Local\Programs\oh-my-posh\bin;C:\Users\Finner\AppData\Roaming\npm
USERNAME=Finner
OS=Windows_NT
PROCESSOR_IDENTIFIER=Intel64 Family 6 Model 158 Stepping 9, GenuineIntel
TMP=C:\Users\Finner\AppData\Local\Temp
TEMP=C:\Users\Finner\AppData\Local\Temp



---------------  S Y S T E M  ---------------

OS:
 Windows 10 , 64 bit Build 19041 (10.0.19041.2546)
OS uptime: 0 days 18:25 hours

CPU: total 8 (initial active 8) (4 cores per cpu, 2 threads per core) family 6 model 158 stepping 9 microcode 0xb4, cx8, cmov, fxsr, ht, mmx, 3dnowpref, sse, sse2, sse3, ssse3, sse4.1, sse4.2, popcnt, lzcnt, tsc, tscinvbit, avx, avx2, aes, erms, clmul, bmi1, bmi2, adx, fma, vzeroupper, clflush, clflushopt

Memory: 4k page, system-wide physical 8084M (444M free)
TotalPageFile size 10943M (AvailPageFile size 89M)
current process WorkingSet (physical memory assigned to process): 237M, peak: 240M
current process commit charge ("private bytes"): 300M, peak: 307M

vm_info: OpenJDK 64-Bit Server VM (17.0.5+8) for windows-amd64 JRE (17.0.5+8), built on Oct 19 2022 04:48:13 by "temurin" with MS VC++ 16.7 (VS2019)

END.
