#
# There is insufficient memory for the Java Runtime Environment to continue.
# Native memory allocation (malloc) failed to allocate 1514672 bytes for Chunk::new
# Possible reasons:
#   The system is out of physical RAM or swap space
#   The process is running with CompressedOops enabled, and the Java Heap may be blocking the growth of the native heap
# Possible solutions:
#   Reduce memory load on the system
#   Increase physical memory or swap space
#   Check if swap backing store is full
#   Decrease Java heap size (-Xmx/-Xms)
#   Decrease number of Java threads
#   Decrease Java thread stack sizes (-Xss)
#   Set larger code cache with -XX:ReservedCodeCacheSize=
#   JVM is running with Unscaled Compressed Oops mode in which the Java heap is
#     placed in the first 4GB address space. The Java Heap base address is the
#     maximum limit for the native heap growth. Please use -XX:HeapBaseMinAddress
#     to set the Java Heap base and to place the Java Heap above 4GB virtual address.
# This output file may be truncated or incomplete.
#
#  Out of Memory Error (arena.cpp:189), pid=8632, tid=10808
#
# JRE version: OpenJDK Runtime Environment Temurin-17.0.7+7 (17.0.7+7) (build 17.0.7+7)
# Java VM: OpenJDK 64-Bit Server VM Temurin-17.0.7+7 (17.0.7+7, mixed mode, tiered, compressed oops, compressed class ptrs, parallel gc, windows-amd64)
# No core dump will be written. Minidumps are not enabled by default on client versions of Windows
#

---------------  S U M M A R Y ------------

Command Line: --add-modules=ALL-SYSTEM --add-opens=java.base/java.util=ALL-UNNAMED --add-opens=java.base/java.lang=ALL-UNNAMED --add-opens=java.base/sun.nio.fs=ALL-UNNAMED -Declipse.application=org.eclipse.jdt.ls.core.id1 -Dosgi.bundles.defaultStartLevel=4 -Declipse.product=org.eclipse.jdt.ls.core.product -Djava.import.generatesMetadataFilesAtProjectRoot=false -Dfile.encoding=utf8 -XX:+UseParallelGC -XX:GCTimeRatio=4 -XX:AdaptiveSizePolicyWeight=90 -Dsun.zip.disableMemoryMapping=true -Xmx1G -Xms100m -Xlog:disable -javaagent:c:\Users\Finner\.vscode\extensions\redhat.java-1.20.0-win32-x64\lombok\lombok-1.18.28.jar -XX:+HeapDumpOnOutOfMemoryError -XX:HeapDumpPath=c:\Users\Finner\AppData\Roaming\Code\User\workspaceStorage\871a5784b85397140abcb29d54c8b749\redhat.java -Daether.dependencyCollector.impl=bf c:\Users\Finner\.vscode\extensions\redhat.java-1.20.0-win32-x64\server\plugins\org.eclipse.equinox.launcher_1.6.500.v20230622-2056.jar -configuration c:\Users\Finner\AppData\Roaming\Code\User\globalStorage\redhat.java\1.20.0\config_win -data c:\Users\Finner\AppData\Roaming\Code\User\workspaceStorage\871a5784b85397140abcb29d54c8b749\redhat.java\jdt_ws

Host: Intel(R) Core(TM) i7-7700HQ CPU @ 2.80GHz, 8 cores, 15G,  Windows 10 , 64 bit Build 19041 (10.0.19041.3031)
Time: Mon Jul 10 10:20:21 2023 SE Asia Standard Time elapsed time: 3.875394 seconds (0d 0h 0m 3s)

---------------  T H R E A D  ---------------

Current thread (0x0000022a5f4e4570):  JavaThread "C2 CompilerThread2" daemon [_thread_in_native, id=10808, stack(0x0000003b0a900000,0x0000003b0aa00000)]


Current CompileTask:
C2:   3875 3443       4       jdk.internal.org.objectweb.asm.Frame::execute (2318 bytes)

Stack: [0x0000003b0a900000,0x0000003b0aa00000]
Native frames: (J=compiled Java code, j=interpreted, Vv=VM code, C=native code)
V  [jvm.dll+0x67754a]
V  [jvm.dll+0x834304]
V  [jvm.dll+0x835aae]
V  [jvm.dll+0x836113]
V  [jvm.dll+0x24696f]
V  [jvm.dll+0xac0ac]
V  [jvm.dll+0xac67c]
V  [jvm.dll+0x364e37]
V  [jvm.dll+0x32f6b1]
V  [jvm.dll+0x32eb5a]
V  [jvm.dll+0x219641]
V  [jvm.dll+0x218a61]
V  [jvm.dll+0x1a4d8d]
V  [jvm.dll+0x2284da]
V  [jvm.dll+0x226615]
V  [jvm.dll+0x7ea90b]
V  [jvm.dll+0x7e4e7a]
V  [jvm.dll+0x676395]
C  [ucrtbase.dll+0x21bb2]
C  [KERNEL32.DLL+0x17614]
C  [ntdll.dll+0x526f1]


---------------  P R O C E S S  ---------------

Threads class SMR info:
_java_thread_list=0x0000022a5f79cbe0, length=33, elements={
0x0000022a44162570, 0x0000022a57fe4750, 0x0000022a57fe5840, 0x0000022a5d265280,
0x0000022a5d266000, 0x0000022a5d266e70, 0x0000022a5d267ce0, 0x0000022a5d26bb90,
0x0000022a5d2c66e0, 0x0000022a5d2d0c10, 0x0000022a5d3ecc10, 0x0000022a5d5809b0,
0x0000022a5e9a3e00, 0x0000022a5eddb010, 0x0000022a5e99ac20, 0x0000022a5ed42180,
0x0000022a5ec83800, 0x0000022a5ec0aab0, 0x0000022a5f21a430, 0x0000022a5ec0d130,
0x0000022a5ec0dad0, 0x0000022a5f4e4570, 0x0000022a5ec0bdf0, 0x0000022a5ec0a110,
0x0000022a5ec0a5e0, 0x0000022a5ec0c2c0, 0x0000022a5ec0cc60, 0x0000022a5ec0af80,
0x0000022a5ec0d600, 0x0000022a5ec0b450, 0x0000022a612ae8a0, 0x0000022a612aed70,
0x0000022a612af240
}

Java Threads: ( => current thread )
  0x0000022a44162570 JavaThread "main" [_thread_blocked, id=17396, stack(0x0000003b08a00000,0x0000003b08b00000)]
  0x0000022a57fe4750 JavaThread "Reference Handler" daemon [_thread_blocked, id=2564, stack(0x0000003b08d00000,0x0000003b08e00000)]
  0x0000022a57fe5840 JavaThread "Finalizer" daemon [_thread_blocked, id=2804, stack(0x0000003b08e00000,0x0000003b08f00000)]
  0x0000022a5d265280 JavaThread "Signal Dispatcher" daemon [_thread_blocked, id=3652, stack(0x0000003b08f00000,0x0000003b09000000)]
  0x0000022a5d266000 JavaThread "Attach Listener" daemon [_thread_blocked, id=14180, stack(0x0000003b09000000,0x0000003b09100000)]
  0x0000022a5d266e70 JavaThread "Service Thread" daemon [_thread_blocked, id=16912, stack(0x0000003b09100000,0x0000003b09200000)]
  0x0000022a5d267ce0 JavaThread "Monitor Deflation Thread" daemon [_thread_blocked, id=15540, stack(0x0000003b09200000,0x0000003b09300000)]
  0x0000022a5d26bb90 JavaThread "C2 CompilerThread0" daemon [_thread_in_native, id=13876, stack(0x0000003b09300000,0x0000003b09400000)]
  0x0000022a5d2c66e0 JavaThread "C1 CompilerThread0" daemon [_thread_in_native, id=15956, stack(0x0000003b09400000,0x0000003b09500000)]
  0x0000022a5d2d0c10 JavaThread "Sweeper thread" daemon [_thread_blocked, id=17068, stack(0x0000003b09500000,0x0000003b09600000)]
  0x0000022a5d3ecc10 JavaThread "Common-Cleaner" daemon [_thread_blocked, id=10088, stack(0x0000003b09600000,0x0000003b09700000)]
  0x0000022a5d5809b0 JavaThread "Notification Thread" daemon [_thread_blocked, id=14016, stack(0x0000003b09800000,0x0000003b09900000)]
  0x0000022a5e9a3e00 JavaThread "Active Thread: Equinox Container: 3df58981-a229-4e95-af5b-ad6f6977202d" [_thread_blocked, id=14716, stack(0x0000003b0a000000,0x0000003b0a100000)]
  0x0000022a5eddb010 JavaThread "Framework Event Dispatcher: Equinox Container: 3df58981-a229-4e95-af5b-ad6f6977202d" daemon [_thread_blocked, id=11544, stack(0x0000003b0a200000,0x0000003b0a300000)]
  0x0000022a5e99ac20 JavaThread "Start Level: Equinox Container: 3df58981-a229-4e95-af5b-ad6f6977202d" daemon [_thread_blocked, id=15952, stack(0x0000003b0a300000,0x0000003b0a400000)]
  0x0000022a5ed42180 JavaThread "SCR Component Actor" daemon [_thread_blocked, id=3556, stack(0x0000003b0a400000,0x0000003b0a500000)]
  0x0000022a5ec83800 JavaThread "SCR Component Registry" daemon [_thread_blocked, id=5036, stack(0x0000003b0a600000,0x0000003b0a700000)]
  0x0000022a5ec0aab0 JavaThread "Worker-JM" [_thread_blocked, id=15060, stack(0x0000003b09700000,0x0000003b09800000)]
  0x0000022a5f21a430 JavaThread "C2 CompilerThread1" daemon [_thread_in_native, id=7236, stack(0x0000003b0a100000,0x0000003b0a200000)]
  0x0000022a5ec0d130 JavaThread "Worker-0: Updating Maven Dependencies" [_thread_blocked, id=17256, stack(0x0000003b0a700000,0x0000003b0a800000)]
  0x0000022a5ec0dad0 JavaThread "Worker-1: Repository registry initialization" [_thread_in_vm, id=6268, stack(0x0000003b0a800000,0x0000003b0a900000)]
=>0x0000022a5f4e4570 JavaThread "C2 CompilerThread2" daemon [_thread_in_native, id=10808, stack(0x0000003b0a900000,0x0000003b0aa00000)]
  0x0000022a5ec0bdf0 JavaThread "Java indexing" daemon [_thread_blocked, id=10764, stack(0x0000003b0aa00000,0x0000003b0ab00000)]
  0x0000022a5ec0a110 JavaThread "JNA Cleaner" daemon [_thread_blocked, id=5220, stack(0x0000003b0ab00000,0x0000003b0ac00000)]
  0x0000022a5ec0a5e0 JavaThread "pool-2-thread-1" [_thread_blocked, id=15440, stack(0x0000003b0ac00000,0x0000003b0ad00000)]
  0x0000022a5ec0c2c0 JavaThread "WorkspaceEventsHandler" [_thread_blocked, id=16332, stack(0x0000003b0ad00000,0x0000003b0ae00000)]
  0x0000022a5ec0cc60 JavaThread "pool-1-thread-1" [_thread_blocked, id=12976, stack(0x0000003b0ae00000,0x0000003b0af00000)]
  0x0000022a5ec0af80 JavaThread "Worker-2: Loading available Gradle versions" [_thread_blocked, id=3816, stack(0x0000003b0af00000,0x0000003b0b000000)]
  0x0000022a5ec0d600 JavaThread "Worker-3: Synchronizing projects" [_thread_in_native, id=12680, stack(0x0000003b0b000000,0x0000003b0b100000)]
  0x0000022a5ec0b450 JavaThread "Worker-4: Building" [_thread_blocked, id=8664, stack(0x0000003b0b100000,0x0000003b0b200000)]
  0x0000022a612ae8a0 JavaThread "Worker-5: Load persistent model for all projects" [_thread_blocked, id=2380, stack(0x0000003b0b200000,0x0000003b0b300000)]
  0x0000022a612aed70 JavaThread "Worker-6" [_thread_blocked, id=5776, stack(0x0000003b0b300000,0x0000003b0b400000)]
  0x0000022a612af240 JavaThread "Worker-7" [_thread_blocked, id=17040, stack(0x0000003b0b400000,0x0000003b0b500000)]

Other Threads:
  0x0000022a57e87d60 VMThread "VM Thread" [stack: 0x0000003b08c00000,0x0000003b08d00000] [id=5476]
  0x0000022a5d580e80 WatcherThread [stack: 0x0000003b09900000,0x0000003b09a00000] [id=6584]
  0x0000022a44177a70 GCTaskThread "GC Thread#0" [stack: 0x0000003b08b00000,0x0000003b08c00000] [id=13048]
  0x0000022a5e7f57a0 GCTaskThread "GC Thread#1" [stack: 0x0000003b09a00000,0x0000003b09b00000] [id=3980]
  0x0000022a5eb36e50 GCTaskThread "GC Thread#2" [stack: 0x0000003b09b00000,0x0000003b09c00000] [id=6864]
  0x0000022a5eb37100 GCTaskThread "GC Thread#3" [stack: 0x0000003b09c00000,0x0000003b09d00000] [id=9540]
  0x0000022a5e7f15b0 GCTaskThread "GC Thread#4" [stack: 0x0000003b09d00000,0x0000003b09e00000] [id=15096]
  0x0000022a5e7f1860 GCTaskThread "GC Thread#5" [stack: 0x0000003b09e00000,0x0000003b09f00000] [id=3184]
  0x0000022a5e7f1b10 GCTaskThread "GC Thread#6" [stack: 0x0000003b09f00000,0x0000003b0a000000] [id=4908]
  0x0000022a5ec60c20 GCTaskThread "GC Thread#7" [stack: 0x0000003b0a500000,0x0000003b0a600000] [id=11284]

Threads with active compile tasks:
C2 CompilerThread0     3907 3476   !   4       org.eclipse.osgi.internal.loader.classpath.ClasspathManager::findClassImpl (308 bytes)
C2 CompilerThread1     3907 3605   !   4       org.eclipse.osgi.internal.loader.classpath.ClasspathManager::findLocalClass (210 bytes)
C2 CompilerThread2     3907 3443       4       jdk.internal.org.objectweb.asm.Frame::execute (2318 bytes)

VM state: not at safepoint (normal execution)

VM Mutex/Monitor currently owned by a thread: None

Heap address: 0x00000000c0000000, size: 1024 MB, Compressed Oops mode: 32-bit

CDS archive(s) not mapped
Compressed class space mapped at: 0x0000000100000000-0x0000000140000000, reserved size: 1073741824
Narrow klass base: 0x0000000000000000, Narrow klass shift: 3, Narrow klass range: 0x140000000

GC Precious Log:
 CPUs: 8 total, 8 available
 Memory: 16276M
 Large Page Support: Disabled
 NUMA Support: Disabled
 Compressed Oops: Enabled (32-bit)
 Alignments: Space 512K, Generation 512K, Heap 2M
 Heap Min Capacity: 100M
 Heap Initial Capacity: 100M
 Heap Max Capacity: 1G
 Pre-touch: Disabled
 Parallel Workers: 8

Heap:
 PSYoungGen      total 26112K, used 23111K [0x00000000eab00000, 0x00000000ec900000, 0x0000000100000000)
  eden space 23552K, 98% used [0x00000000eab00000,0x00000000ec191e48,0x00000000ec200000)
  from space 2560K, 0% used [0x00000000ec400000,0x00000000ec400000,0x00000000ec680000)
  to   space 2560K, 0% used [0x00000000ec680000,0x00000000ec680000,0x00000000ec900000)
 ParOldGen       total 68608K, used 13883K [0x00000000c0000000, 0x00000000c4300000, 0x00000000eab00000)
  object space 68608K, 20% used [0x00000000c0000000,0x00000000c0d8ef48,0x00000000c4300000)
 Metaspace       used 38499K, committed 39232K, reserved 1114112K
  class space    used 3978K, committed 4288K, reserved 1048576K

Card table byte_map: [0x0000022a43b10000,0x0000022a43d20000] _byte_map_base: 0x0000022a43510000

Marking Bits: (ParMarkBitMap*) 0x00007fffeb0c52c0
 Begin Bits: [0x0000022a55df0000, 0x0000022a56df0000)
 End Bits:   [0x0000022a56df0000, 0x0000022a57df0000)

Polling page: 0x0000022a420f0000

Metaspace:

Usage:
  Non-class:     33.72 MB used.
      Class:      3.89 MB used.
       Both:     37.60 MB used.

Virtual space:
  Non-class space:       64.00 MB reserved,      34.12 MB ( 53%) committed,  1 nodes.
      Class space:        1.00 GB reserved,       4.19 MB ( <1%) committed,  1 nodes.
             Both:        1.06 GB reserved,      38.31 MB (  4%) committed. 

Chunk freelists:
   Non-Class:  13.91 MB
       Class:  11.81 MB
        Both:  25.72 MB

MaxMetaspaceSize: unlimited
CompressedClassSpaceSize: 1.00 GB
Initial GC threshold: 21.00 MB
Current GC threshold: 58.38 MB
CDS: off
MetaspaceReclaimPolicy: balanced
 - commit_granule_bytes: 65536.
 - commit_granule_words: 8192.
 - virtual_space_node_default_size: 8388608.
 - enlarge_chunks_in_place: 1.
 - new_chunks_are_fully_committed: 0.
 - uncommit_free_chunks: 1.
 - use_allocation_guard: 0.
 - handle_deallocations: 1.


Internal statistics:

num_allocs_failed_limit: 6.
num_arena_births: 318.
num_arena_deaths: 14.
num_vsnodes_births: 2.
num_vsnodes_deaths: 0.
num_space_committed: 613.
num_space_uncommitted: 0.
num_chunks_returned_to_freelist: 20.
num_chunks_taken_from_freelist: 1557.
num_chunk_merges: 4.
num_chunk_splits: 1005.
num_chunks_enlarged: 662.
num_inconsistent_stats: 0.

CodeHeap 'non-profiled nmethods': size=120000Kb used=1687Kb max_used=1687Kb free=118312Kb
 bounds [0x0000022a4e8c0000, 0x0000022a4eb30000, 0x0000022a55df0000]
CodeHeap 'profiled nmethods': size=120000Kb used=7286Kb max_used=7286Kb free=112713Kb
 bounds [0x0000022a46df0000, 0x0000022a47510000, 0x0000022a4e320000]
CodeHeap 'non-nmethods': size=5760Kb used=1268Kb max_used=1336Kb free=4491Kb
 bounds [0x0000022a4e320000, 0x0000022a4e590000, 0x0000022a4e8c0000]
 total_blobs=4208 nmethods=3614 adapters=507
 compilation: enabled
              stopped_count=0, restarted_count=0
 full_count=0

Compilation events (20 events):
Event: 3.837 Thread 0x0000022a5d2c66e0 3602       3       org.eclipse.core.internal.resources.Resource::equals (66 bytes)
Event: 3.837 Thread 0x0000022a5d2c66e0 nmethod 3602 0x0000022a47507110 code [0x0000022a47507320, 0x0000022a47507b28]
Event: 3.839 Thread 0x0000022a5f21a430 nmethod 3571 0x0000022a4ea62e90 code [0x0000022a4ea63040, 0x0000022a4ea63438]
Event: 3.839 Thread 0x0000022a5f21a430 3576       4       org.codehaus.plexus.util.xml.pull.MXParser::more (106 bytes)
Event: 3.842 Thread 0x0000022a5f21a430 nmethod 3576 0x0000022a4ea63790 code [0x0000022a4ea63920, 0x0000022a4ea63a68]
Event: 3.842 Thread 0x0000022a5f21a430 3573       4       java.lang.Character::isHighSurrogate (18 bytes)
Event: 3.843 Thread 0x0000022a5f21a430 nmethod 3573 0x0000022a4ea63b90 code [0x0000022a4ea63d00, 0x0000022a4ea63d78]
Event: 3.843 Thread 0x0000022a5f21a430 3603       4       org.eclipse.osgi.storage.bundlefile.ZipBundleFile::findEntry (62 bytes)
Event: 3.850 Thread 0x0000022a5d2c66e0 3607       3       org.eclipse.core.internal.registry.ConfigurationElement::getAttributeAsIs (62 bytes)
Event: 3.850 Thread 0x0000022a5d2c66e0 nmethod 3607 0x0000022a47507d10 code [0x0000022a47507ee0, 0x0000022a47508288]
Event: 3.850 Thread 0x0000022a5d2c66e0 3606       3       org.eclipse.core.internal.registry.ConfigurationElement::getAttribute (6 bytes)
Event: 3.850 Thread 0x0000022a5d2c66e0 nmethod 3606 0x0000022a47508490 code [0x0000022a47508640, 0x0000022a47508788]
Event: 3.850 Thread 0x0000022a5d2c66e0 3608       3       org.eclipse.core.internal.registry.ConfigurationElementHandle::getAttribute (9 bytes)
Event: 3.851 Thread 0x0000022a5d2c66e0 nmethod 3608 0x0000022a47508810 code [0x0000022a47508a00, 0x0000022a47508fd8]
Event: 3.859 Thread 0x0000022a5f21a430 nmethod 3603 0x0000022a4ea63e90 code [0x0000022a4ea64080, 0x0000022a4ea648a8]
Event: 3.859 Thread 0x0000022a5f21a430 3605   !   4       org.eclipse.osgi.internal.loader.classpath.ClasspathManager::findLocalClass (210 bytes)
Event: 3.865 Thread 0x0000022a5d2c66e0 3611       3       java.util.RegularEnumSet::isEmpty (15 bytes)
Event: 3.865 Thread 0x0000022a5d2c66e0 nmethod 3611 0x0000022a47509210 code [0x0000022a475093a0, 0x0000022a47509518]
Event: 3.870 Thread 0x0000022a5d2c66e0 3612       3       java.util.regex.Pattern$Node::<init> (12 bytes)
Event: 3.870 Thread 0x0000022a5d2c66e0 nmethod 3612 0x0000022a47509590 code [0x0000022a47509720, 0x0000022a475098b8]

GC Heap History (20 events):
Event: 1.653 GC heap before
{Heap before GC invocations=2 (full 0):
 PSYoungGen      total 29696K, used 28744K [0x00000000eab00000, 0x00000000ecc00000, 0x0000000100000000)
  eden space 25600K, 100% used [0x00000000eab00000,0x00000000ec400000,0x00000000ec400000)
  from space 4096K, 76% used [0x00000000ec400000,0x00000000ec7123c8,0x00000000ec800000)
  to   space 4096K, 0% used [0x00000000ec800000,0x00000000ec800000,0x00000000ecc00000)
 ParOldGen       total 68608K, used 16K [0x00000000c0000000, 0x00000000c4300000, 0x00000000eab00000)
  object space 68608K, 0% used [0x00000000c0000000,0x00000000c0004000,0x00000000c4300000)
 Metaspace       used 15024K, committed 15296K, reserved 1114112K
  class space    used 1523K, committed 1664K, reserved 1048576K
}
Event: 1.659 GC heap after
{Heap after GC invocations=2 (full 0):
 PSYoungGen      total 29696K, used 4078K [0x00000000eab00000, 0x00000000ecc00000, 0x0000000100000000)
  eden space 25600K, 0% used [0x00000000eab00000,0x00000000eab00000,0x00000000ec400000)
  from space 4096K, 99% used [0x00000000ec800000,0x00000000ecbfb8a8,0x00000000ecc00000)
  to   space 4096K, 0% used [0x00000000ec400000,0x00000000ec400000,0x00000000ec800000)
 ParOldGen       total 68608K, used 1426K [0x00000000c0000000, 0x00000000c4300000, 0x00000000eab00000)
  object space 68608K, 2% used [0x00000000c0000000,0x00000000c0164ba0,0x00000000c4300000)
 Metaspace       used 15024K, committed 15296K, reserved 1114112K
  class space    used 1523K, committed 1664K, reserved 1048576K
}
Event: 2.061 GC heap before
{Heap before GC invocations=3 (full 0):
 PSYoungGen      total 29696K, used 29678K [0x00000000eab00000, 0x00000000ecc00000, 0x0000000100000000)
  eden space 25600K, 100% used [0x00000000eab00000,0x00000000ec400000,0x00000000ec400000)
  from space 4096K, 99% used [0x00000000ec800000,0x00000000ecbfb8a8,0x00000000ecc00000)
  to   space 4096K, 0% used [0x00000000ec400000,0x00000000ec400000,0x00000000ec800000)
 ParOldGen       total 68608K, used 1426K [0x00000000c0000000, 0x00000000c4300000, 0x00000000eab00000)
  object space 68608K, 2% used [0x00000000c0000000,0x00000000c0164ba0,0x00000000c4300000)
 Metaspace       used 19871K, committed 20224K, reserved 1114112K
  class space    used 2012K, committed 2112K, reserved 1048576K
}
Event: 2.065 GC heap after
{Heap after GC invocations=3 (full 0):
 PSYoungGen      total 29696K, used 4075K [0x00000000eab00000, 0x00000000ecc00000, 0x0000000100000000)
  eden space 25600K, 0% used [0x00000000eab00000,0x00000000eab00000,0x00000000ec400000)
  from space 4096K, 99% used [0x00000000ec400000,0x00000000ec7facb0,0x00000000ec800000)
  to   space 4096K, 0% used [0x00000000ec800000,0x00000000ec800000,0x00000000ecc00000)
 ParOldGen       total 68608K, used 3392K [0x00000000c0000000, 0x00000000c4300000, 0x00000000eab00000)
  object space 68608K, 4% used [0x00000000c0000000,0x00000000c0350328,0x00000000c4300000)
 Metaspace       used 19871K, committed 20224K, reserved 1114112K
  class space    used 2012K, committed 2112K, reserved 1048576K
}
Event: 2.426 GC heap before
{Heap before GC invocations=4 (full 0):
 PSYoungGen      total 29696K, used 13006K [0x00000000eab00000, 0x00000000ecc00000, 0x0000000100000000)
  eden space 25600K, 34% used [0x00000000eab00000,0x00000000eb3b8cb0,0x00000000ec400000)
  from space 4096K, 99% used [0x00000000ec400000,0x00000000ec7facb0,0x00000000ec800000)
  to   space 4096K, 0% used [0x00000000ec800000,0x00000000ec800000,0x00000000ecc00000)
 ParOldGen       total 68608K, used 3392K [0x00000000c0000000, 0x00000000c4300000, 0x00000000eab00000)
  object space 68608K, 4% used [0x00000000c0000000,0x00000000c0350328,0x00000000c4300000)
 Metaspace       used 21066K, committed 21504K, reserved 1114112K
  class space    used 2133K, committed 2304K, reserved 1048576K
}
Event: 2.429 GC heap after
{Heap after GC invocations=4 (full 0):
 PSYoungGen      total 29696K, used 4075K [0x00000000eab00000, 0x00000000ecc00000, 0x0000000100000000)
  eden space 25600K, 0% used [0x00000000eab00000,0x00000000eab00000,0x00000000ec400000)
  from space 4096K, 99% used [0x00000000ec800000,0x00000000ecbfacb0,0x00000000ecc00000)
  to   space 4096K, 0% used [0x00000000ec400000,0x00000000ec400000,0x00000000ec800000)
 ParOldGen       total 68608K, used 4192K [0x00000000c0000000, 0x00000000c4300000, 0x00000000eab00000)
  object space 68608K, 6% used [0x00000000c0000000,0x00000000c0418348,0x00000000c4300000)
 Metaspace       used 21066K, committed 21504K, reserved 1114112K
  class space    used 2133K, committed 2304K, reserved 1048576K
}
Event: 2.429 GC heap before
{Heap before GC invocations=5 (full 1):
 PSYoungGen      total 29696K, used 4075K [0x00000000eab00000, 0x00000000ecc00000, 0x0000000100000000)
  eden space 25600K, 0% used [0x00000000eab00000,0x00000000eab00000,0x00000000ec400000)
  from space 4096K, 99% used [0x00000000ec800000,0x00000000ecbfacb0,0x00000000ecc00000)
  to   space 4096K, 0% used [0x00000000ec400000,0x00000000ec400000,0x00000000ec800000)
 ParOldGen       total 68608K, used 4192K [0x00000000c0000000, 0x00000000c4300000, 0x00000000eab00000)
  object space 68608K, 6% used [0x00000000c0000000,0x00000000c0418348,0x00000000c4300000)
 Metaspace       used 21066K, committed 21504K, reserved 1114112K
  class space    used 2133K, committed 2304K, reserved 1048576K
}
Event: 2.447 GC heap after
{Heap after GC invocations=5 (full 1):
 PSYoungGen      total 29696K, used 0K [0x00000000eab00000, 0x00000000ecc00000, 0x0000000100000000)
  eden space 25600K, 0% used [0x00000000eab00000,0x00000000eab00000,0x00000000ec400000)
  from space 4096K, 0% used [0x00000000ec800000,0x00000000ec800000,0x00000000ecc00000)
  to   space 4096K, 0% used [0x00000000ec400000,0x00000000ec400000,0x00000000ec800000)
 ParOldGen       total 68608K, used 8065K [0x00000000c0000000, 0x00000000c4300000, 0x00000000eab00000)
  object space 68608K, 11% used [0x00000000c0000000,0x00000000c07e0440,0x00000000c4300000)
 Metaspace       used 21053K, committed 21504K, reserved 1114112K
  class space    used 2130K, committed 2304K, reserved 1048576K
}
Event: 2.777 GC heap before
{Heap before GC invocations=6 (full 1):
 PSYoungGen      total 29696K, used 25600K [0x00000000eab00000, 0x00000000ecc00000, 0x0000000100000000)
  eden space 25600K, 100% used [0x00000000eab00000,0x00000000ec400000,0x00000000ec400000)
  from space 4096K, 0% used [0x00000000ec800000,0x00000000ec800000,0x00000000ecc00000)
  to   space 4096K, 0% used [0x00000000ec400000,0x00000000ec400000,0x00000000ec800000)
 ParOldGen       total 68608K, used 8065K [0x00000000c0000000, 0x00000000c4300000, 0x00000000eab00000)
  object space 68608K, 11% used [0x00000000c0000000,0x00000000c07e0440,0x00000000c4300000)
 Metaspace       used 24733K, committed 25216K, reserved 1114112K
  class space    used 2536K, committed 2752K, reserved 1048576K
}
Event: 2.778 GC heap after
{Heap after GC invocations=6 (full 1):
 PSYoungGen      total 28160K, used 2764K [0x00000000eab00000, 0x00000000ecb80000, 0x0000000100000000)
  eden space 25088K, 0% used [0x00000000eab00000,0x00000000eab00000,0x00000000ec380000)
  from space 3072K, 89% used [0x00000000ec400000,0x00000000ec6b3050,0x00000000ec700000)
  to   space 4096K, 0% used [0x00000000ec780000,0x00000000ec780000,0x00000000ecb80000)
 ParOldGen       total 68608K, used 8073K [0x00000000c0000000, 0x00000000c4300000, 0x00000000eab00000)
  object space 68608K, 11% used [0x00000000c0000000,0x00000000c07e2440,0x00000000c4300000)
 Metaspace       used 24733K, committed 25216K, reserved 1114112K
  class space    used 2536K, committed 2752K, reserved 1048576K
}
Event: 2.934 GC heap before
{Heap before GC invocations=7 (full 1):
 PSYoungGen      total 28160K, used 27852K [0x00000000eab00000, 0x00000000ecb80000, 0x0000000100000000)
  eden space 25088K, 100% used [0x00000000eab00000,0x00000000ec380000,0x00000000ec380000)
  from space 3072K, 89% used [0x00000000ec400000,0x00000000ec6b3050,0x00000000ec700000)
  to   space 4096K, 0% used [0x00000000ec780000,0x00000000ec780000,0x00000000ecb80000)
 ParOldGen       total 68608K, used 8073K [0x00000000c0000000, 0x00000000c4300000, 0x00000000eab00000)
  object space 68608K, 11% used [0x00000000c0000000,0x00000000c07e2440,0x00000000c4300000)
 Metaspace       used 28072K, committed 28608K, reserved 1114112K
  class space    used 2777K, committed 3008K, reserved 1048576K
}
Event: 2.935 GC heap after
{Heap after GC invocations=7 (full 1):
 PSYoungGen      total 28160K, used 3264K [0x00000000eab00000, 0x00000000ecb00000, 0x0000000100000000)
  eden space 24576K, 0% used [0x00000000eab00000,0x00000000eab00000,0x00000000ec300000)
  from space 3584K, 91% used [0x00000000ec780000,0x00000000ecab0330,0x00000000ecb00000)
  to   space 3584K, 0% used [0x00000000ec400000,0x00000000ec400000,0x00000000ec780000)
 ParOldGen       total 68608K, used 8081K [0x00000000c0000000, 0x00000000c4300000, 0x00000000eab00000)
  object space 68608K, 11% used [0x00000000c0000000,0x00000000c07e4440,0x00000000c4300000)
 Metaspace       used 28072K, committed 28608K, reserved 1114112K
  class space    used 2777K, committed 3008K, reserved 1048576K
}
Event: 3.110 GC heap before
{Heap before GC invocations=8 (full 1):
 PSYoungGen      total 28160K, used 27840K [0x00000000eab00000, 0x00000000ecb00000, 0x0000000100000000)
  eden space 24576K, 100% used [0x00000000eab00000,0x00000000ec300000,0x00000000ec300000)
  from space 3584K, 91% used [0x00000000ec780000,0x00000000ecab0330,0x00000000ecb00000)
  to   space 3584K, 0% used [0x00000000ec400000,0x00000000ec400000,0x00000000ec780000)
 ParOldGen       total 68608K, used 8081K [0x00000000c0000000, 0x00000000c4300000, 0x00000000eab00000)
  object space 68608K, 11% used [0x00000000c0000000,0x00000000c07e4440,0x00000000c4300000)
 Metaspace       used 30300K, committed 30848K, reserved 1114112K
  class space    used 2948K, committed 3200K, reserved 1048576K
}
Event: 3.112 GC heap after
{Heap after GC invocations=8 (full 1):
 PSYoungGen      total 27648K, used 3555K [0x00000000eab00000, 0x00000000ecb80000, 0x0000000100000000)
  eden space 24064K, 0% used [0x00000000eab00000,0x00000000eab00000,0x00000000ec280000)
  from space 3584K, 99% used [0x00000000ec400000,0x00000000ec778c48,0x00000000ec780000)
  to   space 4096K, 0% used [0x00000000ec780000,0x00000000ec780000,0x00000000ecb80000)
 ParOldGen       total 68608K, used 8626K [0x00000000c0000000, 0x00000000c4300000, 0x00000000eab00000)
  object space 68608K, 12% used [0x00000000c0000000,0x00000000c086cb68,0x00000000c4300000)
 Metaspace       used 30300K, committed 30848K, reserved 1114112K
  class space    used 2948K, committed 3200K, reserved 1048576K
}
Event: 3.540 GC heap before
{Heap before GC invocations=9 (full 1):
 PSYoungGen      total 27648K, used 27619K [0x00000000eab00000, 0x00000000ecb80000, 0x0000000100000000)
  eden space 24064K, 100% used [0x00000000eab00000,0x00000000ec280000,0x00000000ec280000)
  from space 3584K, 99% used [0x00000000ec400000,0x00000000ec778c48,0x00000000ec780000)
  to   space 4096K, 0% used [0x00000000ec780000,0x00000000ec780000,0x00000000ecb80000)
 ParOldGen       total 68608K, used 8626K [0x00000000c0000000, 0x00000000c4300000, 0x00000000eab00000)
  object space 68608K, 12% used [0x00000000c0000000,0x00000000c086cb68,0x00000000c4300000)
 Metaspace       used 34259K, committed 34944K, reserved 1114112K
  class space    used 3419K, committed 3712K, reserved 1048576K
}
Event: 3.543 GC heap after
{Heap after GC invocations=9 (full 1):
 PSYoungGen      total 28160K, used 4080K [0x00000000eab00000, 0x00000000ecb80000, 0x0000000100000000)
  eden space 24064K, 0% used [0x00000000eab00000,0x00000000eab00000,0x00000000ec280000)
  from space 4096K, 99% used [0x00000000ec780000,0x00000000ecb7c278,0x00000000ecb80000)
  to   space 3584K, 0% used [0x00000000ec400000,0x00000000ec400000,0x00000000ec780000)
 ParOldGen       total 68608K, used 9794K [0x00000000c0000000, 0x00000000c4300000, 0x00000000eab00000)
  object space 68608K, 14% used [0x00000000c0000000,0x00000000c0990bc8,0x00000000c4300000)
 Metaspace       used 34259K, committed 34944K, reserved 1114112K
  class space    used 3419K, committed 3712K, reserved 1048576K
}
Event: 3.620 GC heap before
{Heap before GC invocations=10 (full 1):
 PSYoungGen      total 28160K, used 10040K [0x00000000eab00000, 0x00000000ecb80000, 0x0000000100000000)
  eden space 24064K, 24% used [0x00000000eab00000,0x00000000eb0d1e00,0x00000000ec280000)
  from space 4096K, 99% used [0x00000000ec780000,0x00000000ecb7c278,0x00000000ecb80000)
  to   space 3584K, 0% used [0x00000000ec400000,0x00000000ec400000,0x00000000ec780000)
 ParOldGen       total 68608K, used 9794K [0x00000000c0000000, 0x00000000c4300000, 0x00000000eab00000)
  object space 68608K, 14% used [0x00000000c0000000,0x00000000c0990bc8,0x00000000c4300000)
 Metaspace       used 35121K, committed 35840K, reserved 1114112K
  class space    used 3535K, committed 3904K, reserved 1048576K
}
Event: 3.622 GC heap after
{Heap after GC invocations=10 (full 1):
 PSYoungGen      total 26112K, used 2224K [0x00000000eab00000, 0x00000000ec900000, 0x0000000100000000)
  eden space 23552K, 0% used [0x00000000eab00000,0x00000000eab00000,0x00000000ec200000)
  from space 2560K, 86% used [0x00000000ec400000,0x00000000ec62c008,0x00000000ec680000)
  to   space 2560K, 0% used [0x00000000ec680000,0x00000000ec680000,0x00000000ec900000)
 ParOldGen       total 68608K, used 11966K [0x00000000c0000000, 0x00000000c4300000, 0x00000000eab00000)
  object space 68608K, 17% used [0x00000000c0000000,0x00000000c0baf8e8,0x00000000c4300000)
 Metaspace       used 35121K, committed 35840K, reserved 1114112K
  class space    used 3535K, committed 3904K, reserved 1048576K
}
Event: 3.622 GC heap before
{Heap before GC invocations=11 (full 2):
 PSYoungGen      total 26112K, used 2224K [0x00000000eab00000, 0x00000000ec900000, 0x0000000100000000)
  eden space 23552K, 0% used [0x00000000eab00000,0x00000000eab00000,0x00000000ec200000)
  from space 2560K, 86% used [0x00000000ec400000,0x00000000ec62c008,0x00000000ec680000)
  to   space 2560K, 0% used [0x00000000ec680000,0x00000000ec680000,0x00000000ec900000)
 ParOldGen       total 68608K, used 11966K [0x00000000c0000000, 0x00000000c4300000, 0x00000000eab00000)
  object space 68608K, 17% used [0x00000000c0000000,0x00000000c0baf8e8,0x00000000c4300000)
 Metaspace       used 35121K, committed 35840K, reserved 1114112K
  class space    used 3535K, committed 3904K, reserved 1048576K
}
Event: 3.643 GC heap after
{Heap after GC invocations=11 (full 2):
 PSYoungGen      total 26112K, used 0K [0x00000000eab00000, 0x00000000ec900000, 0x0000000100000000)
  eden space 23552K, 0% used [0x00000000eab00000,0x00000000eab00000,0x00000000ec200000)
  from space 2560K, 0% used [0x00000000ec400000,0x00000000ec400000,0x00000000ec680000)
  to   space 2560K, 0% used [0x00000000ec680000,0x00000000ec680000,0x00000000ec900000)
 ParOldGen       total 68608K, used 13883K [0x00000000c0000000, 0x00000000c4300000, 0x00000000eab00000)
  object space 68608K, 20% used [0x00000000c0000000,0x00000000c0d8ef48,0x00000000c4300000)
 Metaspace       used 35121K, committed 35840K, reserved 1114112K
  class space    used 3535K, committed 3904K, reserved 1048576K
}

Dll operation events (10 events):
Event: 0.010 Loaded shared library c:\Users\Finner\.vscode\extensions\redhat.java-1.20.0-win32-x64\jre\17.0.7-win32-x86_64\bin\java.dll
Event: 0.393 Loaded shared library c:\Users\Finner\.vscode\extensions\redhat.java-1.20.0-win32-x64\jre\17.0.7-win32-x86_64\bin\zip.dll
Event: 0.397 Loaded shared library C:\Users\Finner\.vscode\extensions\redhat.java-1.20.0-win32-x64\jre\17.0.7-win32-x86_64\bin\instrument.dll
Event: 0.411 Loaded shared library C:\Users\Finner\.vscode\extensions\redhat.java-1.20.0-win32-x64\jre\17.0.7-win32-x86_64\bin\net.dll
Event: 0.413 Loaded shared library C:\Users\Finner\.vscode\extensions\redhat.java-1.20.0-win32-x64\jre\17.0.7-win32-x86_64\bin\nio.dll
Event: 0.444 Loaded shared library C:\Users\Finner\.vscode\extensions\redhat.java-1.20.0-win32-x64\jre\17.0.7-win32-x86_64\bin\zip.dll
Event: 0.459 Loaded shared library C:\Users\Finner\.vscode\extensions\redhat.java-1.20.0-win32-x64\jre\17.0.7-win32-x86_64\bin\jimage.dll
Event: 0.529 Loaded shared library c:\Users\Finner\.vscode\extensions\redhat.java-1.20.0-win32-x64\jre\17.0.7-win32-x86_64\bin\verify.dll
Event: 1.537 Loaded shared library C:\Users\Finner\AppData\Roaming\Code\User\globalStorage\redhat.java\1.20.0\config_win\org.eclipse.equinox.launcher\org.eclipse.equinox.launcher.win32.win32.x86_64_1.2.700.v20221108-1024\eclipse_11801.dll
Event: 3.336 Loaded shared library C:\Windows\Temp\jna-2104396240\jna11054440132064973853.dll

Deoptimization events (20 events):
Event: 3.805 Thread 0x0000022a5ec0dad0 Uncommon trap: trap_request=0xffffffde fr.pc=0x0000022a4e9e4bb8 relative=0x0000000000000098
Event: 3.805 Thread 0x0000022a5ec0dad0 Uncommon trap: reason=class_check action=maybe_recompile pc=0x0000022a4e9e4bb8 method=java.lang.Character.codePointAt(Ljava/lang/CharSequence;I)I @ 2 c2
Event: 3.805 Thread 0x0000022a5ec0dad0 DEOPT PACKING pc=0x0000022a4e9e4bb8 sp=0x0000003b0a8fe6d0
Event: 3.805 Thread 0x0000022a5ec0dad0 DEOPT UNPACKING pc=0x0000022a4e3766a3 sp=0x0000003b0a8fe658 mode 2
Event: 3.805 Thread 0x0000022a5ec0dad0 Uncommon trap: trap_request=0xffffffde fr.pc=0x0000022a4e9e4bb8 relative=0x0000000000000098
Event: 3.805 Thread 0x0000022a5ec0dad0 Uncommon trap: reason=class_check action=maybe_recompile pc=0x0000022a4e9e4bb8 method=java.lang.Character.codePointAt(Ljava/lang/CharSequence;I)I @ 2 c2
Event: 3.805 Thread 0x0000022a5ec0dad0 DEOPT PACKING pc=0x0000022a4e9e4bb8 sp=0x0000003b0a8fe6d0
Event: 3.805 Thread 0x0000022a5ec0dad0 DEOPT UNPACKING pc=0x0000022a4e3766a3 sp=0x0000003b0a8fe658 mode 2
Event: 3.805 Thread 0x0000022a5ec0dad0 Uncommon trap: trap_request=0xffffffde fr.pc=0x0000022a4e9e4bb8 relative=0x0000000000000098
Event: 3.805 Thread 0x0000022a5ec0dad0 Uncommon trap: reason=class_check action=maybe_recompile pc=0x0000022a4e9e4bb8 method=java.lang.Character.codePointAt(Ljava/lang/CharSequence;I)I @ 2 c2
Event: 3.805 Thread 0x0000022a5ec0dad0 DEOPT PACKING pc=0x0000022a4e9e4bb8 sp=0x0000003b0a8fe6d0
Event: 3.805 Thread 0x0000022a5ec0dad0 DEOPT UNPACKING pc=0x0000022a4e3766a3 sp=0x0000003b0a8fe658 mode 2
Event: 3.805 Thread 0x0000022a5ec0dad0 Uncommon trap: trap_request=0xffffffde fr.pc=0x0000022a4e9e4bb8 relative=0x0000000000000098
Event: 3.805 Thread 0x0000022a5ec0dad0 Uncommon trap: reason=class_check action=maybe_recompile pc=0x0000022a4e9e4bb8 method=java.lang.Character.codePointAt(Ljava/lang/CharSequence;I)I @ 2 c2
Event: 3.805 Thread 0x0000022a5ec0dad0 DEOPT PACKING pc=0x0000022a4e9e4bb8 sp=0x0000003b0a8fe6d0
Event: 3.805 Thread 0x0000022a5ec0dad0 DEOPT UNPACKING pc=0x0000022a4e3766a3 sp=0x0000003b0a8fe658 mode 2
Event: 3.818 Thread 0x0000022a5ec0dad0 Uncommon trap: trap_request=0xffffff45 fr.pc=0x0000022a4ea59e80 relative=0x0000000000000840
Event: 3.818 Thread 0x0000022a5ec0dad0 Uncommon trap: reason=unstable_if action=reinterpret pc=0x0000022a4ea59e80 method=org.eclipse.osgi.internal.loader.classpath.ClasspathEntry.findEntry(Ljava/lang/String;)Lorg/eclipse/osgi/storage/bundlefile/BundleEntry; @ 32 c2
Event: 3.818 Thread 0x0000022a5ec0dad0 DEOPT PACKING pc=0x0000022a4ea59e80 sp=0x0000003b0a8fba20
Event: 3.818 Thread 0x0000022a5ec0dad0 DEOPT UNPACKING pc=0x0000022a4e3766a3 sp=0x0000003b0a8fb9c8 mode 2

Classes unloaded (7 events):
Event: 2.432 Thread 0x0000022a57e87d60 Unloading class 0x0000000100212400 'java/lang/invoke/LambdaForm$MH+0x0000000100212400'
Event: 2.432 Thread 0x0000022a57e87d60 Unloading class 0x0000000100212000 'java/lang/invoke/LambdaForm$MH+0x0000000100212000'
Event: 2.432 Thread 0x0000022a57e87d60 Unloading class 0x0000000100211c00 'java/lang/invoke/LambdaForm$MH+0x0000000100211c00'
Event: 2.432 Thread 0x0000022a57e87d60 Unloading class 0x0000000100211800 'java/lang/invoke/LambdaForm$MH+0x0000000100211800'
Event: 2.432 Thread 0x0000022a57e87d60 Unloading class 0x0000000100211000 'java/lang/invoke/LambdaForm$BMH+0x0000000100211000'
Event: 2.432 Thread 0x0000022a57e87d60 Unloading class 0x0000000100210c00 'java/lang/invoke/LambdaForm$DMH+0x0000000100210c00'
Event: 2.432 Thread 0x0000022a57e87d60 Unloading class 0x000000010020e000 'java/lang/invoke/LambdaForm$DMH+0x000000010020e000'

Classes redefined (0 events):
No events

Internal exceptions (20 events):
Event: 3.155 Thread 0x0000022a5e99ac20 Exception <a 'sun/nio/fs/WindowsException'{0x00000000eaca9ea0}> (0x00000000eaca9ea0) 
thrown [s\src\hotspot\share\prims\jni.cpp, line 516]
Event: 3.156 Thread 0x0000022a5e99ac20 Exception <a 'java/lang/NoSuchMethodError'{0x00000000eacae8f8}: 'java.lang.Object java.lang.invoke.DirectMethodHandle$Holder.invokeStaticInit(java.lang.Object, java.lang.Object, int, int, int, int)'> (0x00000000eacae8f8) 
thrown [s\src\hotspot\share\interpreter\linkResolver.cpp, line 759]
Event: 3.208 Thread 0x0000022a5e99ac20 Exception <a 'java/lang/ClassNotFoundException'{0x00000000eb007f78}: com/sun/org/apache/xml/internal/serializer/spi/XMLEntitiesProvider> (0x00000000eb007f78) 
thrown [s\src\hotspot\share\classfile\systemDictionary.cpp, line 256]
Event: 3.286 Thread 0x0000022a5e99ac20 Exception <a 'java/io/FileNotFoundException'{0x00000000eb38a610}> (0x00000000eb38a610) 
thrown [s\src\hotspot\share\prims\jni.cpp, line 516]
Event: 3.358 Thread 0x0000022a5e99ac20 Exception <a 'java/lang/UnsatisfiedLinkError'{0x00000000eb6321d8}: The specified procedure could not be found.
> (0x00000000eb6321d8) 
thrown [s\src\hotspot\share\prims\jni.cpp, line 535]
Event: 3.362 Thread 0x0000022a5e99ac20 Exception <a 'java/io/FileNotFoundException'{0x00000000eb655980}> (0x00000000eb655980) 
thrown [s\src\hotspot\share\prims\jni.cpp, line 516]
Event: 3.369 Thread 0x0000022a5e99ac20 Exception <a 'java/io/FileNotFoundException'{0x00000000eb6c8428}> (0x00000000eb6c8428) 
thrown [s\src\hotspot\share\prims\jni.cpp, line 516]
Event: 3.376 Thread 0x0000022a5e99ac20 Exception <a 'java/lang/UnsatisfiedLinkError'{0x00000000eb755460}: The specified procedure could not be found.
> (0x00000000eb755460) 
thrown [s\src\hotspot\share\prims\jni.cpp, line 535]
Event: 3.391 Thread 0x0000022a44162570 Exception <a 'sun/nio/fs/WindowsException'{0x00000000eb7a6f18}> (0x00000000eb7a6f18) 
thrown [s\src\hotspot\share\prims\jni.cpp, line 516]
Event: 3.481 Thread 0x0000022a5ec0dad0 Exception <a 'java/lang/NoSuchMethodError'{0x00000000ebf1b3a0}: 'int java.lang.invoke.DirectMethodHandle$Holder.invokeVirtual(java.lang.Object, java.lang.Object)'> (0x00000000ebf1b3a0) 
thrown [s\src\hotspot\share\interpreter\linkResolver.cpp, line 759]
Event: 3.495 Thread 0x0000022a44162570 Exception <a 'java/lang/NoSuchMethodError'{0x00000000ec039c20}: 'java.lang.Object java.lang.invoke.DirectMethodHandle$Holder.invokeStatic(java.lang.Object, java.lang.Object, long, java.lang.Object)'> (0x00000000ec039c20) 
thrown [s\src\hotspot\share\interpreter\linkResolver.cpp, line 759]
Event: 3.495 Thread 0x0000022a44162570 Exception <a 'java/lang/NoSuchMethodError'{0x00000000ec03d6b8}: 'java.lang.Object java.lang.invoke.DirectMethodHandle$Holder.invokeStaticInit(java.lang.Object, java.lang.Object, long, java.lang.Object)'> (0x00000000ec03d6b8) 
thrown [s\src\hotspot\share\interpreter\linkResolver.cpp, line 759]
Event: 3.496 Thread 0x0000022a44162570 Exception <a 'java/lang/NoSuchMethodError'{0x00000000ec043cc8}: 'java.lang.Object java.lang.invoke.DirectMethodHandle$Holder.newInvokeSpecial(java.lang.Object, java.lang.Object, long)'> (0x00000000ec043cc8) 
thrown [s\src\hotspot\share\interpreter\linkResolver.cpp, line 759]
Event: 3.496 Thread 0x0000022a44162570 Exception <a 'java/lang/NoSuchMethodError'{0x00000000ec047708}: 'java.lang.Object java.lang.invoke.Invokers$Holder.linkToTargetMethod(java.lang.Object, long, java.lang.Object)'> (0x00000000ec047708) 
thrown [s\src\hotspot\share\interpreter\linkResolver.cpp, line 759]
Event: 3.530 Thread 0x0000022a44162570 Exception <a 'java/lang/NoSuchMethodError'{0x00000000ec1dac00}: 'void java.lang.invoke.DirectMethodHandle$Holder.invokeStatic(java.lang.Object, java.lang.Object, java.lang.Object, java.lang.Object)'> (0x00000000ec1dac00) 
thrown [s\src\hotspot\share\interpreter\linkResolver.cpp, line 759]
Event: 3.670 Thread 0x0000022a44162570 Exception <a 'java/lang/NoSuchMethodError'{0x00000000eade1240}: 'void java.lang.invoke.DirectMethodHandle$Holder.invokeSpecial(java.lang.Object, java.lang.Object, java.lang.Object, java.lang.Object, java.lang.Object, java.lang.Object)'> (0x00000000eade1240) 
thrown [s\src\hotspot\share\interpreter\linkResolver.cpp, line 759]
Event: 3.672 Thread 0x0000022a44162570 Exception <a 'java/lang/IncompatibleClassChangeError'{0x00000000eadeaaf0}: Found class java.lang.Object, but interface was expected> (0x00000000eadeaaf0) 
thrown [s\src\hotspot\share\interpreter\linkResolver.cpp, line 826]
Event: 3.772 Thread 0x0000022a5ec0cc60 Exception <a 'java/io/FileNotFoundException'{0x00000000eb377d78}> (0x00000000eb377d78) 
thrown [s\src\hotspot\share\prims\jni.cpp, line 516]
Event: 3.790 Thread 0x0000022a5ec0cc60 Exception <a 'sun/nio/fs/WindowsException'{0x00000000eb4b6308}> (0x00000000eb4b6308) 
thrown [s\src\hotspot\share\prims\jni.cpp, line 516]
Event: 3.824 Thread 0x0000022a5ec0dad0 Exception <a 'java/lang/NoSuchMethodError'{0x00000000eb7af610}: 'java.lang.Object java.lang.invoke.DirectMethodHandle$Holder.invokeSpecialIFC(java.lang.Object, java.lang.Object, java.lang.Object, java.lang.Object)'> (0x00000000eb7af610) 
thrown [s\src\hotspot\share\interpreter\linkResolver.cpp, line 759]

VM Operations (20 events):
Event: 3.115 Executing VM operation: HandshakeAllThreads
Event: 3.115 Executing VM operation: HandshakeAllThreads done
Event: 3.208 Executing VM operation: HandshakeAllThreads
Event: 3.208 Executing VM operation: HandshakeAllThreads done
Event: 3.229 Executing VM operation: HandshakeAllThreads
Event: 3.229 Executing VM operation: HandshakeAllThreads done
Event: 3.346 Executing VM operation: HandshakeAllThreads
Event: 3.346 Executing VM operation: HandshakeAllThreads done
Event: 3.433 Executing VM operation: HandshakeAllThreads
Event: 3.433 Executing VM operation: HandshakeAllThreads done
Event: 3.540 Executing VM operation: ParallelGCFailedAllocation
Event: 3.543 Executing VM operation: ParallelGCFailedAllocation done
Event: 3.620 Executing VM operation: CollectForMetadataAllocation
Event: 3.643 Executing VM operation: CollectForMetadataAllocation done
Event: 3.763 Executing VM operation: HandshakeAllThreads
Event: 3.763 Executing VM operation: HandshakeAllThreads done
Event: 3.795 Executing VM operation: HandshakeAllThreads
Event: 3.796 Executing VM operation: HandshakeAllThreads done
Event: 3.836 Executing VM operation: HandshakeAllThreads
Event: 3.836 Executing VM operation: HandshakeAllThreads done

Events (20 events):
Event: 3.790 Thread 0x0000022a5ec0d600 Thread added: 0x0000022a5ec0d600
Event: 3.790 Thread 0x0000022a5ec0b450 Thread added: 0x0000022a5ec0b450
Event: 3.791 loading class jdk/internal/math/FormattedFloatingDecimal$Form
Event: 3.791 loading class jdk/internal/math/FormattedFloatingDecimal$Form done
Event: 3.791 loading class jdk/internal/math/FormattedFloatingDecimal
Event: 3.791 loading class jdk/internal/math/FormattedFloatingDecimal done
Event: 3.791 loading class jdk/internal/math/FormattedFloatingDecimal$1
Event: 3.791 loading class jdk/internal/math/FormattedFloatingDecimal$1 done
Event: 3.791 loading class jdk/internal/math/FormattedFloatingDecimal$2
Event: 3.792 loading class jdk/internal/math/FormattedFloatingDecimal$2 done
Event: 3.795 loading class java/util/concurrent/locks/ReentrantReadWriteLock$Sync$HoldCounter
Event: 3.795 loading class java/util/concurrent/locks/ReentrantReadWriteLock$Sync$HoldCounter done
Event: 3.799 loading class jdk/internal/reflect/UnsafeIntegerFieldAccessorImpl
Event: 3.799 loading class jdk/internal/reflect/UnsafeIntegerFieldAccessorImpl done
Event: 3.801 loading class java/io/DataOutputStream
Event: 3.801 loading class java/io/DataOutputStream done
Event: 3.829 loading class jdk/internal/math/FDBigInteger
Event: 3.829 loading class jdk/internal/math/FDBigInteger done
Event: 3.873 loading class java/io/FilterReader
Event: 3.873 loading class java/io/FilterReader done


Dynamic libraries:
0x00007ff7dc610000 - 0x00007ff7dc61e000 	c:\Users\Finner\.vscode\extensions\redhat.java-1.20.0-win32-x64\jre\17.0.7-win32-x86_64\bin\java.exe
0x00007ff858010000 - 0x00007ff858208000 	C:\Windows\SYSTEM32\ntdll.dll
0x00007ff857ad0000 - 0x00007ff857b8f000 	C:\Windows\System32\KERNEL32.DLL
0x00007ff855a90000 - 0x00007ff855d86000 	C:\Windows\System32\KERNELBASE.dll
0x00007ff8556f0000 - 0x00007ff8557f0000 	C:\Windows\System32\ucrtbase.dll
0x00007ff84e8c0000 - 0x00007ff84e8d7000 	c:\Users\Finner\.vscode\extensions\redhat.java-1.20.0-win32-x64\jre\17.0.7-win32-x86_64\bin\jli.dll
0x00007ff84f9a0000 - 0x00007ff84f9b9000 	c:\Users\Finner\.vscode\extensions\redhat.java-1.20.0-win32-x64\jre\17.0.7-win32-x86_64\bin\VCRUNTIME140.dll
0x00007ff856400000 - 0x00007ff85659d000 	C:\Windows\System32\USER32.dll
0x00007ff855d90000 - 0x00007ff855db2000 	C:\Windows\System32\win32u.dll
0x00007ff83d570000 - 0x00007ff83d80a000 	C:\Windows\WinSxS\amd64_microsoft.windows.common-controls_6595b64144ccf1df_6.0.19041.1110_none_60b5254171f9507e\COMCTL32.dll
0x00007ff8562e0000 - 0x00007ff85630c000 	C:\Windows\System32\GDI32.dll
0x00007ff857520000 - 0x00007ff8575be000 	C:\Windows\System32\msvcrt.dll
0x00007ff855970000 - 0x00007ff855a85000 	C:\Windows\System32\gdi32full.dll
0x00007ff8557f0000 - 0x00007ff85588d000 	C:\Windows\System32\msvcp_win.dll
0x00007ff857df0000 - 0x00007ff857e20000 	C:\Windows\System32\IMM32.DLL
0x00007ff84f990000 - 0x00007ff84f99c000 	c:\Users\Finner\.vscode\extensions\redhat.java-1.20.0-win32-x64\jre\17.0.7-win32-x86_64\bin\vcruntime140_1.dll
0x00007ff84e820000 - 0x00007ff84e8b1000 	c:\Users\Finner\.vscode\extensions\redhat.java-1.20.0-win32-x64\jre\17.0.7-win32-x86_64\bin\msvcp140.dll
0x00007fffea540000 - 0x00007fffeb188000 	c:\Users\Finner\.vscode\extensions\redhat.java-1.20.0-win32-x64\jre\17.0.7-win32-x86_64\bin\server\jvm.dll
0x00007ff8572e0000 - 0x00007ff85738f000 	C:\Windows\System32\ADVAPI32.dll
0x00007ff8575c0000 - 0x00007ff85765c000 	C:\Windows\System32\sechost.dll
0x00007ff8561b0000 - 0x00007ff8562d6000 	C:\Windows\System32\RPCRT4.dll
0x00007ff84fe20000 - 0x00007ff84fe29000 	C:\Windows\SYSTEM32\WSOCK32.dll
0x00007ff856140000 - 0x00007ff8561ab000 	C:\Windows\System32\WS2_32.dll
0x00007ff840770000 - 0x00007ff840797000 	C:\Windows\SYSTEM32\WINMM.dll
0x00007ff853680000 - 0x00007ff85368a000 	C:\Windows\SYSTEM32\VERSION.dll
0x00007ff853f30000 - 0x00007ff853f42000 	C:\Windows\SYSTEM32\kernel.appcore.dll
0x00007ff84e810000 - 0x00007ff84e81a000 	c:\Users\Finner\.vscode\extensions\redhat.java-1.20.0-win32-x64\jre\17.0.7-win32-x86_64\bin\jimage.dll
0x00007ff852c00000 - 0x00007ff852de4000 	C:\Windows\SYSTEM32\DBGHELP.DLL
0x00007ff843440000 - 0x00007ff843474000 	C:\Windows\SYSTEM32\dbgcore.DLL
0x00007ff855dc0000 - 0x00007ff855e42000 	C:\Windows\System32\bcryptPrimitives.dll
0x00007ff850de0000 - 0x00007ff850dee000 	c:\Users\Finner\.vscode\extensions\redhat.java-1.20.0-win32-x64\jre\17.0.7-win32-x86_64\bin\instrument.dll
0x00007ff843820000 - 0x00007ff843845000 	c:\Users\Finner\.vscode\extensions\redhat.java-1.20.0-win32-x64\jre\17.0.7-win32-x86_64\bin\java.dll
0x00007ff843800000 - 0x00007ff843818000 	c:\Users\Finner\.vscode\extensions\redhat.java-1.20.0-win32-x64\jre\17.0.7-win32-x86_64\bin\zip.dll
0x00007ff856b10000 - 0x00007ff857254000 	C:\Windows\System32\SHELL32.dll
0x00007ff853780000 - 0x00007ff853f13000 	C:\Windows\SYSTEM32\windows.storage.dll
0x00007ff856730000 - 0x00007ff856a84000 	C:\Windows\System32\combase.dll
0x00007ff855140000 - 0x00007ff85516e000 	C:\Windows\SYSTEM32\Wldp.dll
0x00007ff857390000 - 0x00007ff85743d000 	C:\Windows\System32\SHCORE.dll
0x00007ff856aa0000 - 0x00007ff856af5000 	C:\Windows\System32\shlwapi.dll
0x00007ff855630000 - 0x00007ff85564f000 	C:\Windows\SYSTEM32\profapi.dll
0x00007ff8242e0000 - 0x00007ff8242f9000 	C:\Users\Finner\.vscode\extensions\redhat.java-1.20.0-win32-x64\jre\17.0.7-win32-x86_64\bin\net.dll
0x00007ff84d190000 - 0x00007ff84d29a000 	C:\Windows\SYSTEM32\WINHTTP.dll
0x00007ff854ea0000 - 0x00007ff854f0a000 	C:\Windows\system32\mswsock.dll
0x00007ff8242c0000 - 0x00007ff8242d5000 	C:\Users\Finner\.vscode\extensions\redhat.java-1.20.0-win32-x64\jre\17.0.7-win32-x86_64\bin\nio.dll
0x00007ff84e7f0000 - 0x00007ff84e800000 	c:\Users\Finner\.vscode\extensions\redhat.java-1.20.0-win32-x64\jre\17.0.7-win32-x86_64\bin\verify.dll
0x00007ff829070000 - 0x00007ff8290ae000 	C:\Users\Finner\AppData\Roaming\Code\User\globalStorage\redhat.java\1.20.0\config_win\org.eclipse.equinox.launcher\org.eclipse.equinox.launcher.win32.win32.x86_64_1.2.700.v20221108-1024\eclipse_11801.dll
0x00007ff8565a0000 - 0x00007ff8566ca000 	C:\Windows\System32\ole32.dll
0x00007ff855090000 - 0x00007ff8550a8000 	C:\Windows\SYSTEM32\CRYPTSP.dll
0x00007ff854750000 - 0x00007ff854784000 	C:\Windows\system32\rsaenh.dll
0x00007ff855940000 - 0x00007ff855967000 	C:\Windows\System32\bcrypt.dll
0x00007ff8555f0000 - 0x00007ff85561e000 	C:\Windows\SYSTEM32\USERENV.dll
0x00007ff8550b0000 - 0x00007ff8550bc000 	C:\Windows\SYSTEM32\CRYPTBASE.dll
0x00007ff854b40000 - 0x00007ff854b7c000 	C:\Windows\SYSTEM32\IPHLPAPI.DLL
0x00007ff856b00000 - 0x00007ff856b08000 	C:\Windows\System32\NSI.dll
0x00007ff84e9e0000 - 0x00007ff84e9f7000 	C:\Windows\SYSTEM32\dhcpcsvc6.DLL
0x00007ff84ec60000 - 0x00007ff84ec7d000 	C:\Windows\SYSTEM32\dhcpcsvc.DLL
0x00007ff854b90000 - 0x00007ff854c5a000 	C:\Windows\SYSTEM32\DNSAPI.dll
0x00007ff822d00000 - 0x00007ff822d45000 	C:\Windows\Temp\jna-2104396240\jna11054440132064973853.dll
0x00007ff856390000 - 0x00007ff856398000 	C:\Windows\System32\PSAPI.DLL

dbghelp: loaded successfully - version: 4.0.5 - missing functions: none
symbol engine: initialized successfully - sym options: 0x614 - pdb path: .;c:\Users\Finner\.vscode\extensions\redhat.java-1.20.0-win32-x64\jre\17.0.7-win32-x86_64\bin;C:\Windows\SYSTEM32;C:\Windows\WinSxS\amd64_microsoft.windows.common-controls_6595b64144ccf1df_6.0.19041.1110_none_60b5254171f9507e;c:\Users\Finner\.vscode\extensions\redhat.java-1.20.0-win32-x64\jre\17.0.7-win32-x86_64\bin\server;C:\Users\Finner\AppData\Roaming\Code\User\globalStorage\redhat.java\1.20.0\config_win\org.eclipse.equinox.launcher\org.eclipse.equinox.launcher.win32.win32.x86_64_1.2.700.v20221108-1024;C:\Windows\Temp\jna-2104396240

VM Arguments:
jvm_args: --add-modules=ALL-SYSTEM --add-opens=java.base/java.util=ALL-UNNAMED --add-opens=java.base/java.lang=ALL-UNNAMED --add-opens=java.base/sun.nio.fs=ALL-UNNAMED -Declipse.application=org.eclipse.jdt.ls.core.id1 -Dosgi.bundles.defaultStartLevel=4 -Declipse.product=org.eclipse.jdt.ls.core.product -Djava.import.generatesMetadataFilesAtProjectRoot=false -Dfile.encoding=utf8 -XX:+UseParallelGC -XX:GCTimeRatio=4 -XX:AdaptiveSizePolicyWeight=90 -Dsun.zip.disableMemoryMapping=true -Xmx1G -Xms100m -Xlog:disable -javaagent:c:\Users\Finner\.vscode\extensions\redhat.java-1.20.0-win32-x64\lombok\lombok-1.18.28.jar -XX:+HeapDumpOnOutOfMemoryError -XX:HeapDumpPath=c:\Users\Finner\AppData\Roaming\Code\User\workspaceStorage\871a5784b85397140abcb29d54c8b749\redhat.java -Daether.dependencyCollector.impl=bf 
java_command: c:\Users\Finner\.vscode\extensions\redhat.java-1.20.0-win32-x64\server\plugins\org.eclipse.equinox.launcher_1.6.500.v20230622-2056.jar -configuration c:\Users\Finner\AppData\Roaming\Code\User\globalStorage\redhat.java\1.20.0\config_win -data c:\Users\Finner\AppData\Roaming\Code\User\workspaceStorage\871a5784b85397140abcb29d54c8b749\redhat.java\jdt_ws
java_class_path (initial): c:\Users\Finner\.vscode\extensions\redhat.java-1.20.0-win32-x64\server\plugins\org.eclipse.equinox.launcher_1.6.500.v20230622-2056.jar
Launcher Type: SUN_STANDARD

[Global flags]
    uintx AdaptiveSizePolicyWeight                 = 90                                        {product} {command line}
     intx CICompilerCount                          = 4                                         {product} {ergonomic}
    uintx GCTimeRatio                              = 4                                         {product} {command line}
     bool HeapDumpOnOutOfMemoryError               = true                                   {manageable} {command line}
    ccstr HeapDumpPath                             = c:\Users\Finner\AppData\Roaming\Code\User\workspaceStorage\871a5784b85397140abcb29d54c8b749\redhat.java         {manageable} {command line}
   size_t InitialHeapSize                          = 104857600                                 {product} {command line}
   size_t MaxHeapSize                              = 1073741824                                {product} {command line}
   size_t MaxNewSize                               = 357564416                                 {product} {ergonomic}
   size_t MinHeapDeltaBytes                        = 524288                                    {product} {ergonomic}
   size_t MinHeapSize                              = 104857600                                 {product} {command line}
   size_t NewSize                                  = 34603008                                  {product} {ergonomic}
    uintx NonNMethodCodeHeapSize                   = 5839372                                {pd product} {ergonomic}
    uintx NonProfiledCodeHeapSize                  = 122909434                              {pd product} {ergonomic}
   size_t OldSize                                  = 70254592                                  {product} {ergonomic}
    uintx ProfiledCodeHeapSize                     = 122909434                              {pd product} {ergonomic}
    uintx ReservedCodeCacheSize                    = 251658240                              {pd product} {ergonomic}
     bool SegmentedCodeCache                       = true                                      {product} {ergonomic}
   size_t SoftMaxHeapSize                          = 1073741824                             {manageable} {ergonomic}
     bool UseCompressedClassPointers               = true                           {product lp64_product} {ergonomic}
     bool UseCompressedOops                        = true                           {product lp64_product} {ergonomic}
     bool UseLargePagesIndividualAllocation        = false                                  {pd product} {ergonomic}
     bool UseParallelGC                            = true                                      {product} {command line}

Logging:
Log output configuration:
 #0: stdout all=off uptime,level,tags
 #1: stderr all=off uptime,level,tags

Environment Variables:
JAVA_HOME=C:\Program Files\Microsoft\jdk-11.0.18.10-hotspot\
PATH=C:\Program Files (x86)\Common Files\Intel\Shared Libraries\redist\intel64\compiler;C:\Program Files\Microsoft\jdk-11.0.18.10-hotspot\bin;C:\Program Files (x86)\Intel\iCLS Client\;C:\Program Files\Intel\iCLS Client\;C:\Windows\system32;C:\Windows;C:\Windows\System32\Wbem;C:\Windows\System32\WindowsPowerShell\v1.0\;C:\Windows\System32\OpenSSH\;C:\Program Files (x86)\NVIDIA Corporation\PhysX\Common;C:\Program Files\NVIDIA Corporation\NVIDIA NvDLISR;C:\ProgramData\chocolatey\bin;C:\Program Files\Git\cmd;C:\Program Files\OpenJDK\openjdk-11.0.16_8\bin;c:\Program Files (x86)\Intel\Intel(R) Management Engine Components\DAL;c:\Program Files\Intel\Intel(R) Management Engine Components\DAL;c:\Program Files (x86)\Intel\Intel(R) Management Engine Components\IPT;c:\Program Files\Intel\Intel(R) Management Engine Components\IPT;C:\Program Files\PowerShell\7-preview\preview;C:\Program Files\nodejs\;C:\Users\Finner\.amplify\bin;C:\Users\Finner\AppData\Local\Microsoft\WindowsApps;C:\Users\Finner\AppData\Local\Android\Sdk\platform-tools;C:\Users\Finner\AppData\Local\Programs\oh-my-posh\bin;C:\Users\Finner\AppData\Local\Programs\Microsoft VS Code\bin;C:\Users\Finner\AppData\Roaming\npm;C:\Program Files\nodejs;
USERNAME=Finner
OS=Windows_NT
PROCESSOR_IDENTIFIER=Intel64 Family 6 Model 158 Stepping 9, GenuineIntel
TMP=C:\Windows\TEMP
TEMP=C:\Users\Finner\AppData\Local\Temp



---------------  S Y S T E M  ---------------

OS:
 Windows 10 , 64 bit Build 19041 (10.0.19041.3031)
OS uptime: 0 days 1:14 hours

CPU: total 8 (initial active 8) (4 cores per cpu, 2 threads per core) family 6 model 158 stepping 9 microcode 0xb4, cx8, cmov, fxsr, ht, mmx, 3dnowpref, sse, sse2, sse3, ssse3, sse4.1, sse4.2, popcnt, lzcnt, tsc, tscinvbit, avx, avx2, aes, erms, clmul, bmi1, bmi2, adx, fma, vzeroupper, clflush, clflushopt

Memory: 4k page, system-wide physical 16276M (1542M free)
TotalPageFile size 19135M (AvailPageFile size 5M)
current process WorkingSet (physical memory assigned to process): 170M, peak: 170M
current process commit charge ("private bytes"): 270M, peak: 270M

vm_info: OpenJDK 64-Bit Server VM (17.0.7+7) for windows-amd64 JRE (17.0.7+7), built on Apr 18 2023 22:10:42 by "temurin" with MS VC++ 16.7 (VS2019)

END.
