#
# There is insufficient memory for the Java Runtime Environment to continue.
# Native memory allocation (malloc) failed to allocate 32744 bytes for ChunkPool::allocate
# Possible reasons:
#   The system is out of physical RAM or swap space
#   The process is running with CompressedOops enabled, and the Java Heap may be blocking the growth of the native heap
# Possible solutions:
#   Reduce memory load on the system
#   Increase physical memory or swap space
#   Check if swap backing store is full
#   Decrease Java heap size (-Xmx/-Xms)
#   Decrease number of Java threads
#   Decrease Java thread stack sizes (-Xss)
#   Set larger code cache with -XX:ReservedCodeCacheSize=
#   JVM is running with Unscaled Compressed Oops mode in which the Java heap is
#     placed in the first 4GB address space. The Java Heap base address is the
#     maximum limit for the native heap growth. Please use -XX:HeapBaseMinAddress
#     to set the Java Heap base and to place the Java Heap above 4GB virtual address.
# This output file may be truncated or incomplete.
#
#  Out of Memory Error (arena.cpp:78), pid=10404, tid=10220
#
# JRE version: OpenJDK Runtime Environment Temurin-17.0.7+7 (17.0.7+7) (build 17.0.7+7)
# Java VM: OpenJDK 64-Bit Server VM Temurin-17.0.7+7 (17.0.7+7, mixed mode, tiered, compressed oops, compressed class ptrs, parallel gc, windows-amd64)
# No core dump will be written. Minidumps are not enabled by default on client versions of Windows
#

---------------  S U M M A R Y ------------

Command Line: --add-modules=ALL-SYSTEM --add-opens=java.base/java.util=ALL-UNNAMED --add-opens=java.base/java.lang=ALL-UNNAMED --add-opens=java.base/sun.nio.fs=ALL-UNNAMED -Declipse.application=org.eclipse.jdt.ls.core.id1 -Dosgi.bundles.defaultStartLevel=4 -Declipse.product=org.eclipse.jdt.ls.core.product -Djava.import.generatesMetadataFilesAtProjectRoot=false -Dfile.encoding=utf8 -XX:+UseParallelGC -XX:GCTimeRatio=4 -XX:AdaptiveSizePolicyWeight=90 -Dsun.zip.disableMemoryMapping=true -Xmx1G -Xms100m -Xlog:disable -javaagent:c:\Users\Finner\.vscode\extensions\redhat.java-1.20.0-win32-x64\lombok\lombok-1.18.28.jar c:\Users\Finner\.vscode\extensions\redhat.java-1.20.0-win32-x64\server\plugins\org.eclipse.equinox.launcher_1.6.500.v20230622-2056.jar -configuration c:\Users\Finner\AppData\Roaming\Code\User\globalStorage\redhat.java\1.20.0\config_ss_win -data c:\Users\Finner\AppData\Roaming\Code\User\workspaceStorage\871a5784b85397140abcb29d54c8b749\redhat.java\ss_ws

Host: Intel(R) Core(TM) i7-7700HQ CPU @ 2.80GHz, 8 cores, 15G,  Windows 10 , 64 bit Build 19041 (10.0.19041.3031)
Time: Thu Jul 13 14:44:21 2023 SE Asia Standard Time elapsed time: 0.435391 seconds (0d 0h 0m 0s)

---------------  T H R E A D  ---------------

Current thread (0x000002589d9e42f0):  JavaThread "C2 CompilerThread0" daemon [_thread_in_vm, id=10220, stack(0x0000005dda300000,0x0000005dda400000)]

Stack: [0x0000005dda300000,0x0000005dda400000]
Native frames: (J=compiled Java code, j=interpreted, Vv=VM code, C=native code)
V  [jvm.dll+0x67754a]
V  [jvm.dll+0x834304]
V  [jvm.dll+0x835aae]
V  [jvm.dll+0x836113]
V  [jvm.dll+0x24696f]
V  [jvm.dll+0xac2cc]
V  [jvm.dll+0xac67c]
V  [jvm.dll+0x200819]
V  [jvm.dll+0x6ea2de]
V  [jvm.dll+0x6d18a2]
V  [jvm.dll+0x1a4fad]
V  [jvm.dll+0x2273b9]
V  [jvm.dll+0x2264ca]
V  [jvm.dll+0x7ea90b]
V  [jvm.dll+0x7e4e7a]
V  [jvm.dll+0x676395]
C  [ucrtbase.dll+0x21bb2]
C  [KERNEL32.DLL+0x17614]
C  [ntdll.dll+0x526f1]


---------------  P R O C E S S  ---------------

Threads class SMR info:
_java_thread_list=0x000002589d9c0010, length=10, elements={
0x0000025883dd1740, 0x000002589d9b64f0, 0x000002589d9b75e0, 0x000002589d9dd270,
0x000002589d9de0e0, 0x000002589d9def50, 0x000002589d9e0c70, 0x000002589d9e42f0,
0x000002589d9e74c0, 0x000002589d9f0640
}

Java Threads: ( => current thread )
  0x0000025883dd1740 JavaThread "main" [_thread_in_vm, id=20580, stack(0x0000005dd9a00000,0x0000005dd9b00000)]
  0x000002589d9b64f0 JavaThread "Reference Handler" daemon [_thread_blocked, id=21196, stack(0x0000005dd9d00000,0x0000005dd9e00000)]
  0x000002589d9b75e0 JavaThread "Finalizer" daemon [_thread_blocked, id=20996, stack(0x0000005dd9e00000,0x0000005dd9f00000)]
  0x000002589d9dd270 JavaThread "Signal Dispatcher" daemon [_thread_blocked, id=3304, stack(0x0000005dd9f00000,0x0000005dda000000)]
  0x000002589d9de0e0 JavaThread "Attach Listener" daemon [_thread_blocked, id=5072, stack(0x0000005dda000000,0x0000005dda100000)]
  0x000002589d9def50 JavaThread "Service Thread" daemon [_thread_blocked, id=13692, stack(0x0000005dda100000,0x0000005dda200000)]
  0x000002589d9e0c70 JavaThread "Monitor Deflation Thread" daemon [_thread_blocked, id=12368, stack(0x0000005dda200000,0x0000005dda300000)]
=>0x000002589d9e42f0 JavaThread "C2 CompilerThread0" daemon [_thread_in_vm, id=10220, stack(0x0000005dda300000,0x0000005dda400000)]
  0x000002589d9e74c0 JavaThread "C1 CompilerThread0" daemon [_thread_in_vm, id=9776, stack(0x0000005dda400000,0x0000005dda500000)]
  0x000002589d9f0640 JavaThread "Sweeper thread" daemon [_thread_blocked, id=15020, stack(0x0000005dda500000,0x0000005dda600000)]

Other Threads:
  0x0000025897c5d740 VMThread "VM Thread" [stack: 0x0000005dd9c00000,0x0000005dd9d00000] [id=21240]
  0x0000025883de6a20 GCTaskThread "GC Thread#0" [stack: 0x0000005dd9b00000,0x0000005dd9c00000] [id=21264]

Threads with active compile tasks:

VM state: not at safepoint (normal execution)

VM Mutex/Monitor currently owned by a thread: None

Heap address: 0x00000000c0000000, size: 1024 MB, Compressed Oops mode: 32-bit

CDS archive(s) not mapped
Compressed class space mapped at: 0x0000000100000000-0x0000000140000000, reserved size: 1073741824
Narrow klass base: 0x0000000000000000, Narrow klass shift: 3, Narrow klass range: 0x140000000

GC Precious Log:
 CPUs: 8 total, 8 available
 Memory: 16276M
 Large Page Support: Disabled
 NUMA Support: Disabled
 Compressed Oops: Enabled (32-bit)
 Alignments: Space 512K, Generation 512K, Heap 2M
 Heap Min Capacity: 100M
 Heap Initial Capacity: 100M
 Heap Max Capacity: 1G
 Pre-touch: Disabled
 Parallel Workers: 8

Heap:
 PSYoungGen      total 29696K, used 1024K [0x00000000eab00000, 0x00000000ecc00000, 0x0000000100000000)
  eden space 25600K, 4% used [0x00000000eab00000,0x00000000eac00138,0x00000000ec400000)
  from space 4096K, 0% used [0x00000000ec800000,0x00000000ec800000,0x00000000ecc00000)
  to   space 4096K, 0% used [0x00000000ec400000,0x00000000ec400000,0x00000000ec800000)
 ParOldGen       total 68608K, used 0K [0x00000000c0000000, 0x00000000c4300000, 0x00000000eab00000)
  object space 68608K, 0% used [0x00000000c0000000,0x00000000c0000000,0x00000000c4300000)
 Metaspace       used 2615K, committed 2688K, reserved 1114112K
  class space    used 227K, committed 256K, reserved 1048576K

Card table byte_map: [0x00000258837a0000,0x00000258839b0000] _byte_map_base: 0x00000258831a0000

Marking Bits: (ParMarkBitMap*) 0x00007ff80e5d52c0
 Begin Bits: [0x0000025895a60000, 0x0000025896a60000)
 End Bits:   [0x0000025896a60000, 0x0000025897a60000)

Polling page: 0x0000025881de0000

Metaspace:

Usage:
  Non-class:      2.34 MB used.
      Class:    228.09 KB used.
       Both:      2.56 MB used.

Virtual space:
  Non-class space:       64.00 MB reserved,       2.38 MB (  4%) committed,  1 nodes.
      Class space:        1.00 GB reserved,     256.00 KB ( <1%) committed,  1 nodes.
             Both:        1.06 GB reserved,       2.62 MB ( <1%) committed. 

Chunk freelists:
   Non-Class:  12.00 MB
       Class:  15.75 MB
        Both:  27.75 MB

MaxMetaspaceSize: unlimited
CompressedClassSpaceSize: 1.00 GB
Initial GC threshold: 21.00 MB
Current GC threshold: 21.00 MB
CDS: off
MetaspaceReclaimPolicy: balanced
 - commit_granule_bytes: 65536.
 - commit_granule_words: 8192.
 - virtual_space_node_default_size: 8388608.
 - enlarge_chunks_in_place: 1.
 - new_chunks_are_fully_committed: 0.
 - uncommit_free_chunks: 1.
 - use_allocation_guard: 0.
 - handle_deallocations: 1.


Internal statistics:

num_allocs_failed_limit: 0.
num_arena_births: 2.
num_arena_deaths: 0.
num_vsnodes_births: 2.
num_vsnodes_deaths: 0.
num_space_committed: 42.
num_space_uncommitted: 0.
num_chunks_returned_to_freelist: 0.
num_chunks_taken_from_freelist: 3.
num_chunk_merges: 0.
num_chunk_splits: 2.
num_chunks_enlarged: 0.
num_inconsistent_stats: 0.

CodeHeap 'non-profiled nmethods': size=120000Kb used=0Kb max_used=0Kb free=120000Kb
 bounds [0x000002588e530000, 0x000002588e7a0000, 0x0000025895a60000]
CodeHeap 'profiled nmethods': size=120000Kb used=0Kb max_used=0Kb free=120000Kb
 bounds [0x0000025886a60000, 0x0000025886cd0000, 0x000002588df90000]
CodeHeap 'non-nmethods': size=5760Kb used=985Kb max_used=985Kb free=4775Kb
 bounds [0x000002588df90000, 0x000002588e200000, 0x000002588e530000]
 total_blobs=231 nmethods=0 adapters=182
 compilation: enabled
              stopped_count=0, restarted_count=0
 full_count=0

Compilation events (0 events):
No events

GC Heap History (0 events):
No events

Dll operation events (1 events):
Event: 0.220 Loaded shared library c:\Users\Finner\.vscode\extensions\redhat.java-1.20.0-win32-x64\jre\17.0.7-win32-x86_64\bin\java.dll

Deoptimization events (0 events):
No events

Classes unloaded (0 events):
No events

Classes redefined (0 events):
No events

Internal exceptions (0 events):
No events

VM Operations (0 events):
No events

Events (20 events):
Event: 0.427 loading class jdk/internal/misc/OSEnvironment done
Event: 0.427 loading class sun/io/Win32ErrorMode
Event: 0.427 loading class sun/io/Win32ErrorMode done
Event: 0.428 loading class java/util/Collections
Event: 0.428 loading class java/util/Collections done
Event: 0.428 loading class java/util/Collections$EmptySet
Event: 0.429 loading class java/util/Collections$EmptySet done
Event: 0.429 loading class java/util/Collections$EmptyList
Event: 0.429 loading class java/util/Collections$EmptyList done
Event: 0.429 loading class java/util/Collections$EmptyMap
Event: 0.430 loading class java/util/Collections$EmptyMap done
Event: 0.430 loading class java/lang/IllegalArgumentException
Event: 0.430 loading class java/lang/IllegalArgumentException done
Event: 0.430 Thread 0x000002589d9dd270 Thread added: 0x000002589d9dd270
Event: 0.430 Thread 0x000002589d9de0e0 Thread added: 0x000002589d9de0e0
Event: 0.431 Thread 0x000002589d9def50 Thread added: 0x000002589d9def50
Event: 0.431 Thread 0x000002589d9e0c70 Thread added: 0x000002589d9e0c70
Event: 0.432 Thread 0x000002589d9e42f0 Thread added: 0x000002589d9e42f0
Event: 0.432 Thread 0x000002589d9e74c0 Thread added: 0x000002589d9e74c0
Event: 0.433 Thread 0x000002589d9f0640 Thread added: 0x000002589d9f0640


Dynamic libraries:
0x00007ff7186a0000 - 0x00007ff7186ae000 	c:\Users\Finner\.vscode\extensions\redhat.java-1.20.0-win32-x64\jre\17.0.7-win32-x86_64\bin\java.exe
0x00007ff858010000 - 0x00007ff858208000 	C:\Windows\SYSTEM32\ntdll.dll
0x00007ff857ad0000 - 0x00007ff857b8f000 	C:\Windows\System32\KERNEL32.DLL
0x00007ff855a90000 - 0x00007ff855d86000 	C:\Windows\System32\KERNELBASE.dll
0x00007ff8556f0000 - 0x00007ff8557f0000 	C:\Windows\System32\ucrtbase.dll
0x00007ff84e2b0000 - 0x00007ff84e2c9000 	c:\Users\Finner\.vscode\extensions\redhat.java-1.20.0-win32-x64\jre\17.0.7-win32-x86_64\bin\VCRUNTIME140.dll
0x00007ff84dce0000 - 0x00007ff84dcf7000 	c:\Users\Finner\.vscode\extensions\redhat.java-1.20.0-win32-x64\jre\17.0.7-win32-x86_64\bin\jli.dll
0x00007ff856400000 - 0x00007ff85659d000 	C:\Windows\System32\USER32.dll
0x00007ff855d90000 - 0x00007ff855db2000 	C:\Windows\System32\win32u.dll
0x00007ff8562e0000 - 0x00007ff85630c000 	C:\Windows\System32\GDI32.dll
0x00007ff855970000 - 0x00007ff855a85000 	C:\Windows\System32\gdi32full.dll
0x00007ff8557f0000 - 0x00007ff85588d000 	C:\Windows\System32\msvcp_win.dll
0x00007ff83d570000 - 0x00007ff83d80a000 	C:\Windows\WinSxS\amd64_microsoft.windows.common-controls_6595b64144ccf1df_6.0.19041.1110_none_60b5254171f9507e\COMCTL32.dll
0x00007ff857520000 - 0x00007ff8575be000 	C:\Windows\System32\msvcrt.dll
0x00007ff857df0000 - 0x00007ff857e20000 	C:\Windows\System32\IMM32.DLL
0x00007ff852f60000 - 0x00007ff852f6c000 	c:\Users\Finner\.vscode\extensions\redhat.java-1.20.0-win32-x64\jre\17.0.7-win32-x86_64\bin\vcruntime140_1.dll
0x00007ff818c70000 - 0x00007ff818d01000 	c:\Users\Finner\.vscode\extensions\redhat.java-1.20.0-win32-x64\jre\17.0.7-win32-x86_64\bin\msvcp140.dll
0x00007ff80da50000 - 0x00007ff80e698000 	c:\Users\Finner\.vscode\extensions\redhat.java-1.20.0-win32-x64\jre\17.0.7-win32-x86_64\bin\server\jvm.dll
0x00007ff8572e0000 - 0x00007ff85738f000 	C:\Windows\System32\ADVAPI32.dll
0x00007ff8575c0000 - 0x00007ff85765c000 	C:\Windows\System32\sechost.dll
0x00007ff8561b0000 - 0x00007ff8562d6000 	C:\Windows\System32\RPCRT4.dll
0x00007ff852f50000 - 0x00007ff852f59000 	C:\Windows\SYSTEM32\WSOCK32.dll
0x00007ff840770000 - 0x00007ff840797000 	C:\Windows\SYSTEM32\WINMM.dll
0x00007ff853680000 - 0x00007ff85368a000 	C:\Windows\SYSTEM32\VERSION.dll
0x00007ff856140000 - 0x00007ff8561ab000 	C:\Windows\System32\ws2_32.DLL
0x00007ff853f30000 - 0x00007ff853f42000 	C:\Windows\SYSTEM32\kernel.appcore.dll
0x00007ff850790000 - 0x00007ff85079a000 	c:\Users\Finner\.vscode\extensions\redhat.java-1.20.0-win32-x64\jre\17.0.7-win32-x86_64\bin\jimage.dll
0x00007ff852c00000 - 0x00007ff852de4000 	C:\Windows\SYSTEM32\DBGHELP.DLL
0x00007ff843440000 - 0x00007ff843474000 	C:\Windows\SYSTEM32\dbgcore.DLL
0x00007ff855dc0000 - 0x00007ff855e42000 	C:\Windows\System32\bcryptPrimitives.dll
0x00007ff850030000 - 0x00007ff85003e000 	c:\Users\Finner\.vscode\extensions\redhat.java-1.20.0-win32-x64\jre\17.0.7-win32-x86_64\bin\instrument.dll
0x00007ff82dcc0000 - 0x00007ff82dce5000 	c:\Users\Finner\.vscode\extensions\redhat.java-1.20.0-win32-x64\jre\17.0.7-win32-x86_64\bin\java.dll
0x00007ff835060000 - 0x00007ff835078000 	c:\Users\Finner\.vscode\extensions\redhat.java-1.20.0-win32-x64\jre\17.0.7-win32-x86_64\bin\zip.dll
0x00007ff856b10000 - 0x00007ff857254000 	C:\Windows\System32\SHELL32.dll
0x00007ff853780000 - 0x00007ff853f13000 	C:\Windows\SYSTEM32\windows.storage.dll
0x00007ff856730000 - 0x00007ff856a84000 	C:\Windows\System32\combase.dll
0x00007ff855140000 - 0x00007ff85516e000 	C:\Windows\SYSTEM32\Wldp.dll
0x00007ff857390000 - 0x00007ff85743d000 	C:\Windows\System32\SHCORE.dll
0x00007ff856aa0000 - 0x00007ff856af5000 	C:\Windows\System32\shlwapi.dll
0x00007ff855630000 - 0x00007ff85564f000 	C:\Windows\SYSTEM32\profapi.dll

dbghelp: loaded successfully - version: 4.0.5 - missing functions: none
symbol engine: initialized successfully - sym options: 0x614 - pdb path: .;c:\Users\Finner\.vscode\extensions\redhat.java-1.20.0-win32-x64\jre\17.0.7-win32-x86_64\bin;C:\Windows\SYSTEM32;C:\Windows\WinSxS\amd64_microsoft.windows.common-controls_6595b64144ccf1df_6.0.19041.1110_none_60b5254171f9507e;c:\Users\Finner\.vscode\extensions\redhat.java-1.20.0-win32-x64\jre\17.0.7-win32-x86_64\bin\server

VM Arguments:
jvm_args: --add-modules=ALL-SYSTEM --add-opens=java.base/java.util=ALL-UNNAMED --add-opens=java.base/java.lang=ALL-UNNAMED --add-opens=java.base/sun.nio.fs=ALL-UNNAMED -Declipse.application=org.eclipse.jdt.ls.core.id1 -Dosgi.bundles.defaultStartLevel=4 -Declipse.product=org.eclipse.jdt.ls.core.product -Djava.import.generatesMetadataFilesAtProjectRoot=false -Dfile.encoding=utf8 -XX:+UseParallelGC -XX:GCTimeRatio=4 -XX:AdaptiveSizePolicyWeight=90 -Dsun.zip.disableMemoryMapping=true -Xmx1G -Xms100m -Xlog:disable -javaagent:c:\Users\Finner\.vscode\extensions\redhat.java-1.20.0-win32-x64\lombok\lombok-1.18.28.jar 
java_command: c:\Users\Finner\.vscode\extensions\redhat.java-1.20.0-win32-x64\server\plugins\org.eclipse.equinox.launcher_1.6.500.v20230622-2056.jar -configuration c:\Users\Finner\AppData\Roaming\Code\User\globalStorage\redhat.java\1.20.0\config_ss_win -data c:\Users\Finner\AppData\Roaming\Code\User\workspaceStorage\871a5784b85397140abcb29d54c8b749\redhat.java\ss_ws
java_class_path (initial): c:\Users\Finner\.vscode\extensions\redhat.java-1.20.0-win32-x64\server\plugins\org.eclipse.equinox.launcher_1.6.500.v20230622-2056.jar
Launcher Type: SUN_STANDARD

[Global flags]
    uintx AdaptiveSizePolicyWeight                 = 90                                        {product} {command line}
     intx CICompilerCount                          = 4                                         {product} {ergonomic}
    uintx GCTimeRatio                              = 4                                         {product} {command line}
   size_t InitialHeapSize                          = 104857600                                 {product} {command line}
   size_t MaxHeapSize                              = 1073741824                                {product} {command line}
   size_t MaxNewSize                               = 357564416                                 {product} {ergonomic}
   size_t MinHeapDeltaBytes                        = 524288                                    {product} {ergonomic}
   size_t MinHeapSize                              = 104857600                                 {product} {command line}
   size_t NewSize                                  = 34603008                                  {product} {ergonomic}
    uintx NonNMethodCodeHeapSize                   = 5839372                                {pd product} {ergonomic}
    uintx NonProfiledCodeHeapSize                  = 122909434                              {pd product} {ergonomic}
   size_t OldSize                                  = 70254592                                  {product} {ergonomic}
    uintx ProfiledCodeHeapSize                     = 122909434                              {pd product} {ergonomic}
    uintx ReservedCodeCacheSize                    = 251658240                              {pd product} {ergonomic}
     bool SegmentedCodeCache                       = true                                      {product} {ergonomic}
   size_t SoftMaxHeapSize                          = 1073741824                             {manageable} {ergonomic}
     bool UseCompressedClassPointers               = true                           {product lp64_product} {ergonomic}
     bool UseCompressedOops                        = true                           {product lp64_product} {ergonomic}
     bool UseLargePagesIndividualAllocation        = false                                  {pd product} {ergonomic}
     bool UseParallelGC                            = true                                      {product} {command line}

Logging:
Log output configuration:
 #0: stdout all=off uptime,level,tags
 #1: stderr all=off uptime,level,tags

Environment Variables:
JAVA_HOME=C:\Program Files\Microsoft\jdk-11.0.18.10-hotspot\
PATH=C:\Program Files (x86)\Common Files\Intel\Shared Libraries\redist\intel64\compiler;C:\Program Files\Microsoft\jdk-11.0.18.10-hotspot\bin;C:\Program Files (x86)\Intel\iCLS Client\;C:\Program Files\Intel\iCLS Client\;C:\Windows\system32;C:\Windows;C:\Windows\System32\Wbem;C:\Windows\System32\WindowsPowerShell\v1.0\;C:\Windows\System32\OpenSSH\;C:\Program Files (x86)\NVIDIA Corporation\PhysX\Common;C:\Program Files\NVIDIA Corporation\NVIDIA NvDLISR;C:\ProgramData\chocolatey\bin;C:\Program Files\Git\cmd;C:\Program Files\OpenJDK\openjdk-11.0.16_8\bin;c:\Program Files (x86)\Intel\Intel(R) Management Engine Components\DAL;c:\Program Files\Intel\Intel(R) Management Engine Components\DAL;c:\Program Files (x86)\Intel\Intel(R) Management Engine Components\IPT;c:\Program Files\Intel\Intel(R) Management Engine Components\IPT;C:\Program Files\PowerShell\7-preview\preview;C:\Program Files\nodejs\;C:\Users\Finner\.amplify\bin;C:\Users\Finner\AppData\Local\Microsoft\WindowsApps;C:\Users\Finner\AppData\Local\Android\Sdk\platform-tools;C:\Users\Finner\AppData\Local\Programs\oh-my-posh\bin;C:\Users\Finner\AppData\Local\Programs\Microsoft VS Code\bin;C:\Users\Finner\AppData\Roaming\npm;C:\Program Files\nodejs;
USERNAME=Finner
OS=Windows_NT
PROCESSOR_IDENTIFIER=Intel64 Family 6 Model 158 Stepping 9, GenuineIntel
TMP=C:\Windows\TEMP
TEMP=C:\Users\Finner\AppData\Local\Temp



---------------  S Y S T E M  ---------------

OS:
 Windows 10 , 64 bit Build 19041 (10.0.19041.3031)
OS uptime: 3 days 5:38 hours

CPU: total 8 (initial active 8) (4 cores per cpu, 2 threads per core) family 6 model 158 stepping 9 microcode 0xb4, cx8, cmov, fxsr, ht, mmx, 3dnowpref, sse, sse2, sse3, ssse3, sse4.1, sse4.2, popcnt, lzcnt, tsc, tscinvbit, avx, avx2, aes, erms, clmul, bmi1, bmi2, adx, fma, vzeroupper, clflush, clflushopt

Memory: 4k page, system-wide physical 16276M (2016M free)
TotalPageFile size 19135M (AvailPageFile size 1M)
current process WorkingSet (physical memory assigned to process): 22M, peak: 22M
current process commit charge ("private bytes"): 180M, peak: 180M

vm_info: OpenJDK 64-Bit Server VM (17.0.7+7) for windows-amd64 JRE (17.0.7+7), built on Apr 18 2023 22:10:42 by "temurin" with MS VC++ 16.7 (VS2019)

END.
