#
# There is insufficient memory for the Java Runtime Environment to continue.
# Native memory allocation (mmap) failed to map 65536 bytes for Failed to commit metaspace.
# Possible reasons:
#   The system is out of physical RAM or swap space
#   The process is running with CompressedOops enabled, and the Java Heap may be blocking the growth of the native heap
# Possible solutions:
#   Reduce memory load on the system
#   Increase physical memory or swap space
#   Check if swap backing store is full
#   Decrease Java heap size (-Xmx/-Xms)
#   Decrease number of Java threads
#   Decrease Java thread stack sizes (-Xss)
#   Set larger code cache with -XX:ReservedCodeCacheSize=
#   JVM is running with Unscaled Compressed Oops mode in which the Java heap is
#     placed in the first 4GB address space. The Java Heap base address is the
#     maximum limit for the native heap growth. Please use -XX:HeapBaseMinAddress
#     to set the Java Heap base and to place the Java Heap above 4GB virtual address.
# This output file may be truncated or incomplete.
#
#  Out of Memory Error (virtualSpaceNode.cpp:110), pid=12860, tid=19476
#
# JRE version: OpenJDK Runtime Environment Temurin-17.0.7+7 (17.0.7+7) (build 17.0.7+7)
# Java VM: OpenJDK 64-Bit Server VM Temurin-17.0.7+7 (17.0.7+7, mixed mode, tiered, compressed oops, compressed class ptrs, parallel gc, windows-amd64)
# No core dump will be written. Minidumps are not enabled by default on client versions of Windows
#

---------------  S U M M A R Y ------------

Command Line: --add-modules=ALL-SYSTEM --add-opens=java.base/java.util=ALL-UNNAMED --add-opens=java.base/java.lang=ALL-UNNAMED --add-opens=java.base/sun.nio.fs=ALL-UNNAMED -Declipse.application=org.eclipse.jdt.ls.core.id1 -Dosgi.bundles.defaultStartLevel=4 -Declipse.product=org.eclipse.jdt.ls.core.product -Djava.import.generatesMetadataFilesAtProjectRoot=false -Dfile.encoding=utf8 -XX:+UseParallelGC -XX:GCTimeRatio=4 -XX:AdaptiveSizePolicyWeight=90 -Dsun.zip.disableMemoryMapping=true -Xmx1G -Xms100m -Xlog:disable -javaagent:c:\Users\Finner\.vscode\extensions\redhat.java-1.19.0-win32-x64\lombok\lombok-1.18.28.jar c:\Users\Finner\.vscode\extensions\redhat.java-1.19.0-win32-x64\server\plugins\org.eclipse.equinox.launcher_1.6.400.v20210924-0641.jar -configuration c:\Users\Finner\AppData\Roaming\Code\User\globalStorage\redhat.java\1.19.0\config_ss_win -data c:\Users\Finner\AppData\Roaming\Code\User\workspaceStorage\836b21f3d06bcecf2e8d4da322794a86\redhat.java\ss_ws

Host: Intel(R) Core(TM) i7-7700HQ CPU @ 2.80GHz, 8 cores, 15G,  Windows 10 , 64 bit Build 19041 (10.0.19041.2913)
Time: Fri Jun  9 16:17:22 2023 SE Asia Standard Time elapsed time: 3.466018 seconds (0d 0h 0m 3s)

---------------  T H R E A D  ---------------

Current thread (0x00000204e4dccfc0):  JavaThread "Start Level: Equinox Container: e5e91a32-521f-4848-a083-4d68d084036c" daemon [_thread_in_vm, id=19476, stack(0x000000909e400000,0x000000909e500000)]

Stack: [0x000000909e400000,0x000000909e500000]
Native frames: (J=compiled Java code, j=interpreted, Vv=VM code, C=native code)
V  [jvm.dll+0x67754a]
V  [jvm.dll+0x834304]
V  [jvm.dll+0x835aae]
V  [jvm.dll+0x836113]
V  [jvm.dll+0x24696f]
V  [jvm.dll+0x83039b]
V  [jvm.dll+0x61c006]
V  [jvm.dll+0x1c169e]
V  [jvm.dll+0x61e961]
V  [jvm.dll+0x61c9a6]
V  [jvm.dll+0x2442bc]
V  [jvm.dll+0x6cdf4d]
V  [jvm.dll+0x6ce97f]
V  [jvm.dll+0x371b23]
V  [jvm.dll+0x371996]
V  [jvm.dll+0x370bc4]
V  [jvm.dll+0x370b68]
V  [jvm.dll+0x380a8a]
C  0x00000204d427ae05

Java frames: (J=compiled Java code, j=interpreted, Vv=VM code)
j  org.eclipse.jdt.internal.compiler.lookup.ReferenceBinding.<clinit>()V+30
v  ~StubRoutines::call_stub
j  org.eclipse.jdt.internal.compiler.lookup.TypeBinding.<clinit>()V+0
v  ~StubRoutines::call_stub
j  org.eclipse.jdt.internal.codeassist.CompletionEngine.<clinit>()V+356
v  ~StubRoutines::call_stub
j  org.eclipse.jdt.internal.core.JavaModelManager$8.optionsChanged(Lorg/eclipse/osgi/service/debug/DebugOptions;)V+127
j  org.eclipse.osgi.internal.debug.FrameworkDebugOptions.addingService(Lorg/osgi/framework/ServiceReference;)Lorg/eclipse/osgi/service/debug/DebugOptionsListener;+16
j  org.eclipse.osgi.internal.debug.FrameworkDebugOptions.addingService(Lorg/osgi/framework/ServiceReference;)Ljava/lang/Object;+5
j  org.osgi.util.tracker.ServiceTracker$Tracked.customizerAdding(Lorg/osgi/framework/ServiceReference;Lorg/osgi/framework/ServiceEvent;)Ljava/lang/Object;+8
j  org.osgi.util.tracker.ServiceTracker$Tracked.customizerAdding(Ljava/lang/Object;Ljava/lang/Object;)Ljava/lang/Object;+9
j  org.osgi.util.tracker.AbstractTracked.trackAdding(Ljava/lang/Object;Ljava/lang/Object;)V+8
j  org.osgi.util.tracker.AbstractTracked.track(Ljava/lang/Object;Ljava/lang/Object;)V+83
j  org.osgi.util.tracker.ServiceTracker$Tracked.serviceChanged(Lorg/osgi/framework/ServiceEvent;)V+67
J 1464 c1 org.eclipse.osgi.internal.serviceregistry.FilteredServiceListener.serviceChanged(Lorg/osgi/framework/ServiceEvent;)V (284 bytes) @ 0x00000204ccfde334 [0x00000204ccfdc060+0x00000000000022d4]
J 1454 c1 org.eclipse.osgi.internal.framework.BundleContextImpl.dispatchEvent(Ljava/lang/Object;Ljava/lang/Object;ILjava/lang/Object;)V (558 bytes) @ 0x00000204ccfce1ec [0x00000204ccfcb120+0x00000000000030cc]
J 1909 c1 org.eclipse.osgi.framework.eventmgr.EventManager.dispatchEvent(Ljava/util/Set;Lorg/eclipse/osgi/framework/eventmgr/EventDispatcher;ILjava/lang/Object;)V (69 bytes) @ 0x00000204cd0bb974 [0x00000204cd0bb4a0+0x00000000000004d4]
j  org.eclipse.osgi.framework.eventmgr.ListenerQueue.dispatchEventSynchronous(ILjava/lang/Object;)V+67
j  org.eclipse.osgi.internal.serviceregistry.ServiceRegistry.publishServiceEventPrivileged(Lorg/osgi/framework/ServiceEvent;)V+320
j  org.eclipse.osgi.internal.serviceregistry.ServiceRegistry.publishServiceEvent(Lorg/osgi/framework/ServiceEvent;)V+8
j  org.eclipse.osgi.internal.serviceregistry.ServiceRegistrationImpl.register(Ljava/util/Dictionary;)V+128
j  org.eclipse.osgi.internal.serviceregistry.ServiceRegistry.registerService(Lorg/eclipse/osgi/internal/framework/BundleContextImpl;[Ljava/lang/String;Ljava/lang/Object;Ljava/util/Dictionary;)Lorg/eclipse/osgi/internal/serviceregistry/ServiceRegistrationImpl;+298
j  org.eclipse.osgi.internal.framework.BundleContextImpl.registerService([Ljava/lang/String;Ljava/lang/Object;Ljava/util/Dictionary;)Lorg/osgi/framework/ServiceRegistration;+15
j  org.eclipse.osgi.internal.framework.BundleContextImpl.registerService(Ljava/lang/String;Ljava/lang/Object;Ljava/util/Dictionary;)Lorg/osgi/framework/ServiceRegistration;+15
j  org.eclipse.osgi.internal.framework.BundleContextImpl.registerService(Ljava/lang/Class;Ljava/lang/Object;Ljava/util/Dictionary;)Lorg/osgi/framework/ServiceRegistration;+7
j  org.eclipse.jdt.internal.core.JavaModelManager.registerDebugOptionsListener(Lorg/osgi/framework/BundleContext;)V+32
j  org.eclipse.jdt.core.JavaCore.start(Lorg/osgi/framework/BundleContext;)V+6
j  org.eclipse.osgi.internal.framework.BundleContextImpl$2.run()Ljava/lang/Void;+23
j  org.eclipse.osgi.internal.framework.BundleContextImpl$2.run()Ljava/lang/Object;+1
j  java.security.AccessController.executePrivileged(Ljava/security/PrivilegedExceptionAction;Ljava/security/AccessControlContext;Ljava/lang/Class;)Ljava/lang/Object;+29 java.base@17.0.7
j  java.security.AccessController.doPrivileged(Ljava/security/PrivilegedExceptionAction;)Ljava/lang/Object;+9 java.base@17.0.7
j  org.eclipse.osgi.internal.framework.BundleContextImpl.startActivator(Lorg/osgi/framework/BundleActivator;)V+9
j  org.eclipse.osgi.internal.framework.BundleContextImpl.start()V+134
j  org.eclipse.osgi.internal.framework.EquinoxBundle.startWorker0()V+35
j  org.eclipse.osgi.internal.framework.EquinoxBundle$EquinoxModule.startWorker()V+4
j  org.eclipse.osgi.container.Module.doStart([Lorg/eclipse/osgi/container/Module$StartOptions;)Lorg/eclipse/osgi/container/ModuleContainerAdaptor$ModuleEvent;+190
J 2051 c1 org.eclipse.osgi.container.Module.start([Lorg/eclipse/osgi/container/Module$StartOptions;)V (655 bytes) @ 0x00000204cd1054d4 [0x00000204cd103160+0x0000000000002374]
J 2050 c1 org.eclipse.osgi.framework.util.SecureAction.start(Lorg/eclipse/osgi/container/Module;[Lorg/eclipse/osgi/container/Module$StartOptions;)V (61 bytes) @ 0x00000204cd10ba4c [0x00000204cd10b5c0+0x000000000000048c]
J 1777 c1 org.eclipse.osgi.internal.hooks.EclipseLazyStarter.postFindLocalClass(Ljava/lang/String;Ljava/lang/Class;Lorg/eclipse/osgi/internal/loader/classpath/ClasspathManager;)V (394 bytes) @ 0x00000204cd0713dc [0x00000204cd070460+0x0000000000000f7c]
J 1665 c1 org.eclipse.osgi.internal.loader.classpath.ClasspathManager.findLocalClass(Ljava/lang/String;)Ljava/lang/Class; (210 bytes) @ 0x00000204cd038054 [0x00000204cd0370a0+0x0000000000000fb4]
J 1663 c1 org.eclipse.osgi.internal.loader.BundleLoader.findLocalClass(Ljava/lang/String;)Ljava/lang/Class; (152 bytes) @ 0x00000204cd0351ec [0x00000204cd0349a0+0x000000000000084c]
J 1906 c1 org.eclipse.osgi.internal.loader.sources.SingleSourcePackage.loadClass(Ljava/lang/String;)Ljava/lang/Class; (9 bytes) @ 0x00000204cd0bad3c [0x00000204cd0bac40+0x00000000000000fc]
J 1591 c1 org.eclipse.osgi.internal.loader.BundleLoader.findClass0(Ljava/lang/String;ZZ)Ljava/lang/Class; (466 bytes) @ 0x00000204cd00bd1c [0x00000204cd009720+0x00000000000025fc]
J 1590 c1 org.eclipse.osgi.internal.loader.BundleLoader.findClass(Ljava/lang/String;)Ljava/lang/Class; (8 bytes) @ 0x00000204cd008e1c [0x00000204cd008da0+0x000000000000007c]
J 1592 c1 org.eclipse.osgi.internal.loader.ModuleClassLoader.loadClass(Ljava/lang/String;Z)Ljava/lang/Class; (36 bytes) @ 0x00000204cd00ee3c [0x00000204cd00ec20+0x000000000000021c]
J 799 c1 java.lang.ClassLoader.loadClass(Ljava/lang/String;)Ljava/lang/Class; java.base@17.0.7 (7 bytes) @ 0x00000204cce776bc [0x00000204cce775c0+0x00000000000000fc]
v  ~StubRoutines::call_stub
j  java.lang.Class.getDeclaredConstructors0(Z)[Ljava/lang/reflect/Constructor;+0 java.base@17.0.7
j  java.lang.Class.privateGetDeclaredConstructors(Z)[Ljava/lang/reflect/Constructor;+52 java.base@17.0.7
j  java.lang.Class.getConstructor0([Ljava/lang/Class;I)Ljava/lang/reflect/Constructor;+14 java.base@17.0.7
j  java.lang.Class.getConstructor([Ljava/lang/Class;)Ljava/lang/reflect/Constructor;+24 java.base@17.0.7
j  org.eclipse.osgi.internal.framework.BundleContextImpl.loadBundleActivator()Lorg/osgi/framework/BundleActivator;+105
j  org.eclipse.osgi.internal.framework.BundleContextImpl.start()V+18
j  org.eclipse.osgi.internal.framework.EquinoxBundle.startWorker0()V+35
j  org.eclipse.osgi.internal.framework.EquinoxBundle$EquinoxModule.startWorker()V+4
j  org.eclipse.osgi.container.Module.doStart([Lorg/eclipse/osgi/container/Module$StartOptions;)Lorg/eclipse/osgi/container/ModuleContainerAdaptor$ModuleEvent;+190
j  org.eclipse.osgi.container.Module.start([Lorg/eclipse/osgi/container/Module$StartOptions;)V+460
j  org.eclipse.osgi.container.ModuleContainer$ContainerStartLevel$2.run()V+71
j  org.eclipse.osgi.internal.framework.EquinoxContainerAdaptor$1$1.execute(Ljava/lang/Runnable;)V+1
j  org.eclipse.osgi.container.ModuleContainer$ContainerStartLevel.incStartLevel(ILjava/util/List;Z)V+192
j  org.eclipse.osgi.container.ModuleContainer$ContainerStartLevel.incStartLevel(ILjava/util/List;Ljava/util/List;Ljava/util/List;Ljava/util/List;)V+19
j  org.eclipse.osgi.container.ModuleContainer$ContainerStartLevel.doContainerStartLevel(Lorg/eclipse/osgi/container/Module;I[Lorg/osgi/framework/FrameworkListener;)V+349
j  org.eclipse.osgi.container.ModuleContainer$ContainerStartLevel.dispatchEvent(Lorg/eclipse/osgi/container/Module;[Lorg/osgi/framework/FrameworkListener;ILjava/lang/Integer;)V+32
j  org.eclipse.osgi.container.ModuleContainer$ContainerStartLevel.dispatchEvent(Ljava/lang/Object;Ljava/lang/Object;ILjava/lang/Object;)V+15
j  org.eclipse.osgi.framework.eventmgr.EventManager.dispatchEvent(Ljava/util/Set;Lorg/eclipse/osgi/framework/eventmgr/EventDispatcher;ILjava/lang/Object;)V+48
j  org.eclipse.osgi.framework.eventmgr.EventManager$EventThread.run()V+26
v  ~StubRoutines::call_stub

---------------  P R O C E S S  ---------------

Threads class SMR info:
_java_thread_list=0x00000204e4ed39c0, length=21, elements={
0x00000204ca0a1500, 0x00000204e3232550, 0x00000204e3234650, 0x00000204e3264410,
0x00000204e3265280, 0x00000204e32660f0, 0x00000204ddf280f0, 0x00000204ddf2acf0,
0x00000204e32887e0, 0x00000204e32d90b0, 0x00000204ca15f1b0, 0x00000204e358ba80,
0x00000204e482c080, 0x00000204e4d72a50, 0x00000204e4dccfc0, 0x00000204e4f746e0,
0x00000204e4cb91a0, 0x00000204e4fc0dc0, 0x00000204e50fddb0, 0x00000204e4f63a90,
0x00000204e4f60a70
}

Java Threads: ( => current thread )
  0x00000204ca0a1500 JavaThread "main" [_thread_blocked, id=18936, stack(0x000000909cc00000,0x000000909cd00000)]
  0x00000204e3232550 JavaThread "Reference Handler" daemon [_thread_blocked, id=16040, stack(0x000000909cf00000,0x000000909d000000)]
  0x00000204e3234650 JavaThread "Finalizer" daemon [_thread_blocked, id=16768, stack(0x000000909d000000,0x000000909d100000)]
  0x00000204e3264410 JavaThread "Signal Dispatcher" daemon [_thread_blocked, id=18940, stack(0x000000909d100000,0x000000909d200000)]
  0x00000204e3265280 JavaThread "Attach Listener" daemon [_thread_blocked, id=15608, stack(0x000000909d200000,0x000000909d300000)]
  0x00000204e32660f0 JavaThread "Service Thread" daemon [_thread_blocked, id=3892, stack(0x000000909d300000,0x000000909d400000)]
  0x00000204ddf280f0 JavaThread "Monitor Deflation Thread" daemon [_thread_blocked, id=1052, stack(0x000000909d400000,0x000000909d500000)]
  0x00000204ddf2acf0 JavaThread "C2 CompilerThread0" daemon [_thread_blocked, id=8856, stack(0x000000909d500000,0x000000909d600000)]
  0x00000204e32887e0 JavaThread "C1 CompilerThread0" daemon [_thread_blocked, id=12972, stack(0x000000909d600000,0x000000909d700000)]
  0x00000204e32d90b0 JavaThread "Sweeper thread" daemon [_thread_blocked, id=3812, stack(0x000000909d700000,0x000000909d800000)]
  0x00000204ca15f1b0 JavaThread "Common-Cleaner" daemon [_thread_blocked, id=11040, stack(0x000000909d800000,0x000000909d900000)]
  0x00000204e358ba80 JavaThread "Notification Thread" daemon [_thread_blocked, id=12652, stack(0x000000909da00000,0x000000909db00000)]
  0x00000204e482c080 JavaThread "Active Thread: Equinox Container: e5e91a32-521f-4848-a083-4d68d084036c" [_thread_blocked, id=14124, stack(0x000000909e200000,0x000000909e300000)]
  0x00000204e4d72a50 JavaThread "Framework Event Dispatcher: Equinox Container: e5e91a32-521f-4848-a083-4d68d084036c" daemon [_thread_blocked, id=17692, stack(0x000000909e300000,0x000000909e400000)]
=>0x00000204e4dccfc0 JavaThread "Start Level: Equinox Container: e5e91a32-521f-4848-a083-4d68d084036c" daemon [_thread_in_vm, id=19476, stack(0x000000909e400000,0x000000909e500000)]
  0x00000204e4f746e0 JavaThread "SCR Component Actor" daemon [_thread_blocked, id=7928, stack(0x000000909e500000,0x000000909e600000)]
  0x00000204e4cb91a0 JavaThread "SCR Component Registry" daemon [_thread_blocked, id=7612, stack(0x000000909e700000,0x000000909e800000)]
  0x00000204e4fc0dc0 JavaThread "Worker-JM" [_thread_blocked, id=3708, stack(0x000000909e800000,0x000000909e900000)]
  0x00000204e50fddb0 JavaThread "C2 CompilerThread1" daemon [_thread_blocked, id=4876, stack(0x000000909e100000,0x000000909e200000)]
  0x00000204e4f63a90 JavaThread "Worker-0" [_thread_blocked, id=10152, stack(0x000000909ea00000,0x000000909eb00000)]
  0x00000204e4f60a70 JavaThread "Worker-1: Refreshing workspace" [_thread_in_Java, id=17720, stack(0x000000909eb00000,0x000000909ec00000)]

Other Threads:
  0x00000204e32311c0 VMThread "VM Thread" [stack: 0x000000909ce00000,0x000000909cf00000] [id=13160]
  0x00000204e360c3b0 WatcherThread [stack: 0x000000909db00000,0x000000909dc00000] [id=16672]
  0x00000204ca0b87f0 GCTaskThread "GC Thread#0" [stack: 0x000000909cd00000,0x000000909ce00000] [id=14920]
  0x00000204e4c100b0 GCTaskThread "GC Thread#1" [stack: 0x000000909d900000,0x000000909da00000] [id=17164]
  0x00000204e3470090 GCTaskThread "GC Thread#2" [stack: 0x000000909dc00000,0x000000909dd00000] [id=16116]
  0x00000204e3470340 GCTaskThread "GC Thread#3" [stack: 0x000000909dd00000,0x000000909de00000] [id=17452]
  0x00000204e48bde80 GCTaskThread "GC Thread#4" [stack: 0x000000909de00000,0x000000909df00000] [id=9180]
  0x00000204e48be130 GCTaskThread "GC Thread#5" [stack: 0x000000909df00000,0x000000909e000000] [id=8380]
  0x00000204e48be3e0 GCTaskThread "GC Thread#6" [stack: 0x000000909e000000,0x000000909e100000] [id=19812]
  0x00000204e4dce060 GCTaskThread "GC Thread#7" [stack: 0x000000909e600000,0x000000909e700000] [id=16892]

Threads with active compile tasks:

VM state: not at safepoint (normal execution)

VM Mutex/Monitor currently owned by a thread:  ([mutex/lock_event])
[0x00000204ca09b690] Metaspace_lock - owner thread: 0x00000204e4dccfc0

Heap address: 0x00000000c0000000, size: 1024 MB, Compressed Oops mode: 32-bit

CDS archive(s) not mapped
Compressed class space mapped at: 0x0000000100000000-0x0000000140000000, reserved size: 1073741824
Narrow klass base: 0x0000000000000000, Narrow klass shift: 3, Narrow klass range: 0x140000000

GC Precious Log:
 CPUs: 8 total, 8 available
 Memory: 16276M
 Large Page Support: Disabled
 NUMA Support: Disabled
 Compressed Oops: Enabled (32-bit)
 Alignments: Space 512K, Generation 512K, Heap 2M
 Heap Min Capacity: 100M
 Heap Initial Capacity: 100M
 Heap Max Capacity: 1G
 Pre-touch: Disabled
 Parallel Workers: 8

Heap:
 PSYoungGen      total 38912K, used 25868K [0x00000000eab00000, 0x00000000ef480000, 0x0000000100000000)
  eden space 38400K, 66% used [0x00000000eab00000,0x00000000ec3c9368,0x00000000ed080000)
  from space 512K, 95% used [0x00000000ede00000,0x00000000ede79dc0,0x00000000ede80000)
  to   space 13824K, 0% used [0x00000000ed080000,0x00000000ed080000,0x00000000ede00000)
 ParOldGen       total 55296K, used 43452K [0x00000000c0000000, 0x00000000c3600000, 0x00000000eab00000)
  object space 55296K, 78% used [0x00000000c0000000,0x00000000c2a6f2f0,0x00000000c3600000)
 Metaspace       used 24863K, committed 25280K, reserved 1114112K
  class space    used 2437K, committed 2624K, reserved 1048576K

Card table byte_map: [0x00000204c9a50000,0x00000204c9c60000] _byte_map_base: 0x00000204c9450000

Marking Bits: (ParMarkBitMap*) 0x00007ffb850852c0
 Begin Bits: [0x00000204dbd30000, 0x00000204dcd30000)
 End Bits:   [0x00000204dcd30000, 0x00000204ddd30000)

Polling page: 0x00000204c7ff0000

Metaspace:

Usage:
  Non-class:     21.90 MB used.
      Class:      2.38 MB used.
       Both:     24.28 MB used.

Virtual space:
  Non-class space:       64.00 MB reserved,      22.12 MB ( 35%) committed,  1 nodes.
      Class space:        1.00 GB reserved,       2.56 MB ( <1%) committed,  1 nodes.
             Both:        1.06 GB reserved,      24.69 MB (  2%) committed. 

Chunk freelists:
   Non-Class:  9.61 MB
       Class:  13.47 MB
        Both:  23.08 MB

MaxMetaspaceSize: unlimited
CompressedClassSpaceSize: 1.00 GB
Initial GC threshold: 21.00 MB
Current GC threshold: 33.75 MB
CDS: off
MetaspaceReclaimPolicy: balanced
 - commit_granule_bytes: 65536.
 - commit_granule_words: 8192.
 - virtual_space_node_default_size: 8388608.
 - enlarge_chunks_in_place: 1.
 - new_chunks_are_fully_committed: 0.
 - uncommit_free_chunks: 1.
 - use_allocation_guard: 0.
 - handle_deallocations: 1.


Internal statistics:

num_allocs_failed_limit: 0.
num_arena_births: 196.
num_arena_deaths: 14.
num_vsnodes_births: 2.
num_vsnodes_deaths: 0.
num_space_committed: 395.
num_space_uncommitted: 0.
num_chunks_returned_to_freelist: 14.
num_chunks_taken_from_freelist: 814.
num_chunk_merges: 4.
num_chunk_splits: 540.
num_chunks_enlarged: 389.
num_inconsistent_stats: 0.

CodeHeap 'non-profiled nmethods': size=120000Kb used=996Kb max_used=996Kb free=119003Kb
 bounds [0x00000204d4800000, 0x00000204d4a70000, 0x00000204dbd30000]
CodeHeap 'profiled nmethods': size=120000Kb used=4567Kb max_used=4567Kb free=115432Kb
 bounds [0x00000204ccd30000, 0x00000204cd1b0000, 0x00000204d4260000]
CodeHeap 'non-nmethods': size=5760Kb used=1220Kb max_used=1234Kb free=4539Kb
 bounds [0x00000204d4260000, 0x00000204d44d0000, 0x00000204d4800000]
 total_blobs=2911 nmethods=2384 adapters=441
 compilation: enabled
              stopped_count=0, restarted_count=0
 full_count=0

Compilation events (20 events):
Event: 3.457 Thread 0x00000204e32887e0 2362       1       org.eclipse.core.internal.resources.ResourceInfo::getFlags (5 bytes)
Event: 3.457 Thread 0x00000204e32887e0 nmethod 2362 0x00000204d48f7d10 code [0x00000204d48f7ea0, 0x00000204d48f7f78]
Event: 3.458 Thread 0x00000204e32887e0 2364       3       org.eclipse.core.internal.resources.ResourceInfo::isSet (14 bytes)
Event: 3.458 Thread 0x00000204e32887e0 nmethod 2364 0x00000204cd1a0110 code [0x00000204cd1a02a0, 0x00000204cd1a0418]
Event: 3.458 Thread 0x00000204e32887e0 2365       3       org.eclipse.core.internal.dtree.DataTreeLookup::<init> (26 bytes)
Event: 3.458 Thread 0x00000204e32887e0 nmethod 2365 0x00000204cd1a0490 code [0x00000204cd1a0620, 0x00000204cd1a07d8]
Event: 3.458 Thread 0x00000204e32887e0 2366       3       org.eclipse.core.internal.dtree.DataTreeLookup::newLookup (12 bytes)
Event: 3.458 Thread 0x00000204e32887e0 nmethod 2366 0x00000204cd1a0890 code [0x00000204cd1a0a40, 0x00000204cd1a0c78]
Event: 3.460 Thread 0x00000204e32887e0 2367   !   3       org.eclipse.core.internal.resources.Workspace::getResourceInfo (108 bytes)
Event: 3.460 Thread 0x00000204e50fddb0 2368       4       org.eclipse.core.runtime.Path::segmentCount (6 bytes)
Event: 3.461 Thread 0x00000204e32887e0 nmethod 2367 0x00000204cd1a0d90 code [0x00000204cd1a0fe0, 0x00000204cd1a1978]
Event: 3.461 Thread 0x00000204e50fddb0 nmethod 2368 0x00000204d48f8010 code [0x00000204d48f8180, 0x00000204d48f8218]
Event: 3.461 Thread 0x00000204e32887e0 2369       3       org.eclipse.core.runtime.Path::<init> (37 bytes)
Event: 3.461 Thread 0x00000204e32887e0 nmethod 2369 0x00000204cd1a1e10 code [0x00000204cd1a1fa0, 0x00000204cd1a2178]
Event: 3.461 Thread 0x00000204e32887e0 2371       3       org.eclipse.core.runtime.Path::isRoot (30 bytes)
Event: 3.462 Thread 0x00000204e32887e0 nmethod 2371 0x00000204cd1a2290 code [0x00000204cd1a2440, 0x00000204cd1a2658]
Event: 3.462 Thread 0x00000204e32887e0 2370       1       org.eclipse.core.internal.resources.Workspace::getRoot (5 bytes)
Event: 3.462 Thread 0x00000204e32887e0 nmethod 2370 0x00000204d48f8310 code [0x00000204d48f84a0, 0x00000204d48f8578]
Event: 3.464 Thread 0x00000204e32887e0 2372       3       jdk.internal.misc.VM::isModuleSystemInited (13 bytes)
Event: 3.464 Thread 0x00000204e32887e0 nmethod 2372 0x00000204cd1a2710 code [0x00000204cd1a28a0, 0x00000204cd1a2a58]

GC Heap History (20 events):
Event: 2.749 GC heap before
{Heap before GC invocations=21 (full 1):
 PSYoungGen      total 37376K, used 0K [0x00000000eab00000, 0x00000000ede80000, 0x0000000100000000)
  eden space 36864K, 0% used [0x00000000eab00000,0x00000000eab00000,0x00000000ecf00000)
  from space 512K, 0% used [0x00000000ede00000,0x00000000ede00000,0x00000000ede80000)
  to   space 512K, 0% used [0x00000000edd80000,0x00000000edd80000,0x00000000ede00000)
 ParOldGen       total 68608K, used 62552K [0x00000000c0000000, 0x00000000c4300000, 0x00000000eab00000)
  object space 68608K, 91% used [0x00000000c0000000,0x00000000c3d160c8,0x00000000c4300000)
 Metaspace       used 20308K, committed 20736K, reserved 1114112K
  class space    used 2062K, committed 2240K, reserved 1048576K
}
Event: 2.767 GC heap after
{Heap after GC invocations=21 (full 1):
 PSYoungGen      total 36352K, used 0K [0x00000000eab00000, 0x00000000ede80000, 0x0000000100000000)
  eden space 35840K, 0% used [0x00000000eab00000,0x00000000eab00000,0x00000000ece00000)
  from space 512K, 0% used [0x00000000edd80000,0x00000000edd80000,0x00000000ede00000)
  to   space 512K, 0% used [0x00000000ede00000,0x00000000ede00000,0x00000000ede80000)
 ParOldGen       total 44544K, used 12881K [0x00000000c0000000, 0x00000000c2b80000, 0x00000000eab00000)
  object space 44544K, 28% used [0x00000000c0000000,0x00000000c0c94560,0x00000000c2b80000)
 Metaspace       used 20295K, committed 20736K, reserved 1114112K
  class space    used 2058K, committed 2240K, reserved 1048576K
}
Event: 2.777 GC heap before
{Heap before GC invocations=22 (full 1):
 PSYoungGen      total 36352K, used 32731K [0x00000000eab00000, 0x00000000ede80000, 0x0000000100000000)
  eden space 35840K, 91% used [0x00000000eab00000,0x00000000ecaf6e08,0x00000000ece00000)
  from space 512K, 0% used [0x00000000edd80000,0x00000000edd80000,0x00000000ede00000)
  to   space 512K, 0% used [0x00000000ede00000,0x00000000ede00000,0x00000000ede80000)
 ParOldGen       total 44544K, used 12881K [0x00000000c0000000, 0x00000000c2b80000, 0x00000000eab00000)
  object space 44544K, 28% used [0x00000000c0000000,0x00000000c0c94560,0x00000000c2b80000)
 Metaspace       used 20295K, committed 20736K, reserved 1114112K
  class space    used 2058K, committed 2240K, reserved 1048576K
}
Event: 2.779 GC heap after
{Heap after GC invocations=22 (full 1):
 PSYoungGen      total 35328K, used 32K [0x00000000eab00000, 0x00000000ede80000, 0x0000000100000000)
  eden space 34816K, 0% used [0x00000000eab00000,0x00000000eab00000,0x00000000ecd00000)
  from space 512K, 6% used [0x00000000ede00000,0x00000000ede08000,0x00000000ede80000)
  to   space 512K, 0% used [0x00000000edd80000,0x00000000edd80000,0x00000000ede00000)
 ParOldGen       total 44544K, used 19345K [0x00000000c0000000, 0x00000000c2b80000, 0x00000000eab00000)
  object space 44544K, 43% used [0x00000000c0000000,0x00000000c12e4540,0x00000000c2b80000)
 Metaspace       used 20295K, committed 20736K, reserved 1114112K
  class space    used 2058K, committed 2240K, reserved 1048576K
}
Event: 2.787 GC heap before
{Heap before GC invocations=23 (full 1):
 PSYoungGen      total 35328K, used 33447K [0x00000000eab00000, 0x00000000ede80000, 0x0000000100000000)
  eden space 34816K, 95% used [0x00000000eab00000,0x00000000ecba1ea0,0x00000000ecd00000)
  from space 512K, 6% used [0x00000000ede00000,0x00000000ede08000,0x00000000ede80000)
  to   space 512K, 0% used [0x00000000edd80000,0x00000000edd80000,0x00000000ede00000)
 ParOldGen       total 44544K, used 19345K [0x00000000c0000000, 0x00000000c2b80000, 0x00000000eab00000)
  object space 44544K, 43% used [0x00000000c0000000,0x00000000c12e4540,0x00000000c2b80000)
 Metaspace       used 20295K, committed 20736K, reserved 1114112K
  class space    used 2058K, committed 2240K, reserved 1048576K
}
Event: 2.789 GC heap after
{Heap after GC invocations=23 (full 1):
 PSYoungGen      total 34816K, used 0K [0x00000000eab00000, 0x00000000ede80000, 0x0000000100000000)
  eden space 34304K, 0% used [0x00000000eab00000,0x00000000eab00000,0x00000000ecc80000)
  from space 512K, 0% used [0x00000000edd80000,0x00000000edd80000,0x00000000ede00000)
  to   space 512K, 0% used [0x00000000ede00000,0x00000000ede00000,0x00000000ede80000)
 ParOldGen       total 44544K, used 25977K [0x00000000c0000000, 0x00000000c2b80000, 0x00000000eab00000)
  object space 44544K, 58% used [0x00000000c0000000,0x00000000c195e520,0x00000000c2b80000)
 Metaspace       used 20295K, committed 20736K, reserved 1114112K
  class space    used 2058K, committed 2240K, reserved 1048576K
}
Event: 2.802 GC heap before
{Heap before GC invocations=24 (full 1):
 PSYoungGen      total 34816K, used 34214K [0x00000000eab00000, 0x00000000ede80000, 0x0000000100000000)
  eden space 34304K, 99% used [0x00000000eab00000,0x00000000ecc69ac8,0x00000000ecc80000)
  from space 512K, 0% used [0x00000000edd80000,0x00000000edd80000,0x00000000ede00000)
  to   space 512K, 0% used [0x00000000ede00000,0x00000000ede00000,0x00000000ede80000)
 ParOldGen       total 44544K, used 25977K [0x00000000c0000000, 0x00000000c2b80000, 0x00000000eab00000)
  object space 44544K, 58% used [0x00000000c0000000,0x00000000c195e520,0x00000000c2b80000)
 Metaspace       used 20295K, committed 20736K, reserved 1114112K
  class space    used 2058K, committed 2240K, reserved 1048576K
}
Event: 2.804 GC heap after
{Heap after GC invocations=24 (full 1):
 PSYoungGen      total 34304K, used 0K [0x00000000eab00000, 0x00000000ede80000, 0x0000000100000000)
  eden space 33792K, 0% used [0x00000000eab00000,0x00000000eab00000,0x00000000ecc00000)
  from space 512K, 0% used [0x00000000ede00000,0x00000000ede00000,0x00000000ede80000)
  to   space 512K, 0% used [0x00000000edd80000,0x00000000edd80000,0x00000000ede00000)
 ParOldGen       total 44544K, used 32761K [0x00000000c0000000, 0x00000000c2b80000, 0x00000000eab00000)
  object space 44544K, 73% used [0x00000000c0000000,0x00000000c1ffe500,0x00000000c2b80000)
 Metaspace       used 20295K, committed 20736K, reserved 1114112K
  class space    used 2058K, committed 2240K, reserved 1048576K
}
Event: 2.814 GC heap before
{Heap before GC invocations=25 (full 1):
 PSYoungGen      total 34304K, used 31538K [0x00000000eab00000, 0x00000000ede80000, 0x0000000100000000)
  eden space 33792K, 93% used [0x00000000eab00000,0x00000000ec9cca48,0x00000000ecc00000)
  from space 512K, 0% used [0x00000000ede00000,0x00000000ede00000,0x00000000ede80000)
  to   space 512K, 0% used [0x00000000edd80000,0x00000000edd80000,0x00000000ede00000)
 ParOldGen       total 44544K, used 32761K [0x00000000c0000000, 0x00000000c2b80000, 0x00000000eab00000)
  object space 44544K, 73% used [0x00000000c0000000,0x00000000c1ffe500,0x00000000c2b80000)
 Metaspace       used 20295K, committed 20736K, reserved 1114112K
  class space    used 2058K, committed 2240K, reserved 1048576K
}
Event: 2.815 GC heap after
{Heap after GC invocations=25 (full 1):
 PSYoungGen      total 33792K, used 0K [0x00000000eab00000, 0x00000000ede80000, 0x0000000100000000)
  eden space 33280K, 0% used [0x00000000eab00000,0x00000000eab00000,0x00000000ecb80000)
  from space 512K, 0% used [0x00000000edd80000,0x00000000edd80000,0x00000000ede00000)
  to   space 512K, 0% used [0x00000000ede00000,0x00000000ede00000,0x00000000ede80000)
 ParOldGen       total 44544K, used 39689K [0x00000000c0000000, 0x00000000c2b80000, 0x00000000eab00000)
  object space 44544K, 89% used [0x00000000c0000000,0x00000000c26c24d0,0x00000000c2b80000)
 Metaspace       used 20295K, committed 20736K, reserved 1114112K
  class space    used 2058K, committed 2240K, reserved 1048576K
}
Event: 2.815 GC heap before
{Heap before GC invocations=26 (full 2):
 PSYoungGen      total 33792K, used 0K [0x00000000eab00000, 0x00000000ede80000, 0x0000000100000000)
  eden space 33280K, 0% used [0x00000000eab00000,0x00000000eab00000,0x00000000ecb80000)
  from space 512K, 0% used [0x00000000edd80000,0x00000000edd80000,0x00000000ede00000)
  to   space 512K, 0% used [0x00000000ede00000,0x00000000ede00000,0x00000000ede80000)
 ParOldGen       total 44544K, used 39689K [0x00000000c0000000, 0x00000000c2b80000, 0x00000000eab00000)
  object space 44544K, 89% used [0x00000000c0000000,0x00000000c26c24d0,0x00000000c2b80000)
 Metaspace       used 20295K, committed 20736K, reserved 1114112K
  class space    used 2058K, committed 2240K, reserved 1048576K
}
Event: 2.831 GC heap after
{Heap after GC invocations=26 (full 2):
 PSYoungGen      total 38912K, used 0K [0x00000000eab00000, 0x00000000ede80000, 0x0000000100000000)
  eden space 38400K, 0% used [0x00000000eab00000,0x00000000eab00000,0x00000000ed080000)
  from space 512K, 0% used [0x00000000ede00000,0x00000000ede00000,0x00000000ede80000)
  to   space 512K, 0% used [0x00000000edd80000,0x00000000edd80000,0x00000000ede00000)
 ParOldGen       total 55296K, used 10436K [0x00000000c0000000, 0x00000000c3600000, 0x00000000eab00000)
  object space 55296K, 18% used [0x00000000c0000000,0x00000000c0a31380,0x00000000c3600000)
 Metaspace       used 20295K, committed 20736K, reserved 1114112K
  class space    used 2058K, committed 2240K, reserved 1048576K
}
Event: 2.841 GC heap before
{Heap before GC invocations=27 (full 2):
 PSYoungGen      total 38912K, used 35873K [0x00000000eab00000, 0x00000000ede80000, 0x0000000100000000)
  eden space 38400K, 93% used [0x00000000eab00000,0x00000000ece08638,0x00000000ed080000)
  from space 512K, 0% used [0x00000000ede00000,0x00000000ede00000,0x00000000ede80000)
  to   space 512K, 0% used [0x00000000edd80000,0x00000000edd80000,0x00000000ede00000)
 ParOldGen       total 55296K, used 10436K [0x00000000c0000000, 0x00000000c3600000, 0x00000000eab00000)
  object space 55296K, 18% used [0x00000000c0000000,0x00000000c0a31380,0x00000000c3600000)
 Metaspace       used 20295K, committed 20736K, reserved 1114112K
  class space    used 2058K, committed 2240K, reserved 1048576K
}
Event: 2.842 GC heap after
{Heap after GC invocations=27 (full 2):
 PSYoungGen      total 44544K, used 32K [0x00000000eab00000, 0x00000000ede80000, 0x0000000100000000)
  eden space 44032K, 0% used [0x00000000eab00000,0x00000000eab00000,0x00000000ed600000)
  from space 512K, 6% used [0x00000000edd80000,0x00000000edd88000,0x00000000ede00000)
  to   space 512K, 0% used [0x00000000ede00000,0x00000000ede00000,0x00000000ede80000)
 ParOldGen       total 55296K, used 17524K [0x00000000c0000000, 0x00000000c3600000, 0x00000000eab00000)
  object space 55296K, 31% used [0x00000000c0000000,0x00000000c111d350,0x00000000c3600000)
 Metaspace       used 20295K, committed 20736K, reserved 1114112K
  class space    used 2058K, committed 2240K, reserved 1048576K
}
Event: 2.867 GC heap before
{Heap before GC invocations=28 (full 2):
 PSYoungGen      total 44544K, used 44009K [0x00000000eab00000, 0x00000000ede80000, 0x0000000100000000)
  eden space 44032K, 99% used [0x00000000eab00000,0x00000000ed5f24c0,0x00000000ed600000)
  from space 512K, 6% used [0x00000000edd80000,0x00000000edd88000,0x00000000ede00000)
  to   space 512K, 0% used [0x00000000ede00000,0x00000000ede00000,0x00000000ede80000)
 ParOldGen       total 55296K, used 17524K [0x00000000c0000000, 0x00000000c3600000, 0x00000000eab00000)
  object space 55296K, 31% used [0x00000000c0000000,0x00000000c111d350,0x00000000c3600000)
 Metaspace       used 20295K, committed 20736K, reserved 1114112K
  class space    used 2058K, committed 2240K, reserved 1048576K
}
Event: 2.868 GC heap after
{Heap after GC invocations=28 (full 2):
 PSYoungGen      total 50176K, used 32K [0x00000000eab00000, 0x00000000ede80000, 0x0000000100000000)
  eden space 49664K, 0% used [0x00000000eab00000,0x00000000eab00000,0x00000000edb80000)
  from space 512K, 6% used [0x00000000ede00000,0x00000000ede08000,0x00000000ede80000)
  to   space 512K, 0% used [0x00000000edd80000,0x00000000edd80000,0x00000000ede00000)
 ParOldGen       total 55296K, used 24804K [0x00000000c0000000, 0x00000000c3600000, 0x00000000eab00000)
  object space 55296K, 44% used [0x00000000c0000000,0x00000000c1839320,0x00000000c3600000)
 Metaspace       used 20295K, committed 20736K, reserved 1114112K
  class space    used 2058K, committed 2240K, reserved 1048576K
}
Event: 2.883 GC heap before
{Heap before GC invocations=29 (full 2):
 PSYoungGen      total 50176K, used 49025K [0x00000000eab00000, 0x00000000ede80000, 0x0000000100000000)
  eden space 49664K, 98% used [0x00000000eab00000,0x00000000edad8578,0x00000000edb80000)
  from space 512K, 6% used [0x00000000ede00000,0x00000000ede08000,0x00000000ede80000)
  to   space 512K, 0% used [0x00000000edd80000,0x00000000edd80000,0x00000000ede00000)
 ParOldGen       total 55296K, used 24804K [0x00000000c0000000, 0x00000000c3600000, 0x00000000eab00000)
  object space 55296K, 44% used [0x00000000c0000000,0x00000000c1839320,0x00000000c3600000)
 Metaspace       used 20295K, committed 20736K, reserved 1114112K
  class space    used 2058K, committed 2240K, reserved 1048576K
}
Event: 2.884 GC heap after
{Heap after GC invocations=29 (full 2):
 PSYoungGen      total 49152K, used 32K [0x00000000eab00000, 0x00000000ede80000, 0x0000000100000000)
  eden space 48640K, 0% used [0x00000000eab00000,0x00000000eab00000,0x00000000eda80000)
  from space 512K, 6% used [0x00000000edd80000,0x00000000edd88000,0x00000000ede00000)
  to   space 512K, 0% used [0x00000000ede00000,0x00000000ede00000,0x00000000ede80000)
 ParOldGen       total 55296K, used 32292K [0x00000000c0000000, 0x00000000c3600000, 0x00000000eab00000)
  object space 55296K, 58% used [0x00000000c0000000,0x00000000c1f892f0,0x00000000c3600000)
 Metaspace       used 20295K, committed 20736K, reserved 1114112K
  class space    used 2058K, committed 2240K, reserved 1048576K
}
Event: 3.207 GC heap before
{Heap before GC invocations=30 (full 2):
 PSYoungGen      total 49152K, used 48672K [0x00000000eab00000, 0x00000000ede80000, 0x0000000100000000)
  eden space 48640K, 100% used [0x00000000eab00000,0x00000000eda80000,0x00000000eda80000)
  from space 512K, 6% used [0x00000000edd80000,0x00000000edd88000,0x00000000ede00000)
  to   space 512K, 0% used [0x00000000ede00000,0x00000000ede00000,0x00000000ede80000)
 ParOldGen       total 55296K, used 32292K [0x00000000c0000000, 0x00000000c3600000, 0x00000000eab00000)
  object space 55296K, 58% used [0x00000000c0000000,0x00000000c1f892f0,0x00000000c3600000)
 Metaspace       used 21551K, committed 21952K, reserved 1114112K
  class space    used 2199K, committed 2368K, reserved 1048576K
}
Event: 3.212 GC heap after
{Heap after GC invocations=30 (full 2):
 PSYoungGen      total 38912K, used 487K [0x00000000eab00000, 0x00000000ef480000, 0x0000000100000000)
  eden space 38400K, 0% used [0x00000000eab00000,0x00000000eab00000,0x00000000ed080000)
  from space 512K, 95% used [0x00000000ede00000,0x00000000ede79dc0,0x00000000ede80000)
  to   space 13824K, 0% used [0x00000000ed080000,0x00000000ed080000,0x00000000ede00000)
 ParOldGen       total 55296K, used 43452K [0x00000000c0000000, 0x00000000c3600000, 0x00000000eab00000)
  object space 55296K, 78% used [0x00000000c0000000,0x00000000c2a6f2f0,0x00000000c3600000)
 Metaspace       used 21551K, committed 21952K, reserved 1114112K
  class space    used 2199K, committed 2368K, reserved 1048576K
}

Dll operation events (9 events):
Event: 0.009 Loaded shared library c:\Users\Finner\.vscode\extensions\redhat.java-1.19.0-win32-x64\jre\17.0.7-win32-x86_64\bin\java.dll
Event: 0.213 Loaded shared library c:\Users\Finner\.vscode\extensions\redhat.java-1.19.0-win32-x64\jre\17.0.7-win32-x86_64\bin\zip.dll
Event: 0.220 Loaded shared library C:\Users\Finner\.vscode\extensions\redhat.java-1.19.0-win32-x64\jre\17.0.7-win32-x86_64\bin\instrument.dll
Event: 0.236 Loaded shared library C:\Users\Finner\.vscode\extensions\redhat.java-1.19.0-win32-x64\jre\17.0.7-win32-x86_64\bin\net.dll
Event: 0.238 Loaded shared library C:\Users\Finner\.vscode\extensions\redhat.java-1.19.0-win32-x64\jre\17.0.7-win32-x86_64\bin\nio.dll
Event: 0.247 Loaded shared library C:\Users\Finner\.vscode\extensions\redhat.java-1.19.0-win32-x64\jre\17.0.7-win32-x86_64\bin\zip.dll
Event: 0.265 Loaded shared library C:\Users\Finner\.vscode\extensions\redhat.java-1.19.0-win32-x64\jre\17.0.7-win32-x86_64\bin\jimage.dll
Event: 0.340 Loaded shared library c:\Users\Finner\.vscode\extensions\redhat.java-1.19.0-win32-x64\jre\17.0.7-win32-x86_64\bin\verify.dll
Event: 1.616 Loaded shared library C:\Users\Finner\AppData\Roaming\Code\User\globalStorage\redhat.java\1.19.0\config_ss_win\org.eclipse.equinox.launcher\org.eclipse.equinox.launcher.win32.win32.x86_64_1.2.700.v20221108-1024\eclipse_11801.dll

Deoptimization events (20 events):
Event: 2.932 Thread 0x00000204e4dccfc0 Uncommon trap: trap_request=0xffffffc6 fr.pc=0x00000204d48d3f48 relative=0x0000000000000388
Event: 2.932 Thread 0x00000204e4dccfc0 Uncommon trap: reason=bimorphic_or_optimized_type_check action=maybe_recompile pc=0x00000204d48d3f48 method=java.io.DataInputStream.readByte()B @ 4 c2
Event: 2.932 Thread 0x00000204e4dccfc0 DEOPT PACKING pc=0x00000204d48d3f48 sp=0x000000909e4f8f30
Event: 2.932 Thread 0x00000204e4dccfc0 DEOPT UNPACKING pc=0x00000204d42b66a3 sp=0x000000909e4f8ee0 mode 2
Event: 3.001 Thread 0x00000204e4dccfc0 Uncommon trap: trap_request=0xffffff45 fr.pc=0x00000204d48d2814 relative=0x00000000000000f4
Event: 3.001 Thread 0x00000204e4dccfc0 Uncommon trap: reason=unstable_if action=reinterpret pc=0x00000204d48d2814 method=java.io.DataInputStream.readInt()I @ 41 c2
Event: 3.001 Thread 0x00000204e4dccfc0 DEOPT PACKING pc=0x00000204d48d2814 sp=0x000000909e4f9790
Event: 3.001 Thread 0x00000204e4dccfc0 DEOPT UNPACKING pc=0x00000204d42b66a3 sp=0x000000909e4f9710 mode 2
Event: 3.037 Thread 0x00000204e4dccfc0 Uncommon trap: trap_request=0xffffff45 fr.pc=0x00000204d48d7090 relative=0x0000000000000090
Event: 3.037 Thread 0x00000204e4dccfc0 Uncommon trap: reason=unstable_if action=reinterpret pc=0x00000204d48d7090 method=org.eclipse.core.runtime.Path.<init>(Ljava/lang/String;[Ljava/lang/String;I)V @ 9 c2
Event: 3.037 Thread 0x00000204e4dccfc0 DEOPT PACKING pc=0x00000204d48d7090 sp=0x000000909e4f9440
Event: 3.037 Thread 0x00000204e4dccfc0 DEOPT UNPACKING pc=0x00000204d42b66a3 sp=0x000000909e4f93e8 mode 2
Event: 3.061 Thread 0x00000204e4dccfc0 Uncommon trap: trap_request=0xffffff45 fr.pc=0x00000204d48d3800 relative=0x00000000000000e0
Event: 3.061 Thread 0x00000204e4dccfc0 Uncommon trap: reason=unstable_if action=reinterpret pc=0x00000204d48d3800 method=org.eclipse.core.runtime.Path.equals(Ljava/lang/Object;)Z @ 54 c2
Event: 3.061 Thread 0x00000204e4dccfc0 DEOPT PACKING pc=0x00000204d48d3800 sp=0x000000909e4f94c0
Event: 3.061 Thread 0x00000204e4dccfc0 DEOPT UNPACKING pc=0x00000204d42b66a3 sp=0x000000909e4f9450 mode 2
Event: 3.062 Thread 0x00000204e4dccfc0 Uncommon trap: trap_request=0xffffff45 fr.pc=0x00000204d488afc0 relative=0x0000000000000040
Event: 3.062 Thread 0x00000204e4dccfc0 Uncommon trap: reason=unstable_if action=reinterpret pc=0x00000204d488afc0 method=sun.nio.fs.WindowsPathParser.isSlash(C)Z @ 9 c2
Event: 3.062 Thread 0x00000204e4dccfc0 DEOPT PACKING pc=0x00000204d488afc0 sp=0x000000909e4f9010
Event: 3.062 Thread 0x00000204e4dccfc0 DEOPT UNPACKING pc=0x00000204d42b66a3 sp=0x000000909e4f8f98 mode 2

Classes unloaded (7 events):
Event: 2.753 Thread 0x00000204e32311c0 Unloading class 0x0000000100212400 'java/lang/invoke/LambdaForm$MH+0x0000000100212400'
Event: 2.753 Thread 0x00000204e32311c0 Unloading class 0x0000000100212000 'java/lang/invoke/LambdaForm$MH+0x0000000100212000'
Event: 2.753 Thread 0x00000204e32311c0 Unloading class 0x0000000100211c00 'java/lang/invoke/LambdaForm$MH+0x0000000100211c00'
Event: 2.753 Thread 0x00000204e32311c0 Unloading class 0x0000000100211800 'java/lang/invoke/LambdaForm$MH+0x0000000100211800'
Event: 2.753 Thread 0x00000204e32311c0 Unloading class 0x0000000100211000 'java/lang/invoke/LambdaForm$BMH+0x0000000100211000'
Event: 2.753 Thread 0x00000204e32311c0 Unloading class 0x0000000100210c00 'java/lang/invoke/LambdaForm$DMH+0x0000000100210c00'
Event: 2.753 Thread 0x00000204e32311c0 Unloading class 0x000000010020e000 'java/lang/invoke/LambdaForm$DMH+0x000000010020e000'

Classes redefined (0 events):
No events

Internal exceptions (20 events):
Event: 2.301 Thread 0x00000204e4dccfc0 Exception <a 'java/lang/NoSuchMethodError'{0x00000000ebdd6020}: 'void java.lang.invoke.DelegatingMethodHandle$Holder.delegate(java.lang.Object, java.lang.Object, int, java.lang.Object)'> (0x00000000ebdd6020) 
thrown [s\src\hotspot\share\interpreter\linkResolver.cpp, line 759]
Event: 2.302 Thread 0x00000204e4dccfc0 Exception <a 'java/lang/NoSuchMethodError'{0x00000000ebdda408}: 'int java.lang.invoke.DirectMethodHandle$Holder.invokeSpecial(java.lang.Object, java.lang.Object, java.lang.Object)'> (0x00000000ebdda408) 
thrown [s\src\hotspot\share\interpreter\linkResolver.cpp, line 759]
Event: 2.303 Thread 0x00000204e4dccfc0 Exception <a 'java/lang/NoSuchMethodError'{0x00000000ebdebdb0}: 'int java.lang.invoke.DirectMethodHandle$Holder.invokeStatic(java.lang.Object, java.lang.Object, int)'> (0x00000000ebdebdb0) 
thrown [s\src\hotspot\share\interpreter\linkResolver.cpp, line 759]
Event: 2.304 Thread 0x00000204e4dccfc0 Exception <a 'java/lang/NoSuchMethodError'{0x00000000ebdf01d8}: 'int java.lang.invoke.DirectMethodHandle$Holder.invokeSpecial(java.lang.Object, java.lang.Object, java.lang.Object, int)'> (0x00000000ebdf01d8) 
thrown [s\src\hotspot\share\interpreter\linkResolver.cpp, line 759]
Event: 2.306 Thread 0x00000204e4dccfc0 Exception <a 'java/lang/NoSuchMethodError'{0x00000000ebe0bda8}: 'java.lang.Object java.lang.invoke.DirectMethodHandle$Holder.invokeStatic(java.lang.Object, java.lang.Object, java.lang.Object, java.lang.Object, int)'> (0x00000000ebe0bda8) 
thrown [s\src\hotspot\share\interpreter\linkResolver.cpp, line 759]
Event: 2.308 Thread 0x00000204e4dccfc0 Exception <a 'java/lang/NoSuchMethodError'{0x00000000ebe17ff8}: 'java.lang.Object java.lang.invoke.DelegatingMethodHandle$Holder.reinvoke_L(java.lang.Object, java.lang.Object, java.lang.Object, java.lang.Object, int, int)'> (0x00000000ebe17ff8) 
thrown [s\src\hotspot\share\interpreter\linkResolver.cpp, line 759]
Event: 2.311 Thread 0x00000204e4dccfc0 Exception <a 'java/lang/NoSuchMethodError'{0x00000000ebe2f8e0}: 'java.lang.Object java.lang.invoke.Invokers$Holder.invokeExact_MT(java.lang.Object, java.lang.Object, java.lang.Object, java.lang.Object)'> (0x00000000ebe2f8e0) 
thrown [s\src\hotspot\share\interpreter\linkResolver.cpp, line 759]
Event: 3.141 Thread 0x00000204e4dccfc0 Exception <a 'java/lang/NoSuchMethodError'{0x00000000ed549ea0}: 'java.lang.Object java.lang.invoke.DirectMethodHandle$Holder.invokeSpecial(java.lang.Object, java.lang.Object, java.lang.Object, long, java.lang.Object)'> (0x00000000ed549ea0) 
thrown [s\src\hotspot\share\interpreter\linkResolver.cpp, line 759]
Event: 3.142 Thread 0x00000204e4dccfc0 Exception <a 'java/lang/NoSuchMethodError'{0x00000000ed552058}: 'java.lang.Object java.lang.invoke.DirectMethodHandle$Holder.newInvokeSpecial(java.lang.Object, java.lang.Object, java.lang.Object, long)'> (0x00000000ed552058) 
thrown [s\src\hotspot\share\interpreter\linkResolver.cpp, line 759]
Event: 3.142 Thread 0x00000204e4dccfc0 Exception <a 'java/lang/NoSuchMethodError'{0x00000000ed5565f8}: 'java.lang.Object java.lang.invoke.DirectMethodHandle$Holder.invokeSpecial(java.lang.Object, java.lang.Object, java.lang.Object, java.lang.Object, long)'> (0x00000000ed5565f8) 
thrown [s\src\hotspot\share\interpreter\linkResolver.cpp, line 759]
Event: 3.150 Thread 0x00000204e4dccfc0 Exception <a 'java/lang/NoSuchMethodError'{0x00000000ed5a8da0}: 'int java.lang.invoke.DirectMethodHandle$Holder.invokeStaticInit(java.lang.Object, java.lang.Object, java.lang.Object)'> (0x00000000ed5a8da0) 
thrown [s\src\hotspot\share\interpreter\linkResolver.cpp, line 759]
Event: 3.158 Thread 0x00000204e4dccfc0 Exception <a 'java/lang/IncompatibleClassChangeError'{0x00000000ed60fd20}: Found class java.lang.Object, but interface was expected> (0x00000000ed60fd20) 
thrown [s\src\hotspot\share\interpreter\linkResolver.cpp, line 826]
Event: 3.162 Thread 0x00000204e4dccfc0 Exception <a 'java/lang/NoSuchMethodError'{0x00000000ed621e28}: 'java.lang.Object java.lang.invoke.DirectMethodHandle$Holder.invokeSpecial(java.lang.Object, java.lang.Object, java.lang.Object, int, java.lang.Object, java.lang.Object)'> (0x00000000ed621e28) 
thrown [s\src\hotspot\share\interpreter\linkResolver.cpp, line 759]
Event: 3.169 Thread 0x00000204e4dccfc0 Exception <a 'java/lang/NoSuchMethodError'{0x00000000ed62a630}: 'java.lang.Object java.lang.invoke.DirectMethodHandle$Holder.newInvokeSpecial(java.lang.Object, java.lang.Object, java.lang.Object, int, java.lang.Object)'> (0x00000000ed62a630) 
thrown [s\src\hotspot\share\interpreter\linkResolver.cpp, line 759]
Event: 3.169 Thread 0x00000204e4dccfc0 Exception <a 'java/lang/NoSuchMethodError'{0x00000000ed62ea88}: 'java.lang.Object java.lang.invoke.DirectMethodHandle$Holder.invokeSpecial(java.lang.Object, java.lang.Object, java.lang.Object, java.lang.Object, int, java.lang.Object)'> (0x00000000ed62ea88) 
thrown [s\src\hotspot\share\interpreter\linkResolver.cpp, line 759]
Event: 3.170 Thread 0x00000204e4f63a90 Exception <a 'java/lang/NoSuchMethodError'{0x00000000ed6827b0}: 'java.lang.Object java.lang.invoke.DirectMethodHandle$Holder.invokeSpecial(java.lang.Object, java.lang.Object, int, java.lang.Object, java.lang.Object)'> (0x00000000ed6827b0) 
thrown [s\src\hotspot\share\interpreter\linkResolver.cpp, line 759]
Event: 3.171 Thread 0x00000204e4f63a90 Exception <a 'java/lang/NoSuchMethodError'{0x00000000ed689e80}: 'java.lang.Object java.lang.invoke.DirectMethodHandle$Holder.newInvokeSpecial(java.lang.Object, java.lang.Object, int, java.lang.Object)'> (0x00000000ed689e80) 
thrown [s\src\hotspot\share\interpreter\linkResolver.cpp, line 759]
Event: 3.172 Thread 0x00000204e4f63a90 Exception <a 'java/lang/NoSuchMethodError'{0x00000000ed68d990}: 'java.lang.Object java.lang.invoke.DirectMethodHandle$Holder.invokeSpecial(java.lang.Object, java.lang.Object, java.lang.Object, int, java.lang.Object)'> (0x00000000ed68d990) 
thrown [s\src\hotspot\share\interpreter\linkResolver.cpp, line 759]
Event: 3.191 Thread 0x00000204e4f63a90 Exception <a 'java/io/FileNotFoundException'{0x00000000ed6b2680}> (0x00000000ed6b2680) 
thrown [s\src\hotspot\share\prims\jni.cpp, line 516]
Event: 3.199 Thread 0x00000204e4f63a90 Exception <a 'java/lang/NoSuchMethodError'{0x00000000ed6ccff0}: 'java.lang.Object java.lang.invoke.DirectMethodHandle$Holder.newInvokeSpecial(java.lang.Object, java.lang.Object, java.lang.Object, java.lang.Object, java.lang.Object)'> (0x00000000ed6ccff0) 
thrown [s\src\hotspot\share\interpreter\linkResolver.cpp, line 759]

VM Operations (20 events):
Event: 2.745 Executing VM operation: ParallelGCFailedAllocation
Event: 2.767 Executing VM operation: ParallelGCFailedAllocation done
Event: 2.777 Executing VM operation: ParallelGCFailedAllocation
Event: 2.779 Executing VM operation: ParallelGCFailedAllocation done
Event: 2.787 Executing VM operation: ParallelGCFailedAllocation
Event: 2.789 Executing VM operation: ParallelGCFailedAllocation done
Event: 2.802 Executing VM operation: ParallelGCFailedAllocation
Event: 2.804 Executing VM operation: ParallelGCFailedAllocation done
Event: 2.814 Executing VM operation: ParallelGCFailedAllocation
Event: 2.831 Executing VM operation: ParallelGCFailedAllocation done
Event: 2.841 Executing VM operation: ParallelGCFailedAllocation
Event: 2.842 Executing VM operation: ParallelGCFailedAllocation done
Event: 2.867 Executing VM operation: ParallelGCFailedAllocation
Event: 2.868 Executing VM operation: ParallelGCFailedAllocation done
Event: 2.883 Executing VM operation: ParallelGCFailedAllocation
Event: 2.884 Executing VM operation: ParallelGCFailedAllocation done
Event: 3.183 Executing VM operation: HandshakeAllThreads
Event: 3.183 Executing VM operation: HandshakeAllThreads done
Event: 3.207 Executing VM operation: ParallelGCFailedAllocation
Event: 3.212 Executing VM operation: ParallelGCFailedAllocation done

Events (20 events):
Event: 3.222 loading class java/util/zip/GZIPOutputStream done
Event: 3.235 loading class java/io/StringReader
Event: 3.235 loading class java/io/StringReader done
Event: 3.238 loading class java/util/zip/GZIPInputStream
Event: 3.239 loading class java/util/zip/GZIPInputStream done
Event: 3.242 loading class java/net/SocketTimeoutException
Event: 3.242 loading class java/io/InterruptedIOException
Event: 3.242 loading class java/io/InterruptedIOException done
Event: 3.242 loading class java/net/SocketTimeoutException done
Event: 3.242 loading class java/net/SocketException
Event: 3.242 loading class java/net/SocketException done
Event: 3.242 loading class java/net/UnknownHostException
Event: 3.242 loading class java/net/UnknownHostException done
Event: 3.242 loading class java/net/ProtocolException
Event: 3.242 loading class java/net/ProtocolException done
Event: 3.260 loading class java/io/FileWriter
Event: 3.261 loading class java/io/FileWriter done
Event: 3.335 loading class java/lang/NegativeArraySizeException
Event: 3.335 loading class java/lang/NegativeArraySizeException done
Event: 3.437 Thread 0x00000204e4eb3030 Thread exited: 0x00000204e4eb3030


Dynamic libraries:
0x00007ff7d09e0000 - 0x00007ff7d09ee000 	c:\Users\Finner\.vscode\extensions\redhat.java-1.19.0-win32-x64\jre\17.0.7-win32-x86_64\bin\java.exe
0x00007ffbcd290000 - 0x00007ffbcd488000 	C:\Windows\SYSTEM32\ntdll.dll
0x00007ffbcb790000 - 0x00007ffbcb84f000 	C:\Windows\System32\KERNEL32.DLL
0x00007ffbcaa70000 - 0x00007ffbcad66000 	C:\Windows\System32\KERNELBASE.dll
0x00007ffbca970000 - 0x00007ffbcaa70000 	C:\Windows\System32\ucrtbase.dll
0x00007ffbc52f0000 - 0x00007ffbc5307000 	c:\Users\Finner\.vscode\extensions\redhat.java-1.19.0-win32-x64\jre\17.0.7-win32-x86_64\bin\jli.dll
0x00007ffbcc930000 - 0x00007ffbccacd000 	C:\Windows\System32\USER32.dll
0x00007ffbcae10000 - 0x00007ffbcae32000 	C:\Windows\System32\win32u.dll
0x00007ffbcbec0000 - 0x00007ffbcbeec000 	C:\Windows\System32\GDI32.dll
0x00007ffbcb060000 - 0x00007ffbcb175000 	C:\Windows\System32\gdi32full.dll
0x00007ffbcad70000 - 0x00007ffbcae0d000 	C:\Windows\System32\msvcp_win.dll
0x00007ffbc4fd0000 - 0x00007ffbc4fe9000 	c:\Users\Finner\.vscode\extensions\redhat.java-1.19.0-win32-x64\jre\17.0.7-win32-x86_64\bin\VCRUNTIME140.dll
0x00007ffbb0cd0000 - 0x00007ffbb0f6a000 	C:\Windows\WinSxS\amd64_microsoft.windows.common-controls_6595b64144ccf1df_6.0.19041.1110_none_60b5254171f9507e\COMCTL32.dll
0x00007ffbcbab0000 - 0x00007ffbcbb4e000 	C:\Windows\System32\msvcrt.dll
0x00007ffbcc900000 - 0x00007ffbcc930000 	C:\Windows\System32\IMM32.DLL
0x00007ffbc8920000 - 0x00007ffbc892c000 	c:\Users\Finner\.vscode\extensions\redhat.java-1.19.0-win32-x64\jre\17.0.7-win32-x86_64\bin\vcruntime140_1.dll
0x00007ffb9c520000 - 0x00007ffb9c5b1000 	c:\Users\Finner\.vscode\extensions\redhat.java-1.19.0-win32-x64\jre\17.0.7-win32-x86_64\bin\msvcp140.dll
0x00007ffb84500000 - 0x00007ffb85148000 	c:\Users\Finner\.vscode\extensions\redhat.java-1.19.0-win32-x64\jre\17.0.7-win32-x86_64\bin\server\jvm.dll
0x00007ffbcc6c0000 - 0x00007ffbcc76f000 	C:\Windows\System32\ADVAPI32.dll
0x00007ffbccf40000 - 0x00007ffbccfdc000 	C:\Windows\System32\sechost.dll
0x00007ffbcb570000 - 0x00007ffbcb696000 	C:\Windows\System32\RPCRT4.dll
0x00007ffbb6dc0000 - 0x00007ffbb6dc9000 	C:\Windows\SYSTEM32\WSOCK32.dll
0x00007ffbcc640000 - 0x00007ffbcc6ab000 	C:\Windows\System32\WS2_32.dll
0x00007ffbb8db0000 - 0x00007ffbb8dd7000 	C:\Windows\SYSTEM32\WINMM.dll
0x00007ffbc8910000 - 0x00007ffbc891a000 	C:\Windows\SYSTEM32\VERSION.dll
0x00007ffbc91c0000 - 0x00007ffbc91d2000 	C:\Windows\SYSTEM32\kernel.appcore.dll
0x00007ffbc4e70000 - 0x00007ffbc4e7a000 	c:\Users\Finner\.vscode\extensions\redhat.java-1.19.0-win32-x64\jre\17.0.7-win32-x86_64\bin\jimage.dll
0x00007ffbc7e40000 - 0x00007ffbc8024000 	C:\Windows\SYSTEM32\DBGHELP.DLL
0x00007ffbb5f40000 - 0x00007ffbb5f74000 	C:\Windows\SYSTEM32\dbgcore.DLL
0x00007ffbcb260000 - 0x00007ffbcb2e2000 	C:\Windows\System32\bcryptPrimitives.dll
0x00007ffbc2830000 - 0x00007ffbc283e000 	c:\Users\Finner\.vscode\extensions\redhat.java-1.19.0-win32-x64\jre\17.0.7-win32-x86_64\bin\instrument.dll
0x00007ffbad320000 - 0x00007ffbad345000 	c:\Users\Finner\.vscode\extensions\redhat.java-1.19.0-win32-x64\jre\17.0.7-win32-x86_64\bin\java.dll
0x00007ffbb3750000 - 0x00007ffbb3768000 	c:\Users\Finner\.vscode\extensions\redhat.java-1.19.0-win32-x64\jre\17.0.7-win32-x86_64\bin\zip.dll
0x00007ffbcbef0000 - 0x00007ffbcc634000 	C:\Windows\System32\SHELL32.dll
0x00007ffbc8a10000 - 0x00007ffbc91a3000 	C:\Windows\SYSTEM32\windows.storage.dll
0x00007ffbcbb50000 - 0x00007ffbcbea4000 	C:\Windows\System32\combase.dll
0x00007ffbca3d0000 - 0x00007ffbca3fe000 	C:\Windows\SYSTEM32\Wldp.dll
0x00007ffbcd1a0000 - 0x00007ffbcd24d000 	C:\Windows\System32\SHCORE.dll
0x00007ffbcc8a0000 - 0x00007ffbcc8f5000 	C:\Windows\System32\shlwapi.dll
0x00007ffbca8b0000 - 0x00007ffbca8cf000 	C:\Windows\SYSTEM32\profapi.dll
0x00007ffbaead0000 - 0x00007ffbaeae9000 	C:\Users\Finner\.vscode\extensions\redhat.java-1.19.0-win32-x64\jre\17.0.7-win32-x86_64\bin\net.dll
0x00007ffbc2620000 - 0x00007ffbc272a000 	C:\Windows\SYSTEM32\WINHTTP.dll
0x00007ffbca130000 - 0x00007ffbca19a000 	C:\Windows\system32\mswsock.dll
0x00007ffbae9d0000 - 0x00007ffbae9e5000 	C:\Users\Finner\.vscode\extensions\redhat.java-1.19.0-win32-x64\jre\17.0.7-win32-x86_64\bin\nio.dll
0x00007ffbb26f0000 - 0x00007ffbb2700000 	c:\Users\Finner\.vscode\extensions\redhat.java-1.19.0-win32-x64\jre\17.0.7-win32-x86_64\bin\verify.dll
0x00007ffba8560000 - 0x00007ffba859e000 	C:\Users\Finner\AppData\Roaming\Code\User\globalStorage\redhat.java\1.19.0\config_ss_win\org.eclipse.equinox.launcher\org.eclipse.equinox.launcher.win32.win32.x86_64_1.2.700.v20221108-1024\eclipse_11801.dll
0x00007ffbcc770000 - 0x00007ffbcc89a000 	C:\Windows\System32\ole32.dll

dbghelp: loaded successfully - version: 4.0.5 - missing functions: none
symbol engine: initialized successfully - sym options: 0x614 - pdb path: .;c:\Users\Finner\.vscode\extensions\redhat.java-1.19.0-win32-x64\jre\17.0.7-win32-x86_64\bin;C:\Windows\SYSTEM32;C:\Windows\WinSxS\amd64_microsoft.windows.common-controls_6595b64144ccf1df_6.0.19041.1110_none_60b5254171f9507e;c:\Users\Finner\.vscode\extensions\redhat.java-1.19.0-win32-x64\jre\17.0.7-win32-x86_64\bin\server;C:\Users\Finner\AppData\Roaming\Code\User\globalStorage\redhat.java\1.19.0\config_ss_win\org.eclipse.equinox.launcher\org.eclipse.equinox.launcher.win32.win32.x86_64_1.2.700.v20221108-1024

VM Arguments:
jvm_args: --add-modules=ALL-SYSTEM --add-opens=java.base/java.util=ALL-UNNAMED --add-opens=java.base/java.lang=ALL-UNNAMED --add-opens=java.base/sun.nio.fs=ALL-UNNAMED -Declipse.application=org.eclipse.jdt.ls.core.id1 -Dosgi.bundles.defaultStartLevel=4 -Declipse.product=org.eclipse.jdt.ls.core.product -Djava.import.generatesMetadataFilesAtProjectRoot=false -Dfile.encoding=utf8 -XX:+UseParallelGC -XX:GCTimeRatio=4 -XX:AdaptiveSizePolicyWeight=90 -Dsun.zip.disableMemoryMapping=true -Xmx1G -Xms100m -Xlog:disable -javaagent:c:\Users\Finner\.vscode\extensions\redhat.java-1.19.0-win32-x64\lombok\lombok-1.18.28.jar 
java_command: c:\Users\Finner\.vscode\extensions\redhat.java-1.19.0-win32-x64\server\plugins\org.eclipse.equinox.launcher_1.6.400.v20210924-0641.jar -configuration c:\Users\Finner\AppData\Roaming\Code\User\globalStorage\redhat.java\1.19.0\config_ss_win -data c:\Users\Finner\AppData\Roaming\Code\User\workspaceStorage\836b21f3d06bcecf2e8d4da322794a86\redhat.java\ss_ws
java_class_path (initial): c:\Users\Finner\.vscode\extensions\redhat.java-1.19.0-win32-x64\server\plugins\org.eclipse.equinox.launcher_1.6.400.v20210924-0641.jar
Launcher Type: SUN_STANDARD

[Global flags]
    uintx AdaptiveSizePolicyWeight                 = 90                                        {product} {command line}
     intx CICompilerCount                          = 4                                         {product} {ergonomic}
    uintx GCTimeRatio                              = 4                                         {product} {command line}
   size_t InitialHeapSize                          = 104857600                                 {product} {command line}
   size_t MaxHeapSize                              = 1073741824                                {product} {command line}
   size_t MaxNewSize                               = 357564416                                 {product} {ergonomic}
   size_t MinHeapDeltaBytes                        = 524288                                    {product} {ergonomic}
   size_t MinHeapSize                              = 104857600                                 {product} {command line}
   size_t NewSize                                  = 34603008                                  {product} {ergonomic}
    uintx NonNMethodCodeHeapSize                   = 5839372                                {pd product} {ergonomic}
    uintx NonProfiledCodeHeapSize                  = 122909434                              {pd product} {ergonomic}
   size_t OldSize                                  = 70254592                                  {product} {ergonomic}
    uintx ProfiledCodeHeapSize                     = 122909434                              {pd product} {ergonomic}
    uintx ReservedCodeCacheSize                    = 251658240                              {pd product} {ergonomic}
     bool SegmentedCodeCache                       = true                                      {product} {ergonomic}
   size_t SoftMaxHeapSize                          = 1073741824                             {manageable} {ergonomic}
     bool UseCompressedClassPointers               = true                           {product lp64_product} {ergonomic}
     bool UseCompressedOops                        = true                           {product lp64_product} {ergonomic}
     bool UseLargePagesIndividualAllocation        = false                                  {pd product} {ergonomic}
     bool UseParallelGC                            = true                                      {product} {command line}

Logging:
Log output configuration:
 #0: stdout all=off uptime,level,tags
 #1: stderr all=off uptime,level,tags

Environment Variables:
JAVA_HOME=C:\Program Files\Microsoft\jdk-11.0.18.10-hotspot\
PATH=C:\Program Files (x86)\Common Files\Intel\Shared Libraries\redist\intel64\compiler;C:\Program Files\Microsoft\jdk-11.0.18.10-hotspot\bin;C:\Python311\Scripts\;C:\Python311\;C:\Program Files (x86)\Intel\iCLS Client\;C:\Program Files\Intel\iCLS Client\;C:\Windows\system32;C:\Windows;C:\Windows\System32\Wbem;C:\Windows\System32\WindowsPowerShell\v1.0\;C:\Windows\System32\OpenSSH\;C:\Program Files (x86)\NVIDIA Corporation\PhysX\Common;C:\Program Files\NVIDIA Corporation\NVIDIA NvDLISR;C:\ProgramData\chocolatey\bin;C:\Program Files\Git\cmd;C:\Program Files\OpenJDK\openjdk-11.0.16_8\bin;c:\Program Files (x86)\Intel\Intel(R) Management Engine Components\DAL;c:\Program Files\Intel\Intel(R) Management Engine Components\DAL;c:\Program Files (x86)\Intel\Intel(R) Management Engine Components\IPT;c:\Program Files\Intel\Intel(R) Management Engine Components\IPT;C:\Program Files\nodejs\;C:\Program Files\PowerShell\7-preview\preview;C:\Program Files\PowerShell\7\;C:\Users\Finner\.amplify\bin;C:\Users\Finner\.amplify\bin;C:\Users\Finner\.amplify\bin;C:\Users\Finner\.amplify\bin;C:\Users\Finner\.amplify\bin;C:\Users\Finner\AppData\Local\Microsoft\WindowsApps;C:\Users\Finner\AppData\Local\Programs\Microsoft VS Code\bin;C:\Users\Finner\AppData\Local\Android\Sdk\platform-tools;C:\Users\Finner\AppData\Local\Programs\oh-my-posh\bin;C:\Users\Finner\AppData\Roaming\npm
USERNAME=Finner
OS=Windows_NT
PROCESSOR_IDENTIFIER=Intel64 Family 6 Model 158 Stepping 9, GenuineIntel
TMP=C:\Users\Finner\AppData\Local\Temp
TEMP=C:\Users\Finner\AppData\Local\Temp



---------------  S Y S T E M  ---------------

OS:
 Windows 10 , 64 bit Build 19041 (10.0.19041.2913)
OS uptime: 0 days 1:22 hours

CPU: total 8 (initial active 8) (4 cores per cpu, 2 threads per core) family 6 model 158 stepping 9 microcode 0xb4, cx8, cmov, fxsr, ht, mmx, 3dnowpref, sse, sse2, sse3, ssse3, sse4.1, sse4.2, popcnt, lzcnt, tsc, tscinvbit, avx, avx2, aes, erms, clmul, bmi1, bmi2, adx, fma, vzeroupper, clflush, clflushopt

Memory: 4k page, system-wide physical 16276M (888M free)
TotalPageFile size 19135M (AvailPageFile size 39M)
current process WorkingSet (physical memory assigned to process): 172M, peak: 182M
current process commit charge ("private bytes"): 252M, peak: 252M

vm_info: OpenJDK 64-Bit Server VM (17.0.7+7) for windows-amd64 JRE (17.0.7+7), built on Apr 18 2023 22:10:42 by "temurin" with MS VC++ 16.7 (VS2019)

END.
