#
# There is insufficient memory for the Java Runtime Environment to continue.
# Native memory allocation (malloc) failed to allocate 1890960 bytes for Chunk::new
# Possible reasons:
#   The system is out of physical RAM or swap space
#   The process is running with CompressedOops enabled, and the Java Heap may be blocking the growth of the native heap
# Possible solutions:
#   Reduce memory load on the system
#   Increase physical memory or swap space
#   Check if swap backing store is full
#   Decrease Java heap size (-Xmx/-Xms)
#   Decrease number of Java threads
#   Decrease Java thread stack sizes (-Xss)
#   Set larger code cache with -XX:ReservedCodeCacheSize=
#   JVM is running with Unscaled Compressed Oops mode in which the Java heap is
#     placed in the first 4GB address space. The Java Heap base address is the
#     maximum limit for the native heap growth. Please use -XX:HeapBaseMinAddress
#     to set the Java Heap base and to place the Java Heap above 4GB virtual address.
# This output file may be truncated or incomplete.
#
#  Out of Memory Error (arena.cpp:189), pid=10308, tid=6072
#
# JRE version: OpenJDK Runtime Environment Temurin-17.0.7+7 (17.0.7+7) (build 17.0.7+7)
# Java VM: OpenJDK 64-Bit Server VM Temurin-17.0.7+7 (17.0.7+7, mixed mode, tiered, compressed oops, compressed class ptrs, parallel gc, windows-amd64)
# No core dump will be written. Minidumps are not enabled by default on client versions of Windows
#

---------------  S U M M A R Y ------------

Command Line: --add-modules=ALL-SYSTEM --add-opens=java.base/java.util=ALL-UNNAMED --add-opens=java.base/java.lang=ALL-UNNAMED --add-opens=java.base/sun.nio.fs=ALL-UNNAMED -Declipse.application=org.eclipse.jdt.ls.core.id1 -Dosgi.bundles.defaultStartLevel=4 -Declipse.product=org.eclipse.jdt.ls.core.product -Djava.import.generatesMetadataFilesAtProjectRoot=false -Dfile.encoding=utf8 -XX:+UseParallelGC -XX:GCTimeRatio=4 -XX:AdaptiveSizePolicyWeight=90 -Dsun.zip.disableMemoryMapping=true -Xmx1G -Xms100m -Xlog:disable -javaagent:c:\Users\Finner\.vscode\extensions\redhat.java-1.20.0-win32-x64\lombok\lombok-1.18.28.jar -XX:+HeapDumpOnOutOfMemoryError -XX:HeapDumpPath=c:\Users\Finner\AppData\Roaming\Code\User\workspaceStorage\871a5784b85397140abcb29d54c8b749\redhat.java -Daether.dependencyCollector.impl=bf c:\Users\Finner\.vscode\extensions\redhat.java-1.20.0-win32-x64\server\plugins\org.eclipse.equinox.launcher_1.6.500.v20230622-2056.jar -configuration c:\Users\Finner\AppData\Roaming\Code\User\globalStorage\redhat.java\1.20.0\config_win -data c:\Users\Finner\AppData\Roaming\Code\User\workspaceStorage\871a5784b85397140abcb29d54c8b749\redhat.java\jdt_ws

Host: Intel(R) Core(TM) i7-7700HQ CPU @ 2.80GHz, 8 cores, 15G,  Windows 10 , 64 bit Build 19041 (10.0.19041.3031)
Time: Mon Jul 17 10:43:02 2023 SE Asia Standard Time elapsed time: 11.235775 seconds (0d 0h 0m 11s)

---------------  T H R E A D  ---------------

Current thread (0x0000025d535a3070):  JavaThread "C2 CompilerThread2" daemon [_thread_in_native, id=6072, stack(0x000000c51e200000,0x000000c51e300000)]


Current CompileTask:
C2:  11235 3543   !   4       org.eclipse.osgi.internal.loader.classpath.ClasspathManager::findLocalClass (210 bytes)

Stack: [0x000000c51e200000,0x000000c51e300000]
Native frames: (J=compiled Java code, j=interpreted, Vv=VM code, C=native code)
V  [jvm.dll+0x67754a]
V  [jvm.dll+0x834304]
V  [jvm.dll+0x835aae]
V  [jvm.dll+0x836113]
V  [jvm.dll+0x24696f]
V  [jvm.dll+0xac0ac]
V  [jvm.dll+0xac67c]
V  [jvm.dll+0x364e37]
V  [jvm.dll+0x32f6b1]
V  [jvm.dll+0x32eb5a]
V  [jvm.dll+0x219641]
V  [jvm.dll+0x218a61]
V  [jvm.dll+0x1a4d8d]
V  [jvm.dll+0x2284da]
V  [jvm.dll+0x226615]
V  [jvm.dll+0x7ea90b]
V  [jvm.dll+0x7e4e7a]
V  [jvm.dll+0x676395]
C  [ucrtbase.dll+0x21bb2]
C  [KERNEL32.DLL+0x17614]
C  [ntdll.dll+0x526f1]


---------------  P R O C E S S  ---------------

Threads class SMR info:
_java_thread_list=0x0000025d55c724f0, length=31, elements={
0x0000025d3807eab0, 0x0000025d4bf02750, 0x0000025d4bf06070, 0x0000025d4bf0d000,
0x0000025d4bf0de70, 0x0000025d51261da0, 0x0000025d51263670, 0x0000025d51266c00,
0x0000025d512c0d00, 0x0000025d512cea00, 0x0000025d5136e850, 0x0000025d514fb110,
0x0000025d52760bf0, 0x0000025d52b89ec0, 0x0000025d513adb30, 0x0000025d52800af0,
0x0000025d52630630, 0x0000025d52319250, 0x0000025d523188b0, 0x0000025d52319720,
0x0000025d535a53e0, 0x0000025d523170a0, 0x0000025d535a3070, 0x0000025d52315d60,
0x0000025d52318d80, 0x0000025d52316230, 0x0000025d52317a40, 0x0000025d52316700,
0x0000025d52316bd0, 0x0000025d52317f10, 0x0000025d523183e0
}

Java Threads: ( => current thread )
  0x0000025d3807eab0 JavaThread "main" [_thread_blocked, id=20420, stack(0x000000c51c200000,0x000000c51c300000)]
  0x0000025d4bf02750 JavaThread "Reference Handler" daemon [_thread_blocked, id=13536, stack(0x000000c51c500000,0x000000c51c600000)]
  0x0000025d4bf06070 JavaThread "Finalizer" daemon [_thread_blocked, id=22332, stack(0x000000c51c600000,0x000000c51c700000)]
  0x0000025d4bf0d000 JavaThread "Signal Dispatcher" daemon [_thread_blocked, id=7012, stack(0x000000c51c700000,0x000000c51c800000)]
  0x0000025d4bf0de70 JavaThread "Attach Listener" daemon [_thread_blocked, id=14768, stack(0x000000c51c800000,0x000000c51c900000)]
  0x0000025d51261da0 JavaThread "Service Thread" daemon [_thread_blocked, id=11388, stack(0x000000c51c900000,0x000000c51ca00000)]
  0x0000025d51263670 JavaThread "Monitor Deflation Thread" daemon [_thread_blocked, id=16448, stack(0x000000c51ca00000,0x000000c51cb00000)]
  0x0000025d51266c00 JavaThread "C2 CompilerThread0" daemon [_thread_in_native, id=1340, stack(0x000000c51cb00000,0x000000c51cc00000)]
  0x0000025d512c0d00 JavaThread "C1 CompilerThread0" daemon [_thread_blocked, id=21304, stack(0x000000c51cc00000,0x000000c51cd00000)]
  0x0000025d512cea00 JavaThread "Sweeper thread" daemon [_thread_blocked, id=18376, stack(0x000000c51cd00000,0x000000c51ce00000)]
  0x0000025d5136e850 JavaThread "Common-Cleaner" daemon [_thread_blocked, id=2864, stack(0x000000c51ce00000,0x000000c51cf00000)]
  0x0000025d514fb110 JavaThread "Notification Thread" daemon [_thread_blocked, id=12056, stack(0x000000c51cf00000,0x000000c51d000000)]
  0x0000025d52760bf0 JavaThread "Active Thread: Equinox Container: 267def04-ffcd-4d4a-8710-d3060bbe3fea" [_thread_blocked, id=15228, stack(0x000000c51d800000,0x000000c51d900000)]
  0x0000025d52b89ec0 JavaThread "Framework Event Dispatcher: Equinox Container: 267def04-ffcd-4d4a-8710-d3060bbe3fea" daemon [_thread_blocked, id=8232, stack(0x000000c51d100000,0x000000c51d200000)]
  0x0000025d513adb30 JavaThread "Start Level: Equinox Container: 267def04-ffcd-4d4a-8710-d3060bbe3fea" daemon [_thread_blocked, id=2684, stack(0x000000c51d900000,0x000000c51da00000)]
  0x0000025d52800af0 JavaThread "SCR Component Actor" daemon [_thread_blocked, id=22296, stack(0x000000c51da00000,0x000000c51db00000)]
  0x0000025d52630630 JavaThread "SCR Component Registry" daemon [_thread_blocked, id=6656, stack(0x000000c51dc00000,0x000000c51dd00000)]
  0x0000025d52319250 JavaThread "Worker-JM" [_thread_blocked, id=12892, stack(0x000000c51df00000,0x000000c51e000000)]
  0x0000025d523188b0 JavaThread "Worker-0: Repository registry initialization" [_thread_in_Java, id=16584, stack(0x000000c51de00000,0x000000c51df00000)]
  0x0000025d52319720 JavaThread "Worker-1: Updating Maven Dependencies" [_thread_blocked, id=15156, stack(0x000000c51e000000,0x000000c51e100000)]
  0x0000025d535a53e0 JavaThread "C2 CompilerThread1" daemon [_thread_in_native, id=15744, stack(0x000000c51dd00000,0x000000c51de00000)]
  0x0000025d523170a0 JavaThread "Java indexing" daemon [_thread_blocked, id=22104, stack(0x000000c51e100000,0x000000c51e200000)]
=>0x0000025d535a3070 JavaThread "C2 CompilerThread2" daemon [_thread_in_native, id=6072, stack(0x000000c51e200000,0x000000c51e300000)]
  0x0000025d52315d60 JavaThread "JNA Cleaner" daemon [_thread_blocked, id=22052, stack(0x000000c51e300000,0x000000c51e400000)]
  0x0000025d52318d80 JavaThread "pool-2-thread-1" [_thread_blocked, id=12644, stack(0x000000c51e400000,0x000000c51e500000)]
  0x0000025d52316230 JavaThread "Worker-2: Synchronizing projects" [_thread_in_vm, id=19176, stack(0x000000c51e500000,0x000000c51e600000)]
  0x0000025d52317a40 JavaThread "WorkspaceEventsHandler" [_thread_blocked, id=14252, stack(0x000000c51e600000,0x000000c51e700000)]
  0x0000025d52316700 JavaThread "pool-1-thread-1" [_thread_blocked, id=15568, stack(0x000000c51e700000,0x000000c51e800000)]
  0x0000025d52316bd0 JavaThread "Worker-3: Loading available Gradle versions" [_thread_blocked, id=21964, stack(0x000000c51e800000,0x000000c51e900000)]
  0x0000025d52317f10 JavaThread "Worker-4: Load persistent model for all projects" [_thread_blocked, id=16692, stack(0x000000c51e900000,0x000000c51ea00000)]
  0x0000025d523183e0 JavaThread "Worker-5" [_thread_new, id=10576, stack(0x0000000000000000,0x0000000000000000)]

Other Threads:
  0x0000025d51231c30 VMThread "VM Thread" [stack: 0x000000c51c400000,0x000000c51c500000] [id=13976]
  0x0000025d514fbd80 WatcherThread [stack: 0x000000c51d000000,0x000000c51d100000] [id=5116]
  0x0000025d38093c60 GCTaskThread "GC Thread#0" [stack: 0x000000c51c300000,0x000000c51c400000] [id=16976]
  0x0000025d52668f80 GCTaskThread "GC Thread#1" [stack: 0x000000c51d200000,0x000000c51d300000] [id=21440]
  0x0000025d52669230 GCTaskThread "GC Thread#2" [stack: 0x000000c51d300000,0x000000c51d400000] [id=9564]
  0x0000025d526646a0 GCTaskThread "GC Thread#3" [stack: 0x000000c51d400000,0x000000c51d500000] [id=21112]
  0x0000025d52664950 GCTaskThread "GC Thread#4" [stack: 0x000000c51d500000,0x000000c51d600000] [id=13220]
  0x0000025d527c3600 GCTaskThread "GC Thread#5" [stack: 0x000000c51d600000,0x000000c51d700000] [id=16648]
  0x0000025d527c38b0 GCTaskThread "GC Thread#6" [stack: 0x000000c51d700000,0x000000c51d800000] [id=10156]
  0x0000025d35eb9740 GCTaskThread "GC Thread#7" [stack: 0x000000c51db00000,0x000000c51dc00000] [id=21492]

Threads with active compile tasks:
C2 CompilerThread0    11268 3449   !   4       org.eclipse.osgi.internal.loader.classpath.ClasspathManager::findClassImpl (308 bytes)
C2 CompilerThread1    11268 3481       4       jdk.internal.org.objectweb.asm.Frame::execute (2318 bytes)
C2 CompilerThread2    11268 3543   !   4       org.eclipse.osgi.internal.loader.classpath.ClasspathManager::findLocalClass (210 bytes)

VM state: not at safepoint (normal execution)

VM Mutex/Monitor currently owned by a thread: None

Heap address: 0x00000000c0000000, size: 1024 MB, Compressed Oops mode: 32-bit

CDS archive(s) not mapped
Compressed class space mapped at: 0x0000000100000000-0x0000000140000000, reserved size: 1073741824
Narrow klass base: 0x0000000000000000, Narrow klass shift: 3, Narrow klass range: 0x140000000

GC Precious Log:
 CPUs: 8 total, 8 available
 Memory: 16276M
 Large Page Support: Disabled
 NUMA Support: Disabled
 Compressed Oops: Enabled (32-bit)
 Alignments: Space 512K, Generation 512K, Heap 2M
 Heap Min Capacity: 100M
 Heap Initial Capacity: 100M
 Heap Max Capacity: 1G
 Pre-touch: Disabled
 Parallel Workers: 8

Heap:
 PSYoungGen      total 24576K, used 4950K [0x00000000eab00000, 0x00000000ec700000, 0x0000000100000000)
  eden space 23040K, 16% used [0x00000000eab00000,0x00000000eaec5b18,0x00000000ec180000)
  from space 1536K, 70% used [0x00000000ec580000,0x00000000ec690000,0x00000000ec700000)
  to   space 2048K, 0% used [0x00000000ec300000,0x00000000ec300000,0x00000000ec500000)
 ParOldGen       total 68608K, used 13886K [0x00000000c0000000, 0x00000000c4300000, 0x00000000eab00000)
  object space 68608K, 20% used [0x00000000c0000000,0x00000000c0d8f840,0x00000000c4300000)
 Metaspace       used 39321K, committed 40064K, reserved 1114112K
  class space    used 4111K, committed 4480K, reserved 1048576K

Card table byte_map: [0x0000025d37a30000,0x0000025d37c40000] _byte_map_base: 0x0000025d37430000

Marking Bits: (ParMarkBitMap*) 0x00007ff8131f52c0
 Begin Bits: [0x0000025d49d10000, 0x0000025d4ad10000)
 End Bits:   [0x0000025d4ad10000, 0x0000025d4bd10000)

Polling page: 0x0000025d36050000

Metaspace:

Usage:
  Non-class:     34.38 MB used.
      Class:      4.01 MB used.
       Both:     38.40 MB used.

Virtual space:
  Non-class space:       64.00 MB reserved,      34.75 MB ( 54%) committed,  1 nodes.
      Class space:        1.00 GB reserved,       4.38 MB ( <1%) committed,  1 nodes.
             Both:        1.06 GB reserved,      39.12 MB (  4%) committed. 

Chunk freelists:
   Non-Class:  13.28 MB
       Class:  11.47 MB
        Both:  24.75 MB

MaxMetaspaceSize: unlimited
CompressedClassSpaceSize: 1.00 GB
Initial GC threshold: 21.00 MB
Current GC threshold: 58.38 MB
CDS: off
MetaspaceReclaimPolicy: balanced
 - commit_granule_bytes: 65536.
 - commit_granule_words: 8192.
 - virtual_space_node_default_size: 8388608.
 - enlarge_chunks_in_place: 1.
 - new_chunks_are_fully_committed: 0.
 - uncommit_free_chunks: 1.
 - use_allocation_guard: 0.
 - handle_deallocations: 1.


Internal statistics:

num_allocs_failed_limit: 6.
num_arena_births: 322.
num_arena_deaths: 14.
num_vsnodes_births: 2.
num_vsnodes_deaths: 0.
num_space_committed: 626.
num_space_uncommitted: 0.
num_chunks_returned_to_freelist: 20.
num_chunks_taken_from_freelist: 1607.
num_chunk_merges: 7.
num_chunk_splits: 1017.
num_chunks_enlarged: 654.
num_inconsistent_stats: 0.

CodeHeap 'non-profiled nmethods': size=120000Kb used=1628Kb max_used=1628Kb free=118371Kb
 bounds [0x0000025d427e0000, 0x0000025d42a50000, 0x0000025d49d10000]
CodeHeap 'profiled nmethods': size=120000Kb used=7455Kb max_used=7455Kb free=112544Kb
 bounds [0x0000025d3ad10000, 0x0000025d3b460000, 0x0000025d42240000]
CodeHeap 'non-nmethods': size=5760Kb used=1350Kb max_used=1350Kb free=4409Kb
 bounds [0x0000025d42240000, 0x0000025d424b0000, 0x0000025d427e0000]
 total_blobs=4262 nmethods=3668 adapters=506
 compilation: enabled
              stopped_count=0, restarted_count=0
 full_count=0

Compilation events (20 events):
Event: 11.195 Thread 0x0000025d512c0d00 3655       3       sun.reflect.annotation.AnnotationParser::parseSig (62 bytes)
Event: 11.196 Thread 0x0000025d512c0d00 nmethod 3655 0x0000025d3b44dc90 code [0x0000025d3b44df60, 0x0000025d3b44ef58]
Event: 11.196 Thread 0x0000025d512c0d00 3657       3       jdk.internal.org.objectweb.asm.Edge::<init> (20 bytes)
Event: 11.196 Thread 0x0000025d512c0d00 nmethod 3657 0x0000025d3b44f510 code [0x0000025d3b44f6a0, 0x0000025d3b44f838]
Event: 11.196 Thread 0x0000025d512c0d00 3656       3       sun.reflect.annotation.AnnotationParser::toClass (32 bytes)
Event: 11.197 Thread 0x0000025d512c0d00 nmethod 3656 0x0000025d3b44f910 code [0x0000025d3b44fb60, 0x0000025d3b450648]
Event: 11.199 Thread 0x0000025d512c0d00 3658       3       jdk.internal.org.objectweb.asm.Frame::getConcreteOutputType (111 bytes)
Event: 11.199 Thread 0x0000025d512c0d00 nmethod 3658 0x0000025d3b450890 code [0x0000025d3b450a40, 0x0000025d3b450e18]
Event: 11.200 Thread 0x0000025d512c0d00 3659       3       java.nio.HeapByteBuffer::getInt (29 bytes)
Event: 11.200 Thread 0x0000025d512c0d00 nmethod 3659 0x0000025d3b450f90 code [0x0000025d3b4511e0, 0x0000025d3b451b88]
Event: 11.202 Thread 0x0000025d512c0d00 3660       3       java.lang.Class::getMethodsRecursive (99 bytes)
Event: 11.202 Thread 0x0000025d512c0d00 nmethod 3660 0x0000025d3b451f90 code [0x0000025d3b4521c0, 0x0000025d3b452768]
Event: 11.213 Thread 0x0000025d512c0d00 3662       3       org.eclipse.osgi.internal.framework.FilterImpl$Parser::parse_filtercomp (98 bytes)
Event: 11.214 Thread 0x0000025d512c0d00 nmethod 3662 0x0000025d3b452a90 code [0x0000025d3b452c80, 0x0000025d3b452fc8]
Event: 11.221 Thread 0x0000025d512c0d00 3664       3       sun.security.provider.HashDrbg::addBytes (130 bytes)
Event: 11.222 Thread 0x0000025d512c0d00 nmethod 3664 0x0000025d3b453110 code [0x0000025d3b4532c0, 0x0000025d3b453678]
Event: 11.227 Thread 0x0000025d512c0d00 3665       3       java.lang.Byte::hashCode (8 bytes)
Event: 11.227 Thread 0x0000025d512c0d00 nmethod 3665 0x0000025d3b453890 code [0x0000025d3b453a20, 0x0000025d3b453b78]
Event: 11.228 Thread 0x0000025d512c0d00 3666   !   3       org.eclipse.osgi.internal.serviceregistry.ServiceRegistrationImpl::getProperties (17 bytes)
Event: 11.228 Thread 0x0000025d512c0d00 nmethod 3666 0x0000025d3b453c10 code [0x0000025d3b453da0, 0x0000025d3b453f98]

GC Heap History (20 events):
Event: 6.329 GC heap before
{Heap before GC invocations=3 (full 0):
 PSYoungGen      total 29696K, used 29694K [0x00000000eab00000, 0x00000000ecc00000, 0x0000000100000000)
  eden space 25600K, 100% used [0x00000000eab00000,0x00000000ec400000,0x00000000ec400000)
  from space 4096K, 99% used [0x00000000ec800000,0x00000000ecbff8b8,0x00000000ecc00000)
  to   space 4096K, 0% used [0x00000000ec400000,0x00000000ec400000,0x00000000ec800000)
 ParOldGen       total 68608K, used 1422K [0x00000000c0000000, 0x00000000c4300000, 0x00000000eab00000)
  object space 68608K, 2% used [0x00000000c0000000,0x00000000c0163b80,0x00000000c4300000)
 Metaspace       used 19895K, committed 20288K, reserved 1114112K
  class space    used 2014K, committed 2176K, reserved 1048576K
}
Event: 6.332 GC heap after
{Heap after GC invocations=3 (full 0):
 PSYoungGen      total 29696K, used 4068K [0x00000000eab00000, 0x00000000ecc00000, 0x0000000100000000)
  eden space 25600K, 0% used [0x00000000eab00000,0x00000000eab00000,0x00000000ec400000)
  from space 4096K, 99% used [0x00000000ec400000,0x00000000ec7f9118,0x00000000ec800000)
  to   space 4096K, 0% used [0x00000000ec800000,0x00000000ec800000,0x00000000ecc00000)
 ParOldGen       total 68608K, used 3393K [0x00000000c0000000, 0x00000000c4300000, 0x00000000eab00000)
  object space 68608K, 4% used [0x00000000c0000000,0x00000000c03506a8,0x00000000c4300000)
 Metaspace       used 19895K, committed 20288K, reserved 1114112K
  class space    used 2014K, committed 2176K, reserved 1048576K
}
Event: 7.135 GC heap before
{Heap before GC invocations=4 (full 0):
 PSYoungGen      total 29696K, used 13154K [0x00000000eab00000, 0x00000000ecc00000, 0x0000000100000000)
  eden space 25600K, 35% used [0x00000000eab00000,0x00000000eb3df808,0x00000000ec400000)
  from space 4096K, 99% used [0x00000000ec400000,0x00000000ec7f9118,0x00000000ec800000)
  to   space 4096K, 0% used [0x00000000ec800000,0x00000000ec800000,0x00000000ecc00000)
 ParOldGen       total 68608K, used 3393K [0x00000000c0000000, 0x00000000c4300000, 0x00000000eab00000)
  object space 68608K, 4% used [0x00000000c0000000,0x00000000c03506a8,0x00000000c4300000)
 Metaspace       used 21078K, committed 21504K, reserved 1114112K
  class space    used 2136K, committed 2304K, reserved 1048576K
}
Event: 7.139 GC heap after
{Heap after GC invocations=4 (full 0):
 PSYoungGen      total 29696K, used 4084K [0x00000000eab00000, 0x00000000ecc00000, 0x0000000100000000)
  eden space 25600K, 0% used [0x00000000eab00000,0x00000000eab00000,0x00000000ec400000)
  from space 4096K, 99% used [0x00000000ec800000,0x00000000ecbfd128,0x00000000ecc00000)
  to   space 4096K, 0% used [0x00000000ec400000,0x00000000ec400000,0x00000000ec800000)
 ParOldGen       total 68608K, used 4193K [0x00000000c0000000, 0x00000000c4300000, 0x00000000eab00000)
  object space 68608K, 6% used [0x00000000c0000000,0x00000000c04186b8,0x00000000c4300000)
 Metaspace       used 21078K, committed 21504K, reserved 1114112K
  class space    used 2136K, committed 2304K, reserved 1048576K
}
Event: 7.139 GC heap before
{Heap before GC invocations=5 (full 1):
 PSYoungGen      total 29696K, used 4084K [0x00000000eab00000, 0x00000000ecc00000, 0x0000000100000000)
  eden space 25600K, 0% used [0x00000000eab00000,0x00000000eab00000,0x00000000ec400000)
  from space 4096K, 99% used [0x00000000ec800000,0x00000000ecbfd128,0x00000000ecc00000)
  to   space 4096K, 0% used [0x00000000ec400000,0x00000000ec400000,0x00000000ec800000)
 ParOldGen       total 68608K, used 4193K [0x00000000c0000000, 0x00000000c4300000, 0x00000000eab00000)
  object space 68608K, 6% used [0x00000000c0000000,0x00000000c04186b8,0x00000000c4300000)
 Metaspace       used 21078K, committed 21504K, reserved 1114112K
  class space    used 2136K, committed 2304K, reserved 1048576K
}
Event: 7.160 GC heap after
{Heap after GC invocations=5 (full 1):
 PSYoungGen      total 29696K, used 0K [0x00000000eab00000, 0x00000000ecc00000, 0x0000000100000000)
  eden space 25600K, 0% used [0x00000000eab00000,0x00000000eab00000,0x00000000ec400000)
  from space 4096K, 0% used [0x00000000ec800000,0x00000000ec800000,0x00000000ecc00000)
  to   space 4096K, 0% used [0x00000000ec400000,0x00000000ec400000,0x00000000ec800000)
 ParOldGen       total 68608K, used 8056K [0x00000000c0000000, 0x00000000c4300000, 0x00000000eab00000)
  object space 68608K, 11% used [0x00000000c0000000,0x00000000c07de360,0x00000000c4300000)
 Metaspace       used 21065K, committed 21504K, reserved 1114112K
  class space    used 2133K, committed 2304K, reserved 1048576K
}
Event: 9.689 GC heap before
{Heap before GC invocations=6 (full 1):
 PSYoungGen      total 29696K, used 25600K [0x00000000eab00000, 0x00000000ecc00000, 0x0000000100000000)
  eden space 25600K, 100% used [0x00000000eab00000,0x00000000ec400000,0x00000000ec400000)
  from space 4096K, 0% used [0x00000000ec800000,0x00000000ec800000,0x00000000ecc00000)
  to   space 4096K, 0% used [0x00000000ec400000,0x00000000ec400000,0x00000000ec800000)
 ParOldGen       total 68608K, used 8056K [0x00000000c0000000, 0x00000000c4300000, 0x00000000eab00000)
  object space 68608K, 11% used [0x00000000c0000000,0x00000000c07de360,0x00000000c4300000)
 Metaspace       used 24648K, committed 25280K, reserved 1114112K
  class space    used 2529K, committed 2816K, reserved 1048576K
}
Event: 9.690 GC heap after
{Heap after GC invocations=6 (full 1):
 PSYoungGen      total 28160K, used 2898K [0x00000000eab00000, 0x00000000ecb80000, 0x0000000100000000)
  eden space 25088K, 0% used [0x00000000eab00000,0x00000000eab00000,0x00000000ec380000)
  from space 3072K, 94% used [0x00000000ec400000,0x00000000ec6d4b70,0x00000000ec700000)
  to   space 4096K, 0% used [0x00000000ec780000,0x00000000ec780000,0x00000000ecb80000)
 ParOldGen       total 68608K, used 8064K [0x00000000c0000000, 0x00000000c4300000, 0x00000000eab00000)
  object space 68608K, 11% used [0x00000000c0000000,0x00000000c07e0360,0x00000000c4300000)
 Metaspace       used 24648K, committed 25280K, reserved 1114112K
  class space    used 2529K, committed 2816K, reserved 1048576K
}
Event: 9.868 GC heap before
{Heap before GC invocations=7 (full 1):
 PSYoungGen      total 28160K, used 27986K [0x00000000eab00000, 0x00000000ecb80000, 0x0000000100000000)
  eden space 25088K, 100% used [0x00000000eab00000,0x00000000ec380000,0x00000000ec380000)
  from space 3072K, 94% used [0x00000000ec400000,0x00000000ec6d4b70,0x00000000ec700000)
  to   space 4096K, 0% used [0x00000000ec780000,0x00000000ec780000,0x00000000ecb80000)
 ParOldGen       total 68608K, used 8064K [0x00000000c0000000, 0x00000000c4300000, 0x00000000eab00000)
  object space 68608K, 11% used [0x00000000c0000000,0x00000000c07e0360,0x00000000c4300000)
 Metaspace       used 28049K, committed 28608K, reserved 1114112K
  class space    used 2769K, committed 3008K, reserved 1048576K
}
Event: 9.869 GC heap after
{Heap after GC invocations=7 (full 1):
 PSYoungGen      total 28160K, used 3329K [0x00000000eab00000, 0x00000000ecb00000, 0x0000000100000000)
  eden space 24576K, 0% used [0x00000000eab00000,0x00000000eab00000,0x00000000ec300000)
  from space 3584K, 92% used [0x00000000ec780000,0x00000000ecac0590,0x00000000ecb00000)
  to   space 3584K, 0% used [0x00000000ec400000,0x00000000ec400000,0x00000000ec780000)
 ParOldGen       total 68608K, used 8072K [0x00000000c0000000, 0x00000000c4300000, 0x00000000eab00000)
  object space 68608K, 11% used [0x00000000c0000000,0x00000000c07e2360,0x00000000c4300000)
 Metaspace       used 28049K, committed 28608K, reserved 1114112K
  class space    used 2769K, committed 3008K, reserved 1048576K
}
Event: 10.077 GC heap before
{Heap before GC invocations=8 (full 1):
 PSYoungGen      total 28160K, used 27905K [0x00000000eab00000, 0x00000000ecb00000, 0x0000000100000000)
  eden space 24576K, 100% used [0x00000000eab00000,0x00000000ec300000,0x00000000ec300000)
  from space 3584K, 92% used [0x00000000ec780000,0x00000000ecac0590,0x00000000ecb00000)
  to   space 3584K, 0% used [0x00000000ec400000,0x00000000ec400000,0x00000000ec780000)
 ParOldGen       total 68608K, used 8072K [0x00000000c0000000, 0x00000000c4300000, 0x00000000eab00000)
  object space 68608K, 11% used [0x00000000c0000000,0x00000000c07e2360,0x00000000c4300000)
 Metaspace       used 30296K, committed 30784K, reserved 1114112K
  class space    used 2947K, committed 3136K, reserved 1048576K
}
Event: 10.079 GC heap after
{Heap after GC invocations=8 (full 1):
 PSYoungGen      total 27648K, used 3554K [0x00000000eab00000, 0x00000000ecb80000, 0x0000000100000000)
  eden space 24064K, 0% used [0x00000000eab00000,0x00000000eab00000,0x00000000ec280000)
  from space 3584K, 99% used [0x00000000ec400000,0x00000000ec778948,0x00000000ec780000)
  to   space 4096K, 0% used [0x00000000ec780000,0x00000000ec780000,0x00000000ecb80000)
 ParOldGen       total 68608K, used 8606K [0x00000000c0000000, 0x00000000c4300000, 0x00000000eab00000)
  object space 68608K, 12% used [0x00000000c0000000,0x00000000c0867a98,0x00000000c4300000)
 Metaspace       used 30296K, committed 30784K, reserved 1114112K
  class space    used 2947K, committed 3136K, reserved 1048576K
}
Event: 10.564 GC heap before
{Heap before GC invocations=9 (full 1):
 PSYoungGen      total 27648K, used 27618K [0x00000000eab00000, 0x00000000ecb80000, 0x0000000100000000)
  eden space 24064K, 100% used [0x00000000eab00000,0x00000000ec280000,0x00000000ec280000)
  from space 3584K, 99% used [0x00000000ec400000,0x00000000ec778948,0x00000000ec780000)
  to   space 4096K, 0% used [0x00000000ec780000,0x00000000ec780000,0x00000000ecb80000)
 ParOldGen       total 68608K, used 8606K [0x00000000c0000000, 0x00000000c4300000, 0x00000000eab00000)
  object space 68608K, 12% used [0x00000000c0000000,0x00000000c0867a98,0x00000000c4300000)
 Metaspace       used 34276K, committed 35008K, reserved 1114112K
  class space    used 3418K, committed 3712K, reserved 1048576K
}
Event: 10.566 GC heap after
{Heap after GC invocations=9 (full 1):
 PSYoungGen      total 27648K, used 4077K [0x00000000eab00000, 0x00000000ecd00000, 0x0000000100000000)
  eden space 23552K, 0% used [0x00000000eab00000,0x00000000eab00000,0x00000000ec200000)
  from space 4096K, 99% used [0x00000000ec780000,0x00000000ecb7b6e0,0x00000000ecb80000)
  to   space 5632K, 0% used [0x00000000ec200000,0x00000000ec200000,0x00000000ec780000)
 ParOldGen       total 68608K, used 9778K [0x00000000c0000000, 0x00000000c4300000, 0x00000000eab00000)
  object space 68608K, 14% used [0x00000000c0000000,0x00000000c098cae8,0x00000000c4300000)
 Metaspace       used 34276K, committed 35008K, reserved 1114112K
  class space    used 3418K, committed 3712K, reserved 1048576K
}
Event: 10.662 GC heap before
{Heap before GC invocations=10 (full 1):
 PSYoungGen      total 27648K, used 10741K [0x00000000eab00000, 0x00000000ecd00000, 0x0000000100000000)
  eden space 23552K, 28% used [0x00000000eab00000,0x00000000eb1820a8,0x00000000ec200000)
  from space 4096K, 99% used [0x00000000ec780000,0x00000000ecb7b6e0,0x00000000ecb80000)
  to   space 5632K, 0% used [0x00000000ec200000,0x00000000ec200000,0x00000000ec780000)
 ParOldGen       total 68608K, used 9778K [0x00000000c0000000, 0x00000000c4300000, 0x00000000eab00000)
  object space 68608K, 14% used [0x00000000c0000000,0x00000000c098cae8,0x00000000c4300000)
 Metaspace       used 35224K, committed 35840K, reserved 1114112K
  class space    used 3546K, committed 3840K, reserved 1048576K
}
Event: 10.665 GC heap after
{Heap after GC invocations=10 (full 1):
 PSYoungGen      total 26112K, used 2152K [0x00000000eab00000, 0x00000000ec900000, 0x0000000100000000)
  eden space 23552K, 0% used [0x00000000eab00000,0x00000000eab00000,0x00000000ec200000)
  from space 2560K, 84% used [0x00000000ec200000,0x00000000ec41a080,0x00000000ec480000)
  to   space 3584K, 0% used [0x00000000ec580000,0x00000000ec580000,0x00000000ec900000)
 ParOldGen       total 68608K, used 12060K [0x00000000c0000000, 0x00000000c4300000, 0x00000000eab00000)
  object space 68608K, 17% used [0x00000000c0000000,0x00000000c0bc7220,0x00000000c4300000)
 Metaspace       used 35224K, committed 35840K, reserved 1114112K
  class space    used 3546K, committed 3840K, reserved 1048576K
}
Event: 10.665 GC heap before
{Heap before GC invocations=11 (full 2):
 PSYoungGen      total 26112K, used 2152K [0x00000000eab00000, 0x00000000ec900000, 0x0000000100000000)
  eden space 23552K, 0% used [0x00000000eab00000,0x00000000eab00000,0x00000000ec200000)
  from space 2560K, 84% used [0x00000000ec200000,0x00000000ec41a080,0x00000000ec480000)
  to   space 3584K, 0% used [0x00000000ec580000,0x00000000ec580000,0x00000000ec900000)
 ParOldGen       total 68608K, used 12060K [0x00000000c0000000, 0x00000000c4300000, 0x00000000eab00000)
  object space 68608K, 17% used [0x00000000c0000000,0x00000000c0bc7220,0x00000000c4300000)
 Metaspace       used 35224K, committed 35840K, reserved 1114112K
  class space    used 3546K, committed 3840K, reserved 1048576K
}
Event: 10.687 GC heap after
{Heap after GC invocations=11 (full 2):
 PSYoungGen      total 26112K, used 0K [0x00000000eab00000, 0x00000000ec900000, 0x0000000100000000)
  eden space 23552K, 0% used [0x00000000eab00000,0x00000000eab00000,0x00000000ec200000)
  from space 2560K, 0% used [0x00000000ec200000,0x00000000ec200000,0x00000000ec480000)
  to   space 3584K, 0% used [0x00000000ec580000,0x00000000ec580000,0x00000000ec900000)
 ParOldGen       total 68608K, used 13878K [0x00000000c0000000, 0x00000000c4300000, 0x00000000eab00000)
  object space 68608K, 20% used [0x00000000c0000000,0x00000000c0d8d840,0x00000000c4300000)
 Metaspace       used 35224K, committed 35840K, reserved 1114112K
  class space    used 3546K, committed 3840K, reserved 1048576K
}
Event: 11.174 GC heap before
{Heap before GC invocations=12 (full 2):
 PSYoungGen      total 26112K, used 23552K [0x00000000eab00000, 0x00000000ec900000, 0x0000000100000000)
  eden space 23552K, 100% used [0x00000000eab00000,0x00000000ec200000,0x00000000ec200000)
  from space 2560K, 0% used [0x00000000ec200000,0x00000000ec200000,0x00000000ec480000)
  to   space 3584K, 0% used [0x00000000ec580000,0x00000000ec580000,0x00000000ec900000)
 ParOldGen       total 68608K, used 13878K [0x00000000c0000000, 0x00000000c4300000, 0x00000000eab00000)
  object space 68608K, 20% used [0x00000000c0000000,0x00000000c0d8d840,0x00000000c4300000)
 Metaspace       used 38858K, committed 39680K, reserved 1114112K
  class space    used 4037K, committed 4416K, reserved 1048576K
}
Event: 11.177 GC heap after
{Heap after GC invocations=12 (full 2):
 PSYoungGen      total 24576K, used 1088K [0x00000000eab00000, 0x00000000ec700000, 0x0000000100000000)
  eden space 23040K, 0% used [0x00000000eab00000,0x00000000eab00000,0x00000000ec180000)
  from space 1536K, 70% used [0x00000000ec580000,0x00000000ec690000,0x00000000ec700000)
  to   space 2048K, 0% used [0x00000000ec300000,0x00000000ec300000,0x00000000ec500000)
 ParOldGen       total 68608K, used 13886K [0x00000000c0000000, 0x00000000c4300000, 0x00000000eab00000)
  object space 68608K, 20% used [0x00000000c0000000,0x00000000c0d8f840,0x00000000c4300000)
 Metaspace       used 38858K, committed 39680K, reserved 1114112K
  class space    used 4037K, committed 4416K, reserved 1048576K
}

Dll operation events (10 events):
Event: 0.007 Loaded shared library c:\Users\Finner\.vscode\extensions\redhat.java-1.20.0-win32-x64\jre\17.0.7-win32-x86_64\bin\java.dll
Event: 0.172 Loaded shared library c:\Users\Finner\.vscode\extensions\redhat.java-1.20.0-win32-x64\jre\17.0.7-win32-x86_64\bin\zip.dll
Event: 0.175 Loaded shared library C:\Users\Finner\.vscode\extensions\redhat.java-1.20.0-win32-x64\jre\17.0.7-win32-x86_64\bin\instrument.dll
Event: 0.195 Loaded shared library C:\Users\Finner\.vscode\extensions\redhat.java-1.20.0-win32-x64\jre\17.0.7-win32-x86_64\bin\net.dll
Event: 0.233 Loaded shared library C:\Users\Finner\.vscode\extensions\redhat.java-1.20.0-win32-x64\jre\17.0.7-win32-x86_64\bin\nio.dll
Event: 0.274 Loaded shared library C:\Users\Finner\.vscode\extensions\redhat.java-1.20.0-win32-x64\jre\17.0.7-win32-x86_64\bin\zip.dll
Event: 0.292 Loaded shared library C:\Users\Finner\.vscode\extensions\redhat.java-1.20.0-win32-x64\jre\17.0.7-win32-x86_64\bin\jimage.dll
Event: 0.381 Loaded shared library c:\Users\Finner\.vscode\extensions\redhat.java-1.20.0-win32-x64\jre\17.0.7-win32-x86_64\bin\verify.dll
Event: 5.705 Loaded shared library C:\Users\Finner\AppData\Roaming\Code\User\globalStorage\redhat.java\1.20.0\config_win\org.eclipse.equinox.launcher\org.eclipse.equinox.launcher.win32.win32.x86_64_1.2.700.v20221108-1024\eclipse_11801.dll
Event: 10.337 Loaded shared library C:\Windows\Temp\jna-2104396240\jna7783159610803332680.dll

Deoptimization events (20 events):
Event: 10.707 Thread 0x0000025d523188b0 Uncommon trap: trap_request=0xffffffde fr.pc=0x0000025d429001b8 relative=0x0000000000000098
Event: 10.707 Thread 0x0000025d523188b0 Uncommon trap: reason=class_check action=maybe_recompile pc=0x0000025d429001b8 method=java.lang.Character.codePointAt(Ljava/lang/CharSequence;I)I @ 2 c2
Event: 10.707 Thread 0x0000025d523188b0 DEOPT PACKING pc=0x0000025d429001b8 sp=0x000000c51defe4f0
Event: 10.707 Thread 0x0000025d523188b0 DEOPT UNPACKING pc=0x0000025d422966a3 sp=0x000000c51defe478 mode 2
Event: 10.707 Thread 0x0000025d523188b0 Uncommon trap: trap_request=0xffffffde fr.pc=0x0000025d429001b8 relative=0x0000000000000098
Event: 10.707 Thread 0x0000025d523188b0 Uncommon trap: reason=class_check action=maybe_recompile pc=0x0000025d429001b8 method=java.lang.Character.codePointAt(Ljava/lang/CharSequence;I)I @ 2 c2
Event: 10.707 Thread 0x0000025d523188b0 DEOPT PACKING pc=0x0000025d429001b8 sp=0x000000c51defe4f0
Event: 10.707 Thread 0x0000025d523188b0 DEOPT UNPACKING pc=0x0000025d422966a3 sp=0x000000c51defe478 mode 2
Event: 10.730 Thread 0x0000025d3807eab0 Uncommon trap: trap_request=0xffffff45 fr.pc=0x0000025d428a5d34 relative=0x0000000000000114
Event: 10.730 Thread 0x0000025d3807eab0 Uncommon trap: reason=unstable_if action=reinterpret pc=0x0000025d428a5d34 method=jdk.internal.org.objectweb.asm.SymbolTable.put(Ljdk/internal/org/objectweb/asm/SymbolTable$Entry;)Ljdk/internal/org/objectweb/asm/SymbolTable$Entry; @ 13 c2
Event: 10.730 Thread 0x0000025d3807eab0 DEOPT PACKING pc=0x0000025d428a5d34 sp=0x000000c51c2fd860
Event: 10.730 Thread 0x0000025d3807eab0 DEOPT UNPACKING pc=0x0000025d422966a3 sp=0x000000c51c2fd7c0 mode 2
Event: 10.822 Thread 0x0000025d52316230 Uncommon trap: trap_request=0xffffff45 fr.pc=0x0000025d42944a20 relative=0x0000000000000520
Event: 10.822 Thread 0x0000025d52316230 Uncommon trap: reason=unstable_if action=reinterpret pc=0x0000025d42944a20 method=java.util.concurrent.locks.ReentrantReadWriteLock$Sync.tryAcquireShared(I)I @ 81 c2
Event: 10.822 Thread 0x0000025d52316230 DEOPT PACKING pc=0x0000025d42944a20 sp=0x000000c51e5fdfa0
Event: 10.822 Thread 0x0000025d52316230 DEOPT UNPACKING pc=0x0000025d422966a3 sp=0x000000c51e5fdd88 mode 2
Event: 10.927 Thread 0x0000025d52316700 Uncommon trap: trap_request=0xffffff45 fr.pc=0x0000025d428a62a8 relative=0x0000000000000208
Event: 10.927 Thread 0x0000025d52316700 Uncommon trap: reason=unstable_if action=reinterpret pc=0x0000025d428a62a8 method=java.net.URI$Parser.scan(IIJJ)I @ 42 c2
Event: 10.927 Thread 0x0000025d52316700 DEOPT PACKING pc=0x0000025d428a62a8 sp=0x000000c51e7fd8d0
Event: 10.927 Thread 0x0000025d52316700 DEOPT UNPACKING pc=0x0000025d422966a3 sp=0x000000c51e7fd850 mode 2

Classes unloaded (7 events):
Event: 7.142 Thread 0x0000025d51231c30 Unloading class 0x0000000100214400 'java/lang/invoke/LambdaForm$MH+0x0000000100214400'
Event: 7.142 Thread 0x0000025d51231c30 Unloading class 0x0000000100214000 'java/lang/invoke/LambdaForm$MH+0x0000000100214000'
Event: 7.142 Thread 0x0000025d51231c30 Unloading class 0x0000000100213c00 'java/lang/invoke/LambdaForm$MH+0x0000000100213c00'
Event: 7.142 Thread 0x0000025d51231c30 Unloading class 0x0000000100213400 'java/lang/invoke/LambdaForm$MH+0x0000000100213400'
Event: 7.142 Thread 0x0000025d51231c30 Unloading class 0x0000000100213000 'java/lang/invoke/LambdaForm$BMH+0x0000000100213000'
Event: 7.142 Thread 0x0000025d51231c30 Unloading class 0x0000000100212c00 'java/lang/invoke/LambdaForm$DMH+0x0000000100212c00'
Event: 7.142 Thread 0x0000025d51231c30 Unloading class 0x0000000100210000 'java/lang/invoke/LambdaForm$DMH+0x0000000100210000'

Classes redefined (0 events):
No events

Internal exceptions (20 events):
Event: 10.138 Thread 0x0000025d513adb30 Exception <a 'java/lang/NoSuchMethodError'{0x00000000eacc9248}: 'java.lang.Object java.lang.invoke.DirectMethodHandle$Holder.invokeStaticInit(java.lang.Object, java.lang.Object, int, int, int, int)'> (0x00000000eacc9248) 
thrown [s\src\hotspot\share\interpreter\linkResolver.cpp, line 759]
Event: 10.190 Thread 0x0000025d513adb30 Exception <a 'java/lang/ClassNotFoundException'{0x00000000eb021e40}: com/sun/org/apache/xml/internal/serializer/spi/XMLEntitiesProvider> (0x00000000eb021e40) 
thrown [s\src\hotspot\share\classfile\systemDictionary.cpp, line 256]
Event: 10.280 Thread 0x0000025d513adb30 Exception <a 'java/io/FileNotFoundException'{0x00000000eb3a5b58}> (0x00000000eb3a5b58) 
thrown [s\src\hotspot\share\prims\jni.cpp, line 516]
Event: 10.363 Thread 0x0000025d513adb30 Exception <a 'java/lang/UnsatisfiedLinkError'{0x00000000eb64bb70}: The specified procedure could not be found.
> (0x00000000eb64bb70) 
thrown [s\src\hotspot\share\prims\jni.cpp, line 535]
Event: 10.369 Thread 0x0000025d513adb30 Exception <a 'java/io/FileNotFoundException'{0x00000000eb66f0c8}> (0x00000000eb66f0c8) 
thrown [s\src\hotspot\share\prims\jni.cpp, line 516]
Event: 10.376 Thread 0x0000025d513adb30 Exception <a 'java/io/FileNotFoundException'{0x00000000eb6e2838}> (0x00000000eb6e2838) 
thrown [s\src\hotspot\share\prims\jni.cpp, line 516]
Event: 10.383 Thread 0x0000025d513adb30 Exception <a 'java/lang/UnsatisfiedLinkError'{0x00000000eb76ebf0}: The specified procedure could not be found.
> (0x00000000eb76ebf0) 
thrown [s\src\hotspot\share\prims\jni.cpp, line 535]
Event: 10.396 Thread 0x0000025d3807eab0 Exception <a 'sun/nio/fs/WindowsException'{0x00000000eb7bd2b8}> (0x00000000eb7bd2b8) 
thrown [s\src\hotspot\share\prims\jni.cpp, line 516]
Event: 10.498 Thread 0x0000025d523188b0 Exception <a 'java/lang/NoSuchMethodError'{0x00000000eab83f10}: 'int java.lang.invoke.DirectMethodHandle$Holder.invokeVirtual(java.lang.Object, java.lang.Object)'> (0x00000000eab83f10) 
thrown [s\src\hotspot\share\interpreter\linkResolver.cpp, line 759]
Event: 10.510 Thread 0x0000025d3807eab0 Exception <a 'java/lang/NoSuchMethodError'{0x00000000ec03f668}: 'java.lang.Object java.lang.invoke.DirectMethodHandle$Holder.invokeStatic(java.lang.Object, java.lang.Object, long, java.lang.Object)'> (0x00000000ec03f668) 
thrown [s\src\hotspot\share\interpreter\linkResolver.cpp, line 759]
Event: 10.510 Thread 0x0000025d3807eab0 Exception <a 'java/lang/NoSuchMethodError'{0x00000000ec043100}: 'java.lang.Object java.lang.invoke.DirectMethodHandle$Holder.invokeStaticInit(java.lang.Object, java.lang.Object, long, java.lang.Object)'> (0x00000000ec043100) 
thrown [s\src\hotspot\share\interpreter\linkResolver.cpp, line 759]
Event: 10.511 Thread 0x0000025d3807eab0 Exception <a 'java/lang/NoSuchMethodError'{0x00000000ec049710}: 'java.lang.Object java.lang.invoke.DirectMethodHandle$Holder.newInvokeSpecial(java.lang.Object, java.lang.Object, long)'> (0x00000000ec049710) 
thrown [s\src\hotspot\share\interpreter\linkResolver.cpp, line 759]
Event: 10.512 Thread 0x0000025d3807eab0 Exception <a 'java/lang/NoSuchMethodError'{0x00000000ec04d150}: 'java.lang.Object java.lang.invoke.Invokers$Holder.linkToTargetMethod(java.lang.Object, long, java.lang.Object)'> (0x00000000ec04d150) 
thrown [s\src\hotspot\share\interpreter\linkResolver.cpp, line 759]
Event: 10.552 Thread 0x0000025d3807eab0 Exception <a 'java/lang/NoSuchMethodError'{0x00000000ec1e0368}: 'void java.lang.invoke.DirectMethodHandle$Holder.invokeStatic(java.lang.Object, java.lang.Object, java.lang.Object, java.lang.Object)'> (0x00000000ec1e0368) 
thrown [s\src\hotspot\share\interpreter\linkResolver.cpp, line 759]
Event: 10.718 Thread 0x0000025d3807eab0 Exception <a 'java/lang/NoSuchMethodError'{0x00000000eaef25d0}: 'void java.lang.invoke.DirectMethodHandle$Holder.invokeSpecial(java.lang.Object, java.lang.Object, java.lang.Object, java.lang.Object, java.lang.Object, java.lang.Object)'> (0x00000000eaef25d0) 
thrown [s\src\hotspot\share\interpreter\linkResolver.cpp, line 759]
Event: 10.719 Thread 0x0000025d3807eab0 Exception <a 'java/lang/IncompatibleClassChangeError'{0x00000000eaf10ac0}: Found class java.lang.Object, but interface was expected> (0x00000000eaf10ac0) 
thrown [s\src\hotspot\share\interpreter\linkResolver.cpp, line 826]
Event: 10.726 Thread 0x0000025d523188b0 Exception <a 'java/lang/NoSuchMethodError'{0x00000000eaf9a918}: 'java.lang.Object java.lang.invoke.DirectMethodHandle$Holder.invokeSpecialIFC(java.lang.Object, java.lang.Object, java.lang.Object, java.lang.Object)'> (0x00000000eaf9a918) 
thrown [s\src\hotspot\share\interpreter\linkResolver.cpp, line 759]
Event: 10.931 Thread 0x0000025d52316700 Exception <a 'java/io/FileNotFoundException'{0x00000000eb9f8608}> (0x00000000eb9f8608) 
thrown [s\src\hotspot\share\prims\jni.cpp, line 516]
Event: 10.976 Thread 0x0000025d52316700 Exception <a 'sun/nio/fs/WindowsException'{0x00000000ebc6b628}> (0x00000000ebc6b628) 
thrown [s\src\hotspot\share\prims\jni.cpp, line 516]
Event: 11.066 Thread 0x0000025d523188b0 Exception <a 'java/lang/NoSuchMethodError'{0x00000000ebf12028}: 'int java.lang.invoke.DirectMethodHandle$Holder.invokeSpecialIFC(java.lang.Object, java.lang.Object, java.lang.Object, java.lang.Object, java.lang.Object)'> (0x00000000ebf12028) 
thrown [s\src\hotspot\share\interpreter\linkResolver.cpp, line 759]

VM Operations (20 events):
Event: 10.189 Executing VM operation: HandshakeAllThreads
Event: 10.189 Executing VM operation: HandshakeAllThreads done
Event: 10.215 Executing VM operation: HandshakeAllThreads
Event: 10.215 Executing VM operation: HandshakeAllThreads done
Event: 10.349 Executing VM operation: HandshakeAllThreads
Event: 10.349 Executing VM operation: HandshakeAllThreads done
Event: 10.452 Executing VM operation: HandshakeAllThreads
Event: 10.452 Executing VM operation: HandshakeAllThreads done
Event: 10.564 Executing VM operation: ParallelGCFailedAllocation
Event: 10.566 Executing VM operation: ParallelGCFailedAllocation done
Event: 10.662 Executing VM operation: CollectForMetadataAllocation
Event: 10.687 Executing VM operation: CollectForMetadataAllocation done
Event: 10.697 Executing VM operation: HandshakeAllThreads
Event: 10.698 Executing VM operation: HandshakeAllThreads done
Event: 10.739 Executing VM operation: HandshakeAllThreads
Event: 10.739 Executing VM operation: HandshakeAllThreads done
Event: 10.911 Executing VM operation: HandshakeAllThreads
Event: 10.911 Executing VM operation: HandshakeAllThreads done
Event: 11.174 Executing VM operation: ParallelGCFailedAllocation
Event: 11.178 Executing VM operation: ParallelGCFailedAllocation done

Events (20 events):
Event: 11.037 loading class sun/reflect/annotation/TypeAnnotation$LocationInfo done
Event: 11.037 loading class sun/reflect/annotation/TypeAnnotation$LocationInfo$Location
Event: 11.037 loading class sun/reflect/annotation/TypeAnnotation$LocationInfo$Location done
Event: 11.037 loading class sun/reflect/annotation/AnnotatedTypeFactory
Event: 11.037 loading class sun/reflect/annotation/AnnotatedTypeFactory done
Event: 11.037 loading class sun/reflect/annotation/AnnotatedTypeFactory$AnnotatedTypeBaseImpl
Event: 11.038 loading class sun/reflect/annotation/AnnotatedTypeFactory$AnnotatedTypeBaseImpl done
Event: 11.038 loading class java/util/stream/Streams$ConcatSpliterator$OfRef
Event: 11.038 loading class java/util/stream/Streams$ConcatSpliterator
Event: 11.038 loading class java/util/stream/Streams$ConcatSpliterator done
Event: 11.038 loading class java/util/stream/Streams$ConcatSpliterator$OfRef done
Event: 11.038 loading class java/util/stream/Streams$2
Event: 11.038 loading class java/util/stream/Streams$2 done
Event: 11.075 loading class jdk/internal/math/FDBigInteger
Event: 11.076 loading class jdk/internal/math/FDBigInteger done
Event: 11.142 loading class java/util/stream/SortedOps$SizedRefSortingSink
Event: 11.142 loading class java/util/stream/SortedOps$SizedRefSortingSink done
Event: 11.193 loading class java/lang/annotation/ElementType
Event: 11.193 loading class java/lang/annotation/ElementType done
Event: 11.221 Thread 0x0000025d52317f10 Thread added: 0x0000025d52317f10


Dynamic libraries:
0x00007ff7404b0000 - 0x00007ff7404be000 	c:\Users\Finner\.vscode\extensions\redhat.java-1.20.0-win32-x64\jre\17.0.7-win32-x86_64\bin\java.exe
0x00007ff874d50000 - 0x00007ff874f48000 	C:\Windows\SYSTEM32\ntdll.dll
0x00007ff874bc0000 - 0x00007ff874c7f000 	C:\Windows\System32\KERNEL32.DLL
0x00007ff8724b0000 - 0x00007ff8727a6000 	C:\Windows\System32\KERNELBASE.dll
0x00007ff8729c0000 - 0x00007ff872ac0000 	C:\Windows\System32\ucrtbase.dll
0x00007ff81f990000 - 0x00007ff81f9a9000 	c:\Users\Finner\.vscode\extensions\redhat.java-1.20.0-win32-x64\jre\17.0.7-win32-x86_64\bin\VCRUNTIME140.dll
0x00007ff81fd80000 - 0x00007ff81fd97000 	c:\Users\Finner\.vscode\extensions\redhat.java-1.20.0-win32-x64\jre\17.0.7-win32-x86_64\bin\jli.dll
0x00007ff873870000 - 0x00007ff873a0d000 	C:\Windows\System32\USER32.dll
0x00007ff872430000 - 0x00007ff872452000 	C:\Windows\System32\win32u.dll
0x00007ff8582e0000 - 0x00007ff85857a000 	C:\Windows\WinSxS\amd64_microsoft.windows.common-controls_6595b64144ccf1df_6.0.19041.1110_none_60b5254171f9507e\COMCTL32.dll
0x00007ff873840000 - 0x00007ff87386c000 	C:\Windows\System32\GDI32.dll
0x00007ff874ab0000 - 0x00007ff874b4e000 	C:\Windows\System32\msvcrt.dll
0x00007ff872ac0000 - 0x00007ff872bd5000 	C:\Windows\System32\gdi32full.dll
0x00007ff872be0000 - 0x00007ff872c7d000 	C:\Windows\System32\msvcp_win.dll
0x00007ff873bf0000 - 0x00007ff873c20000 	C:\Windows\System32\IMM32.DLL
0x00007ff841e20000 - 0x00007ff841e2c000 	c:\Users\Finner\.vscode\extensions\redhat.java-1.20.0-win32-x64\jre\17.0.7-win32-x86_64\bin\vcruntime140_1.dll
0x00007ff81f210000 - 0x00007ff81f2a1000 	c:\Users\Finner\.vscode\extensions\redhat.java-1.20.0-win32-x64\jre\17.0.7-win32-x86_64\bin\msvcp140.dll
0x00007ff812670000 - 0x00007ff8132b8000 	c:\Users\Finner\.vscode\extensions\redhat.java-1.20.0-win32-x64\jre\17.0.7-win32-x86_64\bin\server\jvm.dll
0x00007ff873650000 - 0x00007ff8736ff000 	C:\Windows\System32\ADVAPI32.dll
0x00007ff873010000 - 0x00007ff8730ac000 	C:\Windows\System32\sechost.dll
0x00007ff873ac0000 - 0x00007ff873be6000 	C:\Windows\System32\RPCRT4.dll
0x00007ff849a40000 - 0x00007ff849a49000 	C:\Windows\SYSTEM32\WSOCK32.dll
0x00007ff860870000 - 0x00007ff860897000 	C:\Windows\SYSTEM32\WINMM.dll
0x00007ff874b50000 - 0x00007ff874bbb000 	C:\Windows\System32\WS2_32.dll
0x00007ff870270000 - 0x00007ff87027a000 	C:\Windows\SYSTEM32\VERSION.dll
0x00007ff870c70000 - 0x00007ff870c82000 	C:\Windows\SYSTEM32\kernel.appcore.dll
0x00007ff841090000 - 0x00007ff84109a000 	c:\Users\Finner\.vscode\extensions\redhat.java-1.20.0-win32-x64\jre\17.0.7-win32-x86_64\bin\jimage.dll
0x00007ff86f8f0000 - 0x00007ff86fad4000 	C:\Windows\SYSTEM32\DBGHELP.DLL
0x00007ff85e360000 - 0x00007ff85e394000 	C:\Windows\SYSTEM32\dbgcore.DLL
0x00007ff872cb0000 - 0x00007ff872d32000 	C:\Windows\System32\bcryptPrimitives.dll
0x00007ff86dc50000 - 0x00007ff86dc5e000 	c:\Users\Finner\.vscode\extensions\redhat.java-1.20.0-win32-x64\jre\17.0.7-win32-x86_64\bin\instrument.dll
0x00007ff81f370000 - 0x00007ff81f395000 	c:\Users\Finner\.vscode\extensions\redhat.java-1.20.0-win32-x64\jre\17.0.7-win32-x86_64\bin\java.dll
0x00007ff8175e0000 - 0x00007ff8175f8000 	c:\Users\Finner\.vscode\extensions\redhat.java-1.20.0-win32-x64\jre\17.0.7-win32-x86_64\bin\zip.dll
0x00007ff873fa0000 - 0x00007ff8746e4000 	C:\Windows\System32\SHELL32.dll
0x00007ff8704c0000 - 0x00007ff870c53000 	C:\Windows\SYSTEM32\windows.storage.dll
0x00007ff874750000 - 0x00007ff874aa4000 	C:\Windows\System32\combase.dll
0x00007ff871e80000 - 0x00007ff871eae000 	C:\Windows\SYSTEM32\Wldp.dll
0x00007ff873a10000 - 0x00007ff873abd000 	C:\Windows\System32\SHCORE.dll
0x00007ff874cb0000 - 0x00007ff874d05000 	C:\Windows\System32\shlwapi.dll
0x00007ff872370000 - 0x00007ff87238f000 	C:\Windows\SYSTEM32\profapi.dll
0x00007ff8175c0000 - 0x00007ff8175d9000 	C:\Users\Finner\.vscode\extensions\redhat.java-1.20.0-win32-x64\jre\17.0.7-win32-x86_64\bin\net.dll
0x00007ff86a180000 - 0x00007ff86a28a000 	C:\Windows\SYSTEM32\WINHTTP.dll
0x00007ff871be0000 - 0x00007ff871c4a000 	C:\Windows\system32\mswsock.dll
0x00007ff8175a0000 - 0x00007ff8175b5000 	C:\Users\Finner\.vscode\extensions\redhat.java-1.20.0-win32-x64\jre\17.0.7-win32-x86_64\bin\nio.dll
0x00007ff83f9c0000 - 0x00007ff83f9d0000 	c:\Users\Finner\.vscode\extensions\redhat.java-1.20.0-win32-x64\jre\17.0.7-win32-x86_64\bin\verify.dll
0x00007ff843400000 - 0x00007ff84343e000 	C:\Users\Finner\AppData\Roaming\Code\User\globalStorage\redhat.java\1.20.0\config_win\org.eclipse.equinox.launcher\org.eclipse.equinox.launcher.win32.win32.x86_64_1.2.700.v20221108-1024\eclipse_11801.dll
0x00007ff873e70000 - 0x00007ff873f9a000 	C:\Windows\System32\ole32.dll
0x00007ff871dd0000 - 0x00007ff871de8000 	C:\Windows\SYSTEM32\CRYPTSP.dll
0x00007ff871490000 - 0x00007ff8714c4000 	C:\Windows\system32\rsaenh.dll
0x00007ff872c80000 - 0x00007ff872ca7000 	C:\Windows\System32\bcrypt.dll
0x00007ff872330000 - 0x00007ff87235e000 	C:\Windows\SYSTEM32\USERENV.dll
0x00007ff871df0000 - 0x00007ff871dfc000 	C:\Windows\SYSTEM32\CRYPTBASE.dll
0x00007ff871880000 - 0x00007ff8718bc000 	C:\Windows\SYSTEM32\IPHLPAPI.DLL
0x00007ff873c20000 - 0x00007ff873c28000 	C:\Windows\System32\NSI.dll
0x00007ff86b540000 - 0x00007ff86b557000 	C:\Windows\SYSTEM32\dhcpcsvc6.DLL
0x00007ff86b850000 - 0x00007ff86b86d000 	C:\Windows\SYSTEM32\dhcpcsvc.DLL
0x00007ff8718d0000 - 0x00007ff87199a000 	C:\Windows\SYSTEM32\DNSAPI.dll
0x00007ff83e490000 - 0x00007ff83e4d5000 	C:\Windows\Temp\jna-2104396240\jna7783159610803332680.dll
0x00007ff874c80000 - 0x00007ff874c88000 	C:\Windows\System32\PSAPI.DLL

dbghelp: loaded successfully - version: 4.0.5 - missing functions: none
symbol engine: initialized successfully - sym options: 0x614 - pdb path: .;c:\Users\Finner\.vscode\extensions\redhat.java-1.20.0-win32-x64\jre\17.0.7-win32-x86_64\bin;C:\Windows\SYSTEM32;C:\Windows\WinSxS\amd64_microsoft.windows.common-controls_6595b64144ccf1df_6.0.19041.1110_none_60b5254171f9507e;c:\Users\Finner\.vscode\extensions\redhat.java-1.20.0-win32-x64\jre\17.0.7-win32-x86_64\bin\server;C:\Users\Finner\AppData\Roaming\Code\User\globalStorage\redhat.java\1.20.0\config_win\org.eclipse.equinox.launcher\org.eclipse.equinox.launcher.win32.win32.x86_64_1.2.700.v20221108-1024;C:\Windows\Temp\jna-2104396240

VM Arguments:
jvm_args: --add-modules=ALL-SYSTEM --add-opens=java.base/java.util=ALL-UNNAMED --add-opens=java.base/java.lang=ALL-UNNAMED --add-opens=java.base/sun.nio.fs=ALL-UNNAMED -Declipse.application=org.eclipse.jdt.ls.core.id1 -Dosgi.bundles.defaultStartLevel=4 -Declipse.product=org.eclipse.jdt.ls.core.product -Djava.import.generatesMetadataFilesAtProjectRoot=false -Dfile.encoding=utf8 -XX:+UseParallelGC -XX:GCTimeRatio=4 -XX:AdaptiveSizePolicyWeight=90 -Dsun.zip.disableMemoryMapping=true -Xmx1G -Xms100m -Xlog:disable -javaagent:c:\Users\Finner\.vscode\extensions\redhat.java-1.20.0-win32-x64\lombok\lombok-1.18.28.jar -XX:+HeapDumpOnOutOfMemoryError -XX:HeapDumpPath=c:\Users\Finner\AppData\Roaming\Code\User\workspaceStorage\871a5784b85397140abcb29d54c8b749\redhat.java -Daether.dependencyCollector.impl=bf 
java_command: c:\Users\Finner\.vscode\extensions\redhat.java-1.20.0-win32-x64\server\plugins\org.eclipse.equinox.launcher_1.6.500.v20230622-2056.jar -configuration c:\Users\Finner\AppData\Roaming\Code\User\globalStorage\redhat.java\1.20.0\config_win -data c:\Users\Finner\AppData\Roaming\Code\User\workspaceStorage\871a5784b85397140abcb29d54c8b749\redhat.java\jdt_ws
java_class_path (initial): c:\Users\Finner\.vscode\extensions\redhat.java-1.20.0-win32-x64\server\plugins\org.eclipse.equinox.launcher_1.6.500.v20230622-2056.jar
Launcher Type: SUN_STANDARD

[Global flags]
    uintx AdaptiveSizePolicyWeight                 = 90                                        {product} {command line}
     intx CICompilerCount                          = 4                                         {product} {ergonomic}
    uintx GCTimeRatio                              = 4                                         {product} {command line}
     bool HeapDumpOnOutOfMemoryError               = true                                   {manageable} {command line}
    ccstr HeapDumpPath                             = c:\Users\Finner\AppData\Roaming\Code\User\workspaceStorage\871a5784b85397140abcb29d54c8b749\redhat.java         {manageable} {command line}
   size_t InitialHeapSize                          = 104857600                                 {product} {command line}
   size_t MaxHeapSize                              = 1073741824                                {product} {command line}
   size_t MaxNewSize                               = 357564416                                 {product} {ergonomic}
   size_t MinHeapDeltaBytes                        = 524288                                    {product} {ergonomic}
   size_t MinHeapSize                              = 104857600                                 {product} {command line}
   size_t NewSize                                  = 34603008                                  {product} {ergonomic}
    uintx NonNMethodCodeHeapSize                   = 5839372                                {pd product} {ergonomic}
    uintx NonProfiledCodeHeapSize                  = 122909434                              {pd product} {ergonomic}
   size_t OldSize                                  = 70254592                                  {product} {ergonomic}
    uintx ProfiledCodeHeapSize                     = 122909434                              {pd product} {ergonomic}
    uintx ReservedCodeCacheSize                    = 251658240                              {pd product} {ergonomic}
     bool SegmentedCodeCache                       = true                                      {product} {ergonomic}
   size_t SoftMaxHeapSize                          = 1073741824                             {manageable} {ergonomic}
     bool UseCompressedClassPointers               = true                           {product lp64_product} {ergonomic}
     bool UseCompressedOops                        = true                           {product lp64_product} {ergonomic}
     bool UseLargePagesIndividualAllocation        = false                                  {pd product} {ergonomic}
     bool UseParallelGC                            = true                                      {product} {command line}

Logging:
Log output configuration:
 #0: stdout all=off uptime,level,tags
 #1: stderr all=off uptime,level,tags

Environment Variables:
JAVA_HOME=C:\Program Files\Microsoft\jdk-11.0.18.10-hotspot\
PATH=C:\Program Files (x86)\Common Files\Intel\Shared Libraries\redist\intel64\compiler;C:\Program Files\Microsoft\jdk-11.0.18.10-hotspot\bin;C:\Program Files (x86)\Intel\iCLS Client\;C:\Program Files\Intel\iCLS Client\;C:\Windows\system32;C:\Windows;C:\Windows\System32\Wbem;C:\Windows\System32\WindowsPowerShell\v1.0\;C:\Windows\System32\OpenSSH\;C:\Program Files (x86)\NVIDIA Corporation\PhysX\Common;C:\Program Files\NVIDIA Corporation\NVIDIA NvDLISR;C:\ProgramData\chocolatey\bin;C:\Program Files\Git\cmd;C:\Program Files\OpenJDK\openjdk-11.0.16_8\bin;c:\Program Files (x86)\Intel\Intel(R) Management Engine Components\DAL;c:\Program Files\Intel\Intel(R) Management Engine Components\DAL;c:\Program Files (x86)\Intel\Intel(R) Management Engine Components\IPT;c:\Program Files\Intel\Intel(R) Management Engine Components\IPT;C:\Program Files\PowerShell\7-preview\preview;C:\Program Files\nodejs\;C:\Users\Finner\.amplify\bin;C:\Users\Finner\AppData\Local\Microsoft\WindowsApps;C:\Users\Finner\AppData\Local\Android\Sdk\platform-tools;C:\Users\Finner\AppData\Local\Programs\oh-my-posh\bin;C:\Users\Finner\AppData\Local\Programs\Microsoft VS Code\bin;C:\Users\Finner\AppData\Roaming\npm;C:\Program Files\nodejs;
USERNAME=Finner
OS=Windows_NT
PROCESSOR_IDENTIFIER=Intel64 Family 6 Model 158 Stepping 9, GenuineIntel
TMP=C:\Windows\TEMP
TEMP=C:\Users\Finner\AppData\Local\Temp



---------------  S Y S T E M  ---------------

OS:
 Windows 10 , 64 bit Build 19041 (10.0.19041.3031)
OS uptime: 3 days 19:56 hours

CPU: total 8 (initial active 8) (4 cores per cpu, 2 threads per core) family 6 model 158 stepping 9 microcode 0xb4, cx8, cmov, fxsr, ht, mmx, 3dnowpref, sse, sse2, sse3, ssse3, sse4.1, sse4.2, popcnt, lzcnt, tsc, tscinvbit, avx, avx2, aes, erms, clmul, bmi1, bmi2, adx, fma, vzeroupper, clflush, clflushopt

Memory: 4k page, system-wide physical 16276M (2541M free)
TotalPageFile size 19135M (AvailPageFile size 19M)
current process WorkingSet (physical memory assigned to process): 189M, peak: 199M
current process commit charge ("private bytes"): 290M, peak: 304M

vm_info: OpenJDK 64-Bit Server VM (17.0.7+7) for windows-amd64 JRE (17.0.7+7), built on Apr 18 2023 22:10:42 by "temurin" with MS VC++ 16.7 (VS2019)

END.
