#
# There is insufficient memory for the Java Runtime Environment to continue.
# Native memory allocation (malloc) failed to allocate 1217136 bytes for Chunk::new
# Possible reasons:
#   The system is out of physical RAM or swap space
#   The process is running with CompressedOops enabled, and the Java Heap may be blocking the growth of the native heap
# Possible solutions:
#   Reduce memory load on the system
#   Increase physical memory or swap space
#   Check if swap backing store is full
#   Decrease Java heap size (-Xmx/-Xms)
#   Decrease number of Java threads
#   Decrease Java thread stack sizes (-Xss)
#   Set larger code cache with -XX:ReservedCodeCacheSize=
#   JVM is running with Zero Based Compressed Oops mode in which the Java heap is
#     placed in the first 32GB address space. The Java Heap base address is the
#     maximum limit for the native heap growth. Please use -XX:HeapBaseMinAddress
#     to set the Java Heap base and to place the Java Heap above 32GB virtual address.
# This output file may be truncated or incomplete.
#
#  Out of Memory Error (./src/hotspot/share/memory/arena.cpp:197), pid=5684, tid=9920
#
# JRE version: OpenJDK Runtime Environment Microsoft-7208460 (11.0.18+10) (build 11.0.18+10-LTS)
# Java VM: OpenJDK 64-Bit Server VM Microsoft-7208460 (11.0.18+10-LTS, mixed mode, tiered, compressed oops, g1 gc, windows-amd64)
# No core dump will be written. Minidumps are not enabled by default on client versions of Windows
#

---------------  S U M M A R Y ------------

Command Line: org.jetbrains.kotlin.cli.jvm.K2JVMCompiler @D:\Mobile-Projects\Finner\node_modules\react-native-pager-view\android\build\20230706_746355922682357966.compiler.options

Host: Intel(R) Core(TM) i7-7700HQ CPU @ 2.80GHz, 8 cores, 15G,  Windows 10 , 64 bit Build 19041 (10.0.19041.3031)
Time: Thu Jul  6 14:22:29 2023 SE Asia Standard Time elapsed time: 4.236015 seconds (0d 0h 0m 4s)

---------------  T H R E A D  ---------------

Current thread (0x000001ae6c40d800):  JavaThread "C2 CompilerThread0" daemon [_thread_in_native, id=9920, stack(0x00000042f0800000,0x00000042f0900000)]


Current CompileTask:
C2:   4236 3322       4       jdk.internal.loader.ClassLoaders$AppClassLoader::defineOrCheckPackage (8 bytes)

Stack: [0x00000042f0800000,0x00000042f0900000]
Native frames: (J=compiled Java code, j=interpreted, Vv=VM code, C=native code)
V  [jvm.dll+0x62bf8a]
V  [jvm.dll+0x7b8fb9]
V  [jvm.dll+0x7ba6a8]
V  [jvm.dll+0x7bad83]
V  [jvm.dll+0x250248]
V  [jvm.dll+0xc260c]
V  [jvm.dll+0xc2bcc]
V  [jvm.dll+0x35e182]
V  [jvm.dll+0x19ebe9]
V  [jvm.dll+0x209495]
V  [jvm.dll+0x20850d]
V  [jvm.dll+0x18a4b1]
V  [jvm.dll+0x217eec]
V  [jvm.dll+0x21612b]
V  [jvm.dll+0x77bac0]
V  [jvm.dll+0x7749f4]
V  [jvm.dll+0x62adf5]
C  [ucrtbase.dll+0x21bb2]
C  [KERNEL32.DLL+0x17614]
C  [ntdll.dll+0x526f1]


---------------  P R O C E S S  ---------------

Threads class SMR info:
_java_thread_list=0x000001ae71b1c820, length=12, elements={
0x000001ae48695000, 0x000001ae6c3f3000, 0x000001ae6c3fc000, 0x000001ae6cd0b800,
0x000001ae6cd0e800, 0x000001ae6ccb7800, 0x000001ae6c40d800, 0x000001ae6cd11000,
0x000001ae6cd28800, 0x000001ae6cea9800, 0x000001ae6cd16000, 0x000001ae6cd13800
}

Java Threads: ( => current thread )
  0x000001ae48695000 JavaThread "main" [_thread_in_Java, id=16816, stack(0x00000042efc00000,0x00000042efd00000)]
  0x000001ae6c3f3000 JavaThread "Reference Handler" daemon [_thread_blocked, id=6296, stack(0x00000042f0300000,0x00000042f0400000)]
  0x000001ae6c3fc000 JavaThread "Finalizer" daemon [_thread_blocked, id=6192, stack(0x00000042f0400000,0x00000042f0500000)]
  0x000001ae6cd0b800 JavaThread "Signal Dispatcher" daemon [_thread_blocked, id=18072, stack(0x00000042f0500000,0x00000042f0600000)]
  0x000001ae6cd0e800 JavaThread "Attach Listener" daemon [_thread_blocked, id=14500, stack(0x00000042f0600000,0x00000042f0700000)]
  0x000001ae6ccb7800 JavaThread "Service Thread" daemon [_thread_blocked, id=18152, stack(0x00000042f0700000,0x00000042f0800000)]
=>0x000001ae6c40d800 JavaThread "C2 CompilerThread0" daemon [_thread_in_native, id=9920, stack(0x00000042f0800000,0x00000042f0900000)]
  0x000001ae6cd11000 JavaThread "C1 CompilerThread0" daemon [_thread_blocked, id=15408, stack(0x00000042f0900000,0x00000042f0a00000)]
  0x000001ae6cd28800 JavaThread "Sweeper thread" daemon [_thread_blocked, id=18524, stack(0x00000042f0a00000,0x00000042f0b00000)]
  0x000001ae6cea9800 JavaThread "Common-Cleaner" daemon [_thread_blocked, id=14416, stack(0x00000042f0c00000,0x00000042f0d00000)]
  0x000001ae6cd16000 JavaThread "C2 CompilerThread1" daemon [_thread_blocked, id=11904, stack(0x00000042f0d00000,0x00000042f0e00000)]
  0x000001ae6cd13800 JavaThread "C2 CompilerThread2" daemon [_thread_blocked, id=15208, stack(0x00000042f0e00000,0x00000042f0f00000)]

Other Threads:
  0x000001ae6c3ed000 VMThread "VM Thread" [stack: 0x00000042f0200000,0x00000042f0300000] [id=5004]
  0x000001ae6cea1000 WatcherThread [stack: 0x00000042f0b00000,0x00000042f0c00000] [id=2916]
  0x000001ae486ae800 GCTaskThread "GC Thread#0" [stack: 0x00000042efd00000,0x00000042efe00000] [id=16924]
  0x000001ae6d481800 GCTaskThread "GC Thread#1" [stack: 0x00000042f0f00000,0x00000042f1000000] [id=11108]
  0x000001ae6d18a800 GCTaskThread "GC Thread#2" [stack: 0x00000042f1000000,0x00000042f1100000] [id=9632]
  0x000001ae6d18b000 GCTaskThread "GC Thread#3" [stack: 0x00000042f1100000,0x00000042f1200000] [id=12380]
  0x000001ae6d7a2000 GCTaskThread "GC Thread#4" [stack: 0x00000042f1200000,0x00000042f1300000] [id=10896]
  0x000001ae6d7a3000 GCTaskThread "GC Thread#5" [stack: 0x00000042f1300000,0x00000042f1400000] [id=15424]
  0x000001ae4870a800 ConcurrentGCThread "G1 Main Marker" [stack: 0x00000042efe00000,0x00000042eff00000] [id=10352]
  0x000001ae4870c000 ConcurrentGCThread "G1 Conc#0" [stack: 0x00000042eff00000,0x00000042f0000000] [id=19244]
  0x000001ae6e753800 ConcurrentGCThread "G1 Conc#1" [stack: 0x00000042f1400000,0x00000042f1500000] [id=1992]
  0x000001ae6c2cd800 ConcurrentGCThread "G1 Refine#0" [stack: 0x00000042f0000000,0x00000042f0100000] [id=9916]
  0x000001ae70a64800 ConcurrentGCThread "G1 Refine#1" [stack: 0x00000042f1500000,0x00000042f1600000] [id=9292]
  0x000001ae7174a000 ConcurrentGCThread "G1 Refine#2" [stack: 0x00000042f1600000,0x00000042f1700000] [id=17064]
  0x000001ae6c2ce800 ConcurrentGCThread "G1 Young RemSet Sampling" [stack: 0x00000042f0100000,0x00000042f0200000] [id=11024]

Threads with active compile tasks:
C2 CompilerThread0     4259 3322       4       jdk.internal.loader.ClassLoaders$AppClassLoader::defineOrCheckPackage (8 bytes)

VM state:not at safepoint (normal execution)

VM Mutex/Monitor currently owned by a thread: None

Heap address: 0x0000000701a00000, size: 4070 MB, Compressed Oops mode: Zero based, Oop shift amount: 3
Narrow klass base: 0x0000000800000000, Narrow klass shift: 0
Compressed class space size: 1073741824 Address: 0x0000000800000000

Heap:
 garbage-first heap   total 262144K, used 81114K [0x0000000701a00000, 0x0000000800000000)
  region size 1024K, 60 young (61440K), 3 survivors (3072K)
 Metaspace       used 47516K, capacity 48058K, committed 48284K, reserved 1091584K
  class space    used 5591K, capacity 5814K, committed 5832K, reserved 1048576K
Heap Regions: E=young(eden), S=young(survivor), O=old, HS=humongous(starts), HC=humongous(continues), CS=collection set, F=free, A=archive, TAMS=top-at-mark-start (previous, next)
|   0|0x0000000701a00000, 0x0000000701b00000, 0x0000000701b00000|100%|HS|  |TAMS 0x0000000701b00000, 0x0000000701a00000| Complete 
|   1|0x0000000701b00000, 0x0000000701c00000, 0x0000000701c00000|100%|HC|  |TAMS 0x0000000701c00000, 0x0000000701b00000| Complete 
|   2|0x0000000701c00000, 0x0000000701d00000, 0x0000000701d00000|100%|HC|  |TAMS 0x0000000701d00000, 0x0000000701c00000| Complete 
|   3|0x0000000701d00000, 0x0000000701e00000, 0x0000000701e00000|100%| O|  |TAMS 0x0000000701e00000, 0x0000000701d00000| Untracked 
|   4|0x0000000701e00000, 0x0000000701f00000, 0x0000000701f00000|100%| O|  |TAMS 0x0000000701f00000, 0x0000000701e00000| Untracked 
|   5|0x0000000701f00000, 0x0000000702000000, 0x0000000702000000|100%|HS|  |TAMS 0x0000000702000000, 0x0000000701f00000| Complete 
|   6|0x0000000702000000, 0x0000000702100000, 0x0000000702100000|100%|HC|  |TAMS 0x0000000702100000, 0x0000000702000000| Complete 
|   7|0x0000000702100000, 0x0000000702200000, 0x0000000702200000|100%|HC|  |TAMS 0x0000000702200000, 0x0000000702100000| Complete 
|   8|0x0000000702200000, 0x0000000702300000, 0x0000000702300000|100%|HS|  |TAMS 0x0000000702200000, 0x0000000702200000| Complete 
|   9|0x0000000702300000, 0x0000000702400000, 0x0000000702400000|100%|HC|  |TAMS 0x0000000702300000, 0x0000000702300000| Complete 
|  10|0x0000000702400000, 0x0000000702500000, 0x0000000702500000|100%| O|  |TAMS 0x0000000702500000, 0x0000000702400000| Untracked 
|  11|0x0000000702500000, 0x0000000702600000, 0x0000000702600000|100%| O|  |TAMS 0x0000000702600000, 0x0000000702500000| Untracked 
|  12|0x0000000702600000, 0x0000000702700000, 0x0000000702700000|100%| O|  |TAMS 0x0000000702700000, 0x0000000702600000| Untracked 
|  13|0x0000000702700000, 0x0000000702800000, 0x0000000702800000|100%| O|  |TAMS 0x0000000702800000, 0x0000000702700000| Untracked 
|  14|0x0000000702800000, 0x0000000702900000, 0x0000000702900000|100%| O|  |TAMS 0x0000000702900000, 0x0000000702800000| Untracked 
|  15|0x0000000702900000, 0x0000000702a00000, 0x0000000702a00000|100%| O|  |TAMS 0x0000000702a00000, 0x0000000702900000| Untracked 
|  16|0x0000000702a00000, 0x0000000702b00000, 0x0000000702b00000|100%| O|  |TAMS 0x0000000702b00000, 0x0000000702a00000| Untracked 
|  17|0x0000000702b00000, 0x0000000702c00000, 0x0000000702c00000|100%| O|  |TAMS 0x0000000702c00000, 0x0000000702b00000| Untracked 
|  18|0x0000000702c00000, 0x0000000702d00000, 0x0000000702d00000|100%| O|  |TAMS 0x0000000702d00000, 0x0000000702c00000| Untracked 
|  19|0x0000000702d00000, 0x0000000702e00000, 0x0000000702e00000|100%| O|  |TAMS 0x0000000702e00000, 0x0000000702d00000| Untracked 
|  20|0x0000000702e00000, 0x0000000702e9d200, 0x0000000702f00000| 61%| O|  |TAMS 0x0000000702e9d200, 0x0000000702e00000| Untracked 
|  21|0x0000000702f00000, 0x0000000702f00000, 0x0000000703000000|  0%| F|  |TAMS 0x0000000702f00000, 0x0000000702f00000| Untracked 
|  22|0x0000000703000000, 0x0000000703000000, 0x0000000703100000|  0%| F|  |TAMS 0x0000000703000000, 0x0000000703000000| Untracked 
|  23|0x0000000703100000, 0x0000000703100000, 0x0000000703200000|  0%| F|  |TAMS 0x0000000703100000, 0x0000000703100000| Untracked 
|  24|0x0000000703200000, 0x0000000703200000, 0x0000000703300000|  0%| F|  |TAMS 0x0000000703200000, 0x0000000703200000| Untracked 
|  25|0x0000000703300000, 0x0000000703300000, 0x0000000703400000|  0%| F|  |TAMS 0x0000000703300000, 0x0000000703300000| Untracked 
|  26|0x0000000703400000, 0x0000000703400000, 0x0000000703500000|  0%| F|  |TAMS 0x0000000703400000, 0x0000000703400000| Untracked 
|  27|0x0000000703500000, 0x0000000703500000, 0x0000000703600000|  0%| F|  |TAMS 0x0000000703500000, 0x0000000703500000| Untracked 
|  28|0x0000000703600000, 0x0000000703600000, 0x0000000703700000|  0%| F|  |TAMS 0x0000000703600000, 0x0000000703600000| Untracked 
|  29|0x0000000703700000, 0x0000000703700000, 0x0000000703800000|  0%| F|  |TAMS 0x0000000703700000, 0x0000000703700000| Untracked 
|  30|0x0000000703800000, 0x0000000703800000, 0x0000000703900000|  0%| F|  |TAMS 0x0000000703800000, 0x0000000703800000| Untracked 
|  31|0x0000000703900000, 0x0000000703900000, 0x0000000703a00000|  0%| F|  |TAMS 0x0000000703900000, 0x0000000703900000| Untracked 
|  32|0x0000000703a00000, 0x0000000703a00000, 0x0000000703b00000|  0%| F|  |TAMS 0x0000000703a00000, 0x0000000703a00000| Untracked 
|  33|0x0000000703b00000, 0x0000000703b00000, 0x0000000703c00000|  0%| F|  |TAMS 0x0000000703b00000, 0x0000000703b00000| Untracked 
|  34|0x0000000703c00000, 0x0000000703c00000, 0x0000000703d00000|  0%| F|  |TAMS 0x0000000703c00000, 0x0000000703c00000| Untracked 
|  35|0x0000000703d00000, 0x0000000703d00000, 0x0000000703e00000|  0%| F|  |TAMS 0x0000000703d00000, 0x0000000703d00000| Untracked 
|  36|0x0000000703e00000, 0x0000000703e00000, 0x0000000703f00000|  0%| F|  |TAMS 0x0000000703e00000, 0x0000000703e00000| Untracked 
|  37|0x0000000703f00000, 0x0000000703f00000, 0x0000000704000000|  0%| F|  |TAMS 0x0000000703f00000, 0x0000000703f00000| Untracked 
|  38|0x0000000704000000, 0x0000000704000000, 0x0000000704100000|  0%| F|  |TAMS 0x0000000704000000, 0x0000000704000000| Untracked 
|  39|0x0000000704100000, 0x0000000704100000, 0x0000000704200000|  0%| F|  |TAMS 0x0000000704100000, 0x0000000704100000| Untracked 
|  40|0x0000000704200000, 0x0000000704200000, 0x0000000704300000|  0%| F|  |TAMS 0x0000000704200000, 0x0000000704200000| Untracked 
|  41|0x0000000704300000, 0x0000000704300000, 0x0000000704400000|  0%| F|  |TAMS 0x0000000704300000, 0x0000000704300000| Untracked 
|  42|0x0000000704400000, 0x0000000704400000, 0x0000000704500000|  0%| F|  |TAMS 0x0000000704400000, 0x0000000704400000| Untracked 
|  43|0x0000000704500000, 0x0000000704500000, 0x0000000704600000|  0%| F|  |TAMS 0x0000000704500000, 0x0000000704500000| Untracked 
|  44|0x0000000704600000, 0x0000000704600000, 0x0000000704700000|  0%| F|  |TAMS 0x0000000704600000, 0x0000000704600000| Untracked 
|  45|0x0000000704700000, 0x0000000704700000, 0x0000000704800000|  0%| F|  |TAMS 0x0000000704700000, 0x0000000704700000| Untracked 
|  46|0x0000000704800000, 0x0000000704800000, 0x0000000704900000|  0%| F|  |TAMS 0x0000000704800000, 0x0000000704800000| Untracked 
|  47|0x0000000704900000, 0x0000000704900000, 0x0000000704a00000|  0%| F|  |TAMS 0x0000000704900000, 0x0000000704900000| Untracked 
|  48|0x0000000704a00000, 0x0000000704a00000, 0x0000000704b00000|  0%| F|  |TAMS 0x0000000704a00000, 0x0000000704a00000| Untracked 
|  49|0x0000000704b00000, 0x0000000704b00000, 0x0000000704c00000|  0%| F|  |TAMS 0x0000000704b00000, 0x0000000704b00000| Untracked 
|  50|0x0000000704c00000, 0x0000000704c00000, 0x0000000704d00000|  0%| F|  |TAMS 0x0000000704c00000, 0x0000000704c00000| Untracked 
|  51|0x0000000704d00000, 0x0000000704d00000, 0x0000000704e00000|  0%| F|  |TAMS 0x0000000704d00000, 0x0000000704d00000| Untracked 
|  52|0x0000000704e00000, 0x0000000704e00000, 0x0000000704f00000|  0%| F|  |TAMS 0x0000000704e00000, 0x0000000704e00000| Untracked 
|  53|0x0000000704f00000, 0x0000000704f00000, 0x0000000705000000|  0%| F|  |TAMS 0x0000000704f00000, 0x0000000704f00000| Untracked 
|  54|0x0000000705000000, 0x0000000705000000, 0x0000000705100000|  0%| F|  |TAMS 0x0000000705000000, 0x0000000705000000| Untracked 
|  55|0x0000000705100000, 0x0000000705100000, 0x0000000705200000|  0%| F|  |TAMS 0x0000000705100000, 0x0000000705100000| Untracked 
|  56|0x0000000705200000, 0x0000000705200000, 0x0000000705300000|  0%| F|  |TAMS 0x0000000705200000, 0x0000000705200000| Untracked 
|  57|0x0000000705300000, 0x0000000705300000, 0x0000000705400000|  0%| F|  |TAMS 0x0000000705300000, 0x0000000705300000| Untracked 
|  58|0x0000000705400000, 0x0000000705400000, 0x0000000705500000|  0%| F|  |TAMS 0x0000000705400000, 0x0000000705400000| Untracked 
|  59|0x0000000705500000, 0x0000000705500000, 0x0000000705600000|  0%| F|  |TAMS 0x0000000705500000, 0x0000000705500000| Untracked 
|  60|0x0000000705600000, 0x0000000705600000, 0x0000000705700000|  0%| F|  |TAMS 0x0000000705600000, 0x0000000705600000| Untracked 
|  61|0x0000000705700000, 0x0000000705700000, 0x0000000705800000|  0%| F|  |TAMS 0x0000000705700000, 0x0000000705700000| Untracked 
|  62|0x0000000705800000, 0x0000000705800000, 0x0000000705900000|  0%| F|  |TAMS 0x0000000705800000, 0x0000000705800000| Untracked 
|  63|0x0000000705900000, 0x0000000705900000, 0x0000000705a00000|  0%| F|  |TAMS 0x0000000705900000, 0x0000000705900000| Untracked 
|  64|0x0000000705a00000, 0x0000000705a00000, 0x0000000705b00000|  0%| F|  |TAMS 0x0000000705a00000, 0x0000000705a00000| Untracked 
|  65|0x0000000705b00000, 0x0000000705b00000, 0x0000000705c00000|  0%| F|  |TAMS 0x0000000705b00000, 0x0000000705b00000| Untracked 
|  66|0x0000000705c00000, 0x0000000705c00000, 0x0000000705d00000|  0%| F|  |TAMS 0x0000000705c00000, 0x0000000705c00000| Untracked 
|  67|0x0000000705d00000, 0x0000000705d00000, 0x0000000705e00000|  0%| F|  |TAMS 0x0000000705d00000, 0x0000000705d00000| Untracked 
|  68|0x0000000705e00000, 0x0000000705e00000, 0x0000000705f00000|  0%| F|  |TAMS 0x0000000705e00000, 0x0000000705e00000| Untracked 
|  69|0x0000000705f00000, 0x0000000705f00000, 0x0000000706000000|  0%| F|  |TAMS 0x0000000705f00000, 0x0000000705f00000| Untracked 
|  70|0x0000000706000000, 0x0000000706000000, 0x0000000706100000|  0%| F|  |TAMS 0x0000000706000000, 0x0000000706000000| Untracked 
|  71|0x0000000706100000, 0x0000000706100000, 0x0000000706200000|  0%| F|  |TAMS 0x0000000706100000, 0x0000000706100000| Untracked 
|  72|0x0000000706200000, 0x0000000706200000, 0x0000000706300000|  0%| F|  |TAMS 0x0000000706200000, 0x0000000706200000| Untracked 
|  73|0x0000000706300000, 0x0000000706300000, 0x0000000706400000|  0%| F|  |TAMS 0x0000000706300000, 0x0000000706300000| Untracked 
|  74|0x0000000706400000, 0x0000000706400000, 0x0000000706500000|  0%| F|  |TAMS 0x0000000706400000, 0x0000000706400000| Untracked 
|  75|0x0000000706500000, 0x0000000706500000, 0x0000000706600000|  0%| F|  |TAMS 0x0000000706500000, 0x0000000706500000| Untracked 
|  76|0x0000000706600000, 0x0000000706600000, 0x0000000706700000|  0%| F|  |TAMS 0x0000000706600000, 0x0000000706600000| Untracked 
|  77|0x0000000706700000, 0x0000000706700000, 0x0000000706800000|  0%| F|  |TAMS 0x0000000706700000, 0x0000000706700000| Untracked 
|  78|0x0000000706800000, 0x0000000706800000, 0x0000000706900000|  0%| F|  |TAMS 0x0000000706800000, 0x0000000706800000| Untracked 
|  79|0x0000000706900000, 0x0000000706900000, 0x0000000706a00000|  0%| F|  |TAMS 0x0000000706900000, 0x0000000706900000| Untracked 
|  80|0x0000000706a00000, 0x0000000706a00000, 0x0000000706b00000|  0%| F|  |TAMS 0x0000000706a00000, 0x0000000706a00000| Untracked 
|  81|0x0000000706b00000, 0x0000000706b00000, 0x0000000706c00000|  0%| F|  |TAMS 0x0000000706b00000, 0x0000000706b00000| Untracked 
|  82|0x0000000706c00000, 0x0000000706c00000, 0x0000000706d00000|  0%| F|  |TAMS 0x0000000706c00000, 0x0000000706c00000| Untracked 
|  83|0x0000000706d00000, 0x0000000706d00000, 0x0000000706e00000|  0%| F|  |TAMS 0x0000000706d00000, 0x0000000706d00000| Untracked 
|  84|0x0000000706e00000, 0x0000000706e00000, 0x0000000706f00000|  0%| F|  |TAMS 0x0000000706e00000, 0x0000000706e00000| Untracked 
|  85|0x0000000706f00000, 0x0000000706f00000, 0x0000000707000000|  0%| F|  |TAMS 0x0000000706f00000, 0x0000000706f00000| Untracked 
|  86|0x0000000707000000, 0x0000000707000000, 0x0000000707100000|  0%| F|  |TAMS 0x0000000707000000, 0x0000000707000000| Untracked 
|  87|0x0000000707100000, 0x0000000707100000, 0x0000000707200000|  0%| F|  |TAMS 0x0000000707100000, 0x0000000707100000| Untracked 
|  88|0x0000000707200000, 0x0000000707200000, 0x0000000707300000|  0%| F|  |TAMS 0x0000000707200000, 0x0000000707200000| Untracked 
|  89|0x0000000707300000, 0x0000000707300000, 0x0000000707400000|  0%| F|  |TAMS 0x0000000707300000, 0x0000000707300000| Untracked 
|  90|0x0000000707400000, 0x0000000707400000, 0x0000000707500000|  0%| F|  |TAMS 0x0000000707400000, 0x0000000707400000| Untracked 
|  91|0x0000000707500000, 0x0000000707500000, 0x0000000707600000|  0%| F|  |TAMS 0x0000000707500000, 0x0000000707500000| Untracked 
|  92|0x0000000707600000, 0x0000000707600000, 0x0000000707700000|  0%| F|  |TAMS 0x0000000707600000, 0x0000000707600000| Untracked 
|  93|0x0000000707700000, 0x0000000707700000, 0x0000000707800000|  0%| F|  |TAMS 0x0000000707700000, 0x0000000707700000| Untracked 
|  94|0x0000000707800000, 0x0000000707800000, 0x0000000707900000|  0%| F|  |TAMS 0x0000000707800000, 0x0000000707800000| Untracked 
|  95|0x0000000707900000, 0x0000000707900000, 0x0000000707a00000|  0%| F|  |TAMS 0x0000000707900000, 0x0000000707900000| Untracked 
|  96|0x0000000707a00000, 0x0000000707a00000, 0x0000000707b00000|  0%| F|  |TAMS 0x0000000707a00000, 0x0000000707a00000| Untracked 
|  97|0x0000000707b00000, 0x0000000707b00000, 0x0000000707c00000|  0%| F|  |TAMS 0x0000000707b00000, 0x0000000707b00000| Untracked 
|  98|0x0000000707c00000, 0x0000000707c00000, 0x0000000707d00000|  0%| F|  |TAMS 0x0000000707c00000, 0x0000000707c00000| Untracked 
|  99|0x0000000707d00000, 0x0000000707d00000, 0x0000000707e00000|  0%| F|  |TAMS 0x0000000707d00000, 0x0000000707d00000| Untracked 
| 100|0x0000000707e00000, 0x0000000707e00000, 0x0000000707f00000|  0%| F|  |TAMS 0x0000000707e00000, 0x0000000707e00000| Untracked 
| 101|0x0000000707f00000, 0x0000000707f00000, 0x0000000708000000|  0%| F|  |TAMS 0x0000000707f00000, 0x0000000707f00000| Untracked 
| 102|0x0000000708000000, 0x0000000708000000, 0x0000000708100000|  0%| F|  |TAMS 0x0000000708000000, 0x0000000708000000| Untracked 
| 103|0x0000000708100000, 0x0000000708100000, 0x0000000708200000|  0%| F|  |TAMS 0x0000000708100000, 0x0000000708100000| Untracked 
| 104|0x0000000708200000, 0x0000000708200000, 0x0000000708300000|  0%| F|  |TAMS 0x0000000708200000, 0x0000000708200000| Untracked 
| 105|0x0000000708300000, 0x0000000708300000, 0x0000000708400000|  0%| F|  |TAMS 0x0000000708300000, 0x0000000708300000| Untracked 
| 106|0x0000000708400000, 0x0000000708400000, 0x0000000708500000|  0%| F|  |TAMS 0x0000000708400000, 0x0000000708400000| Untracked 
| 107|0x0000000708500000, 0x0000000708500000, 0x0000000708600000|  0%| F|  |TAMS 0x0000000708500000, 0x0000000708500000| Untracked 
| 108|0x0000000708600000, 0x0000000708600000, 0x0000000708700000|  0%| F|  |TAMS 0x0000000708600000, 0x0000000708600000| Untracked 
| 109|0x0000000708700000, 0x0000000708700000, 0x0000000708800000|  0%| F|  |TAMS 0x0000000708700000, 0x0000000708700000| Untracked 
| 110|0x0000000708800000, 0x0000000708800000, 0x0000000708900000|  0%| F|  |TAMS 0x0000000708800000, 0x0000000708800000| Untracked 
| 111|0x0000000708900000, 0x0000000708900000, 0x0000000708a00000|  0%| F|  |TAMS 0x0000000708900000, 0x0000000708900000| Untracked 
| 112|0x0000000708a00000, 0x0000000708a00000, 0x0000000708b00000|  0%| F|  |TAMS 0x0000000708a00000, 0x0000000708a00000| Untracked 
| 113|0x0000000708b00000, 0x0000000708b00000, 0x0000000708c00000|  0%| F|  |TAMS 0x0000000708b00000, 0x0000000708b00000| Untracked 
| 114|0x0000000708c00000, 0x0000000708c00000, 0x0000000708d00000|  0%| F|  |TAMS 0x0000000708c00000, 0x0000000708c00000| Untracked 
| 115|0x0000000708d00000, 0x0000000708d00000, 0x0000000708e00000|  0%| F|  |TAMS 0x0000000708d00000, 0x0000000708d00000| Untracked 
| 116|0x0000000708e00000, 0x0000000708e00000, 0x0000000708f00000|  0%| F|  |TAMS 0x0000000708e00000, 0x0000000708e00000| Untracked 
| 117|0x0000000708f00000, 0x0000000708f00000, 0x0000000709000000|  0%| F|  |TAMS 0x0000000708f00000, 0x0000000708f00000| Untracked 
| 118|0x0000000709000000, 0x0000000709000000, 0x0000000709100000|  0%| F|  |TAMS 0x0000000709000000, 0x0000000709000000| Untracked 
| 119|0x0000000709100000, 0x0000000709100000, 0x0000000709200000|  0%| F|  |TAMS 0x0000000709100000, 0x0000000709100000| Untracked 
| 120|0x0000000709200000, 0x0000000709200000, 0x0000000709300000|  0%| F|  |TAMS 0x0000000709200000, 0x0000000709200000| Untracked 
| 121|0x0000000709300000, 0x0000000709300000, 0x0000000709400000|  0%| F|  |TAMS 0x0000000709300000, 0x0000000709300000| Untracked 
| 122|0x0000000709400000, 0x0000000709400000, 0x0000000709500000|  0%| F|  |TAMS 0x0000000709400000, 0x0000000709400000| Untracked 
| 123|0x0000000709500000, 0x0000000709500000, 0x0000000709600000|  0%| F|  |TAMS 0x0000000709500000, 0x0000000709500000| Untracked 
| 124|0x0000000709600000, 0x0000000709600000, 0x0000000709700000|  0%| F|  |TAMS 0x0000000709600000, 0x0000000709600000| Untracked 
| 125|0x0000000709700000, 0x0000000709700000, 0x0000000709800000|  0%| F|  |TAMS 0x0000000709700000, 0x0000000709700000| Untracked 
| 126|0x0000000709800000, 0x0000000709800000, 0x0000000709900000|  0%| F|  |TAMS 0x0000000709800000, 0x0000000709800000| Untracked 
| 127|0x0000000709900000, 0x0000000709900000, 0x0000000709a00000|  0%| F|  |TAMS 0x0000000709900000, 0x0000000709900000| Untracked 
| 128|0x0000000709a00000, 0x0000000709a00000, 0x0000000709b00000|  0%| F|  |TAMS 0x0000000709a00000, 0x0000000709a00000| Untracked 
| 129|0x0000000709b00000, 0x0000000709b00000, 0x0000000709c00000|  0%| F|  |TAMS 0x0000000709b00000, 0x0000000709b00000| Untracked 
| 130|0x0000000709c00000, 0x0000000709c00000, 0x0000000709d00000|  0%| F|  |TAMS 0x0000000709c00000, 0x0000000709c00000| Untracked 
| 131|0x0000000709d00000, 0x0000000709d00000, 0x0000000709e00000|  0%| F|  |TAMS 0x0000000709d00000, 0x0000000709d00000| Untracked 
| 132|0x0000000709e00000, 0x0000000709e00000, 0x0000000709f00000|  0%| F|  |TAMS 0x0000000709e00000, 0x0000000709e00000| Untracked 
| 133|0x0000000709f00000, 0x0000000709f00000, 0x000000070a000000|  0%| F|  |TAMS 0x0000000709f00000, 0x0000000709f00000| Untracked 
| 134|0x000000070a000000, 0x000000070a000000, 0x000000070a100000|  0%| F|  |TAMS 0x000000070a000000, 0x000000070a000000| Untracked 
| 135|0x000000070a100000, 0x000000070a100000, 0x000000070a200000|  0%| F|  |TAMS 0x000000070a100000, 0x000000070a100000| Untracked 
| 136|0x000000070a200000, 0x000000070a200000, 0x000000070a300000|  0%| F|  |TAMS 0x000000070a200000, 0x000000070a200000| Untracked 
| 137|0x000000070a300000, 0x000000070a300000, 0x000000070a400000|  0%| F|  |TAMS 0x000000070a300000, 0x000000070a300000| Untracked 
| 138|0x000000070a400000, 0x000000070a400000, 0x000000070a500000|  0%| F|  |TAMS 0x000000070a400000, 0x000000070a400000| Untracked 
| 139|0x000000070a500000, 0x000000070a500000, 0x000000070a600000|  0%| F|  |TAMS 0x000000070a500000, 0x000000070a500000| Untracked 
| 140|0x000000070a600000, 0x000000070a600000, 0x000000070a700000|  0%| F|  |TAMS 0x000000070a600000, 0x000000070a600000| Untracked 
| 141|0x000000070a700000, 0x000000070a700000, 0x000000070a800000|  0%| F|  |TAMS 0x000000070a700000, 0x000000070a700000| Untracked 
| 142|0x000000070a800000, 0x000000070a800000, 0x000000070a900000|  0%| F|  |TAMS 0x000000070a800000, 0x000000070a800000| Untracked 
| 143|0x000000070a900000, 0x000000070a900000, 0x000000070aa00000|  0%| F|  |TAMS 0x000000070a900000, 0x000000070a900000| Untracked 
| 144|0x000000070aa00000, 0x000000070aa00000, 0x000000070ab00000|  0%| F|  |TAMS 0x000000070aa00000, 0x000000070aa00000| Untracked 
| 145|0x000000070ab00000, 0x000000070ab00000, 0x000000070ac00000|  0%| F|  |TAMS 0x000000070ab00000, 0x000000070ab00000| Untracked 
| 146|0x000000070ac00000, 0x000000070ac00000, 0x000000070ad00000|  0%| F|  |TAMS 0x000000070ac00000, 0x000000070ac00000| Untracked 
| 147|0x000000070ad00000, 0x000000070ad00000, 0x000000070ae00000|  0%| F|  |TAMS 0x000000070ad00000, 0x000000070ad00000| Untracked 
| 148|0x000000070ae00000, 0x000000070ae00000, 0x000000070af00000|  0%| F|  |TAMS 0x000000070ae00000, 0x000000070ae00000| Untracked 
| 149|0x000000070af00000, 0x000000070af00000, 0x000000070b000000|  0%| F|  |TAMS 0x000000070af00000, 0x000000070af00000| Untracked 
| 150|0x000000070b000000, 0x000000070b000000, 0x000000070b100000|  0%| F|  |TAMS 0x000000070b000000, 0x000000070b000000| Untracked 
| 151|0x000000070b100000, 0x000000070b100000, 0x000000070b200000|  0%| F|  |TAMS 0x000000070b100000, 0x000000070b100000| Untracked 
| 152|0x000000070b200000, 0x000000070b200000, 0x000000070b300000|  0%| F|  |TAMS 0x000000070b200000, 0x000000070b200000| Untracked 
| 153|0x000000070b300000, 0x000000070b300000, 0x000000070b400000|  0%| F|  |TAMS 0x000000070b300000, 0x000000070b300000| Untracked 
| 154|0x000000070b400000, 0x000000070b400000, 0x000000070b500000|  0%| F|  |TAMS 0x000000070b400000, 0x000000070b400000| Untracked 
| 155|0x000000070b500000, 0x000000070b500000, 0x000000070b600000|  0%| F|  |TAMS 0x000000070b500000, 0x000000070b500000| Untracked 
| 156|0x000000070b600000, 0x000000070b600000, 0x000000070b700000|  0%| F|  |TAMS 0x000000070b600000, 0x000000070b600000| Untracked 
| 157|0x000000070b700000, 0x000000070b700000, 0x000000070b800000|  0%| F|  |TAMS 0x000000070b700000, 0x000000070b700000| Untracked 
| 158|0x000000070b800000, 0x000000070b800000, 0x000000070b900000|  0%| F|  |TAMS 0x000000070b800000, 0x000000070b800000| Untracked 
| 159|0x000000070b900000, 0x000000070b900000, 0x000000070ba00000|  0%| F|  |TAMS 0x000000070b900000, 0x000000070b900000| Untracked 
| 160|0x000000070ba00000, 0x000000070ba00000, 0x000000070bb00000|  0%| F|  |TAMS 0x000000070ba00000, 0x000000070ba00000| Untracked 
| 161|0x000000070bb00000, 0x000000070bb00000, 0x000000070bc00000|  0%| F|  |TAMS 0x000000070bb00000, 0x000000070bb00000| Untracked 
| 162|0x000000070bc00000, 0x000000070bc00000, 0x000000070bd00000|  0%| F|  |TAMS 0x000000070bc00000, 0x000000070bc00000| Untracked 
| 163|0x000000070bd00000, 0x000000070bd00000, 0x000000070be00000|  0%| F|  |TAMS 0x000000070bd00000, 0x000000070bd00000| Untracked 
| 164|0x000000070be00000, 0x000000070be00000, 0x000000070bf00000|  0%| F|  |TAMS 0x000000070be00000, 0x000000070be00000| Untracked 
| 165|0x000000070bf00000, 0x000000070bf00000, 0x000000070c000000|  0%| F|  |TAMS 0x000000070bf00000, 0x000000070bf00000| Untracked 
| 166|0x000000070c000000, 0x000000070c000000, 0x000000070c100000|  0%| F|  |TAMS 0x000000070c000000, 0x000000070c000000| Untracked 
| 167|0x000000070c100000, 0x000000070c100000, 0x000000070c200000|  0%| F|  |TAMS 0x000000070c100000, 0x000000070c100000| Untracked 
| 168|0x000000070c200000, 0x000000070c200000, 0x000000070c300000|  0%| F|  |TAMS 0x000000070c200000, 0x000000070c200000| Untracked 
| 169|0x000000070c300000, 0x000000070c300000, 0x000000070c400000|  0%| F|  |TAMS 0x000000070c300000, 0x000000070c300000| Untracked 
| 170|0x000000070c400000, 0x000000070c400000, 0x000000070c500000|  0%| F|  |TAMS 0x000000070c400000, 0x000000070c400000| Untracked 
| 171|0x000000070c500000, 0x000000070c500000, 0x000000070c600000|  0%| F|  |TAMS 0x000000070c500000, 0x000000070c500000| Untracked 
| 172|0x000000070c600000, 0x000000070c600000, 0x000000070c700000|  0%| F|  |TAMS 0x000000070c600000, 0x000000070c600000| Untracked 
| 173|0x000000070c700000, 0x000000070c700000, 0x000000070c800000|  0%| F|  |TAMS 0x000000070c700000, 0x000000070c700000| Untracked 
| 174|0x000000070c800000, 0x000000070c800000, 0x000000070c900000|  0%| F|  |TAMS 0x000000070c800000, 0x000000070c800000| Untracked 
| 175|0x000000070c900000, 0x000000070c900000, 0x000000070ca00000|  0%| F|  |TAMS 0x000000070c900000, 0x000000070c900000| Untracked 
| 176|0x000000070ca00000, 0x000000070ca00000, 0x000000070cb00000|  0%| F|  |TAMS 0x000000070ca00000, 0x000000070ca00000| Untracked 
| 177|0x000000070cb00000, 0x000000070cb00000, 0x000000070cc00000|  0%| F|  |TAMS 0x000000070cb00000, 0x000000070cb00000| Untracked 
| 178|0x000000070cc00000, 0x000000070cc00000, 0x000000070cd00000|  0%| F|  |TAMS 0x000000070cc00000, 0x000000070cc00000| Untracked 
| 179|0x000000070cd00000, 0x000000070cd00000, 0x000000070ce00000|  0%| F|  |TAMS 0x000000070cd00000, 0x000000070cd00000| Untracked 
| 180|0x000000070ce00000, 0x000000070ce00000, 0x000000070cf00000|  0%| F|  |TAMS 0x000000070ce00000, 0x000000070ce00000| Untracked 
| 181|0x000000070cf00000, 0x000000070cf00000, 0x000000070d000000|  0%| F|  |TAMS 0x000000070cf00000, 0x000000070cf00000| Untracked 
| 182|0x000000070d000000, 0x000000070d000000, 0x000000070d100000|  0%| F|  |TAMS 0x000000070d000000, 0x000000070d000000| Untracked 
| 183|0x000000070d100000, 0x000000070d100000, 0x000000070d200000|  0%| F|  |TAMS 0x000000070d100000, 0x000000070d100000| Untracked 
| 184|0x000000070d200000, 0x000000070d200000, 0x000000070d300000|  0%| F|  |TAMS 0x000000070d200000, 0x000000070d200000| Untracked 
| 185|0x000000070d300000, 0x000000070d300000, 0x000000070d400000|  0%| F|  |TAMS 0x000000070d300000, 0x000000070d300000| Untracked 
| 186|0x000000070d400000, 0x000000070d400000, 0x000000070d500000|  0%| F|  |TAMS 0x000000070d400000, 0x000000070d400000| Untracked 
| 187|0x000000070d500000, 0x000000070d500000, 0x000000070d600000|  0%| F|  |TAMS 0x000000070d500000, 0x000000070d500000| Untracked 
| 188|0x000000070d600000, 0x000000070d600000, 0x000000070d700000|  0%| F|  |TAMS 0x000000070d600000, 0x000000070d600000| Untracked 
| 189|0x000000070d700000, 0x000000070d700000, 0x000000070d800000|  0%| F|  |TAMS 0x000000070d700000, 0x000000070d700000| Untracked 
| 190|0x000000070d800000, 0x000000070d800000, 0x000000070d900000|  0%| F|  |TAMS 0x000000070d800000, 0x000000070d800000| Untracked 
| 191|0x000000070d900000, 0x000000070d900000, 0x000000070da00000|  0%| F|  |TAMS 0x000000070d900000, 0x000000070d900000| Untracked 
| 192|0x000000070da00000, 0x000000070da00000, 0x000000070db00000|  0%| F|  |TAMS 0x000000070da00000, 0x000000070da00000| Untracked 
| 193|0x000000070db00000, 0x000000070db00000, 0x000000070dc00000|  0%| F|  |TAMS 0x000000070db00000, 0x000000070db00000| Untracked 
| 194|0x000000070dc00000, 0x000000070dc00000, 0x000000070dd00000|  0%| F|  |TAMS 0x000000070dc00000, 0x000000070dc00000| Untracked 
| 195|0x000000070dd00000, 0x000000070dd00000, 0x000000070de00000|  0%| F|  |TAMS 0x000000070dd00000, 0x000000070dd00000| Untracked 
| 196|0x000000070de00000, 0x000000070df00000, 0x000000070df00000|100%| E|  |TAMS 0x000000070de00000, 0x000000070de00000| Complete 
| 197|0x000000070df00000, 0x000000070e000000, 0x000000070e000000|100%| E|CS|TAMS 0x000000070df00000, 0x000000070df00000| Complete 
| 198|0x000000070e000000, 0x000000070e100000, 0x000000070e100000|100%| E|CS|TAMS 0x000000070e000000, 0x000000070e000000| Complete 
| 199|0x000000070e100000, 0x000000070e200000, 0x000000070e200000|100%| E|CS|TAMS 0x000000070e100000, 0x000000070e100000| Complete 
| 200|0x000000070e200000, 0x000000070e300000, 0x000000070e300000|100%| E|CS|TAMS 0x000000070e200000, 0x000000070e200000| Complete 
| 201|0x000000070e300000, 0x000000070e400000, 0x000000070e400000|100%| E|CS|TAMS 0x000000070e300000, 0x000000070e300000| Complete 
| 202|0x000000070e400000, 0x000000070e500000, 0x000000070e500000|100%| E|CS|TAMS 0x000000070e400000, 0x000000070e400000| Complete 
| 203|0x000000070e500000, 0x000000070e600000, 0x000000070e600000|100%| E|CS|TAMS 0x000000070e500000, 0x000000070e500000| Complete 
| 204|0x000000070e600000, 0x000000070e700000, 0x000000070e700000|100%| E|CS|TAMS 0x000000070e600000, 0x000000070e600000| Complete 
| 205|0x000000070e700000, 0x000000070e800000, 0x000000070e800000|100%| E|CS|TAMS 0x000000070e700000, 0x000000070e700000| Complete 
| 206|0x000000070e800000, 0x000000070e900000, 0x000000070e900000|100%| E|CS|TAMS 0x000000070e800000, 0x000000070e800000| Complete 
| 207|0x000000070e900000, 0x000000070ea00000, 0x000000070ea00000|100%| E|CS|TAMS 0x000000070e900000, 0x000000070e900000| Complete 
| 208|0x000000070ea00000, 0x000000070eb00000, 0x000000070eb00000|100%| E|CS|TAMS 0x000000070ea00000, 0x000000070ea00000| Complete 
| 209|0x000000070eb00000, 0x000000070ec00000, 0x000000070ec00000|100%| E|CS|TAMS 0x000000070eb00000, 0x000000070eb00000| Complete 
| 210|0x000000070ec00000, 0x000000070ed00000, 0x000000070ed00000|100%| E|CS|TAMS 0x000000070ec00000, 0x000000070ec00000| Complete 
| 211|0x000000070ed00000, 0x000000070ee00000, 0x000000070ee00000|100%| E|CS|TAMS 0x000000070ed00000, 0x000000070ed00000| Complete 
| 212|0x000000070ee00000, 0x000000070ef00000, 0x000000070ef00000|100%| E|CS|TAMS 0x000000070ee00000, 0x000000070ee00000| Complete 
| 213|0x000000070ef00000, 0x000000070f000000, 0x000000070f000000|100%| E|CS|TAMS 0x000000070ef00000, 0x000000070ef00000| Complete 
| 214|0x000000070f000000, 0x000000070f100000, 0x000000070f100000|100%| E|CS|TAMS 0x000000070f000000, 0x000000070f000000| Complete 
| 215|0x000000070f100000, 0x000000070f200000, 0x000000070f200000|100%| E|CS|TAMS 0x000000070f100000, 0x000000070f100000| Complete 
| 216|0x000000070f200000, 0x000000070f300000, 0x000000070f300000|100%| E|CS|TAMS 0x000000070f200000, 0x000000070f200000| Complete 
| 217|0x000000070f300000, 0x000000070f400000, 0x000000070f400000|100%| E|CS|TAMS 0x000000070f300000, 0x000000070f300000| Complete 
| 218|0x000000070f400000, 0x000000070f500000, 0x000000070f500000|100%| E|CS|TAMS 0x000000070f400000, 0x000000070f400000| Complete 
| 219|0x000000070f500000, 0x000000070f600000, 0x000000070f600000|100%| E|CS|TAMS 0x000000070f500000, 0x000000070f500000| Complete 
| 220|0x000000070f600000, 0x000000070f700000, 0x000000070f700000|100%| E|CS|TAMS 0x000000070f600000, 0x000000070f600000| Complete 
| 221|0x000000070f700000, 0x000000070f800000, 0x000000070f800000|100%| E|CS|TAMS 0x000000070f700000, 0x000000070f700000| Complete 
| 222|0x000000070f800000, 0x000000070f900000, 0x000000070f900000|100%| E|CS|TAMS 0x000000070f800000, 0x000000070f800000| Complete 
| 223|0x000000070f900000, 0x000000070fa00000, 0x000000070fa00000|100%| E|CS|TAMS 0x000000070f900000, 0x000000070f900000| Complete 
| 224|0x000000070fa00000, 0x000000070fb00000, 0x000000070fb00000|100%| E|CS|TAMS 0x000000070fa00000, 0x000000070fa00000| Complete 
| 225|0x000000070fb00000, 0x000000070fc00000, 0x000000070fc00000|100%| E|CS|TAMS 0x000000070fb00000, 0x000000070fb00000| Complete 
| 226|0x000000070fc00000, 0x000000070fd00000, 0x000000070fd00000|100%| E|CS|TAMS 0x000000070fc00000, 0x000000070fc00000| Complete 
| 227|0x000000070fd00000, 0x000000070fe00000, 0x000000070fe00000|100%| E|CS|TAMS 0x000000070fd00000, 0x000000070fd00000| Complete 
| 228|0x000000070fe00000, 0x000000070ff00000, 0x000000070ff00000|100%| E|CS|TAMS 0x000000070fe00000, 0x000000070fe00000| Complete 
| 229|0x000000070ff00000, 0x0000000710000000, 0x0000000710000000|100%| E|CS|TAMS 0x000000070ff00000, 0x000000070ff00000| Complete 
| 230|0x0000000710000000, 0x0000000710100000, 0x0000000710100000|100%| E|CS|TAMS 0x0000000710000000, 0x0000000710000000| Complete 
| 231|0x0000000710100000, 0x0000000710200000, 0x0000000710200000|100%| E|CS|TAMS 0x0000000710100000, 0x0000000710100000| Complete 
| 232|0x0000000710200000, 0x0000000710300000, 0x0000000710300000|100%| E|CS|TAMS 0x0000000710200000, 0x0000000710200000| Complete 
| 233|0x0000000710300000, 0x0000000710400000, 0x0000000710400000|100%| E|CS|TAMS 0x0000000710300000, 0x0000000710300000| Complete 
| 234|0x0000000710400000, 0x0000000710500000, 0x0000000710500000|100%| E|CS|TAMS 0x0000000710400000, 0x0000000710400000| Complete 
| 235|0x0000000710500000, 0x0000000710600000, 0x0000000710600000|100%| E|CS|TAMS 0x0000000710500000, 0x0000000710500000| Complete 
| 236|0x0000000710600000, 0x0000000710700000, 0x0000000710700000|100%| E|CS|TAMS 0x0000000710600000, 0x0000000710600000| Complete 
| 237|0x0000000710700000, 0x0000000710800000, 0x0000000710800000|100%| E|CS|TAMS 0x0000000710700000, 0x0000000710700000| Complete 
| 238|0x0000000710800000, 0x0000000710900000, 0x0000000710900000|100%| E|CS|TAMS 0x0000000710800000, 0x0000000710800000| Complete 
| 239|0x0000000710900000, 0x0000000710999918, 0x0000000710a00000| 59%| S|CS|TAMS 0x0000000710900000, 0x0000000710900000| Complete 
| 240|0x0000000710a00000, 0x0000000710b00000, 0x0000000710b00000|100%| S|CS|TAMS 0x0000000710a00000, 0x0000000710a00000| Complete 
| 241|0x0000000710b00000, 0x0000000710c00000, 0x0000000710c00000|100%| S|CS|TAMS 0x0000000710b00000, 0x0000000710b00000| Complete 
| 242|0x0000000710c00000, 0x0000000710d00000, 0x0000000710d00000|100%| E|CS|TAMS 0x0000000710c00000, 0x0000000710c00000| Complete 
| 243|0x0000000710d00000, 0x0000000710e00000, 0x0000000710e00000|100%| E|CS|TAMS 0x0000000710d00000, 0x0000000710d00000| Complete 
| 244|0x0000000710e00000, 0x0000000710f00000, 0x0000000710f00000|100%| E|CS|TAMS 0x0000000710e00000, 0x0000000710e00000| Complete 
| 245|0x0000000710f00000, 0x0000000711000000, 0x0000000711000000|100%| E|CS|TAMS 0x0000000710f00000, 0x0000000710f00000| Complete 
| 246|0x0000000711000000, 0x0000000711100000, 0x0000000711100000|100%| E|CS|TAMS 0x0000000711000000, 0x0000000711000000| Complete 
| 247|0x0000000711100000, 0x0000000711200000, 0x0000000711200000|100%| E|CS|TAMS 0x0000000711100000, 0x0000000711100000| Complete 
| 248|0x0000000711200000, 0x0000000711300000, 0x0000000711300000|100%| E|CS|TAMS 0x0000000711200000, 0x0000000711200000| Complete 
| 249|0x0000000711300000, 0x0000000711400000, 0x0000000711400000|100%| E|CS|TAMS 0x0000000711300000, 0x0000000711300000| Complete 
| 250|0x0000000711400000, 0x0000000711500000, 0x0000000711500000|100%| E|CS|TAMS 0x0000000711400000, 0x0000000711400000| Complete 
| 251|0x0000000711500000, 0x0000000711600000, 0x0000000711600000|100%| E|CS|TAMS 0x0000000711500000, 0x0000000711500000| Complete 
| 252|0x0000000711600000, 0x0000000711700000, 0x0000000711700000|100%| E|CS|TAMS 0x0000000711600000, 0x0000000711600000| Complete 
| 253|0x0000000711700000, 0x0000000711800000, 0x0000000711800000|100%| E|CS|TAMS 0x0000000711700000, 0x0000000711700000| Complete 
| 254|0x0000000711800000, 0x0000000711900000, 0x0000000711900000|100%| E|CS|TAMS 0x0000000711800000, 0x0000000711800000| Complete 
| 255|0x0000000711900000, 0x0000000711a00000, 0x0000000711a00000|100%| E|CS|TAMS 0x0000000711900000, 0x0000000711900000| Complete 

Card table byte_map: [0x000001ae60940000,0x000001ae61140000] _byte_map_base: 0x000001ae5d133000

Marking Bits (Prev, Next): (CMBitMap*) 0x000001ae486f9d28, (CMBitMap*) 0x000001ae486f9d60
 Prev Bits: [0x000001ae61940000, 0x000001ae658d8000)
 Next Bits: [0x000001ae658e0000, 0x000001ae69878000)

Polling page: 0x000001ae466b0000

Metaspace:

Usage:
  Non-class:     41.25 MB capacity,    40.94 MB (>99%) used,   249.39 KB ( <1%) free+waste,    69.50 KB ( <1%) overhead. 
      Class:      5.68 MB capacity,     5.46 MB ( 96%) used,   192.13 KB (  3%) free+waste,    30.63 KB ( <1%) overhead. 
       Both:     46.93 MB capacity,    46.40 MB ( 99%) used,   441.52 KB ( <1%) free+waste,   100.13 KB ( <1%) overhead. 

Virtual space:
  Non-class space:       42.00 MB reserved,      41.46 MB ( 99%) committed 
      Class space:        1.00 GB reserved,       5.70 MB ( <1%) committed 
             Both:        1.04 GB reserved,      47.15 MB (  4%) committed 

Chunk freelists:
   Non-Class:  16.00 KB
       Class:  10.00 KB
        Both:  26.00 KB

MaxMetaspaceSize: 17179869184.00 GB
CompressedClassSpaceSize: 1.00 GB
Initial GC threshold: 20.80 MB
Current GC threshold: 59.21 MB
CDS: off

CodeHeap 'non-profiled nmethods': size=120000Kb used=1675Kb max_used=1675Kb free=118325Kb
 bounds [0x000001ae588e0000, 0x000001ae58b50000, 0x000001ae5fe10000]
CodeHeap 'profiled nmethods': size=120000Kb used=7519Kb max_used=7519Kb free=112480Kb
 bounds [0x000001ae513b0000, 0x000001ae51b10000, 0x000001ae588e0000]
CodeHeap 'non-nmethods': size=5760Kb used=1263Kb max_used=1310Kb free=4496Kb
 bounds [0x000001ae50e10000, 0x000001ae51080000, 0x000001ae513b0000]
 total_blobs=4025 nmethods=3476 adapters=460
 compilation: enabled
              stopped_count=0, restarted_count=0
 full_count=0

Compilation events (20 events):
Event: 4.213 Thread 0x000001ae6cd11000 nmethod 3478 0x000001ae51afd510 code [0x000001ae51afd6c0, 0x000001ae51afd7f8]
Event: 4.213 Thread 0x000001ae6cd11000 3472       3       org.jetbrains.kotlin.com.intellij.util.containers.FastUtilCaseInsensitiveStringHashingStrategy::hashCode (13 bytes)
Event: 4.214 Thread 0x000001ae6cd13800 3479       4       org.jetbrains.kotlin.com.intellij.openapi.util.text.StringUtilRt::lastIndexOf (58 bytes)
Event: 4.214 Thread 0x000001ae6cd11000 nmethod 3472 0x000001ae51afd890 code [0x000001ae51afdac0, 0x000001ae51afe0a8]
Event: 4.214 Thread 0x000001ae6cd11000 3481       3       org.jetbrains.kotlin.utils.WrappedValues::unescapeThrowable (44 bytes)
Event: 4.214 Thread 0x000001ae6cd11000 nmethod 3481 0x000001ae51afe310 code [0x000001ae51afe520, 0x000001ae51afeab8]
Event: 4.214 Thread 0x000001ae6cd11000 3480       3       org.jetbrains.kotlin.types.error.ErrorUtils::isErrorClass (5 bytes)
Event: 4.214 Thread 0x000001ae6cd11000 nmethod 3480 0x000001ae51afec90 code [0x000001ae51afee40, 0x000001ae51aff058]
Event: 4.214 Thread 0x000001ae6cd11000 3473       3       org.jetbrains.kotlin.com.intellij.openapi.util.text.StringUtil::stringHashCodeInsensitive (14 bytes)
Event: 4.215 Thread 0x000001ae6cd11000 nmethod 3473 0x000001ae51aff110 code [0x000001ae51aff340, 0x000001ae51aff818]
Event: 4.215 Thread 0x000001ae6cd11000 3474       3       org.jetbrains.kotlin.com.intellij.openapi.util.text.Strings::stringHashCodeInsensitive (14 bytes)
Event: 4.215 Thread 0x000001ae6cd11000 nmethod 3474 0x000001ae51affa10 code [0x000001ae51affc20, 0x000001ae51b00028]
Event: 4.215 Thread 0x000001ae6cd11000 3477       3       java.lang.String::indexOf (18 bytes)
Event: 4.216 Thread 0x000001ae6cd11000 nmethod 3477 0x000001ae51b00190 code [0x000001ae51b00360, 0x000001ae51b00628]
Event: 4.220 Thread 0x000001ae6cd13800 nmethod 3479 0x000001ae58a80a90 code [0x000001ae58a80c40, 0x000001ae58a80f38]
Event: 4.220 Thread 0x000001ae6cd13800 3455       4       org.jetbrains.kotlin.protobuf.CodedOutputStream::writeRawByte (43 bytes)
Event: 4.221 Thread 0x000001ae6cd13800 nmethod 3455 0x000001ae58a81110 code [0x000001ae58a812a0, 0x000001ae58a81378]
Event: 4.221 Thread 0x000001ae6cd13800 3448       4       org.jetbrains.kotlin.protobuf.CodedOutputStream::computeRawVarint32Size (41 bytes)
Event: 4.222 Thread 0x000001ae6cd13800 nmethod 3448 0x000001ae58a81490 code [0x000001ae58a81620, 0x000001ae58a81698]
Event: 4.225 Thread 0x000001ae6cd16000 nmethod 3464 0x000001ae58a81790 code [0x000001ae58a81980, 0x000001ae58a82538]

GC Heap History (8 events):
Event: 0.782 GC heap before
{Heap before GC invocations=0 (full 0):
 garbage-first heap   total 262144K, used 27648K [0x0000000701a00000, 0x0000000800000000)
  region size 1024K, 24 young (24576K), 0 survivors (0K)
 Metaspace       used 12175K, capacity 12286K, committed 12416K, reserved 1060864K
  class space    used 1088K, capacity 1113K, committed 1152K, reserved 1048576K
}
Event: 0.786 GC heap after
{Heap after GC invocations=1 (full 0):
 garbage-first heap   total 262144K, used 6452K [0x0000000701a00000, 0x0000000800000000)
  region size 1024K, 3 young (3072K), 3 survivors (3072K)
 Metaspace       used 12175K, capacity 12286K, committed 12416K, reserved 1060864K
  class space    used 1088K, capacity 1113K, committed 1152K, reserved 1048576K
}
Event: 1.419 GC heap before
{Heap before GC invocations=1 (full 0):
 garbage-first heap   total 262144K, used 44340K [0x0000000701a00000, 0x0000000800000000)
  region size 1024K, 41 young (41984K), 3 survivors (3072K)
 Metaspace       used 21009K, capacity 21202K, committed 21296K, reserved 1069056K
  class space    used 2218K, capacity 2309K, committed 2352K, reserved 1048576K
}
Event: 1.430 GC heap after
{Heap after GC invocations=2 (full 0):
 garbage-first heap   total 262144K, used 9956K [0x0000000701a00000, 0x0000000800000000)
  region size 1024K, 7 young (7168K), 7 survivors (7168K)
 Metaspace       used 21009K, capacity 21202K, committed 21296K, reserved 1069056K
  class space    used 2218K, capacity 2309K, committed 2352K, reserved 1048576K
}
Event: 2.492 GC heap before
{Heap before GC invocations=3 (full 0):
 garbage-first heap   total 262144K, used 65252K [0x0000000701a00000, 0x0000000800000000)
  region size 1024K, 56 young (57344K), 7 survivors (7168K)
 Metaspace       used 32805K, capacity 33255K, committed 33532K, reserved 1079296K
  class space    used 4080K, capacity 4274K, committed 4348K, reserved 1048576K
}
Event: 2.501 GC heap after
{Heap after GC invocations=4 (full 0):
 garbage-first heap   total 262144K, used 21004K [0x0000000701a00000, 0x0000000800000000)
  region size 1024K, 7 young (7168K), 7 survivors (7168K)
 Metaspace       used 32805K, capacity 33255K, committed 33532K, reserved 1079296K
  class space    used 4080K, capacity 4274K, committed 4348K, reserved 1048576K
}
Event: 2.768 GC heap before
{Heap before GC invocations=4 (full 0):
 garbage-first heap   total 262144K, used 34316K [0x0000000701a00000, 0x0000000800000000)
  region size 1024K, 21 young (21504K), 7 survivors (7168K)
 Metaspace       used 35556K, capacity 35986K, committed 36048K, reserved 1081344K
  class space    used 4378K, capacity 4566K, committed 4604K, reserved 1048576K
}
Event: 2.775 GC heap after
{Heap after GC invocations=5 (full 0):
 garbage-first heap   total 262144K, used 21722K [0x0000000701a00000, 0x0000000800000000)
  region size 1024K, 3 young (3072K), 3 survivors (3072K)
 Metaspace       used 35556K, capacity 35986K, committed 36048K, reserved 1081344K
  class space    used 4378K, capacity 4566K, committed 4604K, reserved 1048576K
}

Deoptimization events (20 events):
Event: 4.100 Thread 0x000001ae48695000 DEOPT PACKING pc=0x000001ae589f0b5c sp=0x00000042efcf7d20
Event: 4.100 Thread 0x000001ae48695000 DEOPT UNPACKING pc=0x000001ae50e5a1af sp=0x00000042efcf7cc0 mode 2
Event: 4.102 Thread 0x000001ae48695000 Uncommon trap: trap_request=0xffffffc6 fr.pc=0x000001ae589f3d60 relative=0x00000000000005e0
Event: 4.102 Thread 0x000001ae48695000 Uncommon trap: reason=bimorphic_or_optimized_type_check action=maybe_recompile pc=0x000001ae589f3d60 method=org.jetbrains.kotlin.protobuf.CodedInputStream.tryRefillBuffer(I)Z @ 177 c2
Event: 4.102 Thread 0x000001ae48695000 DEOPT PACKING pc=0x000001ae589f3d60 sp=0x00000042efcf8280
Event: 4.102 Thread 0x000001ae48695000 DEOPT UNPACKING pc=0x000001ae50e5a1af sp=0x00000042efcf8160 mode 2
Event: 4.105 Thread 0x000001ae48695000 Uncommon trap: trap_request=0xffffffc6 fr.pc=0x000001ae589f0b5c relative=0x00000000000002fc
Event: 4.105 Thread 0x000001ae48695000 Uncommon trap: reason=bimorphic_or_optimized_type_check action=maybe_recompile pc=0x000001ae589f0b5c method=org.jetbrains.kotlin.protobuf.CodedInputStream.tryRefillBuffer(I)Z @ 177 c2
Event: 4.105 Thread 0x000001ae48695000 DEOPT PACKING pc=0x000001ae589f0b5c sp=0x00000042efcf7960
Event: 4.105 Thread 0x000001ae48695000 DEOPT UNPACKING pc=0x000001ae50e5a1af sp=0x00000042efcf7900 mode 2
Event: 4.105 Thread 0x000001ae48695000 Uncommon trap: trap_request=0xffffffc6 fr.pc=0x000001ae589f1984 relative=0x00000000000002a4
Event: 4.105 Thread 0x000001ae48695000 Uncommon trap: reason=bimorphic_or_optimized_type_check action=maybe_recompile pc=0x000001ae589f1984 method=org.jetbrains.kotlin.protobuf.CodedInputStream.tryRefillBuffer(I)Z @ 177 c2
Event: 4.105 Thread 0x000001ae48695000 DEOPT PACKING pc=0x000001ae589f1984 sp=0x00000042efcf8c20
Event: 4.105 Thread 0x000001ae48695000 DEOPT UNPACKING pc=0x000001ae50e5a1af sp=0x00000042efcf8b58 mode 2
Event: 4.111 Thread 0x000001ae48695000 Uncommon trap: trap_request=0xffffff4d fr.pc=0x000001ae58a6ce34 relative=0x0000000000000554
Event: 4.111 Thread 0x000001ae48695000 Uncommon trap: reason=unstable_if action=reinterpret pc=0x000001ae58a6ce34 method=org.jetbrains.org.objectweb.asm.ClassReader.readUtf(II[C)Ljava/lang/String; @ 41 c2
Event: 4.111 Thread 0x000001ae48695000 DEOPT PACKING pc=0x000001ae58a6ce34 sp=0x00000042efcf89d0
Event: 4.111 Thread 0x000001ae48695000 DEOPT UNPACKING pc=0x000001ae50e5a1af sp=0x00000042efcf8978 mode 2
Event: 4.128 Thread 0x000001ae48695000 DEOPT PACKING pc=0x000001ae5197cc7f sp=0x00000042efcf8e80
Event: 4.128 Thread 0x000001ae48695000 DEOPT UNPACKING pc=0x000001ae50e5a95e sp=0x00000042efcf82d0 mode 0

Classes redefined (0 events):
No events

Internal exceptions (20 events):
Event: 1.382 Thread 0x000001ae48695000 Exception <a 'java/lang/NoSuchMethodError'{0x000000070f3447c8}: 'java.lang.Object java.lang.invoke.DirectMethodHandle$Holder.invokeStaticInit(java.lang.Object, int)'> (0x000000070f3447c8) thrown at [./src/hotspot/share/interpreter/linkResolver.cpp, line 773]
Event: 1.414 Thread 0x000001ae48695000 Exception <a 'java/lang/NoSuchMethodError'{0x000000070f119900}: 'long java.lang.invoke.DirectMethodHandle$Holder.invokeStatic(java.lang.Object)'> (0x000000070f119900) thrown at [./src/hotspot/share/interpreter/linkResolver.cpp, line 773]
Event: 1.414 Thread 0x000001ae48695000 Exception <a 'java/lang/NoSuchMethodError'{0x000000070f11c758}: 'long java.lang.invoke.DirectMethodHandle$Holder.invokeStaticInit(java.lang.Object)'> (0x000000070f11c758) thrown at [./src/hotspot/share/interpreter/linkResolver.cpp, line 773]
Event: 1.479 Thread 0x000001ae48695000 Exception <a 'java/lang/NoSuchMethodError'{0x00000007116f0ad8}: 'int java.lang.invoke.DirectMethodHandle$Holder.invokeStaticInit(java.lang.Object, java.lang.Object, java.lang.Object)'> (0x00000007116f0ad8) thrown at [./src/hotspot/share/interpreter/linkResolver.cpp, line 773]
Event: 1.483 Thread 0x000001ae48695000 Exception <a 'java/lang/NoSuchMethodError'{0x000000071151c6d0}: 'int java.lang.invoke.DirectMethodHandle$Holder.invokeStaticInit(java.lang.Object, java.lang.Object)'> (0x000000071151c6d0) thrown at [./src/hotspot/share/interpreter/linkResolver.cpp, line 773]
Event: 1.524 Thread 0x000001ae48695000 Exception <a 'java/lang/NoSuchMethodError'{0x0000000711331800}: 'void java.lang.invoke.DirectMethodHandle$Holder.invokeSpecial(java.lang.Object, java.lang.Object)'> (0x0000000711331800) thrown at [./src/hotspot/share/interpreter/linkResolver.cpp, line 773]
Event: 1.724 Thread 0x000001ae48695000 Exception <a 'java/lang/NoSuchMethodError'{0x0000000710b21d80}: 'java.lang.Object java.lang.invoke.DirectMethodHandle$Holder.invokeStatic(java.lang.Object, java.lang.Object, java.lang.Object, java.lang.Object, java.lang.Object, java.lang.Object, java.lang.Object, java.lang.Object, java.lang.Object, java.lang.Object, java.lang.Object, java.lang.Object, java.lang.Object, java.lang.Object, java.lang.Object)'> (0x0000000710b21d80) thrown at [./src/hotspot/share/interpreter/linkResolver.cpp, line 773]
Event: 1.725 Thread 0x000001ae48695000 Exception <a 'java/lang/NoSuchMethodError'{0x0000000710b2fd88}: 'java.lang.Object java.lang.invoke.DirectMethodHandle$Holder.invokeStatic(java.lang.Object, java.lang.Object, java.lang.Object, java.lang.Object, java.lang.Object, java.lang.Object, java.lang.Object, java.lang.Object, java.lang.Object, java.lang.Object, java.lang.Object, java.lang.Object, java.lang.Object, java.lang.Object, java.lang.Object, java.lang.Object)'> (0x0000000710b2fd88) thrown at [./src/hotspot/share/interpreter/linkResolver.cpp, l
Event: 1.726 Thread 0x000001ae48695000 Exception <a 'java/lang/NoSuchMethodError'{0x0000000710b3dca0}: 'java.lang.Object java.lang.invoke.DirectMethodHandle$Holder.invokeSpecial(java.lang.Object, java.lang.Object, int, int, java.lang.Object, java.lang.Object, java.lang.Object)'> (0x0000000710b3dca0) thrown at [./src/hotspot/share/interpreter/linkResolver.cpp, line 773]
Event: 1.726 Thread 0x000001ae48695000 Exception <a 'java/lang/NoSuchMethodError'{0x0000000710b414d8}: 'java.lang.Object java.lang.invoke.DelegatingMethodHandle$Holder.reinvoke_L(java.lang.Object, int, int, java.lang.Object, java.lang.Object, java.lang.Object)'> (0x0000000710b414d8) thrown at [./src/hotspot/share/interpreter/linkResolver.cpp, line 773]
Event: 1.727 Thread 0x000001ae48695000 Exception <a 'java/lang/NoSuchMethodError'{0x0000000710b45860}: 'java.lang.Object java.lang.invoke.DirectMethodHandle$Holder.invokeStatic(java.lang.Object, java.lang.Object, java.lang.Object, java.lang.Object, int)'> (0x0000000710b45860) thrown at [./src/hotspot/share/interpreter/linkResolver.cpp, line 773]
Event: 1.760 Thread 0x000001ae48695000 Exception <a 'java/lang/NoSuchMethodError'{0x0000000710a6a190}: 'void java.lang.invoke.DirectMethodHandle$Holder.invokeStatic(java.lang.Object, java.lang.Object, java.lang.Object, java.lang.Object)'> (0x0000000710a6a190) thrown at [./src/hotspot/share/interpreter/linkResolver.cpp, line 773]
Event: 1.834 Thread 0x000001ae48695000 Exception <a 'java/lang/NoSuchMethodError'{0x0000000710648888}: 'void java.lang.invoke.DirectMethodHandle$Holder.invokeStaticInit(java.lang.Object, java.lang.Object)'> (0x0000000710648888) thrown at [./src/hotspot/share/interpreter/linkResolver.cpp, line 773]
Event: 1.909 Thread 0x000001ae48695000 Exception <a 'java/lang/NoSuchMethodError'{0x0000000710272d40}: 'void java.lang.invoke.DirectMethodHandle$Holder.invokeVirtual(java.lang.Object, java.lang.Object)'> (0x0000000710272d40) thrown at [./src/hotspot/share/interpreter/linkResolver.cpp, line 773]
Event: 1.918 Thread 0x000001ae48695000 Exception <a 'java/lang/NoSuchMethodError'{0x00000007102faf88}: 'int java.lang.invoke.DirectMethodHandle$Holder.invokeVirtual(java.lang.Object, java.lang.Object)'> (0x00000007102faf88) thrown at [./src/hotspot/share/interpreter/linkResolver.cpp, line 773]
Event: 2.713 Thread 0x000001ae48695000 Exception <a 'java/lang/NoSuchMethodError'{0x0000000710fefc88}: 'java.lang.Object java.lang.invoke.DirectMethodHandle$Holder.invokeVirtual(java.lang.Object, java.lang.Object, java.lang.Object)'> (0x0000000710fefc88) thrown at [./src/hotspot/share/interpreter/linkResolver.cpp, line 773]
Event: 3.417 Thread 0x000001ae48695000 Exception <a 'java/lang/NoSuchMethodError'{0x000000070f118ea0}: 'java.lang.Object java.lang.invoke.Invokers$Holder.linkToTargetMethod(java.lang.Object, int, java.lang.Object)'> (0x000000070f118ea0) thrown at [./src/hotspot/share/interpreter/linkResolver.cpp, line 773]
Event: 3.589 Thread 0x000001ae48695000 Exception <a 'java/lang/NoSuchMethodError'{0x000000070ef57bd8}: 'java.lang.Object java.lang.invoke.DirectMethodHandle$Holder.invokeStatic(java.lang.Object, java.lang.Object, java.lang.Object, int)'> (0x000000070ef57bd8) thrown at [./src/hotspot/share/interpreter/linkResolver.cpp, line 773]
Event: 3.589 Thread 0x000001ae48695000 Exception <a 'java/lang/NoSuchMethodError'{0x000000070ef5b848}: 'java.lang.Object java.lang.invoke.DirectMethodHandle$Holder.invokeSpecial(java.lang.Object, java.lang.Object, java.lang.Object, java.lang.Object, int)'> (0x000000070ef5b848) thrown at [./src/hotspot/share/interpreter/linkResolver.cpp, line 773]
Event: 3.589 Thread 0x000001ae48695000 Exception <a 'java/lang/NoSuchMethodError'{0x000000070ef5eb58}: 'java.lang.Object java.lang.invoke.Invokers$Holder.linkToTargetMethod(java.lang.Object, java.lang.Object, int, java.lang.Object)'> (0x000000070ef5eb58) thrown at [./src/hotspot/share/interpreter/linkResolver.cpp, line 773]

Events (20 events):
Event: 4.166 loading class org/jetbrains/kotlin/metadata/deserialization/ProtoBufUtilKt
Event: 4.166 loading class org/jetbrains/kotlin/metadata/deserialization/ProtoBufUtilKt done
Event: 4.166 loading class org/jetbrains/kotlin/metadata/jvm/deserialization/JvmNameResolverBase$WhenMappings
Event: 4.166 loading class org/jetbrains/kotlin/metadata/jvm/deserialization/JvmNameResolverBase$WhenMappings done
Event: 4.166 loading class org/jetbrains/kotlin/load/kotlin/DeserializedDescriptorResolver$createKotlinPackagePartScope$2
Event: 4.166 loading class org/jetbrains/kotlin/load/kotlin/DeserializedDescriptorResolver$createKotlinPackagePartScope$2 done
Event: 4.167 loading class org/jetbrains/kotlin/metadata/jvm/JvmProtoBuf$JvmPropertySignature$Builder
Event: 4.167 loading class org/jetbrains/kotlin/metadata/jvm/JvmProtoBuf$JvmPropertySignature$Builder done
Event: 4.179 loading class org/jetbrains/kotlin/metadata/ProtoBuf$TypeAlias
Event: 4.179 loading class org/jetbrains/kotlin/metadata/ProtoBuf$TypeAlias done
Event: 4.180 loading class org/jetbrains/kotlin/metadata/ProtoBuf$TypeAliasOrBuilder
Event: 4.180 loading class org/jetbrains/kotlin/metadata/ProtoBuf$TypeAliasOrBuilder done
Event: 4.181 loading class org/jetbrains/kotlin/metadata/ProtoBuf$TypeAlias$1
Event: 4.181 loading class org/jetbrains/kotlin/metadata/ProtoBuf$TypeAlias$1 done
Event: 4.206 loading class org/jetbrains/kotlin/metadata/deserialization/ProtoTypeTableUtilKt
Event: 4.206 loading class org/jetbrains/kotlin/metadata/deserialization/ProtoTypeTableUtilKt done
Event: 4.207 loading class org/jetbrains/kotlin/builtins/jvm/JvmBuiltInsSignatures
Event: 4.207 loading class org/jetbrains/kotlin/builtins/jvm/JvmBuiltInsSignatures done
Event: 4.208 loading class org/jetbrains/kotlin/load/kotlin/SignatureBuildingComponents
Event: 4.208 loading class org/jetbrains/kotlin/load/kotlin/SignatureBuildingComponents done


Dynamic libraries:
0x00007ff7f74c0000 - 0x00007ff7f74cd000 	C:\Program Files\Microsoft\jdk-11.0.18.10-hotspot\bin\java.exe
0x00007ffc85090000 - 0x00007ffc85288000 	C:\Windows\SYSTEM32\ntdll.dll
0x00007ffc83a00000 - 0x00007ffc83abf000 	C:\Windows\System32\KERNEL32.DLL
0x00007ffc829f0000 - 0x00007ffc82ce6000 	C:\Windows\System32\KERNELBASE.dll
0x00007ffc82e80000 - 0x00007ffc82f80000 	C:\Windows\System32\ucrtbase.dll
0x00007ffc6c600000 - 0x00007ffc6c615000 	C:\Program Files\Microsoft\jdk-11.0.18.10-hotspot\bin\VCRUNTIME140.dll
0x00007ffc6c640000 - 0x00007ffc6c657000 	C:\Program Files\Microsoft\jdk-11.0.18.10-hotspot\bin\jli.dll
0x00007ffc83d70000 - 0x00007ffc83f0d000 	C:\Windows\System32\USER32.dll
0x00007ffc82cf0000 - 0x00007ffc82d12000 	C:\Windows\System32\win32u.dll
0x00007ffc699f0000 - 0x00007ffc69c8a000 	C:\Windows\WinSxS\amd64_microsoft.windows.common-controls_6595b64144ccf1df_6.0.19041.1110_none_60b5254171f9507e\COMCTL32.dll
0x00007ffc83ff0000 - 0x00007ffc8401c000 	C:\Windows\System32\GDI32.dll
0x00007ffc84fb0000 - 0x00007ffc8504e000 	C:\Windows\System32\msvcrt.dll
0x00007ffc828d0000 - 0x00007ffc829e5000 	C:\Windows\System32\gdi32full.dll
0x00007ffc827a0000 - 0x00007ffc8283d000 	C:\Windows\System32\msvcp_win.dll
0x00007ffc83d40000 - 0x00007ffc83d70000 	C:\Windows\System32\IMM32.DLL
0x00007ffc51940000 - 0x00007ffc519db000 	C:\Program Files\Microsoft\jdk-11.0.18.10-hotspot\bin\msvcp140.dll
0x00007ffbed180000 - 0x00007ffbedd12000 	C:\Program Files\Microsoft\jdk-11.0.18.10-hotspot\bin\server\jvm.dll
0x00007ffc83c20000 - 0x00007ffc83ccf000 	C:\Windows\System32\ADVAPI32.dll
0x00007ffc84950000 - 0x00007ffc849ec000 	C:\Windows\System32\sechost.dll
0x00007ffc84140000 - 0x00007ffc84266000 	C:\Windows\System32\RPCRT4.dll
0x00007ffc84340000 - 0x00007ffc84348000 	C:\Windows\System32\PSAPI.DLL
0x00007ffc7dd30000 - 0x00007ffc7dd39000 	C:\Windows\SYSTEM32\WSOCK32.dll
0x00007ffc83b90000 - 0x00007ffc83bfb000 	C:\Windows\System32\WS2_32.dll
0x00007ffc6fff0000 - 0x00007ffc70017000 	C:\Windows\SYSTEM32\WINMM.dll
0x00007ffc80700000 - 0x00007ffc8070a000 	C:\Windows\SYSTEM32\VERSION.dll
0x00007ffc80fb0000 - 0x00007ffc80fc2000 	C:\Windows\SYSTEM32\kernel.appcore.dll
0x00007ffc7dd10000 - 0x00007ffc7dd20000 	C:\Program Files\Microsoft\jdk-11.0.18.10-hotspot\bin\verify.dll
0x00007ffc7fc30000 - 0x00007ffc7fe14000 	C:\Windows\SYSTEM32\DBGHELP.DLL
0x00007ffc6f010000 - 0x00007ffc6f044000 	C:\Windows\SYSTEM32\dbgcore.DLL
0x00007ffc82840000 - 0x00007ffc828c2000 	C:\Windows\System32\bcryptPrimitives.dll
0x00007ffc51910000 - 0x00007ffc51938000 	C:\Program Files\Microsoft\jdk-11.0.18.10-hotspot\bin\java.dll
0x00007ffc7d830000 - 0x00007ffc7d83a000 	C:\Program Files\Microsoft\jdk-11.0.18.10-hotspot\bin\jimage.dll
0x00007ffc5df50000 - 0x00007ffc5df68000 	C:\Program Files\Microsoft\jdk-11.0.18.10-hotspot\bin\zip.dll
0x00007ffc83180000 - 0x00007ffc838c4000 	C:\Windows\System32\SHELL32.dll
0x00007ffc80800000 - 0x00007ffc80f93000 	C:\Windows\SYSTEM32\windows.storage.dll
0x00007ffc84aa0000 - 0x00007ffc84df4000 	C:\Windows\System32\combase.dll
0x00007ffc821c0000 - 0x00007ffc821ee000 	C:\Windows\SYSTEM32\Wldp.dll
0x00007ffc84820000 - 0x00007ffc848cd000 	C:\Windows\System32\SHCORE.dll
0x00007ffc83b30000 - 0x00007ffc83b85000 	C:\Windows\System32\shlwapi.dll
0x00007ffc826b0000 - 0x00007ffc826cf000 	C:\Windows\SYSTEM32\profapi.dll
0x00007ffc53ff0000 - 0x00007ffc54009000 	C:\Program Files\Microsoft\jdk-11.0.18.10-hotspot\bin\net.dll
0x00007ffc79750000 - 0x00007ffc7985a000 	C:\Windows\SYSTEM32\WINHTTP.dll
0x00007ffc81f20000 - 0x00007ffc81f8a000 	C:\Windows\system32\mswsock.dll
0x00007ffc536d0000 - 0x00007ffc536e3000 	C:\Program Files\Microsoft\jdk-11.0.18.10-hotspot\bin\nio.dll

dbghelp: loaded successfully - version: 4.0.5 - missing functions: none
symbol engine: initialized successfully - sym options: 0x614 - pdb path: .;C:\Program Files\Microsoft\jdk-11.0.18.10-hotspot\bin;C:\Windows\SYSTEM32;C:\Windows\WinSxS\amd64_microsoft.windows.common-controls_6595b64144ccf1df_6.0.19041.1110_none_60b5254171f9507e;C:\Program Files\Microsoft\jdk-11.0.18.10-hotspot\bin\server

VM Arguments:
java_command: org.jetbrains.kotlin.cli.jvm.K2JVMCompiler @D:\Mobile-Projects\Finner\node_modules\react-native-pager-view\android\build\20230706_746355922682357966.compiler.options
java_class_path (initial): C:\Users\Finner\.gradle\caches\modules-2\files-2.1\org.jetbrains.kotlin\kotlin-compiler-embeddable\1.7.0\4d09852239f61842072b40b524882fa3caaed371\kotlin-compiler-embeddable-1.7.0.jar;C:\Users\Finner\.gradle\caches\modules-2\files-2.1\org.jetbrains.kotlin\kotlin-reflect\1.7.0\e660b0079fdaf744dc9cc7f6f3aa3c761ec839b0\kotlin-reflect-1.7.0.jar;C:\Users\Finner\.gradle\caches\modules-2\files-2.1\org.jetbrains.kotlin\kotlin-stdlib\1.7.0\a5f42c684ad9003160ef0d0f693ecf0ba7b13549\kotlin-stdlib-1.7.0.jar;C:\Users\Finner\.gradle\caches\modules-2\files-2.1\org.jetbrains.kotlin\kotlin-script-runtime\1.7.0\3acea1d447587e61bc3e1b3ed6227d9e9ed4ddf1\kotlin-script-runtime-1.7.0.jar;C:\Users\Finner\.gradle\caches\modules-2\files-2.1\org.jetbrains.kotlin\kotlin-daemon-embeddable\1.7.0\fd56798de80825c673ac93808284c5198ffa2b50\kotlin-daemon-embeddable-1.7.0.jar;C:\Users\Finner\.gradle\caches\modules-2\files-2.1\org.jetbrains.intellij.deps\trove4j\1.0.20200330\3afb14d5f9ceb459d724e907a21145e8ff394f02\trove4j-1.0.20200330.jar;C:\Users\Finner\.gradle\caches\modules-2\files-2.1\net.java.dev.jna\jna\5.6.0\330f2244e9030119ab3030fc3fededc86713d9cc\jna-5.6.0.jar;C:\Users\Finner\.gradle\caches\modules-2\files-2.1\org.jetbrains.kotlin\kotlin-stdlib-common\1.7.0\51736992f422993a1e741051bdf3c12801bc1ca1\kotlin-stdlib-common-1.7.0.jar;C:\Users\Finner\.gradle\caches\modules-2\files-2.1\org.jetbrains\annotations\13.0\919f0dfe192fb4e063e7dacadee7f8bb9a2672a9\annotations-13.0.jar
Launcher Type: SUN_STANDARD

[Global flags]
     intx CICompilerCount                          = 4                                         {product} {ergonomic}
     uint ConcGCThreads                            = 2                                         {product} {ergonomic}
     uint G1ConcRefinementThreads                  = 8                                         {product} {ergonomic}
   size_t G1HeapRegionSize                         = 1048576                                   {product} {ergonomic}
    uintx GCDrainStackTargetSize                   = 64                                        {product} {ergonomic}
   size_t InitialHeapSize                          = 268435456                                 {product} {ergonomic}
   size_t MarkStackSize                            = 4194304                                   {product} {ergonomic}
   size_t MaxHeapSize                              = 4267704320                                {product} {ergonomic}
   size_t MaxNewSize                               = 2560622592                                {product} {ergonomic}
   size_t MinHeapDeltaBytes                        = 1048576                                   {product} {ergonomic}
    uintx NonNMethodCodeHeapSize                   = 5836300                                {pd product} {ergonomic}
    uintx NonProfiledCodeHeapSize                  = 122910970                              {pd product} {ergonomic}
    uintx ProfiledCodeHeapSize                     = 122910970                              {pd product} {ergonomic}
    uintx ReservedCodeCacheSize                    = 251658240                              {pd product} {ergonomic}
     bool SegmentedCodeCache                       = true                                      {product} {ergonomic}
     bool UseCompressedClassPointers               = true                                 {lp64_product} {ergonomic}
     bool UseCompressedOops                        = true                                 {lp64_product} {ergonomic}
     bool UseG1GC                                  = true                                      {product} {ergonomic}
     bool UseLargePagesIndividualAllocation        = false                                  {pd product} {ergonomic}

Logging:
Log output configuration:
 #0: stdout all=warning uptime,level,tags
 #1: stderr all=off uptime,level,tags

Environment Variables:
JAVA_HOME=C:\Program Files\Microsoft\jdk-11.0.18.10-hotspot\
CLASSPATH=D:\Mobile-Projects\Finner\android\\gradle\wrapper\gradle-wrapper.jar
PATH=C:\Users\Finner\AppData\Local\Temp\yarn--1688628011353-0.9833546421754651;D:\Mobile-Projects\Finner\node_modules\.bin;C:\Users\Finner\AppData\Local\Yarn\Data\link\node_modules\.bin;C:\Users\Finner\AppData\Local\Yarn\bin;C:\Program Files\libexec\lib\node_modules\npm\bin\node-gyp-bin;C:\Program Files\lib\node_modules\npm\bin\node-gyp-bin;C:\Program Files\nodejs\node_modules\npm\bin\node-gyp-bin;C:\Program Files\WindowsApps\Microsoft.PowerShell_7.3.3.0_x64__8wekyb3d8bbwe;C:\Program Files\WindowsApps\Microsoft.PowerShell_7.3.2.0_x64__8wekyb3d8bbwe;C:\Program Files (x86)\Common Files\Intel\Shared Libraries\redist\intel64\compiler;C:\Program Files\Microsoft\jdk-11.0.18.10-hotspot\bin;C:\Program Files (x86)\Intel\iCLS Client\;C:\Program Files\Intel\iCLS Client\;C:\Windows\system32;C:\Windows;C:\Windows\System32\Wbem;C:\Windows\System32\WindowsPowerShell\v1.0\;C:\Windows\System32\OpenSSH\;C:\Program Files (x86)\NVIDIA Corporation\PhysX\Common;C:\Program Files\NVIDIA Corporation\NVIDIA NvDLISR;C:\ProgramData\chocolatey\bin;C:\Program Files\Git\cmd;C:\Program Files\OpenJDK\openjdk-11.0.16_8\bin;c:\Program Files (x86)\Intel\Intel(R) Management Engine Components\DAL;c:\Program Files\Intel\Intel(R) Management Engine Components\DAL;c:\Program Files (x86)\Intel\Intel(R) Management Engine Components\IPT;c:\Program Files\Intel\Intel(R) Management Engine Components\IPT;C:\Program Files\PowerShell\7-preview\preview;C:\Program Files\nodejs\;C:\Users\Finner\.amplify\bin;C:\Users\Finner\AppData\Local\Microsoft\WindowsApps;C:\Users\Finner\AppData\Local\Android\Sdk\platform-tools;C:\Users\Finner\AppData\Local\Programs\oh-my-posh\bin;C:\Users\Finner\AppData\Local\Programs\Microsoft VS Code\bin;C:\Users\Finner\AppData\Roaming\npm
USERNAME=Finner
OS=Windows_NT
PROCESSOR_IDENTIFIER=Intel64 Family 6 Model 158 Stepping 9, GenuineIntel
TMP=C:\Windows\TEMP
TEMP=C:\Users\Finner\AppData\Local\Temp



---------------  S Y S T E M  ---------------

OS: Windows 10 , 64 bit Build 19041 (10.0.19041.3031)
OS uptime: 0 days 4:31 hours

CPU:total 8 (initial active 8) (4 cores per cpu, 2 threads per core) family 6 model 158 stepping 9 microcode 0xb4, cmov, cx8, fxsr, mmx, sse, sse2, sse3, ssse3, sse4.1, sse4.2, popcnt, avx, avx2, aes, clmul, erms, 3dnowpref, lzcnt, ht, tsc, tscinvbit, bmi1, bmi2, adx, fma

Memory: 4k page, system-wide physical 16276M (1476M free)
TotalPageFile size 19135M (AvailPageFile size 3M)
current process WorkingSet (physical memory assigned to process): 233M, peak: 233M
current process commit charge ("private bytes"): 447M, peak: 448M

vm_info: OpenJDK 64-Bit Server VM (11.0.18+10-LTS) for windows-amd64 JRE (11.0.18+10-LTS), built on Jan 18 2023 15:56:47 by "MicrosoftCorporation" with MS VC++ 15.9 (VS2017)

END.
