#
# There is insufficient memory for the Java Runtime Environment to continue.
# Native memory allocation (mmap) failed to map 67108864 bytes for Failed to commit area from 0x00000000fc000000 to 0x0000000100000000 of length 67108864.
# Possible reasons:
#   The system is out of physical RAM or swap space
#   The process is running with CompressedOops enabled, and the Java Heap may be blocking the growth of the native heap
# Possible solutions:
#   Reduce memory load on the system
#   Increase physical memory or swap space
#   Check if swap backing store is full
#   Decrease Java heap size (-Xmx/-Xms)
#   Decrease number of Java threads
#   Decrease Java thread stack sizes (-Xss)
#   Set larger code cache with -XX:ReservedCodeCacheSize=
# This output file may be truncated or incomplete.
#
#  Out of Memory Error (./src/hotspot/os/windows/os_windows.cpp:3386), pid=7280, tid=15252
#
# JRE version:  (11.0.16+8) (build )
# Java VM: OpenJDK 64-Bit Server VM (11.0.16+8, mixed mode, sharing, tiered, compressed oops, g1 gc, windows-amd64)
# No core dump will be written. Minidumps are not enabled by default on client versions of Windows
#

---------------  S U M M A R Y ------------

Command Line: -Xmx64m -Xms64m -Dorg.gradle.appname=gradlew org.gradle.wrapper.GradleWrapperMain app:installDebug -PreactNativeDevServerPort=8081

Host: Intel(R) Core(TM) i7-7700HQ CPU @ 2.80GHz, 8 cores, 7G,  Windows 10 , 64 bit Build 19041 (10.0.19041.2364)
Time: Mon Feb 13 13:00:00 2023 SE Asia Standard Time elapsed time: 0.026470 seconds (0d 0h 0m 0s)

---------------  T H R E A D  ---------------

Current thread (0x00000248cce74000):  JavaThread "Unknown thread" [_thread_in_vm, id=15252, stack(0x000000ff11400000,0x000000ff11500000)]

Stack: [0x000000ff11400000,0x000000ff11500000]
Native frames: (J=compiled Java code, j=interpreted, Vv=VM code, C=native code)
V  [jvm.dll+0x61a63a]
V  [jvm.dll+0x757439]
V  [jvm.dll+0x758b28]
V  [jvm.dll+0x759203]
V  [jvm.dll+0x24d9a8]
V  [jvm.dll+0x61794a]
V  [jvm.dll+0x60c0f5]
V  [jvm.dll+0x304f5c]
V  [jvm.dll+0x304de2]
V  [jvm.dll+0x309af6]
V  [jvm.dll+0x34fe4f]
V  [jvm.dll+0x34f880]
V  [jvm.dll+0x2e1fd8]
V  [jvm.dll+0x2e3136]
V  [jvm.dll+0x731417]
V  [jvm.dll+0x732b9f]
V  [jvm.dll+0x35cb99]
V  [jvm.dll+0x7142b0]
V  [jvm.dll+0x3ca5ef]
V  [jvm.dll+0x3cc7a1]
C  [jli.dll+0x5207]
C  [ucrtbase.dll+0x21bb2]
C  [KERNEL32.DLL+0x17614]
C  [ntdll.dll+0x526a1]


---------------  P R O C E S S  ---------------

Threads class SMR info:
_java_thread_list=0x00000248cadd3400, length=0, elements={
}

Java Threads: ( => current thread )

Other Threads:
  0x00000248cce86800 GCTaskThread "GC Thread#0" [stack: 0x000000ff11500000,0x000000ff11600000] [id=2464]
  0x00000248cce8d800 ConcurrentGCThread "G1 Main Marker" [stack: 0x000000ff11600000,0x000000ff11700000] [id=15200]
  0x00000248cce8f000 ConcurrentGCThread "G1 Conc#0" [stack: 0x000000ff11700000,0x000000ff11800000] [id=14784]

[error occurred during error reporting (printing all threads), id 0xc0000005, EXCEPTION_ACCESS_VIOLATION (0xc0000005) at pc=0x00007ffa188d17a7]

VM state:not at safepoint (not fully initialized)

VM Mutex/Monitor currently owned by a thread:  ([mutex/lock_event])
[0x00000248cce70ca0] Heap_lock - owner thread: 0x00000248cce74000

Heap address: 0x00000000fc000000, size: 64 MB, Compressed Oops mode: Non-zero based: 0x00000000fc000000
Narrow klass base: 0x0000000000000000, Narrow klass shift: 0

GC Heap History (0 events):
No events

Deoptimization events (0 events):
No events

Classes redefined (0 events):
No events

Internal exceptions (0 events):
No events

Events (1 events):
Event: 0.013 Loaded shared library C:\Program Files\OpenJDK\openjdk-11.0.16_8\bin\zip.dll


Dynamic libraries:
0x00007ff6c4f20000 - 0x00007ff6c4f2d000 	C:\Program Files\OpenJDK\openjdk-11.0.16_8\bin\java.exe
0x00007ffa5b910000 - 0x00007ffa5bb08000 	C:\Windows\SYSTEM32\ntdll.dll
0x00007ffa5ac20000 - 0x00007ffa5acdf000 	C:\Windows\System32\KERNEL32.DLL
0x00007ffa59400000 - 0x00007ffa596d2000 	C:\Windows\System32\KERNELBASE.dll
0x00007ffa59200000 - 0x00007ffa59300000 	C:\Windows\System32\ucrtbase.dll
0x00007ffa1eb40000 - 0x00007ffa1eb55000 	C:\Program Files\OpenJDK\openjdk-11.0.16_8\bin\VCRUNTIME140.dll
0x00007ffa42530000 - 0x00007ffa42547000 	C:\Program Files\OpenJDK\openjdk-11.0.16_8\bin\jli.dll
0x00007ffa5b5f0000 - 0x00007ffa5b791000 	C:\Windows\System32\USER32.dll
0x00007ffa44860000 - 0x00007ffa44afa000 	C:\Windows\WinSxS\amd64_microsoft.windows.common-controls_6595b64144ccf1df_6.0.19041.1110_none_60b5254171f9507e\COMCTL32.dll
0x00007ffa59920000 - 0x00007ffa59942000 	C:\Windows\System32\win32u.dll
0x00007ffa5aa70000 - 0x00007ffa5ab0e000 	C:\Windows\System32\msvcrt.dll
0x00007ffa5a800000 - 0x00007ffa5a82b000 	C:\Windows\System32\GDI32.dll
0x00007ffa590f0000 - 0x00007ffa591ff000 	C:\Windows\System32\gdi32full.dll
0x00007ffa59000000 - 0x00007ffa5909d000 	C:\Windows\System32\msvcp_win.dll
0x00007ffa5ace0000 - 0x00007ffa5ad12000 	C:\Windows\System32\IMM32.DLL
0x00007ffa190f0000 - 0x00007ffa1918b000 	C:\Program Files\OpenJDK\openjdk-11.0.16_8\bin\msvcp140.dll
0x00007ffa185e0000 - 0x00007ffa190ee000 	C:\Program Files\OpenJDK\openjdk-11.0.16_8\bin\server\jvm.dll
0x00007ffa5a670000 - 0x00007ffa5a71e000 	C:\Windows\System32\ADVAPI32.dll
0x00007ffa5a830000 - 0x00007ffa5a8cc000 	C:\Windows\System32\sechost.dll
0x00007ffa5b7a0000 - 0x00007ffa5b8c5000 	C:\Windows\System32\RPCRT4.dll
0x00007ffa5ab20000 - 0x00007ffa5ab28000 	C:\Windows\System32\PSAPI.DLL
0x00007ffa44190000 - 0x00007ffa44199000 	C:\Windows\SYSTEM32\WSOCK32.dll
0x00007ffa42df0000 - 0x00007ffa42e17000 	C:\Windows\SYSTEM32\WINMM.dll
0x00007ffa5aa00000 - 0x00007ffa5aa6b000 	C:\Windows\System32\WS2_32.dll
0x00007ffa52130000 - 0x00007ffa5213a000 	C:\Windows\SYSTEM32\VERSION.dll
0x00007ffa57880000 - 0x00007ffa57892000 	C:\Windows\SYSTEM32\kernel.appcore.dll
0x00007ffa43fc0000 - 0x00007ffa43fd0000 	C:\Program Files\OpenJDK\openjdk-11.0.16_8\bin\verify.dll
0x00007ffa57640000 - 0x00007ffa57824000 	C:\Windows\SYSTEM32\DBGHELP.DLL
0x00007ffa42350000 - 0x00007ffa42385000 	C:\Windows\SYSTEM32\dbgcore.DLL
0x00007ffa59370000 - 0x00007ffa593f2000 	C:\Windows\System32\bcryptPrimitives.dll
0x00007ffa185b0000 - 0x00007ffa185d8000 	C:\Program Files\OpenJDK\openjdk-11.0.16_8\bin\java.dll
0x00007ffa43db0000 - 0x00007ffa43dba000 	C:\Program Files\OpenJDK\openjdk-11.0.16_8\bin\jimage.dll
0x00007ffa1aac0000 - 0x00007ffa1aad8000 	C:\Program Files\OpenJDK\openjdk-11.0.16_8\bin\zip.dll

dbghelp: loaded successfully - version: 4.0.5 - missing functions: none
symbol engine: initialized successfully - sym options: 0x614 - pdb path: .;C:\Program Files\OpenJDK\openjdk-11.0.16_8\bin;C:\Windows\SYSTEM32;C:\Windows\WinSxS\amd64_microsoft.windows.common-controls_6595b64144ccf1df_6.0.19041.1110_none_60b5254171f9507e;C:\Program Files\OpenJDK\openjdk-11.0.16_8\bin\server

VM Arguments:
jvm_args: -Xmx64m -Xms64m -Dorg.gradle.appname=gradlew 
java_command: org.gradle.wrapper.GradleWrapperMain app:installDebug -PreactNativeDevServerPort=8081
java_class_path (initial): D:\Mobile-Projects\Finner\android\\gradle\wrapper\gradle-wrapper.jar
Launcher Type: SUN_STANDARD

[Global flags]
     intx CICompilerCount                          = 4                                         {product} {ergonomic}
     uint ConcGCThreads                            = 2                                         {product} {ergonomic}
     uint G1ConcRefinementThreads                  = 8                                         {product} {ergonomic}
   size_t G1HeapRegionSize                         = 1048576                                   {product} {ergonomic}
    uintx GCDrainStackTargetSize                   = 64                                        {product} {ergonomic}
   size_t InitialHeapSize                          = 67108864                                  {product} {command line}
   size_t MarkStackSize                            = 4194304                                   {product} {ergonomic}
   size_t MaxHeapSize                              = 67108864                                  {product} {command line}
   size_t MinHeapDeltaBytes                        = 1048576                                   {product} {ergonomic}
    uintx NonNMethodCodeHeapSize                   = 5836300                                {pd product} {ergonomic}
    uintx NonProfiledCodeHeapSize                  = 122910970                              {pd product} {ergonomic}
    uintx ProfiledCodeHeapSize                     = 122910970                              {pd product} {ergonomic}
    uintx ReservedCodeCacheSize                    = 251658240                              {pd product} {ergonomic}
     bool SegmentedCodeCache                       = true                                      {product} {ergonomic}
     bool UseCompressedClassPointers               = true                                 {lp64_product} {ergonomic}
     bool UseCompressedOops                        = true                                 {lp64_product} {ergonomic}
     bool UseG1GC                                  = true                                      {product} {ergonomic}
     bool UseLargePagesIndividualAllocation        = false                                  {pd product} {ergonomic}

Logging:
Log output configuration:
 #0: stdout all=warning uptime,level,tags
 #1: stderr all=off uptime,level,tags

Environment Variables:
JAVA_HOME=C:\Program Files\OpenJDK\openjdk-11.0.16_8
CLASSPATH=D:\Mobile-Projects\Finner\android\\gradle\wrapper\gradle-wrapper.jar
PATH=D:\Mobile-Projects\Finner\android\node_modules\.bin;D:\Mobile-Projects\Finner\node_modules\.bin;D:\Mobile-Projects\node_modules\.bin;D:\node_modules\.bin;D:\Mobile-Projects\Finner\node_modules\node\bin;D:\Mobile-Projects\Finner\node_modules\.bin;D:\Mobile-Projects\node_modules\.bin;D:\node_modules\.bin;C:\Users\Finner\AppData\Roaming\npm\node_modules\npm\node_modules\@npmcli\run-script\lib\node-gyp-bin;C:\Program Files\WindowsApps\Microsoft.PowerShell_7.3.2.0_x64__8wekyb3d8bbwe;C:\Python311\Scripts\;C:\Python311\;C:\Program Files (x86)\Intel\iCLS Client\;C:\Program Files\Intel\iCLS Client\;C:\Windows\system32;C:\Windows;C:\Windows\System32\Wbem;C:\Windows\System32\WindowsPowerShell\v1.0\;C:\Windows\System32\OpenSSH\;C:\Program Files (x86)\NVIDIA Corporation\PhysX\Common;C:\Program Files\NVIDIA Corporation\NVIDIA NvDLISR;C:\ProgramData\chocolatey\bin;C:\Program Files\Git\cmd;C:\Program Files\OpenJDK\openjdk-11.0.16_8\bin;c:\Program Files (x86)\Intel\Intel(R) Management Engine Components\DAL;c:\Program Files\Intel\Intel(R) Management Engine Components\DAL;c:\Program Files (x86)\Intel\Intel(R) Management Engine Components\IPT;c:\Program Files\Intel\Intel(R) Management Engine Components\IPT;C:\Program Files\nodejs\;C:\Users\Finner\.amplify\bin;C:\Users\Finner\AppData\Local\Microsoft\WindowsApps;C:\Users\Finner\AppData\Local\Programs\Microsoft VS Code\bin;C:\Users\Finner\AppData\Local\Android\Sdk\platform-tools;C:\Users\Finner\AppData\Local\Programs\oh-my-posh\bin;C:\Users\Finner\AppData\Roaming\npm
USERNAME=Finner
OS=Windows_NT
PROCESSOR_IDENTIFIER=Intel64 Family 6 Model 158 Stepping 9, GenuineIntel
TMP=C:\Users\Finner\AppData\Local\Temp
TEMP=C:\Users\Finner\AppData\Local\Temp



---------------  S Y S T E M  ---------------

OS: Windows 10 , 64 bit Build 19041 (10.0.19041.2364)
OS uptime: 0 days 1:17 hours

CPU:total 8 (initial active 8) (4 cores per cpu, 2 threads per core) family 6 model 158 stepping 9 microcode 0xb4, cmov, cx8, fxsr, mmx, sse, sse2, sse3, ssse3, sse4.1, sse4.2, popcnt, avx, avx2, aes, clmul, erms, 3dnowpref, lzcnt, ht, tsc, tscinvbit, bmi1, bmi2, adx, fma

Memory: 4k page, system-wide physical 8084M (678M free)
TotalPageFile size 9810M (AvailPageFile size 48M)
current process WorkingSet (physical memory assigned to process): 9M, peak: 9M
current process commit charge ("private bytes"): 59M, peak: 123M

vm_info: OpenJDK 64-Bit Server VM (11.0.16+8) for windows-amd64 JRE (11.0.16+8), built on Jul 17 2022 01:33:05 by "tester" with MS VC++ 15.9 (VS2017)

END.
