#
# There is insufficient memory for the Java Runtime Environment to continue.
# Native memory allocation (malloc) failed to allocate 32744 bytes for ChunkPool::allocate
# Possible reasons:
#   The system is out of physical RAM or swap space
#   The process is running with CompressedOops enabled, and the Java Heap may be blocking the growth of the native heap
# Possible solutions:
#   Reduce memory load on the system
#   Increase physical memory or swap space
#   Check if swap backing store is full
#   Decrease Java heap size (-Xmx/-Xms)
#   Decrease number of Java threads
#   Decrease Java thread stack sizes (-Xss)
#   Set larger code cache with -XX:ReservedCodeCacheSize=
#   JVM is running with Unscaled Compressed Oops mode in which the Java heap is
#     placed in the first 4GB address space. The Java Heap base address is the
#     maximum limit for the native heap growth. Please use -XX:HeapBaseMinAddress
#     to set the Java Heap base and to place the Java Heap above 4GB virtual address.
# This output file may be truncated or incomplete.
#
#  Out of Memory Error (./src/hotspot/share/memory/arena.cpp:81), pid=18376, tid=16732
#
# JRE version: OpenJDK Runtime Environment Microsoft-7208460 (11.0.18+10) (build 11.0.18+10-LTS)
# Java VM: OpenJDK 64-Bit Server VM Microsoft-7208460 (11.0.18+10-LTS, mixed mode, tiered, compressed oops, g1 gc, windows-amd64)
# No core dump will be written. Minidumps are not enabled by default on client versions of Windows
#

---------------  S U M M A R Y ------------

Command Line: -Xmx64m -Xms64m -Dorg.gradle.appname=gradlew org.gradle.wrapper.GradleWrapperMain bundleRelease

Host: Intel(R) Core(TM) i7-7700HQ CPU @ 2.80GHz, 8 cores, 15G,  Windows 10 , 64 bit Build 19041 (10.0.19041.2913)
Time: Wed Jun 21 14:31:59 2023 SE Asia Standard Time elapsed time: 96.542616 seconds (0d 0h 1m 36s)

---------------  T H R E A D  ---------------

Current thread (0x000001c5f74d7800):  JavaThread "C2 CompilerThread0" daemon [_thread_in_native, id=16732, stack(0x000000b460500000,0x000000b460600000)]


Current CompileTask:
C2:  96542 1616       4       org.gradle.internal.logging.console.DefaultWorkInProgressFormatter::format (102 bytes)

Stack: [0x000000b460500000,0x000000b460600000]
Native frames: (J=compiled Java code, j=interpreted, Vv=VM code, C=native code)
V  [jvm.dll+0x62bf8a]
V  [jvm.dll+0x7b8fb9]
V  [jvm.dll+0x7ba6a8]
V  [jvm.dll+0x7bad83]
V  [jvm.dll+0x250248]
V  [jvm.dll+0xc286b]
V  [jvm.dll+0xc2bcc]
V  [jvm.dll+0xc271b]
V  [jvm.dll+0x60978f]
V  [jvm.dll+0x2128f2]
V  [jvm.dll+0x20a77c]
V  [jvm.dll+0x2083eb]
V  [jvm.dll+0x18a4b1]
V  [jvm.dll+0x217eec]
V  [jvm.dll+0x21612b]
V  [jvm.dll+0x77bac0]
V  [jvm.dll+0x7749f4]
V  [jvm.dll+0x62adf5]
C  [ucrtbase.dll+0x21bb2]
C  [KERNEL32.DLL+0x17614]
C  [ntdll.dll+0x526a1]


---------------  P R O C E S S  ---------------

Threads class SMR info:
_java_thread_list=0x000001c5f879aa70, length=13, elements={
0x000001c5eae0a000, 0x000001c5f744f000, 0x000001c5f7479000, 0x000001c5f74d1000,
0x000001c5f74d2000, 0x000001c5f74d4800, 0x000001c5f74d7800, 0x000001c5f74d9000,
0x000001c5f74db000, 0x000001c5f776b000, 0x000001c5f8413000, 0x000001c5f8859800,
0x000001c5f7767000
}

Java Threads: ( => current thread )
  0x000001c5eae0a000 JavaThread "main" [_thread_in_native, id=14532, stack(0x000000b45f900000,0x000000b45fa00000)]
  0x000001c5f744f000 JavaThread "Reference Handler" daemon [_thread_blocked, id=3272, stack(0x000000b460000000,0x000000b460100000)]
  0x000001c5f7479000 JavaThread "Finalizer" daemon [_thread_blocked, id=18804, stack(0x000000b460100000,0x000000b460200000)]
  0x000001c5f74d1000 JavaThread "Signal Dispatcher" daemon [_thread_blocked, id=16720, stack(0x000000b460200000,0x000000b460300000)]
  0x000001c5f74d2000 JavaThread "Attach Listener" daemon [_thread_blocked, id=20876, stack(0x000000b460300000,0x000000b460400000)]
  0x000001c5f74d4800 JavaThread "Service Thread" daemon [_thread_blocked, id=15804, stack(0x000000b460400000,0x000000b460500000)]
=>0x000001c5f74d7800 JavaThread "C2 CompilerThread0" daemon [_thread_in_native, id=16732, stack(0x000000b460500000,0x000000b460600000)]
  0x000001c5f74d9000 JavaThread "C1 CompilerThread0" daemon [_thread_blocked, id=18756, stack(0x000000b460600000,0x000000b460700000)]
  0x000001c5f74db000 JavaThread "Sweeper thread" daemon [_thread_blocked, id=11784, stack(0x000000b460700000,0x000000b460800000)]
  0x000001c5f776b000 JavaThread "Common-Cleaner" daemon [_thread_blocked, id=20276, stack(0x000000b460900000,0x000000b460a00000)]
  0x000001c5f8413000 JavaThread "pool-1-thread-1" [_thread_blocked, id=15992, stack(0x000000b460d00000,0x000000b460e00000)]
  0x000001c5f8859800 JavaThread "DisconnectableInputStream source reader" daemon [_thread_in_native, id=17680, stack(0x000000b460c00000,0x000000b460d00000)]
  0x000001c5f7767000 JavaThread "Forward input" [_thread_blocked, id=8552, stack(0x000000b460e00000,0x000000b460f00000)]

Other Threads:
  0x000001c5f744d000 VMThread "VM Thread" [stack: 0x000000b45ff00000,0x000000b460000000] [id=17720]
  0x000001c5f7762800 WatcherThread [stack: 0x000000b460800000,0x000000b460900000] [id=19828]
  0x000001c5eae21000 GCTaskThread "GC Thread#0" [stack: 0x000000b45fa00000,0x000000b45fb00000] [id=13872]
  0x000001c5f82ad800 GCTaskThread "GC Thread#1" [stack: 0x000000b460b00000,0x000000b460c00000] [id=17324]
  0x000001c5eae2b800 ConcurrentGCThread "G1 Main Marker" [stack: 0x000000b45fb00000,0x000000b45fc00000] [id=4336]
  0x000001c5eae2f000 ConcurrentGCThread "G1 Conc#0" [stack: 0x000000b45fc00000,0x000000b45fd00000] [id=16144]
  0x000001c5eae97800 ConcurrentGCThread "G1 Refine#0" [stack: 0x000000b45fd00000,0x000000b45fe00000] [id=1232]
  0x000001c5eae98800 ConcurrentGCThread "G1 Young RemSet Sampling" [stack: 0x000000b45fe00000,0x000000b45ff00000] [id=13560]

Threads with active compile tasks:
C2 CompilerThread0    96571 1616       4       org.gradle.internal.logging.console.DefaultWorkInProgressFormatter::format (102 bytes)

VM state:not at safepoint (normal execution)

VM Mutex/Monitor currently owned by a thread: None

Heap address: 0x00000000fc000000, size: 64 MB, Compressed Oops mode: 32-bit
Narrow klass base: 0x0000000000000000, Narrow klass shift: 3
Compressed class space size: 1073741824 Address: 0x0000000100000000

Heap:
 garbage-first heap   total 65536K, used 32601K [0x00000000fc000000, 0x0000000100000000)
  region size 1024K, 27 young (27648K), 3 survivors (3072K)
 Metaspace       used 15957K, capacity 16235K, committed 16256K, reserved 1062912K
  class space    used 1796K, capacity 1905K, committed 1920K, reserved 1048576K
Heap Regions: E=young(eden), S=young(survivor), O=old, HS=humongous(starts), HC=humongous(continues), CS=collection set, F=free, A=archive, TAMS=top-at-mark-start (previous, next)
|   0|0x00000000fc000000, 0x00000000fc000000, 0x00000000fc100000|  0%| F|  |TAMS 0x00000000fc000000, 0x00000000fc000000| Untracked 
|   1|0x00000000fc100000, 0x00000000fc100000, 0x00000000fc200000|  0%| F|  |TAMS 0x00000000fc100000, 0x00000000fc100000| Untracked 
|   2|0x00000000fc200000, 0x00000000fc200000, 0x00000000fc300000|  0%| F|  |TAMS 0x00000000fc200000, 0x00000000fc200000| Untracked 
|   3|0x00000000fc300000, 0x00000000fc400000, 0x00000000fc400000|100%|HS|  |TAMS 0x00000000fc300000, 0x00000000fc300000| Complete 
|   4|0x00000000fc400000, 0x00000000fc500000, 0x00000000fc500000|100%|HC|  |TAMS 0x00000000fc400000, 0x00000000fc400000| Complete 
|   5|0x00000000fc500000, 0x00000000fc600000, 0x00000000fc600000|100%|HC|  |TAMS 0x00000000fc500000, 0x00000000fc500000| Complete 
|   6|0x00000000fc600000, 0x00000000fc700000, 0x00000000fc700000|100%| O|  |TAMS 0x00000000fc600000, 0x00000000fc600000| Untracked 
|   7|0x00000000fc700000, 0x00000000fc800000, 0x00000000fc800000|100%| O|  |TAMS 0x00000000fc700000, 0x00000000fc700000| Untracked 
|   8|0x00000000fc800000, 0x00000000fc8d6400, 0x00000000fc900000| 83%| O|  |TAMS 0x00000000fc800000, 0x00000000fc800000| Untracked 
|   9|0x00000000fc900000, 0x00000000fc900000, 0x00000000fca00000|  0%| F|  |TAMS 0x00000000fc900000, 0x00000000fc900000| Untracked 
|  10|0x00000000fca00000, 0x00000000fca00000, 0x00000000fcb00000|  0%| F|  |TAMS 0x00000000fca00000, 0x00000000fca00000| Untracked 
|  11|0x00000000fcb00000, 0x00000000fcb00000, 0x00000000fcc00000|  0%| F|  |TAMS 0x00000000fcb00000, 0x00000000fcb00000| Untracked 
|  12|0x00000000fcc00000, 0x00000000fcc00000, 0x00000000fcd00000|  0%| F|  |TAMS 0x00000000fcc00000, 0x00000000fcc00000| Untracked 
|  13|0x00000000fcd00000, 0x00000000fcd00000, 0x00000000fce00000|  0%| F|  |TAMS 0x00000000fcd00000, 0x00000000fcd00000| Untracked 
|  14|0x00000000fce00000, 0x00000000fce00000, 0x00000000fcf00000|  0%| F|  |TAMS 0x00000000fce00000, 0x00000000fce00000| Untracked 
|  15|0x00000000fcf00000, 0x00000000fcf00000, 0x00000000fd000000|  0%| F|  |TAMS 0x00000000fcf00000, 0x00000000fcf00000| Untracked 
|  16|0x00000000fd000000, 0x00000000fd000000, 0x00000000fd100000|  0%| F|  |TAMS 0x00000000fd000000, 0x00000000fd000000| Untracked 
|  17|0x00000000fd100000, 0x00000000fd100000, 0x00000000fd200000|  0%| F|  |TAMS 0x00000000fd100000, 0x00000000fd100000| Untracked 
|  18|0x00000000fd200000, 0x00000000fd200000, 0x00000000fd300000|  0%| F|  |TAMS 0x00000000fd200000, 0x00000000fd200000| Untracked 
|  19|0x00000000fd300000, 0x00000000fd300000, 0x00000000fd400000|  0%| F|  |TAMS 0x00000000fd300000, 0x00000000fd300000| Untracked 
|  20|0x00000000fd400000, 0x00000000fd400000, 0x00000000fd500000|  0%| F|  |TAMS 0x00000000fd400000, 0x00000000fd400000| Untracked 
|  21|0x00000000fd500000, 0x00000000fd500000, 0x00000000fd600000|  0%| F|  |TAMS 0x00000000fd500000, 0x00000000fd500000| Untracked 
|  22|0x00000000fd600000, 0x00000000fd600000, 0x00000000fd700000|  0%| F|  |TAMS 0x00000000fd600000, 0x00000000fd600000| Untracked 
|  23|0x00000000fd700000, 0x00000000fd700000, 0x00000000fd800000|  0%| F|  |TAMS 0x00000000fd700000, 0x00000000fd700000| Untracked 
|  24|0x00000000fd800000, 0x00000000fd800000, 0x00000000fd900000|  0%| F|  |TAMS 0x00000000fd800000, 0x00000000fd800000| Untracked 
|  25|0x00000000fd900000, 0x00000000fd900000, 0x00000000fda00000|  0%| F|  |TAMS 0x00000000fd900000, 0x00000000fd900000| Untracked 
|  26|0x00000000fda00000, 0x00000000fda00000, 0x00000000fdb00000|  0%| F|  |TAMS 0x00000000fda00000, 0x00000000fda00000| Untracked 
|  27|0x00000000fdb00000, 0x00000000fdb00000, 0x00000000fdc00000|  0%| F|  |TAMS 0x00000000fdb00000, 0x00000000fdb00000| Untracked 
|  28|0x00000000fdc00000, 0x00000000fdc00000, 0x00000000fdd00000|  0%| F|  |TAMS 0x00000000fdc00000, 0x00000000fdc00000| Untracked 
|  29|0x00000000fdd00000, 0x00000000fdd00000, 0x00000000fde00000|  0%| F|  |TAMS 0x00000000fdd00000, 0x00000000fdd00000| Untracked 
|  30|0x00000000fde00000, 0x00000000fde00000, 0x00000000fdf00000|  0%| F|  |TAMS 0x00000000fde00000, 0x00000000fde00000| Untracked 
|  31|0x00000000fdf00000, 0x00000000fdf00000, 0x00000000fe000000|  0%| F|  |TAMS 0x00000000fdf00000, 0x00000000fdf00000| Untracked 
|  32|0x00000000fe000000, 0x00000000fe000000, 0x00000000fe100000|  0%| F|  |TAMS 0x00000000fe000000, 0x00000000fe000000| Untracked 
|  33|0x00000000fe100000, 0x00000000fe100000, 0x00000000fe200000|  0%| F|  |TAMS 0x00000000fe100000, 0x00000000fe100000| Untracked 
|  34|0x00000000fe200000, 0x00000000fe200000, 0x00000000fe300000|  0%| F|  |TAMS 0x00000000fe200000, 0x00000000fe200000| Untracked 
|  35|0x00000000fe300000, 0x00000000fe300000, 0x00000000fe400000|  0%| F|  |TAMS 0x00000000fe300000, 0x00000000fe300000| Untracked 
|  36|0x00000000fe400000, 0x00000000fe400000, 0x00000000fe500000|  0%| F|  |TAMS 0x00000000fe400000, 0x00000000fe400000| Untracked 
|  37|0x00000000fe500000, 0x00000000fe600000, 0x00000000fe600000|100%| S|CS|TAMS 0x00000000fe500000, 0x00000000fe500000| Complete 
|  38|0x00000000fe600000, 0x00000000fe700000, 0x00000000fe700000|100%| S|CS|TAMS 0x00000000fe600000, 0x00000000fe600000| Complete 
|  39|0x00000000fe700000, 0x00000000fe800000, 0x00000000fe800000|100%| S|CS|TAMS 0x00000000fe700000, 0x00000000fe700000| Complete 
|  40|0x00000000fe800000, 0x00000000fe845a10, 0x00000000fe900000| 27%| E|  |TAMS 0x00000000fe800000, 0x00000000fe800000| Complete 
|  41|0x00000000fe900000, 0x00000000fea00000, 0x00000000fea00000|100%| E|CS|TAMS 0x00000000fe900000, 0x00000000fe900000| Complete 
|  42|0x00000000fea00000, 0x00000000feb00000, 0x00000000feb00000|100%| E|CS|TAMS 0x00000000fea00000, 0x00000000fea00000| Complete 
|  43|0x00000000feb00000, 0x00000000fec00000, 0x00000000fec00000|100%| E|CS|TAMS 0x00000000feb00000, 0x00000000feb00000| Complete 
|  44|0x00000000fec00000, 0x00000000fed00000, 0x00000000fed00000|100%| E|CS|TAMS 0x00000000fec00000, 0x00000000fec00000| Complete 
|  45|0x00000000fed00000, 0x00000000fee00000, 0x00000000fee00000|100%| E|CS|TAMS 0x00000000fed00000, 0x00000000fed00000| Complete 
|  46|0x00000000fee00000, 0x00000000fef00000, 0x00000000fef00000|100%| E|CS|TAMS 0x00000000fee00000, 0x00000000fee00000| Complete 
|  47|0x00000000fef00000, 0x00000000ff000000, 0x00000000ff000000|100%| E|CS|TAMS 0x00000000fef00000, 0x00000000fef00000| Complete 
|  48|0x00000000ff000000, 0x00000000ff100000, 0x00000000ff100000|100%| E|CS|TAMS 0x00000000ff000000, 0x00000000ff000000| Complete 
|  49|0x00000000ff100000, 0x00000000ff200000, 0x00000000ff200000|100%| E|CS|TAMS 0x00000000ff100000, 0x00000000ff100000| Complete 
|  50|0x00000000ff200000, 0x00000000ff300000, 0x00000000ff300000|100%| E|CS|TAMS 0x00000000ff200000, 0x00000000ff200000| Complete 
|  51|0x00000000ff300000, 0x00000000ff400000, 0x00000000ff400000|100%| E|CS|TAMS 0x00000000ff300000, 0x00000000ff300000| Complete 
|  52|0x00000000ff400000, 0x00000000ff500000, 0x00000000ff500000|100%| E|CS|TAMS 0x00000000ff400000, 0x00000000ff400000| Complete 
|  53|0x00000000ff500000, 0x00000000ff600000, 0x00000000ff600000|100%| E|CS|TAMS 0x00000000ff500000, 0x00000000ff500000| Complete 
|  54|0x00000000ff600000, 0x00000000ff700000, 0x00000000ff700000|100%| E|CS|TAMS 0x00000000ff600000, 0x00000000ff600000| Complete 
|  55|0x00000000ff700000, 0x00000000ff800000, 0x00000000ff800000|100%| E|CS|TAMS 0x00000000ff700000, 0x00000000ff700000| Complete 
|  56|0x00000000ff800000, 0x00000000ff900000, 0x00000000ff900000|100%| E|CS|TAMS 0x00000000ff800000, 0x00000000ff800000| Complete 
|  57|0x00000000ff900000, 0x00000000ffa00000, 0x00000000ffa00000|100%| E|CS|TAMS 0x00000000ff900000, 0x00000000ff900000| Complete 
|  58|0x00000000ffa00000, 0x00000000ffb00000, 0x00000000ffb00000|100%| E|CS|TAMS 0x00000000ffa00000, 0x00000000ffa00000| Complete 
|  59|0x00000000ffb00000, 0x00000000ffc00000, 0x00000000ffc00000|100%| E|CS|TAMS 0x00000000ffb00000, 0x00000000ffb00000| Complete 
|  60|0x00000000ffc00000, 0x00000000ffd00000, 0x00000000ffd00000|100%| E|CS|TAMS 0x00000000ffc00000, 0x00000000ffc00000| Complete 
|  61|0x00000000ffd00000, 0x00000000ffe00000, 0x00000000ffe00000|100%| E|CS|TAMS 0x00000000ffd00000, 0x00000000ffd00000| Complete 
|  62|0x00000000ffe00000, 0x00000000fff00000, 0x00000000fff00000|100%| E|CS|TAMS 0x00000000ffe00000, 0x00000000ffe00000| Complete 
|  63|0x00000000fff00000, 0x0000000100000000, 0x0000000100000000|100%| E|CS|TAMS 0x00000000fff00000, 0x00000000fff00000| Complete 

Card table byte_map: [0x000001c5f4040000,0x000001c5f4060000] _byte_map_base: 0x000001c5f3860000

Marking Bits (Prev, Next): (CMBitMap*) 0x000001c5eae2a6e8, (CMBitMap*) 0x000001c5eae2a720
 Prev Bits: [0x000001c5f4080000, 0x000001c5f4180000)
 Next Bits: [0x000001c5f4180000, 0x000001c5f4280000)

Polling page: 0x000001c5f3590000

Metaspace:

Usage:
  Non-class:     13.99 MB capacity,    13.83 MB ( 99%) used,   146.12 KB (  1%) free+waste,    22.25 KB ( <1%) overhead. 
      Class:      1.86 MB capacity,     1.75 MB ( 94%) used,    97.99 KB (  5%) free+waste,    10.81 KB ( <1%) overhead. 
       Both:     15.85 MB capacity,    15.58 MB ( 98%) used,   244.11 KB (  2%) free+waste,    33.06 KB ( <1%) overhead. 

Virtual space:
  Non-class space:       14.00 MB reserved,      14.00 MB (100%) committed 
      Class space:        1.00 GB reserved,       1.88 MB ( <1%) committed 
             Both:        1.01 GB reserved,      15.88 MB (  2%) committed 

Chunk freelists:
   Non-Class:  6.00 KB
       Class:  15.00 KB
        Both:  21.00 KB

MaxMetaspaceSize: 17179869184.00 GB
CompressedClassSpaceSize: 1.00 GB
Initial GC threshold: 20.80 MB
Current GC threshold: 20.80 MB
CDS: off

CodeHeap 'non-profiled nmethods': size=120000Kb used=597Kb max_used=597Kb free=119402Kb
 bounds [0x000001c587ad0000, 0x000001c587d40000, 0x000001c58f000000]
CodeHeap 'profiled nmethods': size=120000Kb used=3103Kb max_used=3103Kb free=116896Kb
 bounds [0x000001c5805a0000, 0x000001c5808b0000, 0x000001c587ad0000]
CodeHeap 'non-nmethods': size=5760Kb used=1164Kb max_used=1183Kb free=4595Kb
 bounds [0x000001c580000000, 0x000001c580270000, 0x000001c5805a0000]
 total_blobs=2040 nmethods=1612 adapters=341
 compilation: enabled
              stopped_count=0, restarted_count=0
 full_count=0

Compilation events (20 events):
Event: 86.160 Thread 0x000001c5f74d9000 nmethod 1606 0x000001c5808a4710 code [0x000001c5808a4900, 0x000001c5808a4cf8]
Event: 86.165 Thread 0x000001c5f74d9000 1607       3       org.gradle.internal.logging.console.DefaultAnsiExecutor::writeAt (42 bytes)
Event: 86.167 Thread 0x000001c5f74d9000 nmethod 1607 0x000001c5808a4e90 code [0x000001c5808a51e0, 0x000001c5808a6698]
Event: 86.171 Thread 0x000001c5f74d9000 1608       1       org.gradle.internal.logging.text.AbstractStyledTextOutput::getStyle (5 bytes)
Event: 86.171 Thread 0x000001c5f74d9000 nmethod 1608 0x000001c587b64810 code [0x000001c587b649c0, 0x000001c587b64a78]
Event: 86.173 Thread 0x000001c5f74d9000 1609       3       org.gradle.internal.logging.text.AbstractLineChoppingStyledTextOutput$StateContext::reset (16 bytes)
Event: 86.173 Thread 0x000001c5f74d9000 nmethod 1609 0x000001c5808a6e10 code [0x000001c5808a6fc0, 0x000001c5808a7138]
Event: 86.173 Thread 0x000001c5f74d9000 1610       3       org.gradle.internal.logging.text.AbstractLineChoppingStyledTextOutput$SeenFromEol::clear (6 bytes)
Event: 86.173 Thread 0x000001c5f74d9000 nmethod 1610 0x000001c5808a7210 code [0x000001c5808a73c0, 0x000001c5808a74b8]
Event: 86.173 Thread 0x000001c5f74d9000 1611       3       org.gradle.internal.logging.text.AbstractLineChoppingStyledTextOutput$StateContext::flushEndLine (9 bytes)
Event: 86.174 Thread 0x000001c5f74d9000 nmethod 1611 0x000001c5808a7590 code [0x000001c5808a7740, 0x000001c5808a7908]
Event: 86.177 Thread 0x000001c5f74d9000 1612       1       org.gradle.internal.logging.sink.GroupingProgressLogEventGenerator::access$500 (5 bytes)
Event: 86.177 Thread 0x000001c5f74d9000 nmethod 1612 0x000001c587b64b10 code [0x000001c587b64cc0, 0x000001c587b64d58]
Event: 86.192 Thread 0x000001c5f74d9000 1613       3       java.util.ArrayList::toArray (12 bytes)
Event: 86.192 Thread 0x000001c5f74d9000 nmethod 1613 0x000001c5808a7a10 code [0x000001c5808a7be0, 0x000001c5808a7da8]
Event: 89.370 Thread 0x000001c5f74d7800 1614       4       java.util.LinkedHashMap$LinkedValueIterator::next (8 bytes)
Event: 89.373 Thread 0x000001c5f74d7800 nmethod 1614 0x000001c587b64e10 code [0x000001c587b64fa0, 0x000001c587b651d8]
Event: 94.544 Thread 0x000001c5f74d7800 1615       4       java.lang.InheritableThreadLocal::getMap (5 bytes)
Event: 94.544 Thread 0x000001c5f74d7800 nmethod 1615 0x000001c587b65310 code [0x000001c587b654a0, 0x000001c587b65518]
Event: 96.529 Thread 0x000001c5f74d7800 1616       4       org.gradle.internal.logging.console.DefaultWorkInProgressFormatter::format (102 bytes)

GC Heap History (2 events):
Event: 0.629 GC heap before
{Heap before GC invocations=0 (full 0):
 garbage-first heap   total 65536K, used 29696K [0x00000000fc000000, 0x0000000100000000)
  region size 1024K, 24 young (24576K), 0 survivors (0K)
 Metaspace       used 10244K, capacity 10477K, committed 10624K, reserved 1058816K
  class space    used 1037K, capacity 1129K, committed 1152K, reserved 1048576K
}
Event: 0.635 GC heap after
{Heap after GC invocations=1 (full 0):
 garbage-first heap   total 65536K, used 9049K [0x00000000fc000000, 0x0000000100000000)
  region size 1024K, 3 young (3072K), 3 survivors (3072K)
 Metaspace       used 10244K, capacity 10477K, committed 10624K, reserved 1058816K
  class space    used 1037K, capacity 1129K, committed 1152K, reserved 1048576K
}

Deoptimization events (20 events):
Event: 0.810 Thread 0x000001c5eae0a000 DEOPT PACKING pc=0x000001c58063f3ff sp=0x000000b45f9f63f0
Event: 0.810 Thread 0x000001c5eae0a000 DEOPT UNPACKING pc=0x000001c58004a95e sp=0x000000b45f9f5840 mode 0
Event: 0.940 Thread 0x000001c5eae0a000 DEOPT PACKING pc=0x000001c5806c5a30 sp=0x000000b45f9f8930
Event: 0.940 Thread 0x000001c5eae0a000 DEOPT UNPACKING pc=0x000001c58004a95e sp=0x000000b45f9f7e48 mode 0
Event: 0.948 Thread 0x000001c5eae0a000 Uncommon trap: trap_request=0xffffff4d fr.pc=0x000001c587b322e0 relative=0x00000000000001a0
Event: 0.948 Thread 0x000001c5eae0a000 Uncommon trap: reason=unstable_if action=reinterpret pc=0x000001c587b322e0 method=java.util.HashMap.getNode(ILjava/lang/Object;)Ljava/util/HashMap$Node; @ 129 c2
Event: 0.948 Thread 0x000001c5eae0a000 DEOPT PACKING pc=0x000001c587b322e0 sp=0x000000b45f9fa900
Event: 0.948 Thread 0x000001c5eae0a000 DEOPT UNPACKING pc=0x000001c58004a1af sp=0x000000b45f9fa800 mode 2
Event: 1.094 Thread 0x000001c5eae0a000 Uncommon trap: trap_request=0xffffff4d fr.pc=0x000001c587b260cc relative=0x0000000000001a6c
Event: 1.094 Thread 0x000001c5eae0a000 Uncommon trap: reason=unstable_if action=reinterpret pc=0x000001c587b260cc method=java.io.WinNTFileSystem.normalize(Ljava/lang/String;)Ljava/lang/String; @ 128 c2
Event: 1.094 Thread 0x000001c5eae0a000 DEOPT PACKING pc=0x000001c587b260cc sp=0x000000b45f9fa3a0
Event: 1.094 Thread 0x000001c5eae0a000 DEOPT UNPACKING pc=0x000001c58004a1af sp=0x000000b45f9fa378 mode 2
Event: 1.291 Thread 0x000001c5eae0a000 Uncommon trap: trap_request=0xffffff4d fr.pc=0x000001c587b06390 relative=0x0000000000000550
Event: 1.291 Thread 0x000001c5eae0a000 Uncommon trap: reason=unstable_if action=reinterpret pc=0x000001c587b06390 method=java.lang.AbstractStringBuilder.append(Ljava/lang/String;)Ljava/lang/AbstractStringBuilder; @ 1 c2
Event: 1.291 Thread 0x000001c5eae0a000 DEOPT PACKING pc=0x000001c587b06390 sp=0x000000b45f9fc8e0
Event: 1.291 Thread 0x000001c5eae0a000 DEOPT UNPACKING pc=0x000001c58004a1af sp=0x000000b45f9fc860 mode 2
Event: 1.291 Thread 0x000001c5eae0a000 Uncommon trap: trap_request=0xffffff4d fr.pc=0x000001c587b19064 relative=0x0000000000000524
Event: 1.291 Thread 0x000001c5eae0a000 Uncommon trap: reason=unstable_if action=reinterpret pc=0x000001c587b19064 method=java.lang.AbstractStringBuilder.append(Ljava/lang/String;)Ljava/lang/AbstractStringBuilder; @ 1 c2
Event: 1.291 Thread 0x000001c5eae0a000 DEOPT PACKING pc=0x000001c587b19064 sp=0x000000b45f9fc880
Event: 1.291 Thread 0x000001c5eae0a000 DEOPT UNPACKING pc=0x000001c58004a1af sp=0x000000b45f9fc868 mode 2

Classes redefined (0 events):
No events

Internal exceptions (14 events):
Event: 0.193 Thread 0x000001c5eae0a000 Exception <a 'java/lang/NoSuchMethodError'{0x00000000ffc5a408}: 'int java.lang.invoke.DirectMethodHandle$Holder.invokeStaticInit(java.lang.Object, java.lang.Object)'> (0x00000000ffc5a408) thrown at [./src/hotspot/share/interpreter/linkResolver.cpp, line 773]
Event: 0.226 Thread 0x000001c5eae0a000 Exception <a 'java/lang/NoSuchMethodError'{0x00000000ffb2ecf8}: 'int java.lang.invoke.DirectMethodHandle$Holder.invokeSpecial(java.lang.Object, java.lang.Object, java.lang.Object, java.lang.Object)'> (0x00000000ffb2ecf8) thrown at [./src/hotspot/share/interpreter/linkResolver.cpp, line 773]
Event: 0.230 Thread 0x000001c5eae0a000 Exception <a 'java/lang/NoSuchMethodError'{0x00000000ffb67760}: 'int java.lang.invoke.DirectMethodHandle$Holder.invokeSpecialIFC(java.lang.Object, java.lang.Object, int)'> (0x00000000ffb67760) thrown at [./src/hotspot/share/interpreter/linkResolver.cpp, line 773]
Event: 0.592 Thread 0x000001c5eae0a000 Implicit null exception at 0x000001c587b14775 to 0x000001c587b1494c
Event: 0.619 Thread 0x000001c5eae0a000 Exception <a 'java/lang/NoClassDefFoundError'{0x00000000fe86e2e8}: org/slf4j/impl/StaticMarkerBinder> (0x00000000fe86e2e8) thrown at [./src/hotspot/share/classfile/systemDictionary.cpp, line 219]
Event: 0.648 Thread 0x000001c5eae0a000 Exception <a 'java/lang/NoSuchMethodError'{0x00000000fff6c720}: 'java.lang.Object java.lang.invoke.DirectMethodHandle$Holder.invokeVirtual(java.lang.Object, java.lang.Object, java.lang.Object, java.lang.Object, java.lang.Object, java.lang.Object, java.lang.Object)'> (0x00000000fff6c720) thrown at [./src/hotspot/share/interpreter/linkResolver.cpp, line 773]
Event: 0.651 Thread 0x000001c5eae0a000 Exception <a 'java/lang/NoSuchMethodError'{0x00000000fffc5e00}: 'java.lang.Object java.lang.invoke.Invokers$Holder.invoker(java.lang.Object, java.lang.Object, java.lang.Object)'> (0x00000000fffc5e00) thrown at [./src/hotspot/share/interpreter/linkResolver.cpp, line 773]
Event: 0.656 Thread 0x000001c5eae0a000 Exception <a 'java/lang/NoSuchMethodError'{0x00000000fffd6aa0}: 'void java.lang.invoke.DelegatingMethodHandle$Holder.delegate(java.lang.Object, java.lang.Object, int, java.lang.Object)'> (0x00000000fffd6aa0) thrown at [./src/hotspot/share/interpreter/linkResolver.cpp, line 773]
Event: 0.778 Thread 0x000001c5eae0a000 Exception <a 'java/lang/NoSuchMethodError'{0x00000000ff709248}: 'java.lang.Object java.lang.invoke.DirectMethodHandle$Holder.invokeInterface(java.lang.Object, java.lang.Object, java.lang.Object)'> (0x00000000ff709248) thrown at [./src/hotspot/share/interpreter/linkResolver.cpp, line 773]
Event: 0.830 Thread 0x000001c5eae0a000 Exception <a 'java/lang/NoSuchMethodError'{0x00000000ff5a1620}: 'java.lang.Object java.lang.invoke.DirectMethodHandle$Holder.invokeStaticInit(java.lang.Object, java.lang.Object, java.lang.Object)'> (0x00000000ff5a1620) thrown at [./src/hotspot/share/interpreter/linkResolver.cpp, line 773]
Event: 0.965 Thread 0x000001c5eae0a000 Exception <a 'java/lang/NoSuchMethodError'{0x00000000fef23e10}: 'java.lang.Object java.lang.invoke.DirectMethodHandle$Holder.invokeStaticInit(java.lang.Object, int, int, int, int)'> (0x00000000fef23e10) thrown at [./src/hotspot/share/interpreter/linkResolver.cpp, line 773]
Event: 1.103 Thread 0x000001c5eae0a000 Exception <a 'java/lang/NoSuchMethodError'{0x00000000fefe5120}: 'java.lang.Object java.lang.invoke.DirectMethodHandle$Holder.invokeStaticInit(java.lang.Object, java.lang.Object, int, int, int, int)'> (0x00000000fefe5120) thrown at [./src/hotspot/share/interpreter/linkResolver.cpp, line 773]
Event: 1.291 Thread 0x000001c5eae0a000 Implicit null exception at 0x000001c587b05e74 to 0x000001c587b06378
Event: 1.291 Thread 0x000001c5eae0a000 Implicit null exception at 0x000001c587b18b74 to 0x000001c587b1904c

Events (20 events):
Event: 18.102 loading class java/io/ObjectInputStream$BlockDataInputStream
Event: 18.102 loading class java/io/ObjectInputStream$BlockDataInputStream done
Event: 18.102 loading class java/io/ObjectInputStream$PeekInputStream
Event: 18.103 loading class java/io/ObjectInputStream$PeekInputStream done
Event: 18.103 loading class java/io/ObjectInputStream$HandleTable
Event: 18.103 loading class java/io/ObjectInputStream$HandleTable done
Event: 18.103 loading class java/io/ObjectInputStream$HandleTable$HandleList
Event: 18.103 loading class java/io/ObjectInputStream$HandleTable$HandleList done
Event: 18.103 loading class java/io/ObjectInputStream$ValidationList
Event: 18.103 loading class java/io/ObjectInputStream$ValidationList done
Event: 18.103 loading class java/io/ObjectInputFilter$Config
Event: 18.103 loading class java/io/ObjectInputFilter$Config done
Event: 18.103 loading class java/io/ObjectInputFilter
Event: 18.103 loading class java/io/ObjectInputFilter done
Event: 18.103 loading class jdk/internal/misc/JavaObjectInputFilterAccess
Event: 18.103 loading class jdk/internal/misc/JavaObjectInputFilterAccess done
Event: 18.103 loading class java/io/Bits
Event: 18.103 loading class java/io/Bits done
Event: 18.103 loading class org/gradle/internal/serialize/ExceptionReplacingObjectInputStream$1
Event: 18.103 loading class org/gradle/internal/serialize/ExceptionReplacingObjectInputStream$1 done


Dynamic libraries:
0x00007ff6a3340000 - 0x00007ff6a334d000 	C:\Program Files\Microsoft\jdk-11.0.18.10-hotspot\bin\java.exe
0x00007ff898710000 - 0x00007ff898908000 	C:\Windows\SYSTEM32\ntdll.dll
0x00007ff896c50000 - 0x00007ff896d0f000 	C:\Windows\System32\KERNEL32.DLL
0x00007ff896310000 - 0x00007ff896606000 	C:\Windows\System32\KERNELBASE.dll
0x00007ff896110000 - 0x00007ff896210000 	C:\Windows\System32\ucrtbase.dll
0x00007ff886ef0000 - 0x00007ff886f07000 	C:\Program Files\Microsoft\jdk-11.0.18.10-hotspot\bin\jli.dll
0x00007ff8814e0000 - 0x00007ff8814f5000 	C:\Program Files\Microsoft\jdk-11.0.18.10-hotspot\bin\VCRUNTIME140.dll
0x00007ff897ac0000 - 0x00007ff897c5d000 	C:\Windows\System32\USER32.dll
0x00007ff895ef0000 - 0x00007ff895f12000 	C:\Windows\System32\win32u.dll
0x00007ff8798f0000 - 0x00007ff879b8a000 	C:\Windows\WinSxS\amd64_microsoft.windows.common-controls_6595b64144ccf1df_6.0.19041.1110_none_60b5254171f9507e\COMCTL32.dll
0x00007ff897a90000 - 0x00007ff897abc000 	C:\Windows\System32\GDI32.dll
0x00007ff897d70000 - 0x00007ff897e0e000 	C:\Windows\System32\msvcrt.dll
0x00007ff895f50000 - 0x00007ff896065000 	C:\Windows\System32\gdi32full.dll
0x00007ff896070000 - 0x00007ff89610d000 	C:\Windows\System32\msvcp_win.dll
0x00007ff896890000 - 0x00007ff8968c0000 	C:\Windows\System32\IMM32.DLL
0x00007ff810ab0000 - 0x00007ff810b4b000 	C:\Program Files\Microsoft\jdk-11.0.18.10-hotspot\bin\msvcp140.dll
0x00007ff80f590000 - 0x00007ff810122000 	C:\Program Files\Microsoft\jdk-11.0.18.10-hotspot\bin\server\jvm.dll
0x00007ff8970e0000 - 0x00007ff89718f000 	C:\Windows\System32\ADVAPI32.dll
0x00007ff897e10000 - 0x00007ff897eac000 	C:\Windows\System32\sechost.dll
0x00007ff897960000 - 0x00007ff897a86000 	C:\Windows\System32\RPCRT4.dll
0x00007ff896d70000 - 0x00007ff896d78000 	C:\Windows\System32\PSAPI.DLL
0x00007ff886d60000 - 0x00007ff886d69000 	C:\Windows\SYSTEM32\WSOCK32.dll
0x00007ff87d910000 - 0x00007ff87d937000 	C:\Windows\SYSTEM32\WINMM.dll
0x00007ff893d90000 - 0x00007ff893d9a000 	C:\Windows\SYSTEM32\VERSION.dll
0x00007ff897740000 - 0x00007ff8977ab000 	C:\Windows\System32\WS2_32.dll
0x00007ff894640000 - 0x00007ff894652000 	C:\Windows\SYSTEM32\kernel.appcore.dll
0x00007ff8814d0000 - 0x00007ff8814e0000 	C:\Program Files\Microsoft\jdk-11.0.18.10-hotspot\bin\verify.dll
0x00007ff8932c0000 - 0x00007ff8934a4000 	C:\Windows\SYSTEM32\DBGHELP.DLL
0x00007ff891360000 - 0x00007ff891394000 	C:\Windows\SYSTEM32\dbgcore.DLL
0x00007ff895df0000 - 0x00007ff895e72000 	C:\Windows\System32\bcryptPrimitives.dll
0x00007ff86c0f0000 - 0x00007ff86c118000 	C:\Program Files\Microsoft\jdk-11.0.18.10-hotspot\bin\java.dll
0x00007ff873320000 - 0x00007ff87332a000 	C:\Program Files\Microsoft\jdk-11.0.18.10-hotspot\bin\jimage.dll
0x00007ff8443a0000 - 0x00007ff8443b8000 	C:\Program Files\Microsoft\jdk-11.0.18.10-hotspot\bin\zip.dll
0x00007ff897eb0000 - 0x00007ff8985f4000 	C:\Windows\System32\SHELL32.dll
0x00007ff893e90000 - 0x00007ff894623000 	C:\Windows\SYSTEM32\windows.storage.dll
0x00007ff896d80000 - 0x00007ff8970d4000 	C:\Windows\System32\combase.dll
0x00007ff895850000 - 0x00007ff89587e000 	C:\Windows\SYSTEM32\Wldp.dll
0x00007ff896770000 - 0x00007ff89681d000 	C:\Windows\System32\SHCORE.dll
0x00007ff897c60000 - 0x00007ff897cb5000 	C:\Windows\System32\shlwapi.dll
0x00007ff895d30000 - 0x00007ff895d4f000 	C:\Windows\SYSTEM32\profapi.dll
0x00007ff840b30000 - 0x00007ff840b49000 	C:\Program Files\Microsoft\jdk-11.0.18.10-hotspot\bin\net.dll
0x00007ff884080000 - 0x00007ff88418a000 	C:\Windows\SYSTEM32\WINHTTP.dll
0x00007ff8955b0000 - 0x00007ff89561a000 	C:\Windows\system32\mswsock.dll
0x00007ff810a90000 - 0x00007ff810aa3000 	C:\Program Files\Microsoft\jdk-11.0.18.10-hotspot\bin\nio.dll
0x00007ff80c360000 - 0x00007ff80c387000 	C:\Users\Finner\.gradle\native\e1d6ef7f7dcc3fd88c89a11ec53ec762bb8ba0a96d01ffa2cd45eb1d1d8dd5c5\windows-amd64\native-platform.dll
0x00007ff893d60000 - 0x00007ff893d6a000 	C:\Users\Finner\.gradle\native\jansi\1.18\windows64\jansi.dll
0x00007ff865890000 - 0x00007ff865899000 	C:\Program Files\Microsoft\jdk-11.0.18.10-hotspot\bin\management.dll
0x00007ff85ce60000 - 0x00007ff85ce6b000 	C:\Program Files\Microsoft\jdk-11.0.18.10-hotspot\bin\management_ext.dll
0x00007ff8957b0000 - 0x00007ff8957c8000 	C:\Windows\SYSTEM32\CRYPTSP.dll
0x00007ff894e60000 - 0x00007ff894e94000 	C:\Windows\system32\rsaenh.dll
0x00007ff895f20000 - 0x00007ff895f47000 	C:\Windows\System32\bcrypt.dll
0x00007ff895cf0000 - 0x00007ff895d1e000 	C:\Windows\SYSTEM32\USERENV.dll
0x00007ff8957a0000 - 0x00007ff8957ac000 	C:\Windows\SYSTEM32\CRYPTBASE.dll
0x00007ff895250000 - 0x00007ff89528c000 	C:\Windows\SYSTEM32\IPHLPAPI.DLL
0x00007ff896820000 - 0x00007ff896828000 	C:\Windows\System32\NSI.dll
0x00007ff8845a0000 - 0x00007ff8845b7000 	C:\Windows\SYSTEM32\dhcpcsvc6.DLL
0x00007ff884a20000 - 0x00007ff884a3d000 	C:\Windows\SYSTEM32\dhcpcsvc.DLL
0x00007ff8952a0000 - 0x00007ff89536b000 	C:\Windows\SYSTEM32\DNSAPI.dll

dbghelp: loaded successfully - version: 4.0.5 - missing functions: none
symbol engine: initialized successfully - sym options: 0x614 - pdb path: .;C:\Program Files\Microsoft\jdk-11.0.18.10-hotspot\bin;C:\Windows\SYSTEM32;C:\Windows\WinSxS\amd64_microsoft.windows.common-controls_6595b64144ccf1df_6.0.19041.1110_none_60b5254171f9507e;C:\Program Files\Microsoft\jdk-11.0.18.10-hotspot\bin\server;C:\Users\Finner\.gradle\native\e1d6ef7f7dcc3fd88c89a11ec53ec762bb8ba0a96d01ffa2cd45eb1d1d8dd5c5\windows-amd64;C:\Users\Finner\.gradle\native\jansi\1.18\windows64

VM Arguments:
jvm_args: -Xmx64m -Xms64m -Dorg.gradle.appname=gradlew 
java_command: org.gradle.wrapper.GradleWrapperMain bundleRelease
java_class_path (initial): D:\Mobile-Projects\Finner\android\\gradle\wrapper\gradle-wrapper.jar
Launcher Type: SUN_STANDARD

[Global flags]
     intx CICompilerCount                          = 4                                         {product} {ergonomic}
     uint ConcGCThreads                            = 2                                         {product} {ergonomic}
     uint G1ConcRefinementThreads                  = 8                                         {product} {ergonomic}
   size_t G1HeapRegionSize                         = 1048576                                   {product} {ergonomic}
    uintx GCDrainStackTargetSize                   = 64                                        {product} {ergonomic}
   size_t InitialHeapSize                          = 67108864                                  {product} {command line}
   size_t MarkStackSize                            = 4194304                                   {product} {ergonomic}
   size_t MaxHeapSize                              = 67108864                                  {product} {command line}
   size_t MaxNewSize                               = 39845888                                  {product} {ergonomic}
   size_t MinHeapDeltaBytes                        = 1048576                                   {product} {ergonomic}
    uintx NonNMethodCodeHeapSize                   = 5836300                                {pd product} {ergonomic}
    uintx NonProfiledCodeHeapSize                  = 122910970                              {pd product} {ergonomic}
    uintx ProfiledCodeHeapSize                     = 122910970                              {pd product} {ergonomic}
    uintx ReservedCodeCacheSize                    = 251658240                              {pd product} {ergonomic}
     bool SegmentedCodeCache                       = true                                      {product} {ergonomic}
     bool UseCompressedClassPointers               = true                                 {lp64_product} {ergonomic}
     bool UseCompressedOops                        = true                                 {lp64_product} {ergonomic}
     bool UseG1GC                                  = true                                      {product} {ergonomic}
     bool UseLargePagesIndividualAllocation        = false                                  {pd product} {ergonomic}

Logging:
Log output configuration:
 #0: stdout all=warning uptime,level,tags
 #1: stderr all=off uptime,level,tags

Environment Variables:
JAVA_HOME=C:\Program Files\Microsoft\jdk-11.0.18.10-hotspot\
CLASSPATH=D:\Mobile-Projects\Finner\android\\gradle\wrapper\gradle-wrapper.jar
PATH=C:\Program Files\WindowsApps\Microsoft.PowerShell_7.3.3.0_x64__8wekyb3d8bbwe;C:\Program Files\WindowsApps\Microsoft.PowerShell_7.3.2.0_x64__8wekyb3d8bbwe;C:\Program Files (x86)\Common Files\Intel\Shared Libraries\redist\intel64\compiler;C:\Program Files\Microsoft\jdk-11.0.18.10-hotspot\bin;C:\Python311\Scripts\;C:\Python311\;C:\Program Files (x86)\Intel\iCLS Client\;C:\Program Files\Intel\iCLS Client\;C:\Windows\system32;C:\Windows;C:\Windows\System32\Wbem;C:\Windows\System32\WindowsPowerShell\v1.0\;C:\Windows\System32\OpenSSH\;C:\Program Files (x86)\NVIDIA Corporation\PhysX\Common;C:\Program Files\NVIDIA Corporation\NVIDIA NvDLISR;C:\ProgramData\chocolatey\bin;C:\Program Files\Git\cmd;C:\Program Files\OpenJDK\openjdk-11.0.16_8\bin;c:\Program Files (x86)\Intel\Intel(R) Management Engine Components\DAL;c:\Program Files\Intel\Intel(R) Management Engine Components\DAL;c:\Program Files (x86)\Intel\Intel(R) Management Engine Components\IPT;c:\Program Files\Intel\Intel(R) Management Engine Components\IPT;C:\Program Files\nodejs\;C:\Program Files\PowerShell\7-preview\preview;C:\Users\Finner\.amplify\bin;C:\Users\Finner\.amplify\bin;C:\Users\Finner\.amplify\bin;C:\Users\Finner\.amplify\bin;C:\Users\Finner\.amplify\bin;C:\Users\Finner\.amplify\bin;C:\Users\Finner\AppData\Local\Microsoft\WindowsApps;C:\Users\Finner\AppData\Local\Programs\Microsoft VS Code\bin;C:\Users\Finner\AppData\Local\Android\Sdk\platform-tools;C:\Users\Finner\AppData\Local\Programs\oh-my-posh\bin;C:\Users\Finner\AppData\Roaming\npm
USERNAME=Finner
OS=Windows_NT
PROCESSOR_IDENTIFIER=Intel64 Family 6 Model 158 Stepping 9, GenuineIntel
TMP=C:\Users\Finner\AppData\Local\Temp
TEMP=C:\Users\Finner\AppData\Local\Temp



---------------  S Y S T E M  ---------------

OS: Windows 10 , 64 bit Build 19041 (10.0.19041.2913)
OS uptime: 0 days 5:35 hours

CPU:total 8 (initial active 8) (4 cores per cpu, 2 threads per core) family 6 model 158 stepping 9 microcode 0xb4, cmov, cx8, fxsr, mmx, sse, sse2, sse3, ssse3, sse4.1, sse4.2, popcnt, avx, avx2, aes, clmul, erms, 3dnowpref, lzcnt, ht, tsc, tscinvbit, bmi1, bmi2, adx, fma

Memory: 4k page, system-wide physical 16276M (1282M free)
TotalPageFile size 19135M (AvailPageFile size 1M)
current process WorkingSet (physical memory assigned to process): 91M, peak: 94M
current process commit charge ("private bytes"): 160M, peak: 166M

vm_info: OpenJDK 64-Bit Server VM (11.0.18+10-LTS) for windows-amd64 JRE (11.0.18+10-LTS), built on Jan 18 2023 15:56:47 by "MicrosoftCorporation" with MS VC++ 15.9 (VS2017)

END.
