#
# There is insufficient memory for the Java Runtime Environment to continue.
# Native memory allocation (malloc) failed to allocate 88176 bytes for Chunk::new
# Possible reasons:
#   The system is out of physical RAM or swap space
#   The process is running with CompressedOops enabled, and the Java Heap may be blocking the growth of the native heap
# Possible solutions:
#   Reduce memory load on the system
#   Increase physical memory or swap space
#   Check if swap backing store is full
#   Decrease Java heap size (-Xmx/-Xms)
#   Decrease number of Java threads
#   Decrease Java thread stack sizes (-Xss)
#   Set larger code cache with -XX:ReservedCodeCacheSize=
#   JVM is running with Zero Based Compressed Oops mode in which the Java heap is
#     placed in the first 32GB address space. The Java Heap base address is the
#     maximum limit for the native heap growth. Please use -XX:HeapBaseMinAddress
#     to set the Java Heap base and to place the Java Heap above 32GB virtual address.
# This output file may be truncated or incomplete.
#
#  Out of Memory Error (./src/hotspot/share/memory/arena.cpp:197), pid=11968, tid=17824
#
# JRE version: OpenJDK Runtime Environment Microsoft-7208460 (11.0.18+10) (build 11.0.18+10-LTS)
# Java VM: OpenJDK 64-Bit Server VM Microsoft-7208460 (11.0.18+10-LTS, mixed mode, tiered, compressed oops, g1 gc, windows-amd64)
# No core dump will be written. Minidumps are not enabled by default on client versions of Windows
#

---------------  S U M M A R Y ------------

Command Line: org.jetbrains.kotlin.cli.jvm.K2JVMCompiler @D:\Mobile-Projects\Finner\node_modules\react-native-screens\android\build\20230706_6751955635508995461.compiler.options

Host: Intel(R) Core(TM) i7-7700HQ CPU @ 2.80GHz, 8 cores, 15G,  Windows 10 , 64 bit Build 19041 (10.0.19041.3031)
Time: Thu Jul  6 08:58:33 2023 SE Asia Standard Time elapsed time: 18.964655 seconds (0d 0h 0m 18s)

---------------  T H R E A D  ---------------

Current thread (0x0000027cbd4de800):  JavaThread "C2 CompilerThread2" daemon [_thread_in_native, id=17824, stack(0x000000a713e00000,0x000000a713f00000)]


Current CompileTask:
C2:  18964 9733       4       org.jetbrains.kotlin.descriptors.impl.PropertyDescriptorImpl::initialize (22 bytes)

Stack: [0x000000a713e00000,0x000000a713f00000]
Native frames: (J=compiled Java code, j=interpreted, Vv=VM code, C=native code)
V  [jvm.dll+0x62bf8a]
V  [jvm.dll+0x7b8fb9]
V  [jvm.dll+0x7ba6a8]
V  [jvm.dll+0x7bad83]
V  [jvm.dll+0x250248]
V  [jvm.dll+0xc260c]
V  [jvm.dll+0xc2bcc]
V  [jvm.dll+0x35e182]
V  [jvm.dll+0x32a373]
V  [jvm.dll+0x3296aa]
V  [jvm.dll+0x2093b3]
V  [jvm.dll+0x20850d]
V  [jvm.dll+0x18a4b1]
V  [jvm.dll+0x217eec]
V  [jvm.dll+0x21612b]
V  [jvm.dll+0x77bac0]
V  [jvm.dll+0x7749f4]
V  [jvm.dll+0x62adf5]
C  [ucrtbase.dll+0x21bb2]
C  [KERNEL32.DLL+0x17614]
C  [ntdll.dll+0x526f1]


---------------  P R O C E S S  ---------------

Threads class SMR info:
_java_thread_list=0x0000027cc36d2d10, length=12, elements={
0x0000027c9857a800, 0x0000027cbc2ee000, 0x0000027cbc2f0000, 0x0000027cbcbf5800,
0x0000027cbcbf6800, 0x0000027cbcbfc000, 0x0000027cbcba5000, 0x0000027cbcbab000,
0x0000027cbcbac800, 0x0000027cbcd64800, 0x0000027cbcd2a800, 0x0000027cbd4de800
}

Java Threads: ( => current thread )
  0x0000027c9857a800 JavaThread "main" [_thread_in_Java, id=20756, stack(0x000000a712400000,0x000000a712500000)]
  0x0000027cbc2ee000 JavaThread "Reference Handler" daemon [_thread_blocked, id=16932, stack(0x000000a712b00000,0x000000a712c00000)]
  0x0000027cbc2f0000 JavaThread "Finalizer" daemon [_thread_blocked, id=7296, stack(0x000000a712c00000,0x000000a712d00000)]
  0x0000027cbcbf5800 JavaThread "Signal Dispatcher" daemon [_thread_blocked, id=19676, stack(0x000000a712d00000,0x000000a712e00000)]
  0x0000027cbcbf6800 JavaThread "Attach Listener" daemon [_thread_blocked, id=5984, stack(0x000000a712e00000,0x000000a712f00000)]
  0x0000027cbcbfc000 JavaThread "Service Thread" daemon [_thread_blocked, id=20732, stack(0x000000a712f00000,0x000000a713000000)]
  0x0000027cbcba5000 JavaThread "C2 CompilerThread0" daemon [_thread_blocked, id=7336, stack(0x000000a713000000,0x000000a713100000)]
  0x0000027cbcbab000 JavaThread "C1 CompilerThread0" daemon [_thread_in_vm, id=7844, stack(0x000000a713100000,0x000000a713200000)]
  0x0000027cbcbac800 JavaThread "Sweeper thread" daemon [_thread_blocked, id=11552, stack(0x000000a713200000,0x000000a713300000)]
  0x0000027cbcd64800 JavaThread "Common-Cleaner" daemon [_thread_blocked, id=14504, stack(0x000000a713400000,0x000000a713500000)]
  0x0000027cbcd2a800 JavaThread "C2 CompilerThread1" daemon [_thread_in_native, id=20996, stack(0x000000a713b00000,0x000000a713c00000)]
=>0x0000027cbd4de800 JavaThread "C2 CompilerThread2" daemon [_thread_in_native, id=17824, stack(0x000000a713e00000,0x000000a713f00000)]

Other Threads:
  0x0000027cbc2db800 VMThread "VM Thread" [stack: 0x000000a712a00000,0x000000a712b00000] [id=1824]
  0x0000027cbcd5a800 WatcherThread [stack: 0x000000a713300000,0x000000a713400000] [id=1232]
  0x0000027c9858d000 GCTaskThread "GC Thread#0" [stack: 0x000000a712500000,0x000000a712600000] [id=18288]
  0x0000027cbd31f000 GCTaskThread "GC Thread#1" [stack: 0x000000a713500000,0x000000a713600000] [id=16308]
  0x0000027cbd317000 GCTaskThread "GC Thread#2" [stack: 0x000000a713600000,0x000000a713700000] [id=3704]
  0x0000027cbd318000 GCTaskThread "GC Thread#3" [stack: 0x000000a713700000,0x000000a713800000] [id=14320]
  0x0000027cbd3e4800 GCTaskThread "GC Thread#4" [stack: 0x000000a713800000,0x000000a713900000] [id=5156]
  0x0000027cbd3e5800 GCTaskThread "GC Thread#5" [stack: 0x000000a713900000,0x000000a713a00000] [id=19080]
  0x0000027c985e9000 ConcurrentGCThread "G1 Main Marker" [stack: 0x000000a712600000,0x000000a712700000] [id=17304]
  0x0000027c985ec800 ConcurrentGCThread "G1 Conc#0" [stack: 0x000000a712700000,0x000000a712800000] [id=6816]
  0x0000027cbd732000 ConcurrentGCThread "G1 Conc#1" [stack: 0x000000a713a00000,0x000000a713b00000] [id=14724]
  0x0000027cbc1bb800 ConcurrentGCThread "G1 Refine#0" [stack: 0x000000a712800000,0x000000a712900000] [id=22424]
  0x0000027cbeba1800 ConcurrentGCThread "G1 Refine#1" [stack: 0x000000a713c00000,0x000000a713d00000] [id=15524]
  0x0000027cbdf82800 ConcurrentGCThread "G1 Refine#2" [stack: 0x000000a713d00000,0x000000a713e00000] [id=18692]
  0x0000027cbdf84000 ConcurrentGCThread "G1 Refine#3" [stack: 0x000000a713f00000,0x000000a714000000] [id=8620]
  0x0000027cbc1bc800 ConcurrentGCThread "G1 Young RemSet Sampling" [stack: 0x000000a712900000,0x000000a712a00000] [id=19216]

Threads with active compile tasks:
C2 CompilerThread1    18989 9679       4       org.jetbrains.kotlin.resolve.lazy.descriptors.LazyClassMemberScope::getNonDeclaredFunctions (235 bytes)
C2 CompilerThread2    18989 9733       4       org.jetbrains.kotlin.descriptors.impl.PropertyDescriptorImpl::initialize (22 bytes)

VM state:not at safepoint (normal execution)

VM Mutex/Monitor currently owned by a thread: None

Heap address: 0x0000000701a00000, size: 4070 MB, Compressed Oops mode: Zero based, Oop shift amount: 3
Narrow klass base: 0x0000000800000000, Narrow klass shift: 0
Compressed class space size: 1073741824 Address: 0x0000000800000000

Heap:
 garbage-first heap   total 262144K, used 144996K [0x0000000701a00000, 0x0000000800000000)
  region size 1024K, 99 young (101376K), 16 survivors (16384K)
 Metaspace       used 65554K, capacity 66347K, committed 66524K, reserved 1107968K
  class space    used 7325K, capacity 7667K, committed 7804K, reserved 1048576K
Heap Regions: E=young(eden), S=young(survivor), O=old, HS=humongous(starts), HC=humongous(continues), CS=collection set, F=free, A=archive, TAMS=top-at-mark-start (previous, next)
|   0|0x0000000701a00000, 0x0000000701b00000, 0x0000000701b00000|100%|HS|  |TAMS 0x0000000701b00000, 0x0000000701a00000| Complete 
|   1|0x0000000701b00000, 0x0000000701c00000, 0x0000000701c00000|100%|HC|  |TAMS 0x0000000701c00000, 0x0000000701b00000| Complete 
|   2|0x0000000701c00000, 0x0000000701d00000, 0x0000000701d00000|100%|HC|  |TAMS 0x0000000701d00000, 0x0000000701c00000| Complete 
|   3|0x0000000701d00000, 0x0000000701e00000, 0x0000000701e00000|100%| O|  |TAMS 0x0000000701e00000, 0x0000000701d00000| Untracked 
|   4|0x0000000701e00000, 0x0000000701f00000, 0x0000000701f00000|100%| O|  |TAMS 0x0000000701f00000, 0x0000000701e00000| Untracked 
|   5|0x0000000701f00000, 0x0000000702000000, 0x0000000702000000|100%|HS|  |TAMS 0x0000000702000000, 0x0000000701f00000| Complete 
|   6|0x0000000702000000, 0x0000000702100000, 0x0000000702100000|100%|HC|  |TAMS 0x0000000702100000, 0x0000000702000000| Complete 
|   7|0x0000000702100000, 0x0000000702200000, 0x0000000702200000|100%|HC|  |TAMS 0x0000000702200000, 0x0000000702100000| Complete 
|   8|0x0000000702200000, 0x0000000702300000, 0x0000000702300000|100%|HS|  |TAMS 0x0000000702300000, 0x0000000702200000| Complete 
|   9|0x0000000702300000, 0x0000000702400000, 0x0000000702400000|100%|HC|  |TAMS 0x0000000702400000, 0x0000000702300000| Complete 
|  10|0x0000000702400000, 0x0000000702500000, 0x0000000702500000|100%| O|  |TAMS 0x0000000702500000, 0x0000000702400000| Untracked 
|  11|0x0000000702500000, 0x0000000702600000, 0x0000000702600000|100%| O|  |TAMS 0x0000000702600000, 0x0000000702500000| Untracked 
|  12|0x0000000702600000, 0x0000000702700000, 0x0000000702700000|100%| O|  |TAMS 0x0000000702700000, 0x0000000702600000| Untracked 
|  13|0x0000000702700000, 0x0000000702800000, 0x0000000702800000|100%| O|  |TAMS 0x0000000702800000, 0x0000000702700000| Untracked 
|  14|0x0000000702800000, 0x0000000702900000, 0x0000000702900000|100%| O|  |TAMS 0x0000000702900000, 0x0000000702800000| Untracked 
|  15|0x0000000702900000, 0x0000000702a00000, 0x0000000702a00000|100%| O|  |TAMS 0x0000000702a00000, 0x0000000702900000| Untracked 
|  16|0x0000000702a00000, 0x0000000702b00000, 0x0000000702b00000|100%| O|  |TAMS 0x0000000702b00000, 0x0000000702a00000| Untracked 
|  17|0x0000000702b00000, 0x0000000702c00000, 0x0000000702c00000|100%| O|  |TAMS 0x0000000702c00000, 0x0000000702b00000| Untracked 
|  18|0x0000000702c00000, 0x0000000702d00000, 0x0000000702d00000|100%| O|  |TAMS 0x0000000702d00000, 0x0000000702c00000| Untracked 
|  19|0x0000000702d00000, 0x0000000702e00000, 0x0000000702e00000|100%| O|  |TAMS 0x0000000702e00000, 0x0000000702d00000| Untracked 
|  20|0x0000000702e00000, 0x0000000702f00000, 0x0000000702f00000|100%| O|  |TAMS 0x0000000702f00000, 0x0000000702e00000| Untracked 
|  21|0x0000000702f00000, 0x0000000703000000, 0x0000000703000000|100%| O|  |TAMS 0x0000000703000000, 0x0000000702f00000| Untracked 
|  22|0x0000000703000000, 0x0000000703100000, 0x0000000703100000|100%| O|  |TAMS 0x0000000703000000, 0x0000000703000000| Untracked 
|  23|0x0000000703100000, 0x0000000703200000, 0x0000000703200000|100%| O|  |TAMS 0x0000000703200000, 0x0000000703100000| Untracked 
|  24|0x0000000703200000, 0x0000000703300000, 0x0000000703300000|100%| O|  |TAMS 0x0000000703300000, 0x0000000703200000| Untracked 
|  25|0x0000000703300000, 0x0000000703400000, 0x0000000703400000|100%| O|  |TAMS 0x000000070334ca00, 0x0000000703300000| Untracked 
|  26|0x0000000703400000, 0x0000000703500000, 0x0000000703500000|100%| O|  |TAMS 0x0000000703400000, 0x0000000703400000| Untracked 
|  27|0x0000000703500000, 0x0000000703600000, 0x0000000703600000|100%| O|  |TAMS 0x0000000703500000, 0x0000000703500000| Untracked 
|  28|0x0000000703600000, 0x0000000703700000, 0x0000000703700000|100%| O|  |TAMS 0x0000000703600000, 0x0000000703600000| Untracked 
|  29|0x0000000703700000, 0x0000000703800000, 0x0000000703800000|100%| O|  |TAMS 0x0000000703700000, 0x0000000703700000| Untracked 
|  30|0x0000000703800000, 0x0000000703900000, 0x0000000703900000|100%| O|  |TAMS 0x0000000703800000, 0x0000000703800000| Untracked 
|  31|0x0000000703900000, 0x0000000703a00000, 0x0000000703a00000|100%| O|  |TAMS 0x0000000703900000, 0x0000000703900000| Untracked 
|  32|0x0000000703a00000, 0x0000000703b00000, 0x0000000703b00000|100%| O|  |TAMS 0x0000000703a00000, 0x0000000703a00000| Untracked 
|  33|0x0000000703b00000, 0x0000000703c00000, 0x0000000703c00000|100%| O|  |TAMS 0x0000000703b00000, 0x0000000703b00000| Untracked 
|  34|0x0000000703c00000, 0x0000000703d00000, 0x0000000703d00000|100%| O|  |TAMS 0x0000000703c00000, 0x0000000703c00000| Untracked 
|  35|0x0000000703d00000, 0x0000000703e00000, 0x0000000703e00000|100%| O|  |TAMS 0x0000000703d00000, 0x0000000703d00000| Untracked 
|  36|0x0000000703e00000, 0x0000000703f00000, 0x0000000703f00000|100%| O|  |TAMS 0x0000000703e00000, 0x0000000703e00000| Untracked 
|  37|0x0000000703f00000, 0x0000000704000000, 0x0000000704000000|100%| O|  |TAMS 0x0000000703f00000, 0x0000000703f00000| Untracked 
|  38|0x0000000704000000, 0x0000000704100000, 0x0000000704100000|100%| O|  |TAMS 0x0000000704000000, 0x0000000704000000| Untracked 
|  39|0x0000000704100000, 0x0000000704200000, 0x0000000704200000|100%| O|  |TAMS 0x0000000704100000, 0x0000000704100000| Untracked 
|  40|0x0000000704200000, 0x0000000704300000, 0x0000000704300000|100%| O|  |TAMS 0x0000000704200000, 0x0000000704200000| Untracked 
|  41|0x0000000704300000, 0x0000000704400000, 0x0000000704400000|100%| O|  |TAMS 0x0000000704300000, 0x0000000704300000| Untracked 
|  42|0x0000000704400000, 0x0000000704500000, 0x0000000704500000|100%| O|  |TAMS 0x0000000704400000, 0x0000000704400000| Untracked 
|  43|0x0000000704500000, 0x0000000704599000, 0x0000000704600000| 59%| O|  |TAMS 0x0000000704500000, 0x0000000704500000| Untracked 
|  44|0x0000000704600000, 0x0000000704600000, 0x0000000704700000|  0%| F|  |TAMS 0x0000000704600000, 0x0000000704600000| Untracked 
|  45|0x0000000704700000, 0x0000000704700000, 0x0000000704800000|  0%| F|  |TAMS 0x0000000704700000, 0x0000000704700000| Untracked 
|  46|0x0000000704800000, 0x0000000704800000, 0x0000000704900000|  0%| F|  |TAMS 0x0000000704800000, 0x0000000704800000| Untracked 
|  47|0x0000000704900000, 0x0000000704900000, 0x0000000704a00000|  0%| F|  |TAMS 0x0000000704900000, 0x0000000704900000| Untracked 
|  48|0x0000000704a00000, 0x0000000704a00000, 0x0000000704b00000|  0%| F|  |TAMS 0x0000000704a00000, 0x0000000704a00000| Untracked 
|  49|0x0000000704b00000, 0x0000000704b00000, 0x0000000704c00000|  0%| F|  |TAMS 0x0000000704b00000, 0x0000000704b00000| Untracked 
|  50|0x0000000704c00000, 0x0000000704c00000, 0x0000000704d00000|  0%| F|  |TAMS 0x0000000704c00000, 0x0000000704c00000| Untracked 
|  51|0x0000000704d00000, 0x0000000704d00000, 0x0000000704e00000|  0%| F|  |TAMS 0x0000000704d00000, 0x0000000704d00000| Untracked 
|  52|0x0000000704e00000, 0x0000000704e00000, 0x0000000704f00000|  0%| F|  |TAMS 0x0000000704e00000, 0x0000000704e00000| Untracked 
|  53|0x0000000704f00000, 0x0000000704f00000, 0x0000000705000000|  0%| F|  |TAMS 0x0000000704f00000, 0x0000000704f00000| Untracked 
|  54|0x0000000705000000, 0x0000000705000000, 0x0000000705100000|  0%| F|  |TAMS 0x0000000705000000, 0x0000000705000000| Untracked 
|  55|0x0000000705100000, 0x0000000705100000, 0x0000000705200000|  0%| F|  |TAMS 0x0000000705100000, 0x0000000705100000| Untracked 
|  56|0x0000000705200000, 0x0000000705200000, 0x0000000705300000|  0%| F|  |TAMS 0x0000000705200000, 0x0000000705200000| Untracked 
|  57|0x0000000705300000, 0x0000000705300000, 0x0000000705400000|  0%| F|  |TAMS 0x0000000705300000, 0x0000000705300000| Untracked 
|  58|0x0000000705400000, 0x0000000705400000, 0x0000000705500000|  0%| F|  |TAMS 0x0000000705400000, 0x0000000705400000| Untracked 
|  59|0x0000000705500000, 0x0000000705500000, 0x0000000705600000|  0%| F|  |TAMS 0x0000000705500000, 0x0000000705500000| Untracked 
|  60|0x0000000705600000, 0x0000000705600000, 0x0000000705700000|  0%| F|  |TAMS 0x0000000705600000, 0x0000000705600000| Untracked 
|  61|0x0000000705700000, 0x0000000705700000, 0x0000000705800000|  0%| F|  |TAMS 0x0000000705700000, 0x0000000705700000| Untracked 
|  62|0x0000000705800000, 0x0000000705800000, 0x0000000705900000|  0%| F|  |TAMS 0x0000000705800000, 0x0000000705800000| Untracked 
|  63|0x0000000705900000, 0x0000000705900000, 0x0000000705a00000|  0%| F|  |TAMS 0x0000000705900000, 0x0000000705900000| Untracked 
|  64|0x0000000705a00000, 0x0000000705a00000, 0x0000000705b00000|  0%| F|  |TAMS 0x0000000705a00000, 0x0000000705a00000| Untracked 
|  65|0x0000000705b00000, 0x0000000705b00000, 0x0000000705c00000|  0%| F|  |TAMS 0x0000000705b00000, 0x0000000705b00000| Untracked 
|  66|0x0000000705c00000, 0x0000000705c00000, 0x0000000705d00000|  0%| F|  |TAMS 0x0000000705c00000, 0x0000000705c00000| Untracked 
|  67|0x0000000705d00000, 0x0000000705d00000, 0x0000000705e00000|  0%| F|  |TAMS 0x0000000705d00000, 0x0000000705d00000| Untracked 
|  68|0x0000000705e00000, 0x0000000705e00000, 0x0000000705f00000|  0%| F|  |TAMS 0x0000000705e00000, 0x0000000705e00000| Untracked 
|  69|0x0000000705f00000, 0x0000000705f00000, 0x0000000706000000|  0%| F|  |TAMS 0x0000000705f00000, 0x0000000705f00000| Untracked 
|  70|0x0000000706000000, 0x0000000706000000, 0x0000000706100000|  0%| F|  |TAMS 0x0000000706000000, 0x0000000706000000| Untracked 
|  71|0x0000000706100000, 0x0000000706100000, 0x0000000706200000|  0%| F|  |TAMS 0x0000000706100000, 0x0000000706100000| Untracked 
|  72|0x0000000706200000, 0x0000000706200000, 0x0000000706300000|  0%| F|  |TAMS 0x0000000706200000, 0x0000000706200000| Untracked 
|  73|0x0000000706300000, 0x0000000706300000, 0x0000000706400000|  0%| F|  |TAMS 0x0000000706300000, 0x0000000706300000| Untracked 
|  74|0x0000000706400000, 0x0000000706400000, 0x0000000706500000|  0%| F|  |TAMS 0x0000000706400000, 0x0000000706400000| Untracked 
|  75|0x0000000706500000, 0x0000000706500000, 0x0000000706600000|  0%| F|  |TAMS 0x0000000706500000, 0x0000000706500000| Untracked 
|  76|0x0000000706600000, 0x0000000706600000, 0x0000000706700000|  0%| F|  |TAMS 0x0000000706600000, 0x0000000706600000| Untracked 
|  77|0x0000000706700000, 0x0000000706700000, 0x0000000706800000|  0%| F|  |TAMS 0x0000000706700000, 0x0000000706700000| Untracked 
|  78|0x0000000706800000, 0x0000000706800000, 0x0000000706900000|  0%| F|  |TAMS 0x0000000706800000, 0x0000000706800000| Untracked 
|  79|0x0000000706900000, 0x0000000706900000, 0x0000000706a00000|  0%| F|  |TAMS 0x0000000706900000, 0x0000000706900000| Untracked 
|  80|0x0000000706a00000, 0x0000000706a00000, 0x0000000706b00000|  0%| F|  |TAMS 0x0000000706a00000, 0x0000000706a00000| Untracked 
|  81|0x0000000706b00000, 0x0000000706b00000, 0x0000000706c00000|  0%| F|  |TAMS 0x0000000706b00000, 0x0000000706b00000| Untracked 
|  82|0x0000000706c00000, 0x0000000706c00000, 0x0000000706d00000|  0%| F|  |TAMS 0x0000000706c00000, 0x0000000706c00000| Untracked 
|  83|0x0000000706d00000, 0x0000000706d00000, 0x0000000706e00000|  0%| F|  |TAMS 0x0000000706d00000, 0x0000000706d00000| Untracked 
|  84|0x0000000706e00000, 0x0000000706e00000, 0x0000000706f00000|  0%| F|  |TAMS 0x0000000706e00000, 0x0000000706e00000| Untracked 
|  85|0x0000000706f00000, 0x0000000706f00000, 0x0000000707000000|  0%| F|  |TAMS 0x0000000706f00000, 0x0000000706f00000| Untracked 
|  86|0x0000000707000000, 0x0000000707000000, 0x0000000707100000|  0%| F|  |TAMS 0x0000000707000000, 0x0000000707000000| Untracked 
|  87|0x0000000707100000, 0x0000000707100000, 0x0000000707200000|  0%| F|  |TAMS 0x0000000707100000, 0x0000000707100000| Untracked 
|  88|0x0000000707200000, 0x0000000707200000, 0x0000000707300000|  0%| F|  |TAMS 0x0000000707200000, 0x0000000707200000| Untracked 
|  89|0x0000000707300000, 0x0000000707300000, 0x0000000707400000|  0%| F|  |TAMS 0x0000000707300000, 0x0000000707300000| Untracked 
|  90|0x0000000707400000, 0x0000000707400000, 0x0000000707500000|  0%| F|  |TAMS 0x0000000707400000, 0x0000000707400000| Untracked 
|  91|0x0000000707500000, 0x0000000707500000, 0x0000000707600000|  0%| F|  |TAMS 0x0000000707500000, 0x0000000707500000| Untracked 
|  92|0x0000000707600000, 0x0000000707600000, 0x0000000707700000|  0%| F|  |TAMS 0x0000000707600000, 0x0000000707600000| Untracked 
|  93|0x0000000707700000, 0x0000000707700000, 0x0000000707800000|  0%| F|  |TAMS 0x0000000707700000, 0x0000000707700000| Untracked 
|  94|0x0000000707800000, 0x0000000707800000, 0x0000000707900000|  0%| F|  |TAMS 0x0000000707800000, 0x0000000707800000| Untracked 
|  95|0x0000000707900000, 0x0000000707900000, 0x0000000707a00000|  0%| F|  |TAMS 0x0000000707900000, 0x0000000707900000| Untracked 
|  96|0x0000000707a00000, 0x0000000707a00000, 0x0000000707b00000|  0%| F|  |TAMS 0x0000000707a00000, 0x0000000707a00000| Untracked 
|  97|0x0000000707b00000, 0x0000000707b00000, 0x0000000707c00000|  0%| F|  |TAMS 0x0000000707b00000, 0x0000000707b00000| Untracked 
|  98|0x0000000707c00000, 0x0000000707c00000, 0x0000000707d00000|  0%| F|  |TAMS 0x0000000707c00000, 0x0000000707c00000| Untracked 
|  99|0x0000000707d00000, 0x0000000707d00000, 0x0000000707e00000|  0%| F|  |TAMS 0x0000000707d00000, 0x0000000707d00000| Untracked 
| 100|0x0000000707e00000, 0x0000000707e00000, 0x0000000707f00000|  0%| F|  |TAMS 0x0000000707e00000, 0x0000000707e00000| Untracked 
| 101|0x0000000707f00000, 0x0000000707f00000, 0x0000000708000000|  0%| F|  |TAMS 0x0000000707f00000, 0x0000000707f00000| Untracked 
| 102|0x0000000708000000, 0x0000000708000000, 0x0000000708100000|  0%| F|  |TAMS 0x0000000708000000, 0x0000000708000000| Untracked 
| 103|0x0000000708100000, 0x0000000708100000, 0x0000000708200000|  0%| F|  |TAMS 0x0000000708100000, 0x0000000708100000| Untracked 
| 104|0x0000000708200000, 0x0000000708200000, 0x0000000708300000|  0%| F|  |TAMS 0x0000000708200000, 0x0000000708200000| Untracked 
| 105|0x0000000708300000, 0x0000000708300000, 0x0000000708400000|  0%| F|  |TAMS 0x0000000708300000, 0x0000000708300000| Untracked 
| 106|0x0000000708400000, 0x0000000708400000, 0x0000000708500000|  0%| F|  |TAMS 0x0000000708400000, 0x0000000708400000| Untracked 
| 107|0x0000000708500000, 0x0000000708500000, 0x0000000708600000|  0%| F|  |TAMS 0x0000000708500000, 0x0000000708500000| Untracked 
| 108|0x0000000708600000, 0x0000000708600000, 0x0000000708700000|  0%| F|  |TAMS 0x0000000708600000, 0x0000000708600000| Untracked 
| 109|0x0000000708700000, 0x0000000708700000, 0x0000000708800000|  0%| F|  |TAMS 0x0000000708700000, 0x0000000708700000| Untracked 
| 110|0x0000000708800000, 0x0000000708800000, 0x0000000708900000|  0%| F|  |TAMS 0x0000000708800000, 0x0000000708800000| Untracked 
| 111|0x0000000708900000, 0x0000000708900000, 0x0000000708a00000|  0%| F|  |TAMS 0x0000000708900000, 0x0000000708900000| Untracked 
| 112|0x0000000708a00000, 0x0000000708a00000, 0x0000000708b00000|  0%| F|  |TAMS 0x0000000708a00000, 0x0000000708a00000| Untracked 
| 113|0x0000000708b00000, 0x0000000708b00000, 0x0000000708c00000|  0%| F|  |TAMS 0x0000000708b00000, 0x0000000708b00000| Untracked 
| 114|0x0000000708c00000, 0x0000000708c00000, 0x0000000708d00000|  0%| F|  |TAMS 0x0000000708c00000, 0x0000000708c00000| Untracked 
| 115|0x0000000708d00000, 0x0000000708d00000, 0x0000000708e00000|  0%| F|  |TAMS 0x0000000708d00000, 0x0000000708d00000| Untracked 
| 116|0x0000000708e00000, 0x0000000708f00000, 0x0000000708f00000|100%| S|CS|TAMS 0x0000000708e00000, 0x0000000708e00000| Complete 
| 117|0x0000000708f00000, 0x0000000709000000, 0x0000000709000000|100%| S|CS|TAMS 0x0000000708f00000, 0x0000000708f00000| Complete 
| 118|0x0000000709000000, 0x0000000709100000, 0x0000000709100000|100%| S|CS|TAMS 0x0000000709000000, 0x0000000709000000| Complete 
| 119|0x0000000709100000, 0x0000000709200000, 0x0000000709200000|100%| S|CS|TAMS 0x0000000709100000, 0x0000000709100000| Complete 
| 120|0x0000000709200000, 0x0000000709300000, 0x0000000709300000|100%| S|CS|TAMS 0x0000000709200000, 0x0000000709200000| Complete 
| 121|0x0000000709300000, 0x0000000709400000, 0x0000000709400000|100%| S|CS|TAMS 0x0000000709300000, 0x0000000709300000| Complete 
| 122|0x0000000709400000, 0x0000000709500000, 0x0000000709500000|100%| S|CS|TAMS 0x0000000709400000, 0x0000000709400000| Complete 
| 123|0x0000000709500000, 0x0000000709600000, 0x0000000709600000|100%| S|CS|TAMS 0x0000000709500000, 0x0000000709500000| Complete 
| 124|0x0000000709600000, 0x0000000709700000, 0x0000000709700000|100%| S|CS|TAMS 0x0000000709600000, 0x0000000709600000| Complete 
| 125|0x0000000709700000, 0x0000000709800000, 0x0000000709800000|100%| S|CS|TAMS 0x0000000709700000, 0x0000000709700000| Complete 
| 126|0x0000000709800000, 0x0000000709900000, 0x0000000709900000|100%| S|CS|TAMS 0x0000000709800000, 0x0000000709800000| Complete 
| 127|0x0000000709900000, 0x0000000709a00000, 0x0000000709a00000|100%| S|CS|TAMS 0x0000000709900000, 0x0000000709900000| Complete 
| 128|0x0000000709a00000, 0x0000000709b00000, 0x0000000709b00000|100%| S|CS|TAMS 0x0000000709a00000, 0x0000000709a00000| Complete 
| 129|0x0000000709b00000, 0x0000000709c00000, 0x0000000709c00000|100%| S|CS|TAMS 0x0000000709b00000, 0x0000000709b00000| Complete 
| 130|0x0000000709c00000, 0x0000000709d00000, 0x0000000709d00000|100%| S|CS|TAMS 0x0000000709c00000, 0x0000000709c00000| Complete 
| 131|0x0000000709d00000, 0x0000000709d00000, 0x0000000709e00000|  0%| F|  |TAMS 0x0000000709d00000, 0x0000000709d00000| Untracked 
| 132|0x0000000709e00000, 0x0000000709e00000, 0x0000000709f00000|  0%| F|  |TAMS 0x0000000709e00000, 0x0000000709e00000| Untracked 
| 133|0x0000000709f00000, 0x0000000709f00000, 0x000000070a000000|  0%| F|  |TAMS 0x0000000709f00000, 0x0000000709f00000| Untracked 
| 134|0x000000070a000000, 0x000000070a000000, 0x000000070a100000|  0%| F|  |TAMS 0x000000070a000000, 0x000000070a000000| Untracked 
| 135|0x000000070a100000, 0x000000070a100000, 0x000000070a200000|  0%| F|  |TAMS 0x000000070a100000, 0x000000070a100000| Untracked 
| 136|0x000000070a200000, 0x000000070a200000, 0x000000070a300000|  0%| F|  |TAMS 0x000000070a200000, 0x000000070a200000| Untracked 
| 137|0x000000070a300000, 0x000000070a300000, 0x000000070a400000|  0%| F|  |TAMS 0x000000070a300000, 0x000000070a300000| Untracked 
| 138|0x000000070a400000, 0x000000070a400000, 0x000000070a500000|  0%| F|  |TAMS 0x000000070a400000, 0x000000070a400000| Untracked 
| 139|0x000000070a500000, 0x000000070a500000, 0x000000070a600000|  0%| F|  |TAMS 0x000000070a500000, 0x000000070a500000| Untracked 
| 140|0x000000070a600000, 0x000000070a600000, 0x000000070a700000|  0%| F|  |TAMS 0x000000070a600000, 0x000000070a600000| Untracked 
| 141|0x000000070a700000, 0x000000070a700000, 0x000000070a800000|  0%| F|  |TAMS 0x000000070a700000, 0x000000070a700000| Untracked 
| 142|0x000000070a800000, 0x000000070a800000, 0x000000070a900000|  0%| F|  |TAMS 0x000000070a800000, 0x000000070a800000| Untracked 
| 143|0x000000070a900000, 0x000000070a900000, 0x000000070aa00000|  0%| F|  |TAMS 0x000000070a900000, 0x000000070a900000| Untracked 
| 144|0x000000070aa00000, 0x000000070aa00000, 0x000000070ab00000|  0%| F|  |TAMS 0x000000070aa00000, 0x000000070aa00000| Untracked 
| 145|0x000000070ab00000, 0x000000070ab00000, 0x000000070ac00000|  0%| F|  |TAMS 0x000000070ab00000, 0x000000070ab00000| Untracked 
| 146|0x000000070ac00000, 0x000000070ac00000, 0x000000070ad00000|  0%| F|  |TAMS 0x000000070ac00000, 0x000000070ac00000| Untracked 
| 147|0x000000070ad00000, 0x000000070ad00000, 0x000000070ae00000|  0%| F|  |TAMS 0x000000070ad00000, 0x000000070ad00000| Untracked 
| 148|0x000000070ae00000, 0x000000070ae00000, 0x000000070af00000|  0%| F|  |TAMS 0x000000070ae00000, 0x000000070ae00000| Untracked 
| 149|0x000000070af00000, 0x000000070b000000, 0x000000070b000000|100%| S|CS|TAMS 0x000000070af00000, 0x000000070af00000| Complete 
| 150|0x000000070b000000, 0x000000070b000000, 0x000000070b100000|  0%| F|  |TAMS 0x000000070b000000, 0x000000070b000000| Untracked 
| 151|0x000000070b100000, 0x000000070b100000, 0x000000070b200000|  0%| F|  |TAMS 0x000000070b100000, 0x000000070b100000| Untracked 
| 152|0x000000070b200000, 0x000000070b200000, 0x000000070b300000|  0%| F|  |TAMS 0x000000070b200000, 0x000000070b200000| Untracked 
| 153|0x000000070b300000, 0x000000070b300000, 0x000000070b400000|  0%| F|  |TAMS 0x000000070b300000, 0x000000070b300000| Untracked 
| 154|0x000000070b400000, 0x000000070b400000, 0x000000070b500000|  0%| F|  |TAMS 0x000000070b400000, 0x000000070b400000| Untracked 
| 155|0x000000070b500000, 0x000000070b500000, 0x000000070b600000|  0%| F|  |TAMS 0x000000070b500000, 0x000000070b500000| Untracked 
| 156|0x000000070b600000, 0x000000070b600000, 0x000000070b700000|  0%| F|  |TAMS 0x000000070b600000, 0x000000070b600000| Untracked 
| 157|0x000000070b700000, 0x000000070b700000, 0x000000070b800000|  0%| F|  |TAMS 0x000000070b700000, 0x000000070b700000| Untracked 
| 158|0x000000070b800000, 0x000000070b800000, 0x000000070b900000|  0%| F|  |TAMS 0x000000070b800000, 0x000000070b800000| Untracked 
| 159|0x000000070b900000, 0x000000070b900000, 0x000000070ba00000|  0%| F|  |TAMS 0x000000070b900000, 0x000000070b900000| Untracked 
| 160|0x000000070ba00000, 0x000000070ba00000, 0x000000070bb00000|  0%| F|  |TAMS 0x000000070ba00000, 0x000000070ba00000| Untracked 
| 161|0x000000070bb00000, 0x000000070bb00000, 0x000000070bc00000|  0%| F|  |TAMS 0x000000070bb00000, 0x000000070bb00000| Untracked 
| 162|0x000000070bc00000, 0x000000070bc00000, 0x000000070bd00000|  0%| F|  |TAMS 0x000000070bc00000, 0x000000070bc00000| Untracked 
| 163|0x000000070bd00000, 0x000000070bd00000, 0x000000070be00000|  0%| F|  |TAMS 0x000000070bd00000, 0x000000070bd00000| Untracked 
| 164|0x000000070be00000, 0x000000070be00000, 0x000000070bf00000|  0%| F|  |TAMS 0x000000070be00000, 0x000000070be00000| Untracked 
| 165|0x000000070bf00000, 0x000000070bf00000, 0x000000070c000000|  0%| F|  |TAMS 0x000000070bf00000, 0x000000070bf00000| Untracked 
| 166|0x000000070c000000, 0x000000070c000000, 0x000000070c100000|  0%| F|  |TAMS 0x000000070c000000, 0x000000070c000000| Untracked 
| 167|0x000000070c100000, 0x000000070c100000, 0x000000070c200000|  0%| F|  |TAMS 0x000000070c100000, 0x000000070c100000| Untracked 
| 168|0x000000070c200000, 0x000000070c200000, 0x000000070c300000|  0%| F|  |TAMS 0x000000070c200000, 0x000000070c200000| Untracked 
| 169|0x000000070c300000, 0x000000070c300000, 0x000000070c400000|  0%| F|  |TAMS 0x000000070c300000, 0x000000070c300000| Untracked 
| 170|0x000000070c400000, 0x000000070c400000, 0x000000070c500000|  0%| F|  |TAMS 0x000000070c400000, 0x000000070c400000| Untracked 
| 171|0x000000070c500000, 0x000000070c500000, 0x000000070c600000|  0%| F|  |TAMS 0x000000070c500000, 0x000000070c500000| Untracked 
| 172|0x000000070c600000, 0x000000070c600000, 0x000000070c700000|  0%| F|  |TAMS 0x000000070c600000, 0x000000070c600000| Untracked 
| 173|0x000000070c700000, 0x000000070c800000, 0x000000070c800000|100%| E|  |TAMS 0x000000070c700000, 0x000000070c700000| Complete 
| 174|0x000000070c800000, 0x000000070c900000, 0x000000070c900000|100%| E|CS|TAMS 0x000000070c800000, 0x000000070c800000| Complete 
| 175|0x000000070c900000, 0x000000070ca00000, 0x000000070ca00000|100%| E|CS|TAMS 0x000000070c900000, 0x000000070c900000| Complete 
| 176|0x000000070ca00000, 0x000000070cb00000, 0x000000070cb00000|100%| E|CS|TAMS 0x000000070ca00000, 0x000000070ca00000| Complete 
| 177|0x000000070cb00000, 0x000000070cc00000, 0x000000070cc00000|100%| E|CS|TAMS 0x000000070cb00000, 0x000000070cb00000| Complete 
| 178|0x000000070cc00000, 0x000000070cd00000, 0x000000070cd00000|100%| E|CS|TAMS 0x000000070cc00000, 0x000000070cc00000| Complete 
| 179|0x000000070cd00000, 0x000000070ce00000, 0x000000070ce00000|100%| E|CS|TAMS 0x000000070cd00000, 0x000000070cd00000| Complete 
| 180|0x000000070ce00000, 0x000000070cf00000, 0x000000070cf00000|100%| E|CS|TAMS 0x000000070ce00000, 0x000000070ce00000| Complete 
| 181|0x000000070cf00000, 0x000000070d000000, 0x000000070d000000|100%| E|CS|TAMS 0x000000070cf00000, 0x000000070cf00000| Complete 
| 182|0x000000070d000000, 0x000000070d100000, 0x000000070d100000|100%| E|CS|TAMS 0x000000070d000000, 0x000000070d000000| Complete 
| 183|0x000000070d100000, 0x000000070d200000, 0x000000070d200000|100%| E|CS|TAMS 0x000000070d100000, 0x000000070d100000| Complete 
| 184|0x000000070d200000, 0x000000070d300000, 0x000000070d300000|100%| E|CS|TAMS 0x000000070d200000, 0x000000070d200000| Complete 
| 185|0x000000070d300000, 0x000000070d400000, 0x000000070d400000|100%| E|CS|TAMS 0x000000070d300000, 0x000000070d300000| Complete 
| 186|0x000000070d400000, 0x000000070d500000, 0x000000070d500000|100%| E|CS|TAMS 0x000000070d400000, 0x000000070d400000| Complete 
| 187|0x000000070d500000, 0x000000070d600000, 0x000000070d600000|100%| E|CS|TAMS 0x000000070d500000, 0x000000070d500000| Complete 
| 188|0x000000070d600000, 0x000000070d700000, 0x000000070d700000|100%| E|CS|TAMS 0x000000070d600000, 0x000000070d600000| Complete 
| 189|0x000000070d700000, 0x000000070d800000, 0x000000070d800000|100%| E|CS|TAMS 0x000000070d700000, 0x000000070d700000| Complete 
| 190|0x000000070d800000, 0x000000070d900000, 0x000000070d900000|100%| E|CS|TAMS 0x000000070d800000, 0x000000070d800000| Complete 
| 191|0x000000070d900000, 0x000000070da00000, 0x000000070da00000|100%| E|CS|TAMS 0x000000070d900000, 0x000000070d900000| Complete 
| 192|0x000000070da00000, 0x000000070db00000, 0x000000070db00000|100%| E|CS|TAMS 0x000000070da00000, 0x000000070da00000| Complete 
| 193|0x000000070db00000, 0x000000070dc00000, 0x000000070dc00000|100%| E|CS|TAMS 0x000000070db00000, 0x000000070db00000| Complete 
| 194|0x000000070dc00000, 0x000000070dd00000, 0x000000070dd00000|100%| E|CS|TAMS 0x000000070dc00000, 0x000000070dc00000| Complete 
| 195|0x000000070dd00000, 0x000000070de00000, 0x000000070de00000|100%| E|CS|TAMS 0x000000070dd00000, 0x000000070dd00000| Complete 
| 196|0x000000070de00000, 0x000000070df00000, 0x000000070df00000|100%| E|CS|TAMS 0x000000070de00000, 0x000000070de00000| Complete 
| 197|0x000000070df00000, 0x000000070e000000, 0x000000070e000000|100%| E|CS|TAMS 0x000000070df00000, 0x000000070df00000| Complete 
| 198|0x000000070e000000, 0x000000070e100000, 0x000000070e100000|100%| E|CS|TAMS 0x000000070e000000, 0x000000070e000000| Complete 
| 199|0x000000070e100000, 0x000000070e200000, 0x000000070e200000|100%| E|CS|TAMS 0x000000070e100000, 0x000000070e100000| Complete 
| 200|0x000000070e200000, 0x000000070e300000, 0x000000070e300000|100%| E|CS|TAMS 0x000000070e200000, 0x000000070e200000| Complete 
| 201|0x000000070e300000, 0x000000070e400000, 0x000000070e400000|100%| E|CS|TAMS 0x000000070e300000, 0x000000070e300000| Complete 
| 202|0x000000070e400000, 0x000000070e500000, 0x000000070e500000|100%| E|CS|TAMS 0x000000070e400000, 0x000000070e400000| Complete 
| 203|0x000000070e500000, 0x000000070e600000, 0x000000070e600000|100%| E|CS|TAMS 0x000000070e500000, 0x000000070e500000| Complete 
| 204|0x000000070e600000, 0x000000070e700000, 0x000000070e700000|100%| E|CS|TAMS 0x000000070e600000, 0x000000070e600000| Complete 
| 205|0x000000070e700000, 0x000000070e800000, 0x000000070e800000|100%| E|CS|TAMS 0x000000070e700000, 0x000000070e700000| Complete 
| 206|0x000000070e800000, 0x000000070e900000, 0x000000070e900000|100%| E|CS|TAMS 0x000000070e800000, 0x000000070e800000| Complete 
| 207|0x000000070e900000, 0x000000070ea00000, 0x000000070ea00000|100%| E|CS|TAMS 0x000000070e900000, 0x000000070e900000| Complete 
| 208|0x000000070ea00000, 0x000000070eb00000, 0x000000070eb00000|100%| E|CS|TAMS 0x000000070ea00000, 0x000000070ea00000| Complete 
| 209|0x000000070eb00000, 0x000000070ec00000, 0x000000070ec00000|100%| E|CS|TAMS 0x000000070eb00000, 0x000000070eb00000| Complete 
| 210|0x000000070ec00000, 0x000000070ed00000, 0x000000070ed00000|100%| E|CS|TAMS 0x000000070ec00000, 0x000000070ec00000| Complete 
| 211|0x000000070ed00000, 0x000000070ee00000, 0x000000070ee00000|100%| E|CS|TAMS 0x000000070ed00000, 0x000000070ed00000| Complete 
| 212|0x000000070ee00000, 0x000000070ef00000, 0x000000070ef00000|100%| E|CS|TAMS 0x000000070ee00000, 0x000000070ee00000| Complete 
| 213|0x000000070ef00000, 0x000000070f000000, 0x000000070f000000|100%| E|CS|TAMS 0x000000070ef00000, 0x000000070ef00000| Complete 
| 214|0x000000070f000000, 0x000000070f100000, 0x000000070f100000|100%| E|CS|TAMS 0x000000070f000000, 0x000000070f000000| Complete 
| 215|0x000000070f100000, 0x000000070f200000, 0x000000070f200000|100%| E|CS|TAMS 0x000000070f100000, 0x000000070f100000| Complete 
| 216|0x000000070f200000, 0x000000070f300000, 0x000000070f300000|100%| E|CS|TAMS 0x000000070f200000, 0x000000070f200000| Complete 
| 217|0x000000070f300000, 0x000000070f400000, 0x000000070f400000|100%| E|CS|TAMS 0x000000070f300000, 0x000000070f300000| Complete 
| 218|0x000000070f400000, 0x000000070f500000, 0x000000070f500000|100%| E|CS|TAMS 0x000000070f400000, 0x000000070f400000| Complete 
| 219|0x000000070f500000, 0x000000070f600000, 0x000000070f600000|100%| E|CS|TAMS 0x000000070f500000, 0x000000070f500000| Complete 
| 220|0x000000070f600000, 0x000000070f700000, 0x000000070f700000|100%| E|CS|TAMS 0x000000070f600000, 0x000000070f600000| Complete 
| 221|0x000000070f700000, 0x000000070f800000, 0x000000070f800000|100%| E|CS|TAMS 0x000000070f700000, 0x000000070f700000| Complete 
| 222|0x000000070f800000, 0x000000070f900000, 0x000000070f900000|100%| E|CS|TAMS 0x000000070f800000, 0x000000070f800000| Complete 
| 223|0x000000070f900000, 0x000000070fa00000, 0x000000070fa00000|100%| E|CS|TAMS 0x000000070f900000, 0x000000070f900000| Complete 
| 224|0x000000070fa00000, 0x000000070fb00000, 0x000000070fb00000|100%| E|CS|TAMS 0x000000070fa00000, 0x000000070fa00000| Complete 
| 225|0x000000070fb00000, 0x000000070fc00000, 0x000000070fc00000|100%| E|CS|TAMS 0x000000070fb00000, 0x000000070fb00000| Complete 
| 226|0x000000070fc00000, 0x000000070fd00000, 0x000000070fd00000|100%| E|CS|TAMS 0x000000070fc00000, 0x000000070fc00000| Complete 
| 227|0x000000070fd00000, 0x000000070fe00000, 0x000000070fe00000|100%| E|CS|TAMS 0x000000070fd00000, 0x000000070fd00000| Complete 
| 228|0x000000070fe00000, 0x000000070ff00000, 0x000000070ff00000|100%| E|CS|TAMS 0x000000070fe00000, 0x000000070fe00000| Complete 
| 229|0x000000070ff00000, 0x0000000710000000, 0x0000000710000000|100%| E|CS|TAMS 0x000000070ff00000, 0x000000070ff00000| Complete 
| 230|0x0000000710000000, 0x0000000710100000, 0x0000000710100000|100%| E|CS|TAMS 0x0000000710000000, 0x0000000710000000| Complete 
| 231|0x0000000710100000, 0x0000000710200000, 0x0000000710200000|100%| E|CS|TAMS 0x0000000710100000, 0x0000000710100000| Complete 
| 232|0x0000000710200000, 0x0000000710300000, 0x0000000710300000|100%| E|CS|TAMS 0x0000000710200000, 0x0000000710200000| Complete 
| 233|0x0000000710300000, 0x0000000710400000, 0x0000000710400000|100%| E|CS|TAMS 0x0000000710300000, 0x0000000710300000| Complete 
| 234|0x0000000710400000, 0x0000000710500000, 0x0000000710500000|100%| E|CS|TAMS 0x0000000710400000, 0x0000000710400000| Complete 
| 235|0x0000000710500000, 0x0000000710600000, 0x0000000710600000|100%| E|CS|TAMS 0x0000000710500000, 0x0000000710500000| Complete 
| 236|0x0000000710600000, 0x0000000710700000, 0x0000000710700000|100%| E|CS|TAMS 0x0000000710600000, 0x0000000710600000| Complete 
| 237|0x0000000710700000, 0x0000000710800000, 0x0000000710800000|100%| E|CS|TAMS 0x0000000710700000, 0x0000000710700000| Complete 
| 238|0x0000000710800000, 0x0000000710900000, 0x0000000710900000|100%| E|CS|TAMS 0x0000000710800000, 0x0000000710800000| Complete 
| 239|0x0000000710900000, 0x0000000710a00000, 0x0000000710a00000|100%| E|CS|TAMS 0x0000000710900000, 0x0000000710900000| Complete 
| 240|0x0000000710a00000, 0x0000000710b00000, 0x0000000710b00000|100%| E|CS|TAMS 0x0000000710a00000, 0x0000000710a00000| Complete 
| 241|0x0000000710b00000, 0x0000000710c00000, 0x0000000710c00000|100%| E|CS|TAMS 0x0000000710b00000, 0x0000000710b00000| Complete 
| 242|0x0000000710c00000, 0x0000000710d00000, 0x0000000710d00000|100%| E|CS|TAMS 0x0000000710c00000, 0x0000000710c00000| Complete 
| 243|0x0000000710d00000, 0x0000000710e00000, 0x0000000710e00000|100%| E|CS|TAMS 0x0000000710d00000, 0x0000000710d00000| Complete 
| 244|0x0000000710e00000, 0x0000000710f00000, 0x0000000710f00000|100%| E|CS|TAMS 0x0000000710e00000, 0x0000000710e00000| Complete 
| 245|0x0000000710f00000, 0x0000000711000000, 0x0000000711000000|100%| E|CS|TAMS 0x0000000710f00000, 0x0000000710f00000| Complete 
| 246|0x0000000711000000, 0x0000000711100000, 0x0000000711100000|100%| E|CS|TAMS 0x0000000711000000, 0x0000000711000000| Complete 
| 247|0x0000000711100000, 0x0000000711200000, 0x0000000711200000|100%| E|CS|TAMS 0x0000000711100000, 0x0000000711100000| Complete 
| 248|0x0000000711200000, 0x0000000711300000, 0x0000000711300000|100%| E|CS|TAMS 0x0000000711200000, 0x0000000711200000| Complete 
| 249|0x0000000711300000, 0x0000000711400000, 0x0000000711400000|100%| E|CS|TAMS 0x0000000711300000, 0x0000000711300000| Complete 
| 250|0x0000000711400000, 0x0000000711500000, 0x0000000711500000|100%| E|CS|TAMS 0x0000000711400000, 0x0000000711400000| Complete 
| 251|0x0000000711500000, 0x0000000711600000, 0x0000000711600000|100%| E|CS|TAMS 0x0000000711500000, 0x0000000711500000| Complete 
| 252|0x0000000711600000, 0x0000000711700000, 0x0000000711700000|100%| E|CS|TAMS 0x0000000711600000, 0x0000000711600000| Complete 
| 253|0x0000000711700000, 0x0000000711800000, 0x0000000711800000|100%| E|CS|TAMS 0x0000000711700000, 0x0000000711700000| Complete 
| 254|0x0000000711800000, 0x0000000711900000, 0x0000000711900000|100%| E|CS|TAMS 0x0000000711800000, 0x0000000711800000| Complete 
| 255|0x0000000711900000, 0x0000000711a00000, 0x0000000711a00000|100%| E|CS|TAMS 0x0000000711900000, 0x0000000711900000| Complete 

Card table byte_map: [0x0000027cb0820000,0x0000027cb1020000] _byte_map_base: 0x0000027cad013000

Marking Bits (Prev, Next): (CMBitMap*) 0x0000027c985d8820, (CMBitMap*) 0x0000027c985d87e8
 Prev Bits: [0x0000027cb57c0000, 0x0000027cb9758000)
 Next Bits: [0x0000027cb1820000, 0x0000027cb57b8000)

Polling page: 0x0000027c96510000

Metaspace:

Usage:
  Non-class:     57.30 MB capacity,    56.87 MB (>99%) used,   332.12 KB ( <1%) free+waste,   117.06 KB ( <1%) overhead. 
      Class:      7.49 MB capacity,     7.15 MB ( 96%) used,   289.85 KB (  4%) free+waste,    51.50 KB ( <1%) overhead. 
       Both:     64.79 MB capacity,    64.02 MB ( 99%) used,   621.97 KB ( <1%) free+waste,   168.56 KB ( <1%) overhead. 

Virtual space:
  Non-class space:       58.00 MB reserved,      57.34 MB ( 99%) committed 
      Class space:        1.00 GB reserved,       7.62 MB ( <1%) committed 
             Both:        1.06 GB reserved,      64.96 MB (  6%) committed 

Chunk freelists:
   Non-Class:  40.00 KB
       Class:  13.00 KB
        Both:  53.00 KB

MaxMetaspaceSize: 17179869184.00 GB
CompressedClassSpaceSize: 1.00 GB
Initial GC threshold: 20.80 MB
Current GC threshold: 98.90 MB
CDS: off

CodeHeap 'non-profiled nmethods': size=120000Kb used=6289Kb max_used=6289Kb free=113710Kb
 bounds [0x0000027ca87c0000, 0x0000027ca8df0000, 0x0000027cafcf0000]
CodeHeap 'profiled nmethods': size=120000Kb used=26686Kb max_used=26686Kb free=93313Kb
 bounds [0x0000027ca1290000, 0x0000027ca2ca0000, 0x0000027ca87c0000]
CodeHeap 'non-nmethods': size=5760Kb used=1305Kb max_used=1388Kb free=4454Kb
 bounds [0x0000027ca0cf0000, 0x0000027ca0f60000, 0x0000027ca1290000]
 total_blobs=10212 nmethods=9628 adapters=494
 compilation: enabled
              stopped_count=0, restarted_count=0
 full_count=0

Compilation events (20 events):
Event: 18.951 Thread 0x0000027cbcbab000 9730       3       org.jetbrains.kotlin.metadata.ProtoBuf$Type::getDefaultInstanceForType (4 bytes)
Event: 18.951 Thread 0x0000027cbcbab000 nmethod 9730 0x0000027ca2c89190 code [0x0000027ca2c89340, 0x0000027ca2c89458]
Event: 18.951 Thread 0x0000027cbcbab000 9731       1       org.jetbrains.kotlin.metadata.ProtoBuf$Type::getArgumentList (5 bytes)
Event: 18.951 Thread 0x0000027cbcbab000 nmethod 9731 0x0000027ca8dd6410 code [0x0000027ca8dd65c0, 0x0000027ca8dd6678]
Event: 18.951 Thread 0x0000027cbcbab000 9732       1       org.jetbrains.kotlin.metadata.ProtoBuf$Type::getNullable (5 bytes)
Event: 18.951 Thread 0x0000027cbcbab000 nmethod 9732 0x0000027ca8dd6710 code [0x0000027ca8dd68c0, 0x0000027ca8dd6978]
Event: 18.951 Thread 0x0000027cbcbab000 9727       1       org.jetbrains.kotlin.serialization.deserialization.DeserializationComponents::getClassDataFinder (5 bytes)
Event: 18.951 Thread 0x0000027cbcbab000 nmethod 9727 0x0000027ca8dd6a10 code [0x0000027ca8dd6bc0, 0x0000027ca8dd6c78]
Event: 18.951 Thread 0x0000027cbcbab000 9728       1       org.jetbrains.kotlin.serialization.deserialization.DeserializedPackageFragmentImpl::access$getContainerSource$p (5 bytes)
Event: 18.951 Thread 0x0000027cbcbab000 nmethod 9728 0x0000027ca8dd6d10 code [0x0000027ca8dd6ec0, 0x0000027ca8dd6f58]
Event: 18.955 Thread 0x0000027cbd4de800 nmethod 9725 0x0000027ca8dd7010 code [0x0000027ca8dd71e0, 0x0000027ca8dd7558]
Event: 18.956 Thread 0x0000027cbd4de800 9734       4       org.jetbrains.kotlin.descriptors.DescriptorVisibilities::compare (51 bytes)
Event: 18.959 Thread 0x0000027cbd4de800 nmethod 9734 0x0000027ca8dd7790 code [0x0000027ca8dd7940, 0x0000027ca8dd7b38]
Event: 18.959 Thread 0x0000027cbd4de800 9733       4       org.jetbrains.kotlin.descriptors.impl.PropertyDescriptorImpl::initialize (22 bytes)
Event: 18.960 Thread 0x0000027cbcbab000 9735       3       org.jetbrains.kotlin.descriptors.impl.PropertyDescriptorImpl$CopyConfiguration::setSubstitution (25 bytes)
Event: 18.961 Thread 0x0000027cbcbab000 nmethod 9735 0x0000027ca2c89510 code [0x0000027ca2c896e0, 0x0000027ca2c898c8]
Event: 18.961 Thread 0x0000027cbcbab000 9736       3       org.jetbrains.kotlin.descriptors.impl.PropertyGetterDescriptorImpl::<init> (118 bytes)
Event: 18.962 Thread 0x0000027cbcba5000 nmethod 9612 0x0000027ca8dd7d90 code [0x0000027ca8dd84e0, 0x0000027ca8ddf268]
Event: 18.963 Thread 0x0000027cbcbab000 nmethod 9736 0x0000027ca2c89990 code [0x0000027ca2c89ca0, 0x0000027ca2c8ab08]
Event: 18.963 Thread 0x0000027cbcbab000 9737       3       org.jetbrains.kotlin.descriptors.impl.PropertyGetterDescriptorImpl::initialize (22 bytes)

GC Heap History (14 events):
Event: 1.049 GC heap before
{Heap before GC invocations=0 (full 0):
 garbage-first heap   total 262144K, used 27648K [0x0000000701a00000, 0x0000000800000000)
  region size 1024K, 24 young (24576K), 0 survivors (0K)
 Metaspace       used 12384K, capacity 12504K, committed 12800K, reserved 1060864K
  class space    used 1150K, capacity 1207K, committed 1280K, reserved 1048576K
}
Event: 1.054 GC heap after
{Heap after GC invocations=1 (full 0):
 garbage-first heap   total 262144K, used 6168K [0x0000000701a00000, 0x0000000800000000)
  region size 1024K, 3 young (3072K), 3 survivors (3072K)
 Metaspace       used 12384K, capacity 12504K, committed 12800K, reserved 1060864K
  class space    used 1150K, capacity 1207K, committed 1280K, reserved 1048576K
}
Event: 2.544 GC heap before
{Heap before GC invocations=1 (full 0):
 garbage-first heap   total 262144K, used 42008K [0x0000000701a00000, 0x0000000800000000)
  region size 1024K, 39 young (39936K), 3 survivors (3072K)
 Metaspace       used 20973K, capacity 21182K, committed 21248K, reserved 1069056K
  class space    used 2198K, capacity 2280K, committed 2304K, reserved 1048576K
}
Event: 2.558 GC heap after
{Heap after GC invocations=2 (full 0):
 garbage-first heap   total 262144K, used 9240K [0x0000000701a00000, 0x0000000800000000)
  region size 1024K, 6 young (6144K), 6 survivors (6144K)
 Metaspace       used 20973K, capacity 21182K, committed 21248K, reserved 1069056K
  class space    used 2198K, capacity 2280K, committed 2304K, reserved 1048576K
}
Event: 5.197 GC heap before
{Heap before GC invocations=3 (full 0):
 garbage-first heap   total 262144K, used 66584K [0x0000000701a00000, 0x0000000800000000)
  region size 1024K, 57 young (58368K), 6 survivors (6144K)
 Metaspace       used 33093K, capacity 33503K, committed 33788K, reserved 1079296K
  class space    used 4073K, capacity 4246K, committed 4348K, reserved 1048576K
}
Event: 5.209 GC heap after
{Heap after GC invocations=4 (full 0):
 garbage-first heap   total 262144K, used 20700K [0x0000000701a00000, 0x0000000800000000)
  region size 1024K, 8 young (8192K), 8 survivors (8192K)
 Metaspace       used 33093K, capacity 33503K, committed 33788K, reserved 1079296K
  class space    used 4073K, capacity 4246K, committed 4348K, reserved 1048576K
}
Event: 5.519 GC heap before
{Heap before GC invocations=4 (full 0):
 garbage-first heap   total 262144K, used 31964K [0x0000000701a00000, 0x0000000800000000)
  region size 1024K, 20 young (20480K), 8 survivors (8192K)
 Metaspace       used 35461K, capacity 35883K, committed 36048K, reserved 1081344K
  class space    used 4322K, capacity 4506K, committed 4604K, reserved 1048576K
}
Event: 5.527 GC heap after
{Heap after GC invocations=5 (full 0):
 garbage-first heap   total 262144K, used 20945K [0x0000000701a00000, 0x0000000800000000)
  region size 1024K, 3 young (3072K), 3 survivors (3072K)
 Metaspace       used 35461K, capacity 35883K, committed 36048K, reserved 1081344K
  class space    used 4322K, capacity 4506K, committed 4604K, reserved 1048576K
}
Event: 7.611 GC heap before
{Heap before GC invocations=6 (full 0):
 garbage-first heap   total 262144K, used 85457K [0x0000000701a00000, 0x0000000800000000)
  region size 1024K, 64 young (65536K), 3 survivors (3072K)
 Metaspace       used 47387K, capacity 47918K, committed 48208K, reserved 1091584K
  class space    used 5517K, capacity 5717K, committed 5756K, reserved 1048576K
}
Event: 7.619 GC heap after
{Heap after GC invocations=7 (full 0):
 garbage-first heap   total 262144K, used 30116K [0x0000000701a00000, 0x0000000800000000)
  region size 1024K, 8 young (8192K), 8 survivors (8192K)
 Metaspace       used 47387K, capacity 47918K, committed 48208K, reserved 1091584K
  class space    used 5517K, capacity 5717K, committed 5756K, reserved 1048576K
}
Event: 11.870 GC heap before
{Heap before GC invocations=7 (full 0):
 garbage-first heap   total 262144K, used 131492K [0x0000000701a00000, 0x0000000800000000)
  region size 1024K, 107 young (109568K), 8 survivors (8192K)
 Metaspace       used 59672K, capacity 60456K, committed 60508K, reserved 1103872K
  class space    used 6807K, capacity 7135K, committed 7164K, reserved 1048576K
}
Event: 11.935 GC heap after
{Heap after GC invocations=8 (full 0):
 garbage-first heap   total 262144K, used 43314K [0x0000000701a00000, 0x0000000800000000)
  region size 1024K, 18 young (18432K), 18 survivors (18432K)
 Metaspace       used 59672K, capacity 60456K, committed 60508K, reserved 1103872K
  class space    used 6807K, capacity 7135K, committed 7164K, reserved 1048576K
}
Event: 15.304 GC heap before
{Heap before GC invocations=9 (full 0):
 garbage-first heap   total 262144K, used 151858K [0x0000000701a00000, 0x0000000800000000)
  region size 1024K, 124 young (126976K), 18 survivors (18432K)
 Metaspace       used 61597K, capacity 62404K, committed 62556K, reserved 1103872K
  class space    used 6984K, capacity 7336K, committed 7420K, reserved 1048576K
}
Event: 15.338 GC heap after
{Heap after GC invocations=10 (full 0):
 garbage-first heap   total 262144K, used 61028K [0x0000000701a00000, 0x0000000800000000)
  region size 1024K, 16 young (16384K), 16 survivors (16384K)
 Metaspace       used 61597K, capacity 62404K, committed 62556K, reserved 1103872K
  class space    used 6984K, capacity 7336K, committed 7420K, reserved 1048576K
}

Deoptimization events (20 events):
Event: 18.927 Thread 0x0000027c9857a800 Uncommon trap: trap_request=0xffffffc6 fr.pc=0x0000027ca8bd0158 relative=0x00000000000008d8
Event: 18.927 Thread 0x0000027c9857a800 Uncommon trap: reason=bimorphic_or_optimized_type_check action=maybe_recompile pc=0x0000027ca8bd0158 method=org.jetbrains.kotlin.resolve.OverridingUtil.selectMostSpecificMember(Ljava/util/Collection;Lkotlin/jvm/functions/Function1;)Ljava/lang/Object; @ 27
Event: 18.927 Thread 0x0000027c9857a800 DEOPT PACKING pc=0x0000027ca8bd0158 sp=0x000000a7124fb0c0
Event: 18.928 Thread 0x0000027c9857a800 DEOPT UNPACKING pc=0x0000027ca0d3a1af sp=0x000000a7124fb078 mode 2
Event: 18.933 Thread 0x0000027c9857a800 Uncommon trap: trap_request=0xffffffc6 fr.pc=0x0000027ca8c14d24 relative=0x00000000000039a4
Event: 18.950 Thread 0x0000027c9857a800 Uncommon trap: reason=bimorphic_or_optimized_type_check action=maybe_recompile pc=0x0000027ca8c14d24 method=org.jetbrains.kotlin.resolve.OverridingUtil.allHasSameContainingDeclaration(Ljava/util/Collection;)Z @ 35 c2
Event: 18.950 Thread 0x0000027c9857a800 DEOPT PACKING pc=0x0000027ca8c14d24 sp=0x000000a7124f9390
Event: 18.950 Thread 0x0000027c9857a800 DEOPT UNPACKING pc=0x0000027ca0d3a1af sp=0x000000a7124f9380 mode 2
Event: 18.956 Thread 0x0000027c9857a800 Uncommon trap: trap_request=0xffffffc6 fr.pc=0x0000027ca8bd0158 relative=0x00000000000008d8
Event: 18.956 Thread 0x0000027c9857a800 Uncommon trap: reason=bimorphic_or_optimized_type_check action=maybe_recompile pc=0x0000027ca8bd0158 method=org.jetbrains.kotlin.resolve.OverridingUtil.selectMostSpecificMember(Ljava/util/Collection;Lkotlin/jvm/functions/Function1;)Ljava/lang/Object; @ 27
Event: 18.956 Thread 0x0000027c9857a800 DEOPT PACKING pc=0x0000027ca8bd0158 sp=0x000000a7124f92c0
Event: 18.956 Thread 0x0000027c9857a800 DEOPT UNPACKING pc=0x0000027ca0d3a1af sp=0x000000a7124f9278 mode 2
Event: 18.958 Thread 0x0000027c9857a800 Uncommon trap: trap_request=0xffffffc6 fr.pc=0x0000027ca8c14d24 relative=0x00000000000039a4
Event: 18.958 Thread 0x0000027c9857a800 Uncommon trap: reason=bimorphic_or_optimized_type_check action=maybe_recompile pc=0x0000027ca8c14d24 method=org.jetbrains.kotlin.resolve.OverridingUtil.allHasSameContainingDeclaration(Ljava/util/Collection;)Z @ 35 c2
Event: 18.958 Thread 0x0000027c9857a800 DEOPT PACKING pc=0x0000027ca8c14d24 sp=0x000000a7124fb780
Event: 18.958 Thread 0x0000027c9857a800 DEOPT UNPACKING pc=0x0000027ca0d3a1af sp=0x000000a7124fb770 mode 2
Event: 18.958 Thread 0x0000027c9857a800 Uncommon trap: trap_request=0xffffffc6 fr.pc=0x0000027ca8bd0158 relative=0x00000000000008d8
Event: 18.958 Thread 0x0000027c9857a800 Uncommon trap: reason=bimorphic_or_optimized_type_check action=maybe_recompile pc=0x0000027ca8bd0158 method=org.jetbrains.kotlin.resolve.OverridingUtil.selectMostSpecificMember(Ljava/util/Collection;Lkotlin/jvm/functions/Function1;)Ljava/lang/Object; @ 27
Event: 18.958 Thread 0x0000027c9857a800 DEOPT PACKING pc=0x0000027ca8bd0158 sp=0x000000a7124fb6b0
Event: 18.958 Thread 0x0000027c9857a800 DEOPT UNPACKING pc=0x0000027ca0d3a1af sp=0x000000a7124fb668 mode 2

Classes redefined (0 events):
No events

Internal exceptions (20 events):
Event: 15.459 Thread 0x0000027c9857a800 Implicit null exception at 0x0000027ca8a4b904 to 0x0000027ca8a4ca60
Event: 15.459 Thread 0x0000027c9857a800 Implicit null exception at 0x0000027ca8a4b904 to 0x0000027ca8a4ca60
Event: 15.459 Thread 0x0000027c9857a800 Implicit null exception at 0x0000027ca8a4b904 to 0x0000027ca8a4ca60
Event: 15.459 Thread 0x0000027c9857a800 Implicit null exception at 0x0000027ca8a4b904 to 0x0000027ca8a4ca60
Event: 15.459 Thread 0x0000027c9857a800 Implicit null exception at 0x0000027ca8a4b904 to 0x0000027ca8a4ca60
Event: 15.459 Thread 0x0000027c9857a800 Implicit null exception at 0x0000027ca8a4b904 to 0x0000027ca8a4ca60
Event: 15.459 Thread 0x0000027c9857a800 Implicit null exception at 0x0000027ca8a4b904 to 0x0000027ca8a4ca60
Event: 15.459 Thread 0x0000027c9857a800 Implicit null exception at 0x0000027ca8a46ae4 to 0x0000027ca8a47cc0
Event: 15.460 Thread 0x0000027c9857a800 Implicit null exception at 0x0000027ca8a22be4 to 0x0000027ca8a27348
Event: 15.464 Thread 0x0000027c9857a800 Implicit null exception at 0x0000027ca8a083e2 to 0x0000027ca8a086d3
Event: 16.485 Thread 0x0000027c9857a800 Exception <a 'java/lang/NoSuchMethodError'{0x000000070e2eae08}: 'java.lang.Object java.lang.invoke.Invokers$Holder.linkToTargetMethod(java.lang.Object, java.lang.Object, java.lang.Object, java.lang.Object, java.lang.Object, java.lang.Object, java.lang.Object)'> (0x000000070e2eae08) thrown at [./src/hotspot/share/interpreter/linkResolver.cpp, line 773]
Event: 16.906 Thread 0x0000027c9857a800 Exception <a 'java/lang/NoSuchMethodError'{0x000000070d8577c8}: 'java.lang.Object java.lang.invoke.Invokers$Holder.linkToTargetMethod(java.lang.Object, java.lang.Object, java.lang.Object, int, int, java.lang.Object)'> (0x000000070d8577c8) thrown at [./src/hotspot/share/interpreter/linkResolver.cpp, line 773]
Event: 16.909 Thread 0x0000027c9857a800 Implicit null exception at 0x0000027ca8cc625f to 0x0000027ca8cceae9
Event: 16.926 Thread 0x0000027c9857a800 Implicit null exception at 0x0000027ca8c77f05 to 0x0000027ca8c78208
Event: 17.252 Thread 0x0000027c9857a800 Implicit null exception at 0x0000027ca8d51dd6 to 0x0000027ca8d52494
Event: 17.525 Thread 0x0000027c9857a800 Exception <a 'java/lang/NoSuchMethodError'{0x000000070d0cfcc0}: 'int java.lang.invoke.DirectMethodHandle$Holder.invokeStaticInit(java.lang.Object, int)'> (0x000000070d0cfcc0) thrown at [./src/hotspot/share/interpreter/linkResolver.cpp, line 773]
Event: 17.589 Thread 0x0000027c9857a800 Exception <a 'java/lang/NoSuchMethodError'{0x000000070cfcd948}: 'java.lang.Object java.lang.invoke.DirectMethodHandle$Holder.invokeInterface(java.lang.Object, java.lang.Object, java.lang.Object)'> (0x000000070cfcd948) thrown at [./src/hotspot/share/interpreter/linkResolver.cpp, line 773]
Event: 17.590 Thread 0x0000027c9857a800 Exception <a 'java/lang/IncompatibleClassChangeError'{0x000000070cfd0b78}: Found class java.lang.Object, but interface was expected> (0x000000070cfd0b78) thrown at [./src/hotspot/share/interpreter/linkResolver.cpp, line 839]
Event: 17.854 Thread 0x0000027c9857a800 Implicit null exception at 0x0000027ca8d6cd5c to 0x0000027ca8d6e822
Event: 18.821 Thread 0x0000027c9857a800 Implicit null exception at 0x0000027ca881acf5 to 0x0000027ca881aee4

Events (20 events):
Event: 18.500 loading class org/jetbrains/kotlin/load/java/sam/JavaSingleAbstractMethodUtils$2
Event: 18.500 loading class org/jetbrains/kotlin/load/java/sam/JavaSingleAbstractMethodUtils$2 done
Event: 18.501 loading class org/jetbrains/kotlin/load/java/sam/JavaBasedSamConversionResolver
Event: 18.501 loading class org/jetbrains/kotlin/load/java/sam/JavaBasedSamConversionResolver done
Event: 18.501 loading class org/jetbrains/kotlin/load/java/sam/JavaBasedSamConversionOracle
Event: 18.501 loading class org/jetbrains/kotlin/load/java/sam/JavaBasedSamConversionOracle done
Event: 18.828 loading class org/jetbrains/kotlin/descriptors/RelationToType$WhenMappings
Event: 18.828 loading class org/jetbrains/kotlin/descriptors/RelationToType$WhenMappings done
Event: 18.829 loading class org/jetbrains/kotlin/resolve/AnnotationUseSiteTargetChecker$checkTypeReference$1
Event: 18.829 loading class org/jetbrains/kotlin/resolve/AnnotationUseSiteTargetChecker$checkTypeReference$1 done
Event: 18.837 loading class org/jetbrains/kotlin/psi/VisitorWrappersKt
Event: 18.837 loading class org/jetbrains/kotlin/psi/VisitorWrappersKt done
Event: 18.873 loading class org/jetbrains/kotlin/psi/VisitorWrappersKt$typeReferenceRecursiveVisitor$1
Event: 18.873 loading class org/jetbrains/kotlin/psi/VisitorWrappersKt$typeReferenceRecursiveVisitor$1 done
Event: 18.885 Executing VM operation: ICBufferFull
Event: 18.886 Executing VM operation: ICBufferFull done
Event: 18.915 loading class org/jetbrains/kotlin/load/java/descriptors/JavaForKotlinOverridePropertyDescriptor
Event: 18.915 loading class org/jetbrains/kotlin/load/java/descriptors/JavaForKotlinOverridePropertyDescriptor done
Event: 18.916 Executing VM operation: Deoptimize
Event: 18.917 Executing VM operation: Deoptimize done


Dynamic libraries:
0x00007ff6e3560000 - 0x00007ff6e356d000 	C:\Program Files\Microsoft\jdk-11.0.18.10-hotspot\bin\java.exe
0x00007ffa554d0000 - 0x00007ffa556c8000 	C:\Windows\SYSTEM32\ntdll.dll
0x00007ffa553d0000 - 0x00007ffa5548f000 	C:\Windows\System32\KERNEL32.DLL
0x00007ffa52fd0000 - 0x00007ffa532c6000 	C:\Windows\System32\KERNELBASE.dll
0x00007ffa52ed0000 - 0x00007ffa52fd0000 	C:\Windows\System32\ucrtbase.dll
0x00007ffa1cbd0000 - 0x00007ffa1cbe7000 	C:\Program Files\Microsoft\jdk-11.0.18.10-hotspot\bin\jli.dll
0x00007ffa1be60000 - 0x00007ffa1be75000 	C:\Program Files\Microsoft\jdk-11.0.18.10-hotspot\bin\VCRUNTIME140.dll
0x00007ffa53530000 - 0x00007ffa536cd000 	C:\Windows\System32\USER32.dll
0x00007ffa3bfd0000 - 0x00007ffa3c26a000 	C:\Windows\WinSxS\amd64_microsoft.windows.common-controls_6595b64144ccf1df_6.0.19041.1110_none_60b5254171f9507e\COMCTL32.dll
0x00007ffa54470000 - 0x00007ffa5450e000 	C:\Windows\System32\msvcrt.dll
0x00007ffa547c0000 - 0x00007ffa547ec000 	C:\Windows\System32\GDI32.dll
0x00007ffa53500000 - 0x00007ffa53522000 	C:\Windows\System32\win32u.dll
0x00007ffa52bb0000 - 0x00007ffa52cc5000 	C:\Windows\System32\gdi32full.dll
0x00007ffa53430000 - 0x00007ffa534cd000 	C:\Windows\System32\msvcp_win.dll
0x00007ffa55150000 - 0x00007ffa55180000 	C:\Windows\System32\IMM32.DLL
0x00007ff9f7990000 - 0x00007ff9f7a2b000 	C:\Program Files\Microsoft\jdk-11.0.18.10-hotspot\bin\msvcp140.dll
0x00007ff9bcbd0000 - 0x00007ff9bd762000 	C:\Program Files\Microsoft\jdk-11.0.18.10-hotspot\bin\server\jvm.dll
0x00007ffa54fc0000 - 0x00007ffa5506f000 	C:\Windows\System32\ADVAPI32.dll
0x00007ffa55330000 - 0x00007ffa553cc000 	C:\Windows\System32\sechost.dll
0x00007ffa54690000 - 0x00007ffa547b6000 	C:\Windows\System32\RPCRT4.dll
0x00007ffa54400000 - 0x00007ffa54408000 	C:\Windows\System32\PSAPI.DLL
0x00007ffa36f10000 - 0x00007ffa36f19000 	C:\Windows\SYSTEM32\WSOCK32.dll
0x00007ffa53c30000 - 0x00007ffa53c9b000 	C:\Windows\System32\WS2_32.dll
0x00007ffa40080000 - 0x00007ffa400a7000 	C:\Windows\SYSTEM32\WINMM.dll
0x00007ffa50b40000 - 0x00007ffa50b4a000 	C:\Windows\SYSTEM32\VERSION.dll
0x00007ffa513f0000 - 0x00007ffa51402000 	C:\Windows\SYSTEM32\kernel.appcore.dll
0x00007ffa31560000 - 0x00007ffa31570000 	C:\Program Files\Microsoft\jdk-11.0.18.10-hotspot\bin\verify.dll
0x00007ffa50070000 - 0x00007ffa50254000 	C:\Windows\SYSTEM32\DBGHELP.DLL
0x00007ffa3f560000 - 0x00007ffa3f594000 	C:\Windows\SYSTEM32\dbgcore.DLL
0x00007ffa52cd0000 - 0x00007ffa52d52000 	C:\Windows\System32\bcryptPrimitives.dll
0x00007ff9f78e0000 - 0x00007ff9f7908000 	C:\Program Files\Microsoft\jdk-11.0.18.10-hotspot\bin\java.dll
0x00007ffa305b0000 - 0x00007ffa305ba000 	C:\Program Files\Microsoft\jdk-11.0.18.10-hotspot\bin\jimage.dll
0x00007ffa1b060000 - 0x00007ffa1b078000 	C:\Program Files\Microsoft\jdk-11.0.18.10-hotspot\bin\zip.dll
0x00007ffa53ca0000 - 0x00007ffa543e4000 	C:\Windows\System32\SHELL32.dll
0x00007ffa50c40000 - 0x00007ffa513d3000 	C:\Windows\SYSTEM32\windows.storage.dll
0x00007ffa537c0000 - 0x00007ffa53b14000 	C:\Windows\System32\combase.dll
0x00007ffa52600000 - 0x00007ffa5262e000 	C:\Windows\SYSTEM32\Wldp.dll
0x00007ffa55070000 - 0x00007ffa5511d000 	C:\Windows\System32\SHCORE.dll
0x00007ffa536d0000 - 0x00007ffa53725000 	C:\Windows\System32\shlwapi.dll
0x00007ffa52af0000 - 0x00007ffa52b0f000 	C:\Windows\SYSTEM32\profapi.dll
0x00007ffa1ae80000 - 0x00007ffa1ae99000 	C:\Program Files\Microsoft\jdk-11.0.18.10-hotspot\bin\net.dll
0x00007ffa4a230000 - 0x00007ffa4a33a000 	C:\Windows\SYSTEM32\WINHTTP.dll
0x00007ffa52360000 - 0x00007ffa523ca000 	C:\Windows\system32\mswsock.dll
0x00007ffa19f20000 - 0x00007ffa19f33000 	C:\Program Files\Microsoft\jdk-11.0.18.10-hotspot\bin\nio.dll

dbghelp: loaded successfully - version: 4.0.5 - missing functions: none
symbol engine: initialized successfully - sym options: 0x614 - pdb path: .;C:\Program Files\Microsoft\jdk-11.0.18.10-hotspot\bin;C:\Windows\SYSTEM32;C:\Windows\WinSxS\amd64_microsoft.windows.common-controls_6595b64144ccf1df_6.0.19041.1110_none_60b5254171f9507e;C:\Program Files\Microsoft\jdk-11.0.18.10-hotspot\bin\server

VM Arguments:
java_command: org.jetbrains.kotlin.cli.jvm.K2JVMCompiler @D:\Mobile-Projects\Finner\node_modules\react-native-screens\android\build\20230706_6751955635508995461.compiler.options
java_class_path (initial): C:\Users\Finner\.gradle\caches\modules-2\files-2.1\org.jetbrains.kotlin\kotlin-compiler-embeddable\1.6.21\97bdd5a752ce73b58ef16c17bc7f0ea2faff7a2e\kotlin-compiler-embeddable-1.6.21.jar;C:\Users\Finner\.gradle\caches\modules-2\files-2.1\org.jetbrains.kotlin\kotlin-reflect\1.6.21\5dc3574d9b7bebfcb4ec6b10ada4aaa9e140bd0b\kotlin-reflect-1.6.21.jar;C:\Users\Finner\.gradle\caches\modules-2\files-2.1\org.jetbrains.kotlin\kotlin-stdlib\1.6.21\11ef67f1900634fd951bad28c53ec957fabbe5b8\kotlin-stdlib-1.6.21.jar;C:\Users\Finner\.gradle\caches\modules-2\files-2.1\org.jetbrains.kotlin\kotlin-script-runtime\1.6.21\99c6675100da5d6d5b1c5a1032f27f28008d101b\kotlin-script-runtime-1.6.21.jar;C:\Users\Finner\.gradle\caches\modules-2\files-2.1\org.jetbrains.kotlin\kotlin-daemon-embeddable\1.6.21\46b78cf392e1c4f10854c3cadba44abb7b82250f\kotlin-daemon-embeddable-1.6.21.jar;C:\Users\Finner\.gradle\caches\modules-2\files-2.1\org.jetbrains.intellij.deps\trove4j\1.0.20200330\3afb14d5f9ceb459d724e907a21145e8ff394f02\trove4j-1.0.20200330.jar;C:\Users\Finner\.gradle\caches\modules-2\files-2.1\net.java.dev.jna\jna\5.6.0\330f2244e9030119ab3030fc3fededc86713d9cc\jna-5.6.0.jar;C:\Users\Finner\.gradle\caches\modules-2\files-2.1\org.jetbrains.kotlin\kotlin-stdlib-common\1.6.21\5e5b55c26dbc80372a920aef60eb774b714559b8\kotlin-stdlib-common-1.6.21.jar;C:\Users\Finner\.gradle\caches\modules-2\files-2.1\org.jetbrains\annotations\13.0\919f0dfe192fb4e063e7dacadee7f8bb9a2672a9\annotations-13.0.jar
Launcher Type: SUN_STANDARD

[Global flags]
     intx CICompilerCount                          = 4                                         {product} {ergonomic}
     uint ConcGCThreads                            = 2                                         {product} {ergonomic}
     uint G1ConcRefinementThreads                  = 8                                         {product} {ergonomic}
   size_t G1HeapRegionSize                         = 1048576                                   {product} {ergonomic}
    uintx GCDrainStackTargetSize                   = 64                                        {product} {ergonomic}
   size_t InitialHeapSize                          = 268435456                                 {product} {ergonomic}
   size_t MarkStackSize                            = 4194304                                   {product} {ergonomic}
   size_t MaxHeapSize                              = 4267704320                                {product} {ergonomic}
   size_t MaxNewSize                               = 2560622592                                {product} {ergonomic}
   size_t MinHeapDeltaBytes                        = 1048576                                   {product} {ergonomic}
    uintx NonNMethodCodeHeapSize                   = 5836300                                {pd product} {ergonomic}
    uintx NonProfiledCodeHeapSize                  = 122910970                              {pd product} {ergonomic}
    uintx ProfiledCodeHeapSize                     = 122910970                              {pd product} {ergonomic}
    uintx ReservedCodeCacheSize                    = 251658240                              {pd product} {ergonomic}
     bool SegmentedCodeCache                       = true                                      {product} {ergonomic}
     bool UseCompressedClassPointers               = true                                 {lp64_product} {ergonomic}
     bool UseCompressedOops                        = true                                 {lp64_product} {ergonomic}
     bool UseG1GC                                  = true                                      {product} {ergonomic}
     bool UseLargePagesIndividualAllocation        = false                                  {pd product} {ergonomic}

Logging:
Log output configuration:
 #0: stdout all=warning uptime,level,tags
 #1: stderr all=off uptime,level,tags

Environment Variables:
JAVA_HOME=C:\Program Files\Microsoft\jdk-11.0.18.10-hotspot\
CLASSPATH=D:\Mobile-Projects\Finner\android\\gradle\wrapper\gradle-wrapper.jar
PATH=C:\Users\Finner\AppData\Local\Temp\yarn--1688608520678-0.179064467249624;D:\Mobile-Projects\Finner\node_modules\.bin;C:\Users\Finner\AppData\Local\Yarn\Data\link\node_modules\.bin;C:\Users\Finner\AppData\Local\Yarn\bin;C:\Program Files\libexec\lib\node_modules\npm\bin\node-gyp-bin;C:\Program Files\lib\node_modules\npm\bin\node-gyp-bin;C:\Program Files\nodejs\node_modules\npm\bin\node-gyp-bin;C:\Program Files\WindowsApps\Microsoft.PowerShell_7.3.3.0_x64__8wekyb3d8bbwe;C:\Program Files\WindowsApps\Microsoft.PowerShell_7.3.2.0_x64__8wekyb3d8bbwe;C:\Program Files (x86)\Common Files\Intel\Shared Libraries\redist\intel64\compiler;C:\Program Files\Microsoft\jdk-11.0.18.10-hotspot\bin;C:\Program Files (x86)\Intel\iCLS Client\;C:\Program Files\Intel\iCLS Client\;C:\Windows\system32;C:\Windows;C:\Windows\System32\Wbem;C:\Windows\System32\WindowsPowerShell\v1.0\;C:\Windows\System32\OpenSSH\;C:\Program Files (x86)\NVIDIA Corporation\PhysX\Common;C:\Program Files\NVIDIA Corporation\NVIDIA NvDLISR;C:\ProgramData\chocolatey\bin;C:\Program Files\Git\cmd;C:\Program Files\OpenJDK\openjdk-11.0.16_8\bin;c:\Program Files (x86)\Intel\Intel(R) Management Engine Components\DAL;c:\Program Files\Intel\Intel(R) Management Engine Components\DAL;c:\Program Files (x86)\Intel\Intel(R) Management Engine Components\IPT;c:\Program Files\Intel\Intel(R) Management Engine Components\IPT;C:\Program Files\PowerShell\7-preview\preview;C:\Program Files\nodejs\;C:\Users\Finner\.amplify\bin;C:\Users\Finner\AppData\Local\Microsoft\WindowsApps;C:\Users\Finner\AppData\Local\Android\Sdk\platform-tools;C:\Users\Finner\AppData\Local\Programs\oh-my-posh\bin;C:\Users\Finner\AppData\Local\Programs\Microsoft VS Code\bin;C:\Users\Finner\AppData\Roaming\npm
USERNAME=Finner
OS=Windows_NT
PROCESSOR_IDENTIFIER=Intel64 Family 6 Model 158 Stepping 9, GenuineIntel
TMP=C:\Windows\TEMP
TEMP=C:\Users\Finner\AppData\Local\Temp



---------------  S Y S T E M  ---------------

OS: Windows 10 , 64 bit Build 19041 (10.0.19041.3031)
OS uptime: 7 days 21:51 hours

CPU:total 8 (initial active 8) (4 cores per cpu, 2 threads per core) family 6 model 158 stepping 9 microcode 0xb4, cmov, cx8, fxsr, mmx, sse, sse2, sse3, ssse3, sse4.1, sse4.2, popcnt, avx, avx2, aes, clmul, erms, 3dnowpref, lzcnt, ht, tsc, tscinvbit, bmi1, bmi2, adx, fma

Memory: 4k page, system-wide physical 16276M (819M free)
TotalPageFile size 19135M (AvailPageFile size 4M)
current process WorkingSet (physical memory assigned to process): 398M, peak: 408M
current process commit charge ("private bytes"): 514M, peak: 523M

vm_info: OpenJDK 64-Bit Server VM (11.0.18+10-LTS) for windows-amd64 JRE (11.0.18+10-LTS), built on Jan 18 2023 15:56:47 by "MicrosoftCorporation" with MS VC++ 15.9 (VS2017)

END.
