#
# There is insufficient memory for the Java Runtime Environment to continue.
# Native memory allocation (malloc) failed to allocate 135536 bytes for Chunk::new
# Possible reasons:
#   The system is out of physical RAM or swap space
#   The process is running with CompressedOops enabled, and the Java Heap may be blocking the growth of the native heap
# Possible solutions:
#   Reduce memory load on the system
#   Increase physical memory or swap space
#   Check if swap backing store is full
#   Decrease Java heap size (-Xmx/-Xms)
#   Decrease number of Java threads
#   Decrease Java thread stack sizes (-Xss)
#   Set larger code cache with -XX:ReservedCodeCacheSize=
#   JVM is running with Unscaled Compressed Oops mode in which the Java heap is
#     placed in the first 4GB address space. The Java Heap base address is the
#     maximum limit for the native heap growth. Please use -XX:HeapBaseMinAddress
#     to set the Java Heap base and to place the Java Heap above 4GB virtual address.
# This output file may be truncated or incomplete.
#
#  Out of Memory Error (./src/hotspot/share/memory/arena.cpp:197), pid=17172, tid=1248
#
# JRE version: OpenJDK Runtime Environment Microsoft-7208460 (11.0.18+10) (build 11.0.18+10-LTS)
# Java VM: OpenJDK 64-Bit Server VM Microsoft-7208460 (11.0.18+10-LTS, mixed mode, tiered, compressed oops, g1 gc, windows-amd64)
# No core dump will be written. Minidumps are not enabled by default on client versions of Windows
#

---------------  S U M M A R Y ------------

Command Line: -Xmx64m -Xms64m -Dorg.gradle.appname=gradlew org.gradle.wrapper.GradleWrapperMain app:installDebug -PreactNativeDevServerPort=8081

Host: Intel(R) Core(TM) i7-7700HQ CPU @ 2.80GHz, 8 cores, 15G,  Windows 10 , 64 bit Build 19041 (10.0.19041.3155)
Time: Wed Jul 26 15:20:46 2023 SE Asia Standard Time elapsed time: 82.545287 seconds (0d 0h 1m 22s)

---------------  T H R E A D  ---------------

Current thread (0x000001bdfe5ba800):  JavaThread "C2 CompilerThread0" daemon [_thread_in_native, id=1248, stack(0x0000004e4e300000,0x0000004e4e400000)]


Current CompileTask:
C2:  82545 1696       4       java.util.AbstractList::equals (117 bytes)

Stack: [0x0000004e4e300000,0x0000004e4e400000]
Native frames: (J=compiled Java code, j=interpreted, Vv=VM code, C=native code)
V  [jvm.dll+0x62bf8a]
V  [jvm.dll+0x7b8fb9]
V  [jvm.dll+0x7ba6a8]
V  [jvm.dll+0x7bad83]
V  [jvm.dll+0x250248]
V  [jvm.dll+0xc260c]
V  [jvm.dll+0xc2bcc]
V  [jvm.dll+0x2c4e64]
V  [jvm.dll+0x533dcc]
V  [jvm.dll+0x208c26]
V  [jvm.dll+0x20aab6]
V  [jvm.dll+0x2083eb]
V  [jvm.dll+0x18a4b1]
V  [jvm.dll+0x217eec]
V  [jvm.dll+0x21612b]
V  [jvm.dll+0x77bac0]
V  [jvm.dll+0x7749f4]
V  [jvm.dll+0x62adf5]
C  [ucrtbase.dll+0x21bb2]
C  [KERNEL32.DLL+0x17614]
C  [ntdll.dll+0x526b1]


---------------  P R O C E S S  ---------------

Threads class SMR info:
_java_thread_list=0x000001bd807bd730, length=13, elements={
0x000001bde1731800, 0x000001bdfe54b800, 0x000001bdfe556800, 0x000001bdfe5ae800,
0x000001bdfe5b0000, 0x000001bdfe5b2000, 0x000001bdfe5ba800, 0x000001bdfe5bd800,
0x000001bdfe5cb800, 0x000001bdfe85f000, 0x000001bd8016e000, 0x000001bd807e3000,
0x000001bdfea93800
}

Java Threads: ( => current thread )
  0x000001bde1731800 JavaThread "main" [_thread_in_native, id=16260, stack(0x0000004e4d700000,0x0000004e4d800000)]
  0x000001bdfe54b800 JavaThread "Reference Handler" daemon [_thread_blocked, id=11916, stack(0x0000004e4de00000,0x0000004e4df00000)]
  0x000001bdfe556800 JavaThread "Finalizer" daemon [_thread_blocked, id=11396, stack(0x0000004e4df00000,0x0000004e4e000000)]
  0x000001bdfe5ae800 JavaThread "Signal Dispatcher" daemon [_thread_blocked, id=2340, stack(0x0000004e4e000000,0x0000004e4e100000)]
  0x000001bdfe5b0000 JavaThread "Attach Listener" daemon [_thread_blocked, id=17512, stack(0x0000004e4e100000,0x0000004e4e200000)]
  0x000001bdfe5b2000 JavaThread "Service Thread" daemon [_thread_blocked, id=6468, stack(0x0000004e4e200000,0x0000004e4e300000)]
=>0x000001bdfe5ba800 JavaThread "C2 CompilerThread0" daemon [_thread_in_native, id=1248, stack(0x0000004e4e300000,0x0000004e4e400000)]
  0x000001bdfe5bd800 JavaThread "C1 CompilerThread0" daemon [_thread_blocked, id=10904, stack(0x0000004e4e400000,0x0000004e4e500000)]
  0x000001bdfe5cb800 JavaThread "Sweeper thread" daemon [_thread_blocked, id=12780, stack(0x0000004e4e500000,0x0000004e4e600000)]
  0x000001bdfe85f000 JavaThread "Common-Cleaner" daemon [_thread_blocked, id=14792, stack(0x0000004e4e700000,0x0000004e4e800000)]
  0x000001bd8016e000 JavaThread "pool-1-thread-1" [_thread_blocked, id=7536, stack(0x0000004e4eb00000,0x0000004e4ec00000)]
  0x000001bd807e3000 JavaThread "DisconnectableInputStream source reader" daemon [_thread_in_native, id=8656, stack(0x0000004e4e900000,0x0000004e4ea00000)]
  0x000001bdfea93800 JavaThread "Forward input" [_thread_blocked, id=3756, stack(0x0000004e4ec00000,0x0000004e4ed00000)]

Other Threads:
  0x000001bdfe526800 VMThread "VM Thread" [stack: 0x0000004e4dd00000,0x0000004e4de00000] [id=18508]
  0x000001bdfe836000 WatcherThread [stack: 0x0000004e4e600000,0x0000004e4e700000] [id=6848]
  0x000001bde174b800 GCTaskThread "GC Thread#0" [stack: 0x0000004e4d800000,0x0000004e4d900000] [id=13732]
  0x000001bdff05d000 GCTaskThread "GC Thread#1" [stack: 0x0000004e4ea00000,0x0000004e4eb00000] [id=9968]
  0x000001bde1755000 ConcurrentGCThread "G1 Main Marker" [stack: 0x0000004e4d900000,0x0000004e4da00000] [id=18172]
  0x000001bde1756800 ConcurrentGCThread "G1 Conc#0" [stack: 0x0000004e4da00000,0x0000004e4db00000] [id=17492]
  0x000001bde17c0800 ConcurrentGCThread "G1 Refine#0" [stack: 0x0000004e4db00000,0x0000004e4dc00000] [id=13972]
  0x000001bde17c1800 ConcurrentGCThread "G1 Young RemSet Sampling" [stack: 0x0000004e4dc00000,0x0000004e4dd00000] [id=18624]

Threads with active compile tasks:
C2 CompilerThread0    82585 1696       4       java.util.AbstractList::equals (117 bytes)

VM state:not at safepoint (normal execution)

VM Mutex/Monitor currently owned by a thread: None

Heap address: 0x00000000fc000000, size: 64 MB, Compressed Oops mode: 32-bit
Narrow klass base: 0x0000000000000000, Narrow klass shift: 3
Compressed class space size: 1073741824 Address: 0x0000000100000000

Heap:
 garbage-first heap   total 65536K, used 34762K [0x00000000fc000000, 0x0000000100000000)
  region size 1024K, 28 young (28672K), 3 survivors (3072K)
 Metaspace       used 16153K, capacity 16438K, committed 16512K, reserved 1064960K
  class space    used 1806K, capacity 1908K, committed 1920K, reserved 1048576K
Heap Regions: E=young(eden), S=young(survivor), O=old, HS=humongous(starts), HC=humongous(continues), CS=collection set, F=free, A=archive, TAMS=top-at-mark-start (previous, next)
|   0|0x00000000fc000000, 0x00000000fc100000, 0x00000000fc100000|100%|HS|  |TAMS 0x00000000fc000000, 0x00000000fc000000| Complete 
|   1|0x00000000fc100000, 0x00000000fc200000, 0x00000000fc200000|100%|HC|  |TAMS 0x00000000fc100000, 0x00000000fc100000| Complete 
|   2|0x00000000fc200000, 0x00000000fc300000, 0x00000000fc300000|100%|HC|  |TAMS 0x00000000fc200000, 0x00000000fc200000| Complete 
|   3|0x00000000fc300000, 0x00000000fc400000, 0x00000000fc400000|100%|HC|  |TAMS 0x00000000fc300000, 0x00000000fc300000| Complete 
|   4|0x00000000fc400000, 0x00000000fc500000, 0x00000000fc500000|100%| O|  |TAMS 0x00000000fc400000, 0x00000000fc400000| Untracked 
|   5|0x00000000fc500000, 0x00000000fc600000, 0x00000000fc600000|100%| O|  |TAMS 0x00000000fc500000, 0x00000000fc500000| Untracked 
|   6|0x00000000fc600000, 0x00000000fc6f2800, 0x00000000fc700000| 94%| O|  |TAMS 0x00000000fc600000, 0x00000000fc600000| Untracked 
|   7|0x00000000fc700000, 0x00000000fc700000, 0x00000000fc800000|  0%| F|  |TAMS 0x00000000fc700000, 0x00000000fc700000| Untracked 
|   8|0x00000000fc800000, 0x00000000fc800000, 0x00000000fc900000|  0%| F|  |TAMS 0x00000000fc800000, 0x00000000fc800000| Untracked 
|   9|0x00000000fc900000, 0x00000000fc900000, 0x00000000fca00000|  0%| F|  |TAMS 0x00000000fc900000, 0x00000000fc900000| Untracked 
|  10|0x00000000fca00000, 0x00000000fca00000, 0x00000000fcb00000|  0%| F|  |TAMS 0x00000000fca00000, 0x00000000fca00000| Untracked 
|  11|0x00000000fcb00000, 0x00000000fcb00000, 0x00000000fcc00000|  0%| F|  |TAMS 0x00000000fcb00000, 0x00000000fcb00000| Untracked 
|  12|0x00000000fcc00000, 0x00000000fcc00000, 0x00000000fcd00000|  0%| F|  |TAMS 0x00000000fcc00000, 0x00000000fcc00000| Untracked 
|  13|0x00000000fcd00000, 0x00000000fcd00000, 0x00000000fce00000|  0%| F|  |TAMS 0x00000000fcd00000, 0x00000000fcd00000| Untracked 
|  14|0x00000000fce00000, 0x00000000fce00000, 0x00000000fcf00000|  0%| F|  |TAMS 0x00000000fce00000, 0x00000000fce00000| Untracked 
|  15|0x00000000fcf00000, 0x00000000fcf00000, 0x00000000fd000000|  0%| F|  |TAMS 0x00000000fcf00000, 0x00000000fcf00000| Untracked 
|  16|0x00000000fd000000, 0x00000000fd000000, 0x00000000fd100000|  0%| F|  |TAMS 0x00000000fd000000, 0x00000000fd000000| Untracked 
|  17|0x00000000fd100000, 0x00000000fd100000, 0x00000000fd200000|  0%| F|  |TAMS 0x00000000fd100000, 0x00000000fd100000| Untracked 
|  18|0x00000000fd200000, 0x00000000fd200000, 0x00000000fd300000|  0%| F|  |TAMS 0x00000000fd200000, 0x00000000fd200000| Untracked 
|  19|0x00000000fd300000, 0x00000000fd300000, 0x00000000fd400000|  0%| F|  |TAMS 0x00000000fd300000, 0x00000000fd300000| Untracked 
|  20|0x00000000fd400000, 0x00000000fd400000, 0x00000000fd500000|  0%| F|  |TAMS 0x00000000fd400000, 0x00000000fd400000| Untracked 
|  21|0x00000000fd500000, 0x00000000fd500000, 0x00000000fd600000|  0%| F|  |TAMS 0x00000000fd500000, 0x00000000fd500000| Untracked 
|  22|0x00000000fd600000, 0x00000000fd600000, 0x00000000fd700000|  0%| F|  |TAMS 0x00000000fd600000, 0x00000000fd600000| Untracked 
|  23|0x00000000fd700000, 0x00000000fd700000, 0x00000000fd800000|  0%| F|  |TAMS 0x00000000fd700000, 0x00000000fd700000| Untracked 
|  24|0x00000000fd800000, 0x00000000fd800000, 0x00000000fd900000|  0%| F|  |TAMS 0x00000000fd800000, 0x00000000fd800000| Untracked 
|  25|0x00000000fd900000, 0x00000000fd900000, 0x00000000fda00000|  0%| F|  |TAMS 0x00000000fd900000, 0x00000000fd900000| Untracked 
|  26|0x00000000fda00000, 0x00000000fda00000, 0x00000000fdb00000|  0%| F|  |TAMS 0x00000000fda00000, 0x00000000fda00000| Untracked 
|  27|0x00000000fdb00000, 0x00000000fdb00000, 0x00000000fdc00000|  0%| F|  |TAMS 0x00000000fdb00000, 0x00000000fdb00000| Untracked 
|  28|0x00000000fdc00000, 0x00000000fdc00000, 0x00000000fdd00000|  0%| F|  |TAMS 0x00000000fdc00000, 0x00000000fdc00000| Untracked 
|  29|0x00000000fdd00000, 0x00000000fdd00000, 0x00000000fde00000|  0%| F|  |TAMS 0x00000000fdd00000, 0x00000000fdd00000| Untracked 
|  30|0x00000000fde00000, 0x00000000fde00000, 0x00000000fdf00000|  0%| F|  |TAMS 0x00000000fde00000, 0x00000000fde00000| Untracked 
|  31|0x00000000fdf00000, 0x00000000fdf00000, 0x00000000fe000000|  0%| F|  |TAMS 0x00000000fdf00000, 0x00000000fdf00000| Untracked 
|  32|0x00000000fe000000, 0x00000000fe000000, 0x00000000fe100000|  0%| F|  |TAMS 0x00000000fe000000, 0x00000000fe000000| Untracked 
|  33|0x00000000fe100000, 0x00000000fe100000, 0x00000000fe200000|  0%| F|  |TAMS 0x00000000fe100000, 0x00000000fe100000| Untracked 
|  34|0x00000000fe200000, 0x00000000fe200000, 0x00000000fe300000|  0%| F|  |TAMS 0x00000000fe200000, 0x00000000fe200000| Untracked 
|  35|0x00000000fe300000, 0x00000000fe300000, 0x00000000fe400000|  0%| F|  |TAMS 0x00000000fe300000, 0x00000000fe300000| Untracked 
|  36|0x00000000fe400000, 0x00000000fe445a00, 0x00000000fe500000| 27%| E|  |TAMS 0x00000000fe400000, 0x00000000fe400000| Complete 
|  37|0x00000000fe500000, 0x00000000fe600000, 0x00000000fe600000|100%| S|CS|TAMS 0x00000000fe500000, 0x00000000fe500000| Complete 
|  38|0x00000000fe600000, 0x00000000fe700000, 0x00000000fe700000|100%| S|CS|TAMS 0x00000000fe600000, 0x00000000fe600000| Complete 
|  39|0x00000000fe700000, 0x00000000fe800000, 0x00000000fe800000|100%| S|CS|TAMS 0x00000000fe700000, 0x00000000fe700000| Complete 
|  40|0x00000000fe800000, 0x00000000fe900000, 0x00000000fe900000|100%| E|CS|TAMS 0x00000000fe800000, 0x00000000fe800000| Complete 
|  41|0x00000000fe900000, 0x00000000fea00000, 0x00000000fea00000|100%| E|CS|TAMS 0x00000000fe900000, 0x00000000fe900000| Complete 
|  42|0x00000000fea00000, 0x00000000feb00000, 0x00000000feb00000|100%| E|CS|TAMS 0x00000000fea00000, 0x00000000fea00000| Complete 
|  43|0x00000000feb00000, 0x00000000fec00000, 0x00000000fec00000|100%| E|CS|TAMS 0x00000000feb00000, 0x00000000feb00000| Complete 
|  44|0x00000000fec00000, 0x00000000fed00000, 0x00000000fed00000|100%| E|CS|TAMS 0x00000000fec00000, 0x00000000fec00000| Complete 
|  45|0x00000000fed00000, 0x00000000fee00000, 0x00000000fee00000|100%| E|CS|TAMS 0x00000000fed00000, 0x00000000fed00000| Complete 
|  46|0x00000000fee00000, 0x00000000fef00000, 0x00000000fef00000|100%| E|CS|TAMS 0x00000000fee00000, 0x00000000fee00000| Complete 
|  47|0x00000000fef00000, 0x00000000ff000000, 0x00000000ff000000|100%| E|CS|TAMS 0x00000000fef00000, 0x00000000fef00000| Complete 
|  48|0x00000000ff000000, 0x00000000ff100000, 0x00000000ff100000|100%| E|CS|TAMS 0x00000000ff000000, 0x00000000ff000000| Complete 
|  49|0x00000000ff100000, 0x00000000ff200000, 0x00000000ff200000|100%| E|CS|TAMS 0x00000000ff100000, 0x00000000ff100000| Complete 
|  50|0x00000000ff200000, 0x00000000ff300000, 0x00000000ff300000|100%| E|CS|TAMS 0x00000000ff200000, 0x00000000ff200000| Complete 
|  51|0x00000000ff300000, 0x00000000ff400000, 0x00000000ff400000|100%| E|CS|TAMS 0x00000000ff300000, 0x00000000ff300000| Complete 
|  52|0x00000000ff400000, 0x00000000ff500000, 0x00000000ff500000|100%| E|CS|TAMS 0x00000000ff400000, 0x00000000ff400000| Complete 
|  53|0x00000000ff500000, 0x00000000ff600000, 0x00000000ff600000|100%| E|CS|TAMS 0x00000000ff500000, 0x00000000ff500000| Complete 
|  54|0x00000000ff600000, 0x00000000ff700000, 0x00000000ff700000|100%| E|CS|TAMS 0x00000000ff600000, 0x00000000ff600000| Complete 
|  55|0x00000000ff700000, 0x00000000ff800000, 0x00000000ff800000|100%| E|CS|TAMS 0x00000000ff700000, 0x00000000ff700000| Complete 
|  56|0x00000000ff800000, 0x00000000ff900000, 0x00000000ff900000|100%| E|CS|TAMS 0x00000000ff800000, 0x00000000ff800000| Complete 
|  57|0x00000000ff900000, 0x00000000ffa00000, 0x00000000ffa00000|100%| E|CS|TAMS 0x00000000ff900000, 0x00000000ff900000| Complete 
|  58|0x00000000ffa00000, 0x00000000ffb00000, 0x00000000ffb00000|100%| E|CS|TAMS 0x00000000ffa00000, 0x00000000ffa00000| Complete 
|  59|0x00000000ffb00000, 0x00000000ffc00000, 0x00000000ffc00000|100%| E|CS|TAMS 0x00000000ffb00000, 0x00000000ffb00000| Complete 
|  60|0x00000000ffc00000, 0x00000000ffd00000, 0x00000000ffd00000|100%| E|CS|TAMS 0x00000000ffc00000, 0x00000000ffc00000| Complete 
|  61|0x00000000ffd00000, 0x00000000ffe00000, 0x00000000ffe00000|100%| E|CS|TAMS 0x00000000ffd00000, 0x00000000ffd00000| Complete 
|  62|0x00000000ffe00000, 0x00000000fff00000, 0x00000000fff00000|100%| E|CS|TAMS 0x00000000ffe00000, 0x00000000ffe00000| Complete 
|  63|0x00000000fff00000, 0x0000000100000000, 0x0000000100000000|100%| E|CS|TAMS 0x00000000fff00000, 0x00000000fff00000| Complete 

Card table byte_map: [0x000001bde1860000,0x000001bde1880000] _byte_map_base: 0x000001bde1080000

Marking Bits (Prev, Next): (CMBitMap*) 0x000001bde1753f68, (CMBitMap*) 0x000001bde1753fa0
 Prev Bits: [0x000001bdfb150000, 0x000001bdfb250000)
 Next Bits: [0x000001bdfb250000, 0x000001bdfb350000)

Polling page: 0x000001bde1810000

Metaspace:

Usage:
  Non-class:     14.19 MB capacity,    14.01 MB ( 99%) used,   160.23 KB (  1%) free+waste,    22.94 KB ( <1%) overhead. 
      Class:      1.86 MB capacity,     1.76 MB ( 95%) used,    90.74 KB (  5%) free+waste,    11.00 KB ( <1%) overhead. 
       Both:     16.05 MB capacity,    15.77 MB ( 98%) used,   250.98 KB (  2%) free+waste,    33.94 KB ( <1%) overhead. 

Virtual space:
  Non-class space:       16.00 MB reserved,      14.25 MB ( 89%) committed 
      Class space:        1.00 GB reserved,       1.88 MB ( <1%) committed 
             Both:        1.02 GB reserved,      16.13 MB (  2%) committed 

Chunk freelists:
   Non-Class:  62.00 KB
       Class:  12.00 KB
        Both:  74.00 KB

MaxMetaspaceSize: 17179869184.00 GB
CompressedClassSpaceSize: 1.00 GB
Initial GC threshold: 20.80 MB
Current GC threshold: 20.80 MB
CDS: off

CodeHeap 'non-profiled nmethods': size=120000Kb used=638Kb max_used=638Kb free=119361Kb
 bounds [0x000001bdf31a0000, 0x000001bdf3410000, 0x000001bdfa6d0000]
CodeHeap 'profiled nmethods': size=120000Kb used=3237Kb max_used=3237Kb free=116762Kb
 bounds [0x000001bdebc70000, 0x000001bdebfa0000, 0x000001bdf31a0000]
CodeHeap 'non-nmethods': size=5760Kb used=1164Kb max_used=1185Kb free=4595Kb
 bounds [0x000001bdeb6d0000, 0x000001bdeb940000, 0x000001bdebc70000]
 total_blobs=2120 nmethods=1692 adapters=341
 compilation: enabled
              stopped_count=0, restarted_count=0
 full_count=0

Compilation events (20 events):
Event: 63.499 Thread 0x000001bdfe5ba800 nmethod 1686 0x000001bdf323b490 code [0x000001bdf323b640, 0x000001bdf323bcc8]
Event: 64.359 Thread 0x000001bdfe5ba800 1687       4       org.gradle.internal.logging.console.DefaultRedrawableLabel::redraw (163 bytes)
Event: 64.375 Thread 0x000001bdfe5ba800 nmethod 1687 0x000001bdf323c090 code [0x000001bdf323c2c0, 0x000001bdf323cbf0]
Event: 65.168 Thread 0x000001bdfe5ba800 1688       4       java.lang.AbstractStringBuilder::shift (37 bytes)
Event: 65.170 Thread 0x000001bdfe5ba800 nmethod 1688 0x000001bdf323d390 code [0x000001bdf323d520, 0x000001bdf323d618]
Event: 66.845 Thread 0x000001bdfe5bd800 1689       3       java.lang.AbstractStringBuilder::substring (40 bytes)
Event: 66.845 Thread 0x000001bdfe5bd800 nmethod 1689 0x000001bdebf95a90 code [0x000001bdebf95ca0, 0x000001bdebf961a8]
Event: 67.353 Thread 0x000001bdfe5ba800 1690       4       java.lang.AbstractStringBuilder::append (45 bytes)
Event: 67.361 Thread 0x000001bdfe5ba800 nmethod 1690 0x000001bdf323d710 code [0x000001bdf323d8e0, 0x000001bdf323de58]
Event: 68.145 Thread 0x000001bdfe5bd800 1691       3       java.util.ArrayDeque::removeFirstOccurrence (86 bytes)
Event: 68.145 Thread 0x000001bdfe5bd800 nmethod 1691 0x000001bdebf96390 code [0x000001bdebf96580, 0x000001bdebf96a58]
Event: 69.005 Thread 0x000001bdfe5ba800 1692   !   4       net.rubygrapefruit.platform.internal.WindowsTerminal::getTerminalSize (84 bytes)
Event: 69.010 Thread 0x000001bdfe5ba800 nmethod 1692 0x000001bdf323e190 code [0x000001bdf323e360, 0x000001bdf323e888]
Event: 73.826 Thread 0x000001bdfe5bd800 1693       3       java.util.concurrent.locks.AbstractQueuedSynchronizer$ConditionObject::awaitNanos (181 bytes)
Event: 73.828 Thread 0x000001bdfe5bd800 nmethod 1693 0x000001bdebf96c10 code [0x000001bdebf97020, 0x000001bdebf98bf8]
Event: 74.836 Thread 0x000001bdfe5ba800 1694       4       sun.nio.cs.SingleByte$Encoder::encodeArrayLoop (233 bytes)
Event: 74.843 Thread 0x000001bdfe5ba800 nmethod 1694 0x000001bdf323ea90 code [0x000001bdf323ec60, 0x000001bdf323f238]
Event: 80.778 Thread 0x000001bdfe5ba800 1695       4       java.lang.InheritableThreadLocal::getMap (5 bytes)
Event: 80.778 Thread 0x000001bdfe5ba800 nmethod 1695 0x000001bdf323f810 code [0x000001bdf323f9a0, 0x000001bdf323fa18]
Event: 82.533 Thread 0x000001bdfe5ba800 1696       4       java.util.AbstractList::equals (117 bytes)

GC Heap History (2 events):
Event: 0.639 GC heap before
{Heap before GC invocations=0 (full 0):
 garbage-first heap   total 65536K, used 27648K [0x00000000fc000000, 0x0000000100000000)
  region size 1024K, 24 young (24576K), 0 survivors (0K)
 Metaspace       used 10300K, capacity 10542K, committed 10624K, reserved 1058816K
  class space    used 1046K, capacity 1129K, committed 1152K, reserved 1048576K
}
Event: 0.644 GC heap after
{Heap after GC invocations=1 (full 0):
 garbage-first heap   total 65536K, used 10186K [0x00000000fc000000, 0x0000000100000000)
  region size 1024K, 3 young (3072K), 3 survivors (3072K)
 Metaspace       used 10300K, capacity 10542K, committed 10624K, reserved 1058816K
  class space    used 1046K, capacity 1129K, committed 1152K, reserved 1048576K
}

Deoptimization events (20 events):
Event: 0.906 Thread 0x000001bde1731800 DEOPT PACKING pc=0x000001bdf31fc9e0 sp=0x0000004e4d7fa3b0
Event: 0.906 Thread 0x000001bde1731800 DEOPT UNPACKING pc=0x000001bdeb71a1af sp=0x0000004e4d7fa2b0 mode 2
Event: 1.048 Thread 0x000001bde1731800 Uncommon trap: trap_request=0xffffff4d fr.pc=0x000001bdf31f3450 relative=0x0000000000001a70
Event: 1.048 Thread 0x000001bde1731800 Uncommon trap: reason=unstable_if action=reinterpret pc=0x000001bdf31f3450 method=java.io.WinNTFileSystem.normalize(Ljava/lang/String;)Ljava/lang/String; @ 128 c2
Event: 1.048 Thread 0x000001bde1731800 DEOPT PACKING pc=0x000001bdf31f3450 sp=0x0000004e4d7f9e50
Event: 1.048 Thread 0x000001bde1731800 DEOPT UNPACKING pc=0x000001bdeb71a1af sp=0x0000004e4d7f9e28 mode 2
Event: 1.240 Thread 0x000001bde1731800 Uncommon trap: trap_request=0xffffff4d fr.pc=0x000001bdf31d6710 relative=0x0000000000000550
Event: 1.240 Thread 0x000001bde1731800 Uncommon trap: reason=unstable_if action=reinterpret pc=0x000001bdf31d6710 method=java.lang.AbstractStringBuilder.append(Ljava/lang/String;)Ljava/lang/AbstractStringBuilder; @ 1 c2
Event: 1.240 Thread 0x000001bde1731800 DEOPT PACKING pc=0x000001bdf31d6710 sp=0x0000004e4d7fc390
Event: 1.240 Thread 0x000001bde1731800 DEOPT UNPACKING pc=0x000001bdeb71a1af sp=0x0000004e4d7fc310 mode 2
Event: 1.240 Thread 0x000001bde1731800 Uncommon trap: trap_request=0xffffff4d fr.pc=0x000001bdf31e7164 relative=0x0000000000000524
Event: 1.240 Thread 0x000001bde1731800 Uncommon trap: reason=unstable_if action=reinterpret pc=0x000001bdf31e7164 method=java.lang.AbstractStringBuilder.append(Ljava/lang/String;)Ljava/lang/AbstractStringBuilder; @ 1 c2
Event: 1.240 Thread 0x000001bde1731800 DEOPT PACKING pc=0x000001bdf31e7164 sp=0x0000004e4d7fc330
Event: 1.240 Thread 0x000001bde1731800 DEOPT UNPACKING pc=0x000001bdeb71a1af sp=0x0000004e4d7fc318 mode 2
Event: 49.892 Thread 0x000001bde1731800 Uncommon trap: trap_request=0xffffff4d fr.pc=0x000001bdf322a298 relative=0x0000000000000558
Event: 49.892 Thread 0x000001bde1731800 Uncommon trap: reason=unstable_if action=reinterpret pc=0x000001bdf322a298 method=com.esotericsoftware.kryo.io.Input.readUtf8(I)V @ 79 c2
Event: 49.892 Thread 0x000001bde1731800 DEOPT PACKING pc=0x000001bdf322a298 sp=0x0000004e4d7fbfa0
Event: 49.892 Thread 0x000001bde1731800 DEOPT UNPACKING pc=0x000001bdeb71a1af sp=0x0000004e4d7fbf38 mode 2
Event: 74.836 Thread 0x000001bd8016e000 DEOPT PACKING pc=0x000001bdebf188d8 sp=0x0000004e4ebfe530
Event: 74.836 Thread 0x000001bd8016e000 DEOPT UNPACKING pc=0x000001bdeb71a95e sp=0x0000004e4ebfda98 mode 0

Classes redefined (0 events):
No events

Internal exceptions (14 events):
Event: 0.179 Thread 0x000001bde1731800 Exception <a 'java/lang/NoSuchMethodError'{0x00000000ffc640c0}: 'int java.lang.invoke.DirectMethodHandle$Holder.invokeStaticInit(java.lang.Object, java.lang.Object)'> (0x00000000ffc640c0) thrown at [./src/hotspot/share/interpreter/linkResolver.cpp, line 773]
Event: 0.210 Thread 0x000001bde1731800 Exception <a 'java/lang/NoSuchMethodError'{0x00000000ffb39820}: 'int java.lang.invoke.DirectMethodHandle$Holder.invokeSpecial(java.lang.Object, java.lang.Object, java.lang.Object, java.lang.Object)'> (0x00000000ffb39820) thrown at [./src/hotspot/share/interpreter/linkResolver.cpp, line 773]
Event: 0.214 Thread 0x000001bde1731800 Exception <a 'java/lang/NoSuchMethodError'{0x00000000ffb71d98}: 'int java.lang.invoke.DirectMethodHandle$Holder.invokeSpecialIFC(java.lang.Object, java.lang.Object, int)'> (0x00000000ffb71d98) thrown at [./src/hotspot/share/interpreter/linkResolver.cpp, line 773]
Event: 0.620 Thread 0x000001bde1731800 Exception <a 'java/lang/NoClassDefFoundError'{0x00000000fe829488}: org/slf4j/impl/StaticMarkerBinder> (0x00000000fe829488) thrown at [./src/hotspot/share/classfile/systemDictionary.cpp, line 219]
Event: 0.656 Thread 0x000001bde1731800 Exception <a 'java/lang/NoSuchMethodError'{0x00000000fff2b230}: 'java.lang.Object java.lang.invoke.DirectMethodHandle$Holder.invokeVirtual(java.lang.Object, java.lang.Object, java.lang.Object, java.lang.Object, java.lang.Object, java.lang.Object, java.lang.Object)'> (0x00000000fff2b230) thrown at [./src/hotspot/share/interpreter/linkResolver.cpp, line 773]
Event: 0.658 Thread 0x000001bde1731800 Exception <a 'java/lang/NoSuchMethodError'{0x00000000fff3ee20}: 'java.lang.Object java.lang.invoke.Invokers$Holder.invoker(java.lang.Object, java.lang.Object, java.lang.Object)'> (0x00000000fff3ee20) thrown at [./src/hotspot/share/interpreter/linkResolver.cpp, line 773]
Event: 0.661 Thread 0x000001bde1731800 Exception <a 'java/lang/NoSuchMethodError'{0x00000000fff4fac0}: 'void java.lang.invoke.DelegatingMethodHandle$Holder.delegate(java.lang.Object, java.lang.Object, int, java.lang.Object)'> (0x00000000fff4fac0) thrown at [./src/hotspot/share/interpreter/linkResolver.cpp, line 773]
Event: 0.824 Thread 0x000001bde1731800 Exception <a 'java/lang/NoSuchMethodError'{0x00000000ff59ab58}: 'java.lang.Object java.lang.invoke.DirectMethodHandle$Holder.invokeStaticInit(java.lang.Object, java.lang.Object, java.lang.Object)'> (0x00000000ff59ab58) thrown at [./src/hotspot/share/interpreter/linkResolver.cpp, line 773]
Event: 0.920 Thread 0x000001bde1731800 Exception <a 'java/lang/NoSuchMethodError'{0x00000000fef6b228}: 'java.lang.Object java.lang.invoke.DirectMethodHandle$Holder.invokeStaticInit(java.lang.Object, int, int, int, int)'> (0x00000000fef6b228) thrown at [./src/hotspot/share/interpreter/linkResolver.cpp, line 773]
Event: 1.049 Thread 0x000001bde1731800 Exception <a 'sun/nio/fs/WindowsException'{0x00000000fef78698}> (0x00000000fef78698) thrown at [./src/hotspot/share/prims/jni.cpp, line 617]
Event: 1.050 Thread 0x000001bde1731800 Exception <a 'java/lang/NoSuchMethodError'{0x00000000fef7c958}: 'java.lang.Object java.lang.invoke.DirectMethodHandle$Holder.invokeStaticInit(java.lang.Object, java.lang.Object, int, int, int, int)'> (0x00000000fef7c958) thrown at [./src/hotspot/share/interpreter/linkResolver.cpp, line 773]
Event: 1.238 Thread 0x000001bde1731800 Exception <a 'java/lang/NoSuchMethodError'{0x00000000fee542f8}: 'void java.lang.invoke.DirectMethodHandle$Holder.invokeSpecial(java.lang.Object, java.lang.Object)'> (0x00000000fee542f8) thrown at [./src/hotspot/share/interpreter/linkResolver.cpp, line 773]
Event: 1.240 Thread 0x000001bde1731800 Implicit null exception at 0x000001bdf31d61f4 to 0x000001bdf31d66f8
Event: 1.240 Thread 0x000001bde1731800 Implicit null exception at 0x000001bdf31e6c74 to 0x000001bdf31e714c

Events (20 events):
Event: 12.685 loading class java/io/ObjectInputStream$BlockDataInputStream
Event: 12.685 loading class java/io/ObjectInputStream$BlockDataInputStream done
Event: 12.685 loading class java/io/ObjectInputStream$PeekInputStream
Event: 12.685 loading class java/io/ObjectInputStream$PeekInputStream done
Event: 12.685 loading class java/io/ObjectInputStream$HandleTable
Event: 12.685 loading class java/io/ObjectInputStream$HandleTable done
Event: 12.685 loading class java/io/ObjectInputStream$HandleTable$HandleList
Event: 12.685 loading class java/io/ObjectInputStream$HandleTable$HandleList done
Event: 12.685 loading class java/io/ObjectInputStream$ValidationList
Event: 12.685 loading class java/io/ObjectInputStream$ValidationList done
Event: 12.685 loading class java/io/ObjectInputFilter$Config
Event: 12.685 loading class java/io/ObjectInputFilter$Config done
Event: 12.685 loading class java/io/ObjectInputFilter
Event: 12.685 loading class java/io/ObjectInputFilter done
Event: 12.685 loading class jdk/internal/misc/JavaObjectInputFilterAccess
Event: 12.685 loading class jdk/internal/misc/JavaObjectInputFilterAccess done
Event: 12.686 loading class java/io/Bits
Event: 12.686 loading class java/io/Bits done
Event: 12.686 loading class org/gradle/internal/serialize/ExceptionReplacingObjectInputStream$1
Event: 12.686 loading class org/gradle/internal/serialize/ExceptionReplacingObjectInputStream$1 done


Dynamic libraries:
0x00007ff7fb830000 - 0x00007ff7fb83d000 	C:\Program Files\Microsoft\jdk-11.0.18.10-hotspot\bin\java.exe
0x00007fffafa10000 - 0x00007fffafc08000 	C:\Windows\SYSTEM32\ntdll.dll
0x00007fffaee90000 - 0x00007fffaef4f000 	C:\Windows\System32\KERNEL32.DLL
0x00007fffad210000 - 0x00007fffad506000 	C:\Windows\System32\KERNELBASE.dll
0x00007fffad510000 - 0x00007fffad610000 	C:\Windows\System32\ucrtbase.dll
0x00007fffa77e0000 - 0x00007fffa77f7000 	C:\Program Files\Microsoft\jdk-11.0.18.10-hotspot\bin\jli.dll
0x00007fffa7800000 - 0x00007fffa7815000 	C:\Program Files\Microsoft\jdk-11.0.18.10-hotspot\bin\VCRUNTIME140.dll
0x00007fffaf7d0000 - 0x00007fffaf96d000 	C:\Windows\System32\USER32.dll
0x00007fffad610000 - 0x00007fffad632000 	C:\Windows\System32\win32u.dll
0x00007fff93b90000 - 0x00007fff93e2a000 	C:\Windows\WinSxS\amd64_microsoft.windows.common-controls_6595b64144ccf1df_6.0.19041.1110_none_60b5254171f9507e\COMCTL32.dll
0x00007fffaf320000 - 0x00007fffaf34c000 	C:\Windows\System32\GDI32.dll
0x00007fffaf6b0000 - 0x00007fffaf74e000 	C:\Windows\System32\msvcrt.dll
0x00007fffad0f0000 - 0x00007fffad205000 	C:\Windows\System32\gdi32full.dll
0x00007fffad950000 - 0x00007fffad9ed000 	C:\Windows\System32\msvcp_win.dll
0x00007fffaf160000 - 0x00007fffaf190000 	C:\Windows\System32\IMM32.DLL
0x00007fffa58c0000 - 0x00007fffa595b000 	C:\Program Files\Microsoft\jdk-11.0.18.10-hotspot\bin\msvcp140.dll
0x00007fff17df0000 - 0x00007fff18982000 	C:\Program Files\Microsoft\jdk-11.0.18.10-hotspot\bin\server\jvm.dll
0x00007fffae970000 - 0x00007fffaea1f000 	C:\Windows\System32\ADVAPI32.dll
0x00007fffaf0c0000 - 0x00007fffaf15c000 	C:\Windows\System32\sechost.dll
0x00007fffadc20000 - 0x00007fffadd46000 	C:\Windows\System32\RPCRT4.dll
0x00007fffae580000 - 0x00007fffae588000 	C:\Windows\System32\PSAPI.DLL
0x00007fffa87c0000 - 0x00007fffa87c9000 	C:\Windows\SYSTEM32\WSOCK32.dll
0x00007fff9a430000 - 0x00007fff9a457000 	C:\Windows\SYSTEM32\WINMM.dll
0x00007fffab820000 - 0x00007fffab82a000 	C:\Windows\SYSTEM32\VERSION.dll
0x00007fffaf020000 - 0x00007fffaf08b000 	C:\Windows\System32\WS2_32.dll
0x00007fffab930000 - 0x00007fffab942000 	C:\Windows\SYSTEM32\kernel.appcore.dll
0x00007fffa7a60000 - 0x00007fffa7a70000 	C:\Program Files\Microsoft\jdk-11.0.18.10-hotspot\bin\verify.dll
0x00007fffaa580000 - 0x00007fffaa764000 	C:\Windows\SYSTEM32\DBGHELP.DLL
0x00007fff99190000 - 0x00007fff991c4000 	C:\Windows\SYSTEM32\dbgcore.DLL
0x00007fffad8c0000 - 0x00007fffad942000 	C:\Windows\System32\bcryptPrimitives.dll
0x00007fffa77b0000 - 0x00007fffa77d8000 	C:\Program Files\Microsoft\jdk-11.0.18.10-hotspot\bin\java.dll
0x00007fffa77a0000 - 0x00007fffa77aa000 	C:\Program Files\Microsoft\jdk-11.0.18.10-hotspot\bin\jimage.dll
0x00007fffa76c0000 - 0x00007fffa76d8000 	C:\Program Files\Microsoft\jdk-11.0.18.10-hotspot\bin\zip.dll
0x00007fffadd50000 - 0x00007fffae494000 	C:\Windows\System32\SHELL32.dll
0x00007fffab080000 - 0x00007fffab814000 	C:\Windows\SYSTEM32\windows.storage.dll
0x00007fffaf350000 - 0x00007fffaf6a4000 	C:\Windows\System32\combase.dll
0x00007fffacb30000 - 0x00007fffacb5e000 	C:\Windows\SYSTEM32\Wldp.dll
0x00007fffae590000 - 0x00007fffae63d000 	C:\Windows\System32\SHCORE.dll
0x00007fffae640000 - 0x00007fffae695000 	C:\Windows\System32\shlwapi.dll
0x00007fffad020000 - 0x00007fffad045000 	C:\Windows\SYSTEM32\profapi.dll
0x00007fffa63a0000 - 0x00007fffa63b9000 	C:\Program Files\Microsoft\jdk-11.0.18.10-hotspot\bin\net.dll
0x00007fffa4ba0000 - 0x00007fffa4caa000 	C:\Windows\SYSTEM32\WINHTTP.dll
0x00007fffac890000 - 0x00007fffac8fa000 	C:\Windows\system32\mswsock.dll
0x00007fffa6380000 - 0x00007fffa6393000 	C:\Program Files\Microsoft\jdk-11.0.18.10-hotspot\bin\nio.dll
0x00007fffa5890000 - 0x00007fffa58b7000 	C:\Users\Finner\.gradle\native\68d5fa5c4cc2d200863cafc0d521ce42e7d3e7ee720ec0a83991735586a16f82\windows-amd64\native-platform.dll
0x00007fffab020000 - 0x00007fffab02a000 	C:\Users\Finner\.gradle\native\jansi\1.18\windows64\jansi.dll
0x00007fffa7760000 - 0x00007fffa7769000 	C:\Program Files\Microsoft\jdk-11.0.18.10-hotspot\bin\management.dll
0x00007fffa76b0000 - 0x00007fffa76bb000 	C:\Program Files\Microsoft\jdk-11.0.18.10-hotspot\bin\management_ext.dll
0x00007fffaca90000 - 0x00007fffacaa8000 	C:\Windows\SYSTEM32\CRYPTSP.dll
0x00007fffac140000 - 0x00007fffac174000 	C:\Windows\system32\rsaenh.dll
0x00007fffad9f0000 - 0x00007fffada17000 	C:\Windows\System32\bcrypt.dll
0x00007fffacfa0000 - 0x00007fffacfce000 	C:\Windows\SYSTEM32\USERENV.dll
0x00007fffaca80000 - 0x00007fffaca8c000 	C:\Windows\SYSTEM32\CRYPTBASE.dll
0x00007fffac530000 - 0x00007fffac56c000 	C:\Windows\SYSTEM32\IPHLPAPI.DLL
0x00007fffaf090000 - 0x00007fffaf098000 	C:\Windows\System32\NSI.dll
0x00007fffa5e70000 - 0x00007fffa5e87000 	C:\Windows\SYSTEM32\dhcpcsvc6.DLL
0x00007fffa6460000 - 0x00007fffa647d000 	C:\Windows\SYSTEM32\dhcpcsvc.DLL
0x00007fffac580000 - 0x00007fffac64a000 	C:\Windows\SYSTEM32\DNSAPI.dll

dbghelp: loaded successfully - version: 4.0.5 - missing functions: none
symbol engine: initialized successfully - sym options: 0x614 - pdb path: .;C:\Program Files\Microsoft\jdk-11.0.18.10-hotspot\bin;C:\Windows\SYSTEM32;C:\Windows\WinSxS\amd64_microsoft.windows.common-controls_6595b64144ccf1df_6.0.19041.1110_none_60b5254171f9507e;C:\Program Files\Microsoft\jdk-11.0.18.10-hotspot\bin\server;C:\Users\Finner\.gradle\native\68d5fa5c4cc2d200863cafc0d521ce42e7d3e7ee720ec0a83991735586a16f82\windows-amd64;C:\Users\Finner\.gradle\native\jansi\1.18\windows64

VM Arguments:
jvm_args: -Xmx64m -Xms64m -Dorg.gradle.appname=gradlew 
java_command: org.gradle.wrapper.GradleWrapperMain app:installDebug -PreactNativeDevServerPort=8081
java_class_path (initial): D:\Mobile-Projects\Finner\android\\gradle\wrapper\gradle-wrapper.jar
Launcher Type: SUN_STANDARD

[Global flags]
     intx CICompilerCount                          = 4                                         {product} {ergonomic}
     uint ConcGCThreads                            = 2                                         {product} {ergonomic}
     uint G1ConcRefinementThreads                  = 8                                         {product} {ergonomic}
   size_t G1HeapRegionSize                         = 1048576                                   {product} {ergonomic}
    uintx GCDrainStackTargetSize                   = 64                                        {product} {ergonomic}
   size_t InitialHeapSize                          = 67108864                                  {product} {command line}
   size_t MarkStackSize                            = 4194304                                   {product} {ergonomic}
   size_t MaxHeapSize                              = 67108864                                  {product} {command line}
   size_t MaxNewSize                               = 39845888                                  {product} {ergonomic}
   size_t MinHeapDeltaBytes                        = 1048576                                   {product} {ergonomic}
    uintx NonNMethodCodeHeapSize                   = 5836300                                {pd product} {ergonomic}
    uintx NonProfiledCodeHeapSize                  = 122910970                              {pd product} {ergonomic}
    uintx ProfiledCodeHeapSize                     = 122910970                              {pd product} {ergonomic}
    uintx ReservedCodeCacheSize                    = 251658240                              {pd product} {ergonomic}
     bool SegmentedCodeCache                       = true                                      {product} {ergonomic}
     bool UseCompressedClassPointers               = true                                 {lp64_product} {ergonomic}
     bool UseCompressedOops                        = true                                 {lp64_product} {ergonomic}
     bool UseG1GC                                  = true                                      {product} {ergonomic}
     bool UseLargePagesIndividualAllocation        = false                                  {pd product} {ergonomic}

Logging:
Log output configuration:
 #0: stdout all=warning uptime,level,tags
 #1: stderr all=off uptime,level,tags

Environment Variables:
JAVA_HOME=C:\Program Files\Microsoft\jdk-11.0.18.10-hotspot\
CLASSPATH=D:\Mobile-Projects\Finner\android\\gradle\wrapper\gradle-wrapper.jar
PATH=C:\Users\Finner\AppData\Local\Temp\yarn--1690359532030-0.7603083119935421;D:\Mobile-Projects\Finner\node_modules\.bin;C:\Users\Finner\AppData\Local\Yarn\Data\link\node_modules\.bin;C:\Users\Finner\AppData\Local\Yarn\bin;C:\Program Files\libexec\lib\node_modules\npm\bin\node-gyp-bin;C:\Program Files\lib\node_modules\npm\bin\node-gyp-bin;C:\Program Files\nodejs\node_modules\npm\bin\node-gyp-bin;C:\Program Files\WindowsApps\Microsoft.PowerShell_7.3.3.0_x64__8wekyb3d8bbwe;C:\Program Files (x86)\Common Files\Intel\Shared Libraries\redist\intel64\compiler;C:\Program Files\Microsoft\jdk-11.0.18.10-hotspot\bin;C:\Program Files (x86)\Intel\iCLS Client\;C:\Program Files\Intel\iCLS Client\;C:\Windows\system32;C:\Windows;C:\Windows\System32\Wbem;C:\Windows\System32\WindowsPowerShell\v1.0\;C:\Windows\System32\OpenSSH\;C:\Program Files (x86)\NVIDIA Corporation\PhysX\Common;C:\Program Files\NVIDIA Corporation\NVIDIA NvDLISR;C:\ProgramData\chocolatey\bin;C:\Program Files\Git\cmd;C:\Program Files\OpenJDK\openjdk-11.0.16_8\bin;c:\Program Files (x86)\Intel\Intel(R) Management Engine Components\DAL;c:\Program Files\Intel\Intel(R) Management Engine Components\DAL;c:\Program Files (x86)\Intel\Intel(R) Management Engine Components\IPT;c:\Program Files\Intel\Intel(R) Management Engine Components\IPT;C:\Program Files\nodejs\;C:\Program Files\PowerShell\7-preview\preview;C:\Users\Finner\.amplify\bin;C:\Users\Finner\AppData\Local\Microsoft\WindowsApps;C:\Users\Finner\AppData\Local\Android\Sdk\platform-tools;C:\Users\Finner\AppData\Local\Programs\oh-my-posh\bin;C:\Users\Finner\AppData\Local\Programs\Microsoft VS Code\bin;C:\Users\Finner\AppData\Roaming\npm
USERNAME=Finner
OS=Windows_NT
PROCESSOR_IDENTIFIER=Intel64 Family 6 Model 158 Stepping 9, GenuineIntel
TMP=C:\Windows\TEMP
TEMP=C:\Users\Finner\AppData\Local\Temp



---------------  S Y S T E M  ---------------

OS: Windows 10 , 64 bit Build 19041 (10.0.19041.3155)
OS uptime: 1 days 1:15 hours

CPU:total 8 (initial active 8) (4 cores per cpu, 2 threads per core) family 6 model 158 stepping 9 microcode 0xb4, cmov, cx8, fxsr, mmx, sse, sse2, sse3, ssse3, sse4.1, sse4.2, popcnt, avx, avx2, aes, clmul, erms, 3dnowpref, lzcnt, ht, tsc, tscinvbit, bmi1, bmi2, adx, fma

Memory: 4k page, system-wide physical 16276M (900M free)
TotalPageFile size 19135M (AvailPageFile size 170M)
current process WorkingSet (physical memory assigned to process): 89M, peak: 94M
current process commit charge ("private bytes"): 160M, peak: 167M

vm_info: OpenJDK 64-Bit Server VM (11.0.18+10-LTS) for windows-amd64 JRE (11.0.18+10-LTS), built on Jan 18 2023 15:56:47 by "MicrosoftCorporation" with MS VC++ 15.9 (VS2017)

END.
