#
# There is insufficient memory for the Java Runtime Environment to continue.
# Native memory allocation (malloc) failed to allocate 287216 bytes for Chunk::new
# Possible reasons:
#   The system is out of physical RAM or swap space
#   The process is running with CompressedOops enabled, and the Java Heap may be blocking the growth of the native heap
# Possible solutions:
#   Reduce memory load on the system
#   Increase physical memory or swap space
#   Check if swap backing store is full
#   Decrease Java heap size (-Xmx/-Xms)
#   Decrease number of Java threads
#   Decrease Java thread stack sizes (-Xss)
#   Set larger code cache with -XX:ReservedCodeCacheSize=
#   JVM is running with Unscaled Compressed Oops mode in which the Java heap is
#     placed in the first 4GB address space. The Java Heap base address is the
#     maximum limit for the native heap growth. Please use -XX:HeapBaseMinAddress
#     to set the Java Heap base and to place the Java Heap above 4GB virtual address.
# This output file may be truncated or incomplete.
#
#  Out of Memory Error (./src/hotspot/share/memory/arena.cpp:197), pid=17208, tid=12496
#
# JRE version: OpenJDK Runtime Environment Microsoft-7208460 (11.0.18+10) (build 11.0.18+10-LTS)
# Java VM: OpenJDK 64-Bit Server VM Microsoft-7208460 (11.0.18+10-LTS, mixed mode, tiered, compressed oops, g1 gc, windows-amd64)
# No core dump will be written. Minidumps are not enabled by default on client versions of Windows
#

---------------  S U M M A R Y ------------

Command Line: -Xmx64m -Xms64m -Dorg.gradle.appname=gradlew org.gradle.wrapper.GradleWrapperMain app:installDebug -PreactNativeDevServerPort=8081

Host: Intel(R) Core(TM) i7-7700HQ CPU @ 2.80GHz, 8 cores, 15G,  Windows 10 , 64 bit Build 19041 (10.0.19041.3155)
Time: Thu Aug  3 16:00:07 2023 SE Asia Standard Time elapsed time: 63.647436 seconds (0d 0h 1m 3s)

---------------  T H R E A D  ---------------

Current thread (0x000002257013f800):  JavaThread "C2 CompilerThread0" daemon [_thread_in_native, id=12496, stack(0x000000ef4a000000,0x000000ef4a100000)]


Current CompileTask:
C2:  63647 1702 %     4       org.gradle.internal.logging.text.AbstractLineChoppingStyledTextOutput::doAppend @ 10 (43 bytes)

Stack: [0x000000ef4a000000,0x000000ef4a100000]
Native frames: (J=compiled Java code, j=interpreted, Vv=VM code, C=native code)
V  [jvm.dll+0x62bf8a]
V  [jvm.dll+0x7b8fb9]
V  [jvm.dll+0x7ba6a8]
V  [jvm.dll+0x7bad83]
V  [jvm.dll+0x250248]
V  [jvm.dll+0xc260c]
V  [jvm.dll+0xc2bcc]
V  [jvm.dll+0x35e1c7]
V  [jvm.dll+0x32a373]
V  [jvm.dll+0x3296aa]
V  [jvm.dll+0x2093b3]
V  [jvm.dll+0x20850d]
V  [jvm.dll+0x18a4b1]
V  [jvm.dll+0x217eec]
V  [jvm.dll+0x21612b]
V  [jvm.dll+0x77bac0]
V  [jvm.dll+0x7749f4]
V  [jvm.dll+0x62adf5]
C  [ucrtbase.dll+0x21bb2]
C  [KERNEL32.DLL+0x17614]
C  [ntdll.dll+0x526b1]


---------------  P R O C E S S  ---------------

Threads class SMR info:
_java_thread_list=0x00000225714d3ad0, length=13, elements={
0x00000225532a0800, 0x00000225700dc000, 0x00000225700e6000, 0x0000022570138000,
0x000002257013b000, 0x000002257013c000, 0x000002257013f800, 0x0000022570141800,
0x0000022570154800, 0x00000225703cc800, 0x00000225710d4800, 0x0000022571094000,
0x0000022570828800
}

Java Threads: ( => current thread )
  0x00000225532a0800 JavaThread "main" [_thread_blocked, id=9264, stack(0x000000ef49400000,0x000000ef49500000)]
  0x00000225700dc000 JavaThread "Reference Handler" daemon [_thread_blocked, id=16372, stack(0x000000ef49b00000,0x000000ef49c00000)]
  0x00000225700e6000 JavaThread "Finalizer" daemon [_thread_blocked, id=5284, stack(0x000000ef49c00000,0x000000ef49d00000)]
  0x0000022570138000 JavaThread "Signal Dispatcher" daemon [_thread_blocked, id=16696, stack(0x000000ef49d00000,0x000000ef49e00000)]
  0x000002257013b000 JavaThread "Attach Listener" daemon [_thread_blocked, id=12576, stack(0x000000ef49e00000,0x000000ef49f00000)]
  0x000002257013c000 JavaThread "Service Thread" daemon [_thread_blocked, id=15740, stack(0x000000ef49f00000,0x000000ef4a000000)]
=>0x000002257013f800 JavaThread "C2 CompilerThread0" daemon [_thread_in_native, id=12496, stack(0x000000ef4a000000,0x000000ef4a100000)]
  0x0000022570141800 JavaThread "C1 CompilerThread0" daemon [_thread_blocked, id=13448, stack(0x000000ef4a100000,0x000000ef4a200000)]
  0x0000022570154800 JavaThread "Sweeper thread" daemon [_thread_blocked, id=19636, stack(0x000000ef4a200000,0x000000ef4a300000)]
  0x00000225703cc800 JavaThread "Common-Cleaner" daemon [_thread_blocked, id=11036, stack(0x000000ef4a400000,0x000000ef4a500000)]
  0x00000225710d4800 JavaThread "pool-1-thread-1" [_thread_in_native, id=8440, stack(0x000000ef4a800000,0x000000ef4a900000)]
  0x0000022571094000 JavaThread "DisconnectableInputStream source reader" daemon [_thread_in_native, id=9336, stack(0x000000ef4a600000,0x000000ef4a700000)]
  0x0000022570828800 JavaThread "Forward input" [_thread_blocked, id=10568, stack(0x000000ef4a900000,0x000000ef4aa00000)]

Other Threads:
  0x00000225700b5000 VMThread "VM Thread" [stack: 0x000000ef49a00000,0x000000ef49b00000] [id=14752]
  0x00000225703c4800 WatcherThread [stack: 0x000000ef4a300000,0x000000ef4a400000] [id=1600]
  0x00000225532bb000 GCTaskThread "GC Thread#0" [stack: 0x000000ef49500000,0x000000ef49600000] [id=1660]
  0x0000022570c3a800 GCTaskThread "GC Thread#1" [stack: 0x000000ef4a700000,0x000000ef4a800000] [id=16872]
  0x00000225532c4800 ConcurrentGCThread "G1 Main Marker" [stack: 0x000000ef49600000,0x000000ef49700000] [id=17580]
  0x00000225532c6000 ConcurrentGCThread "G1 Conc#0" [stack: 0x000000ef49700000,0x000000ef49800000] [id=14464]
  0x0000022553331000 ConcurrentGCThread "G1 Refine#0" [stack: 0x000000ef49800000,0x000000ef49900000] [id=5644]
  0x0000022553332000 ConcurrentGCThread "G1 Young RemSet Sampling" [stack: 0x000000ef49900000,0x000000ef49a00000] [id=1416]

Threads with active compile tasks:
C2 CompilerThread0    63675 1702 %     4       org.gradle.internal.logging.text.AbstractLineChoppingStyledTextOutput::doAppend @ 10 (43 bytes)

VM state:not at safepoint (normal execution)

VM Mutex/Monitor currently owned by a thread: None

Heap address: 0x00000000fc000000, size: 64 MB, Compressed Oops mode: 32-bit
Narrow klass base: 0x0000000000000000, Narrow klass shift: 3
Compressed class space size: 1073741824 Address: 0x0000000100000000

Heap:
 garbage-first heap   total 65536K, used 33341K [0x00000000fc000000, 0x0000000100000000)
  region size 1024K, 26 young (26624K), 3 survivors (3072K)
 Metaspace       used 16176K, capacity 16438K, committed 16512K, reserved 1064960K
  class space    used 1805K, capacity 1908K, committed 1920K, reserved 1048576K
Heap Regions: E=young(eden), S=young(survivor), O=old, HS=humongous(starts), HC=humongous(continues), CS=collection set, F=free, A=archive, TAMS=top-at-mark-start (previous, next)
|   0|0x00000000fc000000, 0x00000000fc100000, 0x00000000fc100000|100%|HS|  |TAMS 0x00000000fc000000, 0x00000000fc000000| Complete 
|   1|0x00000000fc100000, 0x00000000fc200000, 0x00000000fc200000|100%|HC|  |TAMS 0x00000000fc100000, 0x00000000fc100000| Complete 
|   2|0x00000000fc200000, 0x00000000fc300000, 0x00000000fc300000|100%|HC|  |TAMS 0x00000000fc200000, 0x00000000fc200000| Complete 
|   3|0x00000000fc300000, 0x00000000fc400000, 0x00000000fc400000|100%|HC|  |TAMS 0x00000000fc300000, 0x00000000fc300000| Complete 
|   4|0x00000000fc400000, 0x00000000fc500000, 0x00000000fc500000|100%| O|  |TAMS 0x00000000fc400000, 0x00000000fc400000| Untracked 
|   5|0x00000000fc500000, 0x00000000fc600000, 0x00000000fc600000|100%| O|  |TAMS 0x00000000fc500000, 0x00000000fc500000| Untracked 
|   6|0x00000000fc600000, 0x00000000fc700000, 0x00000000fc700000|100%| O|  |TAMS 0x00000000fc600000, 0x00000000fc600000| Untracked 
|   7|0x00000000fc700000, 0x00000000fc78f400, 0x00000000fc800000| 55%| O|  |TAMS 0x00000000fc700000, 0x00000000fc700000| Untracked 
|   8|0x00000000fc800000, 0x00000000fc800000, 0x00000000fc900000|  0%| F|  |TAMS 0x00000000fc800000, 0x00000000fc800000| Untracked 
|   9|0x00000000fc900000, 0x00000000fc900000, 0x00000000fca00000|  0%| F|  |TAMS 0x00000000fc900000, 0x00000000fc900000| Untracked 
|  10|0x00000000fca00000, 0x00000000fca00000, 0x00000000fcb00000|  0%| F|  |TAMS 0x00000000fca00000, 0x00000000fca00000| Untracked 
|  11|0x00000000fcb00000, 0x00000000fcb00000, 0x00000000fcc00000|  0%| F|  |TAMS 0x00000000fcb00000, 0x00000000fcb00000| Untracked 
|  12|0x00000000fcc00000, 0x00000000fcc00000, 0x00000000fcd00000|  0%| F|  |TAMS 0x00000000fcc00000, 0x00000000fcc00000| Untracked 
|  13|0x00000000fcd00000, 0x00000000fcd00000, 0x00000000fce00000|  0%| F|  |TAMS 0x00000000fcd00000, 0x00000000fcd00000| Untracked 
|  14|0x00000000fce00000, 0x00000000fce00000, 0x00000000fcf00000|  0%| F|  |TAMS 0x00000000fce00000, 0x00000000fce00000| Untracked 
|  15|0x00000000fcf00000, 0x00000000fcf00000, 0x00000000fd000000|  0%| F|  |TAMS 0x00000000fcf00000, 0x00000000fcf00000| Untracked 
|  16|0x00000000fd000000, 0x00000000fd000000, 0x00000000fd100000|  0%| F|  |TAMS 0x00000000fd000000, 0x00000000fd000000| Untracked 
|  17|0x00000000fd100000, 0x00000000fd100000, 0x00000000fd200000|  0%| F|  |TAMS 0x00000000fd100000, 0x00000000fd100000| Untracked 
|  18|0x00000000fd200000, 0x00000000fd200000, 0x00000000fd300000|  0%| F|  |TAMS 0x00000000fd200000, 0x00000000fd200000| Untracked 
|  19|0x00000000fd300000, 0x00000000fd300000, 0x00000000fd400000|  0%| F|  |TAMS 0x00000000fd300000, 0x00000000fd300000| Untracked 
|  20|0x00000000fd400000, 0x00000000fd400000, 0x00000000fd500000|  0%| F|  |TAMS 0x00000000fd400000, 0x00000000fd400000| Untracked 
|  21|0x00000000fd500000, 0x00000000fd500000, 0x00000000fd600000|  0%| F|  |TAMS 0x00000000fd500000, 0x00000000fd500000| Untracked 
|  22|0x00000000fd600000, 0x00000000fd600000, 0x00000000fd700000|  0%| F|  |TAMS 0x00000000fd600000, 0x00000000fd600000| Untracked 
|  23|0x00000000fd700000, 0x00000000fd700000, 0x00000000fd800000|  0%| F|  |TAMS 0x00000000fd700000, 0x00000000fd700000| Untracked 
|  24|0x00000000fd800000, 0x00000000fd800000, 0x00000000fd900000|  0%| F|  |TAMS 0x00000000fd800000, 0x00000000fd800000| Untracked 
|  25|0x00000000fd900000, 0x00000000fd900000, 0x00000000fda00000|  0%| F|  |TAMS 0x00000000fd900000, 0x00000000fd900000| Untracked 
|  26|0x00000000fda00000, 0x00000000fda00000, 0x00000000fdb00000|  0%| F|  |TAMS 0x00000000fda00000, 0x00000000fda00000| Untracked 
|  27|0x00000000fdb00000, 0x00000000fdb00000, 0x00000000fdc00000|  0%| F|  |TAMS 0x00000000fdb00000, 0x00000000fdb00000| Untracked 
|  28|0x00000000fdc00000, 0x00000000fdc00000, 0x00000000fdd00000|  0%| F|  |TAMS 0x00000000fdc00000, 0x00000000fdc00000| Untracked 
|  29|0x00000000fdd00000, 0x00000000fdd00000, 0x00000000fde00000|  0%| F|  |TAMS 0x00000000fdd00000, 0x00000000fdd00000| Untracked 
|  30|0x00000000fde00000, 0x00000000fde00000, 0x00000000fdf00000|  0%| F|  |TAMS 0x00000000fde00000, 0x00000000fde00000| Untracked 
|  31|0x00000000fdf00000, 0x00000000fdf00000, 0x00000000fe000000|  0%| F|  |TAMS 0x00000000fdf00000, 0x00000000fdf00000| Untracked 
|  32|0x00000000fe000000, 0x00000000fe000000, 0x00000000fe100000|  0%| F|  |TAMS 0x00000000fe000000, 0x00000000fe000000| Untracked 
|  33|0x00000000fe100000, 0x00000000fe100000, 0x00000000fe200000|  0%| F|  |TAMS 0x00000000fe100000, 0x00000000fe100000| Untracked 
|  34|0x00000000fe200000, 0x00000000fe200000, 0x00000000fe300000|  0%| F|  |TAMS 0x00000000fe200000, 0x00000000fe200000| Untracked 
|  35|0x00000000fe300000, 0x00000000fe300000, 0x00000000fe400000|  0%| F|  |TAMS 0x00000000fe300000, 0x00000000fe300000| Untracked 
|  36|0x00000000fe400000, 0x00000000fe400000, 0x00000000fe500000|  0%| F|  |TAMS 0x00000000fe400000, 0x00000000fe400000| Untracked 
|  37|0x00000000fe500000, 0x00000000fe600000, 0x00000000fe600000|100%| S|CS|TAMS 0x00000000fe500000, 0x00000000fe500000| Complete 
|  38|0x00000000fe600000, 0x00000000fe700000, 0x00000000fe700000|100%| S|CS|TAMS 0x00000000fe600000, 0x00000000fe600000| Complete 
|  39|0x00000000fe700000, 0x00000000fe800000, 0x00000000fe800000|100%| S|CS|TAMS 0x00000000fe700000, 0x00000000fe700000| Complete 
|  40|0x00000000fe800000, 0x00000000fe800000, 0x00000000fe900000|  0%| F|  |TAMS 0x00000000fe800000, 0x00000000fe800000| Untracked 
|  41|0x00000000fe900000, 0x00000000fea00000, 0x00000000fea00000|100%| E|  |TAMS 0x00000000fe900000, 0x00000000fe900000| Complete 
|  42|0x00000000fea00000, 0x00000000feb00000, 0x00000000feb00000|100%| E|CS|TAMS 0x00000000fea00000, 0x00000000fea00000| Complete 
|  43|0x00000000feb00000, 0x00000000fec00000, 0x00000000fec00000|100%| E|CS|TAMS 0x00000000feb00000, 0x00000000feb00000| Complete 
|  44|0x00000000fec00000, 0x00000000fed00000, 0x00000000fed00000|100%| E|CS|TAMS 0x00000000fec00000, 0x00000000fec00000| Complete 
|  45|0x00000000fed00000, 0x00000000fee00000, 0x00000000fee00000|100%| E|CS|TAMS 0x00000000fed00000, 0x00000000fed00000| Complete 
|  46|0x00000000fee00000, 0x00000000fef00000, 0x00000000fef00000|100%| E|CS|TAMS 0x00000000fee00000, 0x00000000fee00000| Complete 
|  47|0x00000000fef00000, 0x00000000ff000000, 0x00000000ff000000|100%| E|CS|TAMS 0x00000000fef00000, 0x00000000fef00000| Complete 
|  48|0x00000000ff000000, 0x00000000ff100000, 0x00000000ff100000|100%| E|CS|TAMS 0x00000000ff000000, 0x00000000ff000000| Complete 
|  49|0x00000000ff100000, 0x00000000ff200000, 0x00000000ff200000|100%| E|CS|TAMS 0x00000000ff100000, 0x00000000ff100000| Complete 
|  50|0x00000000ff200000, 0x00000000ff300000, 0x00000000ff300000|100%| E|CS|TAMS 0x00000000ff200000, 0x00000000ff200000| Complete 
|  51|0x00000000ff300000, 0x00000000ff400000, 0x00000000ff400000|100%| E|CS|TAMS 0x00000000ff300000, 0x00000000ff300000| Complete 
|  52|0x00000000ff400000, 0x00000000ff500000, 0x00000000ff500000|100%| E|CS|TAMS 0x00000000ff400000, 0x00000000ff400000| Complete 
|  53|0x00000000ff500000, 0x00000000ff600000, 0x00000000ff600000|100%| E|CS|TAMS 0x00000000ff500000, 0x00000000ff500000| Complete 
|  54|0x00000000ff600000, 0x00000000ff700000, 0x00000000ff700000|100%| E|CS|TAMS 0x00000000ff600000, 0x00000000ff600000| Complete 
|  55|0x00000000ff700000, 0x00000000ff800000, 0x00000000ff800000|100%| E|CS|TAMS 0x00000000ff700000, 0x00000000ff700000| Complete 
|  56|0x00000000ff800000, 0x00000000ff900000, 0x00000000ff900000|100%| E|CS|TAMS 0x00000000ff800000, 0x00000000ff800000| Complete 
|  57|0x00000000ff900000, 0x00000000ffa00000, 0x00000000ffa00000|100%| E|CS|TAMS 0x00000000ff900000, 0x00000000ff900000| Complete 
|  58|0x00000000ffa00000, 0x00000000ffb00000, 0x00000000ffb00000|100%| E|CS|TAMS 0x00000000ffa00000, 0x00000000ffa00000| Complete 
|  59|0x00000000ffb00000, 0x00000000ffc00000, 0x00000000ffc00000|100%| E|CS|TAMS 0x00000000ffb00000, 0x00000000ffb00000| Complete 
|  60|0x00000000ffc00000, 0x00000000ffd00000, 0x00000000ffd00000|100%| E|CS|TAMS 0x00000000ffc00000, 0x00000000ffc00000| Complete 
|  61|0x00000000ffd00000, 0x00000000ffe00000, 0x00000000ffe00000|100%| E|CS|TAMS 0x00000000ffd00000, 0x00000000ffd00000| Complete 
|  62|0x00000000ffe00000, 0x00000000fff00000, 0x00000000fff00000|100%| E|CS|TAMS 0x00000000ffe00000, 0x00000000ffe00000| Complete 
|  63|0x00000000fff00000, 0x0000000100000000, 0x0000000100000000|100%| E|CS|TAMS 0x00000000fff00000, 0x00000000fff00000| Complete 

Card table byte_map: [0x000002256cc90000,0x000002256ccb0000] _byte_map_base: 0x000002256c4b0000

Marking Bits (Prev, Next): (CMBitMap*) 0x00000225532c39e8, (CMBitMap*) 0x00000225532c3a20
 Prev Bits: [0x000002256ccd0000, 0x000002256cdd0000)
 Next Bits: [0x000002256cdd0000, 0x000002256ced0000)

Polling page: 0x0000022553380000

Metaspace:

Usage:
  Non-class:     14.19 MB capacity,    14.03 MB ( 99%) used,   135.99 KB ( <1%) free+waste,    22.94 KB ( <1%) overhead. 
      Class:      1.86 MB capacity,     1.76 MB ( 95%) used,    91.30 KB (  5%) free+waste,    11.00 KB ( <1%) overhead. 
       Both:     16.05 MB capacity,    15.80 MB ( 98%) used,   227.30 KB (  1%) free+waste,    33.94 KB ( <1%) overhead. 

Virtual space:
  Non-class space:       16.00 MB reserved,      14.25 MB ( 89%) committed 
      Class space:        1.00 GB reserved,       1.88 MB ( <1%) committed 
             Both:        1.02 GB reserved,      16.13 MB (  2%) committed 

Chunk freelists:
   Non-Class:  62.00 KB
       Class:  12.00 KB
        Both:  74.00 KB

MaxMetaspaceSize: 17179869184.00 GB
CompressedClassSpaceSize: 1.00 GB
Initial GC threshold: 20.80 MB
Current GC threshold: 20.80 MB
CDS: off

CodeHeap 'non-profiled nmethods': size=120000Kb used=621Kb max_used=621Kb free=119378Kb
 bounds [0x0000022564cc0000, 0x0000022564f30000, 0x000002256c1f0000]
CodeHeap 'profiled nmethods': size=120000Kb used=3268Kb max_used=3268Kb free=116731Kb
 bounds [0x000002255d790000, 0x000002255dad0000, 0x0000022564cc0000]
CodeHeap 'non-nmethods': size=5760Kb used=1164Kb max_used=1183Kb free=4595Kb
 bounds [0x000002255d1f0000, 0x000002255d460000, 0x000002255d790000]
 total_blobs=2138 nmethods=1710 adapters=341
 compilation: enabled
              stopped_count=0, restarted_count=0
 full_count=0

Compilation events (20 events):
Event: 63.234 Thread 0x0000022570141800 1691   !   3       java.io.PrintStream::write (69 bytes)
Event: 63.234 Thread 0x0000022570141800 nmethod 1691 0x000002255dab7010 code [0x000002255dab7240, 0x000002255dab7978]
Event: 63.234 Thread 0x0000022570141800 1692  s    3       java.io.BufferedOutputStream::write (67 bytes)
Event: 63.235 Thread 0x0000022570141800 nmethod 1692 0x000002255dab7c90 code [0x000002255dab7ea0, 0x000002255dab8698]
Event: 63.253 Thread 0x000002257013f800 nmethod 1693% 0x0000022564d59f10 code [0x0000022564d5a0e0, 0x0000022564d5aad8]
Event: 63.501 Thread 0x0000022570141800 1694       3       org.fusesource.jansi.Ansi::eraseLine (11 bytes)
Event: 63.501 Thread 0x0000022570141800 nmethod 1694 0x000002255dab8890 code [0x000002255dab8a40, 0x000002255dab8b88]
Event: 63.585 Thread 0x0000022570141800 1695       3       org.gradle.internal.logging.console.StyledTextOutputBackedRenderer$OutputEventTextOutputImpl::doEndLine (17 bytes)
Event: 63.585 Thread 0x0000022570141800 nmethod 1695 0x000002255dab8c90 code [0x000002255dab8e80, 0x000002255dab9278]
Event: 63.590 Thread 0x0000022570141800 1696       3       java.io.FileOutputStream::write (20 bytes)
Event: 63.590 Thread 0x0000022570141800 nmethod 1696 0x000002255dab9410 code [0x000002255dab95e0, 0x000002255dab9788]
Event: 63.590 Thread 0x0000022570141800 1697       3       java.io.FileDescriptor$1::getAppend (5 bytes)
Event: 63.590 Thread 0x0000022570141800 nmethod 1697 0x000002255dab9890 code [0x000002255dab9a40, 0x000002255dab9b58]
Event: 63.594 Thread 0x0000022570141800 1699       3       org.gradle.internal.logging.console.StyledTextOutputBackedRenderer$OutputEventTextOutputImpl::doLineText (17 bytes)
Event: 63.594 Thread 0x0000022570141800 nmethod 1699 0x000002255dab9c10 code [0x000002255dab9e00, 0x000002255daba1f8]
Event: 63.600 Thread 0x0000022570141800 1700       3       org.gradle.internal.logging.text.StreamingStyledTextOutput::doAppend (11 bytes)
Event: 63.600 Thread 0x0000022570141800 nmethod 1700 0x000002255daba390 code [0x000002255daba540, 0x000002255daba708]
Event: 63.600 Thread 0x0000022570141800 1701   !   3       org.gradle.internal.logging.text.StreamBackedStandardOutputListener::onOutput (34 bytes)
Event: 63.600 Thread 0x0000022570141800 nmethod 1701 0x000002255daba810 code [0x000002255dabaa00, 0x000002255dabad88]
Event: 63.607 Thread 0x000002257013f800 1702 %     4       org.gradle.internal.logging.text.AbstractLineChoppingStyledTextOutput::doAppend @ 10 (43 bytes)

GC Heap History (2 events):
Event: 0.893 GC heap before
{Heap before GC invocations=0 (full 0):
 garbage-first heap   total 65536K, used 27648K [0x00000000fc000000, 0x0000000100000000)
  region size 1024K, 24 young (24576K), 0 survivors (0K)
 Metaspace       used 10309K, capacity 10542K, committed 10624K, reserved 1058816K
  class space    used 1046K, capacity 1129K, committed 1152K, reserved 1048576K
}
Event: 0.900 GC heap after
{Heap after GC invocations=1 (full 0):
 garbage-first heap   total 65536K, used 10813K [0x00000000fc000000, 0x0000000100000000)
  region size 1024K, 3 young (3072K), 3 survivors (3072K)
 Metaspace       used 10309K, capacity 10542K, committed 10624K, reserved 1058816K
  class space    used 1046K, capacity 1129K, committed 1152K, reserved 1048576K
}

Deoptimization events (20 events):
Event: 1.349 Thread 0x00000225532a0800 Uncommon trap: trap_request=0xffffff4d fr.pc=0x0000022564d24be0 relative=0x00000000000001a0
Event: 1.349 Thread 0x00000225532a0800 Uncommon trap: reason=unstable_if action=reinterpret pc=0x0000022564d24be0 method=java.util.HashMap.getNode(ILjava/lang/Object;)Ljava/util/HashMap$Node; @ 129 c2
Event: 1.349 Thread 0x00000225532a0800 DEOPT PACKING pc=0x0000022564d24be0 sp=0x000000ef494fa3d0
Event: 1.349 Thread 0x00000225532a0800 DEOPT UNPACKING pc=0x000002255d23a1af sp=0x000000ef494fa2d0 mode 2
Event: 1.612 Thread 0x00000225532a0800 Uncommon trap: trap_request=0xffffff4d fr.pc=0x0000022564d1b6c4 relative=0x0000000000001a64
Event: 1.613 Thread 0x00000225532a0800 Uncommon trap: reason=unstable_if action=reinterpret pc=0x0000022564d1b6c4 method=java.io.WinNTFileSystem.normalize(Ljava/lang/String;)Ljava/lang/String; @ 128 c2
Event: 1.613 Thread 0x00000225532a0800 DEOPT PACKING pc=0x0000022564d1b6c4 sp=0x000000ef494f9e70
Event: 1.613 Thread 0x00000225532a0800 DEOPT UNPACKING pc=0x000002255d23a1af sp=0x000000ef494f9e48 mode 2
Event: 2.052 Thread 0x00000225532a0800 Uncommon trap: trap_request=0xffffff4d fr.pc=0x0000022564cf9310 relative=0x0000000000000550
Event: 2.052 Thread 0x00000225532a0800 Uncommon trap: reason=unstable_if action=reinterpret pc=0x0000022564cf9310 method=java.lang.AbstractStringBuilder.append(Ljava/lang/String;)Ljava/lang/AbstractStringBuilder; @ 1 c2
Event: 2.052 Thread 0x00000225532a0800 DEOPT PACKING pc=0x0000022564cf9310 sp=0x000000ef494fc3b0
Event: 2.052 Thread 0x00000225532a0800 DEOPT UNPACKING pc=0x000002255d23a1af sp=0x000000ef494fc330 mode 2
Event: 2.053 Thread 0x00000225532a0800 Uncommon trap: trap_request=0xffffff4d fr.pc=0x0000022564cf2be4 relative=0x0000000000000524
Event: 2.053 Thread 0x00000225532a0800 Uncommon trap: reason=unstable_if action=reinterpret pc=0x0000022564cf2be4 method=java.lang.AbstractStringBuilder.append(Ljava/lang/String;)Ljava/lang/AbstractStringBuilder; @ 1 c2
Event: 2.053 Thread 0x00000225532a0800 DEOPT PACKING pc=0x0000022564cf2be4 sp=0x000000ef494fc350
Event: 2.053 Thread 0x00000225532a0800 DEOPT UNPACKING pc=0x000002255d23a1af sp=0x000000ef494fc338 mode 2
Event: 63.055 Thread 0x00000225532a0800 Uncommon trap: trap_request=0xffffff4d fr.pc=0x0000022564d4e998 relative=0x0000000000000558
Event: 63.055 Thread 0x00000225532a0800 Uncommon trap: reason=unstable_if action=reinterpret pc=0x0000022564d4e998 method=com.esotericsoftware.kryo.io.Input.readUtf8(I)V @ 79 c2
Event: 63.055 Thread 0x00000225532a0800 DEOPT PACKING pc=0x0000022564d4e998 sp=0x000000ef494fc040
Event: 63.055 Thread 0x00000225532a0800 DEOPT UNPACKING pc=0x000002255d23a1af sp=0x000000ef494fbfd8 mode 2

Classes redefined (0 events):
No events

Internal exceptions (15 events):
Event: 0.295 Thread 0x00000225532a0800 Exception <a 'java/lang/NoSuchMethodError'{0x00000000ffc646c8}: 'int java.lang.invoke.DirectMethodHandle$Holder.invokeStaticInit(java.lang.Object, java.lang.Object)'> (0x00000000ffc646c8) thrown at [./src/hotspot/share/interpreter/linkResolver.cpp, line 773]
Event: 0.347 Thread 0x00000225532a0800 Exception <a 'java/lang/NoSuchMethodError'{0x00000000ffb3b748}: 'int java.lang.invoke.DirectMethodHandle$Holder.invokeSpecial(java.lang.Object, java.lang.Object, java.lang.Object, java.lang.Object)'> (0x00000000ffb3b748) thrown at [./src/hotspot/share/interpreter/linkResolver.cpp, line 773]
Event: 0.355 Thread 0x00000225532a0800 Exception <a 'java/lang/NoSuchMethodError'{0x00000000ffb73cc0}: 'int java.lang.invoke.DirectMethodHandle$Holder.invokeSpecialIFC(java.lang.Object, java.lang.Object, int)'> (0x00000000ffb73cc0) thrown at [./src/hotspot/share/interpreter/linkResolver.cpp, line 773]
Event: 0.855 Thread 0x00000225532a0800 Implicit null exception at 0x0000022564d02b75 to 0x0000022564d02d40
Event: 0.876 Thread 0x00000225532a0800 Exception <a 'java/lang/NoClassDefFoundError'{0x00000000fe829488}: org/slf4j/impl/StaticMarkerBinder> (0x00000000fe829488) thrown at [./src/hotspot/share/classfile/systemDictionary.cpp, line 219]
Event: 0.910 Thread 0x00000225532a0800 Exception <a 'java/lang/NoSuchMethodError'{0x00000000fff2a8d8}: 'java.lang.Object java.lang.invoke.DirectMethodHandle$Holder.invokeVirtual(java.lang.Object, java.lang.Object, java.lang.Object, java.lang.Object, java.lang.Object, java.lang.Object, java.lang.Object)'> (0x00000000fff2a8d8) thrown at [./src/hotspot/share/interpreter/linkResolver.cpp, line 773]
Event: 0.914 Thread 0x00000225532a0800 Exception <a 'java/lang/NoSuchMethodError'{0x00000000fff3eb70}: 'java.lang.Object java.lang.invoke.Invokers$Holder.invoker(java.lang.Object, java.lang.Object, java.lang.Object)'> (0x00000000fff3eb70) thrown at [./src/hotspot/share/interpreter/linkResolver.cpp, line 773]
Event: 0.917 Thread 0x00000225532a0800 Exception <a 'java/lang/NoSuchMethodError'{0x00000000fff4f810}: 'void java.lang.invoke.DelegatingMethodHandle$Holder.delegate(java.lang.Object, java.lang.Object, int, java.lang.Object)'> (0x00000000fff4f810) thrown at [./src/hotspot/share/interpreter/linkResolver.cpp, line 773]
Event: 1.256 Thread 0x00000225532a0800 Exception <a 'java/lang/NoSuchMethodError'{0x00000000ff422778}: 'java.lang.Object java.lang.invoke.DirectMethodHandle$Holder.invokeStaticInit(java.lang.Object, java.lang.Object, java.lang.Object)'> (0x00000000ff422778) thrown at [./src/hotspot/share/interpreter/linkResolver.cpp, line 773]
Event: 1.373 Thread 0x00000225532a0800 Exception <a 'java/lang/NoSuchMethodError'{0x00000000ff0f9d50}: 'java.lang.Object java.lang.invoke.DirectMethodHandle$Holder.invokeStaticInit(java.lang.Object, int, int, int, int)'> (0x00000000ff0f9d50) thrown at [./src/hotspot/share/interpreter/linkResolver.cpp, line 773]
Event: 1.614 Thread 0x00000225532a0800 Exception <a 'sun/nio/fs/WindowsException'{0x00000000fef07808}> (0x00000000fef07808) thrown at [./src/hotspot/share/prims/jni.cpp, line 617]
Event: 1.615 Thread 0x00000225532a0800 Exception <a 'java/lang/NoSuchMethodError'{0x00000000fef0bac8}: 'java.lang.Object java.lang.invoke.DirectMethodHandle$Holder.invokeStaticInit(java.lang.Object, java.lang.Object, int, int, int, int)'> (0x00000000fef0bac8) thrown at [./src/hotspot/share/interpreter/linkResolver.cpp, line 773]
Event: 2.042 Thread 0x00000225532a0800 Exception <a 'java/lang/NoSuchMethodError'{0x00000000fefe3c68}: 'void java.lang.invoke.DirectMethodHandle$Holder.invokeSpecial(java.lang.Object, java.lang.Object)'> (0x00000000fefe3c68) thrown at [./src/hotspot/share/interpreter/linkResolver.cpp, line 773]
Event: 2.052 Thread 0x00000225532a0800 Implicit null exception at 0x0000022564cf8df4 to 0x0000022564cf92f8
Event: 2.053 Thread 0x00000225532a0800 Implicit null exception at 0x0000022564cf26f4 to 0x0000022564cf2bcc

Events (20 events):
Event: 18.901 loading class java/io/ObjectInputStream$BlockDataInputStream
Event: 18.901 loading class java/io/ObjectInputStream$BlockDataInputStream done
Event: 18.901 loading class java/io/ObjectInputStream$PeekInputStream
Event: 18.902 loading class java/io/ObjectInputStream$PeekInputStream done
Event: 18.902 loading class java/io/ObjectInputStream$HandleTable
Event: 18.902 loading class java/io/ObjectInputStream$HandleTable done
Event: 18.902 loading class java/io/ObjectInputStream$HandleTable$HandleList
Event: 18.902 loading class java/io/ObjectInputStream$HandleTable$HandleList done
Event: 18.902 loading class java/io/ObjectInputStream$ValidationList
Event: 18.902 loading class java/io/ObjectInputStream$ValidationList done
Event: 18.902 loading class java/io/ObjectInputFilter$Config
Event: 18.902 loading class java/io/ObjectInputFilter$Config done
Event: 18.902 loading class java/io/ObjectInputFilter
Event: 18.902 loading class java/io/ObjectInputFilter done
Event: 18.903 loading class jdk/internal/misc/JavaObjectInputFilterAccess
Event: 18.903 loading class jdk/internal/misc/JavaObjectInputFilterAccess done
Event: 18.903 loading class java/io/Bits
Event: 18.903 loading class java/io/Bits done
Event: 18.903 loading class org/gradle/internal/serialize/ExceptionReplacingObjectInputStream$1
Event: 18.903 loading class org/gradle/internal/serialize/ExceptionReplacingObjectInputStream$1 done


Dynamic libraries:
0x00007ff6e69e0000 - 0x00007ff6e69ed000 	C:\Program Files\Microsoft\jdk-11.0.18.10-hotspot\bin\java.exe
0x00007fffafa10000 - 0x00007fffafc08000 	C:\Windows\SYSTEM32\ntdll.dll
0x00007fffaee90000 - 0x00007fffaef4f000 	C:\Windows\System32\KERNEL32.DLL
0x00007fffad210000 - 0x00007fffad506000 	C:\Windows\System32\KERNELBASE.dll
0x00007fffad510000 - 0x00007fffad610000 	C:\Windows\System32\ucrtbase.dll
0x00007fff857b0000 - 0x00007fff857c5000 	C:\Program Files\Microsoft\jdk-11.0.18.10-hotspot\bin\VCRUNTIME140.dll
0x00007fff81ef0000 - 0x00007fff81f07000 	C:\Program Files\Microsoft\jdk-11.0.18.10-hotspot\bin\jli.dll
0x00007fffaf7d0000 - 0x00007fffaf96d000 	C:\Windows\System32\USER32.dll
0x00007fffad610000 - 0x00007fffad632000 	C:\Windows\System32\win32u.dll
0x00007fff93b90000 - 0x00007fff93e2a000 	C:\Windows\WinSxS\amd64_microsoft.windows.common-controls_6595b64144ccf1df_6.0.19041.1110_none_60b5254171f9507e\COMCTL32.dll
0x00007fffaf320000 - 0x00007fffaf34c000 	C:\Windows\System32\GDI32.dll
0x00007fffaf6b0000 - 0x00007fffaf74e000 	C:\Windows\System32\msvcrt.dll
0x00007fffad0f0000 - 0x00007fffad205000 	C:\Windows\System32\gdi32full.dll
0x00007fffad950000 - 0x00007fffad9ed000 	C:\Windows\System32\msvcp_win.dll
0x00007fffaf160000 - 0x00007fffaf190000 	C:\Windows\System32\IMM32.DLL
0x00007fff71b80000 - 0x00007fff71c1b000 	C:\Program Files\Microsoft\jdk-11.0.18.10-hotspot\bin\msvcp140.dll
0x00007fff36260000 - 0x00007fff36df2000 	C:\Program Files\Microsoft\jdk-11.0.18.10-hotspot\bin\server\jvm.dll
0x00007fffae970000 - 0x00007fffaea1f000 	C:\Windows\System32\ADVAPI32.dll
0x00007fffaf0c0000 - 0x00007fffaf15c000 	C:\Windows\System32\sechost.dll
0x00007fffadc20000 - 0x00007fffadd46000 	C:\Windows\System32\RPCRT4.dll
0x00007fffae580000 - 0x00007fffae588000 	C:\Windows\System32\PSAPI.DLL
0x00007fffab000000 - 0x00007fffab009000 	C:\Windows\SYSTEM32\WSOCK32.dll
0x00007fffaf020000 - 0x00007fffaf08b000 	C:\Windows\System32\WS2_32.dll
0x00007fff9a430000 - 0x00007fff9a457000 	C:\Windows\SYSTEM32\WINMM.dll
0x00007fffab820000 - 0x00007fffab82a000 	C:\Windows\SYSTEM32\VERSION.dll
0x00007fffab930000 - 0x00007fffab942000 	C:\Windows\SYSTEM32\kernel.appcore.dll
0x00007fffa5b20000 - 0x00007fffa5b30000 	C:\Program Files\Microsoft\jdk-11.0.18.10-hotspot\bin\verify.dll
0x00007fffaa580000 - 0x00007fffaa764000 	C:\Windows\SYSTEM32\DBGHELP.DLL
0x00007fff99190000 - 0x00007fff991c4000 	C:\Windows\SYSTEM32\dbgcore.DLL
0x00007fffad8c0000 - 0x00007fffad942000 	C:\Windows\System32\bcryptPrimitives.dll
0x00007fff793a0000 - 0x00007fff793c8000 	C:\Program Files\Microsoft\jdk-11.0.18.10-hotspot\bin\java.dll
0x00007fff9c660000 - 0x00007fff9c66a000 	C:\Program Files\Microsoft\jdk-11.0.18.10-hotspot\bin\jimage.dll
0x00007fff81050000 - 0x00007fff81068000 	C:\Program Files\Microsoft\jdk-11.0.18.10-hotspot\bin\zip.dll
0x00007fffadd50000 - 0x00007fffae494000 	C:\Windows\System32\SHELL32.dll
0x00007fffab080000 - 0x00007fffab814000 	C:\Windows\SYSTEM32\windows.storage.dll
0x00007fffaf350000 - 0x00007fffaf6a4000 	C:\Windows\System32\combase.dll
0x00007fffacb30000 - 0x00007fffacb5e000 	C:\Windows\SYSTEM32\Wldp.dll
0x00007fffae590000 - 0x00007fffae63d000 	C:\Windows\System32\SHCORE.dll
0x00007fffae640000 - 0x00007fffae695000 	C:\Windows\System32\shlwapi.dll
0x00007fffad020000 - 0x00007fffad045000 	C:\Windows\SYSTEM32\profapi.dll
0x00007fff7b6b0000 - 0x00007fff7b6c9000 	C:\Program Files\Microsoft\jdk-11.0.18.10-hotspot\bin\net.dll
0x00007fffa4ba0000 - 0x00007fffa4caa000 	C:\Windows\SYSTEM32\WINHTTP.dll
0x00007fffac890000 - 0x00007fffac8fa000 	C:\Windows\system32\mswsock.dll
0x00007fff792c0000 - 0x00007fff792d3000 	C:\Program Files\Microsoft\jdk-11.0.18.10-hotspot\bin\nio.dll
0x00007fff6c5b0000 - 0x00007fff6c5d7000 	C:\Users\Finner\.gradle\native\68d5fa5c4cc2d200863cafc0d521ce42e7d3e7ee720ec0a83991735586a16f82\windows-amd64\native-platform.dll
0x00007fffa8240000 - 0x00007fffa824a000 	C:\Users\Finner\.gradle\native\jansi\1.18\windows64\jansi.dll
0x00007fff87b10000 - 0x00007fff87b19000 	C:\Program Files\Microsoft\jdk-11.0.18.10-hotspot\bin\management.dll
0x00007fff86880000 - 0x00007fff8688b000 	C:\Program Files\Microsoft\jdk-11.0.18.10-hotspot\bin\management_ext.dll
0x00007fffaca90000 - 0x00007fffacaa8000 	C:\Windows\SYSTEM32\CRYPTSP.dll
0x00007fffac140000 - 0x00007fffac174000 	C:\Windows\system32\rsaenh.dll
0x00007fffad9f0000 - 0x00007fffada17000 	C:\Windows\System32\bcrypt.dll
0x00007fffacfa0000 - 0x00007fffacfce000 	C:\Windows\SYSTEM32\USERENV.dll
0x00007fffaca80000 - 0x00007fffaca8c000 	C:\Windows\SYSTEM32\CRYPTBASE.dll
0x00007fffac530000 - 0x00007fffac56c000 	C:\Windows\SYSTEM32\IPHLPAPI.DLL
0x00007fffaf090000 - 0x00007fffaf098000 	C:\Windows\System32\NSI.dll
0x00007fffa5e70000 - 0x00007fffa5e87000 	C:\Windows\SYSTEM32\dhcpcsvc6.DLL
0x00007fffa6460000 - 0x00007fffa647d000 	C:\Windows\SYSTEM32\dhcpcsvc.DLL
0x00007fffac580000 - 0x00007fffac64a000 	C:\Windows\SYSTEM32\DNSAPI.dll

dbghelp: loaded successfully - version: 4.0.5 - missing functions: none
symbol engine: initialized successfully - sym options: 0x614 - pdb path: .;C:\Program Files\Microsoft\jdk-11.0.18.10-hotspot\bin;C:\Windows\SYSTEM32;C:\Windows\WinSxS\amd64_microsoft.windows.common-controls_6595b64144ccf1df_6.0.19041.1110_none_60b5254171f9507e;C:\Program Files\Microsoft\jdk-11.0.18.10-hotspot\bin\server;C:\Users\Finner\.gradle\native\68d5fa5c4cc2d200863cafc0d521ce42e7d3e7ee720ec0a83991735586a16f82\windows-amd64;C:\Users\Finner\.gradle\native\jansi\1.18\windows64

VM Arguments:
jvm_args: -Xmx64m -Xms64m -Dorg.gradle.appname=gradlew 
java_command: org.gradle.wrapper.GradleWrapperMain app:installDebug -PreactNativeDevServerPort=8081
java_class_path (initial): D:\Mobile-Projects\Finner\android\\gradle\wrapper\gradle-wrapper.jar
Launcher Type: SUN_STANDARD

[Global flags]
     intx CICompilerCount                          = 4                                         {product} {ergonomic}
     uint ConcGCThreads                            = 2                                         {product} {ergonomic}
     uint G1ConcRefinementThreads                  = 8                                         {product} {ergonomic}
   size_t G1HeapRegionSize                         = 1048576                                   {product} {ergonomic}
    uintx GCDrainStackTargetSize                   = 64                                        {product} {ergonomic}
   size_t InitialHeapSize                          = 67108864                                  {product} {command line}
   size_t MarkStackSize                            = 4194304                                   {product} {ergonomic}
   size_t MaxHeapSize                              = 67108864                                  {product} {command line}
   size_t MaxNewSize                               = 39845888                                  {product} {ergonomic}
   size_t MinHeapDeltaBytes                        = 1048576                                   {product} {ergonomic}
    uintx NonNMethodCodeHeapSize                   = 5836300                                {pd product} {ergonomic}
    uintx NonProfiledCodeHeapSize                  = 122910970                              {pd product} {ergonomic}
    uintx ProfiledCodeHeapSize                     = 122910970                              {pd product} {ergonomic}
    uintx ReservedCodeCacheSize                    = 251658240                              {pd product} {ergonomic}
     bool SegmentedCodeCache                       = true                                      {product} {ergonomic}
     bool UseCompressedClassPointers               = true                                 {lp64_product} {ergonomic}
     bool UseCompressedOops                        = true                                 {lp64_product} {ergonomic}
     bool UseG1GC                                  = true                                      {product} {ergonomic}
     bool UseLargePagesIndividualAllocation        = false                                  {pd product} {ergonomic}

Logging:
Log output configuration:
 #0: stdout all=warning uptime,level,tags
 #1: stderr all=off uptime,level,tags

Environment Variables:
JAVA_HOME=C:\Program Files\Microsoft\jdk-11.0.18.10-hotspot\
CLASSPATH=D:\Mobile-Projects\Finner\android\\gradle\wrapper\gradle-wrapper.jar
PATH=C:\Users\Finner\AppData\Local\Temp\yarn--1691053062692-0.2471422862076902;D:\Mobile-Projects\Finner\node_modules\.bin;C:\Users\Finner\AppData\Local\Yarn\Data\link\node_modules\.bin;C:\Users\Finner\AppData\Local\Yarn\bin;C:\Program Files\libexec\lib\node_modules\npm\bin\node-gyp-bin;C:\Program Files\lib\node_modules\npm\bin\node-gyp-bin;C:\Program Files\nodejs\node_modules\npm\bin\node-gyp-bin;C:\Program Files\WindowsApps\Microsoft.PowerShell_7.3.3.0_x64__8wekyb3d8bbwe;C:\Program Files (x86)\Common Files\Intel\Shared Libraries\redist\intel64\compiler;C:\Program Files\Microsoft\jdk-11.0.18.10-hotspot\bin;C:\Program Files (x86)\Intel\iCLS Client\;C:\Program Files\Intel\iCLS Client\;C:\Windows\system32;C:\Windows;C:\Windows\System32\Wbem;C:\Windows\System32\WindowsPowerShell\v1.0\;C:\Windows\System32\OpenSSH\;C:\Program Files (x86)\NVIDIA Corporation\PhysX\Common;C:\Program Files\NVIDIA Corporation\NVIDIA NvDLISR;C:\ProgramData\chocolatey\bin;C:\Program Files\Git\cmd;C:\Program Files\OpenJDK\openjdk-11.0.16_8\bin;c:\Program Files (x86)\Intel\Intel(R) Management Engine Components\DAL;c:\Program Files\Intel\Intel(R) Management Engine Components\DAL;c:\Program Files (x86)\Intel\Intel(R) Management Engine Components\IPT;c:\Program Files\Intel\Intel(R) Management Engine Components\IPT;C:\Program Files\nodejs\;C:\Program Files\PowerShell\7-preview\preview;C:\Users\Finner\.amplify\bin;C:\Users\Finner\AppData\Local\Microsoft\WindowsApps;C:\Users\Finner\AppData\Local\Android\Sdk\platform-tools;C:\Users\Finner\AppData\Local\Programs\oh-my-posh\bin;C:\Users\Finner\AppData\Local\Programs\Microsoft VS Code\bin;C:\Users\Finner\AppData\Roaming\npm
USERNAME=Finner
OS=Windows_NT
PROCESSOR_IDENTIFIER=Intel64 Family 6 Model 158 Stepping 9, GenuineIntel
TMP=C:\Windows\TEMP
TEMP=C:\Users\Finner\AppData\Local\Temp



---------------  S Y S T E M  ---------------

OS: Windows 10 , 64 bit Build 19041 (10.0.19041.3155)
OS uptime: 9 days 1:55 hours

CPU:total 8 (initial active 8) (4 cores per cpu, 2 threads per core) family 6 model 158 stepping 9 microcode 0xb4, cmov, cx8, fxsr, mmx, sse, sse2, sse3, ssse3, sse4.1, sse4.2, popcnt, avx, avx2, aes, clmul, erms, 3dnowpref, lzcnt, ht, tsc, tscinvbit, bmi1, bmi2, adx, fma

Memory: 4k page, system-wide physical 16276M (2684M free)
TotalPageFile size 19135M (AvailPageFile size 1M)
current process WorkingSet (physical memory assigned to process): 90M, peak: 92M
current process commit charge ("private bytes"): 161M, peak: 165M

vm_info: OpenJDK 64-Bit Server VM (11.0.18+10-LTS) for windows-amd64 JRE (11.0.18+10-LTS), built on Jan 18 2023 15:56:47 by "MicrosoftCorporation" with MS VC++ 15.9 (VS2017)

END.
