#
# There is insufficient memory for the Java Runtime Environment to continue.
# Native memory allocation (malloc) failed to allocate 32744 bytes for ChunkPool::allocate
# Possible reasons:
#   The system is out of physical RAM or swap space
#   The process is running with CompressedOops enabled, and the Java Heap may be blocking the growth of the native heap
# Possible solutions:
#   Reduce memory load on the system
#   Increase physical memory or swap space
#   Check if swap backing store is full
#   Decrease Java heap size (-Xmx/-Xms)
#   Decrease number of Java threads
#   Decrease Java thread stack sizes (-Xss)
#   Set larger code cache with -XX:ReservedCodeCacheSize=
#
#  , pid=3204# Java VM: OpenJDK 64-Bit Server VM Microsoft-7208460 (11.0.18+10-LTS, mixed mode, tiered, compressed oops, g1 gc, windows-amd64)
# No core dump will be written. Minidumps are not enabled by default on client versions of Windows
#

---------------  S U M M A R Y ------------

Command Line: -Xmx64m -Xms64m -Dorg.gradle.appname=gradlew org.gradle.wrapper.GradleWrapperMain app:installDebug -PreactNativeDevServerPort=8081

Host: Intel(R) Core(TM) i7-7700HQ CPU @ 2.80GHz, 8 cores, 15G,  Windows 10 , 64 bit Build 19041 (10.0.19041.2913)
Time: Mon Jun 12 16:08:05 2023 SE Asia Standard Time elapsed time: 95.338192 seconds (0d 0h 1m 35s)

---------------  T H R E A D  ---------------

Current thread (0x000001d600c13800):  JavaThread "C2 CompilerThread0" daemon [_thread_in_native, id=13380, stack(0x0000008196300000,0x0000008196400000)]


Current CompileTask:
C2:  95338 1649       4       org.gradle.internal.logging.text.AbstractLineChoppingStyledTextOutput$1::execute (9 bytes)

Stack: [0x0000008196300000,0x0000008196400000]
Native frames: (J=compiled Java code, j=interpreted, Vv=VM code, C=native code)
V  [jvm.dll+0x62bf8a]
V  [jvm.dll+0x7b8fb9]
V  [jvm.dll+0x7ba6a8]
V  [jvm.dll+0x7bad83]
V  [jvm.dll+0x250248]
V  [jvm.dll+0xc286b]
V  [jvm.dll+0xc2bcc]
V  [jvm.dll+0xc271b]
V  [jvm.dll+0x60978f]
V  [jvm.dll+0x65cf94]
V  [jvm.dll+0x19eead]
V  [jvm.dll+0x209495]
V  [jvm.dll+0x20850d]
V  [jvm.dll+0x18a4b1]
V  [jvm.dll+0x217eec]
V  [jvm.dll+0x21612b]
V  [jvm.dll+0x77bac0]
V  [jvm.dll+0x7749f4]
V  [jvm.dll+0x62adf5]
C  [ucrtbase.dll+0x21bb2]
C  [KERNEL32.DLL+0x17614]
C  [ntdll.dll+0x526a1]


---------------  P R O C E S S  ---------------

Threads class SMR info:
_java_thread_list=0x000001d60228c650, length=13, elements={
0x000001d665b31000, 0x000001d6002a2000, 0x000001d6002ad000, 0x000001d600303000,
0x000001d600304000, 0x000001d600307800, 0x000001d600c13800, 0x000001d600c1a000,
0x000001d600c2b800, 0x000001d600d89000, 0x000001d601852000, 0x000001d601bdb000,
0x000001d601bdc000
}

Java Threads: ( => current thread )
  0x000001d665b31000 JavaThread "main" [_thread_in_native, id=21152, stack(0x0000008195700000,0x0000008195800000)]
  0x000001d6002a2000 JavaThread "Reference Handler" daemon [_thread_blocked, id=22864, stack(0x0000008195e00000,0x0000008195f00000)]
  0x000001d6002ad000 JavaThread "Finalizer" daemon [_thread_blocked, id=23252, stack(0x0000008195f00000,0x0000008196000000)]
  0x000001d600303000 JavaThread "Signal Dispatcher" daemon [_thread_blocked, id=21408, stack(0x0000008196000000,0x0000008196100000)]
  0x000001d600304000 JavaThread "Attach Listener" daemon [_thread_blocked, id=24292, stack(0x0000008196100000,0x0000008196200000)]
  0x000001d600307800 JavaThread "Service Thread" daemon [_thread_blocked, id=10932, stack(0x0000008196200000,0x0000008196300000)]
=>0x000001d600c13800 JavaThread "C2 CompilerThread0" daemon [_thread_in_native, id=13380, stack(0x0000008196300000,0x0000008196400000)]
  0x000001d600c1a000 JavaThread "C1 CompilerThread0" daemon [_thread_blocked, id=14840, stack(0x0000008196400000,0x0000008196500000)]
  0x000001d600c2b800 JavaThread "Sweeper thread" daemon [_thread_blocked, id=23624, stack(0x0000008196500000,0x0000008196600000)]
  0x000001d600d89000 JavaThread "Common-Cleaner" daemon [_thread_blocked, id=24568, stack(0x0000008196700000,0x0000008196800000)]
  0x000001d601852000 JavaThread "pool-1-thread-1" [_thread_blocked, id=15904, stack(0x0000008196b00000,0x0000008196c00000)]
  0x000001d601bdb000 JavaThread "DisconnectableInputStream source reader" daemon [_thread_in_native, id=24200, stack(0x0000008196900000,0x0000008196a00000)]
  0x000001d601bdc000 JavaThread "Forward input" [_thread_blocked, id=20628, stack(0x0000008196c00000,0x0000008196d00000)]

Other Threads:
  0x000001d60027a800 VMThread "VM Thread" [stack: 0x0000008195d00000,0x0000008195e00000] [id=23996]
  0x000001d600d87000 WatcherThread [stack: 0x0000008196600000,0x0000008196700000] [id=21648]
  0x000001d665b49000 GCTaskThread "GC Thread#0" [stack: 0x0000008195800000,0x0000008195900000] [id=17596]
  0x000001d602353800 GCTaskThread "GC Thread#1" [stack: 0x0000008196a00000,0x0000008196b00000] [id=9456]
  0x000001d665b54000 ConcurrentGCThread "G1 Main Marker" [stack: 0x0000008195900000,0x0000008195a00000] [id=11156]
  0x000001d665b55800 ConcurrentGCThread "G1 Conc#0" [stack: 0x0000008195a00000,0x0000008195b00000] [id=24072]
  0x000001d665be8800 ConcurrentGCThread "G1 Refine#0" [stack: 0x0000008195b00000,0x0000008195c00000] [id=19620]
  0x000001d665be9800 ConcurrentGCThread "G1 Young RemSet Sampling" [stack: 0x0000008195c00000,0x0000008195d00000] [id=20068]

Threads with active compile tasks:
C2 CompilerThread0    95368 1649       4       org.gradle.internal.logging.text.AbstractLineChoppingStyledTextOutput$1::execute (9 bytes)

VM state:not at safepoint (normal execution)

VM Mutex/Monitor currently owned by a thread: None

Heap address: 0x00000000fc000000, size: 64 MB, Compressed Oops mode: 32-bit
Narrow klass base: 0x0000000000000000, Narrow klass shift: 3
Compressed class space size: 1073741824 Address: 0x0000000100000000

Heap:
 garbage-first heap   total 65536K, used 31842K [0x00000000fc000000, 0x0000000100000000)
  region size 1024K, 26 young (26624K), 3 survivors (3072K)
 Metaspace       used 16063K, capacity 16364K, committed 16512K, reserved 1064960K
  class space    used 1803K, capacity 1905K, committed 1920K, reserved 1048576K
Heap Regions: E=young(eden), S=young(survivor), O=old, HS=humongous(starts), HC=humongous(continues), CS=collection set, F=free, A=archive, TAMS=top-at-mark-start (previous, next)
|   0|0x00000000fc000000, 0x00000000fc000000, 0x00000000fc100000|  0%| F|  |TAMS 0x00000000fc000000, 0x00000000fc000000| Untracked 
|   1|0x00000000fc100000, 0x00000000fc100000, 0x00000000fc200000|  0%| F|  |TAMS 0x00000000fc100000, 0x00000000fc100000| Untracked 
|   2|0x00000000fc200000, 0x00000000fc200000, 0x00000000fc300000|  0%| F|  |TAMS 0x00000000fc200000, 0x00000000fc200000| Untracked 
|   3|0x00000000fc300000, 0x00000000fc400000, 0x00000000fc400000|100%|HS|  |TAMS 0x00000000fc300000, 0x00000000fc300000| Complete 
|   4|0x00000000fc400000, 0x00000000fc500000, 0x00000000fc500000|100%|HC|  |TAMS 0x00000000fc400000, 0x00000000fc400000| Complete 
|   5|0x00000000fc500000, 0x00000000fc600000, 0x00000000fc600000|100%|HC|  |TAMS 0x00000000fc500000, 0x00000000fc500000| Complete 
|   6|0x00000000fc600000, 0x00000000fc700000, 0x00000000fc700000|100%| O|  |TAMS 0x00000000fc600000, 0x00000000fc600000| Untracked 
|   7|0x00000000fc700000, 0x00000000fc800000, 0x00000000fc800000|100%| O|  |TAMS 0x00000000fc700000, 0x00000000fc700000| Untracked 
|   8|0x00000000fc800000, 0x00000000fc900000, 0x00000000fc900000|100%| O|  |TAMS 0x00000000fc800000, 0x00000000fc800000| Untracked 
|   9|0x00000000fc900000, 0x00000000fc918800, 0x00000000fca00000|  9%| O|  |TAMS 0x00000000fc900000, 0x00000000fc900000| Untracked 
|  10|0x00000000fca00000, 0x00000000fca00000, 0x00000000fcb00000|  0%| F|  |TAMS 0x00000000fca00000, 0x00000000fca00000| Untracked 
|  11|0x00000000fcb00000, 0x00000000fcb00000, 0x00000000fcc00000|  0%| F|  |TAMS 0x00000000fcb00000, 0x00000000fcb00000| Untracked 
|  12|0x00000000fcc00000, 0x00000000fcc00000, 0x00000000fcd00000|  0%| F|  |TAMS 0x00000000fcc00000, 0x00000000fcc00000| Untracked 
|  13|0x00000000fcd00000, 0x00000000fcd00000, 0x00000000fce00000|  0%| F|  |TAMS 0x00000000fcd00000, 0x00000000fcd00000| Untracked 
|  14|0x00000000fce00000, 0x00000000fce00000, 0x00000000fcf00000|  0%| F|  |TAMS 0x00000000fce00000, 0x00000000fce00000| Untracked 
|  15|0x00000000fcf00000, 0x00000000fcf00000, 0x00000000fd000000|  0%| F|  |TAMS 0x00000000fcf00000, 0x00000000fcf00000| Untracked 
|  16|0x00000000fd000000, 0x00000000fd000000, 0x00000000fd100000|  0%| F|  |TAMS 0x00000000fd000000, 0x00000000fd000000| Untracked 
|  17|0x00000000fd100000, 0x00000000fd100000, 0x00000000fd200000|  0%| F|  |TAMS 0x00000000fd100000, 0x00000000fd100000| Untracked 
|  18|0x00000000fd200000, 0x00000000fd200000, 0x00000000fd300000|  0%| F|  |TAMS 0x00000000fd200000, 0x00000000fd200000| Untracked 
|  19|0x00000000fd300000, 0x00000000fd300000, 0x00000000fd400000|  0%| F|  |TAMS 0x00000000fd300000, 0x00000000fd300000| Untracked 
|  20|0x00000000fd400000, 0x00000000fd400000, 0x00000000fd500000|  0%| F|  |TAMS 0x00000000fd400000, 0x00000000fd400000| Untracked 
|  21|0x00000000fd500000, 0x00000000fd500000, 0x00000000fd600000|  0%| F|  |TAMS 0x00000000fd500000, 0x00000000fd500000| Untracked 
|  22|0x00000000fd600000, 0x00000000fd600000, 0x00000000fd700000|  0%| F|  |TAMS 0x00000000fd600000, 0x00000000fd600000| Untracked 
|  23|0x00000000fd700000, 0x00000000fd700000, 0x00000000fd800000|  0%| F|  |TAMS 0x00000000fd700000, 0x00000000fd700000| Untracked 
|  24|0x00000000fd800000, 0x00000000fd800000, 0x00000000fd900000|  0%| F|  |TAMS 0x00000000fd800000, 0x00000000fd800000| Untracked 
|  25|0x00000000fd900000, 0x00000000fd900000, 0x00000000fda00000|  0%| F|  |TAMS 0x00000000fd900000, 0x00000000fd900000| Untracked 
|  26|0x00000000fda00000, 0x00000000fda00000, 0x00000000fdb00000|  0%| F|  |TAMS 0x00000000fda00000, 0x00000000fda00000| Untracked 
|  27|0x00000000fdb00000, 0x00000000fdb00000, 0x00000000fdc00000|  0%| F|  |TAMS 0x00000000fdb00000, 0x00000000fdb00000| Untracked 
|  28|0x00000000fdc00000, 0x00000000fdc00000, 0x00000000fdd00000|  0%| F|  |TAMS 0x00000000fdc00000, 0x00000000fdc00000| Untracked 
|  29|0x00000000fdd00000, 0x00000000fdd00000, 0x00000000fde00000|  0%| F|  |TAMS 0x00000000fdd00000, 0x00000000fdd00000| Untracked 
|  30|0x00000000fde00000, 0x00000000fde00000, 0x00000000fdf00000|  0%| F|  |TAMS 0x00000000fde00000, 0x00000000fde00000| Untracked 
|  31|0x00000000fdf00000, 0x00000000fdf00000, 0x00000000fe000000|  0%| F|  |TAMS 0x00000000fdf00000, 0x00000000fdf00000| Untracked 
|  32|0x00000000fe000000, 0x00000000fe000000, 0x00000000fe100000|  0%| F|  |TAMS 0x00000000fe000000, 0x00000000fe000000| Untracked 
|  33|0x00000000fe100000, 0x00000000fe100000, 0x00000000fe200000|  0%| F|  |TAMS 0x00000000fe100000, 0x00000000fe100000| Untracked 
|  34|0x00000000fe200000, 0x00000000fe200000, 0x00000000fe300000|  0%| F|  |TAMS 0x00000000fe200000, 0x00000000fe200000| Untracked 
|  35|0x00000000fe300000, 0x00000000fe300000, 0x00000000fe400000|  0%| F|  |TAMS 0x00000000fe300000, 0x00000000fe300000| Untracked 
|  36|0x00000000fe400000, 0x00000000fe400000, 0x00000000fe500000|  0%| F|  |TAMS 0x00000000fe400000, 0x00000000fe400000| Untracked 
|  37|0x00000000fe500000, 0x00000000fe600000, 0x00000000fe600000|100%| S|CS|TAMS 0x00000000fe500000, 0x00000000fe500000| Complete 
|  38|0x00000000fe600000, 0x00000000fe700000, 0x00000000fe700000|100%| S|CS|TAMS 0x00000000fe600000, 0x00000000fe600000| Complete 
|  39|0x00000000fe700000, 0x00000000fe800000, 0x00000000fe800000|100%| S|CS|TAMS 0x00000000fe700000, 0x00000000fe700000| Complete 
|  40|0x00000000fe800000, 0x00000000fe800000, 0x00000000fe900000|  0%| F|  |TAMS 0x00000000fe800000, 0x00000000fe800000| Untracked 
|  41|0x00000000fe900000, 0x00000000fea00000, 0x00000000fea00000|100%| E|  |TAMS 0x00000000fe900000, 0x00000000fe900000| Complete 
|  42|0x00000000fea00000, 0x00000000feb00000, 0x00000000feb00000|100%| E|CS|TAMS 0x00000000fea00000, 0x00000000fea00000| Complete 
|  43|0x00000000feb00000, 0x00000000fec00000, 0x00000000fec00000|100%| E|CS|TAMS 0x00000000feb00000, 0x00000000feb00000| Complete 
|  44|0x00000000fec00000, 0x00000000fed00000, 0x00000000fed00000|100%| E|CS|TAMS 0x00000000fec00000, 0x00000000fec00000| Complete 
|  45|0x00000000fed00000, 0x00000000fee00000, 0x00000000fee00000|100%| E|CS|TAMS 0x00000000fed00000, 0x00000000fed00000| Complete 
|  46|0x00000000fee00000, 0x00000000fef00000, 0x00000000fef00000|100%| E|CS|TAMS 0x00000000fee00000, 0x00000000fee00000| Complete 
|  47|0x00000000fef00000, 0x00000000ff000000, 0x00000000ff000000|100%| E|CS|TAMS 0x00000000fef00000, 0x00000000fef00000| Complete 
|  48|0x00000000ff000000, 0x00000000ff100000, 0x00000000ff100000|100%| E|CS|TAMS 0x00000000ff000000, 0x00000000ff000000| Complete 
|  49|0x00000000ff100000, 0x00000000ff200000, 0x00000000ff200000|100%| E|CS|TAMS 0x00000000ff100000, 0x00000000ff100000| Complete 
|  50|0x00000000ff200000, 0x00000000ff300000, 0x00000000ff300000|100%| E|CS|TAMS 0x00000000ff200000, 0x00000000ff200000| Complete 
|  51|0x00000000ff300000, 0x00000000ff400000, 0x00000000ff400000|100%| E|CS|TAMS 0x00000000ff300000, 0x00000000ff300000| Complete 
|  52|0x00000000ff400000, 0x00000000ff500000, 0x00000000ff500000|100%| E|CS|TAMS 0x00000000ff400000, 0x00000000ff400000| Complete 
|  53|0x00000000ff500000, 0x00000000ff600000, 0x00000000ff600000|100%| E|CS|TAMS 0x00000000ff500000, 0x00000000ff500000| Complete 
|  54|0x00000000ff600000, 0x00000000ff700000, 0x00000000ff700000|100%| E|CS|TAMS 0x00000000ff600000, 0x00000000ff600000| Complete 
|  55|0x00000000ff700000, 0x00000000ff800000, 0x00000000ff800000|100%| E|CS|TAMS 0x00000000ff700000, 0x00000000ff700000| Complete 
|  56|0x00000000ff800000, 0x00000000ff900000, 0x00000000ff900000|100%| E|CS|TAMS 0x00000000ff800000, 0x00000000ff800000| Complete 
|  57|0x00000000ff900000, 0x00000000ffa00000, 0x00000000ffa00000|100%| E|CS|TAMS 0x00000000ff900000, 0x00000000ff900000| Complete 
|  58|0x00000000ffa00000, 0x00000000ffb00000, 0x00000000ffb00000|100%| E|CS|TAMS 0x00000000ffa00000, 0x00000000ffa00000| Complete 
|  59|0x00000000ffb00000, 0x00000000ffc00000, 0x00000000ffc00000|100%| E|CS|TAMS 0x00000000ffb00000, 0x00000000ffb00000| Complete 
|  60|0x00000000ffc00000, 0x00000000ffd00000, 0x00000000ffd00000|100%| E|CS|TAMS 0x00000000ffc00000, 0x00000000ffc00000| Complete 
|  61|0x00000000ffd00000, 0x00000000ffe00000, 0x00000000ffe00000|100%| E|CS|TAMS 0x00000000ffd00000, 0x00000000ffd00000| Complete 
|  62|0x00000000ffe00000, 0x00000000fff00000, 0x00000000fff00000|100%| E|CS|TAMS 0x00000000ffe00000, 0x00000000ffe00000| Complete 
|  63|0x00000000fff00000, 0x0000000100000000, 0x0000000100000000|100%| E|CS|TAMS 0x00000000fff00000, 0x00000000fff00000| Complete 

Card table byte_map: [0x000001d663cc0000,0x000001d663ce0000] _byte_map_base: 0x000001d6634e0000

Marking Bits (Prev, Next): (CMBitMap*) 0x000001d665b52fa8, (CMBitMap*) 0x000001d665b52fe0
 Prev Bits: [0x000001d67d600000, 0x000001d67d700000)
 Next Bits: [0x000001d67d700000, 0x000001d67d800000)

Polling page: 0x000001d6639e0000

Metaspace:

Usage:
  Non-class:     14.12 MB capacity,    13.93 MB ( 99%) used,   176.95 KB (  1%) free+waste,    22.44 KB ( <1%) overhead. 
      Class:      1.86 MB capacity,     1.76 MB ( 95%) used,    90.20 KB (  5%) free+waste,    10.81 KB ( <1%) overhead. 
       Both:     15.98 MB capacity,    15.69 MB ( 98%) used,   267.16 KB (  2%) free+waste,    33.25 KB ( <1%) overhead. 

Virtual space:
  Non-class space:       16.00 MB reserved,      14.25 MB ( 89%) committed 
      Class space:        1.00 GB reserved,       1.88 MB ( <1%) committed 
             Both:        1.02 GB reserved,      16.13 MB (  2%) committed 

Chunk freelists:
   Non-Class:  5.00 KB
       Class:  15.00 KB
        Both:  20.00 KB

MaxMetaspaceSize: 17179869184.00 GB
CompressedClassSpaceSize: 1.00 GB
Initial GC threshold: 20.80 MB
Current GC threshold: 20.80 MB
CDS: off

CodeHeap 'non-profiled nmethods': size=120000Kb used=590Kb max_used=590Kb free=119410Kb
 bounds [0x000001d675d80000, 0x000001d675ff0000, 0x000001d67d2b0000]
CodeHeap 'profiled nmethods': size=120000Kb used=3207Kb max_used=3207Kb free=116792Kb
 bounds [0x000001d66e850000, 0x000001d66eb80000, 0x000001d675d80000]
CodeHeap 'non-nmethods': size=5760Kb used=1163Kb max_used=1176Kb free=4596Kb
 bounds [0x000001d66e2b0000, 0x000001d66e520000, 0x000001d66e850000]
 total_blobs=2077 nmethods=1649 adapters=341
 compilation: enabled
              stopped_count=0, restarted_count=0
 full_count=0

Compilation events (20 events):
Event: 95.098 Thread 0x000001d600c1a000 nmethod 1640 0x000001d66eb69510 code [0x000001d66eb69840, 0x000001d66eb6aa88]
Event: 95.098 Thread 0x000001d600c1a000 1639       3       org.gradle.internal.logging.sink.GroupingProgressLogEventGenerator$OperationGroup::shouldForward (42 bytes)
Event: 95.098 Thread 0x000001d600c1a000 nmethod 1639 0x000001d66eb6b190 code [0x000001d66eb6b3a0, 0x000001d66eb6b8c8]
Event: 95.098 Thread 0x000001d600c1a000 1641       3       org.gradle.internal.logging.console.ProgressBar::update (36 bytes)
Event: 95.098 Thread 0x000001d600c1a000 nmethod 1641 0x000001d66eb6ba90 code [0x000001d66eb6bc40, 0x000001d66eb6be18]
Event: 95.194 Thread 0x000001d600c1a000 1642   !   3       com.esotericsoftware.kryo.io.Input::fill (32 bytes)
Event: 95.194 Thread 0x000001d600c1a000 nmethod 1642 0x000001d66eb6be90 code [0x000001d66eb6c060, 0x000001d66eb6c358]
Event: 95.211 Thread 0x000001d600c1a000 1643       3       org.gradle.internal.logging.sink.GroupingProgressLogEventGenerator$OperationGroup::<init> (59 bytes)
Event: 95.212 Thread 0x000001d600c1a000 nmethod 1643 0x000001d66eb6c510 code [0x000001d66eb6c720, 0x000001d66eb6ce98]
Event: 95.250 Thread 0x000001d600c13800 1644 %     4       com.esotericsoftware.kryo.io.Input::readUtf8 @ 30 (90 bytes)
Event: 95.257 Thread 0x000001d600c13800 nmethod 1644% 0x000001d675e12c90 code [0x000001d675e12e40, 0x000001d675e132d8]
Event: 95.305 Thread 0x000001d600c1a000 1645       1       org.gradle.internal.logging.console.DefaultAnsiExecutor::access$300 (5 bytes)
Event: 95.305 Thread 0x000001d600c1a000 nmethod 1645 0x000001d675e13510 code [0x000001d675e136c0, 0x000001d675e13758]
Event: 95.306 Thread 0x000001d600c1a000 1646       3       org.gradle.internal.logging.text.AbstractLineChoppingStyledTextOutput$StateContext::flushLineText (113 bytes)
Event: 95.307 Thread 0x000001d600c1a000 nmethod 1646 0x000001d66eb6d090 code [0x000001d66eb6d380, 0x000001d66eb6e198]
Event: 95.309 Thread 0x000001d600c1a000 1647   !   3       java.nio.charset.CharsetEncoder::encode (285 bytes)
Event: 95.309 Thread 0x000001d600c13800 1649       4       org.gradle.internal.logging.text.AbstractLineChoppingStyledTextOutput$1::execute (9 bytes)
Event: 95.311 Thread 0x000001d600c1a000 nmethod 1647 0x000001d66eb6e710 code [0x000001d66eb6ea20, 0x000001d66eb6fd18]
Event: 95.311 Thread 0x000001d600c1a000 1648       3       sun.nio.cs.SingleByte$Encoder::encodeLoop (28 bytes)
Event: 95.311 Thread 0x000001d600c1a000 nmethod 1648 0x000001d66eb70310 code [0x000001d66eb70500, 0x000001d66eb708d8]

GC Heap History (2 events):
Event: 0.786 GC heap before
{Heap before GC invocations=0 (full 0):
 garbage-first heap   total 65536K, used 29696K [0x00000000fc000000, 0x0000000100000000)
  region size 1024K, 24 young (24576K), 0 survivors (0K)
 Metaspace       used 10260K, capacity 10478K, committed 10624K, reserved 1058816K
  class space    used 1037K, capacity 1129K, committed 1152K, reserved 1048576K
}
Event: 0.795 GC heap after
{Heap after GC invocations=1 (full 0):
 garbage-first heap   total 65536K, used 9314K [0x00000000fc000000, 0x0000000100000000)
  region size 1024K, 3 young (3072K), 3 survivors (3072K)
 Metaspace       used 10260K, capacity 10478K, committed 10624K, reserved 1058816K
  class space    used 1037K, capacity 1129K, committed 1152K, reserved 1048576K
}

Deoptimization events (20 events):
Event: 1.594 Thread 0x000001d665b31000 Uncommon trap: trap_request=0xffffff4d fr.pc=0x000001d675db9790 relative=0x0000000000000550
Event: 1.594 Thread 0x000001d665b31000 Uncommon trap: reason=unstable_if action=reinterpret pc=0x000001d675db9790 method=java.lang.AbstractStringBuilder.append(Ljava/lang/String;)Ljava/lang/AbstractStringBuilder; @ 1 c2
Event: 1.594 Thread 0x000001d665b31000 DEOPT PACKING pc=0x000001d675db9790 sp=0x00000081957fc900
Event: 1.594 Thread 0x000001d665b31000 DEOPT UNPACKING pc=0x000001d66e2fa1af sp=0x00000081957fc880 mode 2
Event: 1.595 Thread 0x000001d665b31000 Uncommon trap: trap_request=0xffffff4d fr.pc=0x000001d675dca064 relative=0x0000000000000524
Event: 1.595 Thread 0x000001d665b31000 Uncommon trap: reason=unstable_if action=reinterpret pc=0x000001d675dca064 method=java.lang.AbstractStringBuilder.append(Ljava/lang/String;)Ljava/lang/AbstractStringBuilder; @ 1 c2
Event: 1.595 Thread 0x000001d665b31000 DEOPT PACKING pc=0x000001d675dca064 sp=0x00000081957fc8a0
Event: 1.595 Thread 0x000001d665b31000 DEOPT UNPACKING pc=0x000001d66e2fa1af sp=0x00000081957fc888 mode 2
Event: 83.006 Thread 0x000001d601852000 Uncommon trap: trap_request=0xffffff4d fr.pc=0x000001d675e0a404 relative=0x0000000000000504
Event: 83.006 Thread 0x000001d601852000 Uncommon trap: reason=unstable_if action=reinterpret pc=0x000001d675e0a404 method=org.gradle.internal.logging.text.AbstractLineChoppingStyledTextOutput$2.execute(Lorg/gradle/internal/logging/text/AbstractLineChoppingStyledTextOutput$StateContext;)V @ 34 c
Event: 83.006 Thread 0x000001d601852000 DEOPT PACKING pc=0x000001d675e0a404 sp=0x0000008196bfee30
Event: 83.006 Thread 0x000001d601852000 DEOPT UNPACKING pc=0x000001d66e2fa1af sp=0x0000008196bfecc8 mode 2
Event: 83.006 Thread 0x000001d601852000 Uncommon trap: trap_request=0xffffff4d fr.pc=0x000001d675e0b20c relative=0x000000000000050c
Event: 83.006 Thread 0x000001d601852000 Uncommon trap: reason=unstable_if action=reinterpret pc=0x000001d675e0b20c method=org.gradle.internal.logging.text.AbstractLineChoppingStyledTextOutput$2.execute(Lorg/gradle/internal/logging/text/AbstractLineChoppingStyledTextOutput$StateContext;)V @ 34 c
Event: 83.006 Thread 0x000001d601852000 DEOPT PACKING pc=0x000001d675e0b20c sp=0x0000008196bfea70
Event: 83.006 Thread 0x000001d601852000 DEOPT UNPACKING pc=0x000001d66e2fa1af sp=0x0000008196bfe970 mode 2
Event: 86.209 Thread 0x000001d601852000 Uncommon trap: trap_request=0xffffff4d fr.pc=0x000001d675e0bd94 relative=0x0000000000000314
Event: 86.209 Thread 0x000001d601852000 Uncommon trap: reason=unstable_if action=reinterpret pc=0x000001d675e0bd94 method=org.gradle.internal.logging.text.AbstractLineChoppingStyledTextOutput$2.execute(Lorg/gradle/internal/logging/text/AbstractLineChoppingStyledTextOutput$StateContext;)V @ 34 c
Event: 86.209 Thread 0x000001d601852000 DEOPT PACKING pc=0x000001d675e0bd94 sp=0x0000008196bfee00
Event: 86.209 Thread 0x000001d601852000 DEOPT UNPACKING pc=0x000001d66e2fa1af sp=0x0000008196bfedc0 mode 2

Classes redefined (0 events):
No events

Internal exceptions (14 events):
Event: 0.225 Thread 0x000001d665b31000 Exception <a 'java/lang/NoSuchMethodError'{0x00000000ffc5cc28}: 'int java.lang.invoke.DirectMethodHandle$Holder.invokeStaticInit(java.lang.Object, java.lang.Object)'> (0x00000000ffc5cc28) thrown at [./src/hotspot/share/interpreter/linkResolver.cpp, line 773]
Event: 0.277 Thread 0x000001d665b31000 Exception <a 'java/lang/NoSuchMethodError'{0x00000000ffb30f08}: 'int java.lang.invoke.DirectMethodHandle$Holder.invokeSpecial(java.lang.Object, java.lang.Object, java.lang.Object, java.lang.Object)'> (0x00000000ffb30f08) thrown at [./src/hotspot/share/interpreter/linkResolver.cpp, line 773]
Event: 0.285 Thread 0x000001d665b31000 Exception <a 'java/lang/NoSuchMethodError'{0x00000000ffb69970}: 'int java.lang.invoke.DirectMethodHandle$Holder.invokeSpecialIFC(java.lang.Object, java.lang.Object, int)'> (0x00000000ffb69970) thrown at [./src/hotspot/share/interpreter/linkResolver.cpp, line 773]
Event: 0.739 Thread 0x000001d665b31000 Implicit null exception at 0x000001d675dc94f5 to 0x000001d675dc96c4
Event: 0.772 Thread 0x000001d665b31000 Exception <a 'java/lang/NoClassDefFoundError'{0x00000000fe86f980}: org/slf4j/impl/StaticMarkerBinder> (0x00000000fe86f980) thrown at [./src/hotspot/share/classfile/systemDictionary.cpp, line 219]
Event: 0.812 Thread 0x000001d665b31000 Exception <a 'java/lang/NoSuchMethodError'{0x00000000fff6df50}: 'java.lang.Object java.lang.invoke.DirectMethodHandle$Holder.invokeVirtual(java.lang.Object, java.lang.Object, java.lang.Object, java.lang.Object, java.lang.Object, java.lang.Object, java.lang.Object)'> (0x00000000fff6df50) thrown at [./src/hotspot/share/interpreter/linkResolver.cpp, line 773]
Event: 0.816 Thread 0x000001d665b31000 Exception <a 'java/lang/NoSuchMethodError'{0x00000000fffc4860}: 'java.lang.Object java.lang.invoke.Invokers$Holder.invoker(java.lang.Object, java.lang.Object, java.lang.Object)'> (0x00000000fffc4860) thrown at [./src/hotspot/share/interpreter/linkResolver.cpp, line 773]
Event: 0.820 Thread 0x000001d665b31000 Exception <a 'java/lang/NoSuchMethodError'{0x00000000fffd5500}: 'void java.lang.invoke.DelegatingMethodHandle$Holder.delegate(java.lang.Object, java.lang.Object, int, java.lang.Object)'> (0x00000000fffd5500) thrown at [./src/hotspot/share/interpreter/linkResolver.cpp, line 773]
Event: 0.964 Thread 0x000001d665b31000 Exception <a 'java/lang/NoSuchMethodError'{0x00000000ff7166f0}: 'java.lang.Object java.lang.invoke.DirectMethodHandle$Holder.invokeInterface(java.lang.Object, java.lang.Object, java.lang.Object)'> (0x00000000ff7166f0) thrown at [./src/hotspot/share/interpreter/linkResolver.cpp, line 773]
Event: 1.033 Thread 0x000001d665b31000 Exception <a 'java/lang/NoSuchMethodError'{0x00000000ff5b8138}: 'java.lang.Object java.lang.invoke.DirectMethodHandle$Holder.invokeStaticInit(java.lang.Object, java.lang.Object, java.lang.Object)'> (0x00000000ff5b8138) thrown at [./src/hotspot/share/interpreter/linkResolver.cpp, line 773]
Event: 1.149 Thread 0x000001d665b31000 Exception <a 'java/lang/NoSuchMethodError'{0x00000000fef492f0}: 'java.lang.Object java.lang.invoke.DirectMethodHandle$Holder.invokeStaticInit(java.lang.Object, int, int, int, int)'> (0x00000000fef492f0) thrown at [./src/hotspot/share/interpreter/linkResolver.cpp, line 773]
Event: 1.335 Thread 0x000001d665b31000 Exception <a 'java/lang/NoSuchMethodError'{0x00000000fee09e78}: 'java.lang.Object java.lang.invoke.DirectMethodHandle$Holder.invokeStaticInit(java.lang.Object, java.lang.Object, int, int, int, int)'> (0x00000000fee09e78) thrown at [./src/hotspot/share/interpreter/linkResolver.cpp, line 773]
Event: 1.594 Thread 0x000001d665b31000 Implicit null exception at 0x000001d675db9274 to 0x000001d675db9778
Event: 1.595 Thread 0x000001d665b31000 Implicit null exception at 0x000001d675dc9b74 to 0x000001d675dca04c

Events (20 events):
Event: 67.404 loading class org/gradle/internal/logging/console/DefaultColorMap$ForegroundColor
Event: 67.404 loading class org/gradle/internal/logging/console/DefaultColorMap$ForegroundColor done
Event: 67.405 loading class org/gradle/internal/logging/console/DefaultColorMap$CompositeColor
Event: 67.405 loading class org/gradle/internal/logging/console/DefaultColorMap$CompositeColor done
Event: 67.406 loading class com/google/common/collect/Lists$ReverseList
Event: 67.406 loading class com/google/common/collect/Lists$ReverseList done
Event: 67.419 loading class com/google/common/collect/Lists$RandomAccessReverseList
Event: 67.419 loading class com/google/common/collect/Lists$RandomAccessReverseList done
Event: 67.420 loading class java/util/ArrayList$ListItr
Event: 67.420 loading class java/util/ArrayList$ListItr done
Event: 67.420 Executing VM operation: Deoptimize
Event: 67.420 Executing VM operation: Deoptimize done
Event: 67.420 Executing VM operation: RevokeBias
Event: 67.420 Executing VM operation: RevokeBias done
Event: 67.420 Executing VM operation: RevokeBias
Event: 67.420 Executing VM operation: RevokeBias done
Event: 67.420 Executing VM operation: RevokeBias
Event: 67.420 Executing VM operation: RevokeBias done
Event: 67.420 loading class com/google/common/collect/Lists$ReverseList$1
Event: 67.420 loading class com/google/common/collect/Lists$ReverseList$1 done


Dynamic libraries:
0x00007ff7670c0000 - 0x00007ff7670cd000 	C:\Program Files\Microsoft\jdk-11.0.18.10-hotspot\bin\java.exe
0x00007ff88fcb0000 - 0x00007ff88fea8000 	C:\Windows\SYSTEM32\ntdll.dll
0x00007ff88e960000 - 0x00007ff88ea1f000 	C:\Windows\System32\KERNEL32.DLL
0x00007ff88d390000 - 0x00007ff88d686000 	C:\Windows\System32\KERNELBASE.dll
0x00007ff88d820000 - 0x00007ff88d920000 	C:\Windows\System32\ucrtbase.dll
0x00007ff886990000 - 0x00007ff8869a7000 	C:\Program Files\Microsoft\jdk-11.0.18.10-hotspot\bin\jli.dll
0x00007ff88dfd0000 - 0x00007ff88e16d000 	C:\Windows\System32\USER32.dll
0x00007ff88d920000 - 0x00007ff88d942000 	C:\Windows\System32\win32u.dll
0x00007ff88fbc0000 - 0x00007ff88fbec000 	C:\Windows\System32\GDI32.dll
0x00007ff88d950000 - 0x00007ff88da65000 	C:\Windows\System32\gdi32full.dll
0x00007ff88dbe0000 - 0x00007ff88dc7d000 	C:\Windows\System32\msvcp_win.dll
0x00007ff886970000 - 0x00007ff886985000 	C:\Program Files\Microsoft\jdk-11.0.18.10-hotspot\bin\VCRUNTIME140.dll
0x00007ff87aa80000 - 0x00007ff87ad1a000 	C:\Windows\WinSxS\amd64_microsoft.windows.common-controls_6595b64144ccf1df_6.0.19041.1110_none_60b5254171f9507e\COMCTL32.dll
0x00007ff88f060000 - 0x00007ff88f0fe000 	C:\Windows\System32\msvcrt.dll
0x00007ff88f4e0000 - 0x00007ff88f510000 	C:\Windows\System32\IMM32.DLL
0x00007ff82a190000 - 0x00007ff82a22b000 	C:\Program Files\Microsoft\jdk-11.0.18.10-hotspot\bin\msvcp140.dll
0x00007ff8295f0000 - 0x00007ff82a182000 	C:\Program Files\Microsoft\jdk-11.0.18.10-hotspot\bin\server\jvm.dll
0x00007ff88eb40000 - 0x00007ff88ebef000 	C:\Windows\System32\ADVAPI32.dll
0x00007ff88e170000 - 0x00007ff88e20c000 	C:\Windows\System32\sechost.dll
0x00007ff88f110000 - 0x00007ff88f236000 	C:\Windows\System32\RPCRT4.dll
0x00007ff88f6c0000 - 0x00007ff88f6c8000 	C:\Windows\System32\PSAPI.DLL
0x00007ff85f1b0000 - 0x00007ff85f1b9000 	C:\Windows\SYSTEM32\WSOCK32.dll
0x00007ff886de0000 - 0x00007ff886dea000 	C:\Windows\SYSTEM32\VERSION.dll
0x00007ff88fb50000 - 0x00007ff88fbbb000 	C:\Windows\System32\WS2_32.dll
0x00007ff87bdc0000 - 0x00007ff87bde7000 	C:\Windows\SYSTEM32\WINMM.dll
0x00007ff88bbe0000 - 0x00007ff88bbf2000 	C:\Windows\SYSTEM32\kernel.appcore.dll
0x00007ff8869e0000 - 0x00007ff8869f0000 	C:\Program Files\Microsoft\jdk-11.0.18.10-hotspot\bin\verify.dll
0x00007ff88b220000 - 0x00007ff88b404000 	C:\Windows\SYSTEM32\DBGHELP.DLL
0x00007ff878a80000 - 0x00007ff878ab4000 	C:\Windows\SYSTEM32\dbgcore.DLL
0x00007ff88dc80000 - 0x00007ff88dd02000 	C:\Windows\System32\bcryptPrimitives.dll
0x00007ff8869b0000 - 0x00007ff8869d8000 	C:\Program Files\Microsoft\jdk-11.0.18.10-hotspot\bin\java.dll
0x00007ff85aa80000 - 0x00007ff85aa8a000 	C:\Program Files\Microsoft\jdk-11.0.18.10-hotspot\bin\jimage.dll
0x00007ff82b5a0000 - 0x00007ff82b5b8000 	C:\Program Files\Microsoft\jdk-11.0.18.10-hotspot\bin\zip.dll
0x00007ff88e210000 - 0x00007ff88e954000 	C:\Windows\System32\SHELL32.dll
0x00007ff88b430000 - 0x00007ff88bbc3000 	C:\Windows\SYSTEM32\windows.storage.dll
0x00007ff88f6d0000 - 0x00007ff88fa24000 	C:\Windows\System32\combase.dll
0x00007ff88cdf0000 - 0x00007ff88ce1e000 	C:\Windows\SYSTEM32\Wldp.dll
0x00007ff88ea30000 - 0x00007ff88eadd000 	C:\Windows\System32\SHCORE.dll
0x00007ff88f350000 - 0x00007ff88f3a5000 	C:\Windows\System32\shlwapi.dll
0x00007ff88d2d0000 - 0x00007ff88d2ef000 	C:\Windows\SYSTEM32\profapi.dll
0x00007ff82b580000 - 0x00007ff82b599000 	C:\Program Files\Microsoft\jdk-11.0.18.10-hotspot\bin\net.dll
0x00007ff885640000 - 0x00007ff88574a000 	C:\Windows\SYSTEM32\WINHTTP.dll
0x00007ff88cb50000 - 0x00007ff88cbba000 	C:\Windows\system32\mswsock.dll
0x00007ff82b560000 - 0x00007ff82b573000 	C:\Program Files\Microsoft\jdk-11.0.18.10-hotspot\bin\nio.dll
0x00007ff82b530000 - 0x00007ff82b557000 	C:\Users\Finner\.gradle\native\e1d6ef7f7dcc3fd88c89a11ec53ec762bb8ba0a96d01ffa2cd45eb1d1d8dd5c5\windows-amd64\native-platform.dll
0x00007ff888f20000 - 0x00007ff888f2a000 	C:\Users\Finner\.gradle\native\jansi\1.18\windows64\jansi.dll
0x00007ff859340000 - 0x00007ff859349000 	C:\Program Files\Microsoft\jdk-11.0.18.10-hotspot\bin\management.dll
0x00007ff856f90000 - 0x00007ff856f9b000 	C:\Program Files\Microsoft\jdk-11.0.18.10-hotspot\bin\management_ext.dll
0x00007ff88cd40000 - 0x00007ff88cd58000 	C:\Windows\SYSTEM32\CRYPTSP.dll
0x00007ff88c400000 - 0x00007ff88c434000 	C:\Windows\system32\rsaenh.dll
0x00007ff88d690000 - 0x00007ff88d6b7000 	C:\Windows\System32\bcrypt.dll
0x00007ff88d290000 - 0x00007ff88d2be000 	C:\Windows\SYSTEM32\USERENV.dll
0x00007ff88cd60000 - 0x00007ff88cd6c000 	C:\Windows\SYSTEM32\CRYPTBASE.dll
0x00007ff88c7f0000 - 0x00007ff88c82c000 	C:\Windows\SYSTEM32\IPHLPAPI.DLL
0x00007ff88ea20000 - 0x00007ff88ea28000 	C:\Windows\System32\NSI.dll
0x00007ff886ba0000 - 0x00007ff886bb7000 	C:\Windows\SYSTEM32\dhcpcsvc6.DLL
0x00007ff886ea0000 - 0x00007ff886ebd000 	C:\Windows\SYSTEM32\dhcpcsvc.DLL
0x00007ff88c840000 - 0x00007ff88c90b000 	C:\Windows\SYSTEM32\DNSAPI.dll

dbghelp: loaded successfully - version: 4.0.5 - missing functions: none
symbol engine: initialized successfully - sym options: 0x614 - pdb path: .;C:\Program Files\Microsoft\jdk-11.0.18.10-hotspot\bin;C:\Windows\SYSTEM32;C:\Windows\WinSxS\amd64_microsoft.windows.common-controls_6595b64144ccf1df_6.0.19041.1110_none_60b5254171f9507e;C:\Program Files\Microsoft\jdk-11.0.18.10-hotspot\bin\server;C:\Users\Finner\.gradle\native\e1d6ef7f7dcc3fd88c89a11ec53ec762bb8ba0a96d01ffa2cd45eb1d1d8dd5c5\windows-amd64;C:\Users\Finner\.gradle\native\jansi\1.18\windows64

VM Arguments:
jvm_args: -Xmx64m -Xms64m -Dorg.gradle.appname=gradlew 
java_command: org.gradle.wrapper.GradleWrapperMain app:installDebug -PreactNativeDevServerPort=8081
java_class_path (initial): D:\Mobile-Projects\Finner\android\\gradle\wrapper\gradle-wrapper.jar
Launcher Type: SUN_STANDARD

[Global flags]
     intx CICompilerCount                          = 4                                         {product} {ergonomic}
     uint ConcGCThreads                            = 2                                         {product} {ergonomic}
     uint G1ConcRefinementThreads                  = 8                                         {product} {ergonomic}
   size_t G1HeapRegionSize                         = 1048576                                   {product} {ergonomic}
    uintx GCDrainStackTargetSize                   = 64                                        {product} {ergonomic}
   size_t InitialHeapSize                          = 67108864                                  {product} {command line}
   size_t MarkStackSize                            = 4194304                                   {product} {ergonomic}
   size_t MaxHeapSize                              = 67108864                                  {product} {command line}
   size_t MaxNewSize                               = 39845888                                  {product} {ergonomic}
   size_t MinHeapDeltaBytes                        = 1048576                                   {product} {ergonomic}
    uintx NonNMethodCodeHeapSize                   = 5836300                                {pd product} {ergonomic}
    uintx NonProfiledCodeHeapSize                  = 122910970                              {pd product} {ergonomic}
    uintx ProfiledCodeHeapSize                     = 122910970                              {pd product} {ergonomic}
    uintx ReservedCodeCacheSize                    = 251658240                              {pd product} {ergonomic}
     bool SegmentedCodeCache                       = true                                      {product} {ergonomic}
     bool UseCompressedClassPointers               = true                                 {lp64_product} {ergonomic}
     bool UseCompressedOops                        = true                                 {lp64_product} {ergonomic}
     bool UseG1GC                                  = true                                      {product} {ergonomic}
     bool UseLargePagesIndividualAllocation        = false                                  {pd product} {ergonomic}

Logging:
Log output configuration:
 #0: stdout all=warning uptime,level,tags
 #1: stderr all=off uptime,level,tags

Environment Variables:
JAVA_HOME=C:\Program Files\Microsoft\jdk-11.0.18.10-hotspot\
CLASSPATH=D:\Mobile-Projects\Finner\android\\gradle\wrapper\gradle-wrapper.jar
PATH=D:\Mobile-Projects\Finner\android\node_modules\.bin;D:\Mobile-Projects\Finner\node_modules\.bin;D:\Mobile-Projects\node_modules\.bin;D:\node_modules\.bin;D:\Mobile-Projects\Finner\node_modules\node\bin;D:\Mobile-Projects\Finner\node_modules\.bin;D:\Mobile-Projects\node_modules\.bin;D:\node_modules\.bin;C:\Users\Finner\AppData\Roaming\npm\node_modules\npm\node_modules\@npmcli\run-script\lib\node-gyp-bin;C:\Program Files\WindowsApps\Microsoft.PowerShell_7.3.3.0_x64__8wekyb3d8bbwe;C:\Program Files\WindowsApps\Microsoft.PowerShell_7.3.2.0_x64__8wekyb3d8bbwe;C:\Program Files (x86)\Common Files\Intel\Shared Libraries\redist\intel64\compiler;C:\Program Files\Microsoft\jdk-11.0.18.10-hotspot\bin;C:\Python311\Scripts\;C:\Python311\;C:\Program Files (x86)\Intel\iCLS Client\;C:\Program Files\Intel\iCLS Client\;C:\Windows\system32;C:\Windows;C:\Windows\System32\Wbem;C:\Windows\System32\WindowsPowerShell\v1.0\;C:\Windows\System32\OpenSSH\;C:\Program Files (x86)\NVIDIA Corporation\PhysX\Common;C:\Program Files\NVIDIA Corporation\NVIDIA NvDLISR;C:\ProgramData\chocolatey\bin;C:\Program Files\Git\cmd;C:\Program Files\OpenJDK\openjdk-11.0.16_8\bin;c:\Program Files (x86)\Intel\Intel(R) Management Engine Components\DAL;c:\Program Files\Intel\Intel(R) Management Engine Components\DAL;c:\Program Files (x86)\Intel\Intel(R) Management Engine Components\IPT;c:\Program Files\Intel\Intel(R) Management Engine Components\IPT;C:\Program Files\nodejs\;C:\Program Files\PowerShell\7-preview\preview;C:\Users\Finner\.amplify\bin;C:\Users\Finner\.amplify\bin;C:\Users\Finner\.amplify\bin;C:\Users\Finner\.amplify\bin;C:\Users\Finner\.amplify\bin;C:\Users\Finner\AppData\Local\Microsoft\WindowsApps;C:\Users\Finner\AppData\Local\Programs\Microsoft VS Code\bin;C:\Users\Finner\AppData\Local\Android\Sdk\platform-tools;C:\Users\Finner\AppData\Local\Programs\oh-my-posh\bin;C:\Users\Finner\AppData\Roaming\npm
USERNAME=Finner
OS=Windows_NT
PROCESSOR_IDENTIFIER=Intel64 Family 6 Model 158 Stepping 9, GenuineIntel
TMP=C:\Users\Finner\AppData\Local\Temp
TEMP=C:\Users\Finner\AppData\Local\Temp



---------------  S Y S T E M  ---------------

OS: Windows 10 , 64 bit Build 19041 (10.0.19041.2913)
OS uptime: 0 days 4:22 hours

CPU:total 8 (initial active 8) (4 cores per cpu, 2 threads per core) family 6 model 158 stepping 9 microcode 0xb4, cmov, cx8, fxsr, mmx, sse, sse2, sse3, ssse3, sse4.1, sse4.2, popcnt, avx, avx2, aes, clmul, erms, 3dnowpref, lzcnt, ht, tsc, tscinvbit, bmi1, bmi2, adx, fma

Memory: 4k page, system-wide physical 16276M (1947M free)
TotalPageFile size 19135M (AvailPageFile size 0M)
current process WorkingSet (physical memory assigned to process): 92M, peak: 99M
current process commit charge ("private bytes"): 161M, peak: 169M

vm_info: OpenJDK 64-Bit Server VM (11.0.18+10-LTS) for windows-amd64 JRE (11.0.18+10-LTS), built on Jan 18 2023 15:56:47 by "MicrosoftCorporation" with MS VC++ 15.9 (VS2017)

END.
