#
# There is insufficient memory for the Java Runtime Environment to continue.
# Native memory allocation (malloc) failed to allocate 1033536 bytes for Chunk::new
# Possible reasons:
#   The system is out of physical RAM or swap space
#   The process is running with CompressedOops enabled, and the Java Heap may be blocking the growth of the native heap
# Possible solutions:
#   Reduce memory load on the system
#   Increase physical memory or swap space
#   Check if swap backing store is full
#   Decrease Java heap size (-Xmx/-Xms)
#   Decrease number of Java threads
#   Decrease Java thread stack sizes (-Xss)
#   Set larger code cache with -XX:ReservedCodeCacheSize=
#   JVM is running with Unscaled Compressed Oops mode in which the Java heap is
#     placed in the first 4GB address space. The Java Heap base address is the
#     maximum limit for the native heap growth. Please use -XX:HeapBaseMinAddress
#     to set the Java Heap base and to place the Java Heap above 4GB virtual address.
# This output file may be truncated or incomplete.
#
#  Out of Memory Error (./src/hotspot/share/memory/arena.cpp:197), pid=1636, tid=6460
#
# JRE version: OpenJDK Runtime Environment Microsoft-7208460 (11.0.18+10) (build 11.0.18+10-LTS)
# Java VM: OpenJDK 64-Bit Server VM Microsoft-7208460 (11.0.18+10-LTS, mixed mode, tiered, compressed oops, g1 gc, windows-amd64)
# No core dump will be written. Minidumps are not enabled by default on client versions of Windows
#

---------------  S U M M A R Y ------------

Command Line: -XX:MaxMetaspaceSize=512m --add-opens=java.base/java.util=ALL-UNNAMED --add-opens=java.base/java.lang=ALL-UNNAMED --add-opens=java.base/java.lang.invoke=ALL-UNNAMED --add-opens=java.base/java.util=ALL-UNNAMED --add-opens=java.prefs/java.util.prefs=ALL-UNNAMED --add-opens=java.prefs/java.util.prefs=ALL-UNNAMED --add-opens=java.base/java.nio.charset=ALL-UNNAMED --add-opens=java.base/java.net=ALL-UNNAMED --add-opens=java.base/java.util.concurrent.atomic=ALL-UNNAMED -Xmx2048m -Dfile.encoding=windows-1252 -Duser.country=US -Duser.language=en -Duser.variant org.gradle.launcher.daemon.bootstrap.GradleDaemon 7.5.1

Host: Intel(R) Core(TM) i7-7700HQ CPU @ 2.80GHz, 8 cores, 15G,  Windows 10 , 64 bit Build 19041 (10.0.19041.2913)
Time: Fri Jun  9 15:54:00 2023 SE Asia Standard Time elapsed time: 2.592463 seconds (0d 0h 0m 2s)

---------------  T H R E A D  ---------------

Current thread (0x000001a78290f800):  JavaThread "C2 CompilerThread1" daemon [_thread_in_native, id=6460, stack(0x00000094b5800000,0x00000094b5900000)]


Current CompileTask:
C2:   2592 2031       4       java.net.URLClassLoader$1::run (5 bytes)

Stack: [0x00000094b5800000,0x00000094b5900000]
Native frames: (J=compiled Java code, j=interpreted, Vv=VM code, C=native code)
V  [jvm.dll+0x62bf8a]
V  [jvm.dll+0x7b8fb9]
V  [jvm.dll+0x7ba6a8]
V  [jvm.dll+0x7bad83]
V  [jvm.dll+0x250248]
V  [jvm.dll+0xc260c]
V  [jvm.dll+0xc2bcc]
V  [jvm.dll+0x2c4e64]
V  [jvm.dll+0x533dcc]
V  [jvm.dll+0x21177b]
V  [jvm.dll+0x20b39a]
V  [jvm.dll+0x2083eb]
V  [jvm.dll+0x18a4b1]
V  [jvm.dll+0x217eec]
V  [jvm.dll+0x21612b]
V  [jvm.dll+0x77bac0]
V  [jvm.dll+0x7749f4]
V  [jvm.dll+0x62adf5]
C  [ucrtbase.dll+0x21bb2]
C  [KERNEL32.DLL+0x17614]
C  [ntdll.dll+0x526a1]


---------------  P R O C E S S  ---------------

Threads class SMR info:
_java_thread_list=0x000001a7809aa1f0, length=24, elements={
0x000001a7dfda1000, 0x000001a7feec2800, 0x000001a7feec4000, 0x000001a7ff747800,
0x000001a7ff748800, 0x000001a7ff749800, 0x000001a7ff750000, 0x000001a7ff75d000,
0x000001a7ff75e000, 0x000001a7ff8c9000, 0x000001a781283000, 0x000001a780004800,
0x000001a78008e000, 0x000001a781f1d800, 0x000001a7816d2800, 0x000001a782928800,
0x000001a781c34800, 0x000001a782238800, 0x000001a781ba7000, 0x000001a781abd000,
0x000001a782694800, 0x000001a782693000, 0x000001a78268e800, 0x000001a78290f800
}

Java Threads: ( => current thread )
  0x000001a7dfda1000 JavaThread "main" [_thread_blocked, id=8396, stack(0x00000094b3200000,0x00000094b3300000)]
  0x000001a7feec2800 JavaThread "Reference Handler" daemon [_thread_blocked, id=14192, stack(0x00000094b3900000,0x00000094b3a00000)]
  0x000001a7feec4000 JavaThread "Finalizer" daemon [_thread_blocked, id=20052, stack(0x00000094b3a00000,0x00000094b3b00000)]
  0x000001a7ff747800 JavaThread "Signal Dispatcher" daemon [_thread_blocked, id=11304, stack(0x00000094b3b00000,0x00000094b3c00000)]
  0x000001a7ff748800 JavaThread "Attach Listener" daemon [_thread_blocked, id=10940, stack(0x00000094b3c00000,0x00000094b3d00000)]
  0x000001a7ff749800 JavaThread "Service Thread" daemon [_thread_blocked, id=13880, stack(0x00000094b3d00000,0x00000094b3e00000)]
  0x000001a7ff750000 JavaThread "C2 CompilerThread0" daemon [_thread_blocked, id=5204, stack(0x00000094b3e00000,0x00000094b3f00000)]
  0x000001a7ff75d000 JavaThread "C1 CompilerThread0" daemon [_thread_blocked, id=19444, stack(0x00000094b3f00000,0x00000094b4000000)]
  0x000001a7ff75e000 JavaThread "Sweeper thread" daemon [_thread_blocked, id=3044, stack(0x00000094b4000000,0x00000094b4100000)]
  0x000001a7ff8c9000 JavaThread "Common-Cleaner" daemon [_thread_blocked, id=7012, stack(0x00000094b4100000,0x00000094b4200000)]
  0x000001a781283000 JavaThread "Daemon health stats" [_thread_blocked, id=20140, stack(0x00000094b4a00000,0x00000094b4b00000)]
  0x000001a780004800 JavaThread "Incoming local TCP Connector on port 65241" [_thread_in_native, id=12048, stack(0x00000094b4300000,0x00000094b4400000)]
  0x000001a78008e000 JavaThread "Daemon periodic checks" [_thread_blocked, id=13476, stack(0x00000094b4400000,0x00000094b4500000)]
  0x000001a781f1d800 JavaThread "Daemon" [_thread_blocked, id=20156, stack(0x00000094b4b00000,0x00000094b4c00000)]
  0x000001a7816d2800 JavaThread "Handler for socket connection from /127.0.0.1:65241 to /127.0.0.1:65242" [_thread_in_native, id=20176, stack(0x00000094b4c00000,0x00000094b4d00000)]
  0x000001a782928800 JavaThread "Cancel handler" [_thread_blocked, id=20192, stack(0x00000094b4d00000,0x00000094b4e00000)]
  0x000001a781c34800 JavaThread "Daemon worker" [_thread_in_vm, id=20188, stack(0x00000094b4e00000,0x00000094b4f00000)]
  0x000001a782238800 JavaThread "Asynchronous log dispatcher for DefaultDaemonConnection: socket connection from /127.0.0.1:65241 to /127.0.0.1:65242" [_thread_blocked, id=20208, stack(0x00000094b4f00000,0x00000094b5000000)]
  0x000001a781ba7000 JavaThread "Stdin handler" [_thread_blocked, id=20100, stack(0x00000094b5000000,0x00000094b5100000)]
  0x000001a781abd000 JavaThread "Daemon client event forwarder" [_thread_blocked, id=3556, stack(0x00000094b5100000,0x00000094b5200000)]
  0x000001a782694800 JavaThread "Cache worker for journal cache (C:\Users\Finner\.gradle\caches\journal-1)" [_thread_blocked, id=32, stack(0x00000094b5200000,0x00000094b5300000)]
  0x000001a782693000 JavaThread "File lock request listener" [_thread_in_native, id=4544, stack(0x00000094b5300000,0x00000094b5400000)]
  0x000001a78268e800 JavaThread "Cache worker for file hash cache (C:\Users\Finner\.gradle\caches\7.5.1\fileHashes)" [_thread_blocked, id=9844, stack(0x00000094b5400000,0x00000094b5500000)]
=>0x000001a78290f800 JavaThread "C2 CompilerThread1" daemon [_thread_in_native, id=6460, stack(0x00000094b5800000,0x00000094b5900000)]

Other Threads:
  0x000001a7feebe800 VMThread "VM Thread" [stack: 0x00000094b3800000,0x00000094b3900000] [id=7004]
  0x000001a7ff8e2800 WatcherThread [stack: 0x00000094b4200000,0x00000094b4300000] [id=4672]
  0x000001a7dfdb9800 GCTaskThread "GC Thread#0" [stack: 0x00000094b3300000,0x00000094b3400000] [id=12556]
  0x000001a7811fa800 GCTaskThread "GC Thread#1" [stack: 0x00000094b4500000,0x00000094b4600000] [id=20016]
  0x000001a780e66800 GCTaskThread "GC Thread#2" [stack: 0x00000094b4600000,0x00000094b4700000] [id=6968]
  0x000001a780b84800 GCTaskThread "GC Thread#3" [stack: 0x00000094b4700000,0x00000094b4800000] [id=19324]
  0x000001a78043d800 GCTaskThread "GC Thread#4" [stack: 0x00000094b4800000,0x00000094b4900000] [id=9400]
  0x000001a78043e800 GCTaskThread "GC Thread#5" [stack: 0x00000094b4900000,0x00000094b4a00000] [id=144]
  0x000001a781fa9000 GCTaskThread "GC Thread#6" [stack: 0x00000094b5500000,0x00000094b5600000] [id=8652]
  0x000001a7819d5000 GCTaskThread "GC Thread#7" [stack: 0x00000094b5600000,0x00000094b5700000] [id=20104]
  0x000001a7dfdee800 ConcurrentGCThread "G1 Main Marker" [stack: 0x00000094b3400000,0x00000094b3500000] [id=20372]
  0x000001a7dfdf0000 ConcurrentGCThread "G1 Conc#0" [stack: 0x00000094b3500000,0x00000094b3600000] [id=20396]
  0x000001a781192800 ConcurrentGCThread "G1 Conc#1" [stack: 0x00000094b5700000,0x00000094b5800000] [id=10704]
  0x000001a7fed4e800 ConcurrentGCThread "G1 Refine#0" [stack: 0x00000094b3600000,0x00000094b3700000] [id=16216]
  0x000001a7fed4f000 ConcurrentGCThread "G1 Young RemSet Sampling" [stack: 0x00000094b3700000,0x00000094b3800000] [id=20380]

Threads with active compile tasks:
C2 CompilerThread1     2614 2031       4       java.net.URLClassLoader$1::run (5 bytes)

VM state:not at safepoint (normal execution)

VM Mutex/Monitor currently owned by a thread:  ([mutex/lock_event])
[0x000001a7dfd9e4f0] SymbolTable_lock - owner thread: 0x0000000000000000

Heap address: 0x0000000080000000, size: 2048 MB, Compressed Oops mode: 32-bit
Narrow klass base: 0x0000000000000000, Narrow klass shift: 3
Compressed class space size: 528482304 Address: 0x0000000100000000

Heap:
 garbage-first heap   total 262144K, used 48036K [0x0000000080000000, 0x0000000100000000)
  region size 1024K, 42 young (43008K), 11 survivors (11264K)
 Metaspace       used 23912K, capacity 24487K, committed 24752K, reserved 538624K
  class space    used 3002K, capacity 3216K, committed 3328K, reserved 516096K
Heap Regions: E=young(eden), S=young(survivor), O=old, HS=humongous(starts), HC=humongous(continues), CS=collection set, F=free, A=archive, TAMS=top-at-mark-start (previous, next)
|   0|0x0000000080000000, 0x0000000080000000, 0x0000000080100000|  0%| F|  |TAMS 0x0000000080000000, 0x0000000080000000| Untracked 
|   1|0x0000000080100000, 0x0000000080100000, 0x0000000080200000|  0%| F|  |TAMS 0x0000000080100000, 0x0000000080100000| Untracked 
|   2|0x0000000080200000, 0x0000000080200000, 0x0000000080300000|  0%| F|  |TAMS 0x0000000080200000, 0x0000000080200000| Untracked 
|   3|0x0000000080300000, 0x0000000080400000, 0x0000000080400000|100%|HS|  |TAMS 0x0000000080400000, 0x0000000080300000| Complete 
|   4|0x0000000080400000, 0x0000000080500000, 0x0000000080500000|100%|HC|  |TAMS 0x0000000080500000, 0x0000000080400000| Complete 
|   5|0x0000000080500000, 0x0000000080600000, 0x0000000080600000|100%|HC|  |TAMS 0x0000000080600000, 0x0000000080500000| Complete 
|   6|0x0000000080600000, 0x0000000080700000, 0x0000000080700000|100%| O|  |TAMS 0x0000000080700000, 0x0000000080600000| Untracked 
|   7|0x0000000080700000, 0x0000000080800000, 0x0000000080800000|100%| O|  |TAMS 0x0000000080800000, 0x0000000080700000| Untracked 
|   8|0x0000000080800000, 0x0000000080900000, 0x0000000080900000|100%| O|  |TAMS 0x0000000080900000, 0x0000000080800000| Untracked 
|   9|0x0000000080900000, 0x0000000080933200, 0x0000000080a00000| 19%| O|  |TAMS 0x0000000080933200, 0x0000000080900000| Untracked 
|  10|0x0000000080a00000, 0x0000000080a00000, 0x0000000080b00000|  0%| F|  |TAMS 0x0000000080a00000, 0x0000000080a00000| Untracked 
|  11|0x0000000080b00000, 0x0000000080b00000, 0x0000000080c00000|  0%| F|  |TAMS 0x0000000080b00000, 0x0000000080b00000| Untracked 
|  12|0x0000000080c00000, 0x0000000080c00000, 0x0000000080d00000|  0%| F|  |TAMS 0x0000000080c00000, 0x0000000080c00000| Untracked 
|  13|0x0000000080d00000, 0x0000000080d00000, 0x0000000080e00000|  0%| F|  |TAMS 0x0000000080d00000, 0x0000000080d00000| Untracked 
|  14|0x0000000080e00000, 0x0000000080e00000, 0x0000000080f00000|  0%| F|  |TAMS 0x0000000080e00000, 0x0000000080e00000| Untracked 
|  15|0x0000000080f00000, 0x0000000080f00000, 0x0000000081000000|  0%| F|  |TAMS 0x0000000080f00000, 0x0000000080f00000| Untracked 
|  16|0x0000000081000000, 0x0000000081000000, 0x0000000081100000|  0%| F|  |TAMS 0x0000000081000000, 0x0000000081000000| Untracked 
|  17|0x0000000081100000, 0x0000000081100000, 0x0000000081200000|  0%| F|  |TAMS 0x0000000081100000, 0x0000000081100000| Untracked 
|  18|0x0000000081200000, 0x0000000081200000, 0x0000000081300000|  0%| F|  |TAMS 0x0000000081200000, 0x0000000081200000| Untracked 
|  19|0x0000000081300000, 0x0000000081300000, 0x0000000081400000|  0%| F|  |TAMS 0x0000000081300000, 0x0000000081300000| Untracked 
|  20|0x0000000081400000, 0x0000000081400000, 0x0000000081500000|  0%| F|  |TAMS 0x0000000081400000, 0x0000000081400000| Untracked 
|  21|0x0000000081500000, 0x0000000081500000, 0x0000000081600000|  0%| F|  |TAMS 0x0000000081500000, 0x0000000081500000| Untracked 
|  22|0x0000000081600000, 0x0000000081600000, 0x0000000081700000|  0%| F|  |TAMS 0x0000000081600000, 0x0000000081600000| Untracked 
|  23|0x0000000081700000, 0x0000000081700000, 0x0000000081800000|  0%| F|  |TAMS 0x0000000081700000, 0x0000000081700000| Untracked 
|  24|0x0000000081800000, 0x0000000081800000, 0x0000000081900000|  0%| F|  |TAMS 0x0000000081800000, 0x0000000081800000| Untracked 
|  25|0x0000000081900000, 0x0000000081900000, 0x0000000081a00000|  0%| F|  |TAMS 0x0000000081900000, 0x0000000081900000| Untracked 
|  26|0x0000000081a00000, 0x0000000081a00000, 0x0000000081b00000|  0%| F|  |TAMS 0x0000000081a00000, 0x0000000081a00000| Untracked 
|  27|0x0000000081b00000, 0x0000000081b00000, 0x0000000081c00000|  0%| F|  |TAMS 0x0000000081b00000, 0x0000000081b00000| Untracked 
|  28|0x0000000081c00000, 0x0000000081c00000, 0x0000000081d00000|  0%| F|  |TAMS 0x0000000081c00000, 0x0000000081c00000| Untracked 
|  29|0x0000000081d00000, 0x0000000081d00000, 0x0000000081e00000|  0%| F|  |TAMS 0x0000000081d00000, 0x0000000081d00000| Untracked 
|  30|0x0000000081e00000, 0x0000000081e00000, 0x0000000081f00000|  0%| F|  |TAMS 0x0000000081e00000, 0x0000000081e00000| Untracked 
|  31|0x0000000081f00000, 0x0000000081f00000, 0x0000000082000000|  0%| F|  |TAMS 0x0000000081f00000, 0x0000000081f00000| Untracked 
|  32|0x0000000082000000, 0x0000000082000000, 0x0000000082100000|  0%| F|  |TAMS 0x0000000082000000, 0x0000000082000000| Untracked 
|  33|0x0000000082100000, 0x0000000082100000, 0x0000000082200000|  0%| F|  |TAMS 0x0000000082100000, 0x0000000082100000| Untracked 
|  34|0x0000000082200000, 0x0000000082200000, 0x0000000082300000|  0%| F|  |TAMS 0x0000000082200000, 0x0000000082200000| Untracked 
|  35|0x0000000082300000, 0x0000000082300000, 0x0000000082400000|  0%| F|  |TAMS 0x0000000082300000, 0x0000000082300000| Untracked 
|  36|0x0000000082400000, 0x0000000082400000, 0x0000000082500000|  0%| F|  |TAMS 0x0000000082400000, 0x0000000082400000| Untracked 
|  37|0x0000000082500000, 0x0000000082500000, 0x0000000082600000|  0%| F|  |TAMS 0x0000000082500000, 0x0000000082500000| Untracked 
|  38|0x0000000082600000, 0x0000000082600000, 0x0000000082700000|  0%| F|  |TAMS 0x0000000082600000, 0x0000000082600000| Untracked 
|  39|0x0000000082700000, 0x0000000082700000, 0x0000000082800000|  0%| F|  |TAMS 0x0000000082700000, 0x0000000082700000| Untracked 
|  40|0x0000000082800000, 0x0000000082800000, 0x0000000082900000|  0%| F|  |TAMS 0x0000000082800000, 0x0000000082800000| Untracked 
|  41|0x0000000082900000, 0x0000000082900000, 0x0000000082a00000|  0%| F|  |TAMS 0x0000000082900000, 0x0000000082900000| Untracked 
|  42|0x0000000082a00000, 0x0000000082a00000, 0x0000000082b00000|  0%| F|  |TAMS 0x0000000082a00000, 0x0000000082a00000| Untracked 
|  43|0x0000000082b00000, 0x0000000082b00000, 0x0000000082c00000|  0%| F|  |TAMS 0x0000000082b00000, 0x0000000082b00000| Untracked 
|  44|0x0000000082c00000, 0x0000000082c00000, 0x0000000082d00000|  0%| F|  |TAMS 0x0000000082c00000, 0x0000000082c00000| Untracked 
|  45|0x0000000082d00000, 0x0000000082d00000, 0x0000000082e00000|  0%| F|  |TAMS 0x0000000082d00000, 0x0000000082d00000| Untracked 
|  46|0x0000000082e00000, 0x0000000082e00000, 0x0000000082f00000|  0%| F|  |TAMS 0x0000000082e00000, 0x0000000082e00000| Untracked 
|  47|0x0000000082f00000, 0x0000000082f00000, 0x0000000083000000|  0%| F|  |TAMS 0x0000000082f00000, 0x0000000082f00000| Untracked 
|  48|0x0000000083000000, 0x0000000083000000, 0x0000000083100000|  0%| F|  |TAMS 0x0000000083000000, 0x0000000083000000| Untracked 
|  49|0x0000000083100000, 0x0000000083100000, 0x0000000083200000|  0%| F|  |TAMS 0x0000000083100000, 0x0000000083100000| Untracked 
|  50|0x0000000083200000, 0x0000000083200000, 0x0000000083300000|  0%| F|  |TAMS 0x0000000083200000, 0x0000000083200000| Untracked 
|  51|0x0000000083300000, 0x0000000083300000, 0x0000000083400000|  0%| F|  |TAMS 0x0000000083300000, 0x0000000083300000| Untracked 
|  52|0x0000000083400000, 0x0000000083400000, 0x0000000083500000|  0%| F|  |TAMS 0x0000000083400000, 0x0000000083400000| Untracked 
|  53|0x0000000083500000, 0x0000000083500000, 0x0000000083600000|  0%| F|  |TAMS 0x0000000083500000, 0x0000000083500000| Untracked 
|  54|0x0000000083600000, 0x0000000083600000, 0x0000000083700000|  0%| F|  |TAMS 0x0000000083600000, 0x0000000083600000| Untracked 
|  55|0x0000000083700000, 0x0000000083700000, 0x0000000083800000|  0%| F|  |TAMS 0x0000000083700000, 0x0000000083700000| Untracked 
|  56|0x0000000083800000, 0x0000000083800000, 0x0000000083900000|  0%| F|  |TAMS 0x0000000083800000, 0x0000000083800000| Untracked 
|  57|0x0000000083900000, 0x0000000083900000, 0x0000000083a00000|  0%| F|  |TAMS 0x0000000083900000, 0x0000000083900000| Untracked 
|  58|0x0000000083a00000, 0x0000000083a00000, 0x0000000083b00000|  0%| F|  |TAMS 0x0000000083a00000, 0x0000000083a00000| Untracked 
|  59|0x0000000083b00000, 0x0000000083b00000, 0x0000000083c00000|  0%| F|  |TAMS 0x0000000083b00000, 0x0000000083b00000| Untracked 
|  60|0x0000000083c00000, 0x0000000083c00000, 0x0000000083d00000|  0%| F|  |TAMS 0x0000000083c00000, 0x0000000083c00000| Untracked 
|  61|0x0000000083d00000, 0x0000000083d00000, 0x0000000083e00000|  0%| F|  |TAMS 0x0000000083d00000, 0x0000000083d00000| Untracked 
|  62|0x0000000083e00000, 0x0000000083e00000, 0x0000000083f00000|  0%| F|  |TAMS 0x0000000083e00000, 0x0000000083e00000| Untracked 
|  63|0x0000000083f00000, 0x0000000083f00000, 0x0000000084000000|  0%| F|  |TAMS 0x0000000083f00000, 0x0000000083f00000| Untracked 
|  64|0x0000000084000000, 0x0000000084000000, 0x0000000084100000|  0%| F|  |TAMS 0x0000000084000000, 0x0000000084000000| Untracked 
|  65|0x0000000084100000, 0x0000000084100000, 0x0000000084200000|  0%| F|  |TAMS 0x0000000084100000, 0x0000000084100000| Untracked 
|  66|0x0000000084200000, 0x0000000084200000, 0x0000000084300000|  0%| F|  |TAMS 0x0000000084200000, 0x0000000084200000| Untracked 
|  67|0x0000000084300000, 0x0000000084300000, 0x0000000084400000|  0%| F|  |TAMS 0x0000000084300000, 0x0000000084300000| Untracked 
|  68|0x0000000084400000, 0x0000000084400000, 0x0000000084500000|  0%| F|  |TAMS 0x0000000084400000, 0x0000000084400000| Untracked 
|  69|0x0000000084500000, 0x0000000084500000, 0x0000000084600000|  0%| F|  |TAMS 0x0000000084500000, 0x0000000084500000| Untracked 
|  70|0x0000000084600000, 0x0000000084600000, 0x0000000084700000|  0%| F|  |TAMS 0x0000000084600000, 0x0000000084600000| Untracked 
|  71|0x0000000084700000, 0x0000000084700000, 0x0000000084800000|  0%| F|  |TAMS 0x0000000084700000, 0x0000000084700000| Untracked 
|  72|0x0000000084800000, 0x0000000084800000, 0x0000000084900000|  0%| F|  |TAMS 0x0000000084800000, 0x0000000084800000| Untracked 
|  73|0x0000000084900000, 0x0000000084900000, 0x0000000084a00000|  0%| F|  |TAMS 0x0000000084900000, 0x0000000084900000| Untracked 
|  74|0x0000000084a00000, 0x0000000084a00000, 0x0000000084b00000|  0%| F|  |TAMS 0x0000000084a00000, 0x0000000084a00000| Untracked 
|  75|0x0000000084b00000, 0x0000000084b00000, 0x0000000084c00000|  0%| F|  |TAMS 0x0000000084b00000, 0x0000000084b00000| Untracked 
|  76|0x0000000084c00000, 0x0000000084c00000, 0x0000000084d00000|  0%| F|  |TAMS 0x0000000084c00000, 0x0000000084c00000| Untracked 
|  77|0x0000000084d00000, 0x0000000084d00000, 0x0000000084e00000|  0%| F|  |TAMS 0x0000000084d00000, 0x0000000084d00000| Untracked 
|  78|0x0000000084e00000, 0x0000000084e00000, 0x0000000084f00000|  0%| F|  |TAMS 0x0000000084e00000, 0x0000000084e00000| Untracked 
|  79|0x0000000084f00000, 0x0000000084f00000, 0x0000000085000000|  0%| F|  |TAMS 0x0000000084f00000, 0x0000000084f00000| Untracked 
|  80|0x0000000085000000, 0x0000000085000000, 0x0000000085100000|  0%| F|  |TAMS 0x0000000085000000, 0x0000000085000000| Untracked 
|  81|0x0000000085100000, 0x0000000085100000, 0x0000000085200000|  0%| F|  |TAMS 0x0000000085100000, 0x0000000085100000| Untracked 
|  82|0x0000000085200000, 0x0000000085200000, 0x0000000085300000|  0%| F|  |TAMS 0x0000000085200000, 0x0000000085200000| Untracked 
|  83|0x0000000085300000, 0x0000000085300000, 0x0000000085400000|  0%| F|  |TAMS 0x0000000085300000, 0x0000000085300000| Untracked 
|  84|0x0000000085400000, 0x0000000085400000, 0x0000000085500000|  0%| F|  |TAMS 0x0000000085400000, 0x0000000085400000| Untracked 
|  85|0x0000000085500000, 0x0000000085500000, 0x0000000085600000|  0%| F|  |TAMS 0x0000000085500000, 0x0000000085500000| Untracked 
|  86|0x0000000085600000, 0x0000000085600000, 0x0000000085700000|  0%| F|  |TAMS 0x0000000085600000, 0x0000000085600000| Untracked 
|  87|0x0000000085700000, 0x0000000085700000, 0x0000000085800000|  0%| F|  |TAMS 0x0000000085700000, 0x0000000085700000| Untracked 
|  88|0x0000000085800000, 0x0000000085800000, 0x0000000085900000|  0%| F|  |TAMS 0x0000000085800000, 0x0000000085800000| Untracked 
|  89|0x0000000085900000, 0x0000000085900000, 0x0000000085a00000|  0%| F|  |TAMS 0x0000000085900000, 0x0000000085900000| Untracked 
|  90|0x0000000085a00000, 0x0000000085a00000, 0x0000000085b00000|  0%| F|  |TAMS 0x0000000085a00000, 0x0000000085a00000| Untracked 
|  91|0x0000000085b00000, 0x0000000085b00000, 0x0000000085c00000|  0%| F|  |TAMS 0x0000000085b00000, 0x0000000085b00000| Untracked 
|  92|0x0000000085c00000, 0x0000000085c00000, 0x0000000085d00000|  0%| F|  |TAMS 0x0000000085c00000, 0x0000000085c00000| Untracked 
|  93|0x0000000085d00000, 0x0000000085d00000, 0x0000000085e00000|  0%| F|  |TAMS 0x0000000085d00000, 0x0000000085d00000| Untracked 
|  94|0x0000000085e00000, 0x0000000085e00000, 0x0000000085f00000|  0%| F|  |TAMS 0x0000000085e00000, 0x0000000085e00000| Untracked 
|  95|0x0000000085f00000, 0x0000000085f00000, 0x0000000086000000|  0%| F|  |TAMS 0x0000000085f00000, 0x0000000085f00000| Untracked 
|  96|0x0000000086000000, 0x0000000086000000, 0x0000000086100000|  0%| F|  |TAMS 0x0000000086000000, 0x0000000086000000| Untracked 
|  97|0x0000000086100000, 0x0000000086100000, 0x0000000086200000|  0%| F|  |TAMS 0x0000000086100000, 0x0000000086100000| Untracked 
|  98|0x0000000086200000, 0x0000000086200000, 0x0000000086300000|  0%| F|  |TAMS 0x0000000086200000, 0x0000000086200000| Untracked 
|  99|0x0000000086300000, 0x0000000086300000, 0x0000000086400000|  0%| F|  |TAMS 0x0000000086300000, 0x0000000086300000| Untracked 
| 100|0x0000000086400000, 0x0000000086400000, 0x0000000086500000|  0%| F|  |TAMS 0x0000000086400000, 0x0000000086400000| Untracked 
| 101|0x0000000086500000, 0x0000000086500000, 0x0000000086600000|  0%| F|  |TAMS 0x0000000086500000, 0x0000000086500000| Untracked 
| 102|0x0000000086600000, 0x0000000086600000, 0x0000000086700000|  0%| F|  |TAMS 0x0000000086600000, 0x0000000086600000| Untracked 
| 103|0x0000000086700000, 0x0000000086700000, 0x0000000086800000|  0%| F|  |TAMS 0x0000000086700000, 0x0000000086700000| Untracked 
| 104|0x0000000086800000, 0x0000000086800000, 0x0000000086900000|  0%| F|  |TAMS 0x0000000086800000, 0x0000000086800000| Untracked 
| 105|0x0000000086900000, 0x0000000086900000, 0x0000000086a00000|  0%| F|  |TAMS 0x0000000086900000, 0x0000000086900000| Untracked 
| 106|0x0000000086a00000, 0x0000000086a00000, 0x0000000086b00000|  0%| F|  |TAMS 0x0000000086a00000, 0x0000000086a00000| Untracked 
| 107|0x0000000086b00000, 0x0000000086b00000, 0x0000000086c00000|  0%| F|  |TAMS 0x0000000086b00000, 0x0000000086b00000| Untracked 
| 108|0x0000000086c00000, 0x0000000086c00000, 0x0000000086d00000|  0%| F|  |TAMS 0x0000000086c00000, 0x0000000086c00000| Untracked 
| 109|0x0000000086d00000, 0x0000000086d00000, 0x0000000086e00000|  0%| F|  |TAMS 0x0000000086d00000, 0x0000000086d00000| Untracked 
| 110|0x0000000086e00000, 0x0000000086e00000, 0x0000000086f00000|  0%| F|  |TAMS 0x0000000086e00000, 0x0000000086e00000| Untracked 
| 111|0x0000000086f00000, 0x0000000086f00000, 0x0000000087000000|  0%| F|  |TAMS 0x0000000086f00000, 0x0000000086f00000| Untracked 
| 112|0x0000000087000000, 0x0000000087000000, 0x0000000087100000|  0%| F|  |TAMS 0x0000000087000000, 0x0000000087000000| Untracked 
| 113|0x0000000087100000, 0x0000000087100000, 0x0000000087200000|  0%| F|  |TAMS 0x0000000087100000, 0x0000000087100000| Untracked 
| 114|0x0000000087200000, 0x0000000087200000, 0x0000000087300000|  0%| F|  |TAMS 0x0000000087200000, 0x0000000087200000| Untracked 
| 115|0x0000000087300000, 0x0000000087300000, 0x0000000087400000|  0%| F|  |TAMS 0x0000000087300000, 0x0000000087300000| Untracked 
| 116|0x0000000087400000, 0x0000000087400000, 0x0000000087500000|  0%| F|  |TAMS 0x0000000087400000, 0x0000000087400000| Untracked 
| 117|0x0000000087500000, 0x0000000087500000, 0x0000000087600000|  0%| F|  |TAMS 0x0000000087500000, 0x0000000087500000| Untracked 
| 118|0x0000000087600000, 0x0000000087600000, 0x0000000087700000|  0%| F|  |TAMS 0x0000000087600000, 0x0000000087600000| Untracked 
| 119|0x0000000087700000, 0x0000000087700000, 0x0000000087800000|  0%| F|  |TAMS 0x0000000087700000, 0x0000000087700000| Untracked 
| 120|0x0000000087800000, 0x0000000087800000, 0x0000000087900000|  0%| F|  |TAMS 0x0000000087800000, 0x0000000087800000| Untracked 
| 121|0x0000000087900000, 0x0000000087900000, 0x0000000087a00000|  0%| F|  |TAMS 0x0000000087900000, 0x0000000087900000| Untracked 
| 122|0x0000000087a00000, 0x0000000087a00000, 0x0000000087b00000|  0%| F|  |TAMS 0x0000000087a00000, 0x0000000087a00000| Untracked 
| 123|0x0000000087b00000, 0x0000000087b00000, 0x0000000087c00000|  0%| F|  |TAMS 0x0000000087b00000, 0x0000000087b00000| Untracked 
| 124|0x0000000087c00000, 0x0000000087c00000, 0x0000000087d00000|  0%| F|  |TAMS 0x0000000087c00000, 0x0000000087c00000| Untracked 
| 125|0x0000000087d00000, 0x0000000087d00000, 0x0000000087e00000|  0%| F|  |TAMS 0x0000000087d00000, 0x0000000087d00000| Untracked 
| 126|0x0000000087e00000, 0x0000000087e00000, 0x0000000087f00000|  0%| F|  |TAMS 0x0000000087e00000, 0x0000000087e00000| Untracked 
| 127|0x0000000087f00000, 0x0000000087f00000, 0x0000000088000000|  0%| F|  |TAMS 0x0000000087f00000, 0x0000000087f00000| Untracked 
| 128|0x0000000088000000, 0x0000000088000000, 0x0000000088100000|  0%| F|  |TAMS 0x0000000088000000, 0x0000000088000000| Untracked 
| 129|0x0000000088100000, 0x0000000088100000, 0x0000000088200000|  0%| F|  |TAMS 0x0000000088100000, 0x0000000088100000| Untracked 
| 130|0x0000000088200000, 0x0000000088200000, 0x0000000088300000|  0%| F|  |TAMS 0x0000000088200000, 0x0000000088200000| Untracked 
| 131|0x0000000088300000, 0x0000000088300000, 0x0000000088400000|  0%| F|  |TAMS 0x0000000088300000, 0x0000000088300000| Untracked 
| 132|0x0000000088400000, 0x0000000088400000, 0x0000000088500000|  0%| F|  |TAMS 0x0000000088400000, 0x0000000088400000| Untracked 
| 133|0x0000000088500000, 0x0000000088500000, 0x0000000088600000|  0%| F|  |TAMS 0x0000000088500000, 0x0000000088500000| Untracked 
| 134|0x0000000088600000, 0x0000000088600000, 0x0000000088700000|  0%| F|  |TAMS 0x0000000088600000, 0x0000000088600000| Untracked 
| 135|0x0000000088700000, 0x0000000088700000, 0x0000000088800000|  0%| F|  |TAMS 0x0000000088700000, 0x0000000088700000| Untracked 
| 136|0x0000000088800000, 0x0000000088800000, 0x0000000088900000|  0%| F|  |TAMS 0x0000000088800000, 0x0000000088800000| Untracked 
| 137|0x0000000088900000, 0x0000000088900000, 0x0000000088a00000|  0%| F|  |TAMS 0x0000000088900000, 0x0000000088900000| Untracked 
| 138|0x0000000088a00000, 0x0000000088a00000, 0x0000000088b00000|  0%| F|  |TAMS 0x0000000088a00000, 0x0000000088a00000| Untracked 
| 139|0x0000000088b00000, 0x0000000088b00000, 0x0000000088c00000|  0%| F|  |TAMS 0x0000000088b00000, 0x0000000088b00000| Untracked 
| 140|0x0000000088c00000, 0x0000000088c00000, 0x0000000088d00000|  0%| F|  |TAMS 0x0000000088c00000, 0x0000000088c00000| Untracked 
| 141|0x0000000088d00000, 0x0000000088d00000, 0x0000000088e00000|  0%| F|  |TAMS 0x0000000088d00000, 0x0000000088d00000| Untracked 
| 142|0x0000000088e00000, 0x0000000088e00000, 0x0000000088f00000|  0%| F|  |TAMS 0x0000000088e00000, 0x0000000088e00000| Untracked 
| 143|0x0000000088f00000, 0x0000000088f00000, 0x0000000089000000|  0%| F|  |TAMS 0x0000000088f00000, 0x0000000088f00000| Untracked 
| 144|0x0000000089000000, 0x0000000089000000, 0x0000000089100000|  0%| F|  |TAMS 0x0000000089000000, 0x0000000089000000| Untracked 
| 145|0x0000000089100000, 0x0000000089100000, 0x0000000089200000|  0%| F|  |TAMS 0x0000000089100000, 0x0000000089100000| Untracked 
| 146|0x0000000089200000, 0x0000000089200000, 0x0000000089300000|  0%| F|  |TAMS 0x0000000089200000, 0x0000000089200000| Untracked 
| 147|0x0000000089300000, 0x0000000089300000, 0x0000000089400000|  0%| F|  |TAMS 0x0000000089300000, 0x0000000089300000| Untracked 
| 148|0x0000000089400000, 0x0000000089400000, 0x0000000089500000|  0%| F|  |TAMS 0x0000000089400000, 0x0000000089400000| Untracked 
| 149|0x0000000089500000, 0x00000000895b60a0, 0x0000000089600000| 71%| S|CS|TAMS 0x0000000089500000, 0x0000000089500000| Complete 
| 150|0x0000000089600000, 0x0000000089700000, 0x0000000089700000|100%| S|CS|TAMS 0x0000000089600000, 0x0000000089600000| Complete 
| 151|0x0000000089700000, 0x0000000089800000, 0x0000000089800000|100%| S|CS|TAMS 0x0000000089700000, 0x0000000089700000| Complete 
| 152|0x0000000089800000, 0x0000000089900000, 0x0000000089900000|100%| S|CS|TAMS 0x0000000089800000, 0x0000000089800000| Complete 
| 153|0x0000000089900000, 0x0000000089a00000, 0x0000000089a00000|100%| S|CS|TAMS 0x0000000089900000, 0x0000000089900000| Complete 
| 154|0x0000000089a00000, 0x0000000089b00000, 0x0000000089b00000|100%| S|CS|TAMS 0x0000000089a00000, 0x0000000089a00000| Complete 
| 155|0x0000000089b00000, 0x0000000089c00000, 0x0000000089c00000|100%| S|CS|TAMS 0x0000000089b00000, 0x0000000089b00000| Complete 
| 156|0x0000000089c00000, 0x0000000089d00000, 0x0000000089d00000|100%| S|CS|TAMS 0x0000000089c00000, 0x0000000089c00000| Complete 
| 157|0x0000000089d00000, 0x0000000089e00000, 0x0000000089e00000|100%| S|CS|TAMS 0x0000000089d00000, 0x0000000089d00000| Complete 
| 158|0x0000000089e00000, 0x0000000089f00000, 0x0000000089f00000|100%| S|CS|TAMS 0x0000000089e00000, 0x0000000089e00000| Complete 
| 159|0x0000000089f00000, 0x000000008a000000, 0x000000008a000000|100%| S|CS|TAMS 0x0000000089f00000, 0x0000000089f00000| Complete 
| 160|0x000000008a000000, 0x000000008a000000, 0x000000008a100000|  0%| F|  |TAMS 0x000000008a000000, 0x000000008a000000| Untracked 
| 161|0x000000008a100000, 0x000000008a100000, 0x000000008a200000|  0%| F|  |TAMS 0x000000008a100000, 0x000000008a100000| Untracked 
| 162|0x000000008a200000, 0x000000008a200000, 0x000000008a300000|  0%| F|  |TAMS 0x000000008a200000, 0x000000008a200000| Untracked 
| 163|0x000000008a300000, 0x000000008a300000, 0x000000008a400000|  0%| F|  |TAMS 0x000000008a300000, 0x000000008a300000| Untracked 
| 164|0x000000008a400000, 0x000000008a400000, 0x000000008a500000|  0%| F|  |TAMS 0x000000008a400000, 0x000000008a400000| Untracked 
| 165|0x000000008a500000, 0x000000008a500000, 0x000000008a600000|  0%| F|  |TAMS 0x000000008a500000, 0x000000008a500000| Untracked 
| 166|0x000000008a600000, 0x000000008a600000, 0x000000008a700000|  0%| F|  |TAMS 0x000000008a600000, 0x000000008a600000| Untracked 
| 167|0x000000008a700000, 0x000000008a700000, 0x000000008a800000|  0%| F|  |TAMS 0x000000008a700000, 0x000000008a700000| Untracked 
| 168|0x000000008a800000, 0x000000008a800000, 0x000000008a900000|  0%| F|  |TAMS 0x000000008a800000, 0x000000008a800000| Untracked 
| 169|0x000000008a900000, 0x000000008a900000, 0x000000008aa00000|  0%| F|  |TAMS 0x000000008a900000, 0x000000008a900000| Untracked 
| 170|0x000000008aa00000, 0x000000008aa00000, 0x000000008ab00000|  0%| F|  |TAMS 0x000000008aa00000, 0x000000008aa00000| Untracked 
| 171|0x000000008ab00000, 0x000000008ab00000, 0x000000008ac00000|  0%| F|  |TAMS 0x000000008ab00000, 0x000000008ab00000| Untracked 
| 172|0x000000008ac00000, 0x000000008ac00000, 0x000000008ad00000|  0%| F|  |TAMS 0x000000008ac00000, 0x000000008ac00000| Untracked 
| 173|0x000000008ad00000, 0x000000008ad00000, 0x000000008ae00000|  0%| F|  |TAMS 0x000000008ad00000, 0x000000008ad00000| Untracked 
| 174|0x000000008ae00000, 0x000000008ae00000, 0x000000008af00000|  0%| F|  |TAMS 0x000000008ae00000, 0x000000008ae00000| Untracked 
| 175|0x000000008af00000, 0x000000008af00000, 0x000000008b000000|  0%| F|  |TAMS 0x000000008af00000, 0x000000008af00000| Untracked 
| 176|0x000000008b000000, 0x000000008b000000, 0x000000008b100000|  0%| F|  |TAMS 0x000000008b000000, 0x000000008b000000| Untracked 
| 177|0x000000008b100000, 0x000000008b100000, 0x000000008b200000|  0%| F|  |TAMS 0x000000008b100000, 0x000000008b100000| Untracked 
| 178|0x000000008b200000, 0x000000008b200000, 0x000000008b300000|  0%| F|  |TAMS 0x000000008b200000, 0x000000008b200000| Untracked 
| 179|0x000000008b300000, 0x000000008b300000, 0x000000008b400000|  0%| F|  |TAMS 0x000000008b300000, 0x000000008b300000| Untracked 
| 180|0x000000008b400000, 0x000000008b400000, 0x000000008b500000|  0%| F|  |TAMS 0x000000008b400000, 0x000000008b400000| Untracked 
| 181|0x000000008b500000, 0x000000008b500000, 0x000000008b600000|  0%| F|  |TAMS 0x000000008b500000, 0x000000008b500000| Untracked 
| 182|0x000000008b600000, 0x000000008b600000, 0x000000008b700000|  0%| F|  |TAMS 0x000000008b600000, 0x000000008b600000| Untracked 
| 183|0x000000008b700000, 0x000000008b700000, 0x000000008b800000|  0%| F|  |TAMS 0x000000008b700000, 0x000000008b700000| Untracked 
| 184|0x000000008b800000, 0x000000008b800000, 0x000000008b900000|  0%| F|  |TAMS 0x000000008b800000, 0x000000008b800000| Untracked 
| 185|0x000000008b900000, 0x000000008b900000, 0x000000008ba00000|  0%| F|  |TAMS 0x000000008b900000, 0x000000008b900000| Untracked 
| 186|0x000000008ba00000, 0x000000008ba00000, 0x000000008bb00000|  0%| F|  |TAMS 0x000000008ba00000, 0x000000008ba00000| Untracked 
| 187|0x000000008bb00000, 0x000000008bb00000, 0x000000008bc00000|  0%| F|  |TAMS 0x000000008bb00000, 0x000000008bb00000| Untracked 
| 188|0x000000008bc00000, 0x000000008bc00000, 0x000000008bd00000|  0%| F|  |TAMS 0x000000008bc00000, 0x000000008bc00000| Untracked 
| 189|0x000000008bd00000, 0x000000008bd00000, 0x000000008be00000|  0%| F|  |TAMS 0x000000008bd00000, 0x000000008bd00000| Untracked 
| 190|0x000000008be00000, 0x000000008be00000, 0x000000008bf00000|  0%| F|  |TAMS 0x000000008be00000, 0x000000008be00000| Untracked 
| 191|0x000000008bf00000, 0x000000008bf00000, 0x000000008c000000|  0%| F|  |TAMS 0x000000008bf00000, 0x000000008bf00000| Untracked 
| 192|0x000000008c000000, 0x000000008c000000, 0x000000008c100000|  0%| F|  |TAMS 0x000000008c000000, 0x000000008c000000| Untracked 
| 193|0x000000008c100000, 0x000000008c100000, 0x000000008c200000|  0%| F|  |TAMS 0x000000008c100000, 0x000000008c100000| Untracked 
| 194|0x000000008c200000, 0x000000008c200000, 0x000000008c300000|  0%| F|  |TAMS 0x000000008c200000, 0x000000008c200000| Untracked 
| 195|0x000000008c300000, 0x000000008c300000, 0x000000008c400000|  0%| F|  |TAMS 0x000000008c300000, 0x000000008c300000| Untracked 
| 196|0x000000008c400000, 0x000000008c400000, 0x000000008c500000|  0%| F|  |TAMS 0x000000008c400000, 0x000000008c400000| Untracked 
| 197|0x000000008c500000, 0x000000008c500000, 0x000000008c600000|  0%| F|  |TAMS 0x000000008c500000, 0x000000008c500000| Untracked 
| 198|0x000000008c600000, 0x000000008c600000, 0x000000008c700000|  0%| F|  |TAMS 0x000000008c600000, 0x000000008c600000| Untracked 
| 199|0x000000008c700000, 0x000000008c700000, 0x000000008c800000|  0%| F|  |TAMS 0x000000008c700000, 0x000000008c700000| Untracked 
| 200|0x000000008c800000, 0x000000008c800000, 0x000000008c900000|  0%| F|  |TAMS 0x000000008c800000, 0x000000008c800000| Untracked 
| 201|0x000000008c900000, 0x000000008c900000, 0x000000008ca00000|  0%| F|  |TAMS 0x000000008c900000, 0x000000008c900000| Untracked 
| 202|0x000000008ca00000, 0x000000008ca00000, 0x000000008cb00000|  0%| F|  |TAMS 0x000000008ca00000, 0x000000008ca00000| Untracked 
| 203|0x000000008cb00000, 0x000000008cb00000, 0x000000008cc00000|  0%| F|  |TAMS 0x000000008cb00000, 0x000000008cb00000| Untracked 
| 204|0x000000008cc00000, 0x000000008cc00000, 0x000000008cd00000|  0%| F|  |TAMS 0x000000008cc00000, 0x000000008cc00000| Untracked 
| 205|0x000000008cd00000, 0x000000008cd00000, 0x000000008ce00000|  0%| F|  |TAMS 0x000000008cd00000, 0x000000008cd00000| Untracked 
| 206|0x000000008ce00000, 0x000000008ce00000, 0x000000008cf00000|  0%| F|  |TAMS 0x000000008ce00000, 0x000000008ce00000| Untracked 
| 207|0x000000008cf00000, 0x000000008cf00000, 0x000000008d000000|  0%| F|  |TAMS 0x000000008cf00000, 0x000000008cf00000| Untracked 
| 208|0x000000008d000000, 0x000000008d000000, 0x000000008d100000|  0%| F|  |TAMS 0x000000008d000000, 0x000000008d000000| Untracked 
| 209|0x000000008d100000, 0x000000008d100000, 0x000000008d200000|  0%| F|  |TAMS 0x000000008d100000, 0x000000008d100000| Untracked 
| 210|0x000000008d200000, 0x000000008d200000, 0x000000008d300000|  0%| F|  |TAMS 0x000000008d200000, 0x000000008d200000| Untracked 
| 211|0x000000008d300000, 0x000000008d300000, 0x000000008d400000|  0%| F|  |TAMS 0x000000008d300000, 0x000000008d300000| Untracked 
| 212|0x000000008d400000, 0x000000008d400000, 0x000000008d500000|  0%| F|  |TAMS 0x000000008d400000, 0x000000008d400000| Untracked 
| 213|0x000000008d500000, 0x000000008d500000, 0x000000008d600000|  0%| F|  |TAMS 0x000000008d500000, 0x000000008d500000| Untracked 
| 214|0x000000008d600000, 0x000000008d600000, 0x000000008d700000|  0%| F|  |TAMS 0x000000008d600000, 0x000000008d600000| Untracked 
| 215|0x000000008d700000, 0x000000008d700000, 0x000000008d800000|  0%| F|  |TAMS 0x000000008d700000, 0x000000008d700000| Untracked 
| 216|0x000000008d800000, 0x000000008d800000, 0x000000008d900000|  0%| F|  |TAMS 0x000000008d800000, 0x000000008d800000| Untracked 
| 217|0x000000008d900000, 0x000000008d900000, 0x000000008da00000|  0%| F|  |TAMS 0x000000008d900000, 0x000000008d900000| Untracked 
| 218|0x000000008da00000, 0x000000008da00000, 0x000000008db00000|  0%| F|  |TAMS 0x000000008da00000, 0x000000008da00000| Untracked 
| 219|0x000000008db00000, 0x000000008db00000, 0x000000008dc00000|  0%| F|  |TAMS 0x000000008db00000, 0x000000008db00000| Untracked 
| 220|0x000000008dc00000, 0x000000008dc00000, 0x000000008dd00000|  0%| F|  |TAMS 0x000000008dc00000, 0x000000008dc00000| Untracked 
| 221|0x000000008dd00000, 0x000000008dd00000, 0x000000008de00000|  0%| F|  |TAMS 0x000000008dd00000, 0x000000008dd00000| Untracked 
| 222|0x000000008de00000, 0x000000008de00000, 0x000000008df00000|  0%| F|  |TAMS 0x000000008de00000, 0x000000008de00000| Untracked 
| 223|0x000000008df00000, 0x000000008df00000, 0x000000008e000000|  0%| F|  |TAMS 0x000000008df00000, 0x000000008df00000| Untracked 
| 224|0x000000008e000000, 0x000000008e0750a0, 0x000000008e100000| 45%| E|  |TAMS 0x000000008e000000, 0x000000008e000000| Complete 
| 225|0x000000008e100000, 0x000000008e200000, 0x000000008e200000|100%| E|CS|TAMS 0x000000008e100000, 0x000000008e100000| Complete 
| 226|0x000000008e200000, 0x000000008e300000, 0x000000008e300000|100%| E|CS|TAMS 0x000000008e200000, 0x000000008e200000| Complete 
| 227|0x000000008e300000, 0x000000008e400000, 0x000000008e400000|100%| E|CS|TAMS 0x000000008e300000, 0x000000008e300000| Complete 
| 228|0x000000008e400000, 0x000000008e500000, 0x000000008e500000|100%| E|CS|TAMS 0x000000008e400000, 0x000000008e400000| Complete 
| 229|0x000000008e500000, 0x000000008e600000, 0x000000008e600000|100%| E|CS|TAMS 0x000000008e500000, 0x000000008e500000| Complete 
| 230|0x000000008e600000, 0x000000008e700000, 0x000000008e700000|100%| E|CS|TAMS 0x000000008e600000, 0x000000008e600000| Complete 
| 231|0x000000008e700000, 0x000000008e800000, 0x000000008e800000|100%| E|CS|TAMS 0x000000008e700000, 0x000000008e700000| Complete 
| 232|0x000000008e800000, 0x000000008e900000, 0x000000008e900000|100%| E|CS|TAMS 0x000000008e800000, 0x000000008e800000| Complete 
| 233|0x000000008e900000, 0x000000008ea00000, 0x000000008ea00000|100%| E|CS|TAMS 0x000000008e900000, 0x000000008e900000| Complete 
| 234|0x000000008ea00000, 0x000000008eb00000, 0x000000008eb00000|100%| E|CS|TAMS 0x000000008ea00000, 0x000000008ea00000| Complete 
| 235|0x000000008eb00000, 0x000000008ec00000, 0x000000008ec00000|100%| E|CS|TAMS 0x000000008eb00000, 0x000000008eb00000| Complete 
| 236|0x000000008ec00000, 0x000000008ed00000, 0x000000008ed00000|100%| E|CS|TAMS 0x000000008ec00000, 0x000000008ec00000| Complete 
| 237|0x000000008ed00000, 0x000000008ee00000, 0x000000008ee00000|100%| E|CS|TAMS 0x000000008ed00000, 0x000000008ed00000| Complete 
| 238|0x000000008ee00000, 0x000000008ef00000, 0x000000008ef00000|100%| E|CS|TAMS 0x000000008ee00000, 0x000000008ee00000| Complete 
| 239|0x000000008ef00000, 0x000000008f000000, 0x000000008f000000|100%| E|CS|TAMS 0x000000008ef00000, 0x000000008ef00000| Complete 
| 240|0x000000008f000000, 0x000000008f100000, 0x000000008f100000|100%| E|CS|TAMS 0x000000008f000000, 0x000000008f000000| Complete 
| 241|0x000000008f100000, 0x000000008f200000, 0x000000008f200000|100%| E|CS|TAMS 0x000000008f100000, 0x000000008f100000| Complete 
| 242|0x000000008f200000, 0x000000008f300000, 0x000000008f300000|100%| E|CS|TAMS 0x000000008f200000, 0x000000008f200000| Complete 
| 243|0x000000008f300000, 0x000000008f400000, 0x000000008f400000|100%| E|CS|TAMS 0x000000008f300000, 0x000000008f300000| Complete 
| 244|0x000000008f400000, 0x000000008f500000, 0x000000008f500000|100%| E|CS|TAMS 0x000000008f400000, 0x000000008f400000| Complete 
| 245|0x000000008f500000, 0x000000008f600000, 0x000000008f600000|100%| E|CS|TAMS 0x000000008f500000, 0x000000008f500000| Complete 
| 246|0x000000008f600000, 0x000000008f700000, 0x000000008f700000|100%| E|CS|TAMS 0x000000008f600000, 0x000000008f600000| Complete 
| 247|0x000000008f700000, 0x000000008f800000, 0x000000008f800000|100%| E|CS|TAMS 0x000000008f700000, 0x000000008f700000| Complete 
| 248|0x000000008f800000, 0x000000008f900000, 0x000000008f900000|100%| E|CS|TAMS 0x000000008f800000, 0x000000008f800000| Complete 
| 249|0x000000008f900000, 0x000000008fa00000, 0x000000008fa00000|100%| E|CS|TAMS 0x000000008f900000, 0x000000008f900000| Complete 
| 250|0x000000008fa00000, 0x000000008fb00000, 0x000000008fb00000|100%| E|CS|TAMS 0x000000008fa00000, 0x000000008fa00000| Complete 
| 251|0x000000008fb00000, 0x000000008fc00000, 0x000000008fc00000|100%| E|CS|TAMS 0x000000008fb00000, 0x000000008fb00000| Complete 
| 252|0x000000008fc00000, 0x000000008fd00000, 0x000000008fd00000|100%| E|CS|TAMS 0x000000008fc00000, 0x000000008fc00000| Complete 
| 253|0x000000008fd00000, 0x000000008fe00000, 0x000000008fe00000|100%| E|CS|TAMS 0x000000008fd00000, 0x000000008fd00000| Complete 
| 254|0x000000008fe00000, 0x000000008ff00000, 0x000000008ff00000|100%| E|CS|TAMS 0x000000008fe00000, 0x000000008fe00000| Complete 
| 255|0x000000008ff00000, 0x0000000090000000, 0x0000000090000000|100%| E|CS|TAMS 0x000000008ff00000, 0x000000008ff00000| Complete 

Card table byte_map: [0x000001a7f7c50000,0x000001a7f8050000] _byte_map_base: 0x000001a7f7850000

Marking Bits (Prev, Next): (CMBitMap*) 0x000001a7dfde5dc0, (CMBitMap*) 0x000001a7dfde5d88
 Prev Bits: [0x000001a7fa450000, 0x000001a7fc450000)
 Next Bits: [0x000001a7f8450000, 0x000001a7fa450000)

Polling page: 0x000001a7df580000

Metaspace:

Usage:
  Non-class:     20.77 MB capacity,    20.44 MB ( 98%) used,   299.91 KB (  1%) free+waste,    45.38 KB ( <1%) overhead. 
      Class:      3.14 MB capacity,     2.94 MB ( 93%) used,   188.13 KB (  6%) free+waste,    22.75 KB ( <1%) overhead. 
       Both:     23.92 MB capacity,    23.37 MB ( 98%) used,   488.03 KB (  2%) free+waste,    68.13 KB ( <1%) overhead. 

Virtual space:
  Non-class space:       22.00 MB reserved,      20.92 MB ( 95%) committed 
      Class space:      504.00 MB reserved,       3.25 MB ( <1%) committed 
             Both:      526.00 MB reserved,      24.17 MB (  5%) committed 

Chunk freelists:
   Non-Class:  23.00 KB
       Class:  15.00 KB
        Both:  38.00 KB

MaxMetaspaceSize: 512.00 MB
CompressedClassSpaceSize: 504.00 MB
Initial GC threshold: 20.80 MB
Current GC threshold: 35.08 MB
CDS: off

CodeHeap 'non-profiled nmethods': size=120000Kb used=1156Kb max_used=1156Kb free=118843Kb
 bounds [0x000001a7efff0000, 0x000001a7f0260000, 0x000001a7f7520000]
CodeHeap 'profiled nmethods': size=120000Kb used=4469Kb max_used=4469Kb free=115531Kb
 bounds [0x000001a7e8ac0000, 0x000001a7e8f20000, 0x000001a7efff0000]
CodeHeap 'non-nmethods': size=5760Kb used=1226Kb max_used=1252Kb free=4533Kb
 bounds [0x000001a7e8520000, 0x000001a7e8790000, 0x000001a7e8ac0000]
 total_blobs=2645 nmethods=2141 adapters=416
 compilation: enabled
              stopped_count=0, restarted_count=0
 full_count=0

Compilation events (20 events):
Event: 2.582 Thread 0x000001a7ff75d000 2119       3       java.lang.invoke.LambdaForm::forceInterpretation (14 bytes)
Event: 2.582 Thread 0x000001a7ff75d000 nmethod 2119 0x000001a7e8f14490 code [0x000001a7e8f14640, 0x000001a7e8f14798]
Event: 2.582 Thread 0x000001a7ff75d000 2122       3       jdk.internal.org.objectweb.asm.ClassWriter::addType (103 bytes)
Event: 2.583 Thread 0x000001a7ff75d000 nmethod 2122 0x000001a7e8f14810 code [0x000001a7e8f14a20, 0x000001a7e8f150e8]
Event: 2.585 Thread 0x000001a7ff75d000 2123       3       org.objectweb.asm.Frame::push (109 bytes)
Event: 2.586 Thread 0x000001a7ff75d000 nmethod 2123 0x000001a7e8f15310 code [0x000001a7e8f15500, 0x000001a7e8f15a68]
Event: 2.588 Thread 0x000001a7ff75d000 2125       3       org.objectweb.asm.ByteVector::put12 (64 bytes)
Event: 2.588 Thread 0x000001a7ff75d000 nmethod 2125 0x000001a7e8f15c10 code [0x000001a7e8f15de0, 0x000001a7e8f16008]
Event: 2.588 Thread 0x000001a7ff75d000 2126       3       org.objectweb.asm.SymbolTable::addConstantUtf8 (98 bytes)
Event: 2.589 Thread 0x000001a7ff75d000 nmethod 2126 0x000001a7e8f16190 code [0x000001a7e8f163e0, 0x000001a7e8f16a78]
Event: 2.589 Thread 0x000001a7ff75d000 2127       3       org.objectweb.asm.SymbolTable::addType (81 bytes)
Event: 2.589 Thread 0x000001a7ff75d000 nmethod 2127 0x000001a7e8f16e10 code [0x000001a7e8f17040, 0x000001a7e8f17618]
Event: 2.589 Thread 0x000001a7ff75d000 2128       3       org.objectweb.asm.Type::getInternalName (16 bytes)
Event: 2.589 Thread 0x000001a7ff75d000 nmethod 2128 0x000001a7e8f17910 code [0x000001a7e8f17ac0, 0x000001a7e8f17c08]
Event: 2.589 Thread 0x000001a7ff75d000 2129       3       org.objectweb.asm.Frame::pop (44 bytes)
Event: 2.589 Thread 0x000001a7ff75d000 nmethod 2129 0x000001a7e8f17d10 code [0x000001a7e8f17ec0, 0x000001a7e8f18038]
Event: 2.589 Thread 0x000001a7ff75d000 2130       3       org.objectweb.asm.MethodVisitor::visitVarInsn (17 bytes)
Event: 2.590 Thread 0x000001a7ff75d000 nmethod 2130 0x000001a7e8f18110 code [0x000001a7e8f182c0, 0x000001a7e8f184a8]
Event: 2.590 Thread 0x000001a7ff75d000 2131       3       org.objectweb.asm.MethodWriter::visitVarInsn (302 bytes)
Event: 2.590 Thread 0x000001a7ff75d000 nmethod 2131 0x000001a7e8f18590 code [0x000001a7e8f18800, 0x000001a7e8f19208]

GC Heap History (4 events):
Event: 0.632 GC heap before
{Heap before GC invocations=0 (full 0):
 garbage-first heap   total 262144K, used 29696K [0x0000000080000000, 0x0000000100000000)
  region size 1024K, 24 young (24576K), 0 survivors (0K)
 Metaspace       used 9752K, capacity 9968K, committed 10112K, reserved 526336K
  class space    used 991K, capacity 1069K, committed 1152K, reserved 516096K
}
Event: 0.635 GC heap after
{Heap after GC invocations=1 (full 0):
 garbage-first heap   total 262144K, used 9420K [0x0000000080000000, 0x0000000100000000)
  region size 1024K, 3 young (3072K), 3 survivors (3072K)
 Metaspace       used 9752K, capacity 9968K, committed 10112K, reserved 526336K
  class space    used 991K, capacity 1069K, committed 1152K, reserved 516096K
}
Event: 2.286 GC heap before
{Heap before GC invocations=1 (full 0):
 garbage-first heap   total 262144K, used 104652K [0x0000000080000000, 0x0000000100000000)
  region size 1024K, 96 young (98304K), 3 survivors (3072K)
 Metaspace       used 20672K, capacity 21137K, committed 21296K, reserved 536576K
  class space    used 2475K, capacity 2626K, committed 2688K, reserved 516096K
}
Event: 2.294 GC heap after
{Heap after GC invocations=2 (full 0):
 garbage-first heap   total 262144K, used 17316K [0x0000000080000000, 0x0000000100000000)
  region size 1024K, 11 young (11264K), 11 survivors (11264K)
 Metaspace       used 20672K, capacity 21137K, committed 21296K, reserved 536576K
  class space    used 2475K, capacity 2626K, committed 2688K, reserved 516096K
}

Deoptimization events (20 events):
Event: 2.177 Thread 0x000001a781c34800 Uncommon trap: trap_request=0xffffffc6 fr.pc=0x000001a7f0076b54 relative=0x0000000000000114
Event: 2.177 Thread 0x000001a781c34800 Uncommon trap: reason=bimorphic_or_optimized_type_check action=maybe_recompile pc=0x000001a7f0076b54 method=java.util.AbstractList$Itr.next()Ljava/lang/Object; @ 14 c2
Event: 2.177 Thread 0x000001a781c34800 DEOPT PACKING pc=0x000001a7f0076b54 sp=0x00000094b4efc600
Event: 2.177 Thread 0x000001a781c34800 DEOPT UNPACKING pc=0x000001a7e856a1af sp=0x00000094b4efc598 mode 2
Event: 2.177 Thread 0x000001a781c34800 Uncommon trap: trap_request=0xffffff4d fr.pc=0x000001a7f006985c relative=0x000000000000051c
Event: 2.177 Thread 0x000001a781c34800 Uncommon trap: reason=unstable_if action=reinterpret pc=0x000001a7f006985c method=java.io.File.getName()Ljava/lang/String; @ 16 c2
Event: 2.177 Thread 0x000001a781c34800 DEOPT PACKING pc=0x000001a7f006985c sp=0x00000094b4efd040
Event: 2.177 Thread 0x000001a781c34800 DEOPT UNPACKING pc=0x000001a7e856a1af sp=0x00000094b4efd010 mode 2
Event: 2.177 Thread 0x000001a781c34800 Uncommon trap: trap_request=0xffffff4d fr.pc=0x000001a7f0066db4 relative=0x0000000000000474
Event: 2.177 Thread 0x000001a781c34800 Uncommon trap: reason=unstable_if action=reinterpret pc=0x000001a7f0066db4 method=java.lang.String.substring(I)Ljava/lang/String; @ 34 c2
Event: 2.177 Thread 0x000001a781c34800 DEOPT PACKING pc=0x000001a7f0066db4 sp=0x00000094b4efcfc0
Event: 2.177 Thread 0x000001a781c34800 DEOPT UNPACKING pc=0x000001a7e856a1af sp=0x00000094b4efcf98 mode 2
Event: 2.218 Thread 0x000001a781c34800 Uncommon trap: trap_request=0xffffffcc fr.pc=0x000001a7f00ed574 relative=0x00000000000002b4
Event: 2.218 Thread 0x000001a781c34800 Uncommon trap: reason=intrinsic_or_type_checked_inlining action=make_not_entrant pc=0x000001a7f00ed574 method=java.util.Arrays.copyOf([Ljava/lang/Object;ILjava/lang/Class;)[Ljava/lang/Object; @ 35 c2
Event: 2.218 Thread 0x000001a781c34800 DEOPT PACKING pc=0x000001a7f00ed574 sp=0x00000094b4efd950
Event: 2.219 Thread 0x000001a781c34800 DEOPT UNPACKING pc=0x000001a7e856a1af sp=0x00000094b4efd8f8 mode 2
Event: 2.502 Thread 0x000001a781c34800 Uncommon trap: trap_request=0xffffff4d fr.pc=0x000001a7f004707c relative=0x000000000000023c
Event: 2.502 Thread 0x000001a781c34800 Uncommon trap: reason=unstable_if action=reinterpret pc=0x000001a7f004707c method=java.util.concurrent.ConcurrentHashMap.get(Ljava/lang/Object;)Ljava/lang/Object; @ 76 c2
Event: 2.502 Thread 0x000001a781c34800 DEOPT PACKING pc=0x000001a7f004707c sp=0x00000094b4ef8ce0
Event: 2.502 Thread 0x000001a781c34800 DEOPT UNPACKING pc=0x000001a7e856a1af sp=0x00000094b4ef8c48 mode 2

Classes redefined (0 events):
No events

Internal exceptions (20 events):
Event: 1.617 Thread 0x000001a7dfda1000 Exception <a 'java/lang/NoSuchMethodError'{0x000000008c5b3570}: 'java.lang.Object java.lang.invoke.DirectMethodHandle$Holder.invokeStaticInit(java.lang.Object, java.lang.Object, int, int, int, int)'> (0x000000008c5b3570) thrown at [./src/hotspot/share/interpreter/linkResolver.cpp, line 773]
Event: 1.883 Thread 0x000001a7dfda1000 Exception <a 'java/io/IOException'{0x000000008c213b00}> (0x000000008c213b00) thrown at [./src/hotspot/share/prims/jni.cpp, line 617]
Event: 1.990 Thread 0x000001a781c34800 Exception <a 'java/lang/NoSuchMethodError'{0x000000008bdfbf18}: 'long java.lang.invoke.DirectMethodHandle$Holder.invokeInterface(java.lang.Object, java.lang.Object)'> (0x000000008bdfbf18) thrown at [./src/hotspot/share/interpreter/linkResolver.cpp, line 773]
Event: 1.991 Thread 0x000001a781c34800 Exception <a 'java/lang/NoSuchMethodError'{0x000000008bc09778}: 'void java.lang.invoke.DelegatingMethodHandle$Holder.reinvoke_L(java.lang.Object, java.lang.Object, java.lang.Object, java.lang.Object, java.lang.Object, java.lang.Object, java.lang.Object)'> (0x000000008bc09778) thrown at [./src/hotspot/share/interpreter/linkResolver.cpp, line 773]
Event: 2.061 Thread 0x000001a781c34800 Exception <a 'java/lang/NoSuchMethodError'{0x000000008b42d8d8}: 'void java.lang.invoke.DirectMethodHandle$Holder.invokeStaticInit(java.lang.Object)'> (0x000000008b42d8d8) thrown at [./src/hotspot/share/interpreter/linkResolver.cpp, line 773]
Event: 2.073 Thread 0x000001a781c34800 Exception <a 'java/lang/NoSuchMethodError'{0x000000008b4e8f50}: 'java.lang.Object java.lang.invoke.DirectMethodHandle$Holder.invokeStatic(java.lang.Object, java.lang.Object, java.lang.Object, int)'> (0x000000008b4e8f50) thrown at [./src/hotspot/share/interpreter/linkResolver.cpp, line 773]
Event: 2.073 Thread 0x000001a781c34800 Exception <a 'java/lang/NoSuchMethodError'{0x000000008b4ed118}: 'java.lang.Object java.lang.invoke.DirectMethodHandle$Holder.invokeSpecial(java.lang.Object, java.lang.Object, java.lang.Object, java.lang.Object, int)'> (0x000000008b4ed118) thrown at [./src/hotspot/share/interpreter/linkResolver.cpp, line 773]
Event: 2.073 Thread 0x000001a781c34800 Exception <a 'java/lang/NoSuchMethodError'{0x000000008b4f0b00}: 'java.lang.Object java.lang.invoke.Invokers$Holder.linkToTargetMethod(java.lang.Object, java.lang.Object, int, java.lang.Object)'> (0x000000008b4f0b00) thrown at [./src/hotspot/share/interpreter/linkResolver.cpp, line 773]
Event: 2.195 Thread 0x000001a781c34800 Exception <a 'java/lang/NoSuchMethodError'{0x000000008aa84be8}: 'java.lang.Object java.lang.invoke.Invokers$Holder.linkToTargetMethod(java.lang.Object, java.lang.Object, java.lang.Object, java.lang.Object, java.lang.Object, java.lang.Object)'> (0x000000008aa84be8) thrown at [./src/hotspot/share/interpreter/linkResolver.cpp, line 773]
Event: 2.302 Thread 0x000001a781c34800 Exception <a 'java/lang/NoSuchMethodError'{0x000000008ff7a4d0}: 'int java.lang.invoke.DirectMethodHandle$Holder.invokeSpecialIFC(java.lang.Object, java.lang.Object, java.lang.Object, java.lang.Object)'> (0x000000008ff7a4d0) thrown at [./src/hotspot/share/interpreter/linkResolver.cpp, line 773]
Event: 2.304 Thread 0x000001a781c34800 Exception <a 'java/lang/NoSuchMethodError'{0x000000008ff88488}: 'java.lang.Object java.lang.invoke.DirectMethodHandle$Holder.invokeInterface(java.lang.Object, java.lang.Object, java.lang.Object)'> (0x000000008ff88488) thrown at [./src/hotspot/share/interpreter/linkResolver.cpp, line 773]
Event: 2.304 Thread 0x000001a781c34800 Exception <a 'java/lang/IncompatibleClassChangeError'{0x000000008ff8b960}: Found class java.lang.Object, but interface was expected> (0x000000008ff8b960) thrown at [./src/hotspot/share/interpreter/linkResolver.cpp, line 839]
Event: 2.386 Thread 0x000001a781c34800 Exception <a 'java/lang/NoSuchMethodError'{0x000000008f791db8}: 'void java.lang.invoke.DirectMethodHandle$Holder.invokeSpecial(java.lang.Object, java.lang.Object, java.lang.Object, java.lang.Object, java.lang.Object)'> (0x000000008f791db8) thrown at [./src/hotspot/share/interpreter/linkResolver.cpp, line 773]
Event: 2.404 Thread 0x000001a781c34800 Exception <a 'java/lang/NoSuchMethodError'{0x000000008f5f6c30}: 'java.lang.Object java.lang.invoke.DirectMethodHandle$Holder.invokeSpecial(java.lang.Object, java.lang.Object, java.lang.Object, java.lang.Object, java.lang.Object, java.lang.Object, java.lang.Object, java.lang.Object, java.lang.Object)'> (0x000000008f5f6c30) thrown at [./src/hotspot/share/interpreter/linkResolver.cpp, line 773]
Event: 2.456 Thread 0x000001a781c34800 Exception <a 'java/lang/NoSuchMethodError'{0x000000008ea64488}: 'java.lang.Object java.lang.invoke.DirectMethodHandle$Holder.invokeVirtual(java.lang.Object, java.lang.Object, java.lang.Object, java.lang.Object)'> (0x000000008ea64488) thrown at [./src/hotspot/share/interpreter/linkResolver.cpp, line 773]
Event: 2.562 Thread 0x000001a781c34800 Exception <a 'java/lang/NoSuchMethodError'{0x000000008e4e94c0}: 'void java.lang.invoke.DirectMethodHandle$Holder.invokeSpecial(java.lang.Object, java.lang.Object, java.lang.Object, java.lang.Object, java.lang.Object, java.lang.Object)'> (0x000000008e4e94c0) thrown at [./src/hotspot/share/interpreter/linkResolver.cpp, line 773]
Event: 2.564 Thread 0x000001a781c34800 Exception <a 'java/lang/NoSuchMethodError'{0x000000008e317de8}: 'java.lang.Object java.lang.invoke.DirectMethodHandle$Holder.invokeSpecial(java.lang.Object, java.lang.Object, java.lang.Object, java.lang.Object, java.lang.Object, java.lang.Object, java.lang.Object, java.lang.Object, int, int)'> (0x000000008e317de8) thrown at [./src/hotspot/share/interpreter/linkResolver.cpp, line 773]
Event: 2.567 Thread 0x000001a781c34800 Exception <a 'java/lang/NoSuchMethodError'{0x000000008e334760}: 'java.lang.Object java.lang.invoke.Invokers$Holder.linkToTargetMethod(java.lang.Object, java.lang.Object, java.lang.Object, java.lang.Object, java.lang.Object, java.lang.Object, java.lang.Object)'> (0x000000008e334760) thrown at [./src/hotspot/share/interpreter/linkResolver.cpp, line 773]
Event: 2.587 Thread 0x000001a781c34800 Exception <a 'java/lang/NoSuchMethodError'{0x000000008e23bd20}: 'void java.lang.invoke.DirectMethodHandle$Holder.invokeSpecial(java.lang.Object, java.lang.Object, java.lang.Object, java.lang.Object, java.lang.Object, java.lang.Object, java.lang.Object)'> (0x000000008e23bd20) thrown at [./src/hotspot/share/interpreter/linkResolver.cpp, line 773]
Event: 2.591 Thread 0x000001a781c34800 Exception <a 'java/lang/NoSuchMethodError'{0x000000008e27efe0}: 'java.lang.Object java.lang.invoke.DirectMethodHandle$Holder.invokeStatic(java.lang.Object, java.lang.Object, java.lang.Object, int, java.lang.Object, java.lang.Object)'> (0x000000008e27efe0) thrown at [./src/hotspot/share/interpreter/linkResolver.cpp, line 773]

Events (20 events):
Event: 2.581 loading class org/gradle/internal/instantiation/generator/AsmBackedClassGenerator$ClassBuilderImpl
Event: 2.581 loading class org/gradle/internal/instantiation/generator/AsmBackedClassGenerator$ClassBuilderImpl done
Event: 2.583 loading class org/gradle/internal/instantiation/generator/AsmBackedClassGenerator$ClassBuilderImpl$35
Event: 2.583 loading class org/gradle/internal/instantiation/generator/AsmBackedClassGenerator$ClassBuilderImpl$35 done
Event: 2.584 loading class org/objectweb/asm/Type
Event: 2.584 loading class org/objectweb/asm/Type done
Event: 2.584 loading class org/gradle/internal/instantiation/generator/AsmBackedClassGenerator$ClassBuilderImpl
Event: 2.584 loading class org/gradle/internal/instantiation/generator/AsmBackedClassGenerator$ClassBuilderImpl done
Event: 2.584 loading class org/gradle/internal/instantiation/generator/AsmBackedClassGenerator$ClassBuilderImpl$33
Event: 2.584 loading class org/gradle/internal/instantiation/generator/AsmBackedClassGenerator$ClassBuilderImpl$33 done
Event: 2.586 loading class org/gradle/model/internal/asm/AsmClassGeneratorUtils
Event: 2.586 loading class org/gradle/model/internal/asm/AsmClassGeneratorUtils done
Event: 2.587 loading class org/gradle/internal/instantiation/generator/AsmBackedClassGenerator$ClassBuilderImpl
Event: 2.587 loading class org/gradle/internal/instantiation/generator/AsmBackedClassGenerator$ClassBuilderImpl done
Event: 2.587 loading class org/gradle/internal/instantiation/generator/AsmBackedClassGenerator$ClassBuilderImpl$18
Event: 2.587 loading class org/gradle/internal/instantiation/generator/AsmBackedClassGenerator$ClassBuilderImpl$18 done
Event: 2.588 loading class org/gradle/internal/instantiation/generator/AsmBackedClassGenerator$ClassBuilderImpl$ReturnTypeEntry
Event: 2.588 loading class org/gradle/internal/instantiation/generator/AsmBackedClassGenerator$ClassBuilderImpl$ReturnTypeEntry done
Event: 2.590 loading class org/gradle/internal/instantiation/generator/AsmBackedClassGenerator$ClassBuilderImpl
Event: 2.590 loading class org/gradle/internal/instantiation/generator/AsmBackedClassGenerator$ClassBuilderImpl done


Dynamic libraries:
0x00007ff646e10000 - 0x00007ff646e1d000 	C:\Program Files\Microsoft\jdk-11.0.18.10-hotspot\bin\java.exe
0x00007ffbcd290000 - 0x00007ffbcd488000 	C:\Windows\SYSTEM32\ntdll.dll
0x00007ffbcb790000 - 0x00007ffbcb84f000 	C:\Windows\System32\KERNEL32.DLL
0x00007ffbcaa70000 - 0x00007ffbcad66000 	C:\Windows\System32\KERNELBASE.dll
0x00007ffbca970000 - 0x00007ffbcaa70000 	C:\Windows\System32\ucrtbase.dll
0x00007ffbc4700000 - 0x00007ffbc4717000 	C:\Program Files\Microsoft\jdk-11.0.18.10-hotspot\bin\jli.dll
0x00007ffbc4b40000 - 0x00007ffbc4b55000 	C:\Program Files\Microsoft\jdk-11.0.18.10-hotspot\bin\VCRUNTIME140.dll
0x00007ffbcc930000 - 0x00007ffbccacd000 	C:\Windows\System32\USER32.dll
0x00007ffbcae10000 - 0x00007ffbcae32000 	C:\Windows\System32\win32u.dll
0x00007ffbb0cd0000 - 0x00007ffbb0f6a000 	C:\Windows\WinSxS\amd64_microsoft.windows.common-controls_6595b64144ccf1df_6.0.19041.1110_none_60b5254171f9507e\COMCTL32.dll
0x00007ffbcbec0000 - 0x00007ffbcbeec000 	C:\Windows\System32\GDI32.dll
0x00007ffbcbab0000 - 0x00007ffbcbb4e000 	C:\Windows\System32\msvcrt.dll
0x00007ffbcb060000 - 0x00007ffbcb175000 	C:\Windows\System32\gdi32full.dll
0x00007ffbcad70000 - 0x00007ffbcae0d000 	C:\Windows\System32\msvcp_win.dll
0x00007ffbcc900000 - 0x00007ffbcc930000 	C:\Windows\System32\IMM32.DLL
0x00007ffb9c640000 - 0x00007ffb9c6db000 	C:\Program Files\Microsoft\jdk-11.0.18.10-hotspot\bin\msvcp140.dll
0x00007ffb55c50000 - 0x00007ffb567e2000 	C:\Program Files\Microsoft\jdk-11.0.18.10-hotspot\bin\server\jvm.dll
0x00007ffbcc6c0000 - 0x00007ffbcc76f000 	C:\Windows\System32\ADVAPI32.dll
0x00007ffbccf40000 - 0x00007ffbccfdc000 	C:\Windows\System32\sechost.dll
0x00007ffbcb570000 - 0x00007ffbcb696000 	C:\Windows\System32\RPCRT4.dll
0x00007ffbcb780000 - 0x00007ffbcb788000 	C:\Windows\System32\PSAPI.DLL
0x00007ffbb6dc0000 - 0x00007ffbb6dc9000 	C:\Windows\SYSTEM32\WSOCK32.dll
0x00007ffbb8db0000 - 0x00007ffbb8dd7000 	C:\Windows\SYSTEM32\WINMM.dll
0x00007ffbcc640000 - 0x00007ffbcc6ab000 	C:\Windows\System32\WS2_32.dll
0x00007ffbc8910000 - 0x00007ffbc891a000 	C:\Windows\SYSTEM32\VERSION.dll
0x00007ffbc91c0000 - 0x00007ffbc91d2000 	C:\Windows\SYSTEM32\kernel.appcore.dll
0x00007ffbb6d80000 - 0x00007ffbb6d90000 	C:\Program Files\Microsoft\jdk-11.0.18.10-hotspot\bin\verify.dll
0x00007ffbc7e40000 - 0x00007ffbc8024000 	C:\Windows\SYSTEM32\DBGHELP.DLL
0x00007ffbb5f40000 - 0x00007ffbb5f74000 	C:\Windows\SYSTEM32\dbgcore.DLL
0x00007ffbcb260000 - 0x00007ffbcb2e2000 	C:\Windows\System32\bcryptPrimitives.dll
0x00007ffb9c5c0000 - 0x00007ffb9c5e8000 	C:\Program Files\Microsoft\jdk-11.0.18.10-hotspot\bin\java.dll
0x00007ffba85a0000 - 0x00007ffba85aa000 	C:\Program Files\Microsoft\jdk-11.0.18.10-hotspot\bin\jimage.dll
0x00007ffb9fb60000 - 0x00007ffb9fb78000 	C:\Program Files\Microsoft\jdk-11.0.18.10-hotspot\bin\zip.dll
0x00007ffbcbef0000 - 0x00007ffbcc634000 	C:\Windows\System32\SHELL32.dll
0x00007ffbc8a10000 - 0x00007ffbc91a3000 	C:\Windows\SYSTEM32\windows.storage.dll
0x00007ffbcbb50000 - 0x00007ffbcbea4000 	C:\Windows\System32\combase.dll
0x00007ffbca3d0000 - 0x00007ffbca3fe000 	C:\Windows\SYSTEM32\Wldp.dll
0x00007ffbcd1a0000 - 0x00007ffbcd24d000 	C:\Windows\System32\SHCORE.dll
0x00007ffbcc8a0000 - 0x00007ffbcc8f5000 	C:\Windows\System32\shlwapi.dll
0x00007ffbca8b0000 - 0x00007ffbca8cf000 	C:\Windows\SYSTEM32\profapi.dll
0x00007ffba7bb0000 - 0x00007ffba7bc9000 	C:\Program Files\Microsoft\jdk-11.0.18.10-hotspot\bin\net.dll
0x00007ffbc2620000 - 0x00007ffbc272a000 	C:\Windows\SYSTEM32\WINHTTP.dll
0x00007ffbca130000 - 0x00007ffbca19a000 	C:\Windows\system32\mswsock.dll
0x00007ffb9fab0000 - 0x00007ffb9fac3000 	C:\Program Files\Microsoft\jdk-11.0.18.10-hotspot\bin\nio.dll
0x00007ffba4ce0000 - 0x00007ffba4d07000 	C:\Users\Finner\.gradle\native\e1d6ef7f7dcc3fd88c89a11ec53ec762bb8ba0a96d01ffa2cd45eb1d1d8dd5c5\windows-amd64\native-platform.dll
0x00007ffb61470000 - 0x00007ffb615b4000 	C:\Users\Finner\.gradle\native\0d407fdbe67a94daf76414ababcb853783967236a71b16ec16e742cd7a986fd3\windows-amd64\native-platform-file-events.dll
0x00007ffb9c3c0000 - 0x00007ffb9c3c9000 	C:\Program Files\Microsoft\jdk-11.0.18.10-hotspot\bin\management.dll
0x00007ffb8eb80000 - 0x00007ffb8eb8b000 	C:\Program Files\Microsoft\jdk-11.0.18.10-hotspot\bin\management_ext.dll
0x00007ffbca320000 - 0x00007ffbca338000 	C:\Windows\SYSTEM32\CRYPTSP.dll
0x00007ffbc99e0000 - 0x00007ffbc9a14000 	C:\Windows\system32\rsaenh.dll
0x00007ffbcb180000 - 0x00007ffbcb1a7000 	C:\Windows\System32\bcrypt.dll
0x00007ffbca870000 - 0x00007ffbca89e000 	C:\Windows\SYSTEM32\USERENV.dll
0x00007ffbca340000 - 0x00007ffbca34c000 	C:\Windows\SYSTEM32\CRYPTBASE.dll
0x00007ffbc9dd0000 - 0x00007ffbc9e0c000 	C:\Windows\SYSTEM32\IPHLPAPI.DLL
0x00007ffbcbeb0000 - 0x00007ffbcbeb8000 	C:\Windows\System32\NSI.dll
0x00007ffbc35d0000 - 0x00007ffbc35e7000 	C:\Windows\SYSTEM32\dhcpcsvc6.DLL
0x00007ffbc4080000 - 0x00007ffbc409d000 	C:\Windows\SYSTEM32\dhcpcsvc.DLL
0x00007ffbc9e20000 - 0x00007ffbc9eeb000 	C:\Windows\SYSTEM32\DNSAPI.dll

dbghelp: loaded successfully - version: 4.0.5 - missing functions: none
symbol engine: initialized successfully - sym options: 0x614 - pdb path: .;C:\Program Files\Microsoft\jdk-11.0.18.10-hotspot\bin;C:\Windows\SYSTEM32;C:\Windows\WinSxS\amd64_microsoft.windows.common-controls_6595b64144ccf1df_6.0.19041.1110_none_60b5254171f9507e;C:\Program Files\Microsoft\jdk-11.0.18.10-hotspot\bin\server;C:\Users\Finner\.gradle\native\e1d6ef7f7dcc3fd88c89a11ec53ec762bb8ba0a96d01ffa2cd45eb1d1d8dd5c5\windows-amd64;C:\Users\Finner\.gradle\native\0d407fdbe67a94daf76414ababcb853783967236a71b16ec16e742cd7a986fd3\windows-amd64

VM Arguments:
jvm_args: -XX:MaxMetaspaceSize=512m --add-opens=java.base/java.util=ALL-UNNAMED --add-opens=java.base/java.lang=ALL-UNNAMED --add-opens=java.base/java.lang.invoke=ALL-UNNAMED --add-opens=java.base/java.util=ALL-UNNAMED --add-opens=java.prefs/java.util.prefs=ALL-UNNAMED --add-opens=java.prefs/java.util.prefs=ALL-UNNAMED --add-opens=java.base/java.nio.charset=ALL-UNNAMED --add-opens=java.base/java.net=ALL-UNNAMED --add-opens=java.base/java.util.concurrent.atomic=ALL-UNNAMED -Xmx2048m -Dfile.encoding=windows-1252 -Duser.country=US -Duser.language=en -Duser.variant 
java_command: org.gradle.launcher.daemon.bootstrap.GradleDaemon 7.5.1
java_class_path (initial): C:\Users\Finner\.gradle\wrapper\dists\gradle-7.5.1-all\1ehga6e77gqps5uk2kc5kf1vc\gradle-7.5.1\lib\gradle-launcher-7.5.1.jar
Launcher Type: SUN_STANDARD

[Global flags]
     intx CICompilerCount                          = 4                                         {product} {ergonomic}
   size_t CompressedClassSpaceSize                 = 528482304                                 {product} {ergonomic}
     uint ConcGCThreads                            = 2                                         {product} {ergonomic}
     uint G1ConcRefinementThreads                  = 8                                         {product} {ergonomic}
   size_t G1HeapRegionSize                         = 1048576                                   {product} {ergonomic}
    uintx GCDrainStackTargetSize                   = 64                                        {product} {ergonomic}
   size_t InitialHeapSize                          = 268435456                                 {product} {ergonomic}
   size_t MarkStackSize                            = 4194304                                   {product} {ergonomic}
   size_t MaxHeapSize                              = 2147483648                                {product} {command line}
   size_t MaxMetaspaceSize                         = 536870912                                 {product} {command line}
   size_t MaxNewSize                               = 1287651328                                {product} {ergonomic}
   size_t MinHeapDeltaBytes                        = 1048576                                   {product} {ergonomic}
    uintx NonNMethodCodeHeapSize                   = 5836300                                {pd product} {ergonomic}
    uintx NonProfiledCodeHeapSize                  = 122910970                              {pd product} {ergonomic}
    uintx ProfiledCodeHeapSize                     = 122910970                              {pd product} {ergonomic}
    uintx ReservedCodeCacheSize                    = 251658240                              {pd product} {ergonomic}
     bool SegmentedCodeCache                       = true                                      {product} {ergonomic}
     bool UseCompressedClassPointers               = true                                 {lp64_product} {ergonomic}
     bool UseCompressedOops                        = true                                 {lp64_product} {ergonomic}
     bool UseG1GC                                  = true                                      {product} {ergonomic}
     bool UseLargePagesIndividualAllocation        = false                                  {pd product} {ergonomic}

Logging:
Log output configuration:
 #0: stdout all=warning uptime,level,tags
 #1: stderr all=off uptime,level,tags

Environment Variables:
JAVA_HOME=C:\Program Files\Microsoft\jdk-11.0.18.10-hotspot\
CLASSPATH=D:\Mobile-Projects\Finner\android\\gradle\wrapper\gradle-wrapper.jar
PATH=D:\Mobile-Projects\Finner\android\node_modules\.bin;D:\Mobile-Projects\Finner\node_modules\.bin;D:\Mobile-Projects\node_modules\.bin;D:\node_modules\.bin;C:\Program Files\nodejs;D:\Mobile-Projects\Finner\node_modules\.bin;D:\Mobile-Projects\node_modules\.bin;D:\node_modules\.bin;C:\Users\Finner\AppData\Roaming\npm\node_modules\npm\node_modules\@npmcli\run-script\lib\node-gyp-bin;C:\Program Files\WindowsApps\Microsoft.PowerShell_7.3.3.0_x64__8wekyb3d8bbwe;C:\Program Files\WindowsApps\Microsoft.PowerShell_7.3.2.0_x64__8wekyb3d8bbwe;C:\Program Files (x86)\Common Files\Intel\Shared Libraries\redist\intel64\compiler;C:\Program Files\Microsoft\jdk-11.0.18.10-hotspot\bin;C:\Python311\Scripts\;C:\Python311\;C:\Program Files (x86)\Intel\iCLS Client\;C:\Program Files\Intel\iCLS Client\;C:\Windows\system32;C:\Windows;C:\Windows\System32\Wbem;C:\Windows\System32\WindowsPowerShell\v1.0\;C:\Windows\System32\OpenSSH\;C:\Program Files (x86)\NVIDIA Corporation\PhysX\Common;C:\Program Files\NVIDIA Corporation\NVIDIA NvDLISR;C:\ProgramData\chocolatey\bin;C:\Program Files\Git\cmd;C:\Program Files\OpenJDK\openjdk-11.0.16_8\bin;c:\Program Files (x86)\Intel\Intel(R) Management Engine Components\DAL;c:\Program Files\Intel\Intel(R) Management Engine Components\DAL;c:\Program Files (x86)\Intel\Intel(R) Management Engine Components\IPT;c:\Program Files\Intel\Intel(R) Management Engine Components\IPT;C:\Program Files\nodejs\;C:\Program Files\PowerShell\7-preview\preview;C:\Program Files\PowerShell\7\;C:\Users\Finner\.amplify\bin;C:\Users\Finner\.amplify\bin;C:\Users\Finner\.amplify\bin;C:\Users\Finner\.amplify\bin;C:\Users\Finner\.amplify\bin;C:\Users\Finner\AppData\Local\Microsoft\WindowsApps;C:\Users\Finner\AppData\Local\Programs\Microsoft VS Code\bin;C:\Users\Finner\AppData\Local\Android\Sdk\platform-tools;C:\Users\Finner\AppData\Local\Programs\oh-my-posh\bin;C:\Users\Finner\AppData\Roaming\npm
USERNAME=Finner
OS=Windows_NT
PROCESSOR_IDENTIFIER=Intel64 Family 6 Model 158 Stepping 9, GenuineIntel
TMP=C:\Users\Finner\AppData\Local\Temp
TEMP=C:\Users\Finner\AppData\Local\Temp



---------------  S Y S T E M  ---------------

OS: Windows 10 , 64 bit Build 19041 (10.0.19041.2913)
OS uptime: 0 days 0:59 hours

CPU:total 8 (initial active 8) (4 cores per cpu, 2 threads per core) family 6 model 158 stepping 9 microcode 0xb4, cmov, cx8, fxsr, mmx, sse, sse2, sse3, ssse3, sse4.1, sse4.2, popcnt, avx, avx2, aes, clmul, erms, 3dnowpref, lzcnt, ht, tsc, tscinvbit, bmi1, bmi2, adx, fma

Memory: 4k page, system-wide physical 16276M (1574M free)
TotalPageFile size 19135M (AvailPageFile size 3M)
current process WorkingSet (physical memory assigned to process): 226M, peak: 226M
current process commit charge ("private bytes"): 413M, peak: 414M

vm_info: OpenJDK 64-Bit Server VM (11.0.18+10-LTS) for windows-amd64 JRE (11.0.18+10-LTS), built on Jan 18 2023 15:56:47 by "MicrosoftCorporation" with MS VC++ 15.9 (VS2017)

END.
