#
# There is insufficient memory for the Java Runtime Environment to continue.
# Native memory allocation (malloc) failed to allocate 319216 bytes for Chunk::new
# Possible reasons:
#   The system is out of physical RAM or swap space
#   The process is running with CompressedOops enabled, and the Java Heap may be blocking the growth of the native heap
# Possible solutions:
#   Reduce memory load on the system
#   Increase physical memory or swap space
#   Check if swap backing store is full
#   Decrease Java heap size (-Xmx/-Xms)
#   Decrease number of Java threads
#   Decrease Java thread stack sizes (-Xss)
#   Set larger code cache with -XX:ReservedCodeCacheSize=
#   JVM is running with Unscaled Compressed Oops mode in which the Java heap is
#     placed in the first 4GB address space. The Java Heap base address is the
#     maximum limit for the native heap growth. Please use -XX:HeapBaseMinAddress
#     to set the Java Heap base and to place the Java Heap above 4GB virtual address.
# This output file may be truncated or incomplete.
#
#  Out of Memory Error (./src/hotspot/share/memory/arena.cpp:197), pid=3016, tid=15768
#
# JRE version: OpenJDK Runtime Environment Microsoft-7208460 (11.0.18+10) (build 11.0.18+10-LTS)
# Java VM: OpenJDK 64-Bit Server VM Microsoft-7208460 (11.0.18+10-LTS, mixed mode, tiered, compressed oops, g1 gc, windows-amd64)
# No core dump will be written. Minidumps are not enabled by default on client versions of Windows
#

---------------  S U M M A R Y ------------

Command Line: -Xmx64m -Xms64m -Dorg.gradle.appname=gradlew org.gradle.wrapper.GradleWrapperMain app:installDebug -PreactNativeDevServerPort=8081

Host: Intel(R) Core(TM) i7-7700HQ CPU @ 2.80GHz, 8 cores, 15G,  Windows 10 , 64 bit Build 19041 (10.0.19041.3155)
Time: Fri Aug  4 08:33:17 2023 SE Asia Standard Time elapsed time: 91.766745 seconds (0d 0h 1m 31s)

---------------  T H R E A D  ---------------

Current thread (0x0000016a4c0ed000):  JavaThread "C2 CompilerThread0" daemon [_thread_in_native, id=15768, stack(0x0000003836700000,0x0000003836800000)]


Current CompileTask:
C2:  91766 1711       4       org.gradle.internal.logging.console.DefaultWorkInProgressFormatter::format (102 bytes)

Stack: [0x0000003836700000,0x0000003836800000]
Native frames: (J=compiled Java code, j=interpreted, Vv=VM code, C=native code)
V  [jvm.dll+0x62bf8a]
V  [jvm.dll+0x7b8fb9]
V  [jvm.dll+0x7ba6a8]
V  [jvm.dll+0x7bad83]
V  [jvm.dll+0x250248]
V  [jvm.dll+0xc260c]
V  [jvm.dll+0xc2bcc]
V  [jvm.dll+0x35e1c7]
V  [jvm.dll+0x19ebe9]
V  [jvm.dll+0x209495]
V  [jvm.dll+0x20850d]
V  [jvm.dll+0x18a4b1]
V  [jvm.dll+0x217eec]
V  [jvm.dll+0x21612b]
V  [jvm.dll+0x77bac0]
V  [jvm.dll+0x7749f4]
V  [jvm.dll+0x62adf5]
C  [ucrtbase.dll+0x21bb2]
C  [KERNEL32.DLL+0x17614]
C  [ntdll.dll+0x526b1]


---------------  P R O C E S S  ---------------

Threads class SMR info:
_java_thread_list=0x0000016a4d71a270, length=13, elements={
0x0000016a2f241000, 0x0000016a4c07b000, 0x0000016a4c084000, 0x0000016a4c0dd000,
0x0000016a4c0de800, 0x0000016a4c0df800, 0x0000016a4c0ed000, 0x0000016a4c0f8000,
0x0000016a4c240800, 0x0000016a4c3d5800, 0x0000016a4d59c000, 0x0000016a4cfdd800,
0x0000016a4c3ca000
}

Java Threads: ( => current thread )
  0x0000016a2f241000 JavaThread "main" [_thread_in_native, id=18316, stack(0x0000003835b00000,0x0000003835c00000)]
  0x0000016a4c07b000 JavaThread "Reference Handler" daemon [_thread_blocked, id=18816, stack(0x0000003836200000,0x0000003836300000)]
  0x0000016a4c084000 JavaThread "Finalizer" daemon [_thread_blocked, id=18560, stack(0x0000003836300000,0x0000003836400000)]
  0x0000016a4c0dd000 JavaThread "Signal Dispatcher" daemon [_thread_blocked, id=18964, stack(0x0000003836400000,0x0000003836500000)]
  0x0000016a4c0de800 JavaThread "Attach Listener" daemon [_thread_blocked, id=15112, stack(0x0000003836500000,0x0000003836600000)]
  0x0000016a4c0df800 JavaThread "Service Thread" daemon [_thread_blocked, id=14408, stack(0x0000003836600000,0x0000003836700000)]
=>0x0000016a4c0ed000 JavaThread "C2 CompilerThread0" daemon [_thread_in_native, id=15768, stack(0x0000003836700000,0x0000003836800000)]
  0x0000016a4c0f8000 JavaThread "C1 CompilerThread0" daemon [_thread_blocked, id=8912, stack(0x0000003836800000,0x0000003836900000)]
  0x0000016a4c240800 JavaThread "Sweeper thread" daemon [_thread_blocked, id=19128, stack(0x0000003836900000,0x0000003836a00000)]
  0x0000016a4c3d5800 JavaThread "Common-Cleaner" daemon [_thread_blocked, id=12428, stack(0x0000003836b00000,0x0000003836c00000)]
  0x0000016a4d59c000 JavaThread "pool-1-thread-1" [_thread_in_native, id=15232, stack(0x0000003836f00000,0x0000003837000000)]
  0x0000016a4cfdd800 JavaThread "DisconnectableInputStream source reader" daemon [_thread_in_native, id=9376, stack(0x0000003836e00000,0x0000003836f00000)]
  0x0000016a4c3ca000 JavaThread "Forward input" [_thread_blocked, id=13304, stack(0x0000003837000000,0x0000003837100000)]

Other Threads:
  0x0000016a4c056000 VMThread "VM Thread" [stack: 0x0000003836100000,0x0000003836200000] [id=7160]
  0x0000016a4c3c5800 WatcherThread [stack: 0x0000003836a00000,0x0000003836b00000] [id=19236]
  0x0000016a2f25b000 GCTaskThread "GC Thread#0" [stack: 0x0000003835c00000,0x0000003835d00000] [id=8776]
  0x0000016a4cf71000 GCTaskThread "GC Thread#1" [stack: 0x0000003836d00000,0x0000003836e00000] [id=6764]
  0x0000016a2f262800 ConcurrentGCThread "G1 Main Marker" [stack: 0x0000003835d00000,0x0000003835e00000] [id=12312]
  0x0000016a2f264000 ConcurrentGCThread "G1 Conc#0" [stack: 0x0000003835e00000,0x0000003835f00000] [id=12824]
  0x0000016a2f2ce800 ConcurrentGCThread "G1 Refine#0" [stack: 0x0000003835f00000,0x0000003836000000] [id=18468]
  0x0000016a2f2d1000 ConcurrentGCThread "G1 Young RemSet Sampling" [stack: 0x0000003836000000,0x0000003836100000] [id=7184]

Threads with active compile tasks:
C2 CompilerThread0    91795 1711       4       org.gradle.internal.logging.console.DefaultWorkInProgressFormatter::format (102 bytes)

VM state:not at safepoint (normal execution)

VM Mutex/Monitor currently owned by a thread: None

Heap address: 0x00000000fc000000, size: 64 MB, Compressed Oops mode: 32-bit
Narrow klass base: 0x0000000000000000, Narrow klass shift: 3
Compressed class space size: 1073741824 Address: 0x0000000100000000

Heap:
 garbage-first heap   total 65536K, used 33664K [0x00000000fc000000, 0x0000000100000000)
  region size 1024K, 27 young (27648K), 3 survivors (3072K)
 Metaspace       used 16164K, capacity 16438K, committed 16512K, reserved 1064960K
  class space    used 1806K, capacity 1908K, committed 1920K, reserved 1048576K
Heap Regions: E=young(eden), S=young(survivor), O=old, HS=humongous(starts), HC=humongous(continues), CS=collection set, F=free, A=archive, TAMS=top-at-mark-start (previous, next)
|   0|0x00000000fc000000, 0x00000000fc100000, 0x00000000fc100000|100%|HS|  |TAMS 0x00000000fc000000, 0x00000000fc000000| Complete 
|   1|0x00000000fc100000, 0x00000000fc200000, 0x00000000fc200000|100%|HC|  |TAMS 0x00000000fc100000, 0x00000000fc100000| Complete 
|   2|0x00000000fc200000, 0x00000000fc300000, 0x00000000fc300000|100%|HC|  |TAMS 0x00000000fc200000, 0x00000000fc200000| Complete 
|   3|0x00000000fc300000, 0x00000000fc400000, 0x00000000fc400000|100%|HC|  |TAMS 0x00000000fc300000, 0x00000000fc300000| Complete 
|   4|0x00000000fc400000, 0x00000000fc500000, 0x00000000fc500000|100%| O|  |TAMS 0x00000000fc400000, 0x00000000fc400000| Untracked 
|   5|0x00000000fc500000, 0x00000000fc600000, 0x00000000fc600000|100%| O|  |TAMS 0x00000000fc500000, 0x00000000fc500000| Untracked 
|   6|0x00000000fc600000, 0x00000000fc6e0200, 0x00000000fc700000| 87%| O|  |TAMS 0x00000000fc600000, 0x00000000fc600000| Untracked 
|   7|0x00000000fc700000, 0x00000000fc700000, 0x00000000fc800000|  0%| F|  |TAMS 0x00000000fc700000, 0x00000000fc700000| Untracked 
|   8|0x00000000fc800000, 0x00000000fc800000, 0x00000000fc900000|  0%| F|  |TAMS 0x00000000fc800000, 0x00000000fc800000| Untracked 
|   9|0x00000000fc900000, 0x00000000fc900000, 0x00000000fca00000|  0%| F|  |TAMS 0x00000000fc900000, 0x00000000fc900000| Untracked 
|  10|0x00000000fca00000, 0x00000000fca00000, 0x00000000fcb00000|  0%| F|  |TAMS 0x00000000fca00000, 0x00000000fca00000| Untracked 
|  11|0x00000000fcb00000, 0x00000000fcb00000, 0x00000000fcc00000|  0%| F|  |TAMS 0x00000000fcb00000, 0x00000000fcb00000| Untracked 
|  12|0x00000000fcc00000, 0x00000000fcc00000, 0x00000000fcd00000|  0%| F|  |TAMS 0x00000000fcc00000, 0x00000000fcc00000| Untracked 
|  13|0x00000000fcd00000, 0x00000000fcd00000, 0x00000000fce00000|  0%| F|  |TAMS 0x00000000fcd00000, 0x00000000fcd00000| Untracked 
|  14|0x00000000fce00000, 0x00000000fce00000, 0x00000000fcf00000|  0%| F|  |TAMS 0x00000000fce00000, 0x00000000fce00000| Untracked 
|  15|0x00000000fcf00000, 0x00000000fcf00000, 0x00000000fd000000|  0%| F|  |TAMS 0x00000000fcf00000, 0x00000000fcf00000| Untracked 
|  16|0x00000000fd000000, 0x00000000fd000000, 0x00000000fd100000|  0%| F|  |TAMS 0x00000000fd000000, 0x00000000fd000000| Untracked 
|  17|0x00000000fd100000, 0x00000000fd100000, 0x00000000fd200000|  0%| F|  |TAMS 0x00000000fd100000, 0x00000000fd100000| Untracked 
|  18|0x00000000fd200000, 0x00000000fd200000, 0x00000000fd300000|  0%| F|  |TAMS 0x00000000fd200000, 0x00000000fd200000| Untracked 
|  19|0x00000000fd300000, 0x00000000fd300000, 0x00000000fd400000|  0%| F|  |TAMS 0x00000000fd300000, 0x00000000fd300000| Untracked 
|  20|0x00000000fd400000, 0x00000000fd400000, 0x00000000fd500000|  0%| F|  |TAMS 0x00000000fd400000, 0x00000000fd400000| Untracked 
|  21|0x00000000fd500000, 0x00000000fd500000, 0x00000000fd600000|  0%| F|  |TAMS 0x00000000fd500000, 0x00000000fd500000| Untracked 
|  22|0x00000000fd600000, 0x00000000fd600000, 0x00000000fd700000|  0%| F|  |TAMS 0x00000000fd600000, 0x00000000fd600000| Untracked 
|  23|0x00000000fd700000, 0x00000000fd700000, 0x00000000fd800000|  0%| F|  |TAMS 0x00000000fd700000, 0x00000000fd700000| Untracked 
|  24|0x00000000fd800000, 0x00000000fd800000, 0x00000000fd900000|  0%| F|  |TAMS 0x00000000fd800000, 0x00000000fd800000| Untracked 
|  25|0x00000000fd900000, 0x00000000fd900000, 0x00000000fda00000|  0%| F|  |TAMS 0x00000000fd900000, 0x00000000fd900000| Untracked 
|  26|0x00000000fda00000, 0x00000000fda00000, 0x00000000fdb00000|  0%| F|  |TAMS 0x00000000fda00000, 0x00000000fda00000| Untracked 
|  27|0x00000000fdb00000, 0x00000000fdb00000, 0x00000000fdc00000|  0%| F|  |TAMS 0x00000000fdb00000, 0x00000000fdb00000| Untracked 
|  28|0x00000000fdc00000, 0x00000000fdc00000, 0x00000000fdd00000|  0%| F|  |TAMS 0x00000000fdc00000, 0x00000000fdc00000| Untracked 
|  29|0x00000000fdd00000, 0x00000000fdd00000, 0x00000000fde00000|  0%| F|  |TAMS 0x00000000fdd00000, 0x00000000fdd00000| Untracked 
|  30|0x00000000fde00000, 0x00000000fde00000, 0x00000000fdf00000|  0%| F|  |TAMS 0x00000000fde00000, 0x00000000fde00000| Untracked 
|  31|0x00000000fdf00000, 0x00000000fdf00000, 0x00000000fe000000|  0%| F|  |TAMS 0x00000000fdf00000, 0x00000000fdf00000| Untracked 
|  32|0x00000000fe000000, 0x00000000fe000000, 0x00000000fe100000|  0%| F|  |TAMS 0x00000000fe000000, 0x00000000fe000000| Untracked 
|  33|0x00000000fe100000, 0x00000000fe100000, 0x00000000fe200000|  0%| F|  |TAMS 0x00000000fe100000, 0x00000000fe100000| Untracked 
|  34|0x00000000fe200000, 0x00000000fe200000, 0x00000000fe300000|  0%| F|  |TAMS 0x00000000fe200000, 0x00000000fe200000| Untracked 
|  35|0x00000000fe300000, 0x00000000fe300000, 0x00000000fe400000|  0%| F|  |TAMS 0x00000000fe300000, 0x00000000fe300000| Untracked 
|  36|0x00000000fe400000, 0x00000000fe400000, 0x00000000fe500000|  0%| F|  |TAMS 0x00000000fe400000, 0x00000000fe400000| Untracked 
|  37|0x00000000fe500000, 0x00000000fe600000, 0x00000000fe600000|100%| S|CS|TAMS 0x00000000fe500000, 0x00000000fe500000| Complete 
|  38|0x00000000fe600000, 0x00000000fe700000, 0x00000000fe700000|100%| S|CS|TAMS 0x00000000fe600000, 0x00000000fe600000| Complete 
|  39|0x00000000fe700000, 0x00000000fe800000, 0x00000000fe800000|100%| S|CS|TAMS 0x00000000fe700000, 0x00000000fe700000| Complete 
|  40|0x00000000fe800000, 0x00000000fe900000, 0x00000000fe900000|100%| E|  |TAMS 0x00000000fe800000, 0x00000000fe800000| Complete 
|  41|0x00000000fe900000, 0x00000000fea00000, 0x00000000fea00000|100%| E|CS|TAMS 0x00000000fe900000, 0x00000000fe900000| Complete 
|  42|0x00000000fea00000, 0x00000000feb00000, 0x00000000feb00000|100%| E|CS|TAMS 0x00000000fea00000, 0x00000000fea00000| Complete 
|  43|0x00000000feb00000, 0x00000000fec00000, 0x00000000fec00000|100%| E|CS|TAMS 0x00000000feb00000, 0x00000000feb00000| Complete 
|  44|0x00000000fec00000, 0x00000000fed00000, 0x00000000fed00000|100%| E|CS|TAMS 0x00000000fec00000, 0x00000000fec00000| Complete 
|  45|0x00000000fed00000, 0x00000000fee00000, 0x00000000fee00000|100%| E|CS|TAMS 0x00000000fed00000, 0x00000000fed00000| Complete 
|  46|0x00000000fee00000, 0x00000000fef00000, 0x00000000fef00000|100%| E|CS|TAMS 0x00000000fee00000, 0x00000000fee00000| Complete 
|  47|0x00000000fef00000, 0x00000000ff000000, 0x00000000ff000000|100%| E|CS|TAMS 0x00000000fef00000, 0x00000000fef00000| Complete 
|  48|0x00000000ff000000, 0x00000000ff100000, 0x00000000ff100000|100%| E|CS|TAMS 0x00000000ff000000, 0x00000000ff000000| Complete 
|  49|0x00000000ff100000, 0x00000000ff200000, 0x00000000ff200000|100%| E|CS|TAMS 0x00000000ff100000, 0x00000000ff100000| Complete 
|  50|0x00000000ff200000, 0x00000000ff300000, 0x00000000ff300000|100%| E|CS|TAMS 0x00000000ff200000, 0x00000000ff200000| Complete 
|  51|0x00000000ff300000, 0x00000000ff400000, 0x00000000ff400000|100%| E|CS|TAMS 0x00000000ff300000, 0x00000000ff300000| Complete 
|  52|0x00000000ff400000, 0x00000000ff500000, 0x00000000ff500000|100%| E|CS|TAMS 0x00000000ff400000, 0x00000000ff400000| Complete 
|  53|0x00000000ff500000, 0x00000000ff600000, 0x00000000ff600000|100%| E|CS|TAMS 0x00000000ff500000, 0x00000000ff500000| Complete 
|  54|0x00000000ff600000, 0x00000000ff700000, 0x00000000ff700000|100%| E|CS|TAMS 0x00000000ff600000, 0x00000000ff600000| Complete 
|  55|0x00000000ff700000, 0x00000000ff800000, 0x00000000ff800000|100%| E|CS|TAMS 0x00000000ff700000, 0x00000000ff700000| Complete 
|  56|0x00000000ff800000, 0x00000000ff900000, 0x00000000ff900000|100%| E|CS|TAMS 0x00000000ff800000, 0x00000000ff800000| Complete 
|  57|0x00000000ff900000, 0x00000000ffa00000, 0x00000000ffa00000|100%| E|CS|TAMS 0x00000000ff900000, 0x00000000ff900000| Complete 
|  58|0x00000000ffa00000, 0x00000000ffb00000, 0x00000000ffb00000|100%| E|CS|TAMS 0x00000000ffa00000, 0x00000000ffa00000| Complete 
|  59|0x00000000ffb00000, 0x00000000ffc00000, 0x00000000ffc00000|100%| E|CS|TAMS 0x00000000ffb00000, 0x00000000ffb00000| Complete 
|  60|0x00000000ffc00000, 0x00000000ffd00000, 0x00000000ffd00000|100%| E|CS|TAMS 0x00000000ffc00000, 0x00000000ffc00000| Complete 
|  61|0x00000000ffd00000, 0x00000000ffe00000, 0x00000000ffe00000|100%| E|CS|TAMS 0x00000000ffd00000, 0x00000000ffd00000| Complete 
|  62|0x00000000ffe00000, 0x00000000fff00000, 0x00000000fff00000|100%| E|CS|TAMS 0x00000000ffe00000, 0x00000000ffe00000| Complete 
|  63|0x00000000fff00000, 0x0000000100000000, 0x0000000100000000|100%| E|CS|TAMS 0x00000000fff00000, 0x00000000fff00000| Complete 

Card table byte_map: [0x0000016a48c20000,0x0000016a48c40000] _byte_map_base: 0x0000016a48440000

Marking Bits (Prev, Next): (CMBitMap*) 0x0000016a2f261848, (CMBitMap*) 0x0000016a2f261880
 Prev Bits: [0x0000016a48c60000, 0x0000016a48d60000)
 Next Bits: [0x0000016a48d60000, 0x0000016a48e60000)

Polling page: 0x0000016a2f320000

Metaspace:

Usage:
  Non-class:     14.19 MB capacity,    14.02 MB ( 99%) used,   149.14 KB (  1%) free+waste,    22.94 KB ( <1%) overhead. 
      Class:      1.86 MB capacity,     1.76 MB ( 95%) used,    90.27 KB (  5%) free+waste,    11.00 KB ( <1%) overhead. 
       Both:     16.05 MB capacity,    15.79 MB ( 98%) used,   239.41 KB (  1%) free+waste,    33.94 KB ( <1%) overhead. 

Virtual space:
  Non-class space:       16.00 MB reserved,      14.25 MB ( 89%) committed 
      Class space:        1.00 GB reserved,       1.88 MB ( <1%) committed 
             Both:        1.02 GB reserved,      16.13 MB (  2%) committed 

Chunk freelists:
   Non-Class:  62.00 KB
       Class:  12.00 KB
        Both:  74.00 KB

MaxMetaspaceSize: 17179869184.00 GB
CompressedClassSpaceSize: 1.00 GB
Initial GC threshold: 20.80 MB
Current GC threshold: 20.80 MB
CDS: off

CodeHeap 'non-profiled nmethods': size=120000Kb used=645Kb max_used=645Kb free=119354Kb
 bounds [0x0000016a40c70000, 0x0000016a40ee0000, 0x0000016a481a0000]
CodeHeap 'profiled nmethods': size=120000Kb used=3257Kb max_used=3257Kb free=116742Kb
 bounds [0x0000016a39740000, 0x0000016a39a70000, 0x0000016a40c70000]
CodeHeap 'non-nmethods': size=5760Kb used=1164Kb max_used=1183Kb free=4595Kb
 bounds [0x0000016a391a0000, 0x0000016a39410000, 0x0000016a39740000]
 total_blobs=2138 nmethods=1710 adapters=341
 compilation: enabled
              stopped_count=0, restarted_count=0
 full_count=0

Compilation events (20 events):
Event: 88.991 Thread 0x0000016a4c0f8000 nmethod 1701 0x0000016a39a6b990 code [0x0000016a39a6bbc0, 0x0000016a39a6c2f8]
Event: 88.991 Thread 0x0000016a4c0f8000 1702  s    3       java.io.BufferedOutputStream::write (67 bytes)
Event: 88.992 Thread 0x0000016a4c0f8000 nmethod 1702 0x0000016a39a6c610 code [0x0000016a39a6c820, 0x0000016a39a6d018]
Event: 88.992 Thread 0x0000016a4c0f8000 1703       3       java.io.FileOutputStream::write (20 bytes)
Event: 88.992 Thread 0x0000016a4c0f8000 nmethod 1703 0x0000016a39a6d210 code [0x0000016a39a6d3e0, 0x0000016a39a6d588]
Event: 88.994 Thread 0x0000016a4c0f8000 1704       3       java.util.concurrent.ScheduledThreadPoolExecutor::reExecutePeriodic (49 bytes)
Event: 88.995 Thread 0x0000016a4c0f8000 nmethod 1704 0x0000016a39a6d690 code [0x0000016a39a6d8c0, 0x0000016a39a6df28]
Event: 88.995 Thread 0x0000016a4c0f8000 1705       3       java.util.concurrent.ThreadPoolExecutor::afterExecute (1 bytes)
Event: 88.995 Thread 0x0000016a4c0f8000 nmethod 1705 0x0000016a39a6e110 code [0x0000016a39a6e2c0, 0x0000016a39a6e3b8]
Event: 89.029 Thread 0x0000016a4c0ed000 1706       4       org.gradle.internal.logging.console.DefaultRedrawableLabel::redraw (163 bytes)
Event: 89.048 Thread 0x0000016a4c0ed000 nmethod 1706 0x0000016a40d0ea10 code [0x0000016a40d0ec40, 0x0000016a40d0f570]
Event: 89.460 Thread 0x0000016a4c0ed000 1707       4       java.util.HashMap$HashIterator::hasNext (13 bytes)
Event: 89.460 Thread 0x0000016a4c0ed000 nmethod 1707 0x0000016a40d0fd10 code [0x0000016a40d0fea0, 0x0000016a40d0ff18]
Event: 90.360 Thread 0x0000016a4c0ed000 1708       4       java.lang.AbstractStringBuilder::insert (54 bytes)
Event: 90.372 Thread 0x0000016a4c0ed000 nmethod 1708 0x0000016a40d10010 code [0x0000016a40d101e0, 0x0000016a40d10928]
Event: 90.429 Thread 0x0000016a4c0ed000 1709       4       java.util.LinkedHashMap$LinkedValueIterator::next (8 bytes)
Event: 90.431 Thread 0x0000016a4c0ed000 nmethod 1709 0x0000016a40d10d10 code [0x0000016a40d10ea0, 0x0000016a40d110d8]
Event: 91.154 Thread 0x0000016a4c0ed000 1710       4       java.util.AbstractList::listIterator (6 bytes)
Event: 91.157 Thread 0x0000016a4c0ed000 nmethod 1710 0x0000016a40d11210 code [0x0000016a40d113e0, 0x0000016a40d115a8]
Event: 91.701 Thread 0x0000016a4c0ed000 1711       4       org.gradle.internal.logging.console.DefaultWorkInProgressFormatter::format (102 bytes)

GC Heap History (2 events):
Event: 0.593 GC heap before
{Heap before GC invocations=0 (full 0):
 garbage-first heap   total 65536K, used 27648K [0x00000000fc000000, 0x0000000100000000)
  region size 1024K, 24 young (24576K), 0 survivors (0K)
 Metaspace       used 10303K, capacity 10542K, committed 10624K, reserved 1058816K
  class space    used 1046K, capacity 1129K, committed 1152K, reserved 1048576K
}
Event: 0.598 GC heap after
{Heap after GC invocations=1 (full 0):
 garbage-first heap   total 65536K, used 10112K [0x00000000fc000000, 0x0000000100000000)
  region size 1024K, 3 young (3072K), 3 survivors (3072K)
 Metaspace       used 10303K, capacity 10542K, committed 10624K, reserved 1058816K
  class space    used 1046K, capacity 1129K, committed 1152K, reserved 1048576K
}

Deoptimization events (20 events):
Event: 1.008 Thread 0x0000016a2f241000 Uncommon trap: trap_request=0xffffff4d fr.pc=0x0000016a40cc464c relative=0x0000000000001a6c
Event: 1.008 Thread 0x0000016a2f241000 Uncommon trap: reason=unstable_if action=reinterpret pc=0x0000016a40cc464c method=java.io.WinNTFileSystem.normalize(Ljava/lang/String;)Ljava/lang/String; @ 128 c2
Event: 1.008 Thread 0x0000016a2f241000 DEOPT PACKING pc=0x0000016a40cc464c sp=0x0000003835bfa030
Event: 1.008 Thread 0x0000016a2f241000 DEOPT UNPACKING pc=0x0000016a391ea1af sp=0x0000003835bfa008 mode 2
Event: 1.242 Thread 0x0000016a2f241000 Uncommon trap: trap_request=0xffffff4d fr.pc=0x0000016a40caaa10 relative=0x0000000000000550
Event: 1.242 Thread 0x0000016a2f241000 Uncommon trap: reason=unstable_if action=reinterpret pc=0x0000016a40caaa10 method=java.lang.AbstractStringBuilder.append(Ljava/lang/String;)Ljava/lang/AbstractStringBuilder; @ 1 c2
Event: 1.242 Thread 0x0000016a2f241000 DEOPT PACKING pc=0x0000016a40caaa10 sp=0x0000003835bfc570
Event: 1.242 Thread 0x0000016a2f241000 DEOPT UNPACKING pc=0x0000016a391ea1af sp=0x0000003835bfc4f0 mode 2
Event: 1.243 Thread 0x0000016a2f241000 Uncommon trap: trap_request=0xffffff4d fr.pc=0x0000016a40ca36e4 relative=0x0000000000000524
Event: 1.243 Thread 0x0000016a2f241000 Uncommon trap: reason=unstable_if action=reinterpret pc=0x0000016a40ca36e4 method=java.lang.AbstractStringBuilder.append(Ljava/lang/String;)Ljava/lang/AbstractStringBuilder; @ 1 c2
Event: 1.243 Thread 0x0000016a2f241000 DEOPT PACKING pc=0x0000016a40ca36e4 sp=0x0000003835bfc510
Event: 1.243 Thread 0x0000016a2f241000 DEOPT UNPACKING pc=0x0000016a391ea1af sp=0x0000003835bfc4f8 mode 2
Event: 56.246 Thread 0x0000016a2f241000 Uncommon trap: trap_request=0xffffff4d fr.pc=0x0000016a40cfb9fc relative=0x00000000000001bc
Event: 56.246 Thread 0x0000016a2f241000 Uncommon trap: reason=unstable_if action=reinterpret pc=0x0000016a40cfb9fc method=com.esotericsoftware.kryo.io.Input.require(I)I @ 65 c2
Event: 56.246 Thread 0x0000016a2f241000 DEOPT PACKING pc=0x0000016a40cfb9fc sp=0x0000003835bfc210
Event: 56.246 Thread 0x0000016a2f241000 DEOPT UNPACKING pc=0x0000016a391ea1af sp=0x0000003835bfc1c0 mode 2
Event: 82.524 Thread 0x0000016a2f241000 Uncommon trap: trap_request=0xffffff4d fr.pc=0x0000016a40cfef98 relative=0x0000000000000558
Event: 82.524 Thread 0x0000016a2f241000 Uncommon trap: reason=unstable_if action=reinterpret pc=0x0000016a40cfef98 method=com.esotericsoftware.kryo.io.Input.readUtf8(I)V @ 79 c2
Event: 82.524 Thread 0x0000016a2f241000 DEOPT PACKING pc=0x0000016a40cfef98 sp=0x0000003835bfc2a0
Event: 82.524 Thread 0x0000016a2f241000 DEOPT UNPACKING pc=0x0000016a391ea1af sp=0x0000003835bfc238 mode 2

Classes redefined (0 events):
No events

Internal exceptions (15 events):
Event: 0.181 Thread 0x0000016a2f241000 Exception <a 'java/lang/NoSuchMethodError'{0x00000000ffc644f0}: 'int java.lang.invoke.DirectMethodHandle$Holder.invokeStaticInit(java.lang.Object, java.lang.Object)'> (0x00000000ffc644f0) thrown at [./src/hotspot/share/interpreter/linkResolver.cpp, line 773]
Event: 0.215 Thread 0x0000016a2f241000 Exception <a 'java/lang/NoSuchMethodError'{0x00000000ffb39780}: 'int java.lang.invoke.DirectMethodHandle$Holder.invokeSpecial(java.lang.Object, java.lang.Object, java.lang.Object, java.lang.Object)'> (0x00000000ffb39780) thrown at [./src/hotspot/share/interpreter/linkResolver.cpp, line 773]
Event: 0.219 Thread 0x0000016a2f241000 Exception <a 'java/lang/NoSuchMethodError'{0x00000000ffb71cf8}: 'int java.lang.invoke.DirectMethodHandle$Holder.invokeSpecialIFC(java.lang.Object, java.lang.Object, int)'> (0x00000000ffb71cf8) thrown at [./src/hotspot/share/interpreter/linkResolver.cpp, line 773]
Event: 0.548 Thread 0x0000016a2f241000 Implicit null exception at 0x0000016a40cb4475 to 0x0000016a40cb4640
Event: 0.579 Thread 0x0000016a2f241000 Exception <a 'java/lang/NoClassDefFoundError'{0x00000000fe829488}: org/slf4j/impl/StaticMarkerBinder> (0x00000000fe829488) thrown at [./src/hotspot/share/classfile/systemDictionary.cpp, line 219]
Event: 0.608 Thread 0x0000016a2f241000 Exception <a 'java/lang/NoSuchMethodError'{0x00000000fff2a970}: 'java.lang.Object java.lang.invoke.DirectMethodHandle$Holder.invokeVirtual(java.lang.Object, java.lang.Object, java.lang.Object, java.lang.Object, java.lang.Object, java.lang.Object, java.lang.Object)'> (0x00000000fff2a970) thrown at [./src/hotspot/share/interpreter/linkResolver.cpp, line 773]
Event: 0.611 Thread 0x0000016a2f241000 Exception <a 'java/lang/NoSuchMethodError'{0x00000000fff3ec08}: 'java.lang.Object java.lang.invoke.Invokers$Holder.invoker(java.lang.Object, java.lang.Object, java.lang.Object)'> (0x00000000fff3ec08) thrown at [./src/hotspot/share/interpreter/linkResolver.cpp, line 773]
Event: 0.615 Thread 0x0000016a2f241000 Exception <a 'java/lang/NoSuchMethodError'{0x00000000fff4f8a8}: 'void java.lang.invoke.DelegatingMethodHandle$Holder.delegate(java.lang.Object, java.lang.Object, int, java.lang.Object)'> (0x00000000fff4f8a8) thrown at [./src/hotspot/share/interpreter/linkResolver.cpp, line 773]
Event: 0.767 Thread 0x0000016a2f241000 Exception <a 'java/lang/NoSuchMethodError'{0x00000000ff553b48}: 'java.lang.Object java.lang.invoke.DirectMethodHandle$Holder.invokeStaticInit(java.lang.Object, java.lang.Object, java.lang.Object)'> (0x00000000ff553b48) thrown at [./src/hotspot/share/interpreter/linkResolver.cpp, line 773]
Event: 0.866 Thread 0x0000016a2f241000 Exception <a 'java/lang/NoSuchMethodError'{0x00000000fef37a60}: 'java.lang.Object java.lang.invoke.DirectMethodHandle$Holder.invokeStaticInit(java.lang.Object, int, int, int, int)'> (0x00000000fef37a60) thrown at [./src/hotspot/share/interpreter/linkResolver.cpp, line 773]
Event: 1.009 Thread 0x0000016a2f241000 Exception <a 'sun/nio/fs/WindowsException'{0x00000000fef44ed0}> (0x00000000fef44ed0) thrown at [./src/hotspot/share/prims/jni.cpp, line 617]
Event: 1.010 Thread 0x0000016a2f241000 Exception <a 'java/lang/NoSuchMethodError'{0x00000000fef49190}: 'java.lang.Object java.lang.invoke.DirectMethodHandle$Holder.invokeStaticInit(java.lang.Object, java.lang.Object, int, int, int, int)'> (0x00000000fef49190) thrown at [./src/hotspot/share/interpreter/linkResolver.cpp, line 773]
Event: 1.240 Thread 0x0000016a2f241000 Exception <a 'java/lang/NoSuchMethodError'{0x00000000fee20ec0}: 'void java.lang.invoke.DirectMethodHandle$Holder.invokeSpecial(java.lang.Object, java.lang.Object)'> (0x00000000fee20ec0) thrown at [./src/hotspot/share/interpreter/linkResolver.cpp, line 773]
Event: 1.242 Thread 0x0000016a2f241000 Implicit null exception at 0x0000016a40caa4f4 to 0x0000016a40caa9f8
Event: 1.243 Thread 0x0000016a2f241000 Implicit null exception at 0x0000016a40ca31f4 to 0x0000016a40ca36cc

Events (20 events):
Event: 15.155 loading class java/io/ObjectInputStream$BlockDataInputStream
Event: 15.156 loading class java/io/ObjectInputStream$BlockDataInputStream done
Event: 15.156 loading class java/io/ObjectInputStream$PeekInputStream
Event: 15.156 loading class java/io/ObjectInputStream$PeekInputStream done
Event: 15.156 loading class java/io/ObjectInputStream$HandleTable
Event: 15.156 loading class java/io/ObjectInputStream$HandleTable done
Event: 15.156 loading class java/io/ObjectInputStream$HandleTable$HandleList
Event: 15.156 loading class java/io/ObjectInputStream$HandleTable$HandleList done
Event: 15.156 loading class java/io/ObjectInputStream$ValidationList
Event: 15.156 loading class java/io/ObjectInputStream$ValidationList done
Event: 15.156 loading class java/io/ObjectInputFilter$Config
Event: 15.156 loading class java/io/ObjectInputFilter$Config done
Event: 15.156 loading class java/io/ObjectInputFilter
Event: 15.156 loading class java/io/ObjectInputFilter done
Event: 15.157 loading class jdk/internal/misc/JavaObjectInputFilterAccess
Event: 15.157 loading class jdk/internal/misc/JavaObjectInputFilterAccess done
Event: 15.157 loading class java/io/Bits
Event: 15.158 loading class java/io/Bits done
Event: 15.159 loading class org/gradle/internal/serialize/ExceptionReplacingObjectInputStream$1
Event: 15.159 loading class org/gradle/internal/serialize/ExceptionReplacingObjectInputStream$1 done


Dynamic libraries:
0x00007ff7af0e0000 - 0x00007ff7af0ed000 	C:\Program Files\Microsoft\jdk-11.0.18.10-hotspot\bin\java.exe
0x00007ff9b75d0000 - 0x00007ff9b77c8000 	C:\Windows\SYSTEM32\ntdll.dll
0x00007ff9b6490000 - 0x00007ff9b654f000 	C:\Windows\System32\KERNEL32.DLL
0x00007ff9b5170000 - 0x00007ff9b5466000 	C:\Windows\System32\KERNELBASE.dll
0x00007ff9b5470000 - 0x00007ff9b5570000 	C:\Windows\System32\ucrtbase.dll
0x00007ff994710000 - 0x00007ff994727000 	C:\Program Files\Microsoft\jdk-11.0.18.10-hotspot\bin\jli.dll
0x00007ff991370000 - 0x00007ff991385000 	C:\Program Files\Microsoft\jdk-11.0.18.10-hotspot\bin\VCRUNTIME140.dll
0x00007ff9b5950000 - 0x00007ff9b5aed000 	C:\Windows\System32\USER32.dll
0x00007ff99b7a0000 - 0x00007ff99ba3a000 	C:\Windows\WinSxS\amd64_microsoft.windows.common-controls_6595b64144ccf1df_6.0.19041.1110_none_60b5254171f9507e\COMCTL32.dll
0x00007ff9b5570000 - 0x00007ff9b5592000 	C:\Windows\System32\win32u.dll
0x00007ff9b6550000 - 0x00007ff9b65ee000 	C:\Windows\System32\msvcrt.dll
0x00007ff9b7200000 - 0x00007ff9b722c000 	C:\Windows\System32\GDI32.dll
0x00007ff9b4cb0000 - 0x00007ff9b4dc5000 	C:\Windows\System32\gdi32full.dll
0x00007ff9b4f70000 - 0x00007ff9b500d000 	C:\Windows\System32\msvcp_win.dll
0x00007ff9b7010000 - 0x00007ff9b7040000 	C:\Windows\System32\IMM32.DLL
0x00007ff976760000 - 0x00007ff9767fb000 	C:\Program Files\Microsoft\jdk-11.0.18.10-hotspot\bin\msvcp140.dll
0x00007ff91ff20000 - 0x00007ff920ab2000 	C:\Program Files\Microsoft\jdk-11.0.18.10-hotspot\bin\server\jvm.dll
0x00007ff9b7150000 - 0x00007ff9b71ff000 	C:\Windows\System32\ADVAPI32.dll
0x00007ff9b5bd0000 - 0x00007ff9b5c6c000 	C:\Windows\System32\sechost.dll
0x00007ff9b6a80000 - 0x00007ff9b6ba6000 	C:\Windows\System32\RPCRT4.dll
0x00007ff9b65f0000 - 0x00007ff9b65f8000 	C:\Windows\System32\PSAPI.DLL
0x00007ff9adfd0000 - 0x00007ff9adfd9000 	C:\Windows\SYSTEM32\WSOCK32.dll
0x00007ff9b2c40000 - 0x00007ff9b2c4a000 	C:\Windows\SYSTEM32\VERSION.dll
0x00007ff9a2050000 - 0x00007ff9a2077000 	C:\Windows\SYSTEM32\WINMM.dll
0x00007ff9b6cf0000 - 0x00007ff9b6d5b000 	C:\Windows\System32\WS2_32.dll
0x00007ff9b34f0000 - 0x00007ff9b3502000 	C:\Windows\SYSTEM32\kernel.appcore.dll
0x00007ff9ad830000 - 0x00007ff9ad840000 	C:\Program Files\Microsoft\jdk-11.0.18.10-hotspot\bin\verify.dll
0x00007ff9b2170000 - 0x00007ff9b2354000 	C:\Windows\SYSTEM32\DBGHELP.DLL
0x00007ff9a10d0000 - 0x00007ff9a1104000 	C:\Windows\SYSTEM32\dbgcore.DLL
0x00007ff9b55a0000 - 0x00007ff9b5622000 	C:\Windows\System32\bcryptPrimitives.dll
0x00007ff979b20000 - 0x00007ff979b48000 	C:\Program Files\Microsoft\jdk-11.0.18.10-hotspot\bin\java.dll
0x00007ff9ad200000 - 0x00007ff9ad20a000 	C:\Program Files\Microsoft\jdk-11.0.18.10-hotspot\bin\jimage.dll
0x00007ff97c1e0000 - 0x00007ff97c1f8000 	C:\Program Files\Microsoft\jdk-11.0.18.10-hotspot\bin\zip.dll
0x00007ff9b5c70000 - 0x00007ff9b63b4000 	C:\Windows\System32\SHELL32.dll
0x00007ff9b2d40000 - 0x00007ff9b34d4000 	C:\Windows\SYSTEM32\windows.storage.dll
0x00007ff9b7230000 - 0x00007ff9b7584000 	C:\Windows\System32\combase.dll
0x00007ff9b46f0000 - 0x00007ff9b471e000 	C:\Windows\SYSTEM32\Wldp.dll
0x00007ff9b6bc0000 - 0x00007ff9b6c6d000 	C:\Windows\System32\SHCORE.dll
0x00007ff9b6d60000 - 0x00007ff9b6db5000 	C:\Windows\System32\shlwapi.dll
0x00007ff9b4be0000 - 0x00007ff9b4c05000 	C:\Windows\SYSTEM32\profapi.dll
0x00007ff9782b0000 - 0x00007ff9782c9000 	C:\Program Files\Microsoft\jdk-11.0.18.10-hotspot\bin\net.dll
0x00007ff9ac390000 - 0x00007ff9ac49a000 	C:\Windows\SYSTEM32\WINHTTP.dll
0x00007ff9b4450000 - 0x00007ff9b44ba000 	C:\Windows\system32\mswsock.dll
0x00007ff977ea0000 - 0x00007ff977eb3000 	C:\Program Files\Microsoft\jdk-11.0.18.10-hotspot\bin\nio.dll
0x00007ff9a18b0000 - 0x00007ff9a18d7000 	C:\Users\Finner\.gradle\native\68d5fa5c4cc2d200863cafc0d521ce42e7d3e7ee720ec0a83991735586a16f82\windows-amd64\native-platform.dll
0x00007ff98fc30000 - 0x00007ff98fc3a000 	C:\Users\Finner\.gradle\native\jansi\1.18\windows64\jansi.dll
0x00007ff98d750000 - 0x00007ff98d759000 	C:\Program Files\Microsoft\jdk-11.0.18.10-hotspot\bin\management.dll
0x00007ff98c7d0000 - 0x00007ff98c7db000 	C:\Program Files\Microsoft\jdk-11.0.18.10-hotspot\bin\management_ext.dll
0x00007ff9b4640000 - 0x00007ff9b4658000 	C:\Windows\SYSTEM32\CRYPTSP.dll
0x00007ff9b3d00000 - 0x00007ff9b3d34000 	C:\Windows\system32\rsaenh.dll
0x00007ff9b4dd0000 - 0x00007ff9b4df7000 	C:\Windows\System32\bcrypt.dll
0x00007ff9b4ba0000 - 0x00007ff9b4bce000 	C:\Windows\SYSTEM32\USERENV.dll
0x00007ff9b4660000 - 0x00007ff9b466c000 	C:\Windows\SYSTEM32\CRYPTBASE.dll
0x00007ff9b40f0000 - 0x00007ff9b412c000 	C:\Windows\SYSTEM32\IPHLPAPI.DLL
0x00007ff9b6bb0000 - 0x00007ff9b6bb8000 	C:\Windows\System32\NSI.dll
0x00007ff9ad7a0000 - 0x00007ff9ad7b7000 	C:\Windows\SYSTEM32\dhcpcsvc6.DLL
0x00007ff9ae550000 - 0x00007ff9ae56d000 	C:\Windows\SYSTEM32\dhcpcsvc.DLL
0x00007ff9b4140000 - 0x00007ff9b420a000 	C:\Windows\SYSTEM32\DNSAPI.dll

dbghelp: loaded successfully - version: 4.0.5 - missing functions: none
symbol engine: initialized successfully - sym options: 0x614 - pdb path: .;C:\Program Files\Microsoft\jdk-11.0.18.10-hotspot\bin;C:\Windows\SYSTEM32;C:\Windows\WinSxS\amd64_microsoft.windows.common-controls_6595b64144ccf1df_6.0.19041.1110_none_60b5254171f9507e;C:\Program Files\Microsoft\jdk-11.0.18.10-hotspot\bin\server;C:\Users\Finner\.gradle\native\68d5fa5c4cc2d200863cafc0d521ce42e7d3e7ee720ec0a83991735586a16f82\windows-amd64;C:\Users\Finner\.gradle\native\jansi\1.18\windows64

VM Arguments:
jvm_args: -Xmx64m -Xms64m -Dorg.gradle.appname=gradlew 
java_command: org.gradle.wrapper.GradleWrapperMain app:installDebug -PreactNativeDevServerPort=8081
java_class_path (initial): D:\Mobile-Projects\Finner\android\\gradle\wrapper\gradle-wrapper.jar
Launcher Type: SUN_STANDARD

[Global flags]
     intx CICompilerCount                          = 4                                         {product} {ergonomic}
     uint ConcGCThreads                            = 2                                         {product} {ergonomic}
     uint G1ConcRefinementThreads                  = 8                                         {product} {ergonomic}
   size_t G1HeapRegionSize                         = 1048576                                   {product} {ergonomic}
    uintx GCDrainStackTargetSize                   = 64                                        {product} {ergonomic}
   size_t InitialHeapSize                          = 67108864                                  {product} {command line}
   size_t MarkStackSize                            = 4194304                                   {product} {ergonomic}
   size_t MaxHeapSize                              = 67108864                                  {product} {command line}
   size_t MaxNewSize                               = 39845888                                  {product} {ergonomic}
   size_t MinHeapDeltaBytes                        = 1048576                                   {product} {ergonomic}
    uintx NonNMethodCodeHeapSize                   = 5836300                                {pd product} {ergonomic}
    uintx NonProfiledCodeHeapSize                  = 122910970                              {pd product} {ergonomic}
    uintx ProfiledCodeHeapSize                     = 122910970                              {pd product} {ergonomic}
    uintx ReservedCodeCacheSize                    = 251658240                              {pd product} {ergonomic}
     bool SegmentedCodeCache                       = true                                      {product} {ergonomic}
     bool UseCompressedClassPointers               = true                                 {lp64_product} {ergonomic}
     bool UseCompressedOops                        = true                                 {lp64_product} {ergonomic}
     bool UseG1GC                                  = true                                      {product} {ergonomic}
     bool UseLargePagesIndividualAllocation        = false                                  {pd product} {ergonomic}

Logging:
Log output configuration:
 #0: stdout all=warning uptime,level,tags
 #1: stderr all=off uptime,level,tags

Environment Variables:
JAVA_HOME=C:\Program Files\Microsoft\jdk-11.0.18.10-hotspot\
CLASSPATH=D:\Mobile-Projects\Finner\android\\gradle\wrapper\gradle-wrapper.jar
PATH=C:\Users\Finner\AppData\Local\Temp\yarn--1691112640873-0.6972983935407315;D:\Mobile-Projects\Finner\node_modules\.bin;C:\Users\Finner\AppData\Local\Yarn\Data\link\node_modules\.bin;C:\Users\Finner\AppData\Local\Yarn\bin;C:\Program Files\libexec\lib\node_modules\npm\bin\node-gyp-bin;C:\Program Files\lib\node_modules\npm\bin\node-gyp-bin;C:\Program Files\nodejs\node_modules\npm\bin\node-gyp-bin;C:\Program Files\WindowsApps\Microsoft.PowerShell_7.3.3.0_x64__8wekyb3d8bbwe;C:\Program Files (x86)\Common Files\Intel\Shared Libraries\redist\intel64\compiler;C:\Program Files\Microsoft\jdk-11.0.18.10-hotspot\bin;C:\Program Files (x86)\Intel\iCLS Client\;C:\Program Files\Intel\iCLS Client\;C:\Windows\system32;C:\Windows;C:\Windows\System32\Wbem;C:\Windows\System32\WindowsPowerShell\v1.0\;C:\Windows\System32\OpenSSH\;C:\Program Files (x86)\NVIDIA Corporation\PhysX\Common;C:\Program Files\NVIDIA Corporation\NVIDIA NvDLISR;C:\ProgramData\chocolatey\bin;C:\Program Files\Git\cmd;C:\Program Files\OpenJDK\openjdk-11.0.16_8\bin;c:\Program Files (x86)\Intel\Intel(R) Management Engine Components\DAL;c:\Program Files\Intel\Intel(R) Management Engine Components\DAL;c:\Program Files (x86)\Intel\Intel(R) Management Engine Components\IPT;c:\Program Files\Intel\Intel(R) Management Engine Components\IPT;C:\Program Files\nodejs\;C:\Program Files\PowerShell\7-preview\preview;C:\Users\Finner\.amplify\bin;C:\Users\Finner\AppData\Local\Microsoft\WindowsApps;C:\Users\Finner\AppData\Local\Android\Sdk\platform-tools;C:\Users\Finner\AppData\Local\Programs\oh-my-posh\bin;C:\Users\Finner\AppData\Local\Programs\Microsoft VS Code\bin;C:\Users\Finner\AppData\Roaming\npm
USERNAME=Finner
OS=Windows_NT
PROCESSOR_IDENTIFIER=Intel64 Family 6 Model 158 Stepping 9, GenuineIntel
TMP=C:\Windows\TEMP
TEMP=C:\Users\Finner\AppData\Local\Temp



---------------  S Y S T E M  ---------------

OS: Windows 10 , 64 bit Build 19041 (10.0.19041.3155)
OS uptime: 0 days 16:21 hours

CPU:total 8 (initial active 8) (4 cores per cpu, 2 threads per core) family 6 model 158 stepping 9 microcode 0xb4, cmov, cx8, fxsr, mmx, sse, sse2, sse3, ssse3, sse4.1, sse4.2, popcnt, avx, avx2, aes, clmul, erms, 3dnowpref, lzcnt, ht, tsc, tscinvbit, bmi1, bmi2, adx, fma

Memory: 4k page, system-wide physical 16276M (814M free)
TotalPageFile size 19135M (AvailPageFile size 3M)
current process WorkingSet (physical memory assigned to process): 92M, peak: 93M
current process commit charge ("private bytes"): 165M, peak: 166M

vm_info: OpenJDK 64-Bit Server VM (11.0.18+10-LTS) for windows-amd64 JRE (11.0.18+10-LTS), built on Jan 18 2023 15:56:47 by "MicrosoftCorporation" with MS VC++ 15.9 (VS2017)

END.
