#
# There is insufficient memory for the Java Runtime Environment to continue.
# Native memory allocation (malloc) failed to allocate 331616 bytes for Chunk::new
# Possible reasons:
#   The system is out of physical RAM or swap space
#   The process is running with CompressedOops enabled, and the Java Heap may be blocking the growth of the native heap
# Possible solutions:
#   Reduce memory load on the system
#   Increase physical memory or swap space
#   Check if swap backing store is full
#   Decrease Java heap size (-Xmx/-Xms)
#   Decrease number of Java threads
#   Decrease Java thread stack sizes (-Xss)
#   Set larger code cache with -XX:ReservedCodeCacheSize=
#   JVM is running with Unscaled Compressed Oops mode in which the Java heap is
#     placed in the first 4GB address space. The Java Heap base address is the
#     maximum limit for the native heap growth. Please use -XX:HeapBaseMinAddress
#     to set the Java Heap base and to place the Java Heap above 4GB virtual address.
# This output file may be truncated or incomplete.
#
#  Out of Memory Error (./src/hotspot/share/memory/arena.cpp:197), pid=9572, tid=19428
#
# JRE version: OpenJDK Runtime Environment Microsoft-7208460 (11.0.18+10) (build 11.0.18+10-LTS)
# Java VM: OpenJDK 64-Bit Server VM Microsoft-7208460 (11.0.18+10-LTS, mixed mode, tiered, compressed oops, g1 gc, windows-amd64)
# No core dump will be written. Minidumps are not enabled by default on client versions of Windows
#

---------------  S U M M A R Y ------------

Command Line: -Xmx64m -Xms64m -Dorg.gradle.appname=gradlew org.gradle.wrapper.GradleWrapperMain tasks

Host: Intel(R) Core(TM) i7-7700HQ CPU @ 2.80GHz, 8 cores, 15G,  Windows 10 , 64 bit Build 19041 (10.0.19041.3155)
Time: Fri Aug  4 08:45:28 2023 SE Asia Standard Time elapsed time: 0.869833 seconds (0d 0h 0m 0s)

---------------  T H R E A D  ---------------

Current thread (0x000002613db8d000):  JavaThread "C2 CompilerThread1" daemon [_thread_in_native, id=19428, stack(0x00000084cdc00000,0x00000084cdd00000)]


Current CompileTask:
C2:    870 1062       4       jdk.internal.util.jar.JarIndex::get (49 bytes)

Stack: [0x00000084cdc00000,0x00000084cdd00000]
Native frames: (J=compiled Java code, j=interpreted, Vv=VM code, C=native code)
V  [jvm.dll+0x62bf8a]
V  [jvm.dll+0x7b8fb9]
V  [jvm.dll+0x7ba6a8]
V  [jvm.dll+0x7bad83]
V  [jvm.dll+0x250248]
V  [jvm.dll+0xc260c]
V  [jvm.dll+0xc2bcc]
V  [jvm.dll+0x2c4e64]
V  [jvm.dll+0x533dcc]
V  [jvm.dll+0x21177b]
V  [jvm.dll+0x20b39a]
V  [jvm.dll+0x2083eb]
V  [jvm.dll+0x18a4b1]
V  [jvm.dll+0x217eec]
V  [jvm.dll+0x21612b]
V  [jvm.dll+0x77bac0]
V  [jvm.dll+0x7749f4]
V  [jvm.dll+0x62adf5]
C  [ucrtbase.dll+0x21bb2]
C  [KERNEL32.DLL+0x17614]
C  [ntdll.dll+0x526b1]


---------------  P R O C E S S  ---------------

Threads class SMR info:
_java_thread_list=0x000002613e6dae50, length=13, elements={
0x00000261208c1800, 0x000002613d6dd800, 0x000002613d6e8800, 0x000002613d747800,
0x000002613d74a800, 0x000002613d74c000, 0x000002613d6f1800, 0x000002613d6fa800,
0x000002613d6ff000, 0x000002613d9cf000, 0x000002613db8d000, 0x000002613e21e000,
0x000002613e9ab800
}

Java Threads: ( => current thread )
  0x00000261208c1800 JavaThread "main" [_thread_in_Java, id=11452, stack(0x00000084ccb00000,0x00000084ccc00000)]
  0x000002613d6dd800 JavaThread "Reference Handler" daemon [_thread_blocked, id=14652, stack(0x00000084cd200000,0x00000084cd300000)]
  0x000002613d6e8800 JavaThread "Finalizer" daemon [_thread_blocked, id=7588, stack(0x00000084cd300000,0x00000084cd400000)]
  0x000002613d747800 JavaThread "Signal Dispatcher" daemon [_thread_blocked, id=16188, stack(0x00000084cd400000,0x00000084cd500000)]
  0x000002613d74a800 JavaThread "Attach Listener" daemon [_thread_blocked, id=16156, stack(0x00000084cd500000,0x00000084cd600000)]
  0x000002613d74c000 JavaThread "Service Thread" daemon [_thread_blocked, id=2540, stack(0x00000084cd600000,0x00000084cd700000)]
  0x000002613d6f1800 JavaThread "C2 CompilerThread0" daemon [_thread_blocked, id=7664, stack(0x00000084cd700000,0x00000084cd800000)]
  0x000002613d6fa800 JavaThread "C1 CompilerThread0" daemon [_thread_blocked, id=16724, stack(0x00000084cd800000,0x00000084cd900000)]
  0x000002613d6ff000 JavaThread "Sweeper thread" daemon [_thread_blocked, id=476, stack(0x00000084cd900000,0x00000084cda00000)]
  0x000002613d9cf000 JavaThread "Common-Cleaner" daemon [_thread_blocked, id=11404, stack(0x00000084cdb00000,0x00000084cdc00000)]
=>0x000002613db8d000 JavaThread "C2 CompilerThread1" daemon [_thread_in_native, id=19428, stack(0x00000084cdc00000,0x00000084cdd00000)]
  0x000002613e21e000 JavaThread "C2 CompilerThread2" daemon [_thread_blocked, id=13084, stack(0x00000084cde00000,0x00000084cdf00000)]
  0x000002613e9ab800 JavaThread "pool-1-thread-1" [_thread_blocked, id=8012, stack(0x00000084cdf00000,0x00000084ce000000)]

Other Threads:
  0x000002613d6b6800 VMThread "VM Thread" [stack: 0x00000084cd100000,0x00000084cd200000] [id=19236]
  0x000002613d9c2800 WatcherThread [stack: 0x00000084cda00000,0x00000084cdb00000] [id=19432]
  0x00000261208db000 GCTaskThread "GC Thread#0" [stack: 0x00000084ccc00000,0x00000084ccd00000] [id=8008]
  0x000002613e6e3000 GCTaskThread "GC Thread#1" [stack: 0x00000084cdd00000,0x00000084cde00000] [id=13624]
  0x00000261208e2800 ConcurrentGCThread "G1 Main Marker" [stack: 0x00000084ccd00000,0x00000084cce00000] [id=14716]
  0x00000261208e4000 ConcurrentGCThread "G1 Conc#0" [stack: 0x00000084cce00000,0x00000084ccf00000] [id=1788]
  0x000002612094e000 ConcurrentGCThread "G1 Refine#0" [stack: 0x00000084ccf00000,0x00000084cd000000] [id=14656]
  0x000002612094f000 ConcurrentGCThread "G1 Young RemSet Sampling" [stack: 0x00000084cd000000,0x00000084cd100000] [id=12220]

Threads with active compile tasks:
C2 CompilerThread1      902 1062       4       jdk.internal.util.jar.JarIndex::get (49 bytes)

VM state:not at safepoint (normal execution)

VM Mutex/Monitor currently owned by a thread:  ([mutex/lock_event])
[0x00000261208b0c50] SystemDictionary_lock - owner thread: 0x0000000000000000

Heap address: 0x00000000fc000000, size: 64 MB, Compressed Oops mode: 32-bit
Narrow klass base: 0x0000000000000000, Narrow klass shift: 3
Compressed class space size: 1073741824 Address: 0x0000000100000000

Heap:
 garbage-first heap   total 65536K, used 24473K [0x00000000fc000000, 0x0000000100000000)
  region size 1024K, 18 young (18432K), 3 survivors (3072K)
 Metaspace       used 13477K, capacity 13752K, committed 13952K, reserved 1067008K
  class space    used 1527K, capacity 1629K, committed 1664K, reserved 1048576K
Heap Regions: E=young(eden), S=young(survivor), O=old, HS=humongous(starts), HC=humongous(continues), CS=collection set, F=free, A=archive, TAMS=top-at-mark-start (previous, next)
|   0|0x00000000fc000000, 0x00000000fc100000, 0x00000000fc100000|100%|HS|  |TAMS 0x00000000fc000000, 0x00000000fc000000| Complete 
|   1|0x00000000fc100000, 0x00000000fc200000, 0x00000000fc200000|100%|HC|  |TAMS 0x00000000fc100000, 0x00000000fc100000| Complete 
|   2|0x00000000fc200000, 0x00000000fc300000, 0x00000000fc300000|100%|HC|  |TAMS 0x00000000fc200000, 0x00000000fc200000| Complete 
|   3|0x00000000fc300000, 0x00000000fc400000, 0x00000000fc400000|100%|HC|  |TAMS 0x00000000fc300000, 0x00000000fc300000| Complete 
|   4|0x00000000fc400000, 0x00000000fc500000, 0x00000000fc500000|100%| O|  |TAMS 0x00000000fc400000, 0x00000000fc400000| Untracked 
|   5|0x00000000fc500000, 0x00000000fc600000, 0x00000000fc600000|100%| O|  |TAMS 0x00000000fc500000, 0x00000000fc500000| Untracked 
|   6|0x00000000fc600000, 0x00000000fc6e6600, 0x00000000fc700000| 89%| O|  |TAMS 0x00000000fc600000, 0x00000000fc600000| Untracked 
|   7|0x00000000fc700000, 0x00000000fc700000, 0x00000000fc800000|  0%| F|  |TAMS 0x00000000fc700000, 0x00000000fc700000| Untracked 
|   8|0x00000000fc800000, 0x00000000fc800000, 0x00000000fc900000|  0%| F|  |TAMS 0x00000000fc800000, 0x00000000fc800000| Untracked 
|   9|0x00000000fc900000, 0x00000000fc900000, 0x00000000fca00000|  0%| F|  |TAMS 0x00000000fc900000, 0x00000000fc900000| Untracked 
|  10|0x00000000fca00000, 0x00000000fca00000, 0x00000000fcb00000|  0%| F|  |TAMS 0x00000000fca00000, 0x00000000fca00000| Untracked 
|  11|0x00000000fcb00000, 0x00000000fcb00000, 0x00000000fcc00000|  0%| F|  |TAMS 0x00000000fcb00000, 0x00000000fcb00000| Untracked 
|  12|0x00000000fcc00000, 0x00000000fcc00000, 0x00000000fcd00000|  0%| F|  |TAMS 0x00000000fcc00000, 0x00000000fcc00000| Untracked 
|  13|0x00000000fcd00000, 0x00000000fcd00000, 0x00000000fce00000|  0%| F|  |TAMS 0x00000000fcd00000, 0x00000000fcd00000| Untracked 
|  14|0x00000000fce00000, 0x00000000fce00000, 0x00000000fcf00000|  0%| F|  |TAMS 0x00000000fce00000, 0x00000000fce00000| Untracked 
|  15|0x00000000fcf00000, 0x00000000fcf00000, 0x00000000fd000000|  0%| F|  |TAMS 0x00000000fcf00000, 0x00000000fcf00000| Untracked 
|  16|0x00000000fd000000, 0x00000000fd000000, 0x00000000fd100000|  0%| F|  |TAMS 0x00000000fd000000, 0x00000000fd000000| Untracked 
|  17|0x00000000fd100000, 0x00000000fd100000, 0x00000000fd200000|  0%| F|  |TAMS 0x00000000fd100000, 0x00000000fd100000| Untracked 
|  18|0x00000000fd200000, 0x00000000fd200000, 0x00000000fd300000|  0%| F|  |TAMS 0x00000000fd200000, 0x00000000fd200000| Untracked 
|  19|0x00000000fd300000, 0x00000000fd300000, 0x00000000fd400000|  0%| F|  |TAMS 0x00000000fd300000, 0x00000000fd300000| Untracked 
|  20|0x00000000fd400000, 0x00000000fd400000, 0x00000000fd500000|  0%| F|  |TAMS 0x00000000fd400000, 0x00000000fd400000| Untracked 
|  21|0x00000000fd500000, 0x00000000fd500000, 0x00000000fd600000|  0%| F|  |TAMS 0x00000000fd500000, 0x00000000fd500000| Untracked 
|  22|0x00000000fd600000, 0x00000000fd600000, 0x00000000fd700000|  0%| F|  |TAMS 0x00000000fd600000, 0x00000000fd600000| Untracked 
|  23|0x00000000fd700000, 0x00000000fd700000, 0x00000000fd800000|  0%| F|  |TAMS 0x00000000fd700000, 0x00000000fd700000| Untracked 
|  24|0x00000000fd800000, 0x00000000fd800000, 0x00000000fd900000|  0%| F|  |TAMS 0x00000000fd800000, 0x00000000fd800000| Untracked 
|  25|0x00000000fd900000, 0x00000000fd900000, 0x00000000fda00000|  0%| F|  |TAMS 0x00000000fd900000, 0x00000000fd900000| Untracked 
|  26|0x00000000fda00000, 0x00000000fda00000, 0x00000000fdb00000|  0%| F|  |TAMS 0x00000000fda00000, 0x00000000fda00000| Untracked 
|  27|0x00000000fdb00000, 0x00000000fdb00000, 0x00000000fdc00000|  0%| F|  |TAMS 0x00000000fdb00000, 0x00000000fdb00000| Untracked 
|  28|0x00000000fdc00000, 0x00000000fdc00000, 0x00000000fdd00000|  0%| F|  |TAMS 0x00000000fdc00000, 0x00000000fdc00000| Untracked 
|  29|0x00000000fdd00000, 0x00000000fdd00000, 0x00000000fde00000|  0%| F|  |TAMS 0x00000000fdd00000, 0x00000000fdd00000| Untracked 
|  30|0x00000000fde00000, 0x00000000fde00000, 0x00000000fdf00000|  0%| F|  |TAMS 0x00000000fde00000, 0x00000000fde00000| Untracked 
|  31|0x00000000fdf00000, 0x00000000fdf00000, 0x00000000fe000000|  0%| F|  |TAMS 0x00000000fdf00000, 0x00000000fdf00000| Untracked 
|  32|0x00000000fe000000, 0x00000000fe000000, 0x00000000fe100000|  0%| F|  |TAMS 0x00000000fe000000, 0x00000000fe000000| Untracked 
|  33|0x00000000fe100000, 0x00000000fe100000, 0x00000000fe200000|  0%| F|  |TAMS 0x00000000fe100000, 0x00000000fe100000| Untracked 
|  34|0x00000000fe200000, 0x00000000fe200000, 0x00000000fe300000|  0%| F|  |TAMS 0x00000000fe200000, 0x00000000fe200000| Untracked 
|  35|0x00000000fe300000, 0x00000000fe300000, 0x00000000fe400000|  0%| F|  |TAMS 0x00000000fe300000, 0x00000000fe300000| Untracked 
|  36|0x00000000fe400000, 0x00000000fe400000, 0x00000000fe500000|  0%| F|  |TAMS 0x00000000fe400000, 0x00000000fe400000| Untracked 
|  37|0x00000000fe500000, 0x00000000fe600000, 0x00000000fe600000|100%| S|CS|TAMS 0x00000000fe500000, 0x00000000fe500000| Complete 
|  38|0x00000000fe600000, 0x00000000fe700000, 0x00000000fe700000|100%| S|CS|TAMS 0x00000000fe600000, 0x00000000fe600000| Complete 
|  39|0x00000000fe700000, 0x00000000fe800000, 0x00000000fe800000|100%| S|CS|TAMS 0x00000000fe700000, 0x00000000fe700000| Complete 
|  40|0x00000000fe800000, 0x00000000fe800000, 0x00000000fe900000|  0%| F|  |TAMS 0x00000000fe800000, 0x00000000fe800000| Untracked 
|  41|0x00000000fe900000, 0x00000000fe900000, 0x00000000fea00000|  0%| F|  |TAMS 0x00000000fe900000, 0x00000000fe900000| Untracked 
|  42|0x00000000fea00000, 0x00000000fea00000, 0x00000000feb00000|  0%| F|  |TAMS 0x00000000fea00000, 0x00000000fea00000| Untracked 
|  43|0x00000000feb00000, 0x00000000feb00000, 0x00000000fec00000|  0%| F|  |TAMS 0x00000000feb00000, 0x00000000feb00000| Untracked 
|  44|0x00000000fec00000, 0x00000000fec00000, 0x00000000fed00000|  0%| F|  |TAMS 0x00000000fec00000, 0x00000000fec00000| Untracked 
|  45|0x00000000fed00000, 0x00000000fed00000, 0x00000000fee00000|  0%| F|  |TAMS 0x00000000fed00000, 0x00000000fed00000| Untracked 
|  46|0x00000000fee00000, 0x00000000fee00000, 0x00000000fef00000|  0%| F|  |TAMS 0x00000000fee00000, 0x00000000fee00000| Untracked 
|  47|0x00000000fef00000, 0x00000000fef00000, 0x00000000ff000000|  0%| F|  |TAMS 0x00000000fef00000, 0x00000000fef00000| Untracked 
|  48|0x00000000ff000000, 0x00000000ff000000, 0x00000000ff100000|  0%| F|  |TAMS 0x00000000ff000000, 0x00000000ff000000| Untracked 
|  49|0x00000000ff100000, 0x00000000ff180800, 0x00000000ff200000| 50%| E|  |TAMS 0x00000000ff100000, 0x00000000ff100000| Complete 
|  50|0x00000000ff200000, 0x00000000ff300000, 0x00000000ff300000|100%| E|CS|TAMS 0x00000000ff200000, 0x00000000ff200000| Complete 
|  51|0x00000000ff300000, 0x00000000ff400000, 0x00000000ff400000|100%| E|CS|TAMS 0x00000000ff300000, 0x00000000ff300000| Complete 
|  52|0x00000000ff400000, 0x00000000ff500000, 0x00000000ff500000|100%| E|CS|TAMS 0x00000000ff400000, 0x00000000ff400000| Complete 
|  53|0x00000000ff500000, 0x00000000ff600000, 0x00000000ff600000|100%| E|CS|TAMS 0x00000000ff500000, 0x00000000ff500000| Complete 
|  54|0x00000000ff600000, 0x00000000ff700000, 0x00000000ff700000|100%| E|CS|TAMS 0x00000000ff600000, 0x00000000ff600000| Complete 
|  55|0x00000000ff700000, 0x00000000ff800000, 0x00000000ff800000|100%| E|CS|TAMS 0x00000000ff700000, 0x00000000ff700000| Complete 
|  56|0x00000000ff800000, 0x00000000ff900000, 0x00000000ff900000|100%| E|CS|TAMS 0x00000000ff800000, 0x00000000ff800000| Complete 
|  57|0x00000000ff900000, 0x00000000ffa00000, 0x00000000ffa00000|100%| E|CS|TAMS 0x00000000ff900000, 0x00000000ff900000| Complete 
|  58|0x00000000ffa00000, 0x00000000ffb00000, 0x00000000ffb00000|100%| E|CS|TAMS 0x00000000ffa00000, 0x00000000ffa00000| Complete 
|  59|0x00000000ffb00000, 0x00000000ffc00000, 0x00000000ffc00000|100%| E|CS|TAMS 0x00000000ffb00000, 0x00000000ffb00000| Complete 
|  60|0x00000000ffc00000, 0x00000000ffd00000, 0x00000000ffd00000|100%| E|CS|TAMS 0x00000000ffc00000, 0x00000000ffc00000| Complete 
|  61|0x00000000ffd00000, 0x00000000ffe00000, 0x00000000ffe00000|100%| E|CS|TAMS 0x00000000ffd00000, 0x00000000ffd00000| Complete 
|  62|0x00000000ffe00000, 0x00000000fff00000, 0x00000000fff00000|100%| E|CS|TAMS 0x00000000ffe00000, 0x00000000ffe00000| Complete 
|  63|0x00000000fff00000, 0x0000000100000000, 0x0000000100000000|100%| E|CS|TAMS 0x00000000fff00000, 0x00000000fff00000| Complete 

Card table byte_map: [0x000002613a2a0000,0x000002613a2c0000] _byte_map_base: 0x0000026139ac0000

Marking Bits (Prev, Next): (CMBitMap*) 0x00000261208e1618, (CMBitMap*) 0x00000261208e1650
 Prev Bits: [0x000002613a2e0000, 0x000002613a3e0000)
 Next Bits: [0x000002613a3e0000, 0x000002613a4e0000)

Polling page: 0x000002612a7f0000

Metaspace:

Usage:
  Non-class:     11.84 MB capacity,    11.69 MB ( 99%) used,   131.88 KB (  1%) free+waste,    18.38 KB ( <1%) overhead. 
      Class:      1.59 MB capacity,     1.50 MB ( 94%) used,    88.68 KB (  5%) free+waste,     9.06 KB ( <1%) overhead. 
       Both:     13.43 MB capacity,    13.19 MB ( 98%) used,   220.55 KB (  2%) free+waste,    27.44 KB ( <1%) overhead. 

Virtual space:
  Non-class space:       18.00 MB reserved,      12.00 MB ( 67%) committed 
      Class space:        1.00 GB reserved,       1.63 MB ( <1%) committed 
             Both:        1.02 GB reserved,      13.63 MB (  1%) committed 

Chunk freelists:
   Non-Class:  37.00 KB
       Class:  3.00 KB
        Both:  40.00 KB

MaxMetaspaceSize: 17179869184.00 GB
CompressedClassSpaceSize: 1.00 GB
Initial GC threshold: 20.80 MB
Current GC threshold: 20.80 MB
CDS: off

CodeHeap 'non-profiled nmethods': size=120000Kb used=437Kb max_used=437Kb free=119562Kb
 bounds [0x00000261322e0000, 0x0000026132550000, 0x0000026139810000]
CodeHeap 'profiled nmethods': size=120000Kb used=1994Kb max_used=1994Kb free=118005Kb
 bounds [0x000002612adb0000, 0x000002612b020000, 0x00000261322e0000]
CodeHeap 'non-nmethods': size=5760Kb used=1137Kb max_used=1153Kb free=4623Kb
 bounds [0x000002612a810000, 0x000002612aa80000, 0x000002612adb0000]
 total_blobs=1471 nmethods=1078 adapters=306
 compilation: enabled
              stopped_count=0, restarted_count=0
 full_count=0

Compilation events (20 events):
Event: 0.846 Thread 0x000002613d6fa800 1051       3       java.lang.reflect.ProxyGenerator$ConstantPool$IndirectEntry::<init> (20 bytes)
Event: 0.846 Thread 0x000002613d6fa800 nmethod 1051 0x000002612af97e10 code [0x000002612af97fc0, 0x000002612af98178]
Event: 0.846 Thread 0x000002613d6fa800 1055  s    1       java.io.ByteArrayOutputStream::size (5 bytes)
Event: 0.846 Thread 0x000002613d6fa800 nmethod 1055 0x0000026132348d10 code [0x0000026132348ec0, 0x00000261323490d8]
Event: 0.847 Thread 0x000002613db8d000 nmethod 1058 0x0000026132349190 code [0x0000026132349340, 0x00000261323496c8]
Event: 0.847 Thread 0x000002613e21e000 1059       4       java.lang.ClassLoader::checkName (37 bytes)
Event: 0.849 Thread 0x000002613d6fa800 1060       3       java.lang.invoke.MethodHandleNatives::refKindHasReceiver (33 bytes)
Event: 0.850 Thread 0x000002613d6fa800 nmethod 1060 0x000002612af98290 code [0x000002612af98440, 0x000002612af98598]
Event: 0.851 Thread 0x000002613d6fa800 1061       3       java.lang.invoke.MethodHandles$Lookup::checkSymbolicClass (24 bytes)
Event: 0.852 Thread 0x000002613d6fa800 nmethod 1061 0x000002612af98610 code [0x000002612af988e0, 0x000002612af99478]
Event: 0.853 Thread 0x000002613e21e000 nmethod 1059 0x0000026132349810 code [0x00000261323499c0, 0x0000026132349b98]
Event: 0.859 Thread 0x000002613db8d000 1062       4       jdk.internal.util.jar.JarIndex::get (49 bytes)
Event: 0.860 Thread 0x000002613d6fa800 1063       3       sun.net.www.ParseUtil::match (50 bytes)
Event: 0.860 Thread 0x000002613d6fa800 nmethod 1063 0x000002612af99910 code [0x000002612af99ac0, 0x000002612af99d18]
Event: 0.862 Thread 0x000002613d6fa800 1064       3       java.lang.invoke.MethodHandles$Lookup::checkAccess (226 bytes)
Event: 0.864 Thread 0x000002613d6fa800 nmethod 1064 0x000002612af99d90 code [0x000002612af9a120, 0x000002612af9b6d8]
Event: 0.864 Thread 0x000002613d6fa800 1065       3       jdk.internal.reflect.ReflectionFactory::copyMethod (10 bytes)
Event: 0.864 Thread 0x000002613d6fa800 nmethod 1065 0x000002612af9bd90 code [0x000002612af9bf80, 0x000002612af9c288]
Event: 0.864 Thread 0x000002613d6fa800 1066       3       java.lang.reflect.ReflectAccess::copyMethod (5 bytes)
Event: 0.864 Thread 0x000002613d6fa800 nmethod 1066 0x000002612af9c410 code [0x000002612af9c5c0, 0x000002612af9c6e8]

GC Heap History (2 events):
Event: 0.602 GC heap before
{Heap before GC invocations=0 (full 0):
 garbage-first heap   total 65536K, used 27648K [0x00000000fc000000, 0x0000000100000000)
  region size 1024K, 24 young (24576K), 0 survivors (0K)
 Metaspace       used 10298K, capacity 10541K, committed 10624K, reserved 1058816K
  class space    used 1046K, capacity 1129K, committed 1152K, reserved 1048576K
}
Event: 0.608 GC heap after
{Heap after GC invocations=1 (full 0):
 garbage-first heap   total 65536K, used 10137K [0x00000000fc000000, 0x0000000100000000)
  region size 1024K, 3 young (3072K), 3 survivors (3072K)
 Metaspace       used 10298K, capacity 10541K, committed 10624K, reserved 1058816K
  class space    used 1046K, capacity 1129K, committed 1152K, reserved 1048576K
}

Deoptimization events (20 events):
Event: 0.554 Thread 0x00000261208c1800 DEOPT PACKING pc=0x00000261322fed2c sp=0x00000084ccbfd220
Event: 0.554 Thread 0x00000261208c1800 DEOPT UNPACKING pc=0x000002612a85a1af sp=0x00000084ccbfd1c8 mode 2
Event: 0.554 Thread 0x00000261208c1800 Uncommon trap: trap_request=0xffffffde fr.pc=0x00000261322fed2c relative=0x000000000000038c
Event: 0.554 Thread 0x00000261208c1800 Uncommon trap: reason=class_check action=maybe_recompile pc=0x00000261322fed2c method=java.util.regex.Matcher.match(II)Z @ 121 c2
Event: 0.554 Thread 0x00000261208c1800 DEOPT PACKING pc=0x00000261322fed2c sp=0x00000084ccbfd220
Event: 0.554 Thread 0x00000261208c1800 DEOPT UNPACKING pc=0x000002612a85a1af sp=0x00000084ccbfd1c8 mode 2
Event: 0.554 Thread 0x00000261208c1800 Uncommon trap: trap_request=0xffffffde fr.pc=0x00000261322fed2c relative=0x000000000000038c
Event: 0.554 Thread 0x00000261208c1800 Uncommon trap: reason=class_check action=maybe_recompile pc=0x00000261322fed2c method=java.util.regex.Matcher.match(II)Z @ 121 c2
Event: 0.554 Thread 0x00000261208c1800 DEOPT PACKING pc=0x00000261322fed2c sp=0x00000084ccbfd0a0
Event: 0.554 Thread 0x00000261208c1800 DEOPT UNPACKING pc=0x000002612a85a1af sp=0x00000084ccbfd048 mode 2
Event: 0.554 Thread 0x00000261208c1800 Uncommon trap: trap_request=0xffffffde fr.pc=0x00000261322fed2c relative=0x000000000000038c
Event: 0.554 Thread 0x00000261208c1800 Uncommon trap: reason=class_check action=maybe_recompile pc=0x00000261322fed2c method=java.util.regex.Matcher.match(II)Z @ 121 c2
Event: 0.554 Thread 0x00000261208c1800 DEOPT PACKING pc=0x00000261322fed2c sp=0x00000084ccbfd0a0
Event: 0.554 Thread 0x00000261208c1800 DEOPT UNPACKING pc=0x000002612a85a1af sp=0x00000084ccbfd048 mode 2
Event: 0.558 Thread 0x00000261208c1800 Uncommon trap: trap_request=0xffffff4d fr.pc=0x00000261322edc74 relative=0x0000000000000054
Event: 0.558 Thread 0x00000261208c1800 Uncommon trap: reason=unstable_if action=reinterpret pc=0x00000261322edc74 method=java.util.regex.Pattern.has(I)Z @ 6 c2
Event: 0.558 Thread 0x00000261208c1800 DEOPT PACKING pc=0x00000261322edc74 sp=0x00000084ccbfce90
Event: 0.558 Thread 0x00000261208c1800 DEOPT UNPACKING pc=0x000002612a85a1af sp=0x00000084ccbfce20 mode 2
Event: 0.813 Thread 0x00000261208c1800 DEOPT PACKING pc=0x000002612ae505ff sp=0x00000084ccbfa080
Event: 0.813 Thread 0x00000261208c1800 DEOPT UNPACKING pc=0x000002612a85a95e sp=0x00000084ccbf94d0 mode 0

Classes redefined (0 events):
No events

Internal exceptions (8 events):
Event: 0.181 Thread 0x00000261208c1800 Exception <a 'java/lang/NoSuchMethodError'{0x00000000ffc63750}: 'int java.lang.invoke.DirectMethodHandle$Holder.invokeStaticInit(java.lang.Object, java.lang.Object)'> (0x00000000ffc63750) thrown at [./src/hotspot/share/interpreter/linkResolver.cpp, line 773]
Event: 0.217 Thread 0x00000261208c1800 Exception <a 'java/lang/NoSuchMethodError'{0x00000000ffb39048}: 'int java.lang.invoke.DirectMethodHandle$Holder.invokeSpecial(java.lang.Object, java.lang.Object, java.lang.Object, java.lang.Object)'> (0x00000000ffb39048) thrown at [./src/hotspot/share/interpreter/linkResolver.cpp, line 773]
Event: 0.221 Thread 0x00000261208c1800 Exception <a 'java/lang/NoSuchMethodError'{0x00000000ffb715c0}: 'int java.lang.invoke.DirectMethodHandle$Holder.invokeSpecialIFC(java.lang.Object, java.lang.Object, int)'> (0x00000000ffb715c0) thrown at [./src/hotspot/share/interpreter/linkResolver.cpp, line 773]
Event: 0.586 Thread 0x00000261208c1800 Exception <a 'java/lang/NoClassDefFoundError'{0x00000000fe8285f8}: org/slf4j/impl/StaticMarkerBinder> (0x00000000fe8285f8) thrown at [./src/hotspot/share/classfile/systemDictionary.cpp, line 219]
Event: 0.619 Thread 0x00000261208c1800 Exception <a 'java/lang/NoSuchMethodError'{0x00000000fff2a168}: 'java.lang.Object java.lang.invoke.DirectMethodHandle$Holder.invokeVirtual(java.lang.Object, java.lang.Object, java.lang.Object, java.lang.Object, java.lang.Object, java.lang.Object, java.lang.Object)'> (0x00000000fff2a168) thrown at [./src/hotspot/share/interpreter/linkResolver.cpp, line 773]
Event: 0.621 Thread 0x00000261208c1800 Exception <a 'java/lang/NoSuchMethodError'{0x00000000fff3dd58}: 'java.lang.Object java.lang.invoke.Invokers$Holder.invoker(java.lang.Object, java.lang.Object, java.lang.Object)'> (0x00000000fff3dd58) thrown at [./src/hotspot/share/interpreter/linkResolver.cpp, line 773]
Event: 0.624 Thread 0x00000261208c1800 Exception <a 'java/lang/NoSuchMethodError'{0x00000000fff4e9f8}: 'void java.lang.invoke.DelegatingMethodHandle$Holder.delegate(java.lang.Object, java.lang.Object, int, java.lang.Object)'> (0x00000000fff4e9f8) thrown at [./src/hotspot/share/interpreter/linkResolver.cpp, line 773]
Event: 0.801 Thread 0x00000261208c1800 Exception <a 'java/lang/NoSuchMethodError'{0x00000000ff661a28}: 'java.lang.Object java.lang.invoke.DirectMethodHandle$Holder.invokeStaticInit(java.lang.Object, java.lang.Object, java.lang.Object)'> (0x00000000ff661a28) thrown at [./src/hotspot/share/interpreter/linkResolver.cpp, line 773]

Events (20 events):
Event: 0.865 loading class org/gradle/tooling/events/OperationType
Event: 0.865 loading class org/gradle/tooling/events/OperationType done
Event: 0.865 loading class org/gradle/tooling/internal/provider/action/ClientProvidedBuildAction
Event: 0.865 loading class org/gradle/tooling/internal/provider/action/ClientProvidedBuildAction done
Event: 0.866 loading class org/gradle/tooling/internal/provider/action/BuildActionSerializer$ClientProvidedBuildActionSerializer
Event: 0.866 loading class org/gradle/tooling/internal/provider/action/BuildActionSerializer$ClientProvidedBuildActionSerializer done
Event: 0.866 loading class org/gradle/tooling/internal/provider/serialization/SerializedPayloadSerializer
Event: 0.866 loading class org/gradle/tooling/internal/provider/serialization/SerializedPayloadSerializer done
Event: 0.866 loading class org/gradle/internal/serialize/DefaultSerializer
Event: 0.866 loading class org/gradle/internal/serialize/DefaultSerializer done
Event: 0.866 loading class java/io/StreamCorruptedException
Event: 0.866 loading class java/io/StreamCorruptedException done
Event: 0.867 loading class org/gradle/tooling/internal/provider/action/ClientProvidedPhasedAction
Event: 0.867 loading class org/gradle/tooling/internal/provider/action/ClientProvidedPhasedAction done
Event: 0.867 loading class org/gradle/tooling/internal/provider/action/BuildActionSerializer$ClientProvidedPhasedActionSerializer
Event: 0.867 loading class org/gradle/tooling/internal/provider/action/BuildActionSerializer$ClientProvidedPhasedActionSerializer done
Event: 0.867 loading class org/gradle/tooling/internal/provider/action/TestExecutionRequestAction
Event: 0.867 loading class org/gradle/tooling/internal/provider/action/TestExecutionRequestAction done
Event: 0.868 loading class org/gradle/tooling/internal/provider/action/BuildActionSerializer$TestExecutionRequestActionSerializer
Event: 0.868 loading class org/gradle/tooling/internal/provider/action/BuildActionSerializer$TestExecutionRequestActionSerializer done


Dynamic libraries:
0x00007ff7af0e0000 - 0x00007ff7af0ed000 	C:\Program Files\Microsoft\jdk-11.0.18.10-hotspot\bin\java.exe
0x00007ff9b75d0000 - 0x00007ff9b77c8000 	C:\Windows\SYSTEM32\ntdll.dll
0x00007ff9b6490000 - 0x00007ff9b654f000 	C:\Windows\System32\KERNEL32.DLL
0x00007ff9b5170000 - 0x00007ff9b5466000 	C:\Windows\System32\KERNELBASE.dll
0x00007ff9b5470000 - 0x00007ff9b5570000 	C:\Windows\System32\ucrtbase.dll
0x00007ff994710000 - 0x00007ff994727000 	C:\Program Files\Microsoft\jdk-11.0.18.10-hotspot\bin\jli.dll
0x00007ff991370000 - 0x00007ff991385000 	C:\Program Files\Microsoft\jdk-11.0.18.10-hotspot\bin\VCRUNTIME140.dll
0x00007ff9b5950000 - 0x00007ff9b5aed000 	C:\Windows\System32\USER32.dll
0x00007ff9b5570000 - 0x00007ff9b5592000 	C:\Windows\System32\win32u.dll
0x00007ff99b7a0000 - 0x00007ff99ba3a000 	C:\Windows\WinSxS\amd64_microsoft.windows.common-controls_6595b64144ccf1df_6.0.19041.1110_none_60b5254171f9507e\COMCTL32.dll
0x00007ff9b7200000 - 0x00007ff9b722c000 	C:\Windows\System32\GDI32.dll
0x00007ff9b6550000 - 0x00007ff9b65ee000 	C:\Windows\System32\msvcrt.dll
0x00007ff9b4cb0000 - 0x00007ff9b4dc5000 	C:\Windows\System32\gdi32full.dll
0x00007ff9b4f70000 - 0x00007ff9b500d000 	C:\Windows\System32\msvcp_win.dll
0x00007ff9b7010000 - 0x00007ff9b7040000 	C:\Windows\System32\IMM32.DLL
0x00007ff976760000 - 0x00007ff9767fb000 	C:\Program Files\Microsoft\jdk-11.0.18.10-hotspot\bin\msvcp140.dll
0x00007ff91ff20000 - 0x00007ff920ab2000 	C:\Program Files\Microsoft\jdk-11.0.18.10-hotspot\bin\server\jvm.dll
0x00007ff9b7150000 - 0x00007ff9b71ff000 	C:\Windows\System32\ADVAPI32.dll
0x00007ff9b5bd0000 - 0x00007ff9b5c6c000 	C:\Windows\System32\sechost.dll
0x00007ff9b6a80000 - 0x00007ff9b6ba6000 	C:\Windows\System32\RPCRT4.dll
0x00007ff9b65f0000 - 0x00007ff9b65f8000 	C:\Windows\System32\PSAPI.DLL
0x00007ff9a2050000 - 0x00007ff9a2077000 	C:\Windows\SYSTEM32\WINMM.dll
0x00007ff9adfd0000 - 0x00007ff9adfd9000 	C:\Windows\SYSTEM32\WSOCK32.dll
0x00007ff9b2c40000 - 0x00007ff9b2c4a000 	C:\Windows\SYSTEM32\VERSION.dll
0x00007ff9b6cf0000 - 0x00007ff9b6d5b000 	C:\Windows\System32\WS2_32.dll
0x00007ff9b34f0000 - 0x00007ff9b3502000 	C:\Windows\SYSTEM32\kernel.appcore.dll
0x00007ff9ad830000 - 0x00007ff9ad840000 	C:\Program Files\Microsoft\jdk-11.0.18.10-hotspot\bin\verify.dll
0x00007ff9b2170000 - 0x00007ff9b2354000 	C:\Windows\SYSTEM32\DBGHELP.DLL
0x00007ff9a10d0000 - 0x00007ff9a1104000 	C:\Windows\SYSTEM32\dbgcore.DLL
0x00007ff9b55a0000 - 0x00007ff9b5622000 	C:\Windows\System32\bcryptPrimitives.dll
0x00007ff979b20000 - 0x00007ff979b48000 	C:\Program Files\Microsoft\jdk-11.0.18.10-hotspot\bin\java.dll
0x00007ff9ad200000 - 0x00007ff9ad20a000 	C:\Program Files\Microsoft\jdk-11.0.18.10-hotspot\bin\jimage.dll
0x00007ff97c1e0000 - 0x00007ff97c1f8000 	C:\Program Files\Microsoft\jdk-11.0.18.10-hotspot\bin\zip.dll
0x00007ff9b5c70000 - 0x00007ff9b63b4000 	C:\Windows\System32\SHELL32.dll
0x00007ff9b2d40000 - 0x00007ff9b34d4000 	C:\Windows\SYSTEM32\windows.storage.dll
0x00007ff9b7230000 - 0x00007ff9b7584000 	C:\Windows\System32\combase.dll
0x00007ff9b46f0000 - 0x00007ff9b471e000 	C:\Windows\SYSTEM32\Wldp.dll
0x00007ff9b6bc0000 - 0x00007ff9b6c6d000 	C:\Windows\System32\SHCORE.dll
0x00007ff9b6d60000 - 0x00007ff9b6db5000 	C:\Windows\System32\shlwapi.dll
0x00007ff9b4be0000 - 0x00007ff9b4c05000 	C:\Windows\SYSTEM32\profapi.dll
0x00007ff9782b0000 - 0x00007ff9782c9000 	C:\Program Files\Microsoft\jdk-11.0.18.10-hotspot\bin\net.dll
0x00007ff9ac390000 - 0x00007ff9ac49a000 	C:\Windows\SYSTEM32\WINHTTP.dll
0x00007ff9b4450000 - 0x00007ff9b44ba000 	C:\Windows\system32\mswsock.dll
0x00007ff977ea0000 - 0x00007ff977eb3000 	C:\Program Files\Microsoft\jdk-11.0.18.10-hotspot\bin\nio.dll
0x00007ff9a18b0000 - 0x00007ff9a18d7000 	C:\Users\Finner\.gradle\native\68d5fa5c4cc2d200863cafc0d521ce42e7d3e7ee720ec0a83991735586a16f82\windows-amd64\native-platform.dll
0x00007ff98d750000 - 0x00007ff98d759000 	C:\Program Files\Microsoft\jdk-11.0.18.10-hotspot\bin\management.dll
0x00007ff98c7d0000 - 0x00007ff98c7db000 	C:\Program Files\Microsoft\jdk-11.0.18.10-hotspot\bin\management_ext.dll

dbghelp: loaded successfully - version: 4.0.5 - missing functions: none
symbol engine: initialized successfully - sym options: 0x614 - pdb path: .;C:\Program Files\Microsoft\jdk-11.0.18.10-hotspot\bin;C:\Windows\SYSTEM32;C:\Windows\WinSxS\amd64_microsoft.windows.common-controls_6595b64144ccf1df_6.0.19041.1110_none_60b5254171f9507e;C:\Program Files\Microsoft\jdk-11.0.18.10-hotspot\bin\server;C:\Users\Finner\.gradle\native\68d5fa5c4cc2d200863cafc0d521ce42e7d3e7ee720ec0a83991735586a16f82\windows-amd64

VM Arguments:
jvm_args: -Xmx64m -Xms64m -Dorg.gradle.appname=gradlew 
java_command: org.gradle.wrapper.GradleWrapperMain tasks
java_class_path (initial): D:\Mobile-Projects\Finner\android\\gradle\wrapper\gradle-wrapper.jar
Launcher Type: SUN_STANDARD

[Global flags]
     intx CICompilerCount                          = 4                                         {product} {ergonomic}
     uint ConcGCThreads                            = 2                                         {product} {ergonomic}
     uint G1ConcRefinementThreads                  = 8                                         {product} {ergonomic}
   size_t G1HeapRegionSize                         = 1048576                                   {product} {ergonomic}
    uintx GCDrainStackTargetSize                   = 64                                        {product} {ergonomic}
   size_t InitialHeapSize                          = 67108864                                  {product} {command line}
   size_t MarkStackSize                            = 4194304                                   {product} {ergonomic}
   size_t MaxHeapSize                              = 67108864                                  {product} {command line}
   size_t MaxNewSize                               = 39845888                                  {product} {ergonomic}
   size_t MinHeapDeltaBytes                        = 1048576                                   {product} {ergonomic}
    uintx NonNMethodCodeHeapSize                   = 5836300                                {pd product} {ergonomic}
    uintx NonProfiledCodeHeapSize                  = 122910970                              {pd product} {ergonomic}
    uintx ProfiledCodeHeapSize                     = 122910970                              {pd product} {ergonomic}
    uintx ReservedCodeCacheSize                    = 251658240                              {pd product} {ergonomic}
     bool SegmentedCodeCache                       = true                                      {product} {ergonomic}
     bool UseCompressedClassPointers               = true                                 {lp64_product} {ergonomic}
     bool UseCompressedOops                        = true                                 {lp64_product} {ergonomic}
     bool UseG1GC                                  = true                                      {product} {ergonomic}
     bool UseLargePagesIndividualAllocation        = false                                  {pd product} {ergonomic}

Logging:
Log output configuration:
 #0: stdout all=warning uptime,level,tags
 #1: stderr all=off uptime,level,tags

Environment Variables:
JAVA_HOME=C:\Program Files\Microsoft\jdk-11.0.18.10-hotspot\
CLASSPATH=D:\Mobile-Projects\Finner\android\\gradle\wrapper\gradle-wrapper.jar
PATH=C:\Users\Finner\AppData\Local\Temp\yarn--1691113495318-0.9015693789725727;D:\Mobile-Projects\Finner\node_modules\.bin;C:\Users\Finner\AppData\Local\Yarn\Data\link\node_modules\.bin;C:\Users\Finner\AppData\Local\Yarn\bin;C:\Program Files\libexec\lib\node_modules\npm\bin\node-gyp-bin;C:\Program Files\lib\node_modules\npm\bin\node-gyp-bin;C:\Program Files\nodejs\node_modules\npm\bin\node-gyp-bin;C:\Program Files\WindowsApps\Microsoft.PowerShell_7.3.3.0_x64__8wekyb3d8bbwe;C:\Program Files (x86)\Common Files\Intel\Shared Libraries\redist\intel64\compiler;C:\Program Files\Microsoft\jdk-11.0.18.10-hotspot\bin;C:\Program Files (x86)\Intel\iCLS Client\;C:\Program Files\Intel\iCLS Client\;C:\Windows\system32;C:\Windows;C:\Windows\System32\Wbem;C:\Windows\System32\WindowsPowerShell\v1.0\;C:\Windows\System32\OpenSSH\;C:\Program Files (x86)\NVIDIA Corporation\PhysX\Common;C:\Program Files\NVIDIA Corporation\NVIDIA NvDLISR;C:\ProgramData\chocolatey\bin;C:\Program Files\Git\cmd;C:\Program Files\OpenJDK\openjdk-11.0.16_8\bin;c:\Program Files (x86)\Intel\Intel(R) Management Engine Components\DAL;c:\Program Files\Intel\Intel(R) Management Engine Components\DAL;c:\Program Files (x86)\Intel\Intel(R) Management Engine Components\IPT;c:\Program Files\Intel\Intel(R) Management Engine Components\IPT;C:\Program Files\nodejs\;C:\Program Files\PowerShell\7-preview\preview;C:\Users\Finner\.amplify\bin;C:\Users\Finner\AppData\Local\Microsoft\WindowsApps;C:\Users\Finner\AppData\Local\Android\Sdk\platform-tools;C:\Users\Finner\AppData\Local\Programs\oh-my-posh\bin;C:\Users\Finner\AppData\Local\Programs\Microsoft VS Code\bin;C:\Users\Finner\AppData\Roaming\npm
USERNAME=Finner
OS=Windows_NT
PROCESSOR_IDENTIFIER=Intel64 Family 6 Model 158 Stepping 9, GenuineIntel
TMP=C:\Windows\TEMP
TEMP=C:\Users\Finner\AppData\Local\Temp



---------------  S Y S T E M  ---------------

OS: Windows 10 , 64 bit Build 19041 (10.0.19041.3155)
OS uptime: 0 days 16:34 hours

CPU:total 8 (initial active 8) (4 cores per cpu, 2 threads per core) family 6 model 158 stepping 9 microcode 0xb4, cmov, cx8, fxsr, mmx, sse, sse2, sse3, ssse3, sse4.1, sse4.2, popcnt, avx, avx2, aes, clmul, erms, 3dnowpref, lzcnt, ht, tsc, tscinvbit, bmi1, bmi2, adx, fma

Memory: 4k page, system-wide physical 16276M (1087M free)
TotalPageFile size 19135M (AvailPageFile size 2M)
current process WorkingSet (physical memory assigned to process): 91M, peak: 91M
current process commit charge ("private bytes"): 164M, peak: 164M

vm_info: OpenJDK 64-Bit Server VM (11.0.18+10-LTS) for windows-amd64 JRE (11.0.18+10-LTS), built on Jan 18 2023 15:56:47 by "MicrosoftCorporation" with MS VC++ 15.9 (VS2017)

END.
