#
# There is insufficient memory for the Java Runtime Environment to continue.
# Native memory allocation (malloc) failed to allocate 137856 bytes for Chunk::new
# Possible reasons:
#   The system is out of physical RAM or swap space
#   The process is running with CompressedOops enabled, and the Java Heap may be blocking the growth of the native heap
# Possible solutions:
#   Reduce memory load on the system
#   Increase physical memory or swap space
#   Check if swap backing store is full
#   Decrease Java heap size (-Xmx/-Xms)
#   Decrease number of Java threads
#   Decrease Java thread stack sizes (-Xss)
#   Set larger code cache with -XX:ReservedCodeCacheSize=
#   JVM is running with Unscaled Compressed Oops mode in which the Java heap is
#     placed in the first 4GB address space. The Java Heap base address is the
#     maximum limit for the native heap growth. Please use -XX:HeapBaseMinAddress
#     to set the Java Heap base and to place the Java Heap above 4GB virtual address.
# This output file may be truncated or incomplete.
#
#  Out of Memory Error (./src/hotspot/share/memory/arena.cpp:197), pid=12464, tid=14836
#
# JRE version: OpenJDK Runtime Environment 18.9 (11.0.16+8) (build 11.0.16+8)
# Java VM: OpenJDK 64-Bit Server VM 18.9 (11.0.16+8, mixed mode, tiered, compressed oops, g1 gc, windows-amd64)
# No core dump will be written. Minidumps are not enabled by default on client versions of Windows
#

---------------  S U M M A R Y ------------

Command Line: -Xmx64m -Xms64m -Dorg.gradle.appname=gradlew org.gradle.wrapper.GradleWrapperMain app:installDebug -PreactNativeDevServerPort=8081

Host: Intel(R) Core(TM) i7-7700HQ CPU @ 2.80GHz, 8 cores, 7G,  Windows 10 , 64 bit Build 19041 (10.0.19041.2364)
Time: Mon Feb 13 13:02:07 2023 SE Asia Standard Time elapsed time: 0.697498 seconds (0d 0h 0m 0s)

---------------  T H R E A D  ---------------

Current thread (0x000001e120373000):  JavaThread "C2 CompilerThread0" daemon [_thread_in_native, id=14836, stack(0x0000001206300000,0x0000001206400000)]


Current CompileTask:
C2:    697  625       4       java.lang.StringLatin1::replace (196 bytes)

Stack: [0x0000001206300000,0x0000001206400000]
Native frames: (J=compiled Java code, j=interpreted, Vv=VM code, C=native code)
V  [jvm.dll+0x61a63a]
V  [jvm.dll+0x757439]
V  [jvm.dll+0x758b28]
V  [jvm.dll+0x759203]
V  [jvm.dll+0x24d9a8]
V  [jvm.dll+0xc148c]
V  [jvm.dll+0xc1a4c]
V  [jvm.dll+0x2befd4]
V  [jvm.dll+0x52af12]
V  [jvm.dll+0x20efcb]
V  [jvm.dll+0x208c24]
V  [jvm.dll+0x205dbb]
V  [jvm.dll+0x187ec1]
V  [jvm.dll+0x2156a4]
V  [jvm.dll+0x2138eb]
V  [jvm.dll+0x71a000]
V  [jvm.dll+0x712f34]
V  [jvm.dll+0x6194a5]
C  [ucrtbase.dll+0x21bb2]
C  [KERNEL32.DLL+0x17614]
C  [ntdll.dll+0x526a1]


---------------  P R O C E S S  ---------------

Threads class SMR info:
_java_thread_list=0x000001e12085f6f0, length=11, elements={
0x000001e105480000, 0x000001e120306800, 0x000001e120311800, 0x000001e12036c800,
0x000001e12036e000, 0x000001e12036f000, 0x000001e120373000, 0x000001e12037f800,
0x000001e120395000, 0x000001e1205eb800, 0x000001e1205e8000
}

Java Threads: ( => current thread )
  0x000001e105480000 JavaThread "main" [_thread_blocked, id=14584, stack(0x0000001205700000,0x0000001205800000)]
  0x000001e120306800 JavaThread "Reference Handler" daemon [_thread_blocked, id=12824, stack(0x0000001205e00000,0x0000001205f00000)]
  0x000001e120311800 JavaThread "Finalizer" daemon [_thread_blocked, id=1300, stack(0x0000001205f00000,0x0000001206000000)]
  0x000001e12036c800 JavaThread "Signal Dispatcher" daemon [_thread_blocked, id=2672, stack(0x0000001206000000,0x0000001206100000)]
  0x000001e12036e000 JavaThread "Attach Listener" daemon [_thread_blocked, id=10188, stack(0x0000001206100000,0x0000001206200000)]
  0x000001e12036f000 JavaThread "Service Thread" daemon [_thread_blocked, id=11304, stack(0x0000001206200000,0x0000001206300000)]
=>0x000001e120373000 JavaThread "C2 CompilerThread0" daemon [_thread_in_native, id=14836, stack(0x0000001206300000,0x0000001206400000)]
  0x000001e12037f800 JavaThread "C1 CompilerThread0" daemon [_thread_blocked, id=2008, stack(0x0000001206400000,0x0000001206500000)]
  0x000001e120395000 JavaThread "Sweeper thread" daemon [_thread_blocked, id=15284, stack(0x0000001206500000,0x0000001206600000)]
  0x000001e1205eb800 JavaThread "Common-Cleaner" daemon [_thread_blocked, id=13400, stack(0x0000001206700000,0x0000001206800000)]
  0x000001e1205e8000 JavaThread "C2 CompilerThread1" daemon [_thread_in_native, id=8716, stack(0x0000001206800000,0x0000001206900000)]

Other Threads:
  0x000001e1202e2000 VMThread "VM Thread" [stack: 0x0000001205d00000,0x0000001205e00000] [id=1580]
  0x000001e1205e3000 WatcherThread [stack: 0x0000001206600000,0x0000001206700000] [id=4216]
  0x000001e105495000 GCTaskThread "GC Thread#0" [stack: 0x0000001205800000,0x0000001205900000] [id=9232]
  0x000001e120fef000 GCTaskThread "GC Thread#1" [stack: 0x0000001206900000,0x0000001206a00000] [id=12992]
  0x000001e1054a0800 ConcurrentGCThread "G1 Main Marker" [stack: 0x0000001205900000,0x0000001205a00000] [id=6828]
  0x000001e1054a1800 ConcurrentGCThread "G1 Conc#0" [stack: 0x0000001205a00000,0x0000001205b00000] [id=14440]
  0x000001e10550d000 ConcurrentGCThread "G1 Refine#0" [stack: 0x0000001205b00000,0x0000001205c00000] [id=3696]
  0x000001e10550e800 ConcurrentGCThread "G1 Young RemSet Sampling" [stack: 0x0000001205c00000,0x0000001205d00000] [id=15292]

Threads with active compile tasks:
C2 CompilerThread0      735  625       4       java.lang.StringLatin1::replace (196 bytes)
C2 CompilerThread1      735  633       4       java.util.HashMap::put (13 bytes)

VM state:at safepoint (normal execution)

VM Mutex/Monitor currently owned by a thread:  ([mutex/lock_event])
[0x000001e10547d590] Threads_lock - owner thread: 0x000001e1202e2000
[0x000001e10547c9c0] Heap_lock - owner thread: 0x000001e105480000

OutOfMemory and StackOverflow Exception counts:
OutOfMemoryError java_heap_errors=5
LinkageErrors=3

Heap address: 0x00000000fc000000, size: 64 MB, Compressed Oops mode: 32-bit
Narrow klass base: 0x0000000000000000, Narrow klass shift: 3
Compressed class space size: 1073741824 Address: 0x0000000100000000

Heap:
 garbage-first heap   total 65536K, used 19456K [0x00000000fc000000, 0x0000000100000000)
  region size 1024K, 19 young (19456K), 3 survivors (3072K)
 Metaspace       used 7883K, capacity 8081K, committed 8192K, reserved 1056768K
  class space    used 696K, capacity 754K, committed 768K, reserved 1048576K
Heap Regions: E=young(eden), S=young(survivor), O=old, HS=humongous(starts), HC=humongous(continues), CS=collection set, F=free, A=archive, TAMS=top-at-mark-start (previous, next)
|   0|0x00000000fc000000, 0x00000000fc100000, 0x00000000fc100000|100%|HS|  |TAMS 0x00000000fc000000, 0x00000000fc100000| Complete 
|   1|0x00000000fc100000, 0x00000000fc200000, 0x00000000fc200000|100%|HC|  |TAMS 0x00000000fc100000, 0x00000000fc200000| Complete 
|   2|0x00000000fc200000, 0x00000000fc300000, 0x00000000fc300000|100%|HC|  |TAMS 0x00000000fc200000, 0x00000000fc300000| Complete 
|   3|0x00000000fc300000, 0x00000000fc310bf0, 0x00000000fc400000|  6%| O|  |TAMS 0x00000000fc300000, 0x00000000fc400000| Untracked 
|   4|0x00000000fc400000, 0x00000000fc400000, 0x00000000fc500000|  0%| F|  |TAMS 0x00000000fc400000, 0x00000000fc400000| Untracked 
|   5|0x00000000fc500000, 0x00000000fc500000, 0x00000000fc600000|  0%| F|  |TAMS 0x00000000fc500000, 0x00000000fc500000| Untracked 
|   6|0x00000000fc600000, 0x00000000fc600000, 0x00000000fc700000|  0%| F|  |TAMS 0x00000000fc600000, 0x00000000fc600000| Untracked 
|   7|0x00000000fc700000, 0x00000000fc700000, 0x00000000fc800000|  0%| F|  |TAMS 0x00000000fc700000, 0x00000000fc700000| Untracked 
|   8|0x00000000fc800000, 0x00000000fc800000, 0x00000000fc900000|  0%| F|  |TAMS 0x00000000fc800000, 0x00000000fc800000| Untracked 
|   9|0x00000000fc900000, 0x00000000fc900000, 0x00000000fca00000|  0%| F|  |TAMS 0x00000000fc900000, 0x00000000fc900000| Untracked 
|  10|0x00000000fca00000, 0x00000000fca00000, 0x00000000fcb00000|  0%| F|  |TAMS 0x00000000fca00000, 0x00000000fca00000| Untracked 
|  11|0x00000000fcb00000, 0x00000000fcb00000, 0x00000000fcc00000|  0%| F|  |TAMS 0x00000000fcb00000, 0x00000000fcb00000| Untracked 
|  12|0x00000000fcc00000, 0x00000000fcc00000, 0x00000000fcd00000|  0%| F|  |TAMS 0x00000000fcc00000, 0x00000000fcc00000| Untracked 
|  13|0x00000000fcd00000, 0x00000000fcd00000, 0x00000000fce00000|  0%| F|  |TAMS 0x00000000fcd00000, 0x00000000fcd00000| Untracked 
|  14|0x00000000fce00000, 0x00000000fce00000, 0x00000000fcf00000|  0%| F|  |TAMS 0x00000000fce00000, 0x00000000fce00000| Untracked 
|  15|0x00000000fcf00000, 0x00000000fcf00000, 0x00000000fd000000|  0%| F|  |TAMS 0x00000000fcf00000, 0x00000000fcf00000| Untracked 
|  16|0x00000000fd000000, 0x00000000fd000000, 0x00000000fd100000|  0%| F|  |TAMS 0x00000000fd000000, 0x00000000fd000000| Untracked 
|  17|0x00000000fd100000, 0x00000000fd100000, 0x00000000fd200000|  0%| F|  |TAMS 0x00000000fd100000, 0x00000000fd100000| Untracked 
|  18|0x00000000fd200000, 0x00000000fd200000, 0x00000000fd300000|  0%| F|  |TAMS 0x00000000fd200000, 0x00000000fd200000| Untracked 
|  19|0x00000000fd300000, 0x00000000fd300000, 0x00000000fd400000|  0%| F|  |TAMS 0x00000000fd300000, 0x00000000fd300000| Untracked 
|  20|0x00000000fd400000, 0x00000000fd400000, 0x00000000fd500000|  0%| F|  |TAMS 0x00000000fd400000, 0x00000000fd400000| Untracked 
|  21|0x00000000fd500000, 0x00000000fd500000, 0x00000000fd600000|  0%| F|  |TAMS 0x00000000fd500000, 0x00000000fd500000| Untracked 
|  22|0x00000000fd600000, 0x00000000fd600000, 0x00000000fd700000|  0%| F|  |TAMS 0x00000000fd600000, 0x00000000fd600000| Untracked 
|  23|0x00000000fd700000, 0x00000000fd700000, 0x00000000fd800000|  0%| F|  |TAMS 0x00000000fd700000, 0x00000000fd700000| Untracked 
|  24|0x00000000fd800000, 0x00000000fd800000, 0x00000000fd900000|  0%| F|  |TAMS 0x00000000fd800000, 0x00000000fd800000| Untracked 
|  25|0x00000000fd900000, 0x00000000fd900000, 0x00000000fda00000|  0%| F|  |TAMS 0x00000000fd900000, 0x00000000fd900000| Untracked 
|  26|0x00000000fda00000, 0x00000000fda00000, 0x00000000fdb00000|  0%| F|  |TAMS 0x00000000fda00000, 0x00000000fda00000| Untracked 
|  27|0x00000000fdb00000, 0x00000000fdb00000, 0x00000000fdc00000|  0%| F|  |TAMS 0x00000000fdb00000, 0x00000000fdb00000| Untracked 
|  28|0x00000000fdc00000, 0x00000000fdc00000, 0x00000000fdd00000|  0%| F|  |TAMS 0x00000000fdc00000, 0x00000000fdc00000| Untracked 
|  29|0x00000000fdd00000, 0x00000000fdd00000, 0x00000000fde00000|  0%| F|  |TAMS 0x00000000fdd00000, 0x00000000fdd00000| Untracked 
|  30|0x00000000fde00000, 0x00000000fde00000, 0x00000000fdf00000|  0%| F|  |TAMS 0x00000000fde00000, 0x00000000fde00000| Untracked 
|  31|0x00000000fdf00000, 0x00000000fdf00000, 0x00000000fe000000|  0%| F|  |TAMS 0x00000000fdf00000, 0x00000000fdf00000| Untracked 
|  32|0x00000000fe000000, 0x00000000fe000000, 0x00000000fe100000|  0%| F|  |TAMS 0x00000000fe000000, 0x00000000fe000000| Untracked 
|  33|0x00000000fe100000, 0x00000000fe100000, 0x00000000fe200000|  0%| F|  |TAMS 0x00000000fe100000, 0x00000000fe100000| Untracked 
|  34|0x00000000fe200000, 0x00000000fe200000, 0x00000000fe300000|  0%| F|  |TAMS 0x00000000fe200000, 0x00000000fe200000| Untracked 
|  35|0x00000000fe300000, 0x00000000fe300000, 0x00000000fe400000|  0%| F|  |TAMS 0x00000000fe300000, 0x00000000fe300000| Untracked 
|  36|0x00000000fe400000, 0x00000000fe400000, 0x00000000fe500000|  0%| F|  |TAMS 0x00000000fe400000, 0x00000000fe400000| Untracked 
|  37|0x00000000fe500000, 0x00000000fe500000, 0x00000000fe600000|  0%| F|  |TAMS 0x00000000fe500000, 0x00000000fe500000| Untracked 
|  38|0x00000000fe600000, 0x00000000fe600000, 0x00000000fe700000|  0%| F|  |TAMS 0x00000000fe600000, 0x00000000fe600000| Untracked 
|  39|0x00000000fe700000, 0x00000000fe700000, 0x00000000fe800000|  0%| F|  |TAMS 0x00000000fe700000, 0x00000000fe700000| Untracked 
|  40|0x00000000fe800000, 0x00000000fe800000, 0x00000000fe900000|  0%| F|  |TAMS 0x00000000fe800000, 0x00000000fe800000| Untracked 
|  41|0x00000000fe900000, 0x00000000fe900000, 0x00000000fea00000|  0%| F|  |TAMS 0x00000000fe900000, 0x00000000fe900000| Untracked 
|  42|0x00000000fea00000, 0x00000000fea00000, 0x00000000feb00000|  0%| F|  |TAMS 0x00000000fea00000, 0x00000000fea00000| Untracked 
|  43|0x00000000feb00000, 0x00000000feb00000, 0x00000000fec00000|  0%| F|  |TAMS 0x00000000feb00000, 0x00000000feb00000| Untracked 
|  44|0x00000000fec00000, 0x00000000fec00000, 0x00000000fed00000|  0%| F|  |TAMS 0x00000000fec00000, 0x00000000fec00000| Untracked 
|  45|0x00000000fed00000, 0x00000000fee00000, 0x00000000fee00000|100%| S|  |TAMS 0x00000000fed00000, 0x00000000fed00000| Complete 
|  46|0x00000000fee00000, 0x00000000fef00000, 0x00000000fef00000|100%| S|  |TAMS 0x00000000fee00000, 0x00000000fee00000| Complete 
|  47|0x00000000fef00000, 0x00000000ff000000, 0x00000000ff000000|100%| S|  |TAMS 0x00000000fef00000, 0x00000000fef00000| Complete 
|  48|0x00000000ff000000, 0x00000000ff100000, 0x00000000ff100000|100%| E|CS|TAMS 0x00000000ff000000, 0x00000000ff100000| Complete 
|  49|0x00000000ff100000, 0x00000000ff200000, 0x00000000ff200000|100%| E|CS|TAMS 0x00000000ff100000, 0x00000000ff200000| Complete 
|  50|0x00000000ff200000, 0x00000000ff300000, 0x00000000ff300000|100%| E|CS|TAMS 0x00000000ff200000, 0x00000000ff300000| Complete 
|  51|0x00000000ff300000, 0x00000000ff400000, 0x00000000ff400000|100%| E|CS|TAMS 0x00000000ff300000, 0x00000000ff400000| Complete 
|  52|0x00000000ff400000, 0x00000000ff500000, 0x00000000ff500000|100%| E|CS|TAMS 0x00000000ff400000, 0x00000000ff500000| Complete 
|  53|0x00000000ff500000, 0x00000000ff600000, 0x00000000ff600000|100%| E|CS|TAMS 0x00000000ff500000, 0x00000000ff600000| Complete 
|  54|0x00000000ff600000, 0x00000000ff700000, 0x00000000ff700000|100%| E|CS|TAMS 0x00000000ff600000, 0x00000000ff700000| Complete 
|  55|0x00000000ff700000, 0x00000000ff800000, 0x00000000ff800000|100%| E|CS|TAMS 0x00000000ff700000, 0x00000000ff800000| Complete 
|  56|0x00000000ff800000, 0x00000000ff900000, 0x00000000ff900000|100%| E|CS|TAMS 0x00000000ff800000, 0x00000000ff900000| Complete 
|  57|0x00000000ff900000, 0x00000000ffa00000, 0x00000000ffa00000|100%| E|CS|TAMS 0x00000000ff900000, 0x00000000ffa00000| Complete 
|  58|0x00000000ffa00000, 0x00000000ffb00000, 0x00000000ffb00000|100%| E|CS|TAMS 0x00000000ffa00000, 0x00000000ffb00000| Complete 
|  59|0x00000000ffb00000, 0x00000000ffc00000, 0x00000000ffc00000|100%| E|CS|TAMS 0x00000000ffb00000, 0x00000000ffc00000| Complete 
|  60|0x00000000ffc00000, 0x00000000ffd00000, 0x00000000ffd00000|100%| E|CS|TAMS 0x00000000ffc00000, 0x00000000ffd00000| Complete 
|  61|0x00000000ffd00000, 0x00000000ffe00000, 0x00000000ffe00000|100%| E|CS|TAMS 0x00000000ffd00000, 0x00000000ffe00000| Complete 
|  62|0x00000000ffe00000, 0x00000000fff00000, 0x00000000fff00000|100%| E|CS|TAMS 0x00000000ffe00000, 0x00000000fff00000| Complete 
|  63|0x00000000fff00000, 0x0000000100000000, 0x0000000100000000|100%| E|CS|TAMS 0x00000000fff00000, 0x0000000100000000| Complete 

Card table byte_map: [0x000001e103410000,0x000001e103430000] _byte_map_base: 0x000001e102c30000

Marking Bits (Prev, Next): (CMBitMap*) 0x000001e10549e3d8, (CMBitMap*) 0x000001e10549e410
 Prev Bits: [0x000001e11cf10000, 0x000001e11d010000)
 Next Bits: [0x000001e11d010000, 0x000001e11d110000)

Polling page: 0x000001e1033c0000

Metaspace:

Usage:
  Non-class:      7.16 MB capacity,     7.02 MB ( 98%) used,   133.20 KB (  2%) free+waste,     6.06 KB ( <1%) overhead. 
      Class:    754.00 KB capacity,   696.10 KB ( 92%) used,    55.09 KB (  7%) free+waste,     2.81 KB ( <1%) overhead. 
       Both:      7.89 MB capacity,     7.70 MB ( 98%) used,   188.28 KB (  2%) free+waste,     8.88 KB ( <1%) overhead. 

Virtual space:
  Non-class space:        8.00 MB reserved,       7.25 MB ( 91%) committed 
      Class space:        1.00 GB reserved,     768.00 KB ( <1%) committed 
             Both:        1.01 GB reserved,       8.00 MB ( <1%) committed 

Chunk freelists:
   Non-Class:  33.00 KB
       Class:  14.00 KB
        Both:  47.00 KB

MaxMetaspaceSize: 17179869184.00 GB
CompressedClassSpaceSize: 1.00 GB
Initial GC threshold: 20.80 MB
Current GC threshold: 20.80 MB
CDS: off

CodeHeap 'non-profiled nmethods': size=120000Kb used=212Kb max_used=212Kb free=119787Kb
 bounds [0x000001e1156b0000, 0x000001e115920000, 0x000001e11cbe0000]
CodeHeap 'profiled nmethods': size=120000Kb used=1139Kb max_used=1139Kb free=118860Kb
 bounds [0x000001e10e180000, 0x000001e10e3f0000, 0x000001e1156b0000]
CodeHeap 'non-nmethods': size=5760Kb used=1106Kb max_used=1137Kb free=4653Kb
 bounds [0x000001e10dbe0000, 0x000001e10de50000, 0x000001e10e180000]
 total_blobs=991 nmethods=638 adapters=266
 compilation: enabled
              stopped_count=0, restarted_count=0
 full_count=0

Compilation events (20 events):
Event: 0.668 Thread 0x000001e12037f800  618       1       sun.nio.fs.NativeBuffer::owner (5 bytes)
Event: 0.669 Thread 0x000001e12037f800 nmethod 618 0x000001e1156e4390 code [0x000001e1156e4540, 0x000001e1156e45f8]
Event: 0.671 Thread 0x000001e12037f800  619       3       java.util.concurrent.TimeUnit::toMillis (69 bytes)
Event: 0.672 Thread 0x000001e12037f800 nmethod 619 0x000001e10e288910 code [0x000001e10e288ac0, 0x000001e10e288d78]
Event: 0.673 Thread 0x000001e12037f800  620       3       java.util.jar.JarFile::getJarEntry (9 bytes)
Event: 0.673 Thread 0x000001e12037f800 nmethod 620 0x000001e10e288e10 code [0x000001e10e289040, 0x000001e10e2897a8]
Event: 0.673 Thread 0x000001e12037f800  621       3       java.util.jar.JarFile::getEntry (22 bytes)
Event: 0.674 Thread 0x000001e12037f800 nmethod 621 0x000001e10e289a10 code [0x000001e10e289c40, 0x000001e10e28a368]
Event: 0.676 Thread 0x000001e12037f800  622       3       java.util.Arrays::fill (21 bytes)
Event: 0.676 Thread 0x000001e12037f800 nmethod 622 0x000001e10e28a610 code [0x000001e10e28a7c0, 0x000001e10e28a958]
Event: 0.677 Thread 0x000001e12037f800  623       3       sun.net.util.URLUtil::urlNoFragString (114 bytes)
Event: 0.678 Thread 0x000001e1205e8000  624       4       java.lang.AbstractStringBuilder::appendChars (133 bytes)
Event: 0.678 Thread 0x000001e12037f800 nmethod 623 0x000001e10e28aa90 code [0x000001e10e28ade0, 0x000001e10e28c048]
Event: 0.681 Thread 0x000001e120373000  625       4       java.lang.StringLatin1::replace (196 bytes)
Event: 0.683 Thread 0x000001e1205e8000 nmethod 624 0x000001e1156e4690 code [0x000001e1156e4840, 0x000001e1156e4ac8]
Event: 0.683 Thread 0x000001e1205e8000  626       4       java.util.Objects::requireNonNull (14 bytes)
Event: 0.684 Thread 0x000001e1205e8000 nmethod 626 0x000001e1156e4c90 code [0x000001e1156e4e20, 0x000001e1156e4e78]
Event: 0.684 Thread 0x000001e1205e8000  627       4       java.lang.StringCoding::hasNegatives (25 bytes)
Event: 0.686 Thread 0x000001e12037f800  628       3       java.util.zip.ZipFile$Source::initCEN (697 bytes)
Event: 0.689 Thread 0x000001e1205e8000 nmethod 627 0x000001e1156e4f90 code [0x000001e1156e5120, 0x000001e1156e5258]

GC Heap History (0 events):
No events

Deoptimization events (20 events):
Event: 0.605 Thread 0x000001e105480000 DEOPT PACKING pc=0x000001e1156d9f6c sp=0x00000012057f97f0
Event: 0.605 Thread 0x000001e105480000 DEOPT UNPACKING pc=0x000001e10dc2a1af sp=0x00000012057f9710 mode 2
Event: 0.606 Thread 0x000001e105480000 Uncommon trap: trap_request=0xffffffde fr.pc=0x000001e1156d9f6c relative=0x0000000000000f4c
Event: 0.606 Thread 0x000001e105480000 Uncommon trap: reason=class_check action=maybe_recompile pc=0x000001e1156d9f6c method=java.util.HashMap.putVal(ILjava/lang/Object;Ljava/lang/Object;ZZ)Ljava/lang/Object; @ 203 c2
Event: 0.606 Thread 0x000001e105480000 DEOPT PACKING pc=0x000001e1156d9f6c sp=0x00000012057f97f0
Event: 0.606 Thread 0x000001e105480000 DEOPT UNPACKING pc=0x000001e10dc2a1af sp=0x00000012057f9710 mode 2
Event: 0.634 Thread 0x000001e105480000 DEOPT PACKING pc=0x000001e10e25f022 sp=0x00000012057f8680
Event: 0.634 Thread 0x000001e105480000 DEOPT UNPACKING pc=0x000001e10dc2a95e sp=0x00000012057f7ae8 mode 0
Event: 0.651 Thread 0x000001e105480000 Uncommon trap: trap_request=0xffffffde fr.pc=0x000001e1156d9f1c relative=0x0000000000000efc
Event: 0.651 Thread 0x000001e105480000 Uncommon trap: reason=class_check action=maybe_recompile pc=0x000001e1156d9f1c method=java.util.HashMap.putVal(ILjava/lang/Object;Ljava/lang/Object;ZZ)Ljava/lang/Object; @ 91 c2
Event: 0.651 Thread 0x000001e105480000 DEOPT PACKING pc=0x000001e1156d9f1c sp=0x00000012057fa4e0
Event: 0.652 Thread 0x000001e105480000 DEOPT UNPACKING pc=0x000001e10dc2a1af sp=0x00000012057fa400 mode 2
Event: 0.681 Thread 0x000001e105480000 DEOPT PACKING pc=0x000001e10e1d3de8 sp=0x00000012057f6d30
Event: 0.681 Thread 0x000001e105480000 DEOPT UNPACKING pc=0x000001e10dc2a95e sp=0x00000012057f6200 mode 0
Event: 0.684 Thread 0x000001e105480000 DEOPT PACKING pc=0x000001e10e1d8550 sp=0x00000012057f6b20
Event: 0.684 Thread 0x000001e105480000 DEOPT UNPACKING pc=0x000001e10dc2a95e sp=0x00000012057f5fc0 mode 0
Event: 0.685 Thread 0x000001e105480000 Uncommon trap: trap_request=0xffffffde fr.pc=0x000001e1156db804 relative=0x0000000000000f64
Event: 0.685 Thread 0x000001e105480000 Uncommon trap: reason=class_check action=maybe_recompile pc=0x000001e1156db804 method=java.util.HashMap.putVal(ILjava/lang/Object;Ljava/lang/Object;ZZ)Ljava/lang/Object; @ 203 c2
Event: 0.685 Thread 0x000001e105480000 DEOPT PACKING pc=0x000001e1156db804 sp=0x00000012057fa430
Event: 0.685 Thread 0x000001e105480000 DEOPT UNPACKING pc=0x000001e10dc2a1af sp=0x00000012057fa3f0 mode 2

Classes redefined (0 events):
No events

Internal exceptions (3 events):
Event: 0.324 Thread 0x000001e105480000 Exception <a 'java/lang/NoSuchMethodError'{0x00000000ffc5c018}: 'int java.lang.invoke.DirectMethodHandle$Holder.invokeStaticInit(java.lang.Object, java.lang.Object)'> (0x00000000ffc5c018) thrown at [./src/hotspot/share/interpreter/linkResolver.cpp, line 773]
Event: 0.362 Thread 0x000001e105480000 Exception <a 'java/lang/NoSuchMethodError'{0x00000000ffb30410}: 'int java.lang.invoke.DirectMethodHandle$Holder.invokeSpecial(java.lang.Object, java.lang.Object, java.lang.Object, java.lang.Object)'> (0x00000000ffb30410) thrown at [./src/hotspot/share/interpreter/linkResolver.cpp, line 773]
Event: 0.368 Thread 0x000001e105480000 Exception <a 'java/lang/NoSuchMethodError'{0x00000000ffb68e78}: 'int java.lang.invoke.DirectMethodHandle$Holder.invokeSpecialIFC(java.lang.Object, java.lang.Object, int)'> (0x00000000ffb68e78) thrown at [./src/hotspot/share/interpreter/linkResolver.cpp, line 773]

Events (20 events):
Event: 0.639 loading class java/util/concurrent/LinkedBlockingQueue$Node
Event: 0.639 loading class java/util/concurrent/LinkedBlockingQueue$Node done
Event: 0.640 loading class org/slf4j/helpers/NOPLoggerFactory
Event: 0.640 loading class org/slf4j/helpers/NOPLoggerFactory done
Event: 0.640 loading class org/slf4j/helpers/Util
Event: 0.640 loading class org/slf4j/helpers/Util done
Event: 0.641 loading class java/lang/SecurityException
Event: 0.641 loading class java/lang/SecurityException done
Event: 0.641 loading class java/util/Collections$EmptyEnumeration
Event: 0.642 loading class java/util/Collections$EmptyEnumeration done
Event: 0.642 loading class jdk/internal/loader/BuiltinClassLoader$1
Event: 0.642 loading class jdk/internal/loader/BuiltinClassLoader$1 done
Event: 0.642 loading class java/lang/CompoundEnumeration
Event: 0.642 loading class java/lang/CompoundEnumeration done
Event: 0.642 loading class jdk/internal/loader/URLClassPath$1
Event: 0.642 loading class jdk/internal/loader/URLClassPath$1 done
Event: 0.642 loading class java/net/URLClassLoader$3
Event: 0.642 loading class java/net/URLClassLoader$3 done
Event: 0.642 loading class java/net/URLClassLoader$3$1
Event: 0.642 loading class java/net/URLClassLoader$3$1 done


Dynamic libraries:
0x00007ff6c4f20000 - 0x00007ff6c4f2d000 	C:\Program Files\OpenJDK\openjdk-11.0.16_8\bin\java.exe
0x00007ffa5b910000 - 0x00007ffa5bb08000 	C:\Windows\SYSTEM32\ntdll.dll
0x00007ffa5ac20000 - 0x00007ffa5acdf000 	C:\Windows\System32\KERNEL32.DLL
0x00007ffa59400000 - 0x00007ffa596d2000 	C:\Windows\System32\KERNELBASE.dll
0x00007ffa59200000 - 0x00007ffa59300000 	C:\Windows\System32\ucrtbase.dll
0x00007ffa1fd80000 - 0x00007ffa1fd97000 	C:\Program Files\OpenJDK\openjdk-11.0.16_8\bin\jli.dll
0x00007ffa1f7d0000 - 0x00007ffa1f7e5000 	C:\Program Files\OpenJDK\openjdk-11.0.16_8\bin\VCRUNTIME140.dll
0x00007ffa5b5f0000 - 0x00007ffa5b791000 	C:\Windows\System32\USER32.dll
0x00007ffa59920000 - 0x00007ffa59942000 	C:\Windows\System32\win32u.dll
0x00007ffa5a800000 - 0x00007ffa5a82b000 	C:\Windows\System32\GDI32.dll
0x00007ffa44860000 - 0x00007ffa44afa000 	C:\Windows\WinSxS\amd64_microsoft.windows.common-controls_6595b64144ccf1df_6.0.19041.1110_none_60b5254171f9507e\COMCTL32.dll
0x00007ffa590f0000 - 0x00007ffa591ff000 	C:\Windows\System32\gdi32full.dll
0x00007ffa59000000 - 0x00007ffa5909d000 	C:\Windows\System32\msvcp_win.dll
0x00007ffa5aa70000 - 0x00007ffa5ab0e000 	C:\Windows\System32\msvcrt.dll
0x00007ffa5ace0000 - 0x00007ffa5ad12000 	C:\Windows\System32\IMM32.DLL
0x00007ffa1f610000 - 0x00007ffa1f6ab000 	C:\Program Files\OpenJDK\openjdk-11.0.16_8\bin\msvcp140.dll
0x00007ffa18710000 - 0x00007ffa1921e000 	C:\Program Files\OpenJDK\openjdk-11.0.16_8\bin\server\jvm.dll
0x00007ffa5a670000 - 0x00007ffa5a71e000 	C:\Windows\System32\ADVAPI32.dll
0x00007ffa5a830000 - 0x00007ffa5a8cc000 	C:\Windows\System32\sechost.dll
0x00007ffa5b7a0000 - 0x00007ffa5b8c5000 	C:\Windows\System32\RPCRT4.dll
0x00007ffa5ab20000 - 0x00007ffa5ab28000 	C:\Windows\System32\PSAPI.DLL
0x00007ffa42df0000 - 0x00007ffa42e17000 	C:\Windows\SYSTEM32\WINMM.dll
0x00007ffa53710000 - 0x00007ffa53719000 	C:\Windows\SYSTEM32\WSOCK32.dll
0x00007ffa52130000 - 0x00007ffa5213a000 	C:\Windows\SYSTEM32\VERSION.dll
0x00007ffa5aa00000 - 0x00007ffa5aa6b000 	C:\Windows\System32\WS2_32.dll
0x00007ffa57880000 - 0x00007ffa57892000 	C:\Windows\SYSTEM32\kernel.appcore.dll
0x00007ffa44190000 - 0x00007ffa441a0000 	C:\Program Files\OpenJDK\openjdk-11.0.16_8\bin\verify.dll
0x00007ffa57640000 - 0x00007ffa57824000 	C:\Windows\SYSTEM32\DBGHELP.DLL
0x00007ffa42350000 - 0x00007ffa42385000 	C:\Windows\SYSTEM32\dbgcore.DLL
0x00007ffa59370000 - 0x00007ffa593f2000 	C:\Windows\System32\bcryptPrimitives.dll
0x00007ffa1f5e0000 - 0x00007ffa1f608000 	C:\Program Files\OpenJDK\openjdk-11.0.16_8\bin\java.dll
0x00007ffa43fc0000 - 0x00007ffa43fca000 	C:\Program Files\OpenJDK\openjdk-11.0.16_8\bin\jimage.dll
0x00007ffa1f5c0000 - 0x00007ffa1f5d8000 	C:\Program Files\OpenJDK\openjdk-11.0.16_8\bin\zip.dll
0x00007ffa5ad80000 - 0x00007ffa5b4c4000 	C:\Windows\System32\SHELL32.dll
0x00007ffa56d60000 - 0x00007ffa574f2000 	C:\Windows\SYSTEM32\windows.storage.dll
0x00007ffa5a310000 - 0x00007ffa5a665000 	C:\Windows\System32\combase.dll
0x00007ffa58a60000 - 0x00007ffa58a90000 	C:\Windows\SYSTEM32\Wldp.dll
0x00007ffa5a200000 - 0x00007ffa5a2ad000 	C:\Windows\System32\SHCORE.dll
0x00007ffa5a2b0000 - 0x00007ffa5a305000 	C:\Windows\System32\shlwapi.dll
0x00007ffa58f40000 - 0x00007ffa58f5f000 	C:\Windows\SYSTEM32\profapi.dll
0x00007ffa1f5a0000 - 0x00007ffa1f5b9000 	C:\Program Files\OpenJDK\openjdk-11.0.16_8\bin\net.dll
0x00007ffa50f70000 - 0x00007ffa5107c000 	C:\Windows\SYSTEM32\WINHTTP.dll
0x00007ffa587c0000 - 0x00007ffa5882a000 	C:\Windows\system32\mswsock.dll
0x00007ffa1f580000 - 0x00007ffa1f593000 	C:\Program Files\OpenJDK\openjdk-11.0.16_8\bin\nio.dll

dbghelp: loaded successfully - version: 4.0.5 - missing functions: none
symbol engine: initialized successfully - sym options: 0x614 - pdb path: .;C:\Program Files\OpenJDK\openjdk-11.0.16_8\bin;C:\Windows\SYSTEM32;C:\Windows\WinSxS\amd64_microsoft.windows.common-controls_6595b64144ccf1df_6.0.19041.1110_none_60b5254171f9507e;C:\Program Files\OpenJDK\openjdk-11.0.16_8\bin\server

VM Arguments:
jvm_args: -Xmx64m -Xms64m -Dorg.gradle.appname=gradlew 
java_command: org.gradle.wrapper.GradleWrapperMain app:installDebug -PreactNativeDevServerPort=8081
java_class_path (initial): D:\Mobile-Projects\Finner\android\\gradle\wrapper\gradle-wrapper.jar
Launcher Type: SUN_STANDARD

[Global flags]
     intx CICompilerCount                          = 4                                         {product} {ergonomic}
     uint ConcGCThreads                            = 2                                         {product} {ergonomic}
     uint G1ConcRefinementThreads                  = 8                                         {product} {ergonomic}
   size_t G1HeapRegionSize                         = 1048576                                   {product} {ergonomic}
    uintx GCDrainStackTargetSize                   = 64                                        {product} {ergonomic}
   size_t InitialHeapSize                          = 67108864                                  {product} {command line}
   size_t MarkStackSize                            = 4194304                                   {product} {ergonomic}
   size_t MaxHeapSize                              = 67108864                                  {product} {command line}
   size_t MaxNewSize                               = 39845888                                  {product} {ergonomic}
   size_t MinHeapDeltaBytes                        = 1048576                                   {product} {ergonomic}
    uintx NonNMethodCodeHeapSize                   = 5836300                                {pd product} {ergonomic}
    uintx NonProfiledCodeHeapSize                  = 122910970                              {pd product} {ergonomic}
    uintx ProfiledCodeHeapSize                     = 122910970                              {pd product} {ergonomic}
    uintx ReservedCodeCacheSize                    = 251658240                              {pd product} {ergonomic}
     bool SegmentedCodeCache                       = true                                      {product} {ergonomic}
     bool UseCompressedClassPointers               = true                                 {lp64_product} {ergonomic}
     bool UseCompressedOops                        = true                                 {lp64_product} {ergonomic}
     bool UseG1GC                                  = true                                      {product} {ergonomic}
     bool UseLargePagesIndividualAllocation        = false                                  {pd product} {ergonomic}

Logging:
Log output configuration:
 #0: stdout all=warning uptime,level,tags
 #1: stderr all=off uptime,level,tags

Environment Variables:
JAVA_HOME=C:\Program Files\OpenJDK\openjdk-11.0.16_8
CLASSPATH=D:\Mobile-Projects\Finner\android\\gradle\wrapper\gradle-wrapper.jar
PATH=D:\Mobile-Projects\Finner\android\node_modules\.bin;D:\Mobile-Projects\Finner\node_modules\.bin;D:\Mobile-Projects\node_modules\.bin;D:\node_modules\.bin;D:\Mobile-Projects\Finner\node_modules\node\bin;D:\Mobile-Projects\Finner\node_modules\.bin;D:\Mobile-Projects\node_modules\.bin;D:\node_modules\.bin;C:\Users\Finner\AppData\Roaming\npm\node_modules\npm\node_modules\@npmcli\run-script\lib\node-gyp-bin;C:\Program Files\WindowsApps\Microsoft.PowerShell_7.3.2.0_x64__8wekyb3d8bbwe;C:\Python311\Scripts\;C:\Python311\;C:\Program Files (x86)\Intel\iCLS Client\;C:\Program Files\Intel\iCLS Client\;C:\Windows\system32;C:\Windows;C:\Windows\System32\Wbem;C:\Windows\System32\WindowsPowerShell\v1.0\;C:\Windows\System32\OpenSSH\;C:\Program Files (x86)\NVIDIA Corporation\PhysX\Common;C:\Program Files\NVIDIA Corporation\NVIDIA NvDLISR;C:\ProgramData\chocolatey\bin;C:\Program Files\Git\cmd;C:\Program Files\OpenJDK\openjdk-11.0.16_8\bin;c:\Program Files (x86)\Intel\Intel(R) Management Engine Components\DAL;c:\Program Files\Intel\Intel(R) Management Engine Components\DAL;c:\Program Files (x86)\Intel\Intel(R) Management Engine Components\IPT;c:\Program Files\Intel\Intel(R) Management Engine Components\IPT;C:\Program Files\nodejs\;C:\Users\Finner\.amplify\bin;C:\Users\Finner\AppData\Local\Microsoft\WindowsApps;C:\Users\Finner\AppData\Local\Programs\Microsoft VS Code\bin;C:\Users\Finner\AppData\Local\Android\Sdk\platform-tools;C:\Users\Finner\AppData\Local\Programs\oh-my-posh\bin;C:\Users\Finner\AppData\Roaming\npm
USERNAME=Finner
OS=Windows_NT
PROCESSOR_IDENTIFIER=Intel64 Family 6 Model 158 Stepping 9, GenuineIntel
TMP=C:\Users\Finner\AppData\Local\Temp
TEMP=C:\Users\Finner\AppData\Local\Temp



---------------  S Y S T E M  ---------------

OS: Windows 10 , 64 bit Build 19041 (10.0.19041.2364)
OS uptime: 0 days 1:19 hours

CPU:total 8 (initial active 8) (4 cores per cpu, 2 threads per core) family 6 model 158 stepping 9 microcode 0xb4, cmov, cx8, fxsr, mmx, sse, sse2, sse3, ssse3, sse4.1, sse4.2, popcnt, avx, avx2, aes, clmul, erms, 3dnowpref, lzcnt, ht, tsc, tscinvbit, bmi1, bmi2, adx, fma

Memory: 4k page, system-wide physical 8084M (614M free)
TotalPageFile size 9810M (AvailPageFile size 0M)
current process WorkingSet (physical memory assigned to process): 64M, peak: 64M
current process commit charge ("private bytes"): 149M, peak: 150M

vm_info: OpenJDK 64-Bit Server VM (11.0.16+8) for windows-amd64 JRE (11.0.16+8), built on Jul 17 2022 01:33:05 by "tester" with MS VC++ 15.9 (VS2017)

END.
