#
# There is insufficient memory for the Java Runtime Environment to continue.
# Native memory allocation (malloc) failed to allocate 459696 bytes for Chunk::new
# Possible reasons:
#   The system is out of physical RAM or swap space
#   The process is running with CompressedOops enabled, and the Java Heap may be blocking the growth of the native heap
# Possible solutions:
#   Reduce memory load on the system
#   Increase physical memory or swap space
#   Check if swap backing store is full
#   Decrease Java heap size (-Xmx/-Xms)
#   Decrease number of Java threads
#   Decrease Java thread stack sizes (-Xss)
#   Set larger code cache with -XX:ReservedCodeCacheSize=
#   JVM is running with Zero Based Compressed Oops mode in which the Java heap is
#     placed in the first 32GB address space. The Java Heap base address is the
#     maximum limit for the native heap growth. Please use -XX:HeapBaseMinAddress
#     to set the Java Heap base and to place the Java Heap above 32GB virtual address.
# This output file may be truncated or incomplete.
#
#  Out of Memory Error (./src/hotspot/share/memory/arena.cpp:197), pid=14864, tid=6700
#
# JRE version: OpenJDK Runtime Environment Microsoft-7208460 (11.0.18+10) (build 11.0.18+10-LTS)
# Java VM: OpenJDK 64-Bit Server VM Microsoft-7208460 (11.0.18+10-LTS, mixed mode, tiered, compressed oops, g1 gc, windows-amd64)
# No core dump will be written. Minidumps are not enabled by default on client versions of Windows
#

---------------  S U M M A R Y ------------

Command Line: org.jetbrains.kotlin.cli.jvm.K2JVMCompiler @D:\Mobile-Projects\Finner\node_modules\react-native-google-mobile-ads\android\build\20230725_6832727930000897237.compiler.options

Host: Intel(R) Core(TM) i7-7700HQ CPU @ 2.80GHz, 8 cores, 15G,  Windows 10 , 64 bit Build 19041 (10.0.19041.3155)
Time: Tue Jul 25 10:39:36 2023 SE Asia Standard Time elapsed time: 1.307899 seconds (0d 0h 0m 1s)

---------------  T H R E A D  ---------------

Current thread (0x000002d982266000):  JavaThread "C2 CompilerThread1" daemon [_thread_in_native, id=6700, stack(0x000000fcf1900000,0x000000fcf1a00000)]


Current CompileTask:
C2:   1308 1632   !   4       java.util.zip.InflaterInputStream::read (138 bytes)

Stack: [0x000000fcf1900000,0x000000fcf1a00000]
Native frames: (J=compiled Java code, j=interpreted, Vv=VM code, C=native code)
V  [jvm.dll+0x62bf8a]
V  [jvm.dll+0x7b8fb9]
V  [jvm.dll+0x7ba6a8]
V  [jvm.dll+0x7bad83]
V  [jvm.dll+0x250248]
V  [jvm.dll+0xc260c]
V  [jvm.dll+0xc2bcc]
V  [jvm.dll+0x35e182]
V  [jvm.dll+0x32a373]
V  [jvm.dll+0x3296aa]
V  [jvm.dll+0x2093b3]
V  [jvm.dll+0x20850d]
V  [jvm.dll+0x18a4b1]
V  [jvm.dll+0x217eec]
V  [jvm.dll+0x21612b]
V  [jvm.dll+0x77bac0]
V  [jvm.dll+0x7749f4]
V  [jvm.dll+0x62adf5]
C  [ucrtbase.dll+0x21bb2]
C  [KERNEL32.DLL+0x17614]
C  [ntdll.dll+0x526b1]


---------------  P R O C E S S  ---------------

Threads class SMR info:
_java_thread_list=0x000002d9822567e0, length=12, elements={
0x000002d9dd792800, 0x000002d9ff4f0000, 0x000002d9ff4f8800, 0x000002d9820f9800,
0x000002d9820fd000, 0x000002d9820fe000, 0x000002d9ff508000, 0x000002d9ff50d800,
0x000002d9820ff000, 0x000002d982268000, 0x000002d982266000, 0x000002d982267000
}

Java Threads: ( => current thread )
  0x000002d9dd792800 JavaThread "main" [_thread_in_vm, id=15524, stack(0x000000fcf0800000,0x000000fcf0900000)]
  0x000002d9ff4f0000 JavaThread "Reference Handler" daemon [_thread_blocked, id=4068, stack(0x000000fcf0f00000,0x000000fcf1000000)]
  0x000002d9ff4f8800 JavaThread "Finalizer" daemon [_thread_blocked, id=16008, stack(0x000000fcf1000000,0x000000fcf1100000)]
  0x000002d9820f9800 JavaThread "Signal Dispatcher" daemon [_thread_blocked, id=10368, stack(0x000000fcf1100000,0x000000fcf1200000)]
  0x000002d9820fd000 JavaThread "Attach Listener" daemon [_thread_blocked, id=18084, stack(0x000000fcf1200000,0x000000fcf1300000)]
  0x000002d9820fe000 JavaThread "Service Thread" daemon [_thread_blocked, id=9116, stack(0x000000fcf1300000,0x000000fcf1400000)]
  0x000002d9ff508000 JavaThread "C2 CompilerThread0" daemon [_thread_in_native, id=18504, stack(0x000000fcf1400000,0x000000fcf1500000)]
  0x000002d9ff50d800 JavaThread "C1 CompilerThread0" daemon [_thread_blocked, id=14228, stack(0x000000fcf1500000,0x000000fcf1600000)]
  0x000002d9820ff000 JavaThread "Sweeper thread" daemon [_thread_blocked, id=16188, stack(0x000000fcf1600000,0x000000fcf1700000)]
  0x000002d982268000 JavaThread "Common-Cleaner" daemon [_thread_blocked, id=1428, stack(0x000000fcf1800000,0x000000fcf1900000)]
=>0x000002d982266000 JavaThread "C2 CompilerThread1" daemon [_thread_in_native, id=6700, stack(0x000000fcf1900000,0x000000fcf1a00000)]
  0x000002d982267000 JavaThread "C2 CompilerThread2" daemon [_thread_blocked, id=14080, stack(0x000000fcf1a00000,0x000000fcf1b00000)]

Other Threads:
  0x000002d9ff4eb000 VMThread "VM Thread" [stack: 0x000000fcf0e00000,0x000000fcf0f00000] [id=16756]
  0x000002d982260000 WatcherThread [stack: 0x000000fcf1700000,0x000000fcf1800000] [id=12584]
  0x000002d9dd7ac800 GCTaskThread "GC Thread#0" [stack: 0x000000fcf0900000,0x000000fcf0a00000] [id=9244]
  0x000002d98289d800 GCTaskThread "GC Thread#1" [stack: 0x000000fcf1b00000,0x000000fcf1c00000] [id=1792]
  0x000002d9828a4800 GCTaskThread "GC Thread#2" [stack: 0x000000fcf1c00000,0x000000fcf1d00000] [id=21488]
  0x000002d9828bb800 GCTaskThread "GC Thread#3" [stack: 0x000000fcf1d00000,0x000000fcf1e00000] [id=17312]
  0x000002d9828bc800 GCTaskThread "GC Thread#4" [stack: 0x000000fcf1e00000,0x000000fcf1f00000] [id=996]
  0x000002d9828bd000 GCTaskThread "GC Thread#5" [stack: 0x000000fcf1f00000,0x000000fcf2000000] [id=14220]
  0x000002d9dd808800 ConcurrentGCThread "G1 Main Marker" [stack: 0x000000fcf0a00000,0x000000fcf0b00000] [id=11408]
  0x000002d9dd80a000 ConcurrentGCThread "G1 Conc#0" [stack: 0x000000fcf0b00000,0x000000fcf0c00000] [id=10212]
  0x000002d9828e0000 ConcurrentGCThread "G1 Conc#1" [stack: 0x000000fcf2000000,0x000000fcf2100000] [id=17632]
  0x000002d9ff3cf800 ConcurrentGCThread "G1 Refine#0" [stack: 0x000000fcf0c00000,0x000000fcf0d00000] [id=14860]
  0x000002d9ff3d0800 ConcurrentGCThread "G1 Young RemSet Sampling" [stack: 0x000000fcf0d00000,0x000000fcf0e00000] [id=6596]

Threads with active compile tasks:
C2 CompilerThread0     1334 1634 % !   4       java.util.concurrent.ConcurrentHashMap::transfer @ 372 (828 bytes)
C2 CompilerThread1     1334 1632   !   4       java.util.zip.InflaterInputStream::read (138 bytes)

VM state:not at safepoint (normal execution)

VM Mutex/Monitor currently owned by a thread: None

Heap address: 0x0000000701a00000, size: 4070 MB, Compressed Oops mode: Zero based, Oop shift amount: 3
Narrow klass base: 0x0000000800000000, Narrow klass shift: 0
Compressed class space size: 1073741824 Address: 0x0000000800000000

Heap:
 garbage-first heap   total 262144K, used 11264K [0x0000000701a00000, 0x0000000800000000)
  region size 1024K, 9 young (9216K), 6 survivors (6144K)
 Metaspace       used 21791K, capacity 21977K, committed 22268K, reserved 1069056K
  class space    used 2330K, capacity 2419K, committed 2556K, reserved 1048576K
Heap Regions: E=young(eden), S=young(survivor), O=old, HS=humongous(starts), HC=humongous(continues), CS=collection set, F=free, A=archive, TAMS=top-at-mark-start (previous, next)
|   0|0x0000000701a00000, 0x0000000701b00000, 0x0000000701b00000|100%|HS|  |TAMS 0x0000000701b00000, 0x0000000701a00000| Complete 
|   1|0x0000000701b00000, 0x0000000701c00000, 0x0000000701c00000|100%|HC|  |TAMS 0x0000000701c00000, 0x0000000701b00000| Complete 
|   2|0x0000000701c00000, 0x0000000701d00000, 0x0000000701d00000|100%|HC|  |TAMS 0x0000000701d00000, 0x0000000701c00000| Complete 
|   3|0x0000000701d00000, 0x0000000701d00000, 0x0000000701e00000|  0%| F|  |TAMS 0x0000000701d00000, 0x0000000701d00000| Untracked 
|   4|0x0000000701e00000, 0x0000000701e00000, 0x0000000701f00000|  0%| F|  |TAMS 0x0000000701e00000, 0x0000000701e00000| Untracked 
|   5|0x0000000701f00000, 0x0000000701f00000, 0x0000000702000000|  0%| F|  |TAMS 0x0000000701f00000, 0x0000000701f00000| Untracked 
|   6|0x0000000702000000, 0x0000000702000000, 0x0000000702100000|  0%| F|  |TAMS 0x0000000702000000, 0x0000000702000000| Untracked 
|   7|0x0000000702100000, 0x0000000702100000, 0x0000000702200000|  0%| F|  |TAMS 0x0000000702100000, 0x0000000702100000| Untracked 
|   8|0x0000000702200000, 0x0000000702200000, 0x0000000702300000|  0%| F|  |TAMS 0x0000000702200000, 0x0000000702200000| Untracked 
|   9|0x0000000702300000, 0x0000000702300000, 0x0000000702400000|  0%| F|  |TAMS 0x0000000702300000, 0x0000000702300000| Untracked 
|  10|0x0000000702400000, 0x0000000702400000, 0x0000000702500000|  0%| F|  |TAMS 0x0000000702400000, 0x0000000702400000| Untracked 
|  11|0x0000000702500000, 0x0000000702500000, 0x0000000702600000|  0%| F|  |TAMS 0x0000000702500000, 0x0000000702500000| Untracked 
|  12|0x0000000702600000, 0x0000000702600000, 0x0000000702700000|  0%| F|  |TAMS 0x0000000702600000, 0x0000000702600000| Untracked 
|  13|0x0000000702700000, 0x0000000702700000, 0x0000000702800000|  0%| F|  |TAMS 0x0000000702700000, 0x0000000702700000| Untracked 
|  14|0x0000000702800000, 0x0000000702800000, 0x0000000702900000|  0%| F|  |TAMS 0x0000000702800000, 0x0000000702800000| Untracked 
|  15|0x0000000702900000, 0x0000000702900000, 0x0000000702a00000|  0%| F|  |TAMS 0x0000000702900000, 0x0000000702900000| Untracked 
|  16|0x0000000702a00000, 0x0000000702a00000, 0x0000000702b00000|  0%| F|  |TAMS 0x0000000702a00000, 0x0000000702a00000| Untracked 
|  17|0x0000000702b00000, 0x0000000702b00000, 0x0000000702c00000|  0%| F|  |TAMS 0x0000000702b00000, 0x0000000702b00000| Untracked 
|  18|0x0000000702c00000, 0x0000000702c00000, 0x0000000702d00000|  0%| F|  |TAMS 0x0000000702c00000, 0x0000000702c00000| Untracked 
|  19|0x0000000702d00000, 0x0000000702d00000, 0x0000000702e00000|  0%| F|  |TAMS 0x0000000702d00000, 0x0000000702d00000| Untracked 
|  20|0x0000000702e00000, 0x0000000702e00000, 0x0000000702f00000|  0%| F|  |TAMS 0x0000000702e00000, 0x0000000702e00000| Untracked 
|  21|0x0000000702f00000, 0x0000000702f00000, 0x0000000703000000|  0%| F|  |TAMS 0x0000000702f00000, 0x0000000702f00000| Untracked 
|  22|0x0000000703000000, 0x0000000703000000, 0x0000000703100000|  0%| F|  |TAMS 0x0000000703000000, 0x0000000703000000| Untracked 
|  23|0x0000000703100000, 0x0000000703100000, 0x0000000703200000|  0%| F|  |TAMS 0x0000000703100000, 0x0000000703100000| Untracked 
|  24|0x0000000703200000, 0x0000000703200000, 0x0000000703300000|  0%| F|  |TAMS 0x0000000703200000, 0x0000000703200000| Untracked 
|  25|0x0000000703300000, 0x0000000703300000, 0x0000000703400000|  0%| F|  |TAMS 0x0000000703300000, 0x0000000703300000| Untracked 
|  26|0x0000000703400000, 0x0000000703400000, 0x0000000703500000|  0%| F|  |TAMS 0x0000000703400000, 0x0000000703400000| Untracked 
|  27|0x0000000703500000, 0x0000000703500000, 0x0000000703600000|  0%| F|  |TAMS 0x0000000703500000, 0x0000000703500000| Untracked 
|  28|0x0000000703600000, 0x0000000703600000, 0x0000000703700000|  0%| F|  |TAMS 0x0000000703600000, 0x0000000703600000| Untracked 
|  29|0x0000000703700000, 0x0000000703700000, 0x0000000703800000|  0%| F|  |TAMS 0x0000000703700000, 0x0000000703700000| Untracked 
|  30|0x0000000703800000, 0x0000000703800000, 0x0000000703900000|  0%| F|  |TAMS 0x0000000703800000, 0x0000000703800000| Untracked 
|  31|0x0000000703900000, 0x0000000703900000, 0x0000000703a00000|  0%| F|  |TAMS 0x0000000703900000, 0x0000000703900000| Untracked 
|  32|0x0000000703a00000, 0x0000000703a00000, 0x0000000703b00000|  0%| F|  |TAMS 0x0000000703a00000, 0x0000000703a00000| Untracked 
|  33|0x0000000703b00000, 0x0000000703b00000, 0x0000000703c00000|  0%| F|  |TAMS 0x0000000703b00000, 0x0000000703b00000| Untracked 
|  34|0x0000000703c00000, 0x0000000703c00000, 0x0000000703d00000|  0%| F|  |TAMS 0x0000000703c00000, 0x0000000703c00000| Untracked 
|  35|0x0000000703d00000, 0x0000000703d00000, 0x0000000703e00000|  0%| F|  |TAMS 0x0000000703d00000, 0x0000000703d00000| Untracked 
|  36|0x0000000703e00000, 0x0000000703e00000, 0x0000000703f00000|  0%| F|  |TAMS 0x0000000703e00000, 0x0000000703e00000| Untracked 
|  37|0x0000000703f00000, 0x0000000703f00000, 0x0000000704000000|  0%| F|  |TAMS 0x0000000703f00000, 0x0000000703f00000| Untracked 
|  38|0x0000000704000000, 0x0000000704000000, 0x0000000704100000|  0%| F|  |TAMS 0x0000000704000000, 0x0000000704000000| Untracked 
|  39|0x0000000704100000, 0x0000000704100000, 0x0000000704200000|  0%| F|  |TAMS 0x0000000704100000, 0x0000000704100000| Untracked 
|  40|0x0000000704200000, 0x0000000704200000, 0x0000000704300000|  0%| F|  |TAMS 0x0000000704200000, 0x0000000704200000| Untracked 
|  41|0x0000000704300000, 0x0000000704300000, 0x0000000704400000|  0%| F|  |TAMS 0x0000000704300000, 0x0000000704300000| Untracked 
|  42|0x0000000704400000, 0x0000000704400000, 0x0000000704500000|  0%| F|  |TAMS 0x0000000704400000, 0x0000000704400000| Untracked 
|  43|0x0000000704500000, 0x0000000704500000, 0x0000000704600000|  0%| F|  |TAMS 0x0000000704500000, 0x0000000704500000| Untracked 
|  44|0x0000000704600000, 0x0000000704600000, 0x0000000704700000|  0%| F|  |TAMS 0x0000000704600000, 0x0000000704600000| Untracked 
|  45|0x0000000704700000, 0x0000000704700000, 0x0000000704800000|  0%| F|  |TAMS 0x0000000704700000, 0x0000000704700000| Untracked 
|  46|0x0000000704800000, 0x0000000704800000, 0x0000000704900000|  0%| F|  |TAMS 0x0000000704800000, 0x0000000704800000| Untracked 
|  47|0x0000000704900000, 0x0000000704900000, 0x0000000704a00000|  0%| F|  |TAMS 0x0000000704900000, 0x0000000704900000| Untracked 
|  48|0x0000000704a00000, 0x0000000704a00000, 0x0000000704b00000|  0%| F|  |TAMS 0x0000000704a00000, 0x0000000704a00000| Untracked 
|  49|0x0000000704b00000, 0x0000000704b00000, 0x0000000704c00000|  0%| F|  |TAMS 0x0000000704b00000, 0x0000000704b00000| Untracked 
|  50|0x0000000704c00000, 0x0000000704c00000, 0x0000000704d00000|  0%| F|  |TAMS 0x0000000704c00000, 0x0000000704c00000| Untracked 
|  51|0x0000000704d00000, 0x0000000704d00000, 0x0000000704e00000|  0%| F|  |TAMS 0x0000000704d00000, 0x0000000704d00000| Untracked 
|  52|0x0000000704e00000, 0x0000000704e00000, 0x0000000704f00000|  0%| F|  |TAMS 0x0000000704e00000, 0x0000000704e00000| Untracked 
|  53|0x0000000704f00000, 0x0000000704f00000, 0x0000000705000000|  0%| F|  |TAMS 0x0000000704f00000, 0x0000000704f00000| Untracked 
|  54|0x0000000705000000, 0x0000000705000000, 0x0000000705100000|  0%| F|  |TAMS 0x0000000705000000, 0x0000000705000000| Untracked 
|  55|0x0000000705100000, 0x0000000705100000, 0x0000000705200000|  0%| F|  |TAMS 0x0000000705100000, 0x0000000705100000| Untracked 
|  56|0x0000000705200000, 0x0000000705200000, 0x0000000705300000|  0%| F|  |TAMS 0x0000000705200000, 0x0000000705200000| Untracked 
|  57|0x0000000705300000, 0x0000000705300000, 0x0000000705400000|  0%| F|  |TAMS 0x0000000705300000, 0x0000000705300000| Untracked 
|  58|0x0000000705400000, 0x0000000705400000, 0x0000000705500000|  0%| F|  |TAMS 0x0000000705400000, 0x0000000705400000| Untracked 
|  59|0x0000000705500000, 0x0000000705500000, 0x0000000705600000|  0%| F|  |TAMS 0x0000000705500000, 0x0000000705500000| Untracked 
|  60|0x0000000705600000, 0x0000000705600000, 0x0000000705700000|  0%| F|  |TAMS 0x0000000705600000, 0x0000000705600000| Untracked 
|  61|0x0000000705700000, 0x0000000705700000, 0x0000000705800000|  0%| F|  |TAMS 0x0000000705700000, 0x0000000705700000| Untracked 
|  62|0x0000000705800000, 0x0000000705800000, 0x0000000705900000|  0%| F|  |TAMS 0x0000000705800000, 0x0000000705800000| Untracked 
|  63|0x0000000705900000, 0x0000000705900000, 0x0000000705a00000|  0%| F|  |TAMS 0x0000000705900000, 0x0000000705900000| Untracked 
|  64|0x0000000705a00000, 0x0000000705a00000, 0x0000000705b00000|  0%| F|  |TAMS 0x0000000705a00000, 0x0000000705a00000| Untracked 
|  65|0x0000000705b00000, 0x0000000705b00000, 0x0000000705c00000|  0%| F|  |TAMS 0x0000000705b00000, 0x0000000705b00000| Untracked 
|  66|0x0000000705c00000, 0x0000000705c00000, 0x0000000705d00000|  0%| F|  |TAMS 0x0000000705c00000, 0x0000000705c00000| Untracked 
|  67|0x0000000705d00000, 0x0000000705d00000, 0x0000000705e00000|  0%| F|  |TAMS 0x0000000705d00000, 0x0000000705d00000| Untracked 
|  68|0x0000000705e00000, 0x0000000705e00000, 0x0000000705f00000|  0%| F|  |TAMS 0x0000000705e00000, 0x0000000705e00000| Untracked 
|  69|0x0000000705f00000, 0x0000000705f00000, 0x0000000706000000|  0%| F|  |TAMS 0x0000000705f00000, 0x0000000705f00000| Untracked 
|  70|0x0000000706000000, 0x0000000706000000, 0x0000000706100000|  0%| F|  |TAMS 0x0000000706000000, 0x0000000706000000| Untracked 
|  71|0x0000000706100000, 0x0000000706100000, 0x0000000706200000|  0%| F|  |TAMS 0x0000000706100000, 0x0000000706100000| Untracked 
|  72|0x0000000706200000, 0x0000000706200000, 0x0000000706300000|  0%| F|  |TAMS 0x0000000706200000, 0x0000000706200000| Untracked 
|  73|0x0000000706300000, 0x0000000706300000, 0x0000000706400000|  0%| F|  |TAMS 0x0000000706300000, 0x0000000706300000| Untracked 
|  74|0x0000000706400000, 0x0000000706400000, 0x0000000706500000|  0%| F|  |TAMS 0x0000000706400000, 0x0000000706400000| Untracked 
|  75|0x0000000706500000, 0x0000000706500000, 0x0000000706600000|  0%| F|  |TAMS 0x0000000706500000, 0x0000000706500000| Untracked 
|  76|0x0000000706600000, 0x0000000706600000, 0x0000000706700000|  0%| F|  |TAMS 0x0000000706600000, 0x0000000706600000| Untracked 
|  77|0x0000000706700000, 0x0000000706700000, 0x0000000706800000|  0%| F|  |TAMS 0x0000000706700000, 0x0000000706700000| Untracked 
|  78|0x0000000706800000, 0x0000000706800000, 0x0000000706900000|  0%| F|  |TAMS 0x0000000706800000, 0x0000000706800000| Untracked 
|  79|0x0000000706900000, 0x0000000706900000, 0x0000000706a00000|  0%| F|  |TAMS 0x0000000706900000, 0x0000000706900000| Untracked 
|  80|0x0000000706a00000, 0x0000000706a00000, 0x0000000706b00000|  0%| F|  |TAMS 0x0000000706a00000, 0x0000000706a00000| Untracked 
|  81|0x0000000706b00000, 0x0000000706b00000, 0x0000000706c00000|  0%| F|  |TAMS 0x0000000706b00000, 0x0000000706b00000| Untracked 
|  82|0x0000000706c00000, 0x0000000706c00000, 0x0000000706d00000|  0%| F|  |TAMS 0x0000000706c00000, 0x0000000706c00000| Untracked 
|  83|0x0000000706d00000, 0x0000000706d00000, 0x0000000706e00000|  0%| F|  |TAMS 0x0000000706d00000, 0x0000000706d00000| Untracked 
|  84|0x0000000706e00000, 0x0000000706e00000, 0x0000000706f00000|  0%| F|  |TAMS 0x0000000706e00000, 0x0000000706e00000| Untracked 
|  85|0x0000000706f00000, 0x0000000706f00000, 0x0000000707000000|  0%| F|  |TAMS 0x0000000706f00000, 0x0000000706f00000| Untracked 
|  86|0x0000000707000000, 0x0000000707000000, 0x0000000707100000|  0%| F|  |TAMS 0x0000000707000000, 0x0000000707000000| Untracked 
|  87|0x0000000707100000, 0x0000000707100000, 0x0000000707200000|  0%| F|  |TAMS 0x0000000707100000, 0x0000000707100000| Untracked 
|  88|0x0000000707200000, 0x0000000707200000, 0x0000000707300000|  0%| F|  |TAMS 0x0000000707200000, 0x0000000707200000| Untracked 
|  89|0x0000000707300000, 0x0000000707300000, 0x0000000707400000|  0%| F|  |TAMS 0x0000000707300000, 0x0000000707300000| Untracked 
|  90|0x0000000707400000, 0x0000000707400000, 0x0000000707500000|  0%| F|  |TAMS 0x0000000707400000, 0x0000000707400000| Untracked 
|  91|0x0000000707500000, 0x0000000707500000, 0x0000000707600000|  0%| F|  |TAMS 0x0000000707500000, 0x0000000707500000| Untracked 
|  92|0x0000000707600000, 0x0000000707600000, 0x0000000707700000|  0%| F|  |TAMS 0x0000000707600000, 0x0000000707600000| Untracked 
|  93|0x0000000707700000, 0x0000000707700000, 0x0000000707800000|  0%| F|  |TAMS 0x0000000707700000, 0x0000000707700000| Untracked 
|  94|0x0000000707800000, 0x0000000707800000, 0x0000000707900000|  0%| F|  |TAMS 0x0000000707800000, 0x0000000707800000| Untracked 
|  95|0x0000000707900000, 0x0000000707900000, 0x0000000707a00000|  0%| F|  |TAMS 0x0000000707900000, 0x0000000707900000| Untracked 
|  96|0x0000000707a00000, 0x0000000707a00000, 0x0000000707b00000|  0%| F|  |TAMS 0x0000000707a00000, 0x0000000707a00000| Untracked 
|  97|0x0000000707b00000, 0x0000000707b00000, 0x0000000707c00000|  0%| F|  |TAMS 0x0000000707b00000, 0x0000000707b00000| Untracked 
|  98|0x0000000707c00000, 0x0000000707c00000, 0x0000000707d00000|  0%| F|  |TAMS 0x0000000707c00000, 0x0000000707c00000| Untracked 
|  99|0x0000000707d00000, 0x0000000707d00000, 0x0000000707e00000|  0%| F|  |TAMS 0x0000000707d00000, 0x0000000707d00000| Untracked 
| 100|0x0000000707e00000, 0x0000000707e00000, 0x0000000707f00000|  0%| F|  |TAMS 0x0000000707e00000, 0x0000000707e00000| Untracked 
| 101|0x0000000707f00000, 0x0000000707f00000, 0x0000000708000000|  0%| F|  |TAMS 0x0000000707f00000, 0x0000000707f00000| Untracked 
| 102|0x0000000708000000, 0x0000000708000000, 0x0000000708100000|  0%| F|  |TAMS 0x0000000708000000, 0x0000000708000000| Untracked 
| 103|0x0000000708100000, 0x0000000708100000, 0x0000000708200000|  0%| F|  |TAMS 0x0000000708100000, 0x0000000708100000| Untracked 
| 104|0x0000000708200000, 0x0000000708200000, 0x0000000708300000|  0%| F|  |TAMS 0x0000000708200000, 0x0000000708200000| Untracked 
| 105|0x0000000708300000, 0x0000000708300000, 0x0000000708400000|  0%| F|  |TAMS 0x0000000708300000, 0x0000000708300000| Untracked 
| 106|0x0000000708400000, 0x0000000708400000, 0x0000000708500000|  0%| F|  |TAMS 0x0000000708400000, 0x0000000708400000| Untracked 
| 107|0x0000000708500000, 0x0000000708500000, 0x0000000708600000|  0%| F|  |TAMS 0x0000000708500000, 0x0000000708500000| Untracked 
| 108|0x0000000708600000, 0x0000000708600000, 0x0000000708700000|  0%| F|  |TAMS 0x0000000708600000, 0x0000000708600000| Untracked 
| 109|0x0000000708700000, 0x0000000708700000, 0x0000000708800000|  0%| F|  |TAMS 0x0000000708700000, 0x0000000708700000| Untracked 
| 110|0x0000000708800000, 0x0000000708800000, 0x0000000708900000|  0%| F|  |TAMS 0x0000000708800000, 0x0000000708800000| Untracked 
| 111|0x0000000708900000, 0x0000000708900000, 0x0000000708a00000|  0%| F|  |TAMS 0x0000000708900000, 0x0000000708900000| Untracked 
| 112|0x0000000708a00000, 0x0000000708a00000, 0x0000000708b00000|  0%| F|  |TAMS 0x0000000708a00000, 0x0000000708a00000| Untracked 
| 113|0x0000000708b00000, 0x0000000708b00000, 0x0000000708c00000|  0%| F|  |TAMS 0x0000000708b00000, 0x0000000708b00000| Untracked 
| 114|0x0000000708c00000, 0x0000000708c00000, 0x0000000708d00000|  0%| F|  |TAMS 0x0000000708c00000, 0x0000000708c00000| Untracked 
| 115|0x0000000708d00000, 0x0000000708d00000, 0x0000000708e00000|  0%| F|  |TAMS 0x0000000708d00000, 0x0000000708d00000| Untracked 
| 116|0x0000000708e00000, 0x0000000708e00000, 0x0000000708f00000|  0%| F|  |TAMS 0x0000000708e00000, 0x0000000708e00000| Untracked 
| 117|0x0000000708f00000, 0x0000000708f00000, 0x0000000709000000|  0%| F|  |TAMS 0x0000000708f00000, 0x0000000708f00000| Untracked 
| 118|0x0000000709000000, 0x0000000709000000, 0x0000000709100000|  0%| F|  |TAMS 0x0000000709000000, 0x0000000709000000| Untracked 
| 119|0x0000000709100000, 0x0000000709100000, 0x0000000709200000|  0%| F|  |TAMS 0x0000000709100000, 0x0000000709100000| Untracked 
| 120|0x0000000709200000, 0x0000000709200000, 0x0000000709300000|  0%| F|  |TAMS 0x0000000709200000, 0x0000000709200000| Untracked 
| 121|0x0000000709300000, 0x0000000709300000, 0x0000000709400000|  0%| F|  |TAMS 0x0000000709300000, 0x0000000709300000| Untracked 
| 122|0x0000000709400000, 0x0000000709400000, 0x0000000709500000|  0%| F|  |TAMS 0x0000000709400000, 0x0000000709400000| Untracked 
| 123|0x0000000709500000, 0x0000000709500000, 0x0000000709600000|  0%| F|  |TAMS 0x0000000709500000, 0x0000000709500000| Untracked 
| 124|0x0000000709600000, 0x0000000709600000, 0x0000000709700000|  0%| F|  |TAMS 0x0000000709600000, 0x0000000709600000| Untracked 
| 125|0x0000000709700000, 0x0000000709700000, 0x0000000709800000|  0%| F|  |TAMS 0x0000000709700000, 0x0000000709700000| Untracked 
| 126|0x0000000709800000, 0x0000000709800000, 0x0000000709900000|  0%| F|  |TAMS 0x0000000709800000, 0x0000000709800000| Untracked 
| 127|0x0000000709900000, 0x0000000709900000, 0x0000000709a00000|  0%| F|  |TAMS 0x0000000709900000, 0x0000000709900000| Untracked 
| 128|0x0000000709a00000, 0x0000000709a00000, 0x0000000709b00000|  0%| F|  |TAMS 0x0000000709a00000, 0x0000000709a00000| Untracked 
| 129|0x0000000709b00000, 0x0000000709b00000, 0x0000000709c00000|  0%| F|  |TAMS 0x0000000709b00000, 0x0000000709b00000| Untracked 
| 130|0x0000000709c00000, 0x0000000709c00000, 0x0000000709d00000|  0%| F|  |TAMS 0x0000000709c00000, 0x0000000709c00000| Untracked 
| 131|0x0000000709d00000, 0x0000000709d00000, 0x0000000709e00000|  0%| F|  |TAMS 0x0000000709d00000, 0x0000000709d00000| Untracked 
| 132|0x0000000709e00000, 0x0000000709e00000, 0x0000000709f00000|  0%| F|  |TAMS 0x0000000709e00000, 0x0000000709e00000| Untracked 
| 133|0x0000000709f00000, 0x0000000709f00000, 0x000000070a000000|  0%| F|  |TAMS 0x0000000709f00000, 0x0000000709f00000| Untracked 
| 134|0x000000070a000000, 0x000000070a000000, 0x000000070a100000|  0%| F|  |TAMS 0x000000070a000000, 0x000000070a000000| Untracked 
| 135|0x000000070a100000, 0x000000070a100000, 0x000000070a200000|  0%| F|  |TAMS 0x000000070a100000, 0x000000070a100000| Untracked 
| 136|0x000000070a200000, 0x000000070a200000, 0x000000070a300000|  0%| F|  |TAMS 0x000000070a200000, 0x000000070a200000| Untracked 
| 137|0x000000070a300000, 0x000000070a300000, 0x000000070a400000|  0%| F|  |TAMS 0x000000070a300000, 0x000000070a300000| Untracked 
| 138|0x000000070a400000, 0x000000070a400000, 0x000000070a500000|  0%| F|  |TAMS 0x000000070a400000, 0x000000070a400000| Untracked 
| 139|0x000000070a500000, 0x000000070a500000, 0x000000070a600000|  0%| F|  |TAMS 0x000000070a500000, 0x000000070a500000| Untracked 
| 140|0x000000070a600000, 0x000000070a600000, 0x000000070a700000|  0%| F|  |TAMS 0x000000070a600000, 0x000000070a600000| Untracked 
| 141|0x000000070a700000, 0x000000070a700000, 0x000000070a800000|  0%| F|  |TAMS 0x000000070a700000, 0x000000070a700000| Untracked 
| 142|0x000000070a800000, 0x000000070a800000, 0x000000070a900000|  0%| F|  |TAMS 0x000000070a800000, 0x000000070a800000| Untracked 
| 143|0x000000070a900000, 0x000000070a900000, 0x000000070aa00000|  0%| F|  |TAMS 0x000000070a900000, 0x000000070a900000| Untracked 
| 144|0x000000070aa00000, 0x000000070aa00000, 0x000000070ab00000|  0%| F|  |TAMS 0x000000070aa00000, 0x000000070aa00000| Untracked 
| 145|0x000000070ab00000, 0x000000070ab00000, 0x000000070ac00000|  0%| F|  |TAMS 0x000000070ab00000, 0x000000070ab00000| Untracked 
| 146|0x000000070ac00000, 0x000000070ac00000, 0x000000070ad00000|  0%| F|  |TAMS 0x000000070ac00000, 0x000000070ac00000| Untracked 
| 147|0x000000070ad00000, 0x000000070ad00000, 0x000000070ae00000|  0%| F|  |TAMS 0x000000070ad00000, 0x000000070ad00000| Untracked 
| 148|0x000000070ae00000, 0x000000070ae00000, 0x000000070af00000|  0%| F|  |TAMS 0x000000070ae00000, 0x000000070ae00000| Untracked 
| 149|0x000000070af00000, 0x000000070af00000, 0x000000070b000000|  0%| F|  |TAMS 0x000000070af00000, 0x000000070af00000| Untracked 
| 150|0x000000070b000000, 0x000000070b000000, 0x000000070b100000|  0%| F|  |TAMS 0x000000070b000000, 0x000000070b000000| Untracked 
| 151|0x000000070b100000, 0x000000070b100000, 0x000000070b200000|  0%| F|  |TAMS 0x000000070b100000, 0x000000070b100000| Untracked 
| 152|0x000000070b200000, 0x000000070b200000, 0x000000070b300000|  0%| F|  |TAMS 0x000000070b200000, 0x000000070b200000| Untracked 
| 153|0x000000070b300000, 0x000000070b300000, 0x000000070b400000|  0%| F|  |TAMS 0x000000070b300000, 0x000000070b300000| Untracked 
| 154|0x000000070b400000, 0x000000070b400000, 0x000000070b500000|  0%| F|  |TAMS 0x000000070b400000, 0x000000070b400000| Untracked 
| 155|0x000000070b500000, 0x000000070b500000, 0x000000070b600000|  0%| F|  |TAMS 0x000000070b500000, 0x000000070b500000| Untracked 
| 156|0x000000070b600000, 0x000000070b600000, 0x000000070b700000|  0%| F|  |TAMS 0x000000070b600000, 0x000000070b600000| Untracked 
| 157|0x000000070b700000, 0x000000070b700000, 0x000000070b800000|  0%| F|  |TAMS 0x000000070b700000, 0x000000070b700000| Untracked 
| 158|0x000000070b800000, 0x000000070b800000, 0x000000070b900000|  0%| F|  |TAMS 0x000000070b800000, 0x000000070b800000| Untracked 
| 159|0x000000070b900000, 0x000000070b900000, 0x000000070ba00000|  0%| F|  |TAMS 0x000000070b900000, 0x000000070b900000| Untracked 
| 160|0x000000070ba00000, 0x000000070ba00000, 0x000000070bb00000|  0%| F|  |TAMS 0x000000070ba00000, 0x000000070ba00000| Untracked 
| 161|0x000000070bb00000, 0x000000070bb00000, 0x000000070bc00000|  0%| F|  |TAMS 0x000000070bb00000, 0x000000070bb00000| Untracked 
| 162|0x000000070bc00000, 0x000000070bc00000, 0x000000070bd00000|  0%| F|  |TAMS 0x000000070bc00000, 0x000000070bc00000| Untracked 
| 163|0x000000070bd00000, 0x000000070bd00000, 0x000000070be00000|  0%| F|  |TAMS 0x000000070bd00000, 0x000000070bd00000| Untracked 
| 164|0x000000070be00000, 0x000000070be00000, 0x000000070bf00000|  0%| F|  |TAMS 0x000000070be00000, 0x000000070be00000| Untracked 
| 165|0x000000070bf00000, 0x000000070bf00000, 0x000000070c000000|  0%| F|  |TAMS 0x000000070bf00000, 0x000000070bf00000| Untracked 
| 166|0x000000070c000000, 0x000000070c000000, 0x000000070c100000|  0%| F|  |TAMS 0x000000070c000000, 0x000000070c000000| Untracked 
| 167|0x000000070c100000, 0x000000070c100000, 0x000000070c200000|  0%| F|  |TAMS 0x000000070c100000, 0x000000070c100000| Untracked 
| 168|0x000000070c200000, 0x000000070c200000, 0x000000070c300000|  0%| F|  |TAMS 0x000000070c200000, 0x000000070c200000| Untracked 
| 169|0x000000070c300000, 0x000000070c300000, 0x000000070c400000|  0%| F|  |TAMS 0x000000070c300000, 0x000000070c300000| Untracked 
| 170|0x000000070c400000, 0x000000070c400000, 0x000000070c500000|  0%| F|  |TAMS 0x000000070c400000, 0x000000070c400000| Untracked 
| 171|0x000000070c500000, 0x000000070c500000, 0x000000070c600000|  0%| F|  |TAMS 0x000000070c500000, 0x000000070c500000| Untracked 
| 172|0x000000070c600000, 0x000000070c600000, 0x000000070c700000|  0%| F|  |TAMS 0x000000070c600000, 0x000000070c600000| Untracked 
| 173|0x000000070c700000, 0x000000070c700000, 0x000000070c800000|  0%| F|  |TAMS 0x000000070c700000, 0x000000070c700000| Untracked 
| 174|0x000000070c800000, 0x000000070c800000, 0x000000070c900000|  0%| F|  |TAMS 0x000000070c800000, 0x000000070c800000| Untracked 
| 175|0x000000070c900000, 0x000000070c900000, 0x000000070ca00000|  0%| F|  |TAMS 0x000000070c900000, 0x000000070c900000| Untracked 
| 176|0x000000070ca00000, 0x000000070ca00000, 0x000000070cb00000|  0%| F|  |TAMS 0x000000070ca00000, 0x000000070ca00000| Untracked 
| 177|0x000000070cb00000, 0x000000070cb00000, 0x000000070cc00000|  0%| F|  |TAMS 0x000000070cb00000, 0x000000070cb00000| Untracked 
| 178|0x000000070cc00000, 0x000000070cc00000, 0x000000070cd00000|  0%| F|  |TAMS 0x000000070cc00000, 0x000000070cc00000| Untracked 
| 179|0x000000070cd00000, 0x000000070cd00000, 0x000000070ce00000|  0%| F|  |TAMS 0x000000070cd00000, 0x000000070cd00000| Untracked 
| 180|0x000000070ce00000, 0x000000070ce00000, 0x000000070cf00000|  0%| F|  |TAMS 0x000000070ce00000, 0x000000070ce00000| Untracked 
| 181|0x000000070cf00000, 0x000000070cf00000, 0x000000070d000000|  0%| F|  |TAMS 0x000000070cf00000, 0x000000070cf00000| Untracked 
| 182|0x000000070d000000, 0x000000070d000000, 0x000000070d100000|  0%| F|  |TAMS 0x000000070d000000, 0x000000070d000000| Untracked 
| 183|0x000000070d100000, 0x000000070d100000, 0x000000070d200000|  0%| F|  |TAMS 0x000000070d100000, 0x000000070d100000| Untracked 
| 184|0x000000070d200000, 0x000000070d200000, 0x000000070d300000|  0%| F|  |TAMS 0x000000070d200000, 0x000000070d200000| Untracked 
| 185|0x000000070d300000, 0x000000070d300000, 0x000000070d400000|  0%| F|  |TAMS 0x000000070d300000, 0x000000070d300000| Untracked 
| 186|0x000000070d400000, 0x000000070d400000, 0x000000070d500000|  0%| F|  |TAMS 0x000000070d400000, 0x000000070d400000| Untracked 
| 187|0x000000070d500000, 0x000000070d500000, 0x000000070d600000|  0%| F|  |TAMS 0x000000070d500000, 0x000000070d500000| Untracked 
| 188|0x000000070d600000, 0x000000070d600000, 0x000000070d700000|  0%| F|  |TAMS 0x000000070d600000, 0x000000070d600000| Untracked 
| 189|0x000000070d700000, 0x000000070d700000, 0x000000070d800000|  0%| F|  |TAMS 0x000000070d700000, 0x000000070d700000| Untracked 
| 190|0x000000070d800000, 0x000000070d800000, 0x000000070d900000|  0%| F|  |TAMS 0x000000070d800000, 0x000000070d800000| Untracked 
| 191|0x000000070d900000, 0x000000070d900000, 0x000000070da00000|  0%| F|  |TAMS 0x000000070d900000, 0x000000070d900000| Untracked 
| 192|0x000000070da00000, 0x000000070da00000, 0x000000070db00000|  0%| F|  |TAMS 0x000000070da00000, 0x000000070da00000| Untracked 
| 193|0x000000070db00000, 0x000000070db00000, 0x000000070dc00000|  0%| F|  |TAMS 0x000000070db00000, 0x000000070db00000| Untracked 
| 194|0x000000070dc00000, 0x000000070dc00000, 0x000000070dd00000|  0%| F|  |TAMS 0x000000070dc00000, 0x000000070dc00000| Untracked 
| 195|0x000000070dd00000, 0x000000070dd00000, 0x000000070de00000|  0%| F|  |TAMS 0x000000070dd00000, 0x000000070dd00000| Untracked 
| 196|0x000000070de00000, 0x000000070de00000, 0x000000070df00000|  0%| F|  |TAMS 0x000000070de00000, 0x000000070de00000| Untracked 
| 197|0x000000070df00000, 0x000000070df00000, 0x000000070e000000|  0%| F|  |TAMS 0x000000070df00000, 0x000000070df00000| Untracked 
| 198|0x000000070e000000, 0x000000070e000000, 0x000000070e100000|  0%| F|  |TAMS 0x000000070e000000, 0x000000070e000000| Untracked 
| 199|0x000000070e100000, 0x000000070e100000, 0x000000070e200000|  0%| F|  |TAMS 0x000000070e100000, 0x000000070e100000| Untracked 
| 200|0x000000070e200000, 0x000000070e200000, 0x000000070e300000|  0%| F|  |TAMS 0x000000070e200000, 0x000000070e200000| Untracked 
| 201|0x000000070e300000, 0x000000070e300000, 0x000000070e400000|  0%| F|  |TAMS 0x000000070e300000, 0x000000070e300000| Untracked 
| 202|0x000000070e400000, 0x000000070e400000, 0x000000070e500000|  0%| F|  |TAMS 0x000000070e400000, 0x000000070e400000| Untracked 
| 203|0x000000070e500000, 0x000000070e500000, 0x000000070e600000|  0%| F|  |TAMS 0x000000070e500000, 0x000000070e500000| Untracked 
| 204|0x000000070e600000, 0x000000070e600000, 0x000000070e700000|  0%| F|  |TAMS 0x000000070e600000, 0x000000070e600000| Untracked 
| 205|0x000000070e700000, 0x000000070e700000, 0x000000070e800000|  0%| F|  |TAMS 0x000000070e700000, 0x000000070e700000| Untracked 
| 206|0x000000070e800000, 0x000000070e800000, 0x000000070e900000|  0%| F|  |TAMS 0x000000070e800000, 0x000000070e800000| Untracked 
| 207|0x000000070e900000, 0x000000070e900000, 0x000000070ea00000|  0%| F|  |TAMS 0x000000070e900000, 0x000000070e900000| Untracked 
| 208|0x000000070ea00000, 0x000000070ea00000, 0x000000070eb00000|  0%| F|  |TAMS 0x000000070ea00000, 0x000000070ea00000| Untracked 
| 209|0x000000070eb00000, 0x000000070eb00000, 0x000000070ec00000|  0%| F|  |TAMS 0x000000070eb00000, 0x000000070eb00000| Untracked 
| 210|0x000000070ec00000, 0x000000070ec00000, 0x000000070ed00000|  0%| F|  |TAMS 0x000000070ec00000, 0x000000070ec00000| Untracked 
| 211|0x000000070ed00000, 0x000000070ee00000, 0x000000070ee00000|100%| S|CS|TAMS 0x000000070ed00000, 0x000000070ed00000| Complete 
| 212|0x000000070ee00000, 0x000000070ef00000, 0x000000070ef00000|100%| S|CS|TAMS 0x000000070ee00000, 0x000000070ee00000| Complete 
| 213|0x000000070ef00000, 0x000000070f000000, 0x000000070f000000|100%| S|CS|TAMS 0x000000070ef00000, 0x000000070ef00000| Complete 
| 214|0x000000070f000000, 0x000000070f100000, 0x000000070f100000|100%| S|CS|TAMS 0x000000070f000000, 0x000000070f000000| Complete 
| 215|0x000000070f100000, 0x000000070f200000, 0x000000070f200000|100%| S|CS|TAMS 0x000000070f100000, 0x000000070f100000| Complete 
| 216|0x000000070f200000, 0x000000070f300000, 0x000000070f300000|100%| S|CS|TAMS 0x000000070f200000, 0x000000070f200000| Complete 
| 217|0x000000070f300000, 0x000000070f300000, 0x000000070f400000|  0%| F|  |TAMS 0x000000070f300000, 0x000000070f300000| Untracked 
| 218|0x000000070f400000, 0x000000070f400000, 0x000000070f500000|  0%| F|  |TAMS 0x000000070f400000, 0x000000070f400000| Untracked 
| 219|0x000000070f500000, 0x000000070f500000, 0x000000070f600000|  0%| F|  |TAMS 0x000000070f500000, 0x000000070f500000| Untracked 
| 220|0x000000070f600000, 0x000000070f600000, 0x000000070f700000|  0%| F|  |TAMS 0x000000070f600000, 0x000000070f600000| Untracked 
| 221|0x000000070f700000, 0x000000070f700000, 0x000000070f800000|  0%| F|  |TAMS 0x000000070f700000, 0x000000070f700000| Untracked 
| 222|0x000000070f800000, 0x000000070f800000, 0x000000070f900000|  0%| F|  |TAMS 0x000000070f800000, 0x000000070f800000| Untracked 
| 223|0x000000070f900000, 0x000000070f900000, 0x000000070fa00000|  0%| F|  |TAMS 0x000000070f900000, 0x000000070f900000| Untracked 
| 224|0x000000070fa00000, 0x000000070fa00000, 0x000000070fb00000|  0%| F|  |TAMS 0x000000070fa00000, 0x000000070fa00000| Untracked 
| 225|0x000000070fb00000, 0x000000070fb00000, 0x000000070fc00000|  0%| F|  |TAMS 0x000000070fb00000, 0x000000070fb00000| Untracked 
| 226|0x000000070fc00000, 0x000000070fc00000, 0x000000070fd00000|  0%| F|  |TAMS 0x000000070fc00000, 0x000000070fc00000| Untracked 
| 227|0x000000070fd00000, 0x000000070fd00000, 0x000000070fe00000|  0%| F|  |TAMS 0x000000070fd00000, 0x000000070fd00000| Untracked 
| 228|0x000000070fe00000, 0x000000070fe00000, 0x000000070ff00000|  0%| F|  |TAMS 0x000000070fe00000, 0x000000070fe00000| Untracked 
| 229|0x000000070ff00000, 0x000000070ff00000, 0x0000000710000000|  0%| F|  |TAMS 0x000000070ff00000, 0x000000070ff00000| Untracked 
| 230|0x0000000710000000, 0x0000000710000000, 0x0000000710100000|  0%| F|  |TAMS 0x0000000710000000, 0x0000000710000000| Untracked 
| 231|0x0000000710100000, 0x0000000710100000, 0x0000000710200000|  0%| F|  |TAMS 0x0000000710100000, 0x0000000710100000| Untracked 
| 232|0x0000000710200000, 0x0000000710200000, 0x0000000710300000|  0%| F|  |TAMS 0x0000000710200000, 0x0000000710200000| Untracked 
| 233|0x0000000710300000, 0x0000000710300000, 0x0000000710400000|  0%| F|  |TAMS 0x0000000710300000, 0x0000000710300000| Untracked 
| 234|0x0000000710400000, 0x0000000710400000, 0x0000000710500000|  0%| F|  |TAMS 0x0000000710400000, 0x0000000710400000| Untracked 
| 235|0x0000000710500000, 0x0000000710500000, 0x0000000710600000|  0%| F|  |TAMS 0x0000000710500000, 0x0000000710500000| Untracked 
| 236|0x0000000710600000, 0x0000000710600000, 0x0000000710700000|  0%| F|  |TAMS 0x0000000710600000, 0x0000000710600000| Untracked 
| 237|0x0000000710700000, 0x0000000710700000, 0x0000000710800000|  0%| F|  |TAMS 0x0000000710700000, 0x0000000710700000| Untracked 
| 238|0x0000000710800000, 0x0000000710800000, 0x0000000710900000|  0%| F|  |TAMS 0x0000000710800000, 0x0000000710800000| Untracked 
| 239|0x0000000710900000, 0x0000000710900000, 0x0000000710a00000|  0%| F|  |TAMS 0x0000000710900000, 0x0000000710900000| Untracked 
| 240|0x0000000710a00000, 0x0000000710a00000, 0x0000000710b00000|  0%| F|  |TAMS 0x0000000710a00000, 0x0000000710a00000| Untracked 
| 241|0x0000000710b00000, 0x0000000710b00000, 0x0000000710c00000|  0%| F|  |TAMS 0x0000000710b00000, 0x0000000710b00000| Untracked 
| 242|0x0000000710c00000, 0x0000000710c00000, 0x0000000710d00000|  0%| F|  |TAMS 0x0000000710c00000, 0x0000000710c00000| Untracked 
| 243|0x0000000710d00000, 0x0000000710d00000, 0x0000000710e00000|  0%| F|  |TAMS 0x0000000710d00000, 0x0000000710d00000| Untracked 
| 244|0x0000000710e00000, 0x0000000710e00000, 0x0000000710f00000|  0%| F|  |TAMS 0x0000000710e00000, 0x0000000710e00000| Untracked 
| 245|0x0000000710f00000, 0x0000000710f00000, 0x0000000711000000|  0%| F|  |TAMS 0x0000000710f00000, 0x0000000710f00000| Untracked 
| 246|0x0000000711000000, 0x0000000711000000, 0x0000000711100000|  0%| F|  |TAMS 0x0000000711000000, 0x0000000711000000| Untracked 
| 247|0x0000000711100000, 0x0000000711100000, 0x0000000711200000|  0%| F|  |TAMS 0x0000000711100000, 0x0000000711100000| Untracked 
| 248|0x0000000711200000, 0x0000000711200000, 0x0000000711300000|  0%| F|  |TAMS 0x0000000711200000, 0x0000000711200000| Untracked 
| 249|0x0000000711300000, 0x0000000711300000, 0x0000000711400000|  0%| F|  |TAMS 0x0000000711300000, 0x0000000711300000| Untracked 
| 250|0x0000000711400000, 0x0000000711400000, 0x0000000711500000|  0%| F|  |TAMS 0x0000000711400000, 0x0000000711400000| Untracked 
| 251|0x0000000711500000, 0x0000000711500000, 0x0000000711600000|  0%| F|  |TAMS 0x0000000711500000, 0x0000000711500000| Untracked 
| 252|0x0000000711600000, 0x0000000711600000, 0x0000000711700000|  0%| F|  |TAMS 0x0000000711600000, 0x0000000711600000| Untracked 
| 253|0x0000000711700000, 0x0000000711782508, 0x0000000711800000| 50%| E|  |TAMS 0x0000000711700000, 0x0000000711700000| Complete 
| 254|0x0000000711800000, 0x0000000711900000, 0x0000000711900000|100%| E|CS|TAMS 0x0000000711800000, 0x0000000711800000| Complete 
| 255|0x0000000711900000, 0x0000000711a00000, 0x0000000711a00000|100%| E|CS|TAMS 0x0000000711900000, 0x0000000711900000| Complete 

Card table byte_map: [0x000002d9f5a40000,0x000002d9f6240000] _byte_map_base: 0x000002d9f2233000

Marking Bits (Prev, Next): (CMBitMap*) 0x000002d9dd7f7be0, (CMBitMap*) 0x000002d9dd7f7ba8
 Prev Bits: [0x000002d9fa9e0000, 0x000002d9fe978000)
 Next Bits: [0x000002d9f6a40000, 0x000002d9fa9d8000)

Polling page: 0x000002d9db920000

Metaspace:

Usage:
  Non-class:     19.10 MB capacity,    19.01 MB (>99%) used,    69.00 KB ( <1%) free+waste,    27.44 KB ( <1%) overhead. 
      Class:      2.36 MB capacity,     2.28 MB ( 96%) used,    76.40 KB (  3%) free+waste,    12.44 KB ( <1%) overhead. 
       Both:     21.46 MB capacity,    21.28 MB (>99%) used,   145.40 KB ( <1%) free+waste,    39.88 KB ( <1%) overhead. 

Virtual space:
  Non-class space:       20.00 MB reserved,      19.25 MB ( 96%) committed 
      Class space:        1.00 GB reserved,       2.50 MB ( <1%) committed 
             Both:        1.02 GB reserved,      21.75 MB (  2%) committed 

Chunk freelists:
   Non-Class:  26.00 KB
       Class:  13.00 KB
        Both:  39.00 KB

MaxMetaspaceSize: 17179869184.00 GB
CompressedClassSpaceSize: 1.00 GB
Initial GC threshold: 20.80 MB
Current GC threshold: 35.20 MB
CDS: off

CodeHeap 'non-profiled nmethods': size=120000Kb used=543Kb max_used=543Kb free=119456Kb
 bounds [0x000002d9ed9e0000, 0x000002d9edc50000, 0x000002d9f4f10000]
CodeHeap 'profiled nmethods': size=120000Kb used=3027Kb max_used=3027Kb free=116972Kb
 bounds [0x000002d9e64b0000, 0x000002d9e67b0000, 0x000002d9ed9e0000]
CodeHeap 'non-nmethods': size=5760Kb used=1194Kb max_used=1208Kb free=4565Kb
 bounds [0x000002d9e5f10000, 0x000002d9e6180000, 0x000002d9e64b0000]
 total_blobs=2092 nmethods=1634 adapters=370
 compilation: enabled
              stopped_count=0, restarted_count=0
 full_count=0

Compilation events (20 events):
Event: 1.282 Thread 0x000002d9ff50d800 nmethod 1622 0x000002d9e679e390 code [0x000002d9e679e660, 0x000002d9e679f488]
Event: 1.282 Thread 0x000002d9ff50d800 1623       3       java.lang.invoke.InvokerBytecodeGenerator::emitLoadInsn (21 bytes)
Event: 1.282 Thread 0x000002d9ff50d800 nmethod 1623 0x000002d9e679f910 code [0x000002d9e679fae0, 0x000002d9e679fd38]
Event: 1.282 Thread 0x000002d9ff50d800 1624       3       java.lang.invoke.InvokerBytecodeGenerator::loadInsnOpcode (86 bytes)
Event: 1.282 Thread 0x000002d9ff50d800 nmethod 1624 0x000002d9e679fe90 code [0x000002d9e67a0120, 0x000002d9e67a0c98]
Event: 1.282 Thread 0x000002d9ff50d800 1626       3       java.lang.invoke.MemberName::getInvocationType (56 bytes)
Event: 1.283 Thread 0x000002d9ff50d800 nmethod 1626 0x000002d9e67a1090 code [0x000002d9e67a12c0, 0x000002d9e67a1bc8]
Event: 1.284 Thread 0x000002d9ff50d800 1629       3       sun.invoke.util.BytecodeDescriptor::unparse (37 bytes)
Event: 1.284 Thread 0x000002d9ff50d800 nmethod 1629 0x000002d9e67a1e90 code [0x000002d9e67a20c0, 0x000002d9e67a27d8]
Event: 1.284 Thread 0x000002d9ff50d800 1630       3       java.util.Arrays::hashCode (56 bytes)
Event: 1.285 Thread 0x000002d9ff50d800 nmethod 1630 0x000002d9e67a2a10 code [0x000002d9e67a2be0, 0x000002d9e67a2f28]
Event: 1.285 Thread 0x000002d9ff50d800 1631       3       java.lang.invoke.MethodTypeForm::cachedLambdaForm (44 bytes)
Event: 1.285 Thread 0x000002d9ff50d800 nmethod 1631 0x000002d9e67a3090 code [0x000002d9e67a3260, 0x000002d9e67a35c8]
Event: 1.288 Thread 0x000002d982266000 1632   !   4       java.util.zip.InflaterInputStream::read (138 bytes)
Event: 1.296 Thread 0x000002d9ff50d800 1633       3       java.util.jar.JavaUtilJarAccessImpl::getTrustedAttributes (6 bytes)
Event: 1.296 Thread 0x000002d9ff508000 1634 % !   4       java.util.concurrent.ConcurrentHashMap::transfer @ 372 (828 bytes)
Event: 1.296 Thread 0x000002d9ff50d800 nmethod 1633 0x000002d9e67a3710 code [0x000002d9e67a38c0, 0x000002d9e67a3a08]
Event: 1.302 Thread 0x000002d9ff50d800 1635       3       java.lang.invoke.MethodHandles$Lookup::checkSymbolicClass (24 bytes)
Event: 1.303 Thread 0x000002d9ff50d800 nmethod 1635 0x000002d9e67a3b10 code [0x000002d9e67a3de0, 0x000002d9e67a4998]
Event: 1.306 Thread 0x000002d982267000 1636       4       java.lang.String::isEmpty (14 bytes)

GC Heap History (4 events):
Event: 0.625 GC heap before
{Heap before GC invocations=0 (full 0):
 garbage-first heap   total 262144K, used 27648K [0x0000000701a00000, 0x0000000800000000)
  region size 1024K, 24 young (24576K), 0 survivors (0K)
 Metaspace       used 12355K, capacity 12472K, committed 12800K, reserved 1060864K
  class space    used 1146K, capacity 1175K, committed 1280K, reserved 1048576K
}
Event: 0.627 GC heap after
{Heap after GC invocations=1 (full 0):
 garbage-first heap   total 262144K, used 5851K [0x0000000701a00000, 0x0000000800000000)
  region size 1024K, 3 young (3072K), 3 survivors (3072K)
 Metaspace       used 12355K, capacity 12472K, committed 12800K, reserved 1060864K
  class space    used 1146K, capacity 1175K, committed 1280K, reserved 1048576K
}
Event: 1.251 GC heap before
{Heap before GC invocations=1 (full 0):
 garbage-first heap   total 262144K, used 41691K [0x0000000701a00000, 0x0000000800000000)
  region size 1024K, 39 young (39936K), 3 survivors (3072K)
 Metaspace       used 21026K, capacity 21185K, committed 21248K, reserved 1069056K
  class space    used 2215K, capacity 2281K, committed 2304K, reserved 1048576K
}
Event: 1.261 GC heap after
{Heap after GC invocations=2 (full 0):
 garbage-first heap   total 262144K, used 9216K [0x0000000701a00000, 0x0000000800000000)
  region size 1024K, 6 young (6144K), 6 survivors (6144K)
 Metaspace       used 21026K, capacity 21185K, committed 21248K, reserved 1069056K
  class space    used 2215K, capacity 2281K, committed 2304K, reserved 1048576K
}

Deoptimization events (20 events):
Event: 0.779 Thread 0x000002d9dd792800 Uncommon trap: trap_request=0xffffff4d fr.pc=0x000002d9eda1dc70 relative=0x0000000000000530
Event: 0.779 Thread 0x000002d9dd792800 Uncommon trap: reason=unstable_if action=reinterpret pc=0x000002d9eda1dc70 method=java.util.ArrayList.newCapacity(I)I @ 25 c2
Event: 0.779 Thread 0x000002d9dd792800 DEOPT PACKING pc=0x000002d9eda1dc70 sp=0x000000fcf08fdb20
Event: 0.779 Thread 0x000002d9dd792800 DEOPT UNPACKING pc=0x000002d9e5f5a1af sp=0x000000fcf08fd940 mode 2
Event: 0.811 Thread 0x000002d9dd792800 Uncommon trap: trap_request=0xffffffc6 fr.pc=0x000002d9eda15310 relative=0x0000000000000510
Event: 0.811 Thread 0x000002d9dd792800 Uncommon trap: reason=bimorphic_or_optimized_type_check action=maybe_recompile pc=0x000002d9eda15310 method=kotlin.reflect.jvm.internal.impl.protobuf.CodedInputStream.tryRefillBuffer(I)Z @ 175 c2
Event: 0.811 Thread 0x000002d9dd792800 DEOPT PACKING pc=0x000002d9eda15310 sp=0x000000fcf08fbba0
Event: 0.811 Thread 0x000002d9dd792800 DEOPT UNPACKING pc=0x000002d9e5f5a1af sp=0x000000fcf08fba88 mode 2
Event: 0.953 Thread 0x000002d9dd792800 Uncommon trap: trap_request=0xffffff4d fr.pc=0x000002d9eda123fc relative=0x00000000000001dc
Event: 0.953 Thread 0x000002d9dd792800 Uncommon trap: reason=unstable_if action=reinterpret pc=0x000002d9eda123fc method=java.lang.String.startsWith(Ljava/lang/String;I)Z @ 14 c2
Event: 0.953 Thread 0x000002d9dd792800 DEOPT PACKING pc=0x000002d9eda123fc sp=0x000000fcf08fed30
Event: 0.953 Thread 0x000002d9dd792800 DEOPT UNPACKING pc=0x000002d9e5f5a1af sp=0x000000fcf08fec40 mode 2
Event: 0.953 Thread 0x000002d9dd792800 Uncommon trap: trap_request=0xffffff4d fr.pc=0x000002d9eda07d08 relative=0x0000000000000248
Event: 0.953 Thread 0x000002d9dd792800 Uncommon trap: reason=unstable_if action=reinterpret pc=0x000002d9eda07d08 method=java.lang.String.startsWith(Ljava/lang/String;I)Z @ 14 c2
Event: 0.953 Thread 0x000002d9dd792800 DEOPT PACKING pc=0x000002d9eda07d08 sp=0x000000fcf08fecc0
Event: 0.953 Thread 0x000002d9dd792800 DEOPT UNPACKING pc=0x000002d9e5f5a1af sp=0x000000fcf08fec40 mode 2
Event: 0.997 Thread 0x000002d9dd792800 Uncommon trap: trap_request=0xffffff4d fr.pc=0x000002d9eda09e0c relative=0x00000000000000cc
Event: 0.997 Thread 0x000002d9dd792800 Uncommon trap: reason=unstable_if action=reinterpret pc=0x000002d9eda09e0c method=java.lang.Integer.valueOf(I)Ljava/lang/Integer; @ 3 c2
Event: 0.997 Thread 0x000002d9dd792800 DEOPT PACKING pc=0x000002d9eda09e0c sp=0x000000fcf08fccb0
Event: 0.997 Thread 0x000002d9dd792800 DEOPT UNPACKING pc=0x000002d9e5f5a1af sp=0x000000fcf08fcc48 mode 2

Classes redefined (0 events):
No events

Internal exceptions (16 events):
Event: 0.977 Thread 0x000002d9dd792800 Exception <a 'java/lang/NoSuchMethodError'{0x000000071063ab98}: 'int java.lang.invoke.DelegatingMethodHandle$Holder.reinvoke_L(java.lang.Object, java.lang.Object, java.lang.Object, long, int, int)'> (0x000000071063ab98) thrown at [./src/hotspot/share/interpreter/linkResolver.cpp, line 773]
Event: 0.978 Thread 0x000002d9dd792800 Exception <a 'java/lang/NoSuchMethodError'{0x0000000710648520}: 'int java.lang.invoke.DelegatingMethodHandle$Holder.reinvoke_L(java.lang.Object, java.lang.Object, java.lang.Object, long, long, long)'> (0x0000000710648520) thrown at [./src/hotspot/share/interpreter/linkResolver.cpp, line 773]
Event: 0.980 Thread 0x000002d9dd792800 Exception <a 'java/lang/NoSuchMethodError'{0x00000007106556d8}: 'int java.lang.invoke.DelegatingMethodHandle$Holder.reinvoke_L(java.lang.Object, java.lang.Object, java.lang.Object, long, java.lang.Object, java.lang.Object)'> (0x00000007106556d8) thrown at [./src/hotspot/share/interpreter/linkResolver.cpp, line 773]
Event: 0.981 Thread 0x000002d9dd792800 Exception <a 'java/lang/NoSuchMethodError'{0x0000000710662b40}: 'void java.lang.invoke.DelegatingMethodHandle$Holder.reinvoke_L(java.lang.Object, java.lang.Object, java.lang.Object, long, java.lang.Object)'> (0x0000000710662b40) thrown at [./src/hotspot/share/interpreter/linkResolver.cpp, line 773]
Event: 0.981 Thread 0x000002d9dd792800 Exception <a 'java/lang/NoSuchMethodError'{0x000000071066c3c0}: 'java.lang.Object java.lang.invoke.DirectMethodHandle$Holder.invokeSpecial(java.lang.Object, java.lang.Object, java.lang.Object, java.lang.Object, long)'> (0x000000071066c3c0) thrown at [./src/hotspot/share/interpreter/linkResolver.cpp, line 773]
Event: 0.982 Thread 0x000002d9dd792800 Exception <a 'java/lang/NoSuchMethodError'{0x000000071066f918}: 'java.lang.Object java.lang.invoke.DelegatingMethodHandle$Holder.reinvoke_L(java.lang.Object, java.lang.Object, java.lang.Object, long)'> (0x000000071066f918) thrown at [./src/hotspot/share/interpreter/linkResolver.cpp, line 773]
Event: 0.983 Thread 0x000002d9dd792800 Exception <a 'java/lang/NoSuchMethodError'{0x000000071068a5f8}: 'long java.lang.invoke.Invokers$Holder.invoke_MT(java.lang.Object, java.lang.Object, java.lang.Object, java.lang.Object)'> (0x000000071068a5f8) thrown at [./src/hotspot/share/interpreter/linkResolver.cpp, line 773]
Event: 0.984 Thread 0x000002d9dd792800 Exception <a 'java/lang/NoSuchMethodError'{0x000000071068dc78}: 'long java.lang.invoke.DelegatingMethodHandle$Holder.reinvoke_L(java.lang.Object, java.lang.Object, java.lang.Object)'> (0x000000071068dc78) thrown at [./src/hotspot/share/interpreter/linkResolver.cpp, line 773]
Event: 0.985 Thread 0x000002d9dd792800 Exception <a 'java/lang/NoSuchMethodError'{0x0000000710697938}: 'int java.lang.invoke.DirectMethodHandle$Holder.invokeSpecial(java.lang.Object, java.lang.Object, java.lang.Object, java.lang.Object)'> (0x0000000710697938) thrown at [./src/hotspot/share/interpreter/linkResolver.cpp, line 773]
Event: 0.987 Thread 0x000002d9dd792800 Exception <a 'java/lang/NoSuchMethodError'{0x00000007106a6718}: 'int java.lang.invoke.DelegatingMethodHandle$Holder.reinvoke_L(java.lang.Object, java.lang.Object, java.lang.Object, long, int)'> (0x00000007106a6718) thrown at [./src/hotspot/share/interpreter/linkResolver.cpp, line 773]
Event: 1.087 Thread 0x000002d9dd792800 Exception <a 'java/lang/NoSuchMethodError'{0x00000007102fa268}: 'int java.lang.invoke.DirectMethodHandle$Holder.invokeSpecialIFC(java.lang.Object, java.lang.Object, int)'> (0x00000007102fa268) thrown at [./src/hotspot/share/interpreter/linkResolver.cpp, line 773]
Event: 1.188 Thread 0x000002d9dd792800 Exception <a 'java/lang/NoSuchMethodError'{0x000000070f726b28}: 'java.lang.Object java.lang.invoke.DirectMethodHandle$Holder.invokeStaticInit(java.lang.Object, int)'> (0x000000070f726b28) thrown at [./src/hotspot/share/interpreter/linkResolver.cpp, line 773]
Event: 1.212 Thread 0x000002d9dd792800 Exception <a 'java/lang/NoSuchMethodError'{0x000000070f6ee140}: 'long java.lang.invoke.DirectMethodHandle$Holder.invokeStatic(java.lang.Object)'> (0x000000070f6ee140) thrown at [./src/hotspot/share/interpreter/linkResolver.cpp, line 773]
Event: 1.213 Thread 0x000002d9dd792800 Exception <a 'java/lang/NoSuchMethodError'{0x000000070f6f0f98}: 'long java.lang.invoke.DirectMethodHandle$Holder.invokeStaticInit(java.lang.Object)'> (0x000000070f6f0f98) thrown at [./src/hotspot/share/interpreter/linkResolver.cpp, line 773]
Event: 1.281 Thread 0x000002d9dd792800 Exception <a 'java/lang/NoSuchMethodError'{0x00000007119ec080}: 'int java.lang.invoke.DirectMethodHandle$Holder.invokeStaticInit(java.lang.Object, java.lang.Object, java.lang.Object)'> (0x00000007119ec080) thrown at [./src/hotspot/share/interpreter/linkResolver.cpp, line 773]
Event: 1.284 Thread 0x000002d9dd792800 Exception <a 'java/lang/NoSuchMethodError'{0x0000000711819318}: 'int java.lang.invoke.DirectMethodHandle$Holder.invokeStaticInit(java.lang.Object, java.lang.Object)'> (0x0000000711819318) thrown at [./src/hotspot/share/interpreter/linkResolver.cpp, line 773]

Events (20 events):
Event: 1.303 loading class org/jetbrains/kotlin/com/intellij/psi/impl/PsiSubstitutorFactoryImpl
Event: 1.303 loading class org/jetbrains/kotlin/com/intellij/psi/impl/PsiSubstitutorFactoryImpl done
Event: 1.303 loading class org/jetbrains/kotlin/com/intellij/psi/PsiSubstitutor
Event: 1.303 loading class org/jetbrains/kotlin/com/intellij/psi/PsiSubstitutor done
Event: 1.303 loading class org/jetbrains/kotlin/com/intellij/psi/JavaDirectoryService
Event: 1.303 loading class org/jetbrains/kotlin/com/intellij/psi/JavaDirectoryService done
Event: 1.304 loading class org/jetbrains/kotlin/com/intellij/core/CoreJavaDirectoryService
Event: 1.304 loading class org/jetbrains/kotlin/com/intellij/core/CoreJavaDirectoryService done
Event: 1.305 loading class org/jetbrains/kotlin/com/intellij/openapi/projectRoots/JavaVersionService
Event: 1.305 loading class org/jetbrains/kotlin/com/intellij/openapi/projectRoots/JavaVersionService done
Event: 1.306 loading class org/jetbrains/kotlin/com/intellij/psi/PsiPackage
Event: 1.306 loading class org/jetbrains/kotlin/com/intellij/psi/PsiPackage done
Event: 1.306 loading class org/jetbrains/kotlin/com/intellij/lang/jvm/JvmPackage
Event: 1.306 loading class org/jetbrains/kotlin/com/intellij/lang/jvm/JvmPackage done
Event: 1.306 loading class org/jetbrains/kotlin/com/intellij/lang/jvm/JvmAnnotatedElement
Event: 1.306 loading class org/jetbrains/kotlin/com/intellij/lang/jvm/JvmAnnotatedElement done
Event: 1.306 loading class org/jetbrains/kotlin/com/intellij/lang/jvm/JvmElement
Event: 1.306 loading class org/jetbrains/kotlin/com/intellij/lang/jvm/JvmElement done
Event: 1.306 loading class org/jetbrains/kotlin/com/intellij/lang/jvm/JvmNamedElement
Event: 1.306 loading class org/jetbrains/kotlin/com/intellij/lang/jvm/JvmNamedElement done


Dynamic libraries:
0x00007ff6d8850000 - 0x00007ff6d885d000 	C:\Program Files\Microsoft\jdk-11.0.18.10-hotspot\bin\java.exe
0x00007ffa1fd70000 - 0x00007ffa1ff68000 	C:\Windows\SYSTEM32\ntdll.dll
0x00007ffa1e900000 - 0x00007ffa1e9bf000 	C:\Windows\System32\KERNEL32.DLL
0x00007ffa1d5f0000 - 0x00007ffa1d8e6000 	C:\Windows\System32\KERNELBASE.dll
0x00007ffa1d480000 - 0x00007ffa1d580000 	C:\Windows\System32\ucrtbase.dll
0x00007ff9ccd50000 - 0x00007ff9ccd67000 	C:\Program Files\Microsoft\jdk-11.0.18.10-hotspot\bin\jli.dll
0x00007ff9bafe0000 - 0x00007ff9baff5000 	C:\Program Files\Microsoft\jdk-11.0.18.10-hotspot\bin\VCRUNTIME140.dll
0x00007ffa1e9c0000 - 0x00007ffa1eb5d000 	C:\Windows\System32\USER32.dll
0x00007ffa1d450000 - 0x00007ffa1d472000 	C:\Windows\System32\win32u.dll
0x00007ffa03360000 - 0x00007ffa035fa000 	C:\Windows\WinSxS\amd64_microsoft.windows.common-controls_6595b64144ccf1df_6.0.19041.1110_none_60b5254171f9507e\COMCTL32.dll
0x00007ffa1dea0000 - 0x00007ffa1df3e000 	C:\Windows\System32\msvcrt.dll
0x00007ffa1fd00000 - 0x00007ffa1fd2c000 	C:\Windows\System32\GDI32.dll
0x00007ffa1dbe0000 - 0x00007ffa1dcf5000 	C:\Windows\System32\gdi32full.dll
0x00007ffa1dd00000 - 0x00007ffa1dd9d000 	C:\Windows\System32\msvcp_win.dll
0x00007ffa1ec00000 - 0x00007ffa1ec30000 	C:\Windows\System32\IMM32.DLL
0x00007ff99ee00000 - 0x00007ff99ee9b000 	C:\Program Files\Microsoft\jdk-11.0.18.10-hotspot\bin\msvcp140.dll
0x00007ff99e260000 - 0x00007ff99edf2000 	C:\Program Files\Microsoft\jdk-11.0.18.10-hotspot\bin\server\jvm.dll
0x00007ffa1e380000 - 0x00007ffa1e42f000 	C:\Windows\System32\ADVAPI32.dll
0x00007ffa1e540000 - 0x00007ffa1e5dc000 	C:\Windows\System32\sechost.dll
0x00007ffa1fb50000 - 0x00007ffa1fc76000 	C:\Windows\System32\RPCRT4.dll
0x00007ffa1ebf0000 - 0x00007ffa1ebf8000 	C:\Windows\System32\PSAPI.DLL
0x00007ffa10ac0000 - 0x00007ffa10ac9000 	C:\Windows\SYSTEM32\WSOCK32.dll
0x00007ff9ffdd0000 - 0x00007ff9ffdf7000 	C:\Windows\SYSTEM32\WINMM.dll
0x00007ffa16c10000 - 0x00007ffa16c1a000 	C:\Windows\SYSTEM32\VERSION.dll
0x00007ffa1e310000 - 0x00007ffa1e37b000 	C:\Windows\System32\WS2_32.dll
0x00007ffa1bcc0000 - 0x00007ffa1bcd2000 	C:\Windows\SYSTEM32\kernel.appcore.dll
0x00007ff9f8dd0000 - 0x00007ff9f8de0000 	C:\Program Files\Microsoft\jdk-11.0.18.10-hotspot\bin\verify.dll
0x00007ffa1b2d0000 - 0x00007ffa1b4b4000 	C:\Windows\SYSTEM32\DBGHELP.DLL
0x00007ffa15bc0000 - 0x00007ffa15bf4000 	C:\Windows\SYSTEM32\dbgcore.DLL
0x00007ffa1d940000 - 0x00007ffa1d9c2000 	C:\Windows\System32\bcryptPrimitives.dll
0x00007ff9a1840000 - 0x00007ff9a1868000 	C:\Program Files\Microsoft\jdk-11.0.18.10-hotspot\bin\java.dll
0x00007ff9f1cd0000 - 0x00007ff9f1cda000 	C:\Program Files\Microsoft\jdk-11.0.18.10-hotspot\bin\jimage.dll
0x00007ff9b6620000 - 0x00007ff9b6638000 	C:\Program Files\Microsoft\jdk-11.0.18.10-hotspot\bin\zip.dll
0x00007ffa1f400000 - 0x00007ffa1fb44000 	C:\Windows\System32\SHELL32.dll
0x00007ffa1b4c0000 - 0x00007ffa1bc54000 	C:\Windows\SYSTEM32\windows.storage.dll
0x00007ffa1dfb0000 - 0x00007ffa1e304000 	C:\Windows\System32\combase.dll
0x00007ffa1ce90000 - 0x00007ffa1cebe000 	C:\Windows\SYSTEM32\Wldp.dll
0x00007ffa1f350000 - 0x00007ffa1f3fd000 	C:\Windows\System32\SHCORE.dll
0x00007ffa1e710000 - 0x00007ffa1e765000 	C:\Windows\System32\shlwapi.dll
0x00007ffa1d380000 - 0x00007ffa1d3a5000 	C:\Windows\SYSTEM32\profapi.dll
0x00007ff99dfb0000 - 0x00007ff99dfc9000 	C:\Program Files\Microsoft\jdk-11.0.18.10-hotspot\bin\net.dll
0x00007ffa16cb0000 - 0x00007ffa16dba000 	C:\Windows\SYSTEM32\WINHTTP.dll
0x00007ffa1cbf0000 - 0x00007ffa1cc5a000 	C:\Windows\system32\mswsock.dll
0x00007ff99df90000 - 0x00007ff99dfa3000 	C:\Program Files\Microsoft\jdk-11.0.18.10-hotspot\bin\nio.dll

dbghelp: loaded successfully - version: 4.0.5 - missing functions: none
symbol engine: initialized successfully - sym options: 0x614 - pdb path: .;C:\Program Files\Microsoft\jdk-11.0.18.10-hotspot\bin;C:\Windows\SYSTEM32;C:\Windows\WinSxS\amd64_microsoft.windows.common-controls_6595b64144ccf1df_6.0.19041.1110_none_60b5254171f9507e;C:\Program Files\Microsoft\jdk-11.0.18.10-hotspot\bin\server

VM Arguments:
java_command: org.jetbrains.kotlin.cli.jvm.K2JVMCompiler @D:\Mobile-Projects\Finner\node_modules\react-native-google-mobile-ads\android\build\20230725_6832727930000897237.compiler.options
java_class_path (initial): C:\Users\Finner\.gradle\caches\modules-2\files-2.1\org.jetbrains.kotlin\kotlin-compiler-embeddable\1.6.10\88f2073f4020cdb83132cfe940ceb9a60aba54ea\kotlin-compiler-embeddable-1.6.10.jar;C:\Users\Finner\.gradle\caches\modules-2\files-2.1\org.jetbrains.kotlin\kotlin-reflect\1.6.10\1cbe9c92c12a94eea200d23c2bbaedaf3daf5132\kotlin-reflect-1.6.10.jar;C:\Users\Finner\.gradle\caches\modules-2\files-2.1\org.jetbrains.kotlin\kotlin-stdlib\1.6.10\b8af3fe6f1ca88526914929add63cf5e7c5049af\kotlin-stdlib-1.6.10.jar;C:\Users\Finner\.gradle\caches\modules-2\files-2.1\org.jetbrains.kotlin\kotlin-script-runtime\1.6.10\d0a7ff2e2500ef497ed0214ae40ad3c8387a6164\kotlin-script-runtime-1.6.10.jar;C:\Users\Finner\.gradle\caches\modules-2\files-2.1\org.jetbrains.kotlin\kotlin-daemon-embeddable\1.6.10\a56d79bcbea411fa6058e4ecffc2de73e742bd2a\kotlin-daemon-embeddable-1.6.10.jar;C:\Users\Finner\.gradle\caches\modules-2\files-2.1\org.jetbrains.intellij.deps\trove4j\1.0.20181211\216c2e14b070f334479d800987affe4054cd563f\trove4j-1.0.20181211.jar;C:\Users\Finner\.gradle\caches\modules-2\files-2.1\net.java.dev.jna\jna\5.6.0\330f2244e9030119ab3030fc3fededc86713d9cc\jna-5.6.0.jar;C:\Users\Finner\.gradle\caches\modules-2\files-2.1\org.jetbrains\annotations\13.0\919f0dfe192fb4e063e7dacadee7f8bb9a2672a9\annotations-13.0.jar;C:\Users\Finner\.gradle\caches\modules-2\files-2.1\org.jetbrains.kotlin\kotlin-stdlib-common\1.6.10\c118700e3a33c8a0d9adc920e9dec0831171925\kotlin-stdlib-common-1.6.10.jar
Launcher Type: SUN_STANDARD

[Global flags]
     intx CICompilerCount                          = 4                                         {product} {ergonomic}
     uint ConcGCThreads                            = 2                                         {product} {ergonomic}
     uint G1ConcRefinementThreads                  = 8                                         {product} {ergonomic}
   size_t G1HeapRegionSize                         = 1048576                                   {product} {ergonomic}
    uintx GCDrainStackTargetSize                   = 64                                        {product} {ergonomic}
   size_t InitialHeapSize                          = 268435456                                 {product} {ergonomic}
   size_t MarkStackSize                            = 4194304                                   {product} {ergonomic}
   size_t MaxHeapSize                              = 4267704320                                {product} {ergonomic}
   size_t MaxNewSize                               = 2560622592                                {product} {ergonomic}
   size_t MinHeapDeltaBytes                        = 1048576                                   {product} {ergonomic}
    uintx NonNMethodCodeHeapSize                   = 5836300                                {pd product} {ergonomic}
    uintx NonProfiledCodeHeapSize                  = 122910970                              {pd product} {ergonomic}
    uintx ProfiledCodeHeapSize                     = 122910970                              {pd product} {ergonomic}
    uintx ReservedCodeCacheSize                    = 251658240                              {pd product} {ergonomic}
     bool SegmentedCodeCache                       = true                                      {product} {ergonomic}
     bool UseCompressedClassPointers               = true                                 {lp64_product} {ergonomic}
     bool UseCompressedOops                        = true                                 {lp64_product} {ergonomic}
     bool UseG1GC                                  = true                                      {product} {ergonomic}
     bool UseLargePagesIndividualAllocation        = false                                  {pd product} {ergonomic}

Logging:
Log output configuration:
 #0: stdout all=warning uptime,level,tags
 #1: stderr all=off uptime,level,tags

Environment Variables:
JAVA_HOME=C:\Program Files\Microsoft\jdk-11.0.18.10-hotspot\
CLASSPATH=D:\Mobile-Projects\Finner\android\\gradle\wrapper\gradle-wrapper.jar
PATH=C:\Users\Finner\AppData\Local\Temp\yarn--1690256278346-0.8680719811355777;D:\Mobile-Projects\Finner\node_modules\.bin;C:\Users\Finner\AppData\Local\Yarn\Data\link\node_modules\.bin;C:\Users\Finner\AppData\Local\Yarn\bin;C:\Program Files\libexec\lib\node_modules\npm\bin\node-gyp-bin;C:\Program Files\lib\node_modules\npm\bin\node-gyp-bin;C:\Program Files\nodejs\node_modules\npm\bin\node-gyp-bin;C:\Program Files\WindowsApps\Microsoft.PowerShell_7.3.3.0_x64__8wekyb3d8bbwe;C:\Program Files\WindowsApps\Microsoft.PowerShell_7.3.2.0_x64__8wekyb3d8bbwe;C:\Program Files (x86)\Common Files\Intel\Shared Libraries\redist\intel64\compiler;C:\Program Files\Microsoft\jdk-11.0.18.10-hotspot\bin;C:\Program Files (x86)\Intel\iCLS Client\;C:\Program Files\Intel\iCLS Client\;C:\Windows\system32;C:\Windows;C:\Windows\System32\Wbem;C:\Windows\System32\WindowsPowerShell\v1.0\;C:\Windows\System32\OpenSSH\;C:\Program Files (x86)\NVIDIA Corporation\PhysX\Common;C:\Program Files\NVIDIA Corporation\NVIDIA NvDLISR;C:\ProgramData\chocolatey\bin;C:\Program Files\Git\cmd;C:\Program Files\OpenJDK\openjdk-11.0.16_8\bin;c:\Program Files (x86)\Intel\Intel(R) Management Engine Components\DAL;c:\Program Files\Intel\Intel(R) Management Engine Components\DAL;c:\Program Files (x86)\Intel\Intel(R) Management Engine Components\IPT;c:\Program Files\Intel\Intel(R) Management Engine Components\IPT;C:\Program Files\PowerShell\7-preview\preview;C:\Program Files\nodejs\;C:\Users\Finner\.amplify\bin;C:\Users\Finner\AppData\Local\Microsoft\WindowsApps;C:\Users\Finner\AppData\Local\Android\Sdk\platform-tools;C:\Users\Finner\AppData\Local\Programs\oh-my-posh\bin;C:\Users\Finner\AppData\Local\Programs\Microsoft VS Code\bin;C:\Users\Finner\AppData\Roaming\npm
USERNAME=Finner
OS=Windows_NT
PROCESSOR_IDENTIFIER=Intel64 Family 6 Model 158 Stepping 9, GenuineIntel
TMP=C:\Windows\TEMP
TEMP=C:\Users\Finner\AppData\Local\Temp



---------------  S Y S T E M  ---------------

OS: Windows 10 , 64 bit Build 19041 (10.0.19041.3155)
OS uptime: 1 days 1:27 hours

CPU:total 8 (initial active 8) (4 cores per cpu, 2 threads per core) family 6 model 158 stepping 9 microcode 0xb4, cmov, cx8, fxsr, mmx, sse, sse2, sse3, ssse3, sse4.1, sse4.2, popcnt, avx, avx2, aes, clmul, erms, 3dnowpref, lzcnt, ht, tsc, tscinvbit, bmi1, bmi2, adx, fma

Memory: 4k page, system-wide physical 16276M (1609M free)
TotalPageFile size 19135M (AvailPageFile size 2M)
current process WorkingSet (physical memory assigned to process): 118M, peak: 118M
current process commit charge ("private bytes"): 368M, peak: 368M

vm_info: OpenJDK 64-Bit Server VM (11.0.18+10-LTS) for windows-amd64 JRE (11.0.18+10-LTS), built on Jan 18 2023 15:56:47 by "MicrosoftCorporation" with MS VC++ 15.9 (VS2017)

END.
