#
# There is insufficient memory for the Java Runtime Environment to continue.
# Native memory allocation (mmap) failed to map 219152384 bytes for Failed to commit area from 0x000000008ef00000 to 0x000000009c000000 of length 219152384.
# Possible reasons:
#   The system is out of physical RAM or swap space
#   The process is running with CompressedOops enabled, and the Java Heap may be blocking the growth of the native heap
# Possible solutions:
#   Reduce memory load on the system
#   Increase physical memory or swap space
#   Check if swap backing store is full
#   Decrease Java heap size (-Xmx/-Xms)
#   Decrease number of Java threads
#   Decrease Java thread stack sizes (-Xss)
#   Set larger code cache with -XX:ReservedCodeCacheSize=
#   JVM is running with Unscaled Compressed Oops mode in which the Java heap is
#     placed in the first 4GB address space. The Java Heap base address is the
#     maximum limit for the native heap growth. Please use -XX:HeapBaseMinAddress
#     to set the Java Heap base and to place the Java Heap above 4GB virtual address.
# This output file may be truncated or incomplete.
#
#  Out of Memory Error (./src/hotspot/os/windows/os_windows.cpp:3386), pid=1368, tid=8312
#
# JRE version: OpenJDK Runtime Environment 18.9 (11.0.16+8) (build 11.0.16+8)
# Java VM: OpenJDK 64-Bit Server VM 18.9 (11.0.16+8, mixed mode, tiered, compressed oops, g1 gc, windows-amd64)
# No core dump will be written. Minidumps are not enabled by default on client versions of Windows
#

---------------  S U M M A R Y ------------

Command Line: -XX:MaxMetaspaceSize=512m --add-opens=java.base/java.util=ALL-UNNAMED --add-opens=java.base/java.lang=ALL-UNNAMED --add-opens=java.base/java.lang.invoke=ALL-UNNAMED --add-opens=java.base/java.util=ALL-UNNAMED --add-opens=java.prefs/java.util.prefs=ALL-UNNAMED --add-opens=java.prefs/java.util.prefs=ALL-UNNAMED --add-opens=java.base/java.nio.charset=ALL-UNNAMED --add-opens=java.base/java.net=ALL-UNNAMED --add-opens=java.base/java.util.concurrent.atomic=ALL-UNNAMED -Xmx2048m -Dfile.encoding=windows-1252 -Duser.country=US -Duser.language=en -Duser.variant org.gradle.launcher.daemon.bootstrap.GradleDaemon 7.5.1

Host: Intel(R) Core(TM) i7-7700HQ CPU @ 2.80GHz, 8 cores, 7G,  Windows 10 , 64 bit Build 19041 (10.0.19041.2364)
Time: Wed Feb 15 15:04:13 2023 SE Asia Standard Time elapsed time: 49.699280 seconds (0d 0h 0m 49s)

---------------  T H R E A D  ---------------

Current thread (0x000001fe3e96f800):  VMThread "VM Thread" [stack: 0x000000217fa00000,0x000000217fb00000] [id=8312]

Stack: [0x000000217fa00000,0x000000217fb00000]
[error occurred during error reporting (printing stack bounds), id 0xc0000005, EXCEPTION_ACCESS_VIOLATION (0xc0000005) at pc=0x000001fe2800112d]

Native frames: (J=compiled Java code, j=interpreted, Vv=VM code, C=native code)
V  [jvm.dll+0x61a63a]
V  [jvm.dll+0x757439]
V  [jvm.dll+0x758b28]
V  [jvm.dll+0x759165]
V  [jvm.dll+0x75911b]
V  [jvm.dll+0x6199c7]
V  [jvm.dll+0x61a0d8]
C  [ntdll.dll+0xa241f]
C  [ntdll.dll+0x514a4]
C  [ntdll.dll+0xa0f4e]
C  0x000001fe2800112d

VM_Operation (0x0000002100df38b0): G1CollectForAllocation, mode: safepoint, requested by thread 0x000001fe40180800


---------------  P R O C E S S  ---------------

Threads class SMR info:
_java_thread_list=0x000001fe4f674210, length=137, elements={
0x000001fe1f8a2000, 0x000001fe3e972800, 0x000001fe3e97e800, 0x000001fe3e992000,
0x000001fe3e993000, 0x000001fe3e996000, 0x000001fe3e9a4800, 0x000001fe3e9a7000,
0x000001fe3e9ba800, 0x000001fe3f45d000, 0x000001fe41398800, 0x000001fe3f6cd800,
0x000001fe41360000, 0x000001fe4122f800, 0x000001fe406f4800, 0x000001fe416ec000,
0x000001fe40180800, 0x000001fe405c0800, 0x000001fe41860000, 0x000001fe41b37800,
0x000001fe4141f800, 0x000001fe41419800, 0x000001fe4141c000, 0x000001fe41420000,
0x000001fe4141d800, 0x000001fe4141d000, 0x000001fe4141e800, 0x000001fe4141a800,
0x000001fe4141b000, 0x000001fe42e45800, 0x000001fe42e48000, 0x000001fe42e44800,
0x000001fe42e4a800, 0x000001fe42e49000, 0x000001fe42e49800, 0x000001fe42e46800,
0x000001fe42e51000, 0x000001fe42e4e800, 0x000001fe42e4d000, 0x000001fe42e52000,
0x000001fe42e53800, 0x000001fe42e4d800, 0x000001fe42e52800, 0x000001fe42e4f800,
0x000001fe42e50000, 0x000001fe40382000, 0x000001fe40385000, 0x000001fe40386000,
0x000001fe40384000, 0x000001fe40386800, 0x000001fe40381000, 0x000001fe40387800,
0x000001fe40388800, 0x000001fe40382800, 0x000001fe40389000, 0x000001fe40383800,
0x000001fe4038a000, 0x000001fe4038f800, 0x000001fe4038f000, 0x000001fe4038a800,
0x000001fe4038d000, 0x000001fe4038b800, 0x000001fe4038c800, 0x000001fe4038e000,
0x000001fe47454000, 0x000001fe4745a800, 0x000001fe47455000, 0x000001fe47459000,
0x000001fe47456800, 0x000001fe47458000, 0x000001fe47459800, 0x000001fe47457800,
0x000001fe4745b800, 0x000001fe47455800, 0x000001fe47462000, 0x000001fe4745c000,
0x000001fe47460000, 0x000001fe47462800, 0x000001fe47461000, 0x000001fe4745d000,
0x000001fe4745e800, 0x000001fe4745e000, 0x000001fe4745f800, 0x000001fe41964800,
0x000001fe41964000, 0x000001fe41965800, 0x000001fe41966000, 0x000001fe41967000,
0x000001fe41961800, 0x000001fe41968000, 0x000001fe41962000, 0x000001fe41968800,
0x000001fe41963000, 0x000001fe4196d800, 0x000001fe4196c000, 0x000001fe4196b000,
0x000001fe4196f000, 0x000001fe41969800, 0x000001fe4196e800, 0x000001fe41970000,
0x000001fe4196d000, 0x000001fe4196a800, 0x000001fe47103800, 0x000001fe47106000,
0x000001fe47109800, 0x000001fe47107000, 0x000001fe47107800, 0x000001fe47108800,
0x000001fe47104800, 0x000001fe4710a000, 0x000001fe4710b000, 0x000001fe47105800,
0x000001fe4710c000, 0x000001fe47112800, 0x000001fe4710c800, 0x000001fe4710e800,
0x000001fe4710d800, 0x000001fe4710f000, 0x000001fe47110800, 0x000001fe47111800,
0x000001fe47110000, 0x000001fe46bc2800, 0x000001fe46bbd800, 0x000001fe46bc0000,
0x000001fe46bbe800, 0x000001fe46bbf800, 0x000001fe46bbd000, 0x000001fe46bc1000,
0x000001fe46bc3800, 0x000001fe46bc2000, 0x000001fe46b56800, 0x000001fe46b5a000,
0x000001fe46b55000, 0x000001fe46b57800, 0x000001fe41edb800, 0x000001fe46b5a800,
0x000001fe46b59000
}

Java Threads: ( => current thread )
  0x000001fe1f8a2000 JavaThread "main" [_thread_blocked, id=5756, stack(0x000000217f400000,0x000000217f500000)]
  0x000001fe3e972800 JavaThread "Reference Handler" daemon [_thread_blocked, id=7292, stack(0x000000217fb00000,0x000000217fc00000)]
  0x000001fe3e97e800 JavaThread "Finalizer" daemon [_thread_blocked, id=13484, stack(0x000000217fc00000,0x000000217fd00000)]
  0x000001fe3e992000 JavaThread "Signal Dispatcher" daemon [_thread_blocked, id=9924, stack(0x000000217fd00000,0x000000217fe00000)]
  0x000001fe3e993000 JavaThread "Attach Listener" daemon [_thread_blocked, id=9128, stack(0x000000217fe00000,0x000000217ff00000)]
  0x000001fe3e996000 JavaThread "Service Thread" daemon [_thread_blocked, id=13852, stack(0x000000217ff00000,0x0000002180000000)]
  0x000001fe3e9a4800 JavaThread "C2 CompilerThread0" daemon [_thread_blocked, id=15028, stack(0x0000002100000000,0x0000002100100000)]
  0x000001fe3e9a7000 JavaThread "C1 CompilerThread0" daemon [_thread_blocked, id=14484, stack(0x0000002100100000,0x0000002100200000)]
  0x000001fe3e9ba800 JavaThread "Sweeper thread" daemon [_thread_blocked, id=8604, stack(0x0000002100200000,0x0000002100300000)]
  0x000001fe3f45d000 JavaThread "Common-Cleaner" daemon [_thread_blocked, id=15716, stack(0x0000002100300000,0x0000002100400000)]
  0x000001fe41398800 JavaThread "Daemon health stats" [_thread_blocked, id=15736, stack(0x0000002100800000,0x0000002100900000)]
  0x000001fe3f6cd800 JavaThread "Incoming local TCP Connector on port 51066" [_thread_in_native, id=3024, stack(0x0000002100500000,0x0000002100600000)]
  0x000001fe41360000 JavaThread "Daemon periodic checks" [_thread_blocked, id=9828, stack(0x0000002100900000,0x0000002100a00000)]
  0x000001fe4122f800 JavaThread "Daemon" [_thread_blocked, id=1408, stack(0x0000002100a00000,0x0000002100b00000)]
  0x000001fe406f4800 JavaThread "Handler for socket connection from /127.0.0.1:51066 to /127.0.0.1:51067" [_thread_in_native, id=2712, stack(0x0000002100b00000,0x0000002100c00000)]
  0x000001fe416ec000 JavaThread "Cancel handler" [_thread_blocked, id=13844, stack(0x0000002100c00000,0x0000002100d00000)]
  0x000001fe40180800 JavaThread "Daemon worker" [_thread_blocked, id=4168, stack(0x0000002100d00000,0x0000002100e00000)]
  0x000001fe405c0800 JavaThread "Asynchronous log dispatcher for DefaultDaemonConnection: socket connection from /127.0.0.1:51066 to /127.0.0.1:51067" [_thread_blocked, id=13372, stack(0x0000002100e00000,0x0000002100f00000)]
  0x000001fe41860000 JavaThread "Stdin handler" [_thread_blocked, id=12720, stack(0x0000002100f00000,0x0000002101000000)]
  0x000001fe41b37800 JavaThread "Daemon client event forwarder" [_thread_blocked, id=3740, stack(0x0000002101100000,0x0000002101200000)]
  0x000001fe4141f800 JavaThread "Cache worker for journal cache (C:\Users\Finner\.gradle\caches\journal-1)" [_thread_blocked, id=15504, stack(0x0000002101200000,0x0000002101300000)]
  0x000001fe41419800 JavaThread "File lock request listener" [_thread_in_native, id=14572, stack(0x0000002101800000,0x0000002101900000)]
  0x000001fe4141c000 JavaThread "Cache worker for file hash cache (C:\Users\Finner\.gradle\caches\7.5.1\fileHashes)" [_thread_blocked, id=15904, stack(0x0000002101900000,0x0000002101a00000)]
  0x000001fe41420000 JavaThread "File watcher server" daemon [_thread_in_native, id=2444, stack(0x0000002101000000,0x0000002101100000)]
  0x000001fe4141d800 JavaThread "File watcher consumer" daemon [_thread_blocked, id=14380, stack(0x0000002101b00000,0x0000002101c00000)]
  0x000001fe4141d000 JavaThread "Cache worker for checksums cache (D:\Mobile-Projects\Finner\android\.gradle\7.5.1\checksums)" [_thread_blocked, id=4876, stack(0x0000002101c00000,0x0000002101d00000)]
  0x000001fe4141e800 JavaThread "Cache worker for cache directory md-rule (C:\Users\Finner\.gradle\caches\7.5.1\md-rule)" [_thread_blocked, id=11780, stack(0x0000002101d00000,0x0000002101e00000)]
  0x000001fe4141a800 JavaThread "Cache worker for file content cache (C:\Users\Finner\.gradle\caches\7.5.1\fileContent)" [_thread_blocked, id=6764, stack(0x0000002101e00000,0x0000002101f00000)]
  0x000001fe4141b000 JavaThread "Cache worker for file hash cache (D:\Mobile-Projects\Finner\android\.gradle\7.5.1\fileHashes)" [_thread_blocked, id=2296, stack(0x0000002102000000,0x0000002102100000)]
  0x000001fe42e45800 JavaThread "Cache worker for cache directory md-supplier (C:\Users\Finner\.gradle\caches\7.5.1\md-supplier)" [_thread_blocked, id=9544, stack(0x0000002102100000,0x0000002102200000)]
  0x000001fe42e48000 JavaThread "Cache worker for execution history cache (C:\Users\Finner\.gradle\caches\7.5.1\executionHistory)" [_thread_blocked, id=4844, stack(0x0000002102200000,0x0000002102300000)]
  0x000001fe42e44800 JavaThread "jar transforms" [_thread_blocked, id=14680, stack(0x0000002102300000,0x0000002102400000)]
  0x000001fe42e4a800 JavaThread "jar transforms Thread 2" [_thread_blocked, id=7124, stack(0x0000002102400000,0x0000002102500000)]
  0x000001fe42e49000 JavaThread "jar transforms Thread 3" [_thread_blocked, id=13588, stack(0x0000002102500000,0x0000002102600000)]
  0x000001fe42e49800 JavaThread "jar transforms Thread 4" [_thread_blocked, id=10760, stack(0x0000002102600000,0x0000002102700000)]
  0x000001fe42e46800 JavaThread "Cache worker for kotlin-dsl (C:\Users\Finner\.gradle\caches\7.5.1\kotlin-dsl)" [_thread_blocked, id=8672, stack(0x0000002102700000,0x0000002102800000)]
  0x000001fe42e51000 JavaThread "jar transforms Thread 5" [_thread_blocked, id=16168, stack(0x0000002102800000,0x0000002102900000)]
  0x000001fe42e4e800 JavaThread "jar transforms Thread 6" [_thread_blocked, id=10096, stack(0x0000002102900000,0x0000002102a00000)]
  0x000001fe42e4d000 JavaThread "Cache worker for dependencies-accessors (D:\Mobile-Projects\Finner\android\.gradle\7.5.1\dependencies-accessors)" [_thread_blocked, id=2092, stack(0x0000002102a00000,0x0000002102b00000)]
  0x000001fe42e52000 JavaThread "Cache worker for Build Output Cleanup Cache (D:\Mobile-Projects\Finner\node_modules\react-native-gradle-plugin\.gradle\buildOutputCleanup)" [_thread_blocked, id=1656, stack(0x0000002102b00000,0x0000002102c00000)]
  0x000001fe42e53800 JavaThread "jar transforms Thread 7" [_thread_blocked, id=12900, stack(0x0000002102c00000,0x0000002102d00000)]
  0x000001fe42e4d800 JavaThread "Unconstrained build operations" [_thread_blocked, id=10540, stack(0x0000002102d00000,0x0000002102e00000)]
  0x000001fe42e52800 JavaThread "Unconstrained build operations Thread 2" [_thread_blocked, id=15344, stack(0x0000002102e00000,0x0000002102f00000)]
  0x000001fe42e4f800 JavaThread "Unconstrained build operations Thread 3" [_thread_blocked, id=7564, stack(0x0000002102f00000,0x0000002103000000)]
  0x000001fe42e50000 JavaThread "Unconstrained build operations Thread 4" [_thread_blocked, id=3692, stack(0x0000002103000000,0x0000002103100000)]
  0x000001fe40382000 JavaThread "Unconstrained build operations Thread 5" [_thread_blocked, id=15424, stack(0x0000002103100000,0x0000002103200000)]
  0x000001fe40385000 JavaThread "Unconstrained build operations Thread 6" [_thread_blocked, id=6696, stack(0x0000002103200000,0x0000002103300000)]
  0x000001fe40386000 JavaThread "Unconstrained build operations Thread 7" [_thread_blocked, id=10032, stack(0x0000002103300000,0x0000002103400000)]
  0x000001fe40384000 JavaThread "Unconstrained build operations Thread 8" [_thread_blocked, id=10140, stack(0x0000002103400000,0x0000002103500000)]
  0x000001fe40386800 JavaThread "Unconstrained build operations Thread 9" [_thread_blocked, id=14456, stack(0x0000002103500000,0x0000002103600000)]
  0x000001fe40381000 JavaThread "Unconstrained build operations Thread 10" [_thread_blocked, id=14732, stack(0x0000002103600000,0x0000002103700000)]
  0x000001fe40387800 JavaThread "Unconstrained build operations Thread 11" [_thread_blocked, id=7872, stack(0x0000002103700000,0x0000002103800000)]
  0x000001fe40388800 JavaThread "Unconstrained build operations Thread 12" [_thread_blocked, id=12316, stack(0x0000002103800000,0x0000002103900000)]
  0x000001fe40382800 JavaThread "Unconstrained build operations Thread 13" [_thread_blocked, id=11480, stack(0x0000002103900000,0x0000002103a00000)]
  0x000001fe40389000 JavaThread "Unconstrained build operations Thread 14" [_thread_blocked, id=3672, stack(0x0000002103a00000,0x0000002103b00000)]
  0x000001fe40383800 JavaThread "Unconstrained build operations Thread 15" [_thread_blocked, id=9700, stack(0x0000002103b00000,0x0000002103c00000)]
  0x000001fe4038a000 JavaThread "Unconstrained build operations Thread 16" [_thread_blocked, id=6012, stack(0x0000002103c00000,0x0000002103d00000)]
  0x000001fe4038f800 JavaThread "Unconstrained build operations Thread 17" [_thread_blocked, id=544, stack(0x0000002103d00000,0x0000002103e00000)]
  0x000001fe4038f000 JavaThread "Unconstrained build operations Thread 18" [_thread_blocked, id=12924, stack(0x0000002103e00000,0x0000002103f00000)]
  0x000001fe4038a800 JavaThread "Unconstrained build operations Thread 19" [_thread_blocked, id=13976, stack(0x0000002103f00000,0x0000002104000000)]
  0x000001fe4038d000 JavaThread "Unconstrained build operations Thread 20" [_thread_blocked, id=15548, stack(0x0000002104000000,0x0000002104100000)]
  0x000001fe4038b800 JavaThread "Unconstrained build operations Thread 21" [_thread_blocked, id=15680, stack(0x0000002104100000,0x0000002104200000)]
  0x000001fe4038c800 JavaThread "Unconstrained build operations Thread 22" [_thread_blocked, id=9888, stack(0x0000002104200000,0x0000002104300000)]
  0x000001fe4038e000 JavaThread "Unconstrained build operations Thread 23" [_thread_blocked, id=14684, stack(0x0000002104300000,0x0000002104400000)]
  0x000001fe47454000 JavaThread "Unconstrained build operations Thread 24" [_thread_blocked, id=14296, stack(0x0000002104400000,0x0000002104500000)]
  0x000001fe4745a800 JavaThread "Unconstrained build operations Thread 25" [_thread_blocked, id=7812, stack(0x0000002104500000,0x0000002104600000)]
  0x000001fe47455000 JavaThread "Unconstrained build operations Thread 26" [_thread_blocked, id=15524, stack(0x0000002104600000,0x0000002104700000)]
  0x000001fe47459000 JavaThread "Unconstrained build operations Thread 27" [_thread_blocked, id=15372, stack(0x0000002104700000,0x0000002104800000)]
  0x000001fe47456800 JavaThread "Unconstrained build operations Thread 28" [_thread_blocked, id=6476, stack(0x0000002104800000,0x0000002104900000)]
  0x000001fe47458000 JavaThread "Unconstrained build operations Thread 29" [_thread_blocked, id=10476, stack(0x0000002104900000,0x0000002104a00000)]
  0x000001fe47459800 JavaThread "Unconstrained build operations Thread 30" [_thread_blocked, id=12112, stack(0x0000002104a00000,0x0000002104b00000)]
  0x000001fe47457800 JavaThread "Unconstrained build operations Thread 31" [_thread_blocked, id=1908, stack(0x0000002104b00000,0x0000002104c00000)]
  0x000001fe4745b800 JavaThread "Unconstrained build operations Thread 32" [_thread_blocked, id=9528, stack(0x0000002104c00000,0x0000002104d00000)]
  0x000001fe47455800 JavaThread "Unconstrained build operations Thread 33" [_thread_blocked, id=12332, stack(0x0000002104d00000,0x0000002104e00000)]
  0x000001fe47462000 JavaThread "jar transforms Thread 8" [_thread_blocked, id=4472, stack(0x0000002104e00000,0x0000002104f00000)]
  0x000001fe4745c000 JavaThread "build event listener" [_thread_blocked, id=12484, stack(0x0000002104f00000,0x0000002105000000)]
  0x000001fe47460000 JavaThread "Memory manager" [_thread_blocked, id=14524, stack(0x0000002105000000,0x0000002105100000)]
  0x000001fe47462800 JavaThread "Cache worker for Build Output Cleanup Cache (D:\Mobile-Projects\Finner\android\.gradle\buildOutputCleanup)" [_thread_blocked, id=6304, stack(0x0000002105300000,0x0000002105400000)]
  0x000001fe47461000 JavaThread "included builds" [_thread_blocked, id=13316, stack(0x0000002105400000,0x0000002105500000)]
  0x000001fe4745d000 JavaThread "Execution worker" [_thread_blocked, id=15012, stack(0x0000002105500000,0x0000002105600000)]
  0x000001fe4745e800 JavaThread "Execution worker Thread 2" [_thread_blocked, id=13848, stack(0x0000002105600000,0x0000002105700000)]
  0x000001fe4745e000 JavaThread "Execution worker Thread 3" [_thread_blocked, id=11680, stack(0x0000002105700000,0x0000002105800000)]
  0x000001fe4745f800 JavaThread "Execution worker Thread 4" [_thread_blocked, id=12584, stack(0x0000002105800000,0x0000002105900000)]
  0x000001fe41964800 JavaThread "Execution worker Thread 5" [_thread_blocked, id=596, stack(0x0000002105900000,0x0000002105a00000)]
  0x000001fe41964000 JavaThread "Execution worker Thread 6" [_thread_blocked, id=14940, stack(0x0000002105a00000,0x0000002105b00000)]
  0x000001fe41965800 JavaThread "Execution worker Thread 7" [_thread_blocked, id=1188, stack(0x0000002105b00000,0x0000002105c00000)]
  0x000001fe41966000 JavaThread "Cache worker for execution history cache (D:\Mobile-Projects\Finner\node_modules\react-native-gradle-plugin\.gradle\7.5.1\executionHistory)" [_thread_blocked, id=14436, stack(0x0000002105c00000,0x0000002105d00000)]
  0x000001fe41967000 JavaThread "Unconstrained build operations Thread 34" [_thread_blocked, id=13388, stack(0x0000002105d00000,0x0000002105e00000)]
  0x000001fe41961800 JavaThread "Unconstrained build operations Thread 35" [_thread_blocked, id=4828, stack(0x0000002105e00000,0x0000002105f00000)]
  0x000001fe41968000 JavaThread "Unconstrained build operations Thread 36" [_thread_blocked, id=3752, stack(0x0000002105f00000,0x0000002106000000)]
  0x000001fe41962000 JavaThread "Unconstrained build operations Thread 37" [_thread_blocked, id=14976, stack(0x0000002106000000,0x0000002106100000)]
  0x000001fe41968800 JavaThread "Unconstrained build operations Thread 38" [_thread_blocked, id=16228, stack(0x0000002106100000,0x0000002106200000)]
  0x000001fe41963000 JavaThread "Unconstrained build operations Thread 39" [_thread_blocked, id=15420, stack(0x0000002106200000,0x0000002106300000)]
  0x000001fe4196d800 JavaThread "Unconstrained build operations Thread 40" [_thread_blocked, id=12608, stack(0x0000002106300000,0x0000002106400000)]
  0x000001fe4196c000 JavaThread "Unconstrained build operations Thread 41" [_thread_blocked, id=13936, stack(0x0000002106400000,0x0000002106500000)]
  0x000001fe4196b000 JavaThread "Unconstrained build operations Thread 42" [_thread_blocked, id=10752, stack(0x0000002106500000,0x0000002106600000)]
  0x000001fe4196f000 JavaThread "Unconstrained build operations Thread 43" [_thread_blocked, id=9732, stack(0x0000002106600000,0x0000002106700000)]
  0x000001fe41969800 JavaThread "Unconstrained build operations Thread 44" [_thread_blocked, id=6756, stack(0x0000002106700000,0x0000002106800000)]
  0x000001fe4196e800 JavaThread "Unconstrained build operations Thread 45" [_thread_blocked, id=3508, stack(0x0000002106800000,0x0000002106900000)]
  0x000001fe41970000 JavaThread "Unconstrained build operations Thread 46" [_thread_blocked, id=12856, stack(0x0000002106900000,0x0000002106a00000)]
  0x000001fe4196d000 JavaThread "Unconstrained build operations Thread 47" [_thread_blocked, id=1680, stack(0x0000002106a00000,0x0000002106b00000)]
  0x000001fe4196a800 JavaThread "Unconstrained build operations Thread 48" [_thread_blocked, id=12100, stack(0x0000002106b00000,0x0000002106c00000)]
  0x000001fe47103800 JavaThread "Unconstrained build operations Thread 49" [_thread_blocked, id=15636, stack(0x0000002106c00000,0x0000002106d00000)]
  0x000001fe47106000 JavaThread "Unconstrained build operations Thread 50" [_thread_blocked, id=14104, stack(0x0000002106d00000,0x0000002106e00000)]
  0x000001fe47109800 JavaThread "Unconstrained build operations Thread 51" [_thread_blocked, id=11944, stack(0x0000002106e00000,0x0000002106f00000)]
  0x000001fe47107000 JavaThread "Unconstrained build operations Thread 52" [_thread_blocked, id=7740, stack(0x0000002106f00000,0x0000002107000000)]
  0x000001fe47107800 JavaThread "Unconstrained build operations Thread 53" [_thread_blocked, id=13584, stack(0x0000002107000000,0x0000002107100000)]
  0x000001fe47108800 JavaThread "Unconstrained build operations Thread 54" [_thread_blocked, id=776, stack(0x0000002107100000,0x0000002107200000)]
  0x000001fe47104800 JavaThread "Unconstrained build operations Thread 55" [_thread_blocked, id=7716, stack(0x0000002107200000,0x0000002107300000)]
  0x000001fe4710a000 JavaThread "Unconstrained build operations Thread 56" [_thread_blocked, id=8380, stack(0x0000002107300000,0x0000002107400000)]
  0x000001fe4710b000 JavaThread "Unconstrained build operations Thread 57" [_thread_blocked, id=15788, stack(0x0000002107400000,0x0000002107500000)]
  0x000001fe47105800 JavaThread "Unconstrained build operations Thread 58" [_thread_blocked, id=3544, stack(0x0000002107500000,0x0000002107600000)]
  0x000001fe4710c000 JavaThread "Unconstrained build operations Thread 59" [_thread_blocked, id=13516, stack(0x0000002107600000,0x0000002107700000)]
  0x000001fe47112800 JavaThread "Unconstrained build operations Thread 60" [_thread_blocked, id=13924, stack(0x0000002107700000,0x0000002107800000)]
  0x000001fe4710c800 JavaThread "Unconstrained build operations Thread 61" [_thread_blocked, id=6232, stack(0x0000002107800000,0x0000002107900000)]
  0x000001fe4710e800 JavaThread "Unconstrained build operations Thread 62" [_thread_blocked, id=6856, stack(0x0000002107900000,0x0000002107a00000)]
  0x000001fe4710d800 JavaThread "Unconstrained build operations Thread 63" [_thread_blocked, id=8656, stack(0x0000002107a00000,0x0000002107b00000)]
  0x000001fe4710f000 JavaThread "Unconstrained build operations Thread 64" [_thread_blocked, id=7492, stack(0x0000002107b00000,0x0000002107c00000)]
  0x000001fe47110800 JavaThread "Unconstrained build operations Thread 65" [_thread_blocked, id=15792, stack(0x0000002107c00000,0x0000002107d00000)]
  0x000001fe47111800 JavaThread "Unconstrained build operations Thread 66" [_thread_blocked, id=3016, stack(0x0000002107d00000,0x0000002107e00000)]
  0x000001fe47110000 JavaThread "Unconstrained build operations Thread 67" [_thread_blocked, id=16176, stack(0x0000002107e00000,0x0000002107f00000)]
  0x000001fe46bc2800 JavaThread "Unconstrained build operations Thread 68" [_thread_blocked, id=3972, stack(0x0000002107f00000,0x0000002108000000)]
  0x000001fe46bbd800 JavaThread "Unconstrained build operations Thread 69" [_thread_blocked, id=15764, stack(0x0000002108000000,0x0000002108100000)]
  0x000001fe46bc0000 JavaThread "Unconstrained build operations Thread 70" [_thread_blocked, id=14588, stack(0x0000002108100000,0x0000002108200000)]
  0x000001fe46bbe800 JavaThread "Unconstrained build operations Thread 71" [_thread_blocked, id=10072, stack(0x0000002108200000,0x0000002108300000)]
  0x000001fe46bbf800 JavaThread "Unconstrained build operations Thread 72" [_thread_blocked, id=11232, stack(0x0000002108300000,0x0000002108400000)]
  0x000001fe46bbd000 JavaThread "Unconstrained build operations Thread 73" [_thread_blocked, id=14508, stack(0x0000002108400000,0x0000002108500000)]
  0x000001fe46bc1000 JavaThread "Unconstrained build operations Thread 74" [_thread_blocked, id=8700, stack(0x0000002108500000,0x0000002108600000)]
  0x000001fe46bc3800 JavaThread "Unconstrained build operations Thread 75" [_thread_blocked, id=2980, stack(0x0000002108600000,0x0000002108700000)]
  0x000001fe46bc2000 JavaThread "Unconstrained build operations Thread 76" [_thread_blocked, id=15696, stack(0x0000002108700000,0x0000002108800000)]
  0x000001fe46b56800 JavaThread "Unconstrained build operations Thread 77" [_thread_blocked, id=12892, stack(0x0000002108800000,0x0000002108900000)]
  0x000001fe46b5a000 JavaThread "Unconstrained build operations Thread 78" [_thread_blocked, id=16236, stack(0x0000002108900000,0x0000002108a00000)]
  0x000001fe46b55000 JavaThread "Unconstrained build operations Thread 79" [_thread_blocked, id=6804, stack(0x0000002108a00000,0x0000002108b00000)]
  0x000001fe46b57800 JavaThread "Unconstrained build operations Thread 80" [_thread_blocked, id=5288, stack(0x0000002108b00000,0x0000002108c00000)]
  0x000001fe41edb800 JavaThread "C2 CompilerThread1" daemon [_thread_blocked, id=13996, stack(0x0000002101f00000,0x0000002102000000)]
  0x000001fe46b5a800 JavaThread "build event listener" [_thread_blocked, id=8492, stack(0x0000002108c00000,0x0000002108d00000)]
  0x000001fe46b59000 JavaThread "build event listener" [_thread_blocked, id=14632, stack(0x0000002108d00000,0x0000002108e00000)]

Other Threads:
=>0x000001fe3e96f800 VMThread "VM Thread" [stack: 0x000000217fa00000,0x000000217fb00000] [id=8312]
  0x000001fe3f459800 WatcherThread [stack: 0x0000002100400000,0x0000002100500000] [id=2556]
  0x000001fe1f8bb800 GCTaskThread "GC Thread#0" [stack: 0x000000217f500000,0x000000217f600000] [id=9340]
  0x000001fe3f977800 GCTaskThread "GC Thread#1" [stack: 0x0000002100600000,0x0000002100700000] [id=10844]
  0x000001fe3ff8b800 GCTaskThread "GC Thread#2" [stack: 0x0000002100700000,0x0000002100800000] [id=9928]
  0x000001fe41299000 GCTaskThread "GC Thread#3" [stack: 0x0000002101300000,0x0000002101400000] [id=10448]
  0x000001fe4129a000 GCTaskThread "GC Thread#4" [stack: 0x0000002101400000,0x0000002101500000] [id=8768]
  0x000001fe40210800 GCTaskThread "GC Thread#5" [stack: 0x0000002101500000,0x0000002101600000] [id=14504]
  0x000001fe40211000 GCTaskThread "GC Thread#6" [stack: 0x0000002101600000,0x0000002101700000] [id=15308]
  0x000001fe4074d800 GCTaskThread "GC Thread#7" [stack: 0x0000002101700000,0x0000002101800000] [id=7396]
  0x000001fe1f8ef000 ConcurrentGCThread "G1 Main Marker" [stack: 0x000000217f600000,0x000000217f700000] [id=11980]
  0x000001fe1f8f0000 ConcurrentGCThread "G1 Conc#0" [stack: 0x000000217f700000,0x000000217f800000] [id=10132]
  0x000001fe416b8800 ConcurrentGCThread "G1 Conc#1" [stack: 0x0000002101a00000,0x0000002101b00000] [id=13748]
  0x000001fe3e7e0800 ConcurrentGCThread "G1 Refine#0" [stack: 0x000000217f800000,0x000000217f900000] [id=10584]
  0x000001fe3e7e1000 ConcurrentGCThread "G1 Young RemSet Sampling" [stack: 0x000000217f900000,0x000000217fa00000] [id=4600]

Threads with active compile tasks:
C2 CompilerThread0    49725 12554       4       org.gradle.internal.operations.DefaultBuildOperationRunner::execute (147 bytes)
C2 CompilerThread1    49725 12705  s!   4       java.beans.PropertyDescriptor::getWriteMethod (152 bytes)

VM state:at safepoint (normal execution)

VM Mutex/Monitor currently owned by a thread:  ([mutex/lock_event])
[0x000001fe1f89f010] Threads_lock - owner thread: 0x000001fe3e96f800
[0x000001fe1f89f1c0] Heap_lock - owner thread: 0x000001fe40180800

Heap address: 0x0000000080000000, size: 2048 MB, Compressed Oops mode: 32-bit
Narrow klass base: 0x0000000000000000, Narrow klass shift: 3
Compressed class space size: 528482304 Address: 0x0000000100000000

Heap:
 garbage-first heap   total 458752K, used 164715K [0x0000000080000000, 0x0000000100000000)
  region size 1024K, 5 young (5120K), 5 survivors (5120K)
 Metaspace       used 104836K, capacity 110004K, committed 110036K, reserved 612352K
  class space    used 13847K, capacity 15793K, committed 15820K, reserved 516096K
Heap Regions: E=young(eden), S=young(survivor), O=old, HS=humongous(starts), HC=humongous(continues), CS=collection set, F=free, A=archive, TAMS=top-at-mark-start (previous, next)
|   0|0x0000000080000000, 0x0000000080100000, 0x0000000080100000|100%| O|  |TAMS 0x0000000080100000, 0x0000000080100000| Untracked 
|   1|0x0000000080100000, 0x0000000080200000, 0x0000000080200000|100%| O|  |TAMS 0x0000000080200000, 0x0000000080200000| Untracked 
|   2|0x0000000080200000, 0x0000000080300000, 0x0000000080300000|100%| O|  |TAMS 0x0000000080300000, 0x0000000080300000| Untracked 
|   3|0x0000000080300000, 0x0000000080400000, 0x0000000080400000|100%|HS|  |TAMS 0x0000000080400000, 0x0000000080400000| Complete 
|   4|0x0000000080400000, 0x0000000080500000, 0x0000000080500000|100%|HC|  |TAMS 0x0000000080500000, 0x0000000080500000| Complete 
|   5|0x0000000080500000, 0x0000000080600000, 0x0000000080600000|100%|HC|  |TAMS 0x0000000080600000, 0x0000000080600000| Complete 
|   6|0x0000000080600000, 0x0000000080700000, 0x0000000080700000|100%| O|  |TAMS 0x0000000080700000, 0x0000000080700000| Untracked 
|   7|0x0000000080700000, 0x0000000080800000, 0x0000000080800000|100%| O|  |TAMS 0x0000000080800000, 0x0000000080800000| Untracked 
|   8|0x0000000080800000, 0x0000000080900000, 0x0000000080900000|100%| O|  |TAMS 0x0000000080900000, 0x0000000080900000| Untracked 
|   9|0x0000000080900000, 0x0000000080a00000, 0x0000000080a00000|100%| O|  |TAMS 0x0000000080a00000, 0x0000000080a00000| Untracked 
|  10|0x0000000080a00000, 0x0000000080b00000, 0x0000000080b00000|100%| O|  |TAMS 0x0000000080b00000, 0x0000000080b00000| Untracked 
|  11|0x0000000080b00000, 0x0000000080c00000, 0x0000000080c00000|100%| O|  |TAMS 0x0000000080c00000, 0x0000000080c00000| Untracked 
|  12|0x0000000080c00000, 0x0000000080d00000, 0x0000000080d00000|100%| O|  |TAMS 0x0000000080d00000, 0x0000000080d00000| Untracked 
|  13|0x0000000080d00000, 0x0000000080e00000, 0x0000000080e00000|100%| O|  |TAMS 0x0000000080e00000, 0x0000000080e00000| Untracked 
|  14|0x0000000080e00000, 0x0000000080f00000, 0x0000000080f00000|100%| O|  |TAMS 0x0000000080f00000, 0x0000000080f00000| Untracked 
|  15|0x0000000080f00000, 0x0000000081000000, 0x0000000081000000|100%| O|  |TAMS 0x0000000081000000, 0x0000000081000000| Untracked 
|  16|0x0000000081000000, 0x0000000081100000, 0x0000000081100000|100%| O|  |TAMS 0x0000000081100000, 0x0000000081100000| Untracked 
|  17|0x0000000081100000, 0x0000000081200000, 0x0000000081200000|100%| O|  |TAMS 0x0000000081200000, 0x0000000081200000| Untracked 
|  18|0x0000000081200000, 0x0000000081300000, 0x0000000081300000|100%| O|  |TAMS 0x0000000081300000, 0x0000000081300000| Untracked 
|  19|0x0000000081300000, 0x0000000081400000, 0x0000000081400000|100%| O|  |TAMS 0x0000000081400000, 0x0000000081400000| Untracked 
|  20|0x0000000081400000, 0x0000000081500000, 0x0000000081500000|100%| O|  |TAMS 0x0000000081500000, 0x0000000081500000| Untracked 
|  21|0x0000000081500000, 0x0000000081600000, 0x0000000081600000|100%| O|  |TAMS 0x0000000081600000, 0x0000000081600000| Untracked 
|  22|0x0000000081600000, 0x0000000081700000, 0x0000000081700000|100%| O|  |TAMS 0x0000000081700000, 0x0000000081700000| Untracked 
|  23|0x0000000081700000, 0x0000000081800000, 0x0000000081800000|100%| O|  |TAMS 0x0000000081800000, 0x0000000081800000| Untracked 
|  24|0x0000000081800000, 0x0000000081900000, 0x0000000081900000|100%| O|  |TAMS 0x0000000081900000, 0x0000000081900000| Untracked 
|  25|0x0000000081900000, 0x0000000081a00000, 0x0000000081a00000|100%| O|  |TAMS 0x0000000081a00000, 0x0000000081a00000| Untracked 
|  26|0x0000000081a00000, 0x0000000081b00000, 0x0000000081b00000|100%| O|  |TAMS 0x0000000081b00000, 0x0000000081b00000| Untracked 
|  27|0x0000000081b00000, 0x0000000081c00000, 0x0000000081c00000|100%| O|  |TAMS 0x0000000081c00000, 0x0000000081c00000| Untracked 
|  28|0x0000000081c00000, 0x0000000081d00000, 0x0000000081d00000|100%| O|  |TAMS 0x0000000081d00000, 0x0000000081d00000| Untracked 
|  29|0x0000000081d00000, 0x0000000081e00000, 0x0000000081e00000|100%|HS|  |TAMS 0x0000000081e00000, 0x0000000081e00000| Complete 
|  30|0x0000000081e00000, 0x0000000081f00000, 0x0000000081f00000|100%|HS|  |TAMS 0x0000000081f00000, 0x0000000081f00000| Complete 
|  31|0x0000000081f00000, 0x0000000082000000, 0x0000000082000000|100%|HC|  |TAMS 0x0000000082000000, 0x0000000082000000| Complete 
|  32|0x0000000082000000, 0x0000000082100000, 0x0000000082100000|100%|HC|  |TAMS 0x0000000082100000, 0x0000000082100000| Complete 
|  33|0x0000000082100000, 0x0000000082200000, 0x0000000082200000|100%| O|  |TAMS 0x0000000082200000, 0x0000000082200000| Untracked 
|  34|0x0000000082200000, 0x0000000082300000, 0x0000000082300000|100%| O|  |TAMS 0x0000000082300000, 0x0000000082300000| Untracked 
|  35|0x0000000082300000, 0x0000000082400000, 0x0000000082400000|100%| O|  |TAMS 0x0000000082400000, 0x0000000082400000| Untracked 
|  36|0x0000000082400000, 0x0000000082500000, 0x0000000082500000|100%| O|  |TAMS 0x0000000082500000, 0x0000000082500000| Untracked 
|  37|0x0000000082500000, 0x0000000082600000, 0x0000000082600000|100%| O|  |TAMS 0x0000000082600000, 0x0000000082600000| Untracked 
|  38|0x0000000082600000, 0x0000000082700000, 0x0000000082700000|100%| O|  |TAMS 0x0000000082700000, 0x0000000082700000| Untracked 
|  39|0x0000000082700000, 0x0000000082800000, 0x0000000082800000|100%| O|  |TAMS 0x0000000082800000, 0x0000000082800000| Untracked 
|  40|0x0000000082800000, 0x0000000082900000, 0x0000000082900000|100%| O|  |TAMS 0x0000000082900000, 0x0000000082900000| Untracked 
|  41|0x0000000082900000, 0x0000000082a00000, 0x0000000082a00000|100%| O|  |TAMS 0x0000000082a00000, 0x0000000082a00000| Untracked 
|  42|0x0000000082a00000, 0x0000000082b00000, 0x0000000082b00000|100%| O|  |TAMS 0x0000000082b00000, 0x0000000082b00000| Untracked 
|  43|0x0000000082b00000, 0x0000000082c00000, 0x0000000082c00000|100%| O|  |TAMS 0x0000000082c00000, 0x0000000082c00000| Untracked 
|  44|0x0000000082c00000, 0x0000000082d00000, 0x0000000082d00000|100%| O|  |TAMS 0x0000000082d00000, 0x0000000082d00000| Untracked 
|  45|0x0000000082d00000, 0x0000000082e00000, 0x0000000082e00000|100%| O|  |TAMS 0x0000000082e00000, 0x0000000082e00000| Untracked 
|  46|0x0000000082e00000, 0x0000000082f00000, 0x0000000082f00000|100%| O|  |TAMS 0x0000000082f00000, 0x0000000082f00000| Untracked 
|  47|0x0000000082f00000, 0x0000000083000000, 0x0000000083000000|100%| O|  |TAMS 0x0000000083000000, 0x0000000083000000| Untracked 
|  48|0x0000000083000000, 0x0000000083100000, 0x0000000083100000|100%|HS|  |TAMS 0x0000000083100000, 0x0000000083100000| Complete 
|  49|0x0000000083100000, 0x0000000083200000, 0x0000000083200000|100%|HS|  |TAMS 0x0000000083200000, 0x0000000083200000| Complete 
|  50|0x0000000083200000, 0x0000000083300000, 0x0000000083300000|100%| O|  |TAMS 0x0000000083300000, 0x0000000083300000| Untracked 
|  51|0x0000000083300000, 0x0000000083400000, 0x0000000083400000|100%|HS|  |TAMS 0x0000000083400000, 0x0000000083400000| Complete 
|  52|0x0000000083400000, 0x0000000083500000, 0x0000000083500000|100%|HC|  |TAMS 0x0000000083500000, 0x0000000083500000| Complete 
|  53|0x0000000083500000, 0x0000000083600000, 0x0000000083600000|100%| O|  |TAMS 0x0000000083600000, 0x0000000083600000| Untracked 
|  54|0x0000000083600000, 0x0000000083700000, 0x0000000083700000|100%| O|  |TAMS 0x0000000083700000, 0x0000000083700000| Untracked 
|  55|0x0000000083700000, 0x0000000083800000, 0x0000000083800000|100%| O|  |TAMS 0x0000000083800000, 0x0000000083800000| Untracked 
|  56|0x0000000083800000, 0x0000000083900000, 0x0000000083900000|100%| O|  |TAMS 0x0000000083900000, 0x0000000083900000| Untracked 
|  57|0x0000000083900000, 0x0000000083a00000, 0x0000000083a00000|100%| O|  |TAMS 0x0000000083a00000, 0x0000000083a00000| Untracked 
|  58|0x0000000083a00000, 0x0000000083b00000, 0x0000000083b00000|100%| O|  |TAMS 0x0000000083b00000, 0x0000000083b00000| Untracked 
|  59|0x0000000083b00000, 0x0000000083c00000, 0x0000000083c00000|100%| O|  |TAMS 0x0000000083c00000, 0x0000000083c00000| Untracked 
|  60|0x0000000083c00000, 0x0000000083d00000, 0x0000000083d00000|100%| O|  |TAMS 0x0000000083d00000, 0x0000000083d00000| Untracked 
|  61|0x0000000083d00000, 0x0000000083e00000, 0x0000000083e00000|100%| O|  |TAMS 0x0000000083e00000, 0x0000000083e00000| Untracked 
|  62|0x0000000083e00000, 0x0000000083f00000, 0x0000000083f00000|100%| O|  |TAMS 0x0000000083f00000, 0x0000000083f00000| Untracked 
|  63|0x0000000083f00000, 0x0000000084000000, 0x0000000084000000|100%| O|  |TAMS 0x0000000084000000, 0x0000000084000000| Untracked 
|  64|0x0000000084000000, 0x0000000084100000, 0x0000000084100000|100%| O|  |TAMS 0x0000000084100000, 0x0000000084100000| Untracked 
|  65|0x0000000084100000, 0x0000000084200000, 0x0000000084200000|100%| O|  |TAMS 0x0000000084200000, 0x0000000084200000| Untracked 
|  66|0x0000000084200000, 0x0000000084300000, 0x0000000084300000|100%| O|  |TAMS 0x0000000084300000, 0x0000000084300000| Untracked 
|  67|0x0000000084300000, 0x0000000084400000, 0x0000000084400000|100%| O|  |TAMS 0x0000000084400000, 0x0000000084400000| Untracked 
|  68|0x0000000084400000, 0x0000000084500000, 0x0000000084500000|100%| O|  |TAMS 0x0000000084500000, 0x0000000084500000| Untracked 
|  69|0x0000000084500000, 0x0000000084600000, 0x0000000084600000|100%| O|  |TAMS 0x0000000084600000, 0x0000000084600000| Untracked 
|  70|0x0000000084600000, 0x0000000084700000, 0x0000000084700000|100%| O|  |TAMS 0x0000000084700000, 0x0000000084700000| Untracked 
|  71|0x0000000084700000, 0x0000000084800000, 0x0000000084800000|100%| O|  |TAMS 0x0000000084800000, 0x0000000084800000| Untracked 
|  72|0x0000000084800000, 0x0000000084900000, 0x0000000084900000|100%| O|  |TAMS 0x0000000084900000, 0x0000000084900000| Untracked 
|  73|0x0000000084900000, 0x0000000084a00000, 0x0000000084a00000|100%| O|  |TAMS 0x0000000084a00000, 0x0000000084a00000| Untracked 
|  74|0x0000000084a00000, 0x0000000084b00000, 0x0000000084b00000|100%| O|  |TAMS 0x0000000084b00000, 0x0000000084b00000| Untracked 
|  75|0x0000000084b00000, 0x0000000084c00000, 0x0000000084c00000|100%| O|  |TAMS 0x0000000084c00000, 0x0000000084c00000| Untracked 
|  76|0x0000000084c00000, 0x0000000084d00000, 0x0000000084d00000|100%| O|  |TAMS 0x0000000084d00000, 0x0000000084d00000| Untracked 
|  77|0x0000000084d00000, 0x0000000084e00000, 0x0000000084e00000|100%| O|  |TAMS 0x0000000084e00000, 0x0000000084e00000| Untracked 
|  78|0x0000000084e00000, 0x0000000084f00000, 0x0000000084f00000|100%| O|  |TAMS 0x0000000084f00000, 0x0000000084f00000| Untracked 
|  79|0x0000000084f00000, 0x0000000085000000, 0x0000000085000000|100%| O|  |TAMS 0x0000000085000000, 0x0000000085000000| Untracked 
|  80|0x0000000085000000, 0x0000000085100000, 0x0000000085100000|100%| O|  |TAMS 0x0000000085100000, 0x0000000085100000| Untracked 
|  81|0x0000000085100000, 0x0000000085200000, 0x0000000085200000|100%| O|  |TAMS 0x0000000085200000, 0x0000000085200000| Untracked 
|  82|0x0000000085200000, 0x0000000085300000, 0x0000000085300000|100%| O|  |TAMS 0x0000000085300000, 0x0000000085300000| Untracked 
|  83|0x0000000085300000, 0x0000000085400000, 0x0000000085400000|100%| O|  |TAMS 0x0000000085400000, 0x0000000085400000| Untracked 
|  84|0x0000000085400000, 0x0000000085500000, 0x0000000085500000|100%| O|  |TAMS 0x0000000085500000, 0x0000000085500000| Untracked 
|  85|0x0000000085500000, 0x0000000085600000, 0x0000000085600000|100%| O|  |TAMS 0x0000000085600000, 0x0000000085600000| Untracked 
|  86|0x0000000085600000, 0x0000000085700000, 0x0000000085700000|100%| O|  |TAMS 0x0000000085700000, 0x0000000085700000| Untracked 
|  87|0x0000000085700000, 0x0000000085800000, 0x0000000085800000|100%| O|  |TAMS 0x0000000085800000, 0x0000000085800000| Untracked 
|  88|0x0000000085800000, 0x0000000085900000, 0x0000000085900000|100%| O|  |TAMS 0x0000000085900000, 0x0000000085900000| Untracked 
|  89|0x0000000085900000, 0x0000000085a00000, 0x0000000085a00000|100%| O|  |TAMS 0x0000000085a00000, 0x0000000085a00000| Untracked 
|  90|0x0000000085a00000, 0x0000000085b00000, 0x0000000085b00000|100%| O|  |TAMS 0x0000000085b00000, 0x0000000085b00000| Untracked 
|  91|0x0000000085b00000, 0x0000000085c00000, 0x0000000085c00000|100%| O|  |TAMS 0x0000000085c00000, 0x0000000085c00000| Untracked 
|  92|0x0000000085c00000, 0x0000000085d00000, 0x0000000085d00000|100%| O|  |TAMS 0x0000000085d00000, 0x0000000085d00000| Untracked 
|  93|0x0000000085d00000, 0x0000000085e00000, 0x0000000085e00000|100%| O|  |TAMS 0x0000000085e00000, 0x0000000085e00000| Untracked 
|  94|0x0000000085e00000, 0x0000000085f00000, 0x0000000085f00000|100%| O|  |TAMS 0x0000000085f00000, 0x0000000085f00000| Untracked 
|  95|0x0000000085f00000, 0x0000000086000000, 0x0000000086000000|100%| O|  |TAMS 0x0000000086000000, 0x0000000086000000| Untracked 
|  96|0x0000000086000000, 0x0000000086100000, 0x0000000086100000|100%| O|  |TAMS 0x0000000086100000, 0x0000000086100000| Untracked 
|  97|0x0000000086100000, 0x0000000086200000, 0x0000000086200000|100%| O|  |TAMS 0x0000000086200000, 0x0000000086200000| Untracked 
|  98|0x0000000086200000, 0x0000000086300000, 0x0000000086300000|100%| O|  |TAMS 0x0000000086300000, 0x0000000086300000| Untracked 
|  99|0x0000000086300000, 0x0000000086400000, 0x0000000086400000|100%| O|  |TAMS 0x0000000086400000, 0x0000000086400000| Untracked 
| 100|0x0000000086400000, 0x0000000086500000, 0x0000000086500000|100%| O|  |TAMS 0x0000000086500000, 0x0000000086500000| Untracked 
| 101|0x0000000086500000, 0x0000000086600000, 0x0000000086600000|100%| O|  |TAMS 0x0000000086600000, 0x0000000086600000| Untracked 
| 102|0x0000000086600000, 0x0000000086700000, 0x0000000086700000|100%| O|  |TAMS 0x0000000086700000, 0x0000000086700000| Untracked 
| 103|0x0000000086700000, 0x0000000086800000, 0x0000000086800000|100%| O|  |TAMS 0x0000000086800000, 0x0000000086800000| Untracked 
| 104|0x0000000086800000, 0x0000000086900000, 0x0000000086900000|100%| O|  |TAMS 0x0000000086900000, 0x0000000086900000| Untracked 
| 105|0x0000000086900000, 0x0000000086a00000, 0x0000000086a00000|100%| O|  |TAMS 0x0000000086a00000, 0x0000000086a00000| Untracked 
| 106|0x0000000086a00000, 0x0000000086b00000, 0x0000000086b00000|100%| O|  |TAMS 0x0000000086b00000, 0x0000000086b00000| Untracked 
| 107|0x0000000086b00000, 0x0000000086c00000, 0x0000000086c00000|100%| O|  |TAMS 0x0000000086c00000, 0x0000000086c00000| Untracked 
| 108|0x0000000086c00000, 0x0000000086d00000, 0x0000000086d00000|100%| O|  |TAMS 0x0000000086d00000, 0x0000000086d00000| Untracked 
| 109|0x0000000086d00000, 0x0000000086e00000, 0x0000000086e00000|100%|HS|  |TAMS 0x0000000086e00000, 0x0000000086e00000| Complete 
| 110|0x0000000086e00000, 0x0000000086f00000, 0x0000000086f00000|100%|HS|  |TAMS 0x0000000086f00000, 0x0000000086f00000| Complete 
| 111|0x0000000086f00000, 0x0000000087000000, 0x0000000087000000|100%|HS|  |TAMS 0x0000000087000000, 0x0000000087000000| Complete 
| 112|0x0000000087000000, 0x0000000087100000, 0x0000000087100000|100%|HS|  |TAMS 0x0000000087100000, 0x0000000087100000| Complete 
| 113|0x0000000087100000, 0x0000000087200000, 0x0000000087200000|100%|HC|  |TAMS 0x0000000087200000, 0x0000000087200000| Complete 
| 114|0x0000000087200000, 0x0000000087300000, 0x0000000087300000|100%|HC|  |TAMS 0x0000000087300000, 0x0000000087300000| Complete 
| 115|0x0000000087300000, 0x0000000087400000, 0x0000000087400000|100%| O|  |TAMS 0x0000000087400000, 0x0000000087400000| Untracked 
| 116|0x0000000087400000, 0x0000000087500000, 0x0000000087500000|100%| O|  |TAMS 0x0000000087500000, 0x0000000087500000| Untracked 
| 117|0x0000000087500000, 0x0000000087600000, 0x0000000087600000|100%| O|  |TAMS 0x0000000087600000, 0x0000000087600000| Untracked 
| 118|0x0000000087600000, 0x0000000087700000, 0x0000000087700000|100%| O|  |TAMS 0x0000000087700000, 0x0000000087700000| Untracked 
| 119|0x0000000087700000, 0x0000000087800000, 0x0000000087800000|100%| O|  |TAMS 0x0000000087800000, 0x0000000087800000| Untracked 
| 120|0x0000000087800000, 0x0000000087900000, 0x0000000087900000|100%| O|  |TAMS 0x0000000087900000, 0x0000000087900000| Untracked 
| 121|0x0000000087900000, 0x0000000087a00000, 0x0000000087a00000|100%| O|  |TAMS 0x0000000087a00000, 0x0000000087a00000| Untracked 
| 122|0x0000000087a00000, 0x0000000087b00000, 0x0000000087b00000|100%| O|  |TAMS 0x0000000087b00000, 0x0000000087b00000| Untracked 
| 123|0x0000000087b00000, 0x0000000087c00000, 0x0000000087c00000|100%| O|  |TAMS 0x0000000087c00000, 0x0000000087c00000| Untracked 
| 124|0x0000000087c00000, 0x0000000087d00000, 0x0000000087d00000|100%| O|  |TAMS 0x0000000087d00000, 0x0000000087d00000| Untracked 
| 125|0x0000000087d00000, 0x0000000087e00000, 0x0000000087e00000|100%| O|  |TAMS 0x0000000087e00000, 0x0000000087e00000| Untracked 
| 126|0x0000000087e00000, 0x0000000087f00000, 0x0000000087f00000|100%| O|  |TAMS 0x0000000087f00000, 0x0000000087f00000| Untracked 
| 127|0x0000000087f00000, 0x0000000088000000, 0x0000000088000000|100%| O|  |TAMS 0x0000000088000000, 0x0000000088000000| Untracked 
| 128|0x0000000088000000, 0x0000000088100000, 0x0000000088100000|100%| O|  |TAMS 0x0000000088100000, 0x0000000088100000| Untracked 
| 129|0x0000000088100000, 0x0000000088200000, 0x0000000088200000|100%| O|  |TAMS 0x0000000088200000, 0x0000000088200000| Untracked 
| 130|0x0000000088200000, 0x0000000088300000, 0x0000000088300000|100%| O|  |TAMS 0x0000000088300000, 0x0000000088300000| Untracked 
| 131|0x0000000088300000, 0x0000000088400000, 0x0000000088400000|100%| O|  |TAMS 0x0000000088400000, 0x0000000088400000| Untracked 
| 132|0x0000000088400000, 0x0000000088500000, 0x0000000088500000|100%| O|  |TAMS 0x0000000088500000, 0x0000000088500000| Untracked 
| 133|0x0000000088500000, 0x0000000088600000, 0x0000000088600000|100%|HS|  |TAMS 0x0000000088600000, 0x0000000088600000| Complete 
| 134|0x0000000088600000, 0x0000000088700000, 0x0000000088700000|100%|HS|  |TAMS 0x0000000088700000, 0x0000000088700000| Complete 
| 135|0x0000000088700000, 0x0000000088800000, 0x0000000088800000|100%|HS|  |TAMS 0x0000000088800000, 0x0000000088800000| Complete 
| 136|0x0000000088800000, 0x0000000088900000, 0x0000000088900000|100%|HC|  |TAMS 0x0000000088900000, 0x0000000088900000| Complete 
| 137|0x0000000088900000, 0x0000000088a00000, 0x0000000088a00000|100%|HC|  |TAMS 0x0000000088a00000, 0x0000000088a00000| Complete 
| 138|0x0000000088a00000, 0x0000000088b00000, 0x0000000088b00000|100%| O|  |TAMS 0x0000000088b00000, 0x0000000088b00000| Untracked 
| 139|0x0000000088b00000, 0x0000000088c00000, 0x0000000088c00000|100%| O|  |TAMS 0x0000000088c00000, 0x0000000088c00000| Untracked 
| 140|0x0000000088c00000, 0x0000000088d00000, 0x0000000088d00000|100%| O|  |TAMS 0x0000000088d00000, 0x0000000088d00000| Untracked 
| 141|0x0000000088d00000, 0x0000000088e00000, 0x0000000088e00000|100%| O|  |TAMS 0x0000000088e00000, 0x0000000088e00000| Untracked 
| 142|0x0000000088e00000, 0x0000000088f00000, 0x0000000088f00000|100%| O|  |TAMS 0x0000000088f00000, 0x0000000088f00000| Untracked 
| 143|0x0000000088f00000, 0x0000000089000000, 0x0000000089000000|100%| O|  |TAMS 0x0000000089000000, 0x0000000089000000| Untracked 
| 144|0x0000000089000000, 0x0000000089100000, 0x0000000089100000|100%| O|  |TAMS 0x0000000089100000, 0x0000000089100000| Untracked 
| 145|0x0000000089100000, 0x0000000089200000, 0x0000000089200000|100%| O|  |TAMS 0x0000000089178a00, 0x0000000089200000| Untracked 
| 146|0x0000000089200000, 0x0000000089300000, 0x0000000089300000|100%|HS|  |TAMS 0x0000000089200000, 0x0000000089300000| Complete 
| 147|0x0000000089300000, 0x0000000089400000, 0x0000000089400000|100%| O|  |TAMS 0x0000000089300000, 0x0000000089400000| Untracked 
| 148|0x0000000089400000, 0x0000000089500000, 0x0000000089500000|100%| O|  |TAMS 0x0000000089400000, 0x0000000089500000| Untracked 
| 149|0x0000000089500000, 0x0000000089600000, 0x0000000089600000|100%| O|  |TAMS 0x0000000089500000, 0x0000000089600000| Untracked 
| 150|0x0000000089600000, 0x0000000089700000, 0x0000000089700000|100%| O|  |TAMS 0x0000000089600000, 0x0000000089700000| Untracked 
| 151|0x0000000089700000, 0x0000000089800000, 0x0000000089800000|100%| O|  |TAMS 0x0000000089700000, 0x0000000089800000| Untracked 
| 152|0x0000000089800000, 0x0000000089900000, 0x0000000089900000|100%| O|  |TAMS 0x0000000089800000, 0x0000000089900000| Untracked 
| 153|0x0000000089900000, 0x0000000089a00000, 0x0000000089a00000|100%| O|  |TAMS 0x0000000089900000, 0x0000000089a00000| Untracked 
| 154|0x0000000089a00000, 0x0000000089b00000, 0x0000000089b00000|100%| O|  |TAMS 0x0000000089a00000, 0x0000000089b00000| Untracked 
| 155|0x0000000089b00000, 0x0000000089c00000, 0x0000000089c00000|100%| O|  |TAMS 0x0000000089b00000, 0x0000000089c00000| Untracked 
| 156|0x0000000089c00000, 0x0000000089c72a00, 0x0000000089d00000| 44%| O|  |TAMS 0x0000000089c00000, 0x0000000089c72a00| Untracked 
| 157|0x0000000089d00000, 0x0000000089d00000, 0x0000000089e00000|  0%| F|  |TAMS 0x0000000089d00000, 0x0000000089d00000| Untracked 
| 158|0x0000000089e00000, 0x0000000089e00000, 0x0000000089f00000|  0%| F|  |TAMS 0x0000000089e00000, 0x0000000089e00000| Untracked 
| 159|0x0000000089f00000, 0x0000000089f00000, 0x000000008a000000|  0%| F|  |TAMS 0x0000000089f00000, 0x0000000089f00000| Untracked 
| 160|0x000000008a000000, 0x000000008a000000, 0x000000008a100000|  0%| F|  |TAMS 0x000000008a000000, 0x000000008a000000| Untracked 
| 161|0x000000008a100000, 0x000000008a100000, 0x000000008a200000|  0%| F|  |TAMS 0x000000008a100000, 0x000000008a100000| Untracked 
| 162|0x000000008a200000, 0x000000008a200000, 0x000000008a300000|  0%| F|  |TAMS 0x000000008a200000, 0x000000008a200000| Untracked 
| 163|0x000000008a300000, 0x000000008a300000, 0x000000008a400000|  0%| F|  |TAMS 0x000000008a300000, 0x000000008a300000| Untracked 
| 164|0x000000008a400000, 0x000000008a400000, 0x000000008a500000|  0%| F|  |TAMS 0x000000008a400000, 0x000000008a400000| Untracked 
| 165|0x000000008a500000, 0x000000008a500000, 0x000000008a600000|  0%| F|  |TAMS 0x000000008a500000, 0x000000008a500000| Untracked 
| 166|0x000000008a600000, 0x000000008a600000, 0x000000008a700000|  0%| F|  |TAMS 0x000000008a600000, 0x000000008a600000| Untracked 
| 167|0x000000008a700000, 0x000000008a700000, 0x000000008a800000|  0%| F|  |TAMS 0x000000008a700000, 0x000000008a700000| Untracked 
| 168|0x000000008a800000, 0x000000008a800000, 0x000000008a900000|  0%| F|  |TAMS 0x000000008a800000, 0x000000008a800000| Untracked 
| 169|0x000000008a900000, 0x000000008a900000, 0x000000008aa00000|  0%| F|  |TAMS 0x000000008a900000, 0x000000008a900000| Untracked 
| 170|0x000000008aa00000, 0x000000008aa00000, 0x000000008ab00000|  0%| F|  |TAMS 0x000000008aa00000, 0x000000008aa00000| Untracked 
| 171|0x000000008ab00000, 0x000000008ab00000, 0x000000008ac00000|  0%| F|  |TAMS 0x000000008ab00000, 0x000000008ab00000| Untracked 
| 172|0x000000008ac00000, 0x000000008ac00000, 0x000000008ad00000|  0%| F|  |TAMS 0x000000008ac00000, 0x000000008ac00000| Untracked 
| 173|0x000000008ad00000, 0x000000008ad00000, 0x000000008ae00000|  0%| F|  |TAMS 0x000000008ad00000, 0x000000008ad00000| Untracked 
| 174|0x000000008ae00000, 0x000000008ae00000, 0x000000008af00000|  0%| F|  |TAMS 0x000000008ae00000, 0x000000008ae00000| Untracked 
| 175|0x000000008af00000, 0x000000008af00000, 0x000000008b000000|  0%| F|  |TAMS 0x000000008af00000, 0x000000008af00000| Untracked 
| 176|0x000000008b000000, 0x000000008b000000, 0x000000008b100000|  0%| F|  |TAMS 0x000000008b000000, 0x000000008b000000| Untracked 
| 177|0x000000008b100000, 0x000000008b100000, 0x000000008b200000|  0%| F|  |TAMS 0x000000008b100000, 0x000000008b100000| Untracked 
| 178|0x000000008b200000, 0x000000008b200000, 0x000000008b300000|  0%| F|  |TAMS 0x000000008b200000, 0x000000008b200000| Untracked 
| 179|0x000000008b300000, 0x000000008b300000, 0x000000008b400000|  0%| F|  |TAMS 0x000000008b300000, 0x000000008b300000| Untracked 
| 180|0x000000008b400000, 0x000000008b400000, 0x000000008b500000|  0%| F|  |TAMS 0x000000008b400000, 0x000000008b400000| Untracked 
| 181|0x000000008b500000, 0x000000008b500000, 0x000000008b600000|  0%| F|  |TAMS 0x000000008b500000, 0x000000008b500000| Untracked 
| 182|0x000000008b600000, 0x000000008b600000, 0x000000008b700000|  0%| F|  |TAMS 0x000000008b600000, 0x000000008b600000| Untracked 
| 183|0x000000008b700000, 0x000000008b700000, 0x000000008b800000|  0%| F|  |TAMS 0x000000008b700000, 0x000000008b700000| Untracked 
| 184|0x000000008b800000, 0x000000008b800000, 0x000000008b900000|  0%| F|  |TAMS 0x000000008b800000, 0x000000008b800000| Untracked 
| 185|0x000000008b900000, 0x000000008b900000, 0x000000008ba00000|  0%| F|  |TAMS 0x000000008b900000, 0x000000008b900000| Untracked 
| 186|0x000000008ba00000, 0x000000008ba00000, 0x000000008bb00000|  0%| F|  |TAMS 0x000000008ba00000, 0x000000008ba00000| Untracked 
| 187|0x000000008bb00000, 0x000000008bb00000, 0x000000008bc00000|  0%| F|  |TAMS 0x000000008bb00000, 0x000000008bb00000| Untracked 
| 188|0x000000008bc00000, 0x000000008bc00000, 0x000000008bd00000|  0%| F|  |TAMS 0x000000008bc00000, 0x000000008bc00000| Untracked 
| 189|0x000000008bd00000, 0x000000008bd00000, 0x000000008be00000|  0%| F|  |TAMS 0x000000008bd00000, 0x000000008bd00000| Untracked 
| 190|0x000000008be00000, 0x000000008be00000, 0x000000008bf00000|  0%| F|  |TAMS 0x000000008be00000, 0x000000008be00000| Untracked 
| 191|0x000000008bf00000, 0x000000008bf00000, 0x000000008c000000|  0%| F|  |TAMS 0x000000008bf00000, 0x000000008bf00000| Untracked 
| 192|0x000000008c000000, 0x000000008c000000, 0x000000008c100000|  0%| F|  |TAMS 0x000000008c000000, 0x000000008c000000| Untracked 
| 193|0x000000008c100000, 0x000000008c100000, 0x000000008c200000|  0%| F|  |TAMS 0x000000008c100000, 0x000000008c100000| Untracked 
| 194|0x000000008c200000, 0x000000008c200000, 0x000000008c300000|  0%| F|  |TAMS 0x000000008c200000, 0x000000008c200000| Untracked 
| 195|0x000000008c300000, 0x000000008c300000, 0x000000008c400000|  0%| F|  |TAMS 0x000000008c300000, 0x000000008c300000| Untracked 
| 196|0x000000008c400000, 0x000000008c400000, 0x000000008c500000|  0%| F|  |TAMS 0x000000008c400000, 0x000000008c400000| Untracked 
| 197|0x000000008c500000, 0x000000008c5684a0, 0x000000008c600000| 40%| S|CS|TAMS 0x000000008c500000, 0x000000008c500000| Complete 
| 198|0x000000008c600000, 0x000000008c600000, 0x000000008c700000|  0%| F|  |TAMS 0x000000008c600000, 0x000000008c600000| Untracked 
| 199|0x000000008c700000, 0x000000008c700000, 0x000000008c800000|  0%| F|  |TAMS 0x000000008c700000, 0x000000008c700000| Untracked 
| 200|0x000000008c800000, 0x000000008c800000, 0x000000008c900000|  0%| F|  |TAMS 0x000000008c800000, 0x000000008c800000| Untracked 
| 201|0x000000008c900000, 0x000000008c900000, 0x000000008ca00000|  0%| F|  |TAMS 0x000000008c900000, 0x000000008c900000| Untracked 
| 202|0x000000008ca00000, 0x000000008cb00000, 0x000000008cb00000|100%| S|CS|TAMS 0x000000008ca00000, 0x000000008ca00000| Complete 
| 203|0x000000008cb00000, 0x000000008cc00000, 0x000000008cc00000|100%| S|CS|TAMS 0x000000008cb00000, 0x000000008cb00000| Complete 
| 204|0x000000008cc00000, 0x000000008cd00000, 0x000000008cd00000|100%| S|CS|TAMS 0x000000008cc00000, 0x000000008cc00000| Complete 
| 205|0x000000008cd00000, 0x000000008ce00000, 0x000000008ce00000|100%| S|CS|TAMS 0x000000008cd00000, 0x000000008cd00000| Complete 
| 206|0x000000008ce00000, 0x000000008ce00000, 0x000000008cf00000|  0%| F|  |TAMS 0x000000008ce00000, 0x000000008ce00000| Untracked 
| 207|0x000000008cf00000, 0x000000008cf00000, 0x000000008d000000|  0%| F|  |TAMS 0x000000008cf00000, 0x000000008cf00000| Untracked 
| 208|0x000000008d000000, 0x000000008d000000, 0x000000008d100000|  0%| F|  |TAMS 0x000000008d000000, 0x000000008d000000| Untracked 
| 209|0x000000008d100000, 0x000000008d100000, 0x000000008d200000|  0%| F|  |TAMS 0x000000008d100000, 0x000000008d100000| Untracked 
| 210|0x000000008d200000, 0x000000008d200000, 0x000000008d300000|  0%| F|  |TAMS 0x000000008d200000, 0x000000008d200000| Untracked 
| 211|0x000000008d300000, 0x000000008d300000, 0x000000008d400000|  0%| F|  |TAMS 0x000000008d300000, 0x000000008d300000| Untracked 
| 212|0x000000008d400000, 0x000000008d400000, 0x000000008d500000|  0%| F|  |TAMS 0x000000008d400000, 0x000000008d400000| Untracked 
| 213|0x000000008d500000, 0x000000008d500000, 0x000000008d600000|  0%| F|  |TAMS 0x000000008d500000, 0x000000008d500000| Untracked 
| 214|0x000000008d600000, 0x000000008d600000, 0x000000008d700000|  0%| F|  |TAMS 0x000000008d600000, 0x000000008d600000| Untracked 
| 215|0x000000008d700000, 0x000000008d700000, 0x000000008d800000|  0%| F|  |TAMS 0x000000008d700000, 0x000000008d700000| Untracked 
| 216|0x000000008d800000, 0x000000008d800000, 0x000000008d900000|  0%| F|  |TAMS 0x000000008d800000, 0x000000008d800000| Untracked 
| 217|0x000000008d900000, 0x000000008d900000, 0x000000008da00000|  0%| F|  |TAMS 0x000000008d900000, 0x000000008d900000| Untracked 
| 218|0x000000008da00000, 0x000000008da00000, 0x000000008db00000|  0%| F|  |TAMS 0x000000008da00000, 0x000000008da00000| Untracked 
| 219|0x000000008db00000, 0x000000008db00000, 0x000000008dc00000|  0%| F|  |TAMS 0x000000008db00000, 0x000000008db00000| Untracked 
| 220|0x000000008dc00000, 0x000000008dc00000, 0x000000008dd00000|  0%| F|  |TAMS 0x000000008dc00000, 0x000000008dc00000| Untracked 
| 221|0x000000008dd00000, 0x000000008dd00000, 0x000000008de00000|  0%| F|  |TAMS 0x000000008dd00000, 0x000000008dd00000| Untracked 
| 222|0x000000008de00000, 0x000000008de00000, 0x000000008df00000|  0%| F|  |TAMS 0x000000008de00000, 0x000000008de00000| Untracked 
| 223|0x000000008df00000, 0x000000008df00000, 0x000000008e000000|  0%| F|  |TAMS 0x000000008df00000, 0x000000008df00000| Untracked 
| 224|0x000000008e000000, 0x000000008e000000, 0x000000008e100000|  0%| F|  |TAMS 0x000000008e000000, 0x000000008e000000| Untracked 
| 225|0x000000008e100000, 0x000000008e100000, 0x000000008e200000|  0%| F|  |TAMS 0x000000008e100000, 0x000000008e100000| Untracked 
| 226|0x000000008e200000, 0x000000008e200000, 0x000000008e300000|  0%| F|  |TAMS 0x000000008e200000, 0x000000008e200000| Untracked 
| 227|0x000000008e300000, 0x000000008e300000, 0x000000008e400000|  0%| F|  |TAMS 0x000000008e300000, 0x000000008e300000| Untracked 
| 228|0x000000008e400000, 0x000000008e400000, 0x000000008e500000|  0%| F|  |TAMS 0x000000008e400000, 0x000000008e400000| Untracked 
| 229|0x000000008e500000, 0x000000008e500000, 0x000000008e600000|  0%| F|  |TAMS 0x000000008e500000, 0x000000008e500000| Untracked 
| 230|0x000000008e600000, 0x000000008e600000, 0x000000008e700000|  0%| F|  |TAMS 0x000000008e600000, 0x000000008e600000| Untracked 
| 231|0x000000008e700000, 0x000000008e700000, 0x000000008e800000|  0%| F|  |TAMS 0x000000008e700000, 0x000000008e700000| Untracked 
| 232|0x000000008e800000, 0x000000008e800000, 0x000000008e900000|  0%| F|  |TAMS 0x000000008e800000, 0x000000008e800000| Untracked 
| 233|0x000000008e900000, 0x000000008e900000, 0x000000008ea00000|  0%| F|  |TAMS 0x000000008e900000, 0x000000008e900000| Untracked 
| 234|0x000000008ea00000, 0x000000008ea00000, 0x000000008eb00000|  0%| F|  |TAMS 0x000000008ea00000, 0x000000008ea00000| Untracked 
| 235|0x000000008eb00000, 0x000000008eb00000, 0x000000008ec00000|  0%| F|  |TAMS 0x000000008eb00000, 0x000000008eb00000| Untracked 
| 236|0x000000008ec00000, 0x000000008ec00000, 0x000000008ed00000|  0%| F|  |TAMS 0x000000008ec00000, 0x000000008ec00000| Untracked 
| 237|0x000000008ed00000, 0x000000008ed00000, 0x000000008ee00000|  0%| F|  |TAMS 0x000000008ed00000, 0x000000008ed00000| Untracked 
| 238|0x000000008ee00000, 0x000000008ee00000, 0x000000008ef00000|  0%| F|  |TAMS 0x000000008ee00000, 0x000000008ee00000| Untracked 

Card table byte_map: [0x000001fe37730000,0x000001fe37b30000] _byte_map_base: 0x000001fe37330000

Marking Bits (Prev, Next): (CMBitMap*) 0x000001fe1f8e6208, (CMBitMap*) 0x000001fe1f8e6240
 Prev Bits: [0x000001fe37f30000, 0x000001fe39f30000)
 Next Bits: [0x000001fe39f30000, 0x000001fe3bf30000)

Polling page: 0x000001fe1d7b0000

Metaspace:

Usage:
  Non-class:     92.00 MB capacity,    88.86 MB ( 97%) used,     2.82 MB (  3%) free+waste,   335.19 KB ( <1%) overhead. 
      Class:     15.42 MB capacity,    13.52 MB ( 88%) used,     1.74 MB ( 11%) free+waste,   161.44 KB (  1%) overhead. 
       Both:    107.43 MB capacity,   102.38 MB ( 95%) used,     4.56 MB (  4%) free+waste,   496.63 KB ( <1%) overhead. 

Virtual space:
  Non-class space:       94.00 MB reserved,      92.01 MB ( 98%) committed 
      Class space:      504.00 MB reserved,      15.45 MB (  3%) committed 
             Both:      598.00 MB reserved,     107.46 MB ( 18%) committed 

Chunk freelists:
   Non-Class:  1.00 KB
       Class:  0 bytes
        Both:  1.00 KB

MaxMetaspaceSize: 512.00 MB
CompressedClassSpaceSize: 504.00 MB
Initial GC threshold: 20.80 MB
Current GC threshold: 176.60 MB
CDS: off

CodeHeap 'non-profiled nmethods': size=120000Kb used=7535Kb max_used=7535Kb free=112464Kb
 bounds [0x000001fe2fad0000, 0x000001fe30230000, 0x000001fe37000000]
CodeHeap 'profiled nmethods': size=120000Kb used=26870Kb max_used=26870Kb free=93129Kb
 bounds [0x000001fe285a0000, 0x000001fe29fe0000, 0x000001fe2fad0000]
CodeHeap 'non-nmethods': size=5760Kb used=2433Kb max_used=2480Kb free=3326Kb
 bounds [0x000001fe28000000, 0x000001fe28280000, 0x000001fe285a0000]
 total_blobs=13360 nmethods=12435 adapters=835
 compilation: enabled
              stopped_count=0, restarted_count=0
 full_count=0

Compilation events (20 events):
Event: 49.670 Thread 0x000001fe3e9a7000 12707       2       org.gradle.internal.resource.UriTextResource$UriResourceLocation::<init> (6 bytes)
Event: 49.670 Thread 0x000001fe3e9a7000 nmethod 12707 0x000001fe29fdbb90 code [0x000001fe29fdbd40, 0x000001fe29fdbe78]
Event: 49.671 Thread 0x000001fe3e9a7000 12708       1       com.google.common.base.CharMatcher$None::matches (2 bytes)
Event: 49.671 Thread 0x000001fe3e9a7000 nmethod 12708 0x000001fe3022a010 code [0x000001fe3022a1c0, 0x000001fe3022a278]
Event: 49.672 Thread 0x000001fe3e9a7000 12709       2       org.gradle.tooling.internal.provider.runner.PluginApplicationTracker$$Lambda$737/0x0000000100770440::get (12 bytes)
Event: 49.673 Thread 0x000001fe3e9a7000 nmethod 12709 0x000001fe29fdbf10 code [0x000001fe29fdc0c0, 0x000001fe29fdc1e8]
Event: 49.673 Thread 0x000001fe3e9a7000 12710       2       org.gradle.tooling.internal.provider.runner.PluginApplicationTracker::lambda$started$1 (6 bytes)
Event: 49.673 Thread 0x000001fe3e9a7000 nmethod 12710 0x000001fe29fdc310 code [0x000001fe29fdc4c0, 0x000001fe29fdc5c8]
Event: 49.681 Thread 0x000001fe3e9a7000 12712       1       com.android.builder.core.ComponentTypeImpl::getSuffix (5 bytes)
Event: 49.681 Thread 0x000001fe3e9a7000 nmethod 12712 0x000001fe3022a310 code [0x000001fe3022a4c0, 0x000001fe3022a578]
Event: 49.681 Thread 0x000001fe41edb800 nmethod 12557 0x000001fe3022a610 code [0x000001fe3022a860, 0x000001fe3022b750]
Event: 49.681 Thread 0x000001fe41edb800 12705  s!   4       java.beans.PropertyDescriptor::getWriteMethod (152 bytes)
Event: 49.683 Thread 0x000001fe3e9a7000 12713       2       com.android.build.gradle.internal.plugins.BasePlugin::getExtension (19 bytes)
Event: 49.683 Thread 0x000001fe3e9a7000 nmethod 12713 0x000001fe29fdc690 code [0x000001fe29fdc840, 0x000001fe29fdc988]
Event: 49.683 Thread 0x000001fe3e9a7000 12714       2       com.android.build.gradle.internal.tasks.factory.TaskFactoryImpl::register (34 bytes)
Event: 49.684 Thread 0x000001fe3e9a7000 nmethod 12714 0x000001fe29fdca90 code [0x000001fe29fdcce0, 0x000001fe29fdd198]
Event: 49.684 Thread 0x000001fe3e9a7000 12715       2       org.gradle.api.internal.plugins.DefaultPluginManager$OperationDetails::getTargetType (11 bytes)
Event: 49.684 Thread 0x000001fe3e9a7000 nmethod 12715 0x000001fe29fdd490 code [0x000001fe29fdd640, 0x000001fe29fdd768]
Event: 49.684 Thread 0x000001fe3e9a7000 12716       2       org.gradle.api.internal.plugins.DefaultPluginManager$OperationDetails::getApplicationId (8 bytes)
Event: 49.684 Thread 0x000001fe3e9a7000 nmethod 12716 0x000001fe29fdd810 code [0x000001fe29fdd9c0, 0x000001fe29fddab8]

GC Heap History (20 events):
Event: 46.233 GC heap after
{Heap after GC invocations=49 (full 0):
 garbage-first heap   total 157696K, used 127805K [0x0000000080000000, 0x0000000100000000)
  region size 1024K, 2 young (2048K), 2 survivors (2048K)
 Metaspace       used 96556K, capacity 100464K, committed 100564K, reserved 604160K
  class space    used 12747K, capacity 14249K, committed 14284K, reserved 516096K
}
Event: 46.310 GC heap before
{Heap before GC invocations=49 (full 0):
 garbage-first heap   total 157696K, used 132925K [0x0000000080000000, 0x0000000100000000)
  region size 1024K, 7 young (7168K), 2 survivors (2048K)
 Metaspace       used 96800K, capacity 100668K, committed 100820K, reserved 604160K
  class space    used 12776K, capacity 14251K, committed 14284K, reserved 516096K
}
Event: 46.314 GC heap after
{Heap after GC invocations=50 (full 0):
 garbage-first heap   total 157696K, used 127334K [0x0000000080000000, 0x0000000100000000)
  region size 1024K, 1 young (1024K), 1 survivors (1024K)
 Metaspace       used 96800K, capacity 100668K, committed 100820K, reserved 604160K
  class space    used 12776K, capacity 14251K, committed 14284K, reserved 516096K
}
Event: 46.433 GC heap before
{Heap before GC invocations=50 (full 0):
 garbage-first heap   total 157696K, used 135526K [0x0000000080000000, 0x0000000100000000)
  region size 1024K, 9 young (9216K), 1 survivors (1024K)
 Metaspace       used 97033K, capacity 101037K, committed 101204K, reserved 604160K
  class space    used 12808K, capacity 14329K, committed 14412K, reserved 516096K
}
Event: 46.440 GC heap after
{Heap after GC invocations=51 (full 0):
 garbage-first heap   total 189440K, used 129305K [0x0000000080000000, 0x0000000100000000)
  region size 1024K, 2 young (2048K), 2 survivors (2048K)
 Metaspace       used 97033K, capacity 101037K, committed 101204K, reserved 604160K
  class space    used 12808K, capacity 14329K, committed 14412K, reserved 516096K
}
Event: 46.733 GC heap before
{Heap before GC invocations=52 (full 0):
 garbage-first heap   total 189440K, used 151833K [0x0000000080000000, 0x0000000100000000)
  region size 1024K, 24 young (24576K), 2 survivors (2048K)
 Metaspace       used 97630K, capacity 101805K, committed 102100K, reserved 604160K
  class space    used 12897K, capacity 14494K, committed 14540K, reserved 516096K
}
Event: 46.738 GC heap after
{Heap after GC invocations=53 (full 0):
 garbage-first heap   total 189440K, used 131135K [0x0000000080000000, 0x0000000100000000)
  region size 1024K, 2 young (2048K), 2 survivors (2048K)
 Metaspace       used 97630K, capacity 101805K, committed 102100K, reserved 604160K
  class space    used 12897K, capacity 14494K, committed 14540K, reserved 516096K
}
Event: 46.928 GC heap before
{Heap before GC invocations=53 (full 0):
 garbage-first heap   total 189440K, used 153663K [0x0000000080000000, 0x0000000100000000)
  region size 1024K, 24 young (24576K), 2 survivors (2048K)
 Metaspace       used 98725K, capacity 102989K, committed 103252K, reserved 606208K
  class space    used 13029K, capacity 14629K, committed 14668K, reserved 516096K
}
Event: 46.934 GC heap after
{Heap after GC invocations=54 (full 0):
 garbage-first heap   total 189440K, used 132930K [0x0000000080000000, 0x0000000100000000)
  region size 1024K, 2 young (2048K), 2 survivors (2048K)
 Metaspace       used 98725K, capacity 102989K, committed 103252K, reserved 606208K
  class space    used 13029K, capacity 14629K, committed 14668K, reserved 516096K
}
Event: 47.235 GC heap before
{Heap before GC invocations=55 (full 0):
 garbage-first heap   total 189440K, used 155458K [0x0000000080000000, 0x0000000100000000)
  region size 1024K, 24 young (24576K), 2 survivors (2048K)
 Metaspace       used 99615K, capacity 103903K, committed 104020K, reserved 606208K
  class space    used 13157K, capacity 14831K, committed 14924K, reserved 516096K
}
Event: 47.240 GC heap after
{Heap after GC invocations=56 (full 0):
 garbage-first heap   total 189440K, used 135627K [0x0000000080000000, 0x0000000100000000)
  region size 1024K, 3 young (3072K), 3 survivors (3072K)
 Metaspace       used 99615K, capacity 103903K, committed 104020K, reserved 606208K
  class space    used 13157K, capacity 14831K, committed 14924K, reserved 516096K
}
Event: 47.352 GC heap before
{Heap before GC invocations=56 (full 0):
 garbage-first heap   total 189440K, used 147915K [0x0000000080000000, 0x0000000100000000)
  region size 1024K, 17 young (17408K), 3 survivors (3072K)
 Metaspace       used 99700K, capacity 103994K, committed 104276K, reserved 606208K
  class space    used 13161K, capacity 14835K, committed 14924K, reserved 516096K
}
Event: 47.388 GC heap after
{Heap after GC invocations=57 (full 0):
 garbage-first heap   total 244736K, used 138364K [0x0000000080000000, 0x0000000100000000)
  region size 1024K, 3 young (3072K), 3 survivors (3072K)
 Metaspace       used 99700K, capacity 103994K, committed 104276K, reserved 606208K
  class space    used 13161K, capacity 14835K, committed 14924K, reserved 516096K
}
Event: 48.476 GC heap before
{Heap before GC invocations=58 (full 0):
 garbage-first heap   total 244736K, used 179324K [0x0000000080000000, 0x0000000100000000)
  region size 1024K, 39 young (39936K), 3 survivors (3072K)
 Metaspace       used 101479K, capacity 106033K, committed 106068K, reserved 608256K
  class space    used 13408K, capacity 15146K, committed 15180K, reserved 516096K
}
Event: 48.489 GC heap after
{Heap after GC invocations=59 (full 0):
 garbage-first heap   total 244736K, used 149070K [0x0000000080000000, 0x0000000100000000)
  region size 1024K, 5 young (5120K), 5 survivors (5120K)
 Metaspace       used 101479K, capacity 106033K, committed 106068K, reserved 608256K
  class space    used 13408K, capacity 15146K, committed 15180K, reserved 516096K
}
Event: 48.997 GC heap before
{Heap before GC invocations=59 (full 0):
 garbage-first heap   total 244736K, used 181838K [0x0000000080000000, 0x0000000100000000)
  region size 1024K, 38 young (38912K), 5 survivors (5120K)
 Metaspace       used 102518K, capacity 107319K, committed 107604K, reserved 610304K
  class space    used 13544K, capacity 15397K, committed 15436K, reserved 516096K
}
Event: 49.009 GC heap after
{Heap after GC invocations=60 (full 0):
 garbage-first heap   total 244736K, used 153460K [0x0000000080000000, 0x0000000100000000)
  region size 1024K, 5 young (5120K), 5 survivors (5120K)
 Metaspace       used 102518K, capacity 107319K, committed 107604K, reserved 610304K
  class space    used 13544K, capacity 15397K, committed 15436K, reserved 516096K
}
Event: 49.385 GC heap before
{Heap before GC invocations=61 (full 0):
 garbage-first heap   total 244736K, used 190324K [0x0000000080000000, 0x0000000100000000)
  region size 1024K, 39 young (39936K), 5 survivors (5120K)
 Metaspace       used 103987K, capacity 109020K, committed 109140K, reserved 610304K
  class space    used 13733K, capacity 15618K, committed 15692K, reserved 516096K
}
Event: 49.392 GC heap after
{Heap after GC invocations=62 (full 0):
 garbage-first heap   total 244736K, used 159931K [0x0000000080000000, 0x0000000100000000)
  region size 1024K, 5 young (5120K), 5 survivors (5120K)
 Metaspace       used 103987K, capacity 109020K, committed 109140K, reserved 610304K
  class space    used 13733K, capacity 15618K, committed 15692K, reserved 516096K
}
Event: 49.687 GC heap before
{Heap before GC invocations=62 (full 0):
 garbage-first heap   total 244736K, used 192699K [0x0000000080000000, 0x0000000100000000)
  region size 1024K, 38 young (38912K), 5 survivors (5120K)
 Metaspace       used 104836K, capacity 110004K, committed 110036K, reserved 612352K
  class space    used 13847K, capacity 15793K, committed 15820K, reserved 516096K
}

Deoptimization events (20 events):
Event: 49.119 Thread 0x000001fe40180800 Uncommon trap: trap_request=0xffffffbe fr.pc=0x000001fe301ed990 relative=0x0000000000000850
Event: 49.120 Thread 0x000001fe40180800 Uncommon trap: reason=profile_predicate action=maybe_recompile pc=0x000001fe301ed990 method=groovy.lang.MetaClassImpl$MethodIndexAction.iterate()V @ 78 c2
Event: 49.120 Thread 0x000001fe40180800 DEOPT PACKING pc=0x000001fe301ed990 sp=0x0000002100df9440
Event: 49.120 Thread 0x000001fe40180800 DEOPT UNPACKING pc=0x000001fe2804a1af sp=0x0000002100df9428 mode 2
Event: 49.143 Thread 0x000001fe40180800 DEOPT PACKING pc=0x000001fe28e75d71 sp=0x0000002100df97a0
Event: 49.143 Thread 0x000001fe40180800 DEOPT UNPACKING pc=0x000001fe2804a95e sp=0x0000002100df8c98 mode 0
Event: 49.336 Thread 0x000001fe40180800 DEOPT PACKING pc=0x000001fe29624772 sp=0x0000002100df6560
Event: 49.336 Thread 0x000001fe40180800 DEOPT UNPACKING pc=0x000001fe2804a95e sp=0x0000002100df59f8 mode 0
Event: 49.421 Thread 0x000001fe40180800 Uncommon trap: trap_request=0xffffffbe fr.pc=0x000001fe30196904 relative=0x0000000000001f44
Event: 49.421 Thread 0x000001fe40180800 Uncommon trap: reason=profile_predicate action=maybe_recompile pc=0x000001fe30196904 method=org.codehaus.groovy.reflection.ParameterTypes.isValidVarargsMethod([Ljava/lang/Class;I[Lorg/codehaus/groovy/reflection/CachedClass;I)Z @ 85 c2
Event: 49.421 Thread 0x000001fe40180800 DEOPT PACKING pc=0x000001fe30196904 sp=0x0000002100df3de0
Event: 49.421 Thread 0x000001fe40180800 DEOPT UNPACKING pc=0x000001fe2804a1af sp=0x0000002100df3b20 mode 2
Event: 49.640 Thread 0x000001fe42e4a800 Uncommon trap: trap_request=0xffffff4d fr.pc=0x000001fe301e76cc relative=0x000000000000038c
Event: 49.640 Thread 0x000001fe42e4a800 Uncommon trap: reason=unstable_if action=reinterpret pc=0x000001fe301e76cc method=java.util.concurrent.ConcurrentLinkedQueue.offer(Ljava/lang/Object;)Z @ 96 c2
Event: 49.640 Thread 0x000001fe42e4a800 DEOPT PACKING pc=0x000001fe301e76cc sp=0x00000021024fe800
Event: 49.640 Thread 0x000001fe42e4a800 DEOPT UNPACKING pc=0x000001fe2804a1af sp=0x00000021024fe798 mode 2
Event: 49.658 Thread 0x000001fe40180800 DEOPT PACKING pc=0x000001fe28e75d71 sp=0x0000002100df97e0
Event: 49.658 Thread 0x000001fe40180800 DEOPT UNPACKING pc=0x000001fe2804a95e sp=0x0000002100df8cd8 mode 0
Event: 49.664 Thread 0x000001fe4141c000 DEOPT PACKING pc=0x000001fe28eef43d sp=0x00000021019fe080
Event: 49.664 Thread 0x000001fe4141c000 DEOPT UNPACKING pc=0x000001fe2804a95e sp=0x00000021019fd540 mode 0

Classes redefined (0 events):
No events

Internal exceptions (20 events):
Event: 49.398 Thread 0x000001fe40180800 Exception <a 'java/lang/ClassNotFoundException'{0x000000008ed65ea8}: org/jetbrains/kotlin/gradle/targets/js/npm/DefaultDevNpmDependencyExtensionCustomizer> (0x000000008ed65ea8) thrown at [./src/hotspot/share/classfile/systemDictionary.cpp, line 230]
Event: 49.400 Thread 0x000001fe40180800 Exception <a 'java/lang/ClassNotFoundException'{0x000000008edc8290}: org/jetbrains/kotlin/gradle/targets/js/npm/DefaultPeerNpmDependencyExtensionBeanInfo> (0x000000008edc8290) thrown at [./src/hotspot/share/classfile/systemDictionary.cpp, line 230]
Event: 49.401 Thread 0x000001fe40180800 Exception <a 'java/lang/ClassNotFoundException'{0x000000008ede8d08}: org/jetbrains/kotlin/gradle/targets/js/npm/DefaultPeerNpmDependencyExtensionCustomizer> (0x000000008ede8d08) thrown at [./src/hotspot/share/classfile/systemDictionary.cpp, line 230]
Event: 49.403 Thread 0x000001fe40180800 Exception <a 'java/lang/ClassNotFoundException'{0x000000008ec53b60}: org/jetbrains/kotlin/gradle/targets/js/npm/DefaultPeerNpmDependencyExtension$delegate$1BeanInfo> (0x000000008ec53b60) thrown at [./src/hotspot/share/classfile/systemDictionary.cpp, line 230]
Event: 49.404 Thread 0x000001fe40180800 Exception <a 'java/lang/ClassNotFoundException'{0x000000008ec75f70}: org/jetbrains/kotlin/gradle/targets/js/npm/DefaultPeerNpmDependencyExtension$delegate$1Customizer> (0x000000008ec75f70) thrown at [./src/hotspot/share/classfile/systemDictionary.cpp, line 230]
Event: 49.411 Thread 0x000001fe40180800 Exception <a 'java/lang/ClassNotFoundException'{0x000000008eb3a680}: build_a0oruplk4ouigqh72dey231ui$_run_closure1BeanInfo> (0x000000008eb3a680) thrown at [./src/hotspot/share/classfile/systemDictionary.cpp, line 230]
Event: 49.411 Thread 0x000001fe40180800 Exception <a 'java/lang/ClassNotFoundException'{0x000000008eb4d6b0}: build_a0oruplk4ouigqh72dey231ui$_run_closure1Customizer> (0x000000008eb4d6b0) thrown at [./src/hotspot/share/classfile/systemDictionary.cpp, line 230]
Event: 49.416 Thread 0x000001fe40180800 Exception <a 'java/lang/ClassNotFoundException'{0x000000008ebbe6a8}: com/android/build/gradle/internal/dsl/NdkOptions_DecoratedBeanInfo> (0x000000008ebbe6a8) thrown at [./src/hotspot/share/classfile/systemDictionary.cpp, line 230]
Event: 49.417 Thread 0x000001fe40180800 Exception <a 'java/lang/ClassNotFoundException'{0x000000008ebdce48}: com/android/build/gradle/internal/dsl/NdkOptionsBeanInfo> (0x000000008ebdce48) thrown at [./src/hotspot/share/classfile/systemDictionary.cpp, line 230]
Event: 49.417 Thread 0x000001fe40180800 Exception <a 'java/lang/ClassNotFoundException'{0x000000008ebfbf00}: com/android/build/gradle/internal/dsl/NdkOptionsCustomizer> (0x000000008ebfbf00) thrown at [./src/hotspot/share/classfile/systemDictionary.cpp, line 230]
Event: 49.418 Thread 0x000001fe40180800 Exception <a 'java/lang/ClassNotFoundException'{0x000000008ea302f8}: com/android/build/gradle/internal/dsl/NdkOptions_DecoratedCustomizer> (0x000000008ea302f8) thrown at [./src/hotspot/share/classfile/systemDictionary.cpp, line 230]
Event: 49.428 Thread 0x000001fe40180800 Exception <a 'java/lang/ClassNotFoundException'{0x000000008e905890}: org/jetbrains/kotlin/gradle/plugin/sources/DefaultKotlinSourceSetBeanInfo> (0x000000008e905890) thrown at [./src/hotspot/share/classfile/systemDictionary.cpp, line 230]
Event: 49.428 Thread 0x000001fe40180800 Exception <a 'java/lang/ClassNotFoundException'{0x000000008e927f70}: org/jetbrains/kotlin/gradle/plugin/sources/DefaultKotlinSourceSetCustomizer> (0x000000008e927f70) thrown at [./src/hotspot/share/classfile/systemDictionary.cpp, line 230]
Event: 49.506 Thread 0x000001fe40180800 Exception <a 'java/lang/NoClassDefFoundError'{0x000000008e1791c0}: org/jetbrains/kotlin/gradle/plugin/KotlinBasePluginWrapper> (0x000000008e1791c0) thrown at [./src/hotspot/share/oops/constantPool.cpp, line 775]
Event: 49.547 Thread 0x000001fe40180800 Exception <a 'java/lang/ClassNotFoundException'{0x000000008dc2e7e8}: build_1jnmx109sq04svz4gcxg98pq3BeanInfo> (0x000000008dc2e7e8) thrown at [./src/hotspot/share/classfile/systemDictionary.cpp, line 230]
Event: 49.547 Thread 0x000001fe40180800 Exception <a 'java/lang/ClassNotFoundException'{0x000000008dc3a848}: build_1jnmx109sq04svz4gcxg98pq3Customizer> (0x000000008dc3a848) thrown at [./src/hotspot/share/classfile/systemDictionary.cpp, line 230]
Event: 49.553 Thread 0x000001fe40180800 Exception <a 'java/lang/ClassNotFoundException'{0x000000008dcb3ca0}: build_1jnmx109sq04svz4gcxg98pq3$_run_closure1BeanInfo> (0x000000008dcb3ca0) thrown at [./src/hotspot/share/classfile/systemDictionary.cpp, line 230]
Event: 49.553 Thread 0x000001fe40180800 Exception <a 'java/lang/ClassNotFoundException'{0x000000008dcbaca8}: build_1jnmx109sq04svz4gcxg98pq3$_run_closure1Customizer> (0x000000008dcbaca8) thrown at [./src/hotspot/share/classfile/systemDictionary.cpp, line 230]
Event: 49.669 Thread 0x000001fe40180800 Exception <a 'java/lang/ClassNotFoundException'{0x000000008d06b210}: build_1jnmx109sq04svz4gcxg98pq3BeanInfo> (0x000000008d06b210) thrown at [./src/hotspot/share/classfile/systemDictionary.cpp, line 230]
Event: 49.669 Thread 0x000001fe40180800 Exception <a 'java/lang/ClassNotFoundException'{0x000000008d077210}: build_1jnmx109sq04svz4gcxg98pq3Customizer> (0x000000008d077210) thrown at [./src/hotspot/share/classfile/systemDictionary.cpp, line 230]

Events (20 events):
Event: 49.552 loading class groovy/runtime/metaclass/build_1jnmx109sq04svz4gcxg98pq3$_run_closure1$_closure4MetaClass done
Event: 49.553 loading class build_1jnmx109sq04svz4gcxg98pq3$_run_closure1BeanInfo
Event: 49.553 loading class build_1jnmx109sq04svz4gcxg98pq3$_run_closure1BeanInfo done
Event: 49.553 loading class build_1jnmx109sq04svz4gcxg98pq3$_run_closure1BeanInfo
Event: 49.553 loading class build_1jnmx109sq04svz4gcxg98pq3$_run_closure1BeanInfo done
Event: 49.553 loading class build_1jnmx109sq04svz4gcxg98pq3$_run_closure1Customizer
Event: 49.553 loading class build_1jnmx109sq04svz4gcxg98pq3$_run_closure1Customizer done
Event: 49.553 loading class build_1jnmx109sq04svz4gcxg98pq3$_run_closure1Customizer
Event: 49.553 loading class build_1jnmx109sq04svz4gcxg98pq3$_run_closure1Customizer done
Event: 49.668 loading class groovy/runtime/metaclass/build_1jnmx109sq04svz4gcxg98pq3MetaClass
Event: 49.668 loading class groovy/runtime/metaclass/build_1jnmx109sq04svz4gcxg98pq3MetaClass done
Event: 49.669 loading class build_1jnmx109sq04svz4gcxg98pq3BeanInfo
Event: 49.669 loading class build_1jnmx109sq04svz4gcxg98pq3BeanInfo done
Event: 49.669 loading class build_1jnmx109sq04svz4gcxg98pq3BeanInfo
Event: 49.669 loading class build_1jnmx109sq04svz4gcxg98pq3BeanInfo done
Event: 49.669 loading class build_1jnmx109sq04svz4gcxg98pq3Customizer
Event: 49.669 loading class build_1jnmx109sq04svz4gcxg98pq3Customizer done
Event: 49.669 loading class build_1jnmx109sq04svz4gcxg98pq3Customizer
Event: 49.669 loading class build_1jnmx109sq04svz4gcxg98pq3Customizer done
Event: 49.687 Executing VM operation: G1CollectForAllocation


Dynamic libraries:
0x00007ff693070000 - 0x00007ff69307d000 	C:\Program Files\OpenJDK\openjdk-11.0.16_8\bin\java.exe
0x00007ffacbe10000 - 0x00007ffacc008000 	C:\Windows\SYSTEM32\ntdll.dll
0x00007ffacb900000 - 0x00007ffacb9bf000 	C:\Windows\System32\KERNEL32.DLL
0x00007ffac96d0000 - 0x00007ffac99a2000 	C:\Windows\System32\KERNELBASE.dll
0x00007ffac9ab0000 - 0x00007ffac9bb0000 	C:\Windows\System32\ucrtbase.dll
0x00007ffac2570000 - 0x00007ffac2585000 	C:\Program Files\OpenJDK\openjdk-11.0.16_8\bin\VCRUNTIME140.dll
0x00007ffac28b0000 - 0x00007ffac28c7000 	C:\Program Files\OpenJDK\openjdk-11.0.16_8\bin\jli.dll
0x00007ffacb9c0000 - 0x00007ffacbb61000 	C:\Windows\System32\USER32.dll
0x00007ffab2e90000 - 0x00007ffab312a000 	C:\Windows\WinSxS\amd64_microsoft.windows.common-controls_6595b64144ccf1df_6.0.19041.1110_none_60b5254171f9507e\COMCTL32.dll
0x00007ffac9a80000 - 0x00007ffac9aa2000 	C:\Windows\System32\win32u.dll
0x00007ffacb530000 - 0x00007ffacb5ce000 	C:\Windows\System32\msvcrt.dll
0x00007ffaca2c0000 - 0x00007ffaca2eb000 	C:\Windows\System32\GDI32.dll
0x00007ffac9c90000 - 0x00007ffac9d9f000 	C:\Windows\System32\gdi32full.dll
0x00007ffac99b0000 - 0x00007ffac9a4d000 	C:\Windows\System32\msvcp_win.dll
0x00007ffaca280000 - 0x00007ffaca2b2000 	C:\Windows\System32\IMM32.DLL
0x00007ffa95f40000 - 0x00007ffa95fdb000 	C:\Program Files\OpenJDK\openjdk-11.0.16_8\bin\msvcp140.dll
0x00007ffa8f620000 - 0x00007ffa9012e000 	C:\Program Files\OpenJDK\openjdk-11.0.16_8\bin\server\jvm.dll
0x00007ffacbc00000 - 0x00007ffacbcae000 	C:\Windows\System32\ADVAPI32.dll
0x00007ffaca1d0000 - 0x00007ffaca26c000 	C:\Windows\System32\sechost.dll
0x00007ffacb760000 - 0x00007ffacb885000 	C:\Windows\System32\RPCRT4.dll
0x00007ffaca960000 - 0x00007ffaca968000 	C:\Windows\System32\PSAPI.DLL
0x00007ffac4c50000 - 0x00007ffac4c59000 	C:\Windows\SYSTEM32\WSOCK32.dll
0x00007ffab1160000 - 0x00007ffab1187000 	C:\Windows\SYSTEM32\WINMM.dll
0x00007ffacb890000 - 0x00007ffacb8fb000 	C:\Windows\System32\WS2_32.dll
0x00007ffac7c40000 - 0x00007ffac7c4a000 	C:\Windows\SYSTEM32\VERSION.dll
0x00007ffac7d50000 - 0x00007ffac7d62000 	C:\Windows\SYSTEM32\kernel.appcore.dll
0x00007ffac3f90000 - 0x00007ffac3fa0000 	C:\Program Files\OpenJDK\openjdk-11.0.16_8\bin\verify.dll
0x00007ffac69a0000 - 0x00007ffac6b84000 	C:\Windows\SYSTEM32\DBGHELP.DLL
0x00007ffac06f0000 - 0x00007ffac0725000 	C:\Windows\SYSTEM32\dbgcore.DLL
0x00007ffac9c00000 - 0x00007ffac9c82000 	C:\Windows\System32\bcryptPrimitives.dll
0x00007ffab3820000 - 0x00007ffab3848000 	C:\Program Files\OpenJDK\openjdk-11.0.16_8\bin\java.dll
0x00007ffac3cf0000 - 0x00007ffac3cfa000 	C:\Program Files\OpenJDK\openjdk-11.0.16_8\bin\jimage.dll
0x00007ffac2b80000 - 0x00007ffac2b98000 	C:\Program Files\OpenJDK\openjdk-11.0.16_8\bin\zip.dll
0x00007ffacade0000 - 0x00007ffacb524000 	C:\Windows\System32\SHELL32.dll
0x00007ffac74a0000 - 0x00007ffac7c32000 	C:\Windows\SYSTEM32\windows.storage.dll
0x00007ffaca600000 - 0x00007ffaca955000 	C:\Windows\System32\combase.dll
0x00007ffac8f60000 - 0x00007ffac8f90000 	C:\Windows\SYSTEM32\Wldp.dll
0x00007ffac9fe0000 - 0x00007ffaca08d000 	C:\Windows\System32\SHCORE.dll
0x00007ffac9ed0000 - 0x00007ffac9f25000 	C:\Windows\System32\shlwapi.dll
0x00007ffac9440000 - 0x00007ffac945f000 	C:\Windows\SYSTEM32\profapi.dll
0x00007ffac2b40000 - 0x00007ffac2b59000 	C:\Program Files\OpenJDK\openjdk-11.0.16_8\bin\net.dll
0x00007ffac07b0000 - 0x00007ffac08bc000 	C:\Windows\SYSTEM32\WINHTTP.dll
0x00007ffac8cc0000 - 0x00007ffac8d2a000 	C:\Windows\system32\mswsock.dll
0x00007ffab4620000 - 0x00007ffab4633000 	C:\Program Files\OpenJDK\openjdk-11.0.16_8\bin\nio.dll
0x00007ffaa5b60000 - 0x00007ffaa5b87000 	C:\Users\Finner\.gradle\native\e1d6ef7f7dcc3fd88c89a11ec53ec762bb8ba0a96d01ffa2cd45eb1d1d8dd5c5\windows-amd64\native-platform.dll
0x00007ffa90db0000 - 0x00007ffa90ef4000 	C:\Users\Finner\.gradle\native\0d407fdbe67a94daf76414ababcb853783967236a71b16ec16e742cd7a986fd3\windows-amd64\native-platform-file-events.dll
0x00007ffac2b30000 - 0x00007ffac2b39000 	C:\Program Files\OpenJDK\openjdk-11.0.16_8\bin\management.dll
0x00007ffac2910000 - 0x00007ffac291b000 	C:\Program Files\OpenJDK\openjdk-11.0.16_8\bin\management_ext.dll
0x00007ffac8eb0000 - 0x00007ffac8ec8000 	C:\Windows\SYSTEM32\CRYPTSP.dll
0x00007ffac8570000 - 0x00007ffac85a4000 	C:\Windows\system32\rsaenh.dll
0x00007ffac9a50000 - 0x00007ffac9a77000 	C:\Windows\System32\bcrypt.dll
0x00007ffac9400000 - 0x00007ffac942e000 	C:\Windows\SYSTEM32\USERENV.dll
0x00007ffac8ed0000 - 0x00007ffac8edc000 	C:\Windows\SYSTEM32\CRYPTBASE.dll
0x00007ffac8960000 - 0x00007ffac899b000 	C:\Windows\SYSTEM32\IPHLPAPI.DLL
0x00007ffaca5f0000 - 0x00007ffaca5f8000 	C:\Windows\System32\NSI.dll
0x00007ffac1b10000 - 0x00007ffac1b27000 	C:\Windows\SYSTEM32\dhcpcsvc6.DLL
0x00007ffac19f0000 - 0x00007ffac1a0d000 	C:\Windows\SYSTEM32\dhcpcsvc.DLL
0x00007ffac89b0000 - 0x00007ffac8a7a000 	C:\Windows\SYSTEM32\DNSAPI.dll

dbghelp: loaded successfully - version: 4.0.5 - missing functions: none
symbol engine: initialized successfully - sym options: 0x614 - pdb path: .;C:\Program Files\OpenJDK\openjdk-11.0.16_8\bin;C:\Windows\SYSTEM32;C:\Windows\WinSxS\amd64_microsoft.windows.common-controls_6595b64144ccf1df_6.0.19041.1110_none_60b5254171f9507e;C:\Program Files\OpenJDK\openjdk-11.0.16_8\bin\server;C:\Users\Finner\.gradle\native\e1d6ef7f7dcc3fd88c89a11ec53ec762bb8ba0a96d01ffa2cd45eb1d1d8dd5c5\windows-amd64;C:\Users\Finner\.gradle\native\0d407fdbe67a94daf76414ababcb853783967236a71b16ec16e742cd7a986fd3\windows-amd64

VM Arguments:
jvm_args: -XX:MaxMetaspaceSize=512m --add-opens=java.base/java.util=ALL-UNNAMED --add-opens=java.base/java.lang=ALL-UNNAMED --add-opens=java.base/java.lang.invoke=ALL-UNNAMED --add-opens=java.base/java.util=ALL-UNNAMED --add-opens=java.prefs/java.util.prefs=ALL-UNNAMED --add-opens=java.prefs/java.util.prefs=ALL-UNNAMED --add-opens=java.base/java.nio.charset=ALL-UNNAMED --add-opens=java.base/java.net=ALL-UNNAMED --add-opens=java.base/java.util.concurrent.atomic=ALL-UNNAMED -Xmx2048m -Dfile.encoding=windows-1252 -Duser.country=US -Duser.language=en -Duser.variant 
java_command: org.gradle.launcher.daemon.bootstrap.GradleDaemon 7.5.1
java_class_path (initial): C:\Users\Finner\.gradle\wrapper\dists\gradle-7.5.1-all\1ehga6e77gqps5uk2kc5kf1vc\gradle-7.5.1\lib\gradle-launcher-7.5.1.jar
Launcher Type: SUN_STANDARD

[Global flags]
     intx CICompilerCount                          = 4                                         {product} {ergonomic}
   size_t CompressedClassSpaceSize                 = 528482304                                 {product} {ergonomic}
     uint ConcGCThreads                            = 2                                         {product} {ergonomic}
     uint G1ConcRefinementThreads                  = 8                                         {product} {ergonomic}
   size_t G1HeapRegionSize                         = 1048576                                   {product} {ergonomic}
    uintx GCDrainStackTargetSize                   = 64                                        {product} {ergonomic}
   size_t InitialHeapSize                          = 134217728                                 {product} {ergonomic}
   size_t MarkStackSize                            = 4194304                                   {product} {ergonomic}
   size_t MaxHeapSize                              = 2147483648                                {product} {command line}
   size_t MaxMetaspaceSize                         = 536870912                                 {product} {command line}
   size_t MaxNewSize                               = 1287651328                                {product} {ergonomic}
   size_t MinHeapDeltaBytes                        = 1048576                                   {product} {ergonomic}
    uintx NonNMethodCodeHeapSize                   = 5836300                                {pd product} {ergonomic}
    uintx NonProfiledCodeHeapSize                  = 122910970                              {pd product} {ergonomic}
    uintx ProfiledCodeHeapSize                     = 122910970                              {pd product} {ergonomic}
    uintx ReservedCodeCacheSize                    = 251658240                              {pd product} {ergonomic}
     bool SegmentedCodeCache                       = true                                      {product} {ergonomic}
     bool UseCompressedClassPointers               = true                                 {lp64_product} {ergonomic}
     bool UseCompressedOops                        = true                                 {lp64_product} {ergonomic}
     bool UseG1GC                                  = true                                      {product} {ergonomic}
     bool UseLargePagesIndividualAllocation        = false                                  {pd product} {ergonomic}

Logging:
Log output configuration:
 #0: stdout all=warning uptime,level,tags
 #1: stderr all=off uptime,level,tags

Environment Variables:
JAVA_HOME=C:\Program Files\OpenJDK\openjdk-11.0.16_8
CLASSPATH=D:\Mobile-Projects\Finner\android\\gradle\wrapper\gradle-wrapper.jar
PATH=D:\Mobile-Projects\Finner\android\node_modules\.bin;D:\Mobile-Projects\Finner\node_modules\.bin;D:\Mobile-Projects\node_modules\.bin;D:\node_modules\.bin;D:\Mobile-Projects\Finner\node_modules\node\bin;D:\Mobile-Projects\Finner\node_modules\.bin;D:\Mobile-Projects\node_modules\.bin;D:\node_modules\.bin;C:\Users\Finner\AppData\Roaming\npm\node_modules\npm\node_modules\@npmcli\run-script\lib\node-gyp-bin;C:\Program Files\WindowsApps\Microsoft.PowerShell_7.3.2.0_x64__8wekyb3d8bbwe;C:\Python311\Scripts\;C:\Python311\;C:\Program Files (x86)\Intel\iCLS Client\;C:\Program Files\Intel\iCLS Client\;C:\Windows\system32;C:\Windows;C:\Windows\System32\Wbem;C:\Windows\System32\WindowsPowerShell\v1.0\;C:\Windows\System32\OpenSSH\;C:\Program Files (x86)\NVIDIA Corporation\PhysX\Common;C:\Program Files\NVIDIA Corporation\NVIDIA NvDLISR;C:\ProgramData\chocolatey\bin;C:\Program Files\Git\cmd;C:\Program Files\OpenJDK\openjdk-11.0.16_8\bin;c:\Program Files (x86)\Intel\Intel(R) Management Engine Components\DAL;c:\Program Files\Intel\Intel(R) Management Engine Components\DAL;c:\Program Files (x86)\Intel\Intel(R) Management Engine Components\IPT;c:\Program Files\Intel\Intel(R) Management Engine Components\IPT;C:\Program Files\nodejs\;C:\Users\Finner\.amplify\bin;C:\Users\Finner\AppData\Local\Microsoft\WindowsApps;C:\Users\Finner\AppData\Local\Programs\Microsoft VS Code\bin;C:\Users\Finner\AppData\Local\Android\Sdk\platform-tools;C:\Users\Finner\AppData\Local\Programs\oh-my-posh\bin;C:\Users\Finner\AppData\Roaming\npm
USERNAME=Finner
OS=Windows_NT
PROCESSOR_IDENTIFIER=Intel64 Family 6 Model 158 Stepping 9, GenuineIntel
TMP=C:\Users\Finner\AppData\Local\Temp
TEMP=C:\Users\Finner\AppData\Local\Temp



---------------  S Y S T E M  ---------------

OS: Windows 10 , 64 bit Build 19041 (10.0.19041.2364)
OS uptime: 0 days 1:30 hours

CPU:total 8 (initial active 8) (4 cores per cpu, 2 threads per core) family 6 model 158 stepping 9 microcode 0xb4, cmov, cx8, fxsr, mmx, sse, sse2, sse3, ssse3, sse4.1, sse4.2, popcnt, avx, avx2, aes, clmul, erms, 3dnowpref, lzcnt, ht, tsc, tscinvbit, bmi1, bmi2, adx, fma

Memory: 4k page, system-wide physical 8084M (348M free)
TotalPageFile size 10869M (AvailPageFile size 88M)
current process WorkingSet (physical memory assigned to process): 503M, peak: 510M
current process commit charge ("private bytes"): 618M, peak: 827M

vm_info: OpenJDK 64-Bit Server VM (11.0.16+8) for windows-amd64 JRE (11.0.16+8), built on Jul 17 2022 01:33:05 by "tester" with MS VC++ 15.9 (VS2017)

END.
