#
# There is insufficient memory for the Java Runtime Environment to continue.
# Native memory allocation (malloc) failed to allocate 573936 bytes for Chunk::new
# Possible reasons:
#   The system is out of physical RAM or swap space
#   The process is running with CompressedOops enabled, and the Java Heap may be blocking the growth of the native heap
# Possible solutions:
#   Reduce memory load on the system
#   Increase physical memory or swap space
#   Check if swap backing store is full
#   Decrease Java heap size (-Xmx/-Xms)
#   Decrease number of Java threads
#   Decrease Java thread stack sizes (-Xss)
#   Set larger code cache with -XX:ReservedCodeCacheSize=
#   JVM is running with Zero Based Compressed Oops mode in which the Java heap is
#     placed in the first 32GB address space. The Java Heap base address is the
#     maximum limit for the native heap growth. Please use -XX:HeapBaseMinAddress
#     to set the Java Heap base and to place the Java Heap above 32GB virtual address.
# This output file may be truncated or incomplete.
#
#  Out of Memory Error (./src/hotspot/share/memory/arena.cpp:197), pid=12928, tid=17620
#
# JRE version: OpenJDK Runtime Environment Microsoft-7208460 (11.0.18+10) (build 11.0.18+10-LTS)
# Java VM: OpenJDK 64-Bit Server VM Microsoft-7208460 (11.0.18+10-LTS, mixed mode, tiered, compressed oops, g1 gc, windows-amd64)
# No core dump will be written. Minidumps are not enabled by default on client versions of Windows
#

---------------  S U M M A R Y ------------

Command Line: org.jetbrains.kotlin.cli.jvm.K2JVMCompiler @D:\Mobile-Projects\Finner\node_modules\react-native-gesture-handler\android\build\20230713_18405603603916982060.compiler.options

Host: Intel(R) Core(TM) i7-7700HQ CPU @ 2.80GHz, 8 cores, 15G,  Windows 10 , 64 bit Build 19041 (10.0.19041.3031)
Time: Thu Jul 13 08:32:46 2023 SE Asia Standard Time elapsed time: 8.523228 seconds (0d 0h 0m 8s)

---------------  T H R E A D  ---------------

Current thread (0x0000021fda1e9000):  JavaThread "C2 CompilerThread0" daemon [_thread_in_native, id=17620, stack(0x00000076bee00000,0x00000076bef00000)]


Current CompileTask:
C2:   8523 5243       4       org.jetbrains.kotlin.com.intellij.psi.stubs.StubList::addStub (137 bytes)

Stack: [0x00000076bee00000,0x00000076bef00000]
Native frames: (J=compiled Java code, j=interpreted, Vv=VM code, C=native code)
V  [jvm.dll+0x62bf8a]
V  [jvm.dll+0x7b8fb9]
V  [win32u.dll+0x7ba6a8]
V  [VERSION.dll+0x7bad83]
V  [windows.storage.dll+0x250248]
V  [jvm.dll+0xc260c]
V  [jvm.dll+0xc2bcc]
V  [jvm.dll+0x35e182]
V  [jvm.dll+0x19ebe9]
V  [jvm.dll+0x209495]
V  [jvm.dll+0x20850d]
V  [jvm.dll+0x18a4b1]
V  [jvm.dll+0x217eec]
V  [jvm.dll+0x21612b]
V  [jvm.dll+0x77bac0]
V  [jvm.dll+0x7749f4]
V  [jvm.dll+0x62adf5]
C  [ucrtbase.dll+0x21bb2]
C  [KERNEL32.DLL+0x17614]
C  [ntdll.dll+0x526f1]


---------------  P R O C E S S  ---------------

Threads class SMR info:
_java_thread_list=0x0000021fdd18c330, length=12, elements={
0x0000021fb5bc3000, 0x0000021fd9922000, 0x0000021fd992b800, 0x0000021fda23b800,
0x0000021fda23e000, 0x0000021fda1e5800, 0x0000021fda1e9000, 0x0000021fd993a000,
0x0000021fd993d000, 0x0000021fda3cd800, 0x0000021fdefe9800, 0x0000021fdefec800
}

Java Threads: ( => current thread )
  0x0000021fb5bc3000 JavaThread "main" [_thread_in_Java, id=1796, stack(0x00000076be200000,0x00000076be300000)]
  0x0000021fd9922000 JavaThread "Reference Handler" daemon [_thread_blocked, id=9624, stack(0x00000076be900000,0x00000076bea00000)]
  0x0000021fd992b800 JavaThread "Finalizer" daemon [_thread_blocked, id=18016, stack(0x00000076bea00000,0x00000076beb00000)]
  0x0000021fda23b800 JavaThread "Signal Dispatcher" daemon [_thread_blocked, id=6544, stack(0x00000076beb00000,0x00000076bec00000)]
  0x0000021fda23e000 JavaThread "Attach Listener" daemon [_thread_blocked, id=15732, stack(0x00000076bec00000,0x00000076bed00000)]
  0x0000021fda1e5800 JavaThread "Service Thread" daemon [_thread_blocked, id=15204, stack(0x00000076bed00000,0x00000076bee00000)]
=>0x0000021fda1e9000 JavaThread "C2 CompilerThread0" daemon [_thread_in_native, id=17620, stack(0x00000076bee00000,0x00000076bef00000)]
  0x0000021fd993a000 JavaThread "C1 CompilerThread0" daemon [_thread_blocked, id=6008, stack(0x00000076bef00000,0x00000076bf000000)]
  0x0000021fd993d000 JavaThread "Sweeper thread" daemon [_thread_blocked, id=18220, stack(0x00000076bf000000,0x00000076bf100000)]
  0x0000021fda3cd800 JavaThread "Common-Cleaner" daemon [_thread_blocked, id=9908, stack(0x00000076bf200000,0x00000076bf300000)]
  0x0000021fdefe9800 JavaThread "C2 CompilerThread1" daemon [_thread_in_native, id=17932, stack(0x00000076bf900000,0x00000076bfa00000)]
  0x0000021fdefec800 JavaThread "C2 CompilerThread2" daemon [_thread_in_native, id=14484, stack(0x00000076bfa00000,0x00000076bfb00000)]

Other Threads:
  0x0000021fd991c000 VMThread "VM Thread" [stack: 0x00000076be800000,0x00000076be900000] [id=14492]
  0x0000021fda3c3000 WatcherThread [stack: 0x00000076bf100000,0x00000076bf200000] [id=5828]
  0x0000021fb5bdd800 GCTaskThread "GC Thread#0" [stack: 0x00000076be300000,0x00000076be400000] [id=13672]
  0x0000021fdaa9d800 GCTaskThread "GC Thread#1" [stack: 0x00000076bf300000,0x00000076bf400000] [id=17344]
  0x0000021fdaac9800 GCTaskThread "GC Thread#2" [stack: 0x00000076bf400000,0x00000076bf500000] [id=6764]
  0x0000021fdaaca800 GCTaskThread "GC Thread#3" [stack: 0x00000076bf500000,0x00000076bf600000] [id=10664]
  0x0000021fdaacb000 GCTaskThread "GC Thread#4" [stack: 0x00000076bf600000,0x00000076bf700000] [id=6364]
  0x0000021fdaacc000 GCTaskThread "GC Thread#5" [stack: 0x00000076bf700000,0x00000076bf800000] [id=16236]
  0x0000021fb5c39800 ConcurrentGCThread "G1 Main Marker" [stack: 0x00000076be400000,0x00000076be500000] [id=13608]
  0x0000021fb5c3a800 ConcurrentGCThread "G1 Conc#0" [stack: 0x00000076be500000,0x00000076be600000] [id=15192]
  0x0000021fdb46e800 ConcurrentGCThread "G1 Conc#1" [stack: 0x00000076bf800000,0x00000076bf900000] [id=14680]
  0x0000021fd97fb000 ConcurrentGCThread "G1 Refine#0" [stack: 0x00000076be600000,0x00000076be700000] [id=14744]
  0x0000021fd97fc000 ConcurrentGCThread "G1 Young RemSet Sampling" [stack: 0x00000076be700000,0x00000076be800000] [id=16164]

Threads with active compile tasks:
C2 CompilerThread0     8544 5243       4       org.jetbrains.kotlin.com.intellij.psi.stubs.StubList::addStub (137 bytes)
C2 CompilerThread1     8544 5350   !   4       org.jetbrains.kotlin.metadata.ProtoBuf$Function::<init> (1410 bytes)
C2 CompilerThread2     8544 5365       4       org.jetbrains.kotlin.protobuf.FieldSet::getSerializedSize (109 bytes)

VM state:not at safepoint (normal execution)

VM Mutex/Monitor currently owned by a thread: None

Heap address: 0x0000000701a00000, size: 4070 MB, Compressed Oops mode: Zero based, Oop shift amount: 3
Narrow klass base: 0x0000000800000000, Narrow klass shift: 0
Compressed class space size: 1073741824 Address: 0x0000000800000000

Heap:
 garbage-first heap   total 262144K, used 106704K [0x0000000701a00000, 0x0000000800000000)
  region size 1024K, 83 young (84992K), 9 survivors (9216K)
 Metaspace       used 58014K, capacity 58765K, committed 59004K, reserved 1101824K
  class space    used 6754K, capacity 7035K, committed 7040K, reserved 1048576K
Heap Regions: E=young(eden), S=young(survivor), O=old, HS=humongous(starts), HC=humongous(continues), CS=collection set, F=free, A=archive, TAMS=top-at-mark-start (previous, next)
|   0|0x0000000701a00000, 0x0000000701b00000, 0x0000000701b00000|100%|HS|  |TAMS 0x0000000701b00000, 0x0000000701a00000| Complete 
|   1|0x0000000701b00000, 0x0000000701c00000, 0x0000000701c00000|100%|HC|  |TAMS 0x0000000701c00000, 0x0000000701b00000| Complete 
|   2|0x0000000701c00000, 0x0000000701d00000, 0x0000000701d00000|100%|HC|  |TAMS 0x0000000701d00000, 0x0000000701c00000| Complete 
|   3|0x0000000701d00000, 0x0000000701e00000, 0x0000000701e00000|100%|HS|  |TAMS 0x0000000701e00000, 0x0000000701d00000| Complete 
|   4|0x0000000701e00000, 0x0000000701f00000, 0x0000000701f00000|100%|HC|  |TAMS 0x0000000701f00000, 0x0000000701e00000| Complete 
|   5|0x0000000701f00000, 0x0000000702000000, 0x0000000702000000|100%|HC|  |TAMS 0x0000000702000000, 0x0000000701f00000| Complete 
|   6|0x0000000702000000, 0x0000000702100000, 0x0000000702100000|100%|HS|  |TAMS 0x0000000702000000, 0x0000000702000000| Complete 
|   7|0x0000000702100000, 0x0000000702200000, 0x0000000702200000|100%|HC|  |TAMS 0x0000000702100000, 0x0000000702100000| Complete 
|   8|0x0000000702200000, 0x0000000702300000, 0x0000000702300000|100%| O|  |TAMS 0x0000000702300000, 0x0000000702200000| Untracked 
|   9|0x0000000702300000, 0x0000000702400000, 0x0000000702400000|100%| O|  |TAMS 0x0000000702400000, 0x0000000702300000| Untracked 
|  10|0x0000000702400000, 0x0000000702500000, 0x0000000702500000|100%| O|  |TAMS 0x0000000702500000, 0x0000000702400000| Untracked 
|  11|0x0000000702500000, 0x0000000702600000, 0x0000000702600000|100%| O|  |TAMS 0x0000000702600000, 0x0000000702500000| Untracked 
|  12|0x0000000702600000, 0x0000000702700000, 0x0000000702700000|100%| O|  |TAMS 0x0000000702700000, 0x0000000702600000| Untracked 
|  13|0x0000000702700000, 0x0000000702800000, 0x0000000702800000|100%| O|  |TAMS 0x0000000702800000, 0x0000000702700000| Untracked 
|  14|0x0000000702800000, 0x0000000702900000, 0x0000000702900000|100%| O|  |TAMS 0x0000000702900000, 0x0000000702800000| Untracked 
|  15|0x0000000702900000, 0x0000000702a00000, 0x0000000702a00000|100%| O|  |TAMS 0x0000000702a00000, 0x0000000702900000| Untracked 
|  16|0x0000000702a00000, 0x0000000702b00000, 0x0000000702b00000|100%| O|  |TAMS 0x0000000702b00000, 0x0000000702a00000| Untracked 
|  17|0x0000000702b00000, 0x0000000702c00000, 0x0000000702c00000|100%| O|  |TAMS 0x0000000702c00000, 0x0000000702b00000| Untracked 
|  18|0x0000000702c00000, 0x0000000702d00000, 0x0000000702d00000|100%| O|  |TAMS 0x0000000702d00000, 0x0000000702c00000| Untracked 
|  19|0x0000000702d00000, 0x0000000702e00000, 0x0000000702e00000|100%| O|  |TAMS 0x0000000702dfa800, 0x0000000702d00000| Untracked 
|  20|0x0000000702e00000, 0x0000000702f00000, 0x0000000702f00000|100%| O|  |TAMS 0x0000000702e00000, 0x0000000702e00000| Untracked 
|  21|0x0000000702f00000, 0x0000000702f34000, 0x0000000703000000| 20%| O|  |TAMS 0x0000000702f00000, 0x0000000702f00000| Untracked 
|  22|0x0000000703000000, 0x0000000703100000, 0x0000000703100000|100%|HS|  |TAMS 0x0000000703000000, 0x0000000703000000| Complete 
|  23|0x0000000703100000, 0x0000000703100000, 0x0000000703200000|  0%| F|  |TAMS 0x0000000703100000, 0x0000000703100000| Untracked 
|  24|0x0000000703200000, 0x0000000703200000, 0x0000000703300000|  0%| F|  |TAMS 0x0000000703200000, 0x0000000703200000| Untracked 
|  25|0x0000000703300000, 0x0000000703300000, 0x0000000703400000|  0%| F|  |TAMS 0x0000000703300000, 0x0000000703300000| Untracked 
|  26|0x0000000703400000, 0x0000000703400000, 0x0000000703500000|  0%| F|  |TAMS 0x0000000703400000, 0x0000000703400000| Untracked 
|  27|0x0000000703500000, 0x0000000703500000, 0x0000000703600000|  0%| F|  |TAMS 0x0000000703500000, 0x0000000703500000| Untracked 
|  28|0x0000000703600000, 0x0000000703600000, 0x0000000703700000|  0%| F|  |TAMS 0x0000000703600000, 0x0000000703600000| Untracked 
|  29|0x0000000703700000, 0x0000000703700000, 0x0000000703800000|  0%| F|  |TAMS 0x0000000703700000, 0x0000000703700000| Untracked 
|  30|0x0000000703800000, 0x0000000703800000, 0x0000000703900000|  0%| F|  |TAMS 0x0000000703800000, 0x0000000703800000| Untracked 
|  31|0x0000000703900000, 0x0000000703900000, 0x0000000703a00000|  0%| F|  |TAMS 0x0000000703900000, 0x0000000703900000| Untracked 
|  32|0x0000000703a00000, 0x0000000703a00000, 0x0000000703b00000|  0%| F|  |TAMS 0x0000000703a00000, 0x0000000703a00000| Untracked 
|  33|0x0000000703b00000, 0x0000000703b00000, 0x0000000703c00000|  0%| F|  |TAMS 0x0000000703b00000, 0x0000000703b00000| Untracked 
|  34|0x0000000703c00000, 0x0000000703c00000, 0x0000000703d00000|  0%| F|  |TAMS 0x0000000703c00000, 0x0000000703c00000| Untracked 
|  35|0x0000000703d00000, 0x0000000703d00000, 0x0000000703e00000|  0%| F|  |TAMS 0x0000000703d00000, 0x0000000703d00000| Untracked 
|  36|0x0000000703e00000, 0x0000000703e00000, 0x0000000703f00000|  0%| F|  |TAMS 0x0000000703e00000, 0x0000000703e00000| Untracked 
|  37|0x0000000703f00000, 0x0000000703f00000, 0x0000000704000000|  0%| F|  |TAMS 0x0000000703f00000, 0x0000000703f00000| Untracked 
|  38|0x0000000704000000, 0x0000000704000000, 0x0000000704100000|  0%| F|  |TAMS 0x0000000704000000, 0x0000000704000000| Untracked 
|  39|0x0000000704100000, 0x0000000704100000, 0x0000000704200000|  0%| F|  |TAMS 0x0000000704100000, 0x0000000704100000| Untracked 
|  40|0x0000000704200000, 0x0000000704200000, 0x0000000704300000|  0%| F|  |TAMS 0x0000000704200000, 0x0000000704200000| Untracked 
|  41|0x0000000704300000, 0x0000000704300000, 0x0000000704400000|  0%| F|  |TAMS 0x0000000704300000, 0x0000000704300000| Untracked 
|  42|0x0000000704400000, 0x0000000704400000, 0x0000000704500000|  0%| F|  |TAMS 0x0000000704400000, 0x0000000704400000| Untracked 
|  43|0x0000000704500000, 0x0000000704500000, 0x0000000704600000|  0%| F|  |TAMS 0x0000000704500000, 0x0000000704500000| Untracked 
|  44|0x0000000704600000, 0x0000000704600000, 0x0000000704700000|  0%| F|  |TAMS 0x0000000704600000, 0x0000000704600000| Untracked 
|  45|0x0000000704700000, 0x0000000704700000, 0x0000000704800000|  0%| F|  |TAMS 0x0000000704700000, 0x0000000704700000| Untracked 
|  46|0x0000000704800000, 0x0000000704800000, 0x0000000704900000|  0%| F|  |TAMS 0x0000000704800000, 0x0000000704800000| Untracked 
|  47|0x0000000704900000, 0x0000000704900000, 0x0000000704a00000|  0%| F|  |TAMS 0x0000000704900000, 0x0000000704900000| Untracked 
|  48|0x0000000704a00000, 0x0000000704a00000, 0x0000000704b00000|  0%| F|  |TAMS 0x0000000704a00000, 0x0000000704a00000| Untracked 
|  49|0x0000000704b00000, 0x0000000704b00000, 0x0000000704c00000|  0%| F|  |TAMS 0x0000000704b00000, 0x0000000704b00000| Untracked 
|  50|0x0000000704c00000, 0x0000000704c00000, 0x0000000704d00000|  0%| F|  |TAMS 0x0000000704c00000, 0x0000000704c00000| Untracked 
|  51|0x0000000704d00000, 0x0000000704d00000, 0x0000000704e00000|  0%| F|  |TAMS 0x0000000704d00000, 0x0000000704d00000| Untracked 
|  52|0x0000000704e00000, 0x0000000704e00000, 0x0000000704f00000|  0%| F|  |TAMS 0x0000000704e00000, 0x0000000704e00000| Untracked 
|  53|0x0000000704f00000, 0x0000000704f00000, 0x0000000705000000|  0%| F|  |TAMS 0x0000000704f00000, 0x0000000704f00000| Untracked 
|  54|0x0000000705000000, 0x0000000705000000, 0x0000000705100000|  0%| F|  |TAMS 0x0000000705000000, 0x0000000705000000| Untracked 
|  55|0x0000000705100000, 0x0000000705100000, 0x0000000705200000|  0%| F|  |TAMS 0x0000000705100000, 0x0000000705100000| Untracked 
|  56|0x0000000705200000, 0x0000000705200000, 0x0000000705300000|  0%| F|  |TAMS 0x0000000705200000, 0x0000000705200000| Untracked 
|  57|0x0000000705300000, 0x0000000705300000, 0x0000000705400000|  0%| F|  |TAMS 0x0000000705300000, 0x0000000705300000| Untracked 
|  58|0x0000000705400000, 0x0000000705400000, 0x0000000705500000|  0%| F|  |TAMS 0x0000000705400000, 0x0000000705400000| Untracked 
|  59|0x0000000705500000, 0x0000000705500000, 0x0000000705600000|  0%| F|  |TAMS 0x0000000705500000, 0x0000000705500000| Untracked 
|  60|0x0000000705600000, 0x0000000705600000, 0x0000000705700000|  0%| F|  |TAMS 0x0000000705600000, 0x0000000705600000| Untracked 
|  61|0x0000000705700000, 0x0000000705700000, 0x0000000705800000|  0%| F|  |TAMS 0x0000000705700000, 0x0000000705700000| Untracked 
|  62|0x0000000705800000, 0x0000000705800000, 0x0000000705900000|  0%| F|  |TAMS 0x0000000705800000, 0x0000000705800000| Untracked 
|  63|0x0000000705900000, 0x0000000705900000, 0x0000000705a00000|  0%| F|  |TAMS 0x0000000705900000, 0x0000000705900000| Untracked 
|  64|0x0000000705a00000, 0x0000000705a00000, 0x0000000705b00000|  0%| F|  |TAMS 0x0000000705a00000, 0x0000000705a00000| Untracked 
|  65|0x0000000705b00000, 0x0000000705b00000, 0x0000000705c00000|  0%| F|  |TAMS 0x0000000705b00000, 0x0000000705b00000| Untracked 
|  66|0x0000000705c00000, 0x0000000705c00000, 0x0000000705d00000|  0%| F|  |TAMS 0x0000000705c00000, 0x0000000705c00000| Untracked 
|  67|0x0000000705d00000, 0x0000000705d00000, 0x0000000705e00000|  0%| F|  |TAMS 0x0000000705d00000, 0x0000000705d00000| Untracked 
|  68|0x0000000705e00000, 0x0000000705e00000, 0x0000000705f00000|  0%| F|  |TAMS 0x0000000705e00000, 0x0000000705e00000| Untracked 
|  69|0x0000000705f00000, 0x0000000705f00000, 0x0000000706000000|  0%| F|  |TAMS 0x0000000705f00000, 0x0000000705f00000| Untracked 
|  70|0x0000000706000000, 0x0000000706000000, 0x0000000706100000|  0%| F|  |TAMS 0x0000000706000000, 0x0000000706000000| Untracked 
|  71|0x0000000706100000, 0x0000000706100000, 0x0000000706200000|  0%| F|  |TAMS 0x0000000706100000, 0x0000000706100000| Untracked 
|  72|0x0000000706200000, 0x0000000706200000, 0x0000000706300000|  0%| F|  |TAMS 0x0000000706200000, 0x0000000706200000| Untracked 
|  73|0x0000000706300000, 0x0000000706300000, 0x0000000706400000|  0%| F|  |TAMS 0x0000000706300000, 0x0000000706300000| Untracked 
|  74|0x0000000706400000, 0x0000000706400000, 0x0000000706500000|  0%| F|  |TAMS 0x0000000706400000, 0x0000000706400000| Untracked 
|  75|0x0000000706500000, 0x0000000706500000, 0x0000000706600000|  0%| F|  |TAMS 0x0000000706500000, 0x0000000706500000| Untracked 
|  76|0x0000000706600000, 0x0000000706600000, 0x0000000706700000|  0%| F|  |TAMS 0x0000000706600000, 0x0000000706600000| Untracked 
|  77|0x0000000706700000, 0x0000000706700000, 0x0000000706800000|  0%| F|  |TAMS 0x0000000706700000, 0x0000000706700000| Untracked 
|  78|0x0000000706800000, 0x0000000706800000, 0x0000000706900000|  0%| F|  |TAMS 0x0000000706800000, 0x0000000706800000| Untracked 
|  79|0x0000000706900000, 0x0000000706900000, 0x0000000706a00000|  0%| F|  |TAMS 0x0000000706900000, 0x0000000706900000| Untracked 
|  80|0x0000000706a00000, 0x0000000706a00000, 0x0000000706b00000|  0%| F|  |TAMS 0x0000000706a00000, 0x0000000706a00000| Untracked 
|  81|0x0000000706b00000, 0x0000000706b00000, 0x0000000706c00000|  0%| F|  |TAMS 0x0000000706b00000, 0x0000000706b00000| Untracked 
|  82|0x0000000706c00000, 0x0000000706c00000, 0x0000000706d00000|  0%| F|  |TAMS 0x0000000706c00000, 0x0000000706c00000| Untracked 
|  83|0x0000000706d00000, 0x0000000706d00000, 0x0000000706e00000|  0%| F|  |TAMS 0x0000000706d00000, 0x0000000706d00000| Untracked 
|  84|0x0000000706e00000, 0x0000000706e00000, 0x0000000706f00000|  0%| F|  |TAMS 0x0000000706e00000, 0x0000000706e00000| Untracked 
|  85|0x0000000706f00000, 0x0000000706f00000, 0x0000000707000000|  0%| F|  |TAMS 0x0000000706f00000, 0x0000000706f00000| Untracked 
|  86|0x0000000707000000, 0x0000000707000000, 0x0000000707100000|  0%| F|  |TAMS 0x0000000707000000, 0x0000000707000000| Untracked 
|  87|0x0000000707100000, 0x0000000707100000, 0x0000000707200000|  0%| F|  |TAMS 0x0000000707100000, 0x0000000707100000| Untracked 
|  88|0x0000000707200000, 0x0000000707200000, 0x0000000707300000|  0%| F|  |TAMS 0x0000000707200000, 0x0000000707200000| Untracked 
|  89|0x0000000707300000, 0x0000000707300000, 0x0000000707400000|  0%| F|  |TAMS 0x0000000707300000, 0x0000000707300000| Untracked 
|  90|0x0000000707400000, 0x0000000707400000, 0x0000000707500000|  0%| F|  |TAMS 0x0000000707400000, 0x0000000707400000| Untracked 
|  91|0x0000000707500000, 0x0000000707500000, 0x0000000707600000|  0%| F|  |TAMS 0x0000000707500000, 0x0000000707500000| Untracked 
|  92|0x0000000707600000, 0x0000000707600000, 0x0000000707700000|  0%| F|  |TAMS 0x0000000707600000, 0x0000000707600000| Untracked 
|  93|0x0000000707700000, 0x0000000707700000, 0x0000000707800000|  0%| F|  |TAMS 0x0000000707700000, 0x0000000707700000| Untracked 
|  94|0x0000000707800000, 0x0000000707800000, 0x0000000707900000|  0%| F|  |TAMS 0x0000000707800000, 0x0000000707800000| Untracked 
|  95|0x0000000707900000, 0x0000000707900000, 0x0000000707a00000|  0%| F|  |TAMS 0x0000000707900000, 0x0000000707900000| Untracked 
|  96|0x0000000707a00000, 0x0000000707a00000, 0x0000000707b00000|  0%| F|  |TAMS 0x0000000707a00000, 0x0000000707a00000| Untracked 
|  97|0x0000000707b00000, 0x0000000707b00000, 0x0000000707c00000|  0%| F|  |TAMS 0x0000000707b00000, 0x0000000707b00000| Untracked 
|  98|0x0000000707c00000, 0x0000000707c00000, 0x0000000707d00000|  0%| F|  |TAMS 0x0000000707c00000, 0x0000000707c00000| Untracked 
|  99|0x0000000707d00000, 0x0000000707d00000, 0x0000000707e00000|  0%| F|  |TAMS 0x0000000707d00000, 0x0000000707d00000| Untracked 
| 100|0x0000000707e00000, 0x0000000707e00000, 0x0000000707f00000|  0%| F|  |TAMS 0x0000000707e00000, 0x0000000707e00000| Untracked 
| 101|0x0000000707f00000, 0x0000000707f00000, 0x0000000708000000|  0%| F|  |TAMS 0x0000000707f00000, 0x0000000707f00000| Untracked 
| 102|0x0000000708000000, 0x0000000708000000, 0x0000000708100000|  0%| F|  |TAMS 0x0000000708000000, 0x0000000708000000| Untracked 
| 103|0x0000000708100000, 0x0000000708100000, 0x0000000708200000|  0%| F|  |TAMS 0x0000000708100000, 0x0000000708100000| Untracked 
| 104|0x0000000708200000, 0x0000000708200000, 0x0000000708300000|  0%| F|  |TAMS 0x0000000708200000, 0x0000000708200000| Untracked 
| 105|0x0000000708300000, 0x0000000708300000, 0x0000000708400000|  0%| F|  |TAMS 0x0000000708300000, 0x0000000708300000| Untracked 
| 106|0x0000000708400000, 0x0000000708400000, 0x0000000708500000|  0%| F|  |TAMS 0x0000000708400000, 0x0000000708400000| Untracked 
| 107|0x0000000708500000, 0x0000000708500000, 0x0000000708600000|  0%| F|  |TAMS 0x0000000708500000, 0x0000000708500000| Untracked 
| 108|0x0000000708600000, 0x0000000708600000, 0x0000000708700000|  0%| F|  |TAMS 0x0000000708600000, 0x0000000708600000| Untracked 
| 109|0x0000000708700000, 0x0000000708700000, 0x0000000708800000|  0%| F|  |TAMS 0x0000000708700000, 0x0000000708700000| Untracked 
| 110|0x0000000708800000, 0x0000000708800000, 0x0000000708900000|  0%| F|  |TAMS 0x0000000708800000, 0x0000000708800000| Untracked 
| 111|0x0000000708900000, 0x0000000708900000, 0x0000000708a00000|  0%| F|  |TAMS 0x0000000708900000, 0x0000000708900000| Untracked 
| 112|0x0000000708a00000, 0x0000000708a00000, 0x0000000708b00000|  0%| F|  |TAMS 0x0000000708a00000, 0x0000000708a00000| Untracked 
| 113|0x0000000708b00000, 0x0000000708b00000, 0x0000000708c00000|  0%| F|  |TAMS 0x0000000708b00000, 0x0000000708b00000| Untracked 
| 114|0x0000000708c00000, 0x0000000708c00000, 0x0000000708d00000|  0%| F|  |TAMS 0x0000000708c00000, 0x0000000708c00000| Untracked 
| 115|0x0000000708d00000, 0x0000000708d00000, 0x0000000708e00000|  0%| F|  |TAMS 0x0000000708d00000, 0x0000000708d00000| Untracked 
| 116|0x0000000708e00000, 0x0000000708e00000, 0x0000000708f00000|  0%| F|  |TAMS 0x0000000708e00000, 0x0000000708e00000| Untracked 
| 117|0x0000000708f00000, 0x0000000708f00000, 0x0000000709000000|  0%| F|  |TAMS 0x0000000708f00000, 0x0000000708f00000| Untracked 
| 118|0x0000000709000000, 0x0000000709000000, 0x0000000709100000|  0%| F|  |TAMS 0x0000000709000000, 0x0000000709000000| Untracked 
| 119|0x0000000709100000, 0x0000000709100000, 0x0000000709200000|  0%| F|  |TAMS 0x0000000709100000, 0x0000000709100000| Untracked 
| 120|0x0000000709200000, 0x0000000709200000, 0x0000000709300000|  0%| F|  |TAMS 0x0000000709200000, 0x0000000709200000| Untracked 
| 121|0x0000000709300000, 0x0000000709300000, 0x0000000709400000|  0%| F|  |TAMS 0x0000000709300000, 0x0000000709300000| Untracked 
| 122|0x0000000709400000, 0x0000000709400000, 0x0000000709500000|  0%| F|  |TAMS 0x0000000709400000, 0x0000000709400000| Untracked 
| 123|0x0000000709500000, 0x0000000709500000, 0x0000000709600000|  0%| F|  |TAMS 0x0000000709500000, 0x0000000709500000| Untracked 
| 124|0x0000000709600000, 0x0000000709600000, 0x0000000709700000|  0%| F|  |TAMS 0x0000000709600000, 0x0000000709600000| Untracked 
| 125|0x0000000709700000, 0x0000000709700000, 0x0000000709800000|  0%| F|  |TAMS 0x0000000709700000, 0x0000000709700000| Untracked 
| 126|0x0000000709800000, 0x0000000709800000, 0x0000000709900000|  0%| F|  |TAMS 0x0000000709800000, 0x0000000709800000| Untracked 
| 127|0x0000000709900000, 0x0000000709900000, 0x0000000709a00000|  0%| F|  |TAMS 0x0000000709900000, 0x0000000709900000| Untracked 
| 128|0x0000000709a00000, 0x0000000709a00000, 0x0000000709b00000|  0%| F|  |TAMS 0x0000000709a00000, 0x0000000709a00000| Untracked 
| 129|0x0000000709b00000, 0x0000000709b00000, 0x0000000709c00000|  0%| F|  |TAMS 0x0000000709b00000, 0x0000000709b00000| Untracked 
| 130|0x0000000709c00000, 0x0000000709c00000, 0x0000000709d00000|  0%| F|  |TAMS 0x0000000709c00000, 0x0000000709c00000| Untracked 
| 131|0x0000000709d00000, 0x0000000709d00000, 0x0000000709e00000|  0%| F|  |TAMS 0x0000000709d00000, 0x0000000709d00000| Untracked 
| 132|0x0000000709e00000, 0x0000000709e00000, 0x0000000709f00000|  0%| F|  |TAMS 0x0000000709e00000, 0x0000000709e00000| Untracked 
| 133|0x0000000709f00000, 0x0000000709f00000, 0x000000070a000000|  0%| F|  |TAMS 0x0000000709f00000, 0x0000000709f00000| Untracked 
| 134|0x000000070a000000, 0x000000070a000000, 0x000000070a100000|  0%| F|  |TAMS 0x000000070a000000, 0x000000070a000000| Untracked 
| 135|0x000000070a100000, 0x000000070a100000, 0x000000070a200000|  0%| F|  |TAMS 0x000000070a100000, 0x000000070a100000| Untracked 
| 136|0x000000070a200000, 0x000000070a200000, 0x000000070a300000|  0%| F|  |TAMS 0x000000070a200000, 0x000000070a200000| Untracked 
| 137|0x000000070a300000, 0x000000070a300000, 0x000000070a400000|  0%| F|  |TAMS 0x000000070a300000, 0x000000070a300000| Untracked 
| 138|0x000000070a400000, 0x000000070a400000, 0x000000070a500000|  0%| F|  |TAMS 0x000000070a400000, 0x000000070a400000| Untracked 
| 139|0x000000070a500000, 0x000000070a500000, 0x000000070a600000|  0%| F|  |TAMS 0x000000070a500000, 0x000000070a500000| Untracked 
| 140|0x000000070a600000, 0x000000070a600000, 0x000000070a700000|  0%| F|  |TAMS 0x000000070a600000, 0x000000070a600000| Untracked 
| 141|0x000000070a700000, 0x000000070a700000, 0x000000070a800000|  0%| F|  |TAMS 0x000000070a700000, 0x000000070a700000| Untracked 
| 142|0x000000070a800000, 0x000000070a800000, 0x000000070a900000|  0%| F|  |TAMS 0x000000070a800000, 0x000000070a800000| Untracked 
| 143|0x000000070a900000, 0x000000070a900000, 0x000000070aa00000|  0%| F|  |TAMS 0x000000070a900000, 0x000000070a900000| Untracked 
| 144|0x000000070aa00000, 0x000000070aa00000, 0x000000070ab00000|  0%| F|  |TAMS 0x000000070aa00000, 0x000000070aa00000| Untracked 
| 145|0x000000070ab00000, 0x000000070ab00000, 0x000000070ac00000|  0%| F|  |TAMS 0x000000070ab00000, 0x000000070ab00000| Untracked 
| 146|0x000000070ac00000, 0x000000070ac00000, 0x000000070ad00000|  0%| F|  |TAMS 0x000000070ac00000, 0x000000070ac00000| Untracked 
| 147|0x000000070ad00000, 0x000000070ad00000, 0x000000070ae00000|  0%| F|  |TAMS 0x000000070ad00000, 0x000000070ad00000| Untracked 
| 148|0x000000070ae00000, 0x000000070ae00000, 0x000000070af00000|  0%| F|  |TAMS 0x000000070ae00000, 0x000000070ae00000| Untracked 
| 149|0x000000070af00000, 0x000000070af00000, 0x000000070b000000|  0%| F|  |TAMS 0x000000070af00000, 0x000000070af00000| Untracked 
| 150|0x000000070b000000, 0x000000070b000000, 0x000000070b100000|  0%| F|  |TAMS 0x000000070b000000, 0x000000070b000000| Untracked 
| 151|0x000000070b100000, 0x000000070b100000, 0x000000070b200000|  0%| F|  |TAMS 0x000000070b100000, 0x000000070b100000| Untracked 
| 152|0x000000070b200000, 0x000000070b200000, 0x000000070b300000|  0%| F|  |TAMS 0x000000070b200000, 0x000000070b200000| Untracked 
| 153|0x000000070b300000, 0x000000070b300000, 0x000000070b400000|  0%| F|  |TAMS 0x000000070b300000, 0x000000070b300000| Untracked 
| 154|0x000000070b400000, 0x000000070b400000, 0x000000070b500000|  0%| F|  |TAMS 0x000000070b400000, 0x000000070b400000| Untracked 
| 155|0x000000070b500000, 0x000000070b500000, 0x000000070b600000|  0%| F|  |TAMS 0x000000070b500000, 0x000000070b500000| Untracked 
| 156|0x000000070b600000, 0x000000070b600000, 0x000000070b700000|  0%| F|  |TAMS 0x000000070b600000, 0x000000070b600000| Untracked 
| 157|0x000000070b700000, 0x000000070b700000, 0x000000070b800000|  0%| F|  |TAMS 0x000000070b700000, 0x000000070b700000| Untracked 
| 158|0x000000070b800000, 0x000000070b800000, 0x000000070b900000|  0%| F|  |TAMS 0x000000070b800000, 0x000000070b800000| Untracked 
| 159|0x000000070b900000, 0x000000070b900000, 0x000000070ba00000|  0%| F|  |TAMS 0x000000070b900000, 0x000000070b900000| Untracked 
| 160|0x000000070ba00000, 0x000000070ba00000, 0x000000070bb00000|  0%| F|  |TAMS 0x000000070ba00000, 0x000000070ba00000| Untracked 
| 161|0x000000070bb00000, 0x000000070bb00000, 0x000000070bc00000|  0%| F|  |TAMS 0x000000070bb00000, 0x000000070bb00000| Untracked 
| 162|0x000000070bc00000, 0x000000070bc00000, 0x000000070bd00000|  0%| F|  |TAMS 0x000000070bc00000, 0x000000070bc00000| Untracked 
| 163|0x000000070bd00000, 0x000000070bd00000, 0x000000070be00000|  0%| F|  |TAMS 0x000000070bd00000, 0x000000070bd00000| Untracked 
| 164|0x000000070be00000, 0x000000070be00000, 0x000000070bf00000|  0%| F|  |TAMS 0x000000070be00000, 0x000000070be00000| Untracked 
| 165|0x000000070bf00000, 0x000000070bf00000, 0x000000070c000000|  0%| F|  |TAMS 0x000000070bf00000, 0x000000070bf00000| Untracked 
| 166|0x000000070c000000, 0x000000070c000000, 0x000000070c100000|  0%| F|  |TAMS 0x000000070c000000, 0x000000070c000000| Untracked 
| 167|0x000000070c100000, 0x000000070c100000, 0x000000070c200000|  0%| F|  |TAMS 0x000000070c100000, 0x000000070c100000| Untracked 
| 168|0x000000070c200000, 0x000000070c200000, 0x000000070c300000|  0%| F|  |TAMS 0x000000070c200000, 0x000000070c200000| Untracked 
| 169|0x000000070c300000, 0x000000070c300000, 0x000000070c400000|  0%| F|  |TAMS 0x000000070c300000, 0x000000070c300000| Untracked 
| 170|0x000000070c400000, 0x000000070c400000, 0x000000070c500000|  0%| F|  |TAMS 0x000000070c400000, 0x000000070c400000| Untracked 
| 171|0x000000070c500000, 0x000000070c500000, 0x000000070c600000|  0%| F|  |TAMS 0x000000070c500000, 0x000000070c500000| Untracked 
| 172|0x000000070c600000, 0x000000070c600000, 0x000000070c700000|  0%| F|  |TAMS 0x000000070c600000, 0x000000070c600000| Untracked 
| 173|0x000000070c700000, 0x000000070c780800, 0x000000070c800000| 50%| E|  |TAMS 0x000000070c700000, 0x000000070c700000| Complete 
| 174|0x000000070c800000, 0x000000070c900000, 0x000000070c900000|100%| E|CS|TAMS 0x000000070c800000, 0x000000070c800000| Complete 
| 175|0x000000070c900000, 0x000000070ca00000, 0x000000070ca00000|100%| E|CS|TAMS 0x000000070c900000, 0x000000070c900000| Complete 
| 176|0x000000070ca00000, 0x000000070cb00000, 0x000000070cb00000|100%| E|CS|TAMS 0x000000070ca00000, 0x000000070ca00000| Complete 
| 177|0x000000070cb00000, 0x000000070cc00000, 0x000000070cc00000|100%| S|CS|TAMS 0x000000070cb00000, 0x000000070cb00000| Complete 
| 178|0x000000070cc00000, 0x000000070cd00000, 0x000000070cd00000|100%| S|CS|TAMS 0x000000070cc00000, 0x000000070cc00000| Complete 
| 179|0x000000070cd00000, 0x000000070ce00000, 0x000000070ce00000|100%| S|CS|TAMS 0x000000070cd00000, 0x000000070cd00000| Complete 
| 180|0x000000070ce00000, 0x000000070cf00000, 0x000000070cf00000|100%| S|CS|TAMS 0x000000070ce00000, 0x000000070ce00000| Complete 
| 181|0x000000070cf00000, 0x000000070d000000, 0x000000070d000000|100%| S|CS|TAMS 0x000000070cf00000, 0x000000070cf00000| Complete 
| 182|0x000000070d000000, 0x000000070d100000, 0x000000070d100000|100%| S|CS|TAMS 0x000000070d000000, 0x000000070d000000| Complete 
| 183|0x000000070d100000, 0x000000070d200000, 0x000000070d200000|100%| S|CS|TAMS 0x000000070d100000, 0x000000070d100000| Complete 
| 184|0x000000070d200000, 0x000000070d300000, 0x000000070d300000|100%| S|CS|TAMS 0x000000070d200000, 0x000000070d200000| Complete 
| 185|0x000000070d300000, 0x000000070d400000, 0x000000070d400000|100%| S|CS|TAMS 0x000000070d300000, 0x000000070d300000| Complete 
| 186|0x000000070d400000, 0x000000070d500000, 0x000000070d500000|100%| E|CS|TAMS 0x000000070d400000, 0x000000070d400000| Complete 
| 187|0x000000070d500000, 0x000000070d600000, 0x000000070d600000|100%| E|CS|TAMS 0x000000070d500000, 0x000000070d500000| Complete 
| 188|0x000000070d600000, 0x000000070d700000, 0x000000070d700000|100%| E|CS|TAMS 0x000000070d600000, 0x000000070d600000| Complete 
| 189|0x000000070d700000, 0x000000070d800000, 0x000000070d800000|100%| E|CS|TAMS 0x000000070d700000, 0x000000070d700000| Complete 
| 190|0x000000070d800000, 0x000000070d900000, 0x000000070d900000|100%| E|CS|TAMS 0x000000070d800000, 0x000000070d800000| Complete 
| 191|0x000000070d900000, 0x000000070da00000, 0x000000070da00000|100%| E|CS|TAMS 0x000000070d900000, 0x000000070d900000| Complete 
| 192|0x000000070da00000, 0x000000070db00000, 0x000000070db00000|100%| E|CS|TAMS 0x000000070da00000, 0x000000070da00000| Complete 
| 193|0x000000070db00000, 0x000000070dc00000, 0x000000070dc00000|100%| E|CS|TAMS 0x000000070db00000, 0x000000070db00000| Complete 
| 194|0x000000070dc00000, 0x000000070dd00000, 0x000000070dd00000|100%| E|CS|TAMS 0x000000070dc00000, 0x000000070dc00000| Complete 
| 195|0x000000070dd00000, 0x000000070de00000, 0x000000070de00000|100%| E|CS|TAMS 0x000000070dd00000, 0x000000070dd00000| Complete 
| 196|0x000000070de00000, 0x000000070df00000, 0x000000070df00000|100%| E|CS|TAMS 0x000000070de00000, 0x000000070de00000| Complete 
| 197|0x000000070df00000, 0x000000070e000000, 0x000000070e000000|100%| E|CS|TAMS 0x000000070df00000, 0x000000070df00000| Complete 
| 198|0x000000070e000000, 0x000000070e100000, 0x000000070e100000|100%| E|CS|TAMS 0x000000070e000000, 0x000000070e000000| Complete 
| 199|0x000000070e100000, 0x000000070e200000, 0x000000070e200000|100%| E|CS|TAMS 0x000000070e100000, 0x000000070e100000| Complete 
| 200|0x000000070e200000, 0x000000070e300000, 0x000000070e300000|100%| E|CS|TAMS 0x000000070e200000, 0x000000070e200000| Complete 
| 201|0x000000070e300000, 0x000000070e400000, 0x000000070e400000|100%| E|CS|TAMS 0x000000070e300000, 0x000000070e300000| Complete 
| 202|0x000000070e400000, 0x000000070e500000, 0x000000070e500000|100%| E|CS|TAMS 0x000000070e400000, 0x000000070e400000| Complete 
| 203|0x000000070e500000, 0x000000070e600000, 0x000000070e600000|100%| E|CS|TAMS 0x000000070e500000, 0x000000070e500000| Complete 
| 204|0x000000070e600000, 0x000000070e700000, 0x000000070e700000|100%| E|CS|TAMS 0x000000070e600000, 0x000000070e600000| Complete 
| 205|0x000000070e700000, 0x000000070e800000, 0x000000070e800000|100%| E|CS|TAMS 0x000000070e700000, 0x000000070e700000| Complete 
| 206|0x000000070e800000, 0x000000070e900000, 0x000000070e900000|100%| E|CS|TAMS 0x000000070e800000, 0x000000070e800000| Complete 
| 207|0x000000070e900000, 0x000000070ea00000, 0x000000070ea00000|100%| E|CS|TAMS 0x000000070e900000, 0x000000070e900000| Complete 
| 208|0x000000070ea00000, 0x000000070eb00000, 0x000000070eb00000|100%| E|CS|TAMS 0x000000070ea00000, 0x000000070ea00000| Complete 
| 209|0x000000070eb00000, 0x000000070ec00000, 0x000000070ec00000|100%| E|CS|TAMS 0x000000070eb00000, 0x000000070eb00000| Complete 
| 210|0x000000070ec00000, 0x000000070ed00000, 0x000000070ed00000|100%| E|CS|TAMS 0x000000070ec00000, 0x000000070ec00000| Complete 
| 211|0x000000070ed00000, 0x000000070ee00000, 0x000000070ee00000|100%| E|CS|TAMS 0x000000070ed00000, 0x000000070ed00000| Complete 
| 212|0x000000070ee00000, 0x000000070ef00000, 0x000000070ef00000|100%| E|CS|TAMS 0x000000070ee00000, 0x000000070ee00000| Complete 
| 213|0x000000070ef00000, 0x000000070f000000, 0x000000070f000000|100%| E|CS|TAMS 0x000000070ef00000, 0x000000070ef00000| Complete 
| 214|0x000000070f000000, 0x000000070f100000, 0x000000070f100000|100%| E|CS|TAMS 0x000000070f000000, 0x000000070f000000| Complete 
| 215|0x000000070f100000, 0x000000070f200000, 0x000000070f200000|100%| E|CS|TAMS 0x000000070f100000, 0x000000070f100000| Complete 
| 216|0x000000070f200000, 0x000000070f300000, 0x000000070f300000|100%| E|CS|TAMS 0x000000070f200000, 0x000000070f200000| Complete 
| 217|0x000000070f300000, 0x000000070f400000, 0x000000070f400000|100%| E|CS|TAMS 0x000000070f300000, 0x000000070f300000| Complete 
| 218|0x000000070f400000, 0x000000070f500000, 0x000000070f500000|100%| E|CS|TAMS 0x000000070f400000, 0x000000070f400000| Complete 
| 219|0x000000070f500000, 0x000000070f600000, 0x000000070f600000|100%| E|CS|TAMS 0x000000070f500000, 0x000000070f500000| Complete 
| 220|0x000000070f600000, 0x000000070f700000, 0x000000070f700000|100%| E|CS|TAMS 0x000000070f600000, 0x000000070f600000| Complete 
| 221|0x000000070f700000, 0x000000070f800000, 0x000000070f800000|100%| E|CS|TAMS 0x000000070f700000, 0x000000070f700000| Complete 
| 222|0x000000070f800000, 0x000000070f900000, 0x000000070f900000|100%| E|CS|TAMS 0x000000070f800000, 0x000000070f800000| Complete 
| 223|0x000000070f900000, 0x000000070fa00000, 0x000000070fa00000|100%| E|CS|TAMS 0x000000070f900000, 0x000000070f900000| Complete 
| 224|0x000000070fa00000, 0x000000070fb00000, 0x000000070fb00000|100%| E|CS|TAMS 0x000000070fa00000, 0x000000070fa00000| Complete 
| 225|0x000000070fb00000, 0x000000070fc00000, 0x000000070fc00000|100%| E|CS|TAMS 0x000000070fb00000, 0x000000070fb00000| Complete 
| 226|0x000000070fc00000, 0x000000070fd00000, 0x000000070fd00000|100%| E|CS|TAMS 0x000000070fc00000, 0x000000070fc00000| Complete 
| 227|0x000000070fd00000, 0x000000070fe00000, 0x000000070fe00000|100%| E|CS|TAMS 0x000000070fd00000, 0x000000070fd00000| Complete 
| 228|0x000000070fe00000, 0x000000070ff00000, 0x000000070ff00000|100%| E|CS|TAMS 0x000000070fe00000, 0x000000070fe00000| Complete 
| 229|0x000000070ff00000, 0x0000000710000000, 0x0000000710000000|100%| E|CS|TAMS 0x000000070ff00000, 0x000000070ff00000| Complete 
| 230|0x0000000710000000, 0x0000000710100000, 0x0000000710100000|100%| E|CS|TAMS 0x0000000710000000, 0x0000000710000000| Complete 
| 231|0x0000000710100000, 0x0000000710200000, 0x0000000710200000|100%| E|CS|TAMS 0x0000000710100000, 0x0000000710100000| Complete 
| 232|0x0000000710200000, 0x0000000710300000, 0x0000000710300000|100%| E|CS|TAMS 0x0000000710200000, 0x0000000710200000| Complete 
| 233|0x0000000710300000, 0x0000000710400000, 0x0000000710400000|100%| E|CS|TAMS 0x0000000710300000, 0x0000000710300000| Complete 
| 234|0x0000000710400000, 0x0000000710500000, 0x0000000710500000|100%| E|CS|TAMS 0x0000000710400000, 0x0000000710400000| Complete 
| 235|0x0000000710500000, 0x0000000710600000, 0x0000000710600000|100%| E|CS|TAMS 0x0000000710500000, 0x0000000710500000| Complete 
| 236|0x0000000710600000, 0x0000000710700000, 0x0000000710700000|100%| E|CS|TAMS 0x0000000710600000, 0x0000000710600000| Complete 
| 237|0x0000000710700000, 0x0000000710800000, 0x0000000710800000|100%| E|CS|TAMS 0x0000000710700000, 0x0000000710700000| Complete 
| 238|0x0000000710800000, 0x0000000710900000, 0x0000000710900000|100%| E|CS|TAMS 0x0000000710800000, 0x0000000710800000| Complete 
| 239|0x0000000710900000, 0x0000000710a00000, 0x0000000710a00000|100%| E|CS|TAMS 0x0000000710900000, 0x0000000710900000| Complete 
| 240|0x0000000710a00000, 0x0000000710b00000, 0x0000000710b00000|100%| E|CS|TAMS 0x0000000710a00000, 0x0000000710a00000| Complete 
| 241|0x0000000710b00000, 0x0000000710c00000, 0x0000000710c00000|100%| E|CS|TAMS 0x0000000710b00000, 0x0000000710b00000| Complete 
| 242|0x0000000710c00000, 0x0000000710d00000, 0x0000000710d00000|100%| E|CS|TAMS 0x0000000710c00000, 0x0000000710c00000| Complete 
| 243|0x0000000710d00000, 0x0000000710e00000, 0x0000000710e00000|100%| E|CS|TAMS 0x0000000710d00000, 0x0000000710d00000| Complete 
| 244|0x0000000710e00000, 0x0000000710f00000, 0x0000000710f00000|100%| E|CS|TAMS 0x0000000710e00000, 0x0000000710e00000| Complete 
| 245|0x0000000710f00000, 0x0000000711000000, 0x0000000711000000|100%| E|CS|TAMS 0x0000000710f00000, 0x0000000710f00000| Complete 
| 246|0x0000000711000000, 0x0000000711100000, 0x0000000711100000|100%| E|CS|TAMS 0x0000000711000000, 0x0000000711000000| Complete 
| 247|0x0000000711100000, 0x0000000711200000, 0x0000000711200000|100%| E|CS|TAMS 0x0000000711100000, 0x0000000711100000| Complete 
| 248|0x0000000711200000, 0x0000000711300000, 0x0000000711300000|100%| E|CS|TAMS 0x0000000711200000, 0x0000000711200000| Complete 
| 249|0x0000000711300000, 0x0000000711400000, 0x0000000711400000|100%| E|CS|TAMS 0x0000000711300000, 0x0000000711300000| Complete 
| 250|0x0000000711400000, 0x0000000711500000, 0x0000000711500000|100%| E|CS|TAMS 0x0000000711400000, 0x0000000711400000| Complete 
| 251|0x0000000711500000, 0x0000000711600000, 0x0000000711600000|100%| E|CS|TAMS 0x0000000711500000, 0x0000000711500000| Complete 
| 252|0x0000000711600000, 0x0000000711700000, 0x0000000711700000|100%| E|CS|TAMS 0x0000000711600000, 0x0000000711600000| Complete 
| 253|0x0000000711700000, 0x0000000711800000, 0x0000000711800000|100%| E|CS|TAMS 0x0000000711700000, 0x0000000711700000| Complete 
| 254|0x0000000711800000, 0x0000000711900000, 0x0000000711900000|100%| E|CS|TAMS 0x0000000711800000, 0x0000000711800000| Complete 
| 255|0x0000000711900000, 0x0000000711a00000, 0x0000000711a00000|100%| E|CS|TAMS 0x0000000711900000, 0x0000000711900000| Complete 

Card table byte_map: [0x0000021fcde70000,0x0000021fce670000] _byte_map_base: 0x0000021fca663000

Marking Bits (Prev, Next): (CMBitMap*) 0x0000021fb5c289e0, (CMBitMap*) 0x0000021fb5c289a8
 Prev Bits: [0x0000021fd2e10000, 0x0000021fd6da8000)
 Next Bits: [0x0000021fcee70000, 0x0000021fd2e08000)

Polling page: 0x0000021fb3a10000

Metaspace:

Usage:
  Non-class:     50.52 MB capacity,    50.07 MB (>99%) used,   358.86 KB ( <1%) free+waste,    98.94 KB ( <1%) overhead. 
      Class:      6.87 MB capacity,     6.60 MB ( 96%) used,   232.98 KB (  3%) free+waste,    44.94 KB ( <1%) overhead. 
       Both:     57.39 MB capacity,    56.67 MB ( 99%) used,   591.84 KB (  1%) free+waste,   143.88 KB ( <1%) overhead. 

Virtual space:
  Non-class space:       52.00 MB reserved,      50.75 MB ( 98%) committed 
      Class space:        1.00 GB reserved,       6.88 MB ( <1%) committed 
             Both:        1.05 GB reserved,      57.62 MB (  5%) committed 

Chunk freelists:
   Non-Class:  42.00 KB
       Class:  5.00 KB
        Both:  47.00 KB

MaxMetaspaceSize: 17179869184.00 GB
CompressedClassSpaceSize: 1.00 GB
Initial GC threshold: 20.80 MB
Current GC threshold: 58.75 MB
CDS: off

CodeHeap 'non-profiled nmethods': size=120000Kb used=2882Kb max_used=2882Kb free=117118Kb
 bounds [0x0000021fc5e10000, 0x0000021fc60f0000, 0x0000021fcd340000]
CodeHeap 'profiled nmethods': size=120000Kb used=11745Kb max_used=11745Kb free=108255Kb
 bounds [0x0000021fbe8e0000, 0x0000021fbf460000, 0x0000021fc5e10000]
CodeHeap 'non-nmethods': size=5760Kb used=1287Kb max_used=1362Kb free=4472Kb
 bounds [0x0000021fbe340000, 0x0000021fbe5b0000, 0x0000021fbe8e0000]
 total_blobs=5947 nmethods=5372 adapters=487
 compilation: enabled
              stopped_count=0, restarted_count=0
 full_count=0

Compilation events (20 events):
Event: 8.511 Thread 0x0000021fd993a000 5386       3       org.jetbrains.kotlin.com.intellij.openapi.util.io.FileAttributes::flags (78 bytes)
Event: 8.512 Thread 0x0000021fd993a000 nmethod 5386 0x0000021fbf438490 code [0x0000021fbf438660, 0x0000021fbf4389f8]
Event: 8.514 Thread 0x0000021fdefec800 nmethod 5362% 0x0000021fc60db890 code [0x0000021fc60dba40, 0x0000021fc60dc198]
Event: 8.514 Thread 0x0000021fdefec800 5365       4       org.jetbrains.kotlin.protobuf.FieldSet::getSerializedSize (109 bytes)
Event: 8.514 Thread 0x0000021fd993a000 5387       3       org.jetbrains.kotlin.metadata.ProtoBuf$Package::getDefaultInstanceForType (5 bytes)
Event: 8.514 Thread 0x0000021fd993a000 nmethod 5387 0x0000021fbf438b10 code [0x0000021fbf438cc0, 0x0000021fbf438e18]
Event: 8.514 Thread 0x0000021fd993a000 5388       3       org.jetbrains.kotlin.metadata.ProtoBuf$Package::getDefaultInstanceForType (4 bytes)
Event: 8.515 Thread 0x0000021fd993a000 nmethod 5388 0x0000021fbf438f10 code [0x0000021fbf4390c0, 0x0000021fbf4391d8]
Event: 8.515 Thread 0x0000021fd993a000 5390       3       java.lang.Integer::formatUnsignedInt (44 bytes)
Event: 8.515 Thread 0x0000021fd993a000 nmethod 5390 0x0000021fbf439290 code [0x0000021fbf439460, 0x0000021fbf439678]
Event: 8.515 Thread 0x0000021fd993a000 5389       3       java.lang.Integer::toHexString (6 bytes)
Event: 8.515 Thread 0x0000021fd993a000 nmethod 5389 0x0000021fbf439810 code [0x0000021fbf4399c0, 0x0000021fbf439ac8]
Event: 8.516 Thread 0x0000021fd993a000 5391       3       org.jetbrains.kotlin.metadata.ProtoBuf$Package::isInitialized (165 bytes)
Event: 8.517 Thread 0x0000021fd993a000 nmethod 5391 0x0000021fbf439b90 code [0x0000021fbf439ea0, 0x0000021fbf43b188]
Event: 8.518 Thread 0x0000021fd993a000 5393       1       org.jetbrains.kotlin.load.java.lazy.descriptors.JvmPackageScope::access$getPackageFragment$p (5 bytes)
Event: 8.518 Thread 0x0000021fd993a000 nmethod 5393 0x0000021fc60dc610 code [0x0000021fc60dc7c0, 0x0000021fc60dc858]
Event: 8.520 Thread 0x0000021fd993a000 5395       3       org.jetbrains.kotlin.resolve.jvm.JvmClassName::<init> (18 bytes)
Event: 8.520 Thread 0x0000021fd993a000 nmethod 5395 0x0000021fbf43b710 code [0x0000021fbf43b8e0, 0x0000021fbf43bb08]
Event: 8.520 Thread 0x0000021fd993a000 5396       1       org.jetbrains.kotlin.serialization.deserialization.DeserializationConfiguration$DefaultImpls::getPreserveDeclarationsOrdering (2 bytes)
Event: 8.520 Thread 0x0000021fd993a000 nmethod 5396 0x0000021fc60dc910 code [0x0000021fc60dcac0, 0x0000021fc60dcb58]

GC Heap History (10 events):
Event: 1.050 GC heap before
{Heap before GC invocations=0 (full 0):
 garbage-first heap   total 262144K, used 27648K [0x0000000701a00000, 0x0000000800000000)
  region size 1024K, 24 young (24576K), 0 survivors (0K)
 Metaspace       used 12387K, capacity 12504K, committed 12800K, reserved 1060864K
  class space    used 1150K, capacity 1207K, committed 1280K, reserved 1048576K
}
Event: 1.087 GC heap after
{Heap after GC invocations=1 (full 0):
 garbage-first heap   total 262144K, used 6063K [0x0000000701a00000, 0x0000000800000000)
  region size 1024K, 3 young (3072K), 3 survivors (3072K)
 Metaspace       used 12387K, capacity 12504K, committed 12800K, reserved 1060864K
  class space    used 1150K, capacity 1207K, committed 1280K, reserved 1048576K
}
Event: 2.582 GC heap before
{Heap before GC invocations=1 (full 0):
 garbage-first heap   total 262144K, used 41903K [0x0000000701a00000, 0x0000000800000000)
  region size 1024K, 39 young (39936K), 3 survivors (3072K)
 Metaspace       used 21023K, capacity 21182K, committed 21248K, reserved 1069056K
  class space    used 2215K, capacity 2280K, committed 2304K, reserved 1048576K
}
Event: 2.607 GC heap after
{Heap after GC invocations=2 (full 0):
 garbage-first heap   total 262144K, used 9364K [0x0000000701a00000, 0x0000000800000000)
  region size 1024K, 7 young (7168K), 7 survivors (7168K)
 Metaspace       used 21023K, capacity 21182K, committed 21248K, reserved 1069056K
  class space    used 2215K, capacity 2280K, committed 2304K, reserved 1048576K
}
Event: 4.330 GC heap before
{Heap before GC invocations=3 (full 0):
 garbage-first heap   total 262144K, used 65684K [0x0000000701a00000, 0x0000000800000000)
  region size 1024K, 57 young (58368K), 7 survivors (7168K)
 Metaspace       used 32838K, capacity 33311K, committed 33532K, reserved 1079296K
  class space    used 4061K, capacity 4246K, committed 4352K, reserved 1048576K
}
Event: 4.358 GC heap after
{Heap after GC invocations=4 (full 0):
 garbage-first heap   total 262144K, used 20720K [0x0000000701a00000, 0x0000000800000000)
  region size 1024K, 8 young (8192K), 8 survivors (8192K)
 Metaspace       used 32838K, capacity 33311K, committed 33532K, reserved 1079296K
  class space    used 4061K, capacity 4246K, committed 4352K, reserved 1048576K
}
Event: 4.685 GC heap before
{Heap before GC invocations=5 (full 0):
 garbage-first heap   total 262144K, used 31984K [0x0000000701a00000, 0x0000000800000000)
  region size 1024K, 20 young (20480K), 8 survivors (8192K)
 Metaspace       used 35054K, capacity 35466K, committed 35708K, reserved 1081344K
  class space    used 4300K, capacity 4474K, committed 4480K, reserved 1048576K
}
Event: 4.694 GC heap after
{Heap after GC invocations=6 (full 0):
 garbage-first heap   total 262144K, used 20458K [0x0000000701a00000, 0x0000000800000000)
  region size 1024K, 2 young (2048K), 2 survivors (2048K)
 Metaspace       used 35054K, capacity 35466K, committed 35708K, reserved 1081344K
  class space    used 4300K, capacity 4474K, committed 4480K, reserved 1048576K
}
Event: 6.441 GC heap before
{Heap before GC invocations=7 (full 0):
 garbage-first heap   total 262144K, used 92138K [0x0000000701a00000, 0x0000000800000000)
  region size 1024K, 70 young (71680K), 2 survivors (2048K)
 Metaspace       used 48425K, capacity 48936K, committed 49148K, reserved 1093632K
  class space    used 5622K, capacity 5835K, committed 5888K, reserved 1048576K
}
Event: 6.450 GC heap after
{Heap after GC invocations=8 (full 0):
 garbage-first heap   total 262144K, used 30928K [0x0000000701a00000, 0x0000000800000000)
  region size 1024K, 9 young (9216K), 9 survivors (9216K)
 Metaspace       used 48425K, capacity 48936K, committed 49148K, reserved 1093632K
  class space    used 5622K, capacity 5835K, committed 5888K, reserved 1048576K
}

Deoptimization events (20 events):
Event: 8.110 Thread 0x0000021fb5bc3000 DEOPT PACKING pc=0x0000021fc604085c sp=0x00000076be2fad80
Event: 8.110 Thread 0x0000021fb5bc3000 DEOPT UNPACKING pc=0x0000021fbe38a1af sp=0x00000076be2face8 mode 2
Event: 8.110 Thread 0x0000021fb5bc3000 Uncommon trap: trap_request=0xffffffde fr.pc=0x0000021fc604085c relative=0x000000000000021c
Event: 8.110 Thread 0x0000021fb5bc3000 Uncommon trap: reason=class_check action=maybe_recompile pc=0x0000021fc604085c method=gnu.trove.TIntObjectHashMap.index(I)I @ 28 c2
Event: 8.110 Thread 0x0000021fb5bc3000 DEOPT PACKING pc=0x0000021fc604085c sp=0x00000076be2facf0
Event: 8.110 Thread 0x0000021fb5bc3000 DEOPT UNPACKING pc=0x0000021fbe38a1af sp=0x00000076be2fac58 mode 2
Event: 8.315 Thread 0x0000021fb5bc3000 Uncommon trap: trap_request=0xffffff4d fr.pc=0x0000021fc608c6a8 relative=0x0000000000000648
Event: 8.315 Thread 0x0000021fb5bc3000 Uncommon trap: reason=unstable_if action=reinterpret pc=0x0000021fc608c6a8 method=jdk.internal.org.objectweb.asm.Item.isEqualTo(Ljdk/internal/org/objectweb/asm/Item;)Z @ 331 c2
Event: 8.315 Thread 0x0000021fb5bc3000 DEOPT PACKING pc=0x0000021fc608c6a8 sp=0x00000076be2fa710
Event: 8.315 Thread 0x0000021fb5bc3000 DEOPT UNPACKING pc=0x0000021fbe38a1af sp=0x00000076be2fa6b0 mode 2
Event: 8.341 Thread 0x0000021fb5bc3000 Uncommon trap: trap_request=0xffffff4d fr.pc=0x0000021fc5f5ab40 relative=0x00000000000000a0
Event: 8.341 Thread 0x0000021fb5bc3000 Uncommon trap: reason=unstable_if action=reinterpret pc=0x0000021fc5f5ab40 method=java.lang.Integer.stringSize(I)I @ 3 c2
Event: 8.341 Thread 0x0000021fb5bc3000 DEOPT PACKING pc=0x0000021fc5f5ab40 sp=0x00000076be2f9be0
Event: 8.341 Thread 0x0000021fb5bc3000 DEOPT UNPACKING pc=0x0000021fbe38a1af sp=0x00000076be2f9b68 mode 2
Event: 8.501 Thread 0x0000021fb5bc3000 DEOPT PACKING pc=0x0000021fbee5d5ff sp=0x00000076be2fa8e0
Event: 8.501 Thread 0x0000021fb5bc3000 DEOPT UNPACKING pc=0x0000021fbe38a95e sp=0x00000076be2f9d30 mode 0
Event: 8.517 Thread 0x0000021fb5bc3000 DEOPT PACKING pc=0x0000021fbf1bfc3b sp=0x00000076be2fb0f0
Event: 8.517 Thread 0x0000021fb5bc3000 DEOPT UNPACKING pc=0x0000021fbe38a95e sp=0x00000076be2fa5f8 mode 0
Event: 8.520 Thread 0x0000021fb5bc3000 DEOPT PACKING pc=0x0000021fbf1bfc3b sp=0x00000076be2fb0f0
Event: 8.520 Thread 0x0000021fb5bc3000 DEOPT UNPACKING pc=0x0000021fbe38a95e sp=0x00000076be2fa5f8 mode 0

Classes redefined (0 events):
No events

Internal exceptions (20 events):
Event: 3.461 Thread 0x0000021fb5bc3000 Exception <a 'java/lang/NoSuchMethodError'{0x00000007103c6b28}: 'void java.lang.invoke.DirectMethodHandle$Holder.invokeVirtual(java.lang.Object, java.lang.Object)'> (0x00000007103c6b28) thrown at [./src/hotspot/share/interpreter/linkResolver.cpp, line 773]
Event: 3.473 Thread 0x0000021fb5bc3000 Exception <a 'java/lang/NoSuchMethodError'{0x0000000710246238}: 'int java.lang.invoke.DirectMethodHandle$Holder.invokeVirtual(java.lang.Object, java.lang.Object)'> (0x0000000710246238) thrown at [./src/hotspot/share/interpreter/linkResolver.cpp, line 773]
Event: 4.638 Thread 0x0000021fb5bc3000 Exception <a 'java/lang/NoSuchMethodError'{0x0000000711186d88}: 'java.lang.Object java.lang.invoke.DirectMethodHandle$Holder.invokeVirtual(java.lang.Object, java.lang.Object, java.lang.Object)'> (0x0000000711186d88) thrown at [./src/hotspot/share/interpreter/linkResolver.cpp, line 773]
Event: 5.340 Thread 0x0000021fb5bc3000 Exception <a 'java/lang/NoSuchMethodError'{0x000000070f3933c8}: 'java.lang.Object java.lang.invoke.Invokers$Holder.linkToTargetMethod(java.lang.Object, int, java.lang.Object)'> (0x000000070f3933c8) thrown at [./src/hotspot/share/interpreter/linkResolver.cpp, line 773]
Event: 5.576 Thread 0x0000021fb5bc3000 Implicit null exception at 0x0000021fc5f5f5cc to 0x0000021fc5f5f6b4
Event: 5.706 Thread 0x0000021fb5bc3000 Exception <a 'java/lang/NoSuchMethodError'{0x000000070ebd1000}: 'java.lang.Object java.lang.invoke.DirectMethodHandle$Holder.invokeStatic(java.lang.Object, java.lang.Object, java.lang.Object, int)'> (0x000000070ebd1000) thrown at [./src/hotspot/share/interpreter/linkResolver.cpp, line 773]
Event: 5.707 Thread 0x0000021fb5bc3000 Exception <a 'java/lang/NoSuchMethodError'{0x000000070ebd4c70}: 'java.lang.Object java.lang.invoke.DirectMethodHandle$Holder.invokeSpecial(java.lang.Object, java.lang.Object, java.lang.Object, java.lang.Object, int)'> (0x000000070ebd4c70) thrown at [./src/hotspot/share/interpreter/linkResolver.cpp, line 773]
Event: 5.707 Thread 0x0000021fb5bc3000 Exception <a 'java/lang/NoSuchMethodError'{0x000000070ebd7f80}: 'java.lang.Object java.lang.invoke.Invokers$Holder.linkToTargetMethod(java.lang.Object, java.lang.Object, int, java.lang.Object)'> (0x000000070ebd7f80) thrown at [./src/hotspot/share/interpreter/linkResolver.cpp, line 773]
Event: 6.703 Thread 0x0000021fb5bc3000 Exception <a 'java/lang/NoSuchMethodError'{0x000000070fee9d68}: 'java.lang.Object java.lang.invoke.DirectMethodHandle$Holder.invokeSpecial(java.lang.Object, java.lang.Object, java.lang.Object, java.lang.Object, java.lang.Object, java.lang.Object, java.lang.Object, java.lang.Object, java.lang.Object)'> (0x000000070fee9d68) thrown at [./src/hotspot/share/interpreter/linkResolver.cpp, line 773]
Event: 6.704 Thread 0x0000021fb5bc3000 Exception <a 'java/lang/NoSuchMethodError'{0x000000070feedf60}: 'java.lang.Object java.lang.invoke.Invokers$Holder.linkToTargetMethod(java.lang.Object, java.lang.Object, java.lang.Object, java.lang.Object, java.lang.Object, java.lang.Object, java.lang.Object, java.lang.Object)'> (0x000000070feedf60) thrown at [./src/hotspot/share/interpreter/linkResolver.cpp, line 773]
Event: 6.778 Thread 0x0000021fb5bc3000 Exception <a 'java/lang/NoSuchMethodError'{0x000000070fcea1a0}: 'java.lang.Object java.lang.invoke.Invokers$Holder.linkToTargetMethod(java.lang.Object, java.lang.Object, java.lang.Object, java.lang.Object, java.lang.Object, java.lang.Object)'> (0x000000070fcea1a0) thrown at [./src/hotspot/share/interpreter/linkResolver.cpp, line 773]
Event: 6.852 Thread 0x0000021fb5bc3000 Implicit null exception at 0x0000021fc5eafe75 to 0x0000021fc5eb005c
Event: 6.983 Thread 0x0000021fb5bc3000 Implicit null exception at 0x0000021fc5ecdfc3 to 0x0000021fc5ece148
Event: 6.983 Thread 0x0000021fb5bc3000 Implicit null exception at 0x0000021fc5e6d7f8 to 0x0000021fc5e6d88a
Event: 7.691 Thread 0x0000021fb5bc3000 Implicit null exception at 0x0000021fc5fce65c to 0x0000021fc5fcebf8
Event: 7.723 Thread 0x0000021fb5bc3000 Implicit null exception at 0x0000021fc6067064 to 0x0000021fc606bcdc
Event: 8.260 Thread 0x0000021fb5bc3000 Exception <a 'java/lang/NoSuchMethodError'{0x000000070dea8418}: 'int java.lang.invoke.DirectMethodHandle$Holder.invokeVirtual(java.lang.Object, java.lang.Object, java.lang.Object)'> (0x000000070dea8418) thrown at [./src/hotspot/share/interpreter/linkResolver.cpp, line 773]
Event: 8.271 Thread 0x0000021fb5bc3000 Exception <a 'java/lang/NoSuchMethodError'{0x000000070dee8178}: 'java.lang.Object java.lang.invoke.DirectMethodHandle$Holder.invokeSpecial(java.lang.Object, java.lang.Object, java.lang.Object, java.lang.Object, java.lang.Object, int)'> (0x000000070dee8178) thrown at [./src/hotspot/share/interpreter/linkResolver.cpp, line 773]
Event: 8.271 Thread 0x0000021fb5bc3000 Exception <a 'java/lang/NoSuchMethodError'{0x000000070deeba70}: 'java.lang.Object java.lang.invoke.Invokers$Holder.linkToTargetMethod(java.lang.Object, java.lang.Object, java.lang.Object, int, java.lang.Object)'> (0x000000070deeba70) thrown at [./src/hotspot/share/interpreter/linkResolver.cpp, line 773]
Event: 8.325 Thread 0x0000021fb5bc3000 Exception <a 'java/lang/NoSuchMethodError'{0x000000070dc34b28}: 'void java.lang.invoke.DirectMethodHandle$Holder.invokeInterface(java.lang.Object, java.lang.Object)'> (0x000000070dc34b28) thrown at [./src/hotspot/share/interpreter/linkResolver.cpp, line 773]

Events (20 events):
Event: 8.450 loading class org/jetbrains/kotlin/synthetic/JavaSyntheticPropertiesScope$SyntheticPropertyHolder$Companion
Event: 8.450 loading class org/jetbrains/kotlin/synthetic/JavaSyntheticPropertiesScope$SyntheticPropertyHolder$Companion done
Event: 8.450 loading class org/jetbrains/kotlin/resolve/calls/tower/TowerData$ForLookupForNoExplicitReceiver
Event: 8.450 loading class org/jetbrains/kotlin/resolve/calls/tower/TowerData$ForLookupForNoExplicitReceiver done
Event: 8.451 loading class org/jetbrains/kotlin/load/java/lazy/descriptors/LazyJavaStaticClassScope$computeMemberIndex$1
Event: 8.451 loading class org/jetbrains/kotlin/load/java/lazy/descriptors/LazyJavaStaticClassScope$computeMemberIndex$1 done
Event: 8.452 loading class org/jetbrains/kotlin/load/java/lazy/descriptors/LazyJavaStaticClassScope$computePropertyNames$1$1
Event: 8.452 loading class org/jetbrains/kotlin/load/java/lazy/descriptors/LazyJavaStaticClassScope$computePropertyNames$1$1 done
Event: 8.453 loading class org/jetbrains/kotlin/load/java/lazy/descriptors/LazyJavaStaticClassScope$flatMapJavaStaticSupertypesScopes$1
Event: 8.453 loading class org/jetbrains/kotlin/load/java/lazy/descriptors/LazyJavaStaticClassScope$flatMapJavaStaticSupertypesScopes$1 done
Event: 8.453 loading class org/jetbrains/kotlin/load/java/lazy/descriptors/LazyJavaStaticClassScope$flatMapJavaStaticSupertypesScopes$2
Event: 8.453 loading class org/jetbrains/kotlin/load/java/lazy/descriptors/LazyJavaStaticClassScope$flatMapJavaStaticSupertypesScopes$2 done
Event: 8.453 loading class org/jetbrains/kotlin/load/java/lazy/descriptors/LazyJavaStaticClassScope$flatMapJavaStaticSupertypesScopes$1$1
Event: 8.453 loading class org/jetbrains/kotlin/load/java/lazy/descriptors/LazyJavaStaticClassScope$flatMapJavaStaticSupertypesScopes$1$1 done
Event: 8.454 loading class kotlin/sequences/SequencesKt___SequencesKt$asIterable$$inlined$Iterable$1
Event: 8.454 loading class kotlin/sequences/SequencesKt___SequencesKt$asIterable$$inlined$Iterable$1 done
Event: 8.455 loading class org/jetbrains/kotlin/resolve/calls/tower/ImportingScopeBasedTowerLevel
Event: 8.455 loading class org/jetbrains/kotlin/resolve/calls/tower/ImportingScopeBasedTowerLevel done
Event: 8.468 loading class org/jetbrains/kotlin/resolve/scopes/MemberScopeKt
Event: 8.468 loading class org/jetbrains/kotlin/resolve/scopes/MemberScopeKt done


Dynamic libraries:
0x00007ff6ef770000 - 0x00007ff6ef77d000 	C:\Program Files\Microsoft\jdk-11.0.18.10-hotspot\bin\java.exe
0x00007ff858010000 - 0x00007ff858208000 	C:\Windows\SYSTEM32\ntdll.dll
0x00007ff857ad0000 - 0x00007ff857b8f000 	C:\Windows\System32\KERNEL32.DLL
0x00007ff855a90000 - 0x00007ff855d86000 	C:\Windows\System32\KERNELBASE.dll
0x00007ff8556f0000 - 0x00007ff8557f0000 	C:\Windows\System32\ucrtbase.dll
0x00007ff84e360000 - 0x00007ff84e377000 	C:\Program Files\Microsoft\jdk-11.0.18.10-hotspot\bin\jli.dll
0x00007ff856400000 - 0x00007ff85659d000 	C:\Windows\System32\USER32.dll
0x00007ff855d90000 - 0x00007ff855db2000 	C:\Windows\System32\win32u.dll
0x00007ff8562e0000 - 0x00007ff85630c000 	C:\Windows\System32\GDI32.dll
0x00007ff855970000 - 0x00007ff855a85000 	C:\Windows\System32\gdi32full.dll
0x00007ff8557f0000 - 0x00007ff85588d000 	C:\Windows\System32\msvcp_win.dll
0x00007ff84e650000 - 0x00007ff84e665000 	C:\Program Files\Microsoft\jdk-11.0.18.10-hotspot\bin\VCRUNTIME140.dll
0x00007ff83d570000 - 0x00007ff83d80a000 	C:\Windows\WinSxS\amd64_microsoft.windows.common-controls_6595b64144ccf1df_6.0.19041.1110_none_60b5254171f9507e\COMCTL32.dll
0x00007ff857520000 - 0x00007ff8575be000 	C:\Windows\System32\msvcrt.dll
0x00007ff857df0000 - 0x00007ff857e20000 	C:\Windows\System32\IMM32.DLL
0x00007ff833fa0000 - 0x00007ff83403b000 	C:\Program Files\Microsoft\jdk-11.0.18.10-hotspot\bin\msvcp140.dll
0x00007fffea5b0000 - 0x00007fffeb142000 	C:\Program Files\Microsoft\jdk-11.0.18.10-hotspot\bin\server\jvm.dll
0x00007ff8572e0000 - 0x00007ff85738f000 	C:\Windows\System32\ADVAPI32.dll
0x00007ff8575c0000 - 0x00007ff85765c000 	C:\Windows\System32\sechost.dll
0x00007ff8561b0000 - 0x00007ff8562d6000 	C:\Windows\System32\RPCRT4.dll
0x00007ff856390000 - 0x00007ff856398000 	C:\Windows\System32\PSAPI.DLL
0x00007ff850120000 - 0x00007ff850129000 	C:\Windows\SYSTEM32\WSOCK32.dll
0x00007ff856140000 - 0x00007ff8561ab000 	C:\Windows\System32\WS2_32.dll
0x00007ff840770000 - 0x00007ff840797000 	C:\Windows\SYSTEM32\WINMM.dll
0x00007ff853680000 - 0x00007ff85368a000 	C:\Windows\SYSTEM32\VERSION.dll
0x00007ff853f30000 - 0x00007ff853f42000 	C:\Windows\SYSTEM32\kernel.appcore.dll
0x00007ff84fb70000 - 0x00007ff84fb80000 	C:\Program Files\Microsoft\jdk-11.0.18.10-hotspot\bin\verify.dll
0x00007ff852c00000 - 0x00007ff852de4000 	C:\Windows\SYSTEM32\DBGHELP.DLL
0x00007ff843440000 - 0x00007ff843474000 	C:\Windows\SYSTEM32\dbgcore.DLL
0x00007ff855dc0000 - 0x00007ff855e42000 	C:\Windows\System32\bcryptPrimitives.dll
0x00007ff84e280000 - 0x00007ff84e2a8000 	C:\Program Files\Microsoft\jdk-11.0.18.10-hotspot\bin\java.dll
0x00007ff84e6e0000 - 0x00007ff84e6ea000 	C:\Program Files\Microsoft\jdk-11.0.18.10-hotspot\bin\jimage.dll
0x00007ff84e260000 - 0x00007ff84e278000 	C:\Program Files\Microsoft\jdk-11.0.18.10-hotspot\bin\zip.dll
0x00007ff856b10000 - 0x00007ff857254000 	C:\Windows\System32\SHELL32.dll
0x00007ff853780000 - 0x00007ff853f13000 	C:\Windows\SYSTEM32\windows.storage.dll
0x00007ff856730000 - 0x00007ff856a84000 	C:\Windows\System32\combase.dll
0x00007ff855140000 - 0x00007ff85516e000 	C:\Windows\SYSTEM32\Wldp.dll
0x00007ff857390000 - 0x00007ff85743d000 	C:\Windows\System32\SHCORE.dll
0x00007ff856aa0000 - 0x00007ff856af5000 	C:\Windows\System32\shlwapi.dll
0x00007ff855630000 - 0x00007ff85564f000 	C:\Windows\SYSTEM32\profapi.dll
0x00007ff84e240000 - 0x00007ff84e259000 	C:\Program Files\Microsoft\jdk-11.0.18.10-hotspot\bin\net.dll
0x00007ff84d190000 - 0x00007ff84d29a000 	C:\Windows\SYSTEM32\WINHTTP.dll
0x00007ff854ea0000 - 0x00007ff854f0a000 	C:\Windows\system32\mswsock.dll
0x00007ff84e220000 - 0x00007ff84e233000 	C:\Program Files\Microsoft\jdk-11.0.18.10-hotspot\bin\nio.dll

dbghelp: loaded successfully - version: 4.0.5 - missing functions: none
symbol engine: initialized successfully - sym options: 0x614 - pdb path: .;C:\Program Files\Microsoft\jdk-11.0.18.10-hotspot\bin;C:\Windows\SYSTEM32;C:\Windows\WinSxS\amd64_microsoft.windows.common-controls_6595b64144ccf1df_6.0.19041.1110_none_60b5254171f9507e;C:\Program Files\Microsoft\jdk-11.0.18.10-hotspot\bin\server

VM Arguments:
java_command: org.jetbrains.kotlin.cli.jvm.K2JVMCompiler @D:\Mobile-Projects\Finner\node_modules\react-native-gesture-handler\android\build\20230713_18405603603916982060.compiler.options
java_class_path (initial): C:\Users\Finner\.gradle\caches\modules-2\files-2.1\org.jetbrains.kotlin\kotlin-compiler-embeddable\1.6.21\97bdd5a752ce73b58ef16c17bc7f0ea2faff7a2e\kotlin-compiler-embeddable-1.6.21.jar;C:\Users\Finner\.gradle\caches\modules-2\files-2.1\org.jetbrains.kotlin\kotlin-reflect\1.6.21\5dc3574d9b7bebfcb4ec6b10ada4aaa9e140bd0b\kotlin-reflect-1.6.21.jar;C:\Users\Finner\.gradle\caches\modules-2\files-2.1\org.jetbrains.kotlin\kotlin-stdlib\1.6.21\11ef67f1900634fd951bad28c53ec957fabbe5b8\kotlin-stdlib-1.6.21.jar;C:\Users\Finner\.gradle\caches\modules-2\files-2.1\org.jetbrains.kotlin\kotlin-script-runtime\1.6.21\99c6675100da5d6d5b1c5a1032f27f28008d101b\kotlin-script-runtime-1.6.21.jar;C:\Users\Finner\.gradle\caches\modules-2\files-2.1\org.jetbrains.kotlin\kotlin-daemon-embeddable\1.6.21\46b78cf392e1c4f10854c3cadba44abb7b82250f\kotlin-daemon-embeddable-1.6.21.jar;C:\Users\Finner\.gradle\caches\modules-2\files-2.1\org.jetbrains.intellij.deps\trove4j\1.0.20200330\3afb14d5f9ceb459d724e907a21145e8ff394f02\trove4j-1.0.20200330.jar;C:\Users\Finner\.gradle\caches\modules-2\files-2.1\net.java.dev.jna\jna\5.6.0\330f2244e9030119ab3030fc3fededc86713d9cc\jna-5.6.0.jar;C:\Users\Finner\.gradle\caches\modules-2\files-2.1\org.jetbrains.kotlin\kotlin-stdlib-common\1.6.21\5e5b55c26dbc80372a920aef60eb774b714559b8\kotlin-stdlib-common-1.6.21.jar;C:\Users\Finner\.gradle\caches\modules-2\files-2.1\org.jetbrains\annotations\13.0\919f0dfe192fb4e063e7dacadee7f8bb9a2672a9\annotations-13.0.jar
Launcher Type: SUN_STANDARD

[Global flags]
     intx CICompilerCount                          = 4                                         {product} {ergonomic}
     uint ConcGCThreads                            = 2                                         {product} {ergonomic}
     uint G1ConcRefinementThreads                  = 8                                         {product} {ergonomic}
   size_t G1HeapRegionSize                         = 1048576                                   {product} {ergonomic}
    uintx GCDrainStackTargetSize                   = 64                                        {product} {ergonomic}
   size_t InitialHeapSize                          = 268435456                                 {product} {ergonomic}
   size_t MarkStackSize                            = 4194304                                   {product} {ergonomic}
   size_t MaxHeapSize                              = 4267704320                                {product} {ergonomic}
   size_t MaxNewSize                               = 2560622592                                {product} {ergonomic}
   size_t MinHeapDeltaBytes                        = 1048576                                   {product} {ergonomic}
    uintx NonNMethodCodeHeapSize                   = 5836300                                {pd product} {ergonomic}
    uintx NonProfiledCodeHeapSize                  = 122910970                              {pd product} {ergonomic}
    uintx ProfiledCodeHeapSize                     = 122910970                              {pd product} {ergonomic}
    uintx ReservedCodeCacheSize                    = 251658240                              {pd product} {ergonomic}
     bool SegmentedCodeCache                       = true                                      {product} {ergonomic}
     bool UseCompressedClassPointers               = true                                 {lp64_product} {ergonomic}
     bool UseCompressedOops                        = true                                 {lp64_product} {ergonomic}
     bool UseG1GC                                  = true                                      {product} {ergonomic}
     bool UseLargePagesIndividualAllocation        = false                                  {pd product} {ergonomic}

Logging:
Log output configuration:
 #0: stdout all=warning uptime,level,tags
 #1: stderr all=off uptime,level,tags

Environment Variables:
JAVA_HOME=C:\Program Files\Microsoft\jdk-11.0.18.10-hotspot\
CLASSPATH=D:\Mobile-Projects\Finner\android\\gradle\wrapper\gradle-wrapper.jar
PATH=C:\Users\Finner\AppData\Local\Temp\yarn--1689211819927-0.43155278807887587;D:\Mobile-Projects\Finner\node_modules\.bin;C:\Users\Finner\AppData\Local\Yarn\Data\link\node_modules\.bin;C:\Users\Finner\AppData\Local\Yarn\bin;C:\Program Files\libexec\lib\node_modules\npm\bin\node-gyp-bin;C:\Program Files\lib\node_modules\npm\bin\node-gyp-bin;C:\Program Files\nodejs\node_modules\npm\bin\node-gyp-bin;C:\Program Files\WindowsApps\Microsoft.PowerShell_7.3.3.0_x64__8wekyb3d8bbwe;C:\Program Files\WindowsApps\Microsoft.PowerShell_7.3.2.0_x64__8wekyb3d8bbwe;C:\Program Files (x86)\Common Files\Intel\Shared Libraries\redist\intel64\compiler;C:\Program Files\Microsoft\jdk-11.0.18.10-hotspot\bin;C:\Program Files (x86)\Intel\iCLS Client\;C:\Program Files\Intel\iCLS Client\;C:\Windows\system32;C:\Windows;C:\Windows\System32\Wbem;C:\Windows\System32\WindowsPowerShell\v1.0\;C:\Windows\System32\OpenSSH\;C:\Program Files (x86)\NVIDIA Corporation\PhysX\Common;C:\Program Files\NVIDIA Corporation\NVIDIA NvDLISR;C:\ProgramData\chocolatey\bin;C:\Program Files\Git\cmd;C:\Program Files\OpenJDK\openjdk-11.0.16_8\bin;c:\Program Files (x86)\Intel\Intel(R) Management Engine Components\DAL;c:\Program Files\Intel\Intel(R) Management Engine Components\DAL;c:\Program Files (x86)\Intel\Intel(R) Management Engine Components\IPT;c:\Program Files\Intel\Intel(R) Management Engine Components\IPT;C:\Program Files\PowerShell\7-preview\preview;C:\Program Files\nodejs\;C:\Users\Finner\.amplify\bin;C:\Users\Finner\AppData\Local\Microsoft\WindowsApps;C:\Users\Finner\AppData\Local\Android\Sdk\platform-tools;C:\Users\Finner\AppData\Local\Programs\oh-my-posh\bin;C:\Users\Finner\AppData\Local\Programs\Microsoft VS Code\bin;C:\Users\Finner\AppData\Roaming\npm
USERNAME=Finner
OS=Windows_NT
PROCESSOR_IDENTIFIER=Intel64 Family 6 Model 158 Stepping 9, GenuineIntel
TMP=C:\Windows\TEMP
TEMP=C:\Users\Finner\AppData\Local\Temp



---------------  S Y S T E M  ---------------

OS: Windows 10 , 64 bit Build 19041 (10.0.19041.3031)
OS uptime: 2 days 23:26 hours

CPU:total 8 (initial active 8) (4 cores per cpu, 2 threads per core) family 6 model 158 stepping 9 microcode 0xb4, cmov, cx8, fxsr, mmx, sse, sse2, sse3, ssse3, sse4.1, sse4.2, popcnt, avx, avx2, aes, clmul, erms, 3dnowpref, lzcnt, ht, tsc, tscinvbit, bmi1, bmi2, adx, fma

Memory: 4k page, system-wide physical 16276M (1009M free)
TotalPageFile size 19135M (AvailPageFile size 5M)
current process WorkingSet (physical memory assigned to process): 283M, peak: 283M
current process commit charge ("private bytes"): 475M, peak: 481M

vm_info: OpenJDK 64-Bit Server VM (11.0.18+10-LTS) for windows-amd64 JRE (11.0.18+10-LTS), built on Jan 18 2023 15:56:47 by "MicrosoftCorporation" with MS VC++ 15.9 (VS2017)

END.
