#
# There is insufficient memory for the Java Runtime Environment to continue.
# Native memory allocation (malloc) failed to allocate 1712336 bytes for Chunk::new
# Possible reasons:
#   The system is out of physical RAM or swap space
#   The process is running with CompressedOops enabled, and the Java Heap may be blocking the growth of the native heap
# Possible solutions:
#   Reduce memory load on the system
#   Increase physical memory or swap space
#   Check if swap backing store is full
#   Decrease Java heap size (-Xmx/-Xms)
#   Decrease number of Java threads
#   Decrease Java thread stack sizes (-Xss)
#   Set larger code cache with -XX:ReservedCodeCacheSize=
#   JVM is running with Zero Based Compressed Oops mode in which the Java heap is
#     placed in the first 32GB address space. The Java Heap base address is the
#     maximum limit for the native heap growth. Please use -XX:HeapBaseMinAddress
#     to set the Java Heap base and to place the Java Heap above 32GB virtual address.
# This output file may be truncated or incomplete.
#
#  Out of Memory Error (./src/hotspot/share/memory/arena.cpp:197), pid=6704, tid=18052
#
# JRE version: OpenJDK Runtime Environment Microsoft-7208460 (11.0.18+10) (build 11.0.18+10-LTS)
# Java VM: OpenJDK 64-Bit Server VM Microsoft-7208460 (11.0.18+10-LTS, mixed mode, tiered, compressed oops, g1 gc, windows-amd64)
# No core dump will be written. Minidumps are not enabled by default on client versions of Windows
#

---------------  S U M M A R Y ------------

Command Line: org.jetbrains.kotlin.cli.jvm.K2JVMCompiler @D:\Mobile-Projects\Finner\node_modules\react-native-pager-view\android\build\20230706_12236470465400298210.compiler.options

Host: Intel(R) Core(TM) i7-7700HQ CPU @ 2.80GHz, 8 cores, 15G,  Windows 10 , 64 bit Build 19041 (10.0.19041.3031)
Time: Thu Jul  6 08:58:33 2023 SE Asia Standard Time elapsed time: 19.047005 seconds (0d 0h 0m 19s)

---------------  T H R E A D  ---------------

Current thread (0x000001ee52e56800):  JavaThread "C2 CompilerThread1" daemon [_thread_in_native, id=18052, stack(0x0000001945a00000,0x0000001945b00000)]


Current CompileTask:
C2:  19047 10966       4       org.jetbrains.kotlin.ir.util.TypeTranslator::translateType (621 bytes)

Stack: [0x0000001945a00000,0x0000001945b00000]
Native frames: (J=compiled Java code, j=interpreted, Vv=VM code, C=native code)
V  [jvm.dll+0x62bf8a]
V  [jvm.dll+0x7b8fb9]
V  [jvm.dll+0x7ba6a8]
V  [jvm.dll+0x7bad83]
V  [jvm.dll+0x250248]
V  [jvm.dll+0xc260c]
V  [jvm.dll+0xc2bcc]
V  [jvm.dll+0x35e182]
V  [jvm.dll+0x32a373]
V  [jvm.dll+0x3296aa]
V  [jvm.dll+0x2093b3]
V  [jvm.dll+0x20850d]
V  [jvm.dll+0x18a4b1]
V  [jvm.dll+0x217eec]
V  [jvm.dll+0x21612b]
V  [jvm.dll+0x77bac0]
V  [jvm.dll+0x7749f4]
V  [jvm.dll+0x62adf5]
C  [ucrtbase.dll+0x21bb2]
C  [KERNEL32.DLL+0x17614]
C  [ntdll.dll+0x526f1]


---------------  P R O C E S S  ---------------

Threads class SMR info:
_java_thread_list=0x000001ee53923be0, length=12, elements={
0x000001ee2944e000, 0x000001ee4fa14000, 0x000001ee4fa15000, 0x000001ee4fa30000,
0x000001ee4fa30800, 0x000001ee4fa36000, 0x000001ee4fa7f000, 0x000001ee4fa80800,
0x000001ee4fa83000, 0x000001ee4fbf3000, 0x000001ee52e56800, 0x000001ee56ca8000
}

Java Threads: ( => current thread )
  0x000001ee2944e000 JavaThread "main" [_thread_in_Java, id=9240, stack(0x0000001944200000,0x0000001944300000)]
  0x000001ee4fa14000 JavaThread "Reference Handler" daemon [_thread_blocked, id=4292, stack(0x0000001944900000,0x0000001944a00000)]
  0x000001ee4fa15000 JavaThread "Finalizer" daemon [_thread_blocked, id=21680, stack(0x0000001944a00000,0x0000001944b00000)]
  0x000001ee4fa30000 JavaThread "Signal Dispatcher" daemon [_thread_blocked, id=1424, stack(0x0000001944b00000,0x0000001944c00000)]
  0x000001ee4fa30800 JavaThread "Attach Listener" daemon [_thread_blocked, id=12996, stack(0x0000001944c00000,0x0000001944d00000)]
  0x000001ee4fa36000 JavaThread "Service Thread" daemon [_thread_blocked, id=19068, stack(0x0000001944d00000,0x0000001944e00000)]
  0x000001ee4fa7f000 JavaThread "C2 CompilerThread0" daemon [_thread_in_native, id=12756, stack(0x0000001944e00000,0x0000001944f00000)]
  0x000001ee4fa80800 JavaThread "C1 CompilerThread0" daemon [_thread_blocked, id=6568, stack(0x0000001944f00000,0x0000001945000000)]
  0x000001ee4fa83000 JavaThread "Sweeper thread" daemon [_thread_blocked, id=19500, stack(0x0000001945000000,0x0000001945100000)]
  0x000001ee4fbf3000 JavaThread "Common-Cleaner" daemon [_thread_blocked, id=18028, stack(0x0000001945200000,0x0000001945300000)]
=>0x000001ee52e56800 JavaThread "C2 CompilerThread1" daemon [_thread_in_native, id=18052, stack(0x0000001945a00000,0x0000001945b00000)]
  0x000001ee56ca8000 JavaThread "C2 CompilerThread2" daemon [_thread_in_native, id=6400, stack(0x0000001945b00000,0x0000001945c00000)]

Other Threads:
  0x000001ee4f167800 VMThread "VM Thread" [stack: 0x0000001944800000,0x0000001944900000] [id=9172]
  0x000001ee4fbe9800 WatcherThread [stack: 0x0000001945100000,0x0000001945200000] [id=18384]
  0x000001ee2b42c800 GCTaskThread "GC Thread#0" [stack: 0x0000001944300000,0x0000001944400000] [id=6800]
  0x000001ee50384000 GCTaskThread "GC Thread#1" [stack: 0x0000001945500000,0x0000001945600000] [id=7816]
  0x000001ee501d3000 GCTaskThread "GC Thread#2" [stack: 0x0000001945600000,0x0000001945700000] [id=16868]
  0x000001ee5014f800 GCTaskThread "GC Thread#3" [stack: 0x0000001945700000,0x0000001945800000] [id=11872]
  0x000001ee50150000 GCTaskThread "GC Thread#4" [stack: 0x0000001945800000,0x0000001945900000] [id=9352]
  0x000001ee50328000 GCTaskThread "GC Thread#5" [stack: 0x0000001945900000,0x0000001945a00000] [id=4564]
  0x000001ee2b487000 ConcurrentGCThread "G1 Main Marker" [stack: 0x0000001944400000,0x0000001944500000] [id=12832]
  0x000001ee2b48a800 ConcurrentGCThread "G1 Conc#0" [stack: 0x0000001944500000,0x0000001944600000] [id=21820]
  0x000001ee50b18800 ConcurrentGCThread "G1 Conc#1" [stack: 0x0000001945400000,0x0000001945500000] [id=10608]
  0x000001ee4f050800 ConcurrentGCThread "G1 Refine#0" [stack: 0x0000001944600000,0x0000001944700000] [id=22232]
  0x000001ee51908000 ConcurrentGCThread "G1 Refine#1" [stack: 0x0000001945c00000,0x0000001945d00000] [id=20048]
  0x000001ee548fd800 ConcurrentGCThread "G1 Refine#2" [stack: 0x0000001945d00000,0x0000001945e00000] [id=17336]
  0x000001ee4f052800 ConcurrentGCThread "G1 Young RemSet Sampling" [stack: 0x0000001944700000,0x0000001944800000] [id=6056]

Threads with active compile tasks:
C2 CompilerThread0    19070 11067       4       org.jetbrains.kotlin.ir.util.TypeTranslator::translateTypeAnnotations (229 bytes)
C2 CompilerThread1    19070 10966       4       org.jetbrains.kotlin.ir.util.TypeTranslator::translateType (621 bytes)
C2 CompilerThread2    19070 11011       4       org.jetbrains.kotlin.load.kotlin.TypeSignatureMappingKt::mapBuiltInType (339 bytes)

VM state:not at safepoint (normal execution)

VM Mutex/Monitor currently owned by a thread: None

Heap address: 0x0000000701a00000, size: 4070 MB, Compressed Oops mode: Zero based, Oop shift amount: 3
Narrow klass base: 0x0000000800000000, Narrow klass shift: 0
Compressed class space size: 1073741824 Address: 0x0000000800000000

Heap:
 garbage-first heap   total 315392K, used 74413K [0x0000000701a00000, 0x0000000800000000)
  region size 1024K, 33 young (33792K), 12 survivors (12288K)
 Metaspace       used 74923K, capacity 75638K, committed 75648K, reserved 1116160K
  class space    used 8038K, capacity 8316K, committed 8320K, reserved 1048576K
Heap Regions: E=young(eden), S=young(survivor), O=old, HS=humongous(starts), HC=humongous(continues), CS=collection set, F=free, A=archive, TAMS=top-at-mark-start (previous, next)
|   0|0x0000000701a00000, 0x0000000701b00000, 0x0000000701b00000|100%|HS|  |TAMS 0x0000000701b00000, 0x0000000701a00000| Complete 
|   1|0x0000000701b00000, 0x0000000701c00000, 0x0000000701c00000|100%|HC|  |TAMS 0x0000000701c00000, 0x0000000701b00000| Complete 
|   2|0x0000000701c00000, 0x0000000701d00000, 0x0000000701d00000|100%|HC|  |TAMS 0x0000000701d00000, 0x0000000701c00000| Complete 
|   3|0x0000000701d00000, 0x0000000701e00000, 0x0000000701e00000|100%| O|  |TAMS 0x0000000701e00000, 0x0000000701d00000| Untracked 
|   4|0x0000000701e00000, 0x0000000701f00000, 0x0000000701f00000|100%| O|  |TAMS 0x0000000701f00000, 0x0000000701e00000| Untracked 
|   5|0x0000000701f00000, 0x0000000702000000, 0x0000000702000000|100%|HS|  |TAMS 0x0000000702000000, 0x0000000701f00000| Complete 
|   6|0x0000000702000000, 0x0000000702100000, 0x0000000702100000|100%|HC|  |TAMS 0x0000000702100000, 0x0000000702000000| Complete 
|   7|0x0000000702100000, 0x0000000702200000, 0x0000000702200000|100%|HC|  |TAMS 0x0000000702200000, 0x0000000702100000| Complete 
|   8|0x0000000702200000, 0x0000000702300000, 0x0000000702300000|100%|HS|  |TAMS 0x0000000702300000, 0x0000000702200000| Complete 
|   9|0x0000000702300000, 0x0000000702400000, 0x0000000702400000|100%|HC|  |TAMS 0x0000000702400000, 0x0000000702300000| Complete 
|  10|0x0000000702400000, 0x0000000702500000, 0x0000000702500000|100%| O|  |TAMS 0x0000000702500000, 0x0000000702400000| Untracked 
|  11|0x0000000702500000, 0x0000000702600000, 0x0000000702600000|100%| O|  |TAMS 0x0000000702600000, 0x0000000702500000| Untracked 
|  12|0x0000000702600000, 0x0000000702700000, 0x0000000702700000|100%| O|  |TAMS 0x0000000702700000, 0x0000000702600000| Untracked 
|  13|0x0000000702700000, 0x0000000702800000, 0x0000000702800000|100%| O|  |TAMS 0x0000000702800000, 0x0000000702700000| Untracked 
|  14|0x0000000702800000, 0x0000000702900000, 0x0000000702900000|100%| O|  |TAMS 0x0000000702900000, 0x0000000702800000| Untracked 
|  15|0x0000000702900000, 0x0000000702a00000, 0x0000000702a00000|100%| O|  |TAMS 0x0000000702a00000, 0x0000000702900000| Untracked 
|  16|0x0000000702a00000, 0x0000000702b00000, 0x0000000702b00000|100%| O|  |TAMS 0x0000000702b00000, 0x0000000702a00000| Untracked 
|  17|0x0000000702b00000, 0x0000000702c00000, 0x0000000702c00000|100%| O|  |TAMS 0x0000000702c00000, 0x0000000702b00000| Untracked 
|  18|0x0000000702c00000, 0x0000000702d00000, 0x0000000702d00000|100%| O|  |TAMS 0x0000000702d00000, 0x0000000702c00000| Untracked 
|  19|0x0000000702d00000, 0x0000000702e00000, 0x0000000702e00000|100%| O|  |TAMS 0x0000000702e00000, 0x0000000702d00000| Untracked 
|  20|0x0000000702e00000, 0x0000000702f00000, 0x0000000702f00000|100%| O|  |TAMS 0x0000000702f00000, 0x0000000702e00000| Untracked 
|  21|0x0000000702f00000, 0x0000000703000000, 0x0000000703000000|100%| O|  |TAMS 0x0000000703000000, 0x0000000702f00000| Untracked 
|  22|0x0000000703000000, 0x0000000703100000, 0x0000000703100000|100%| O|  |TAMS 0x0000000703100000, 0x0000000703000000| Untracked 
|  23|0x0000000703100000, 0x0000000703200000, 0x0000000703200000|100%| O|  |TAMS 0x0000000703200000, 0x0000000703100000| Untracked 
|  24|0x0000000703200000, 0x0000000703300000, 0x0000000703300000|100%| O|  |TAMS 0x0000000703300000, 0x0000000703200000| Untracked 
|  25|0x0000000703300000, 0x0000000703400000, 0x0000000703400000|100%| O|  |TAMS 0x0000000703400000, 0x0000000703300000| Untracked 
|  26|0x0000000703400000, 0x0000000703500000, 0x0000000703500000|100%| O|  |TAMS 0x0000000703500000, 0x0000000703400000| Untracked 
|  27|0x0000000703500000, 0x0000000703600000, 0x0000000703600000|100%| O|  |TAMS 0x0000000703600000, 0x0000000703500000| Untracked 
|  28|0x0000000703600000, 0x0000000703700000, 0x0000000703700000|100%| O|  |TAMS 0x0000000703700000, 0x0000000703600000| Untracked 
|  29|0x0000000703700000, 0x0000000703800000, 0x0000000703800000|100%| O|  |TAMS 0x0000000703800000, 0x0000000703700000| Untracked 
|  30|0x0000000703800000, 0x0000000703900000, 0x0000000703900000|100%| O|  |TAMS 0x0000000703900000, 0x0000000703800000| Untracked 
|  31|0x0000000703900000, 0x0000000703a00000, 0x0000000703a00000|100%| O|  |TAMS 0x0000000703a00000, 0x0000000703900000| Untracked 
|  32|0x0000000703a00000, 0x0000000703b00000, 0x0000000703b00000|100%| O|  |TAMS 0x0000000703b00000, 0x0000000703a00000| Untracked 
|  33|0x0000000703b00000, 0x0000000703c00000, 0x0000000703c00000|100%| O|  |TAMS 0x0000000703b00000, 0x0000000703b00000| Untracked 
|  34|0x0000000703c00000, 0x0000000703d00000, 0x0000000703d00000|100%| O|  |TAMS 0x0000000703c00000, 0x0000000703c00000| Untracked 
|  35|0x0000000703d00000, 0x0000000703e00000, 0x0000000703e00000|100%| O|  |TAMS 0x0000000703d00000, 0x0000000703d00000| Untracked 
|  36|0x0000000703e00000, 0x0000000703f00000, 0x0000000703f00000|100%| O|  |TAMS 0x0000000703e00000, 0x0000000703e00000| Untracked 
|  37|0x0000000703f00000, 0x0000000704000000, 0x0000000704000000|100%| O|  |TAMS 0x0000000703f00000, 0x0000000703f00000| Untracked 
|  38|0x0000000704000000, 0x0000000704100000, 0x0000000704100000|100%| O|  |TAMS 0x0000000704000000, 0x0000000704000000| Untracked 
|  39|0x0000000704100000, 0x0000000704200000, 0x0000000704200000|100%| O|  |TAMS 0x0000000704100000, 0x0000000704100000| Untracked 
|  40|0x0000000704200000, 0x00000007042f2600, 0x0000000704300000| 94%| O|  |TAMS 0x0000000704200000, 0x0000000704200000| Untracked 
|  41|0x0000000704300000, 0x0000000704300000, 0x0000000704400000|  0%| F|  |TAMS 0x0000000704300000, 0x0000000704300000| Untracked 
|  42|0x0000000704400000, 0x0000000704400000, 0x0000000704500000|  0%| F|  |TAMS 0x0000000704400000, 0x0000000704400000| Untracked 
|  43|0x0000000704500000, 0x0000000704500000, 0x0000000704600000|  0%| F|  |TAMS 0x0000000704500000, 0x0000000704500000| Untracked 
|  44|0x0000000704600000, 0x0000000704600000, 0x0000000704700000|  0%| F|  |TAMS 0x0000000704600000, 0x0000000704600000| Untracked 
|  45|0x0000000704700000, 0x0000000704700000, 0x0000000704800000|  0%| F|  |TAMS 0x0000000704700000, 0x0000000704700000| Untracked 
|  46|0x0000000704800000, 0x0000000704800000, 0x0000000704900000|  0%| F|  |TAMS 0x0000000704800000, 0x0000000704800000| Untracked 
|  47|0x0000000704900000, 0x0000000704900000, 0x0000000704a00000|  0%| F|  |TAMS 0x0000000704900000, 0x0000000704900000| Untracked 
|  48|0x0000000704a00000, 0x0000000704a00000, 0x0000000704b00000|  0%| F|  |TAMS 0x0000000704a00000, 0x0000000704a00000| Untracked 
|  49|0x0000000704b00000, 0x0000000704b00000, 0x0000000704c00000|  0%| F|  |TAMS 0x0000000704b00000, 0x0000000704b00000| Untracked 
|  50|0x0000000704c00000, 0x0000000704c00000, 0x0000000704d00000|  0%| F|  |TAMS 0x0000000704c00000, 0x0000000704c00000| Untracked 
|  51|0x0000000704d00000, 0x0000000704d00000, 0x0000000704e00000|  0%| F|  |TAMS 0x0000000704d00000, 0x0000000704d00000| Untracked 
|  52|0x0000000704e00000, 0x0000000704e00000, 0x0000000704f00000|  0%| F|  |TAMS 0x0000000704e00000, 0x0000000704e00000| Untracked 
|  53|0x0000000704f00000, 0x0000000704f00000, 0x0000000705000000|  0%| F|  |TAMS 0x0000000704f00000, 0x0000000704f00000| Untracked 
|  54|0x0000000705000000, 0x0000000705000000, 0x0000000705100000|  0%| F|  |TAMS 0x0000000705000000, 0x0000000705000000| Untracked 
|  55|0x0000000705100000, 0x0000000705100000, 0x0000000705200000|  0%| F|  |TAMS 0x0000000705100000, 0x0000000705100000| Untracked 
|  56|0x0000000705200000, 0x0000000705200000, 0x0000000705300000|  0%| F|  |TAMS 0x0000000705200000, 0x0000000705200000| Untracked 
|  57|0x0000000705300000, 0x0000000705300000, 0x0000000705400000|  0%| F|  |TAMS 0x0000000705300000, 0x0000000705300000| Untracked 
|  58|0x0000000705400000, 0x0000000705400000, 0x0000000705500000|  0%| F|  |TAMS 0x0000000705400000, 0x0000000705400000| Untracked 
|  59|0x0000000705500000, 0x0000000705500000, 0x0000000705600000|  0%| F|  |TAMS 0x0000000705500000, 0x0000000705500000| Untracked 
|  60|0x0000000705600000, 0x0000000705600000, 0x0000000705700000|  0%| F|  |TAMS 0x0000000705600000, 0x0000000705600000| Untracked 
|  61|0x0000000705700000, 0x0000000705700000, 0x0000000705800000|  0%| F|  |TAMS 0x0000000705700000, 0x0000000705700000| Untracked 
|  62|0x0000000705800000, 0x0000000705800000, 0x0000000705900000|  0%| F|  |TAMS 0x0000000705800000, 0x0000000705800000| Untracked 
|  63|0x0000000705900000, 0x0000000705900000, 0x0000000705a00000|  0%| F|  |TAMS 0x0000000705900000, 0x0000000705900000| Untracked 
|  64|0x0000000705a00000, 0x0000000705a00000, 0x0000000705b00000|  0%| F|  |TAMS 0x0000000705a00000, 0x0000000705a00000| Untracked 
|  65|0x0000000705b00000, 0x0000000705b00000, 0x0000000705c00000|  0%| F|  |TAMS 0x0000000705b00000, 0x0000000705b00000| Untracked 
|  66|0x0000000705c00000, 0x0000000705c00000, 0x0000000705d00000|  0%| F|  |TAMS 0x0000000705c00000, 0x0000000705c00000| Untracked 
|  67|0x0000000705d00000, 0x0000000705d00000, 0x0000000705e00000|  0%| F|  |TAMS 0x0000000705d00000, 0x0000000705d00000| Untracked 
|  68|0x0000000705e00000, 0x0000000705e00000, 0x0000000705f00000|  0%| F|  |TAMS 0x0000000705e00000, 0x0000000705e00000| Untracked 
|  69|0x0000000705f00000, 0x0000000705f00000, 0x0000000706000000|  0%| F|  |TAMS 0x0000000705f00000, 0x0000000705f00000| Untracked 
|  70|0x0000000706000000, 0x0000000706000000, 0x0000000706100000|  0%| F|  |TAMS 0x0000000706000000, 0x0000000706000000| Untracked 
|  71|0x0000000706100000, 0x0000000706100000, 0x0000000706200000|  0%| F|  |TAMS 0x0000000706100000, 0x0000000706100000| Untracked 
|  72|0x0000000706200000, 0x0000000706200000, 0x0000000706300000|  0%| F|  |TAMS 0x0000000706200000, 0x0000000706200000| Untracked 
|  73|0x0000000706300000, 0x0000000706300000, 0x0000000706400000|  0%| F|  |TAMS 0x0000000706300000, 0x0000000706300000| Untracked 
|  74|0x0000000706400000, 0x0000000706400000, 0x0000000706500000|  0%| F|  |TAMS 0x0000000706400000, 0x0000000706400000| Untracked 
|  75|0x0000000706500000, 0x0000000706500000, 0x0000000706600000|  0%| F|  |TAMS 0x0000000706500000, 0x0000000706500000| Untracked 
|  76|0x0000000706600000, 0x0000000706600000, 0x0000000706700000|  0%| F|  |TAMS 0x0000000706600000, 0x0000000706600000| Untracked 
|  77|0x0000000706700000, 0x0000000706700000, 0x0000000706800000|  0%| F|  |TAMS 0x0000000706700000, 0x0000000706700000| Untracked 
|  78|0x0000000706800000, 0x0000000706800000, 0x0000000706900000|  0%| F|  |TAMS 0x0000000706800000, 0x0000000706800000| Untracked 
|  79|0x0000000706900000, 0x0000000706900000, 0x0000000706a00000|  0%| F|  |TAMS 0x0000000706900000, 0x0000000706900000| Untracked 
|  80|0x0000000706a00000, 0x0000000706a00000, 0x0000000706b00000|  0%| F|  |TAMS 0x0000000706a00000, 0x0000000706a00000| Untracked 
|  81|0x0000000706b00000, 0x0000000706b00000, 0x0000000706c00000|  0%| F|  |TAMS 0x0000000706b00000, 0x0000000706b00000| Untracked 
|  82|0x0000000706c00000, 0x0000000706c00000, 0x0000000706d00000|  0%| F|  |TAMS 0x0000000706c00000, 0x0000000706c00000| Untracked 
|  83|0x0000000706d00000, 0x0000000706d00000, 0x0000000706e00000|  0%| F|  |TAMS 0x0000000706d00000, 0x0000000706d00000| Untracked 
|  84|0x0000000706e00000, 0x0000000706e00000, 0x0000000706f00000|  0%| F|  |TAMS 0x0000000706e00000, 0x0000000706e00000| Untracked 
|  85|0x0000000706f00000, 0x0000000706f00000, 0x0000000707000000|  0%| F|  |TAMS 0x0000000706f00000, 0x0000000706f00000| Untracked 
|  86|0x0000000707000000, 0x0000000707000000, 0x0000000707100000|  0%| F|  |TAMS 0x0000000707000000, 0x0000000707000000| Untracked 
|  87|0x0000000707100000, 0x0000000707100000, 0x0000000707200000|  0%| F|  |TAMS 0x0000000707100000, 0x0000000707100000| Untracked 
|  88|0x0000000707200000, 0x0000000707200000, 0x0000000707300000|  0%| F|  |TAMS 0x0000000707200000, 0x0000000707200000| Untracked 
|  89|0x0000000707300000, 0x0000000707300000, 0x0000000707400000|  0%| F|  |TAMS 0x0000000707300000, 0x0000000707300000| Untracked 
|  90|0x0000000707400000, 0x0000000707400000, 0x0000000707500000|  0%| F|  |TAMS 0x0000000707400000, 0x0000000707400000| Untracked 
|  91|0x0000000707500000, 0x0000000707500000, 0x0000000707600000|  0%| F|  |TAMS 0x0000000707500000, 0x0000000707500000| Untracked 
|  92|0x0000000707600000, 0x0000000707600000, 0x0000000707700000|  0%| F|  |TAMS 0x0000000707600000, 0x0000000707600000| Untracked 
|  93|0x0000000707700000, 0x0000000707700000, 0x0000000707800000|  0%| F|  |TAMS 0x0000000707700000, 0x0000000707700000| Untracked 
|  94|0x0000000707800000, 0x0000000707800000, 0x0000000707900000|  0%| F|  |TAMS 0x0000000707800000, 0x0000000707800000| Untracked 
|  95|0x0000000707900000, 0x0000000707900000, 0x0000000707a00000|  0%| F|  |TAMS 0x0000000707900000, 0x0000000707900000| Untracked 
|  96|0x0000000707a00000, 0x0000000707a00000, 0x0000000707b00000|  0%| F|  |TAMS 0x0000000707a00000, 0x0000000707a00000| Untracked 
|  97|0x0000000707b00000, 0x0000000707b00000, 0x0000000707c00000|  0%| F|  |TAMS 0x0000000707b00000, 0x0000000707b00000| Untracked 
|  98|0x0000000707c00000, 0x0000000707c00000, 0x0000000707d00000|  0%| F|  |TAMS 0x0000000707c00000, 0x0000000707c00000| Untracked 
|  99|0x0000000707d00000, 0x0000000707d00000, 0x0000000707e00000|  0%| F|  |TAMS 0x0000000707d00000, 0x0000000707d00000| Untracked 
| 100|0x0000000707e00000, 0x0000000707e00000, 0x0000000707f00000|  0%| F|  |TAMS 0x0000000707e00000, 0x0000000707e00000| Untracked 
| 101|0x0000000707f00000, 0x0000000707f00000, 0x0000000708000000|  0%| F|  |TAMS 0x0000000707f00000, 0x0000000707f00000| Untracked 
| 102|0x0000000708000000, 0x0000000708000000, 0x0000000708100000|  0%| F|  |TAMS 0x0000000708000000, 0x0000000708000000| Untracked 
| 103|0x0000000708100000, 0x0000000708100000, 0x0000000708200000|  0%| F|  |TAMS 0x0000000708100000, 0x0000000708100000| Untracked 
| 104|0x0000000708200000, 0x0000000708200000, 0x0000000708300000|  0%| F|  |TAMS 0x0000000708200000, 0x0000000708200000| Untracked 
| 105|0x0000000708300000, 0x0000000708300000, 0x0000000708400000|  0%| F|  |TAMS 0x0000000708300000, 0x0000000708300000| Untracked 
| 106|0x0000000708400000, 0x0000000708400000, 0x0000000708500000|  0%| F|  |TAMS 0x0000000708400000, 0x0000000708400000| Untracked 
| 107|0x0000000708500000, 0x0000000708500000, 0x0000000708600000|  0%| F|  |TAMS 0x0000000708500000, 0x0000000708500000| Untracked 
| 108|0x0000000708600000, 0x0000000708600000, 0x0000000708700000|  0%| F|  |TAMS 0x0000000708600000, 0x0000000708600000| Untracked 
| 109|0x0000000708700000, 0x0000000708700000, 0x0000000708800000|  0%| F|  |TAMS 0x0000000708700000, 0x0000000708700000| Untracked 
| 110|0x0000000708800000, 0x0000000708800000, 0x0000000708900000|  0%| F|  |TAMS 0x0000000708800000, 0x0000000708800000| Untracked 
| 111|0x0000000708900000, 0x0000000708900000, 0x0000000708a00000|  0%| F|  |TAMS 0x0000000708900000, 0x0000000708900000| Untracked 
| 112|0x0000000708a00000, 0x0000000708a00000, 0x0000000708b00000|  0%| F|  |TAMS 0x0000000708a00000, 0x0000000708a00000| Untracked 
| 113|0x0000000708b00000, 0x0000000708b00000, 0x0000000708c00000|  0%| F|  |TAMS 0x0000000708b00000, 0x0000000708b00000| Untracked 
| 114|0x0000000708c00000, 0x0000000708c00000, 0x0000000708d00000|  0%| F|  |TAMS 0x0000000708c00000, 0x0000000708c00000| Untracked 
| 115|0x0000000708d00000, 0x0000000708d00000, 0x0000000708e00000|  0%| F|  |TAMS 0x0000000708d00000, 0x0000000708d00000| Untracked 
| 116|0x0000000708e00000, 0x0000000708e00000, 0x0000000708f00000|  0%| F|  |TAMS 0x0000000708e00000, 0x0000000708e00000| Untracked 
| 117|0x0000000708f00000, 0x0000000708f00000, 0x0000000709000000|  0%| F|  |TAMS 0x0000000708f00000, 0x0000000708f00000| Untracked 
| 118|0x0000000709000000, 0x0000000709000000, 0x0000000709100000|  0%| F|  |TAMS 0x0000000709000000, 0x0000000709000000| Untracked 
| 119|0x0000000709100000, 0x0000000709100000, 0x0000000709200000|  0%| F|  |TAMS 0x0000000709100000, 0x0000000709100000| Untracked 
| 120|0x0000000709200000, 0x0000000709200000, 0x0000000709300000|  0%| F|  |TAMS 0x0000000709200000, 0x0000000709200000| Untracked 
| 121|0x0000000709300000, 0x0000000709300000, 0x0000000709400000|  0%| F|  |TAMS 0x0000000709300000, 0x0000000709300000| Untracked 
| 122|0x0000000709400000, 0x0000000709400000, 0x0000000709500000|  0%| F|  |TAMS 0x0000000709400000, 0x0000000709400000| Untracked 
| 123|0x0000000709500000, 0x0000000709500000, 0x0000000709600000|  0%| F|  |TAMS 0x0000000709500000, 0x0000000709500000| Untracked 
| 124|0x0000000709600000, 0x0000000709600000, 0x0000000709700000|  0%| F|  |TAMS 0x0000000709600000, 0x0000000709600000| Untracked 
| 125|0x0000000709700000, 0x0000000709700000, 0x0000000709800000|  0%| F|  |TAMS 0x0000000709700000, 0x0000000709700000| Untracked 
| 126|0x0000000709800000, 0x0000000709800000, 0x0000000709900000|  0%| F|  |TAMS 0x0000000709800000, 0x0000000709800000| Untracked 
| 127|0x0000000709900000, 0x0000000709900000, 0x0000000709a00000|  0%| F|  |TAMS 0x0000000709900000, 0x0000000709900000| Untracked 
| 128|0x0000000709a00000, 0x0000000709a00000, 0x0000000709b00000|  0%| F|  |TAMS 0x0000000709a00000, 0x0000000709a00000| Untracked 
| 129|0x0000000709b00000, 0x0000000709b00000, 0x0000000709c00000|  0%| F|  |TAMS 0x0000000709b00000, 0x0000000709b00000| Untracked 
| 130|0x0000000709c00000, 0x0000000709c00000, 0x0000000709d00000|  0%| F|  |TAMS 0x0000000709c00000, 0x0000000709c00000| Untracked 
| 131|0x0000000709d00000, 0x0000000709d00000, 0x0000000709e00000|  0%| F|  |TAMS 0x0000000709d00000, 0x0000000709d00000| Untracked 
| 132|0x0000000709e00000, 0x0000000709e00000, 0x0000000709f00000|  0%| F|  |TAMS 0x0000000709e00000, 0x0000000709e00000| Untracked 
| 133|0x0000000709f00000, 0x0000000709f00000, 0x000000070a000000|  0%| F|  |TAMS 0x0000000709f00000, 0x0000000709f00000| Untracked 
| 134|0x000000070a000000, 0x000000070a000000, 0x000000070a100000|  0%| F|  |TAMS 0x000000070a000000, 0x000000070a000000| Untracked 
| 135|0x000000070a100000, 0x000000070a100000, 0x000000070a200000|  0%| F|  |TAMS 0x000000070a100000, 0x000000070a100000| Untracked 
| 136|0x000000070a200000, 0x000000070a200000, 0x000000070a300000|  0%| F|  |TAMS 0x000000070a200000, 0x000000070a200000| Untracked 
| 137|0x000000070a300000, 0x000000070a300000, 0x000000070a400000|  0%| F|  |TAMS 0x000000070a300000, 0x000000070a300000| Untracked 
| 138|0x000000070a400000, 0x000000070a400000, 0x000000070a500000|  0%| F|  |TAMS 0x000000070a400000, 0x000000070a400000| Untracked 
| 139|0x000000070a500000, 0x000000070a500000, 0x000000070a600000|  0%| F|  |TAMS 0x000000070a500000, 0x000000070a500000| Untracked 
| 140|0x000000070a600000, 0x000000070a600000, 0x000000070a700000|  0%| F|  |TAMS 0x000000070a600000, 0x000000070a600000| Untracked 
| 141|0x000000070a700000, 0x000000070a700000, 0x000000070a800000|  0%| F|  |TAMS 0x000000070a700000, 0x000000070a700000| Untracked 
| 142|0x000000070a800000, 0x000000070a800000, 0x000000070a900000|  0%| F|  |TAMS 0x000000070a800000, 0x000000070a800000| Untracked 
| 143|0x000000070a900000, 0x000000070a900000, 0x000000070aa00000|  0%| F|  |TAMS 0x000000070a900000, 0x000000070a900000| Untracked 
| 144|0x000000070aa00000, 0x000000070aa00000, 0x000000070ab00000|  0%| F|  |TAMS 0x000000070aa00000, 0x000000070aa00000| Untracked 
| 145|0x000000070ab00000, 0x000000070abb9080, 0x000000070ac00000| 72%| S|CS|TAMS 0x000000070ab00000, 0x000000070ab00000| Complete 
| 146|0x000000070ac00000, 0x000000070ad00000, 0x000000070ad00000|100%| S|CS|TAMS 0x000000070ac00000, 0x000000070ac00000| Complete 
| 147|0x000000070ad00000, 0x000000070ae00000, 0x000000070ae00000|100%| S|CS|TAMS 0x000000070ad00000, 0x000000070ad00000| Complete 
| 148|0x000000070ae00000, 0x000000070af00000, 0x000000070af00000|100%| S|CS|TAMS 0x000000070ae00000, 0x000000070ae00000| Complete 
| 149|0x000000070af00000, 0x000000070b000000, 0x000000070b000000|100%| S|CS|TAMS 0x000000070af00000, 0x000000070af00000| Complete 
| 150|0x000000070b000000, 0x000000070b100000, 0x000000070b100000|100%| S|CS|TAMS 0x000000070b000000, 0x000000070b000000| Complete 
| 151|0x000000070b100000, 0x000000070b200000, 0x000000070b200000|100%| S|CS|TAMS 0x000000070b100000, 0x000000070b100000| Complete 
| 152|0x000000070b200000, 0x000000070b300000, 0x000000070b300000|100%| S|CS|TAMS 0x000000070b200000, 0x000000070b200000| Complete 
| 153|0x000000070b300000, 0x000000070b400000, 0x000000070b400000|100%| S|CS|TAMS 0x000000070b300000, 0x000000070b300000| Complete 
| 154|0x000000070b400000, 0x000000070b500000, 0x000000070b500000|100%| S|CS|TAMS 0x000000070b400000, 0x000000070b400000| Complete 
| 155|0x000000070b500000, 0x000000070b600000, 0x000000070b600000|100%| S|CS|TAMS 0x000000070b500000, 0x000000070b500000| Complete 
| 156|0x000000070b600000, 0x000000070b700000, 0x000000070b700000|100%| S|CS|TAMS 0x000000070b600000, 0x000000070b600000| Complete 
| 157|0x000000070b700000, 0x000000070b700000, 0x000000070b800000|  0%| F|  |TAMS 0x000000070b700000, 0x000000070b700000| Untracked 
| 158|0x000000070b800000, 0x000000070b800000, 0x000000070b900000|  0%| F|  |TAMS 0x000000070b800000, 0x000000070b800000| Untracked 
| 159|0x000000070b900000, 0x000000070b900000, 0x000000070ba00000|  0%| F|  |TAMS 0x000000070b900000, 0x000000070b900000| Untracked 
| 160|0x000000070ba00000, 0x000000070ba00000, 0x000000070bb00000|  0%| F|  |TAMS 0x000000070ba00000, 0x000000070ba00000| Untracked 
| 161|0x000000070bb00000, 0x000000070bb00000, 0x000000070bc00000|  0%| F|  |TAMS 0x000000070bb00000, 0x000000070bb00000| Untracked 
| 162|0x000000070bc00000, 0x000000070bc00000, 0x000000070bd00000|  0%| F|  |TAMS 0x000000070bc00000, 0x000000070bc00000| Untracked 
| 163|0x000000070bd00000, 0x000000070bd00000, 0x000000070be00000|  0%| F|  |TAMS 0x000000070bd00000, 0x000000070bd00000| Untracked 
| 164|0x000000070be00000, 0x000000070be00000, 0x000000070bf00000|  0%| F|  |TAMS 0x000000070be00000, 0x000000070be00000| Untracked 
| 165|0x000000070bf00000, 0x000000070bf00000, 0x000000070c000000|  0%| F|  |TAMS 0x000000070bf00000, 0x000000070bf00000| Untracked 
| 166|0x000000070c000000, 0x000000070c000000, 0x000000070c100000|  0%| F|  |TAMS 0x000000070c000000, 0x000000070c000000| Untracked 
| 167|0x000000070c100000, 0x000000070c100000, 0x000000070c200000|  0%| F|  |TAMS 0x000000070c100000, 0x000000070c100000| Untracked 
| 168|0x000000070c200000, 0x000000070c200000, 0x000000070c300000|  0%| F|  |TAMS 0x000000070c200000, 0x000000070c200000| Untracked 
| 169|0x000000070c300000, 0x000000070c300000, 0x000000070c400000|  0%| F|  |TAMS 0x000000070c300000, 0x000000070c300000| Untracked 
| 170|0x000000070c400000, 0x000000070c400000, 0x000000070c500000|  0%| F|  |TAMS 0x000000070c400000, 0x000000070c400000| Untracked 
| 171|0x000000070c500000, 0x000000070c500000, 0x000000070c600000|  0%| F|  |TAMS 0x000000070c500000, 0x000000070c500000| Untracked 
| 172|0x000000070c600000, 0x000000070c600000, 0x000000070c700000|  0%| F|  |TAMS 0x000000070c600000, 0x000000070c600000| Untracked 
| 173|0x000000070c700000, 0x000000070c700000, 0x000000070c800000|  0%| F|  |TAMS 0x000000070c700000, 0x000000070c700000| Untracked 
| 174|0x000000070c800000, 0x000000070c800000, 0x000000070c900000|  0%| F|  |TAMS 0x000000070c800000, 0x000000070c800000| Untracked 
| 175|0x000000070c900000, 0x000000070c900000, 0x000000070ca00000|  0%| F|  |TAMS 0x000000070c900000, 0x000000070c900000| Untracked 
| 176|0x000000070ca00000, 0x000000070ca00000, 0x000000070cb00000|  0%| F|  |TAMS 0x000000070ca00000, 0x000000070ca00000| Untracked 
| 177|0x000000070cb00000, 0x000000070cb00000, 0x000000070cc00000|  0%| F|  |TAMS 0x000000070cb00000, 0x000000070cb00000| Untracked 
| 178|0x000000070cc00000, 0x000000070cc00000, 0x000000070cd00000|  0%| F|  |TAMS 0x000000070cc00000, 0x000000070cc00000| Untracked 
| 179|0x000000070cd00000, 0x000000070cd00000, 0x000000070ce00000|  0%| F|  |TAMS 0x000000070cd00000, 0x000000070cd00000| Untracked 
| 180|0x000000070ce00000, 0x000000070ce00000, 0x000000070cf00000|  0%| F|  |TAMS 0x000000070ce00000, 0x000000070ce00000| Untracked 
| 181|0x000000070cf00000, 0x000000070cf00000, 0x000000070d000000|  0%| F|  |TAMS 0x000000070cf00000, 0x000000070cf00000| Untracked 
| 182|0x000000070d000000, 0x000000070d000000, 0x000000070d100000|  0%| F|  |TAMS 0x000000070d000000, 0x000000070d000000| Untracked 
| 183|0x000000070d100000, 0x000000070d100000, 0x000000070d200000|  0%| F|  |TAMS 0x000000070d100000, 0x000000070d100000| Untracked 
| 184|0x000000070d200000, 0x000000070d200000, 0x000000070d300000|  0%| F|  |TAMS 0x000000070d200000, 0x000000070d200000| Untracked 
| 185|0x000000070d300000, 0x000000070d300000, 0x000000070d400000|  0%| F|  |TAMS 0x000000070d300000, 0x000000070d300000| Untracked 
| 186|0x000000070d400000, 0x000000070d400000, 0x000000070d500000|  0%| F|  |TAMS 0x000000070d400000, 0x000000070d400000| Untracked 
| 187|0x000000070d500000, 0x000000070d500000, 0x000000070d600000|  0%| F|  |TAMS 0x000000070d500000, 0x000000070d500000| Untracked 
| 188|0x000000070d600000, 0x000000070d600000, 0x000000070d700000|  0%| F|  |TAMS 0x000000070d600000, 0x000000070d600000| Untracked 
| 189|0x000000070d700000, 0x000000070d700000, 0x000000070d800000|  0%| F|  |TAMS 0x000000070d700000, 0x000000070d700000| Untracked 
| 190|0x000000070d800000, 0x000000070d800000, 0x000000070d900000|  0%| F|  |TAMS 0x000000070d800000, 0x000000070d800000| Untracked 
| 191|0x000000070d900000, 0x000000070d900000, 0x000000070da00000|  0%| F|  |TAMS 0x000000070d900000, 0x000000070d900000| Untracked 
| 192|0x000000070da00000, 0x000000070da00000, 0x000000070db00000|  0%| F|  |TAMS 0x000000070da00000, 0x000000070da00000| Untracked 
| 193|0x000000070db00000, 0x000000070db00000, 0x000000070dc00000|  0%| F|  |TAMS 0x000000070db00000, 0x000000070db00000| Untracked 
| 194|0x000000070dc00000, 0x000000070dc00000, 0x000000070dd00000|  0%| F|  |TAMS 0x000000070dc00000, 0x000000070dc00000| Untracked 
| 195|0x000000070dd00000, 0x000000070dd00000, 0x000000070de00000|  0%| F|  |TAMS 0x000000070dd00000, 0x000000070dd00000| Untracked 
| 196|0x000000070de00000, 0x000000070de00000, 0x000000070df00000|  0%| F|  |TAMS 0x000000070de00000, 0x000000070de00000| Untracked 
| 197|0x000000070df00000, 0x000000070df00000, 0x000000070e000000|  0%| F|  |TAMS 0x000000070df00000, 0x000000070df00000| Untracked 
| 198|0x000000070e000000, 0x000000070e000000, 0x000000070e100000|  0%| F|  |TAMS 0x000000070e000000, 0x000000070e000000| Untracked 
| 199|0x000000070e100000, 0x000000070e100000, 0x000000070e200000|  0%| F|  |TAMS 0x000000070e100000, 0x000000070e100000| Untracked 
| 200|0x000000070e200000, 0x000000070e200000, 0x000000070e300000|  0%| F|  |TAMS 0x000000070e200000, 0x000000070e200000| Untracked 
| 201|0x000000070e300000, 0x000000070e300000, 0x000000070e400000|  0%| F|  |TAMS 0x000000070e300000, 0x000000070e300000| Untracked 
| 202|0x000000070e400000, 0x000000070e400000, 0x000000070e500000|  0%| F|  |TAMS 0x000000070e400000, 0x000000070e400000| Untracked 
| 203|0x000000070e500000, 0x000000070e500000, 0x000000070e600000|  0%| F|  |TAMS 0x000000070e500000, 0x000000070e500000| Untracked 
| 204|0x000000070e600000, 0x000000070e600000, 0x000000070e700000|  0%| F|  |TAMS 0x000000070e600000, 0x000000070e600000| Untracked 
| 205|0x000000070e700000, 0x000000070e700000, 0x000000070e800000|  0%| F|  |TAMS 0x000000070e700000, 0x000000070e700000| Untracked 
| 206|0x000000070e800000, 0x000000070e800000, 0x000000070e900000|  0%| F|  |TAMS 0x000000070e800000, 0x000000070e800000| Untracked 
| 207|0x000000070e900000, 0x000000070e900000, 0x000000070ea00000|  0%| F|  |TAMS 0x000000070e900000, 0x000000070e900000| Untracked 
| 208|0x000000070ea00000, 0x000000070ea00000, 0x000000070eb00000|  0%| F|  |TAMS 0x000000070ea00000, 0x000000070ea00000| Untracked 
| 209|0x000000070eb00000, 0x000000070eb00000, 0x000000070ec00000|  0%| F|  |TAMS 0x000000070eb00000, 0x000000070eb00000| Untracked 
| 210|0x000000070ec00000, 0x000000070ec00000, 0x000000070ed00000|  0%| F|  |TAMS 0x000000070ec00000, 0x000000070ec00000| Untracked 
| 211|0x000000070ed00000, 0x000000070ed00000, 0x000000070ee00000|  0%| F|  |TAMS 0x000000070ed00000, 0x000000070ed00000| Untracked 
| 212|0x000000070ee00000, 0x000000070ee00000, 0x000000070ef00000|  0%| F|  |TAMS 0x000000070ee00000, 0x000000070ee00000| Untracked 
| 213|0x000000070ef00000, 0x000000070ef00000, 0x000000070f000000|  0%| F|  |TAMS 0x000000070ef00000, 0x000000070ef00000| Untracked 
| 214|0x000000070f000000, 0x000000070f000000, 0x000000070f100000|  0%| F|  |TAMS 0x000000070f000000, 0x000000070f000000| Untracked 
| 215|0x000000070f100000, 0x000000070f100000, 0x000000070f200000|  0%| F|  |TAMS 0x000000070f100000, 0x000000070f100000| Untracked 
| 216|0x000000070f200000, 0x000000070f200000, 0x000000070f300000|  0%| F|  |TAMS 0x000000070f200000, 0x000000070f200000| Untracked 
| 217|0x000000070f300000, 0x000000070f300000, 0x000000070f400000|  0%| F|  |TAMS 0x000000070f300000, 0x000000070f300000| Untracked 
| 218|0x000000070f400000, 0x000000070f400000, 0x000000070f500000|  0%| F|  |TAMS 0x000000070f400000, 0x000000070f400000| Untracked 
| 219|0x000000070f500000, 0x000000070f500000, 0x000000070f600000|  0%| F|  |TAMS 0x000000070f500000, 0x000000070f500000| Untracked 
| 220|0x000000070f600000, 0x000000070f600000, 0x000000070f700000|  0%| F|  |TAMS 0x000000070f600000, 0x000000070f600000| Untracked 
| 221|0x000000070f700000, 0x000000070f700000, 0x000000070f800000|  0%| F|  |TAMS 0x000000070f700000, 0x000000070f700000| Untracked 
| 222|0x000000070f800000, 0x000000070f800000, 0x000000070f900000|  0%| F|  |TAMS 0x000000070f800000, 0x000000070f800000| Untracked 
| 223|0x000000070f900000, 0x000000070f900000, 0x000000070fa00000|  0%| F|  |TAMS 0x000000070f900000, 0x000000070f900000| Untracked 
| 224|0x000000070fa00000, 0x000000070fa00000, 0x000000070fb00000|  0%| F|  |TAMS 0x000000070fa00000, 0x000000070fa00000| Untracked 
| 225|0x000000070fb00000, 0x000000070fb00000, 0x000000070fc00000|  0%| F|  |TAMS 0x000000070fb00000, 0x000000070fb00000| Untracked 
| 226|0x000000070fc00000, 0x000000070fc00000, 0x000000070fd00000|  0%| F|  |TAMS 0x000000070fc00000, 0x000000070fc00000| Untracked 
| 227|0x000000070fd00000, 0x000000070fd00000, 0x000000070fe00000|  0%| F|  |TAMS 0x000000070fd00000, 0x000000070fd00000| Untracked 
| 228|0x000000070fe00000, 0x000000070fe00000, 0x000000070ff00000|  0%| F|  |TAMS 0x000000070fe00000, 0x000000070fe00000| Untracked 
| 229|0x000000070ff00000, 0x000000070ff00000, 0x0000000710000000|  0%| F|  |TAMS 0x000000070ff00000, 0x000000070ff00000| Untracked 
| 230|0x0000000710000000, 0x0000000710000000, 0x0000000710100000|  0%| F|  |TAMS 0x0000000710000000, 0x0000000710000000| Untracked 
| 231|0x0000000710100000, 0x0000000710100000, 0x0000000710200000|  0%| F|  |TAMS 0x0000000710100000, 0x0000000710100000| Untracked 
| 232|0x0000000710200000, 0x0000000710200000, 0x0000000710300000|  0%| F|  |TAMS 0x0000000710200000, 0x0000000710200000| Untracked 
| 233|0x0000000710300000, 0x0000000710300000, 0x0000000710400000|  0%| F|  |TAMS 0x0000000710300000, 0x0000000710300000| Untracked 
| 234|0x0000000710400000, 0x0000000710400000, 0x0000000710500000|  0%| F|  |TAMS 0x0000000710400000, 0x0000000710400000| Untracked 
| 235|0x0000000710500000, 0x0000000710500000, 0x0000000710600000|  0%| F|  |TAMS 0x0000000710500000, 0x0000000710500000| Untracked 
| 236|0x0000000710600000, 0x0000000710600000, 0x0000000710700000|  0%| F|  |TAMS 0x0000000710600000, 0x0000000710600000| Untracked 
| 237|0x0000000710700000, 0x0000000710700000, 0x0000000710800000|  0%| F|  |TAMS 0x0000000710700000, 0x0000000710700000| Untracked 
| 238|0x0000000710800000, 0x0000000710800000, 0x0000000710900000|  0%| F|  |TAMS 0x0000000710800000, 0x0000000710800000| Untracked 
| 239|0x0000000710900000, 0x0000000710900000, 0x0000000710a00000|  0%| F|  |TAMS 0x0000000710900000, 0x0000000710900000| Untracked 
| 240|0x0000000710a00000, 0x0000000710a00000, 0x0000000710b00000|  0%| F|  |TAMS 0x0000000710a00000, 0x0000000710a00000| Untracked 
| 241|0x0000000710b00000, 0x0000000710b00000, 0x0000000710c00000|  0%| F|  |TAMS 0x0000000710b00000, 0x0000000710b00000| Untracked 
| 242|0x0000000710c00000, 0x0000000710c00000, 0x0000000710d00000|  0%| F|  |TAMS 0x0000000710c00000, 0x0000000710c00000| Untracked 
| 243|0x0000000710d00000, 0x0000000710d00000, 0x0000000710e00000|  0%| F|  |TAMS 0x0000000710d00000, 0x0000000710d00000| Untracked 
| 244|0x0000000710e00000, 0x0000000710e00000, 0x0000000710f00000|  0%| F|  |TAMS 0x0000000710e00000, 0x0000000710e00000| Untracked 
| 245|0x0000000710f00000, 0x0000000710f00000, 0x0000000711000000|  0%| F|  |TAMS 0x0000000710f00000, 0x0000000710f00000| Untracked 
| 246|0x0000000711000000, 0x0000000711000000, 0x0000000711100000|  0%| F|  |TAMS 0x0000000711000000, 0x0000000711000000| Untracked 
| 247|0x0000000711100000, 0x0000000711100000, 0x0000000711200000|  0%| F|  |TAMS 0x0000000711100000, 0x0000000711100000| Untracked 
| 248|0x0000000711200000, 0x0000000711200000, 0x0000000711300000|  0%| F|  |TAMS 0x0000000711200000, 0x0000000711200000| Untracked 
| 249|0x0000000711300000, 0x0000000711300000, 0x0000000711400000|  0%| F|  |TAMS 0x0000000711300000, 0x0000000711300000| Untracked 
| 250|0x0000000711400000, 0x0000000711400000, 0x0000000711500000|  0%| F|  |TAMS 0x0000000711400000, 0x0000000711400000| Untracked 
| 251|0x0000000711500000, 0x0000000711500000, 0x0000000711600000|  0%| F|  |TAMS 0x0000000711500000, 0x0000000711500000| Untracked 
| 252|0x0000000711600000, 0x0000000711600000, 0x0000000711700000|  0%| F|  |TAMS 0x0000000711600000, 0x0000000711600000| Untracked 
| 253|0x0000000711700000, 0x0000000711700000, 0x0000000711800000|  0%| F|  |TAMS 0x0000000711700000, 0x0000000711700000| Untracked 
| 254|0x0000000711800000, 0x0000000711800000, 0x0000000711900000|  0%| F|  |TAMS 0x0000000711800000, 0x0000000711800000| Untracked 
| 255|0x0000000711900000, 0x0000000711900000, 0x0000000711a00000|  0%| F|  |TAMS 0x0000000711900000, 0x0000000711900000| Untracked 
| 256|0x0000000711a00000, 0x0000000711a00000, 0x0000000711b00000|  0%| F|  |TAMS 0x0000000711a00000, 0x0000000711a00000| Untracked 
| 257|0x0000000711b00000, 0x0000000711b00000, 0x0000000711c00000|  0%| F|  |TAMS 0x0000000711b00000, 0x0000000711b00000| Untracked 
| 258|0x0000000711c00000, 0x0000000711c00000, 0x0000000711d00000|  0%| F|  |TAMS 0x0000000711c00000, 0x0000000711c00000| Untracked 
| 259|0x0000000711d00000, 0x0000000711d00000, 0x0000000711e00000|  0%| F|  |TAMS 0x0000000711d00000, 0x0000000711d00000| Untracked 
| 260|0x0000000711e00000, 0x0000000711e00000, 0x0000000711f00000|  0%| F|  |TAMS 0x0000000711e00000, 0x0000000711e00000| Untracked 
| 261|0x0000000711f00000, 0x0000000711f00000, 0x0000000712000000|  0%| F|  |TAMS 0x0000000711f00000, 0x0000000711f00000| Untracked 
| 262|0x0000000712000000, 0x0000000712000000, 0x0000000712100000|  0%| F|  |TAMS 0x0000000712000000, 0x0000000712000000| Untracked 
| 263|0x0000000712100000, 0x0000000712100000, 0x0000000712200000|  0%| F|  |TAMS 0x0000000712100000, 0x0000000712100000| Untracked 
| 264|0x0000000712200000, 0x0000000712200000, 0x0000000712300000|  0%| F|  |TAMS 0x0000000712200000, 0x0000000712200000| Untracked 
| 265|0x0000000712300000, 0x0000000712300000, 0x0000000712400000|  0%| F|  |TAMS 0x0000000712300000, 0x0000000712300000| Untracked 
| 266|0x0000000712400000, 0x0000000712400000, 0x0000000712500000|  0%| F|  |TAMS 0x0000000712400000, 0x0000000712400000| Untracked 
| 267|0x0000000712500000, 0x0000000712500000, 0x0000000712600000|  0%| F|  |TAMS 0x0000000712500000, 0x0000000712500000| Untracked 
| 268|0x0000000712600000, 0x0000000712600000, 0x0000000712700000|  0%| F|  |TAMS 0x0000000712600000, 0x0000000712600000| Untracked 
| 269|0x0000000712700000, 0x0000000712700000, 0x0000000712800000|  0%| F|  |TAMS 0x0000000712700000, 0x0000000712700000| Untracked 
| 270|0x0000000712800000, 0x0000000712800000, 0x0000000712900000|  0%| F|  |TAMS 0x0000000712800000, 0x0000000712800000| Untracked 
| 271|0x0000000712900000, 0x0000000712900000, 0x0000000712a00000|  0%| F|  |TAMS 0x0000000712900000, 0x0000000712900000| Untracked 
| 272|0x0000000712a00000, 0x0000000712a00000, 0x0000000712b00000|  0%| F|  |TAMS 0x0000000712a00000, 0x0000000712a00000| Untracked 
| 273|0x0000000712b00000, 0x0000000712b00000, 0x0000000712c00000|  0%| F|  |TAMS 0x0000000712b00000, 0x0000000712b00000| Untracked 
| 274|0x0000000712c00000, 0x0000000712c00000, 0x0000000712d00000|  0%| F|  |TAMS 0x0000000712c00000, 0x0000000712c00000| Untracked 
| 275|0x0000000712d00000, 0x0000000712d00000, 0x0000000712e00000|  0%| F|  |TAMS 0x0000000712d00000, 0x0000000712d00000| Untracked 
| 276|0x0000000712e00000, 0x0000000712e00000, 0x0000000712f00000|  0%| F|  |TAMS 0x0000000712e00000, 0x0000000712e00000| Untracked 
| 277|0x0000000712f00000, 0x0000000712f00000, 0x0000000713000000|  0%| F|  |TAMS 0x0000000712f00000, 0x0000000712f00000| Untracked 
| 278|0x0000000713000000, 0x0000000713000000, 0x0000000713100000|  0%| F|  |TAMS 0x0000000713000000, 0x0000000713000000| Untracked 
| 279|0x0000000713100000, 0x0000000713100000, 0x0000000713200000|  0%| F|  |TAMS 0x0000000713100000, 0x0000000713100000| Untracked 
| 280|0x0000000713200000, 0x0000000713200000, 0x0000000713300000|  0%| F|  |TAMS 0x0000000713200000, 0x0000000713200000| Untracked 
| 281|0x0000000713300000, 0x0000000713300000, 0x0000000713400000|  0%| F|  |TAMS 0x0000000713300000, 0x0000000713300000| Untracked 
| 282|0x0000000713400000, 0x0000000713400000, 0x0000000713500000|  0%| F|  |TAMS 0x0000000713400000, 0x0000000713400000| Untracked 
| 283|0x0000000713500000, 0x0000000713500000, 0x0000000713600000|  0%| F|  |TAMS 0x0000000713500000, 0x0000000713500000| Untracked 
| 284|0x0000000713600000, 0x0000000713600000, 0x0000000713700000|  0%| F|  |TAMS 0x0000000713600000, 0x0000000713600000| Untracked 
| 285|0x0000000713700000, 0x0000000713700000, 0x0000000713800000|  0%| F|  |TAMS 0x0000000713700000, 0x0000000713700000| Untracked 
| 286|0x0000000713800000, 0x0000000713800000, 0x0000000713900000|  0%| F|  |TAMS 0x0000000713800000, 0x0000000713800000| Untracked 
| 287|0x0000000713900000, 0x0000000713a00000, 0x0000000713a00000|100%| E|  |TAMS 0x0000000713900000, 0x0000000713900000| Complete 
| 288|0x0000000713a00000, 0x0000000713b00000, 0x0000000713b00000|100%| E|CS|TAMS 0x0000000713a00000, 0x0000000713a00000| Complete 
| 289|0x0000000713b00000, 0x0000000713c00000, 0x0000000713c00000|100%| E|CS|TAMS 0x0000000713b00000, 0x0000000713b00000| Complete 
| 290|0x0000000713c00000, 0x0000000713d00000, 0x0000000713d00000|100%| E|CS|TAMS 0x0000000713c00000, 0x0000000713c00000| Complete 
| 291|0x0000000713d00000, 0x0000000713e00000, 0x0000000713e00000|100%| E|CS|TAMS 0x0000000713d00000, 0x0000000713d00000| Complete 
| 292|0x0000000713e00000, 0x0000000713f00000, 0x0000000713f00000|100%| E|CS|TAMS 0x0000000713e00000, 0x0000000713e00000| Complete 
| 293|0x0000000713f00000, 0x0000000714000000, 0x0000000714000000|100%| E|CS|TAMS 0x0000000713f00000, 0x0000000713f00000| Complete 
| 294|0x0000000714000000, 0x0000000714100000, 0x0000000714100000|100%| E|CS|TAMS 0x0000000714000000, 0x0000000714000000| Complete 
| 295|0x0000000714100000, 0x0000000714200000, 0x0000000714200000|100%| E|CS|TAMS 0x0000000714100000, 0x0000000714100000| Complete 
| 296|0x0000000714200000, 0x0000000714300000, 0x0000000714300000|100%| E|CS|TAMS 0x0000000714200000, 0x0000000714200000| Complete 
| 297|0x0000000714300000, 0x0000000714400000, 0x0000000714400000|100%| E|CS|TAMS 0x0000000714300000, 0x0000000714300000| Complete 
| 298|0x0000000714400000, 0x0000000714500000, 0x0000000714500000|100%| E|CS|TAMS 0x0000000714400000, 0x0000000714400000| Complete 
| 299|0x0000000714500000, 0x0000000714600000, 0x0000000714600000|100%| E|CS|TAMS 0x0000000714500000, 0x0000000714500000| Complete 
| 300|0x0000000714600000, 0x0000000714700000, 0x0000000714700000|100%| E|CS|TAMS 0x0000000714600000, 0x0000000714600000| Complete 
| 301|0x0000000714700000, 0x0000000714800000, 0x0000000714800000|100%| E|CS|TAMS 0x0000000714700000, 0x0000000714700000| Complete 
| 302|0x0000000714800000, 0x0000000714900000, 0x0000000714900000|100%| E|CS|TAMS 0x0000000714800000, 0x0000000714800000| Complete 
| 303|0x0000000714900000, 0x0000000714a00000, 0x0000000714a00000|100%| E|CS|TAMS 0x0000000714900000, 0x0000000714900000| Complete 
| 304|0x0000000714a00000, 0x0000000714b00000, 0x0000000714b00000|100%| E|CS|TAMS 0x0000000714a00000, 0x0000000714a00000| Complete 
| 305|0x0000000714b00000, 0x0000000714c00000, 0x0000000714c00000|100%| E|CS|TAMS 0x0000000714b00000, 0x0000000714b00000| Complete 
| 306|0x0000000714c00000, 0x0000000714d00000, 0x0000000714d00000|100%| E|CS|TAMS 0x0000000714c00000, 0x0000000714c00000| Complete 
| 307|0x0000000714d00000, 0x0000000714e00000, 0x0000000714e00000|100%| E|CS|TAMS 0x0000000714d00000, 0x0000000714d00000| Complete 

Card table byte_map: [0x000001ee436c0000,0x000001ee43ec0000] _byte_map_base: 0x000001ee3feb3000

Marking Bits (Prev, Next): (CMBitMap*) 0x000001ee2b4766c0, (CMBitMap*) 0x000001ee2b476688
 Prev Bits: [0x000001ee48660000, 0x000001ee4c5f8000)
 Next Bits: [0x000001ee446c0000, 0x000001ee48658000)

Polling page: 0x000001ee29310000

Metaspace:

Usage:
  Non-class:     65.74 MB capacity,    65.32 MB (>99%) used,   324.82 KB ( <1%) free+waste,   112.50 KB ( <1%) overhead. 
      Class:      8.12 MB capacity,     7.85 MB ( 97%) used,   231.74 KB (  3%) free+waste,    45.56 KB ( <1%) overhead. 
       Both:     73.87 MB capacity,    73.17 MB (>99%) used,   556.56 KB ( <1%) free+waste,   158.06 KB ( <1%) overhead. 

Virtual space:
  Non-class space:       66.00 MB reserved,      65.75 MB (>99%) committed 
      Class space:        1.00 GB reserved,       8.13 MB ( <1%) committed 
             Both:        1.06 GB reserved,      73.88 MB (  7%) committed 

Chunk freelists:
   Non-Class:  6.00 KB
       Class:  4.00 KB
        Both:  10.00 KB

MaxMetaspaceSize: 17179869184.00 GB
CompressedClassSpaceSize: 1.00 GB
Initial GC threshold: 20.80 MB
Current GC threshold: 98.34 MB
CDS: off

CodeHeap 'non-profiled nmethods': size=120000Kb used=6044Kb max_used=6044Kb free=113956Kb
 bounds [0x000001ee3b660000, 0x000001ee3bc50000, 0x000001ee42b90000]
CodeHeap 'profiled nmethods': size=120000Kb used=35837Kb max_used=35837Kb free=84163Kb
 bounds [0x000001ee34130000, 0x000001ee36430000, 0x000001ee3b660000]
CodeHeap 'non-nmethods': size=5760Kb used=1375Kb max_used=1423Kb free=4384Kb
 bounds [0x000001ee33b90000, 0x000001ee33e00000, 0x000001ee34130000]
 total_blobs=11734 nmethods=11061 adapters=582
 compilation: enabled
              stopped_count=0, restarted_count=0
 full_count=0

Compilation events (20 events):
Event: 19.030 Thread 0x000001ee4fa80800 11045       3       org.jetbrains.kotlin.ir.util.AdditionalIrUtilsKt::hasEqualFqName (98 bytes)
Event: 19.032 Thread 0x000001ee4fa80800 nmethod 11045 0x000001ee36405990 code [0x000001ee36405d40, 0x000001ee36407408]
Event: 19.032 Thread 0x000001ee4fa80800 11050       3       org.jetbrains.kotlin.backend.jvm.mapping.MethodSignatureMapper::isBoxMethodForInlineClass (67 bytes)
Event: 19.033 Thread 0x000001ee4fa80800 nmethod 11050 0x000001ee36407a10 code [0x000001ee36407d20, 0x000001ee36408f68]
Event: 19.033 Thread 0x000001ee4fa80800 11052       3       org.jetbrains.kotlin.ir.declarations.lazy.IrLazyValueParameter$type$2::invoke (5 bytes)
Event: 19.034 Thread 0x000001ee4fa80800 nmethod 11052 0x000001ee36409410 code [0x000001ee364096e0, 0x000001ee3640a258]
Event: 19.034 Thread 0x000001ee4fa80800 11053       3       org.jetbrains.kotlin.ir.declarations.lazy.IrLazyValueParameter$type$2::invoke (12 bytes)
Event: 19.035 Thread 0x000001ee4fa80800 nmethod 11053 0x000001ee3640a690 code [0x000001ee3640a960, 0x000001ee3640b558]
Event: 19.035 Thread 0x000001ee4fa80800 11054       3       org.jetbrains.kotlin.ir.declarations.lazy.IrLazyValueParameter::toIrType (6 bytes)
Event: 19.035 Thread 0x000001ee4fa80800 nmethod 11054 0x000001ee3640b990 code [0x000001ee3640bc60, 0x000001ee3640c8b8]
Event: 19.035 Thread 0x000001ee4fa80800 11051       3       org.jetbrains.kotlin.ir.declarations.lazy.IrLazyValueParameter::getType (19 bytes)
Event: 19.036 Thread 0x000001ee4fa80800 nmethod 11051 0x000001ee3640cd10 code [0x000001ee3640cee0, 0x000001ee3640d208]
Event: 19.036 Thread 0x000001ee4fa80800 11049       3       org.jetbrains.kotlin.backend.jvm.mapping.IrTypeMapper::computeClassInternalName (299 bytes)
Event: 19.040 Thread 0x000001ee4fa80800 nmethod 11049 0x000001ee3640d310 code [0x000001ee3640da60, 0x000001ee36411838]
Event: 19.040 Thread 0x000001ee4fa80800 11056       3       org.jetbrains.kotlin.ir.declarations.lazy.IrLazyFunction$typeParameters$2$1::invoke (223 bytes)
Event: 19.043 Thread 0x000001ee4fa80800 nmethod 11056 0x000001ee36412c10 code [0x000001ee364130c0, 0x000001ee36415498]
Event: 19.043 Thread 0x000001ee4fa80800 11058       3       org.jetbrains.kotlin.backend.jvm.mapping.MethodSignatureMapper::shouldBoxSingleValueParameterForSpecialCaseOfRemove (214 bytes)
Event: 19.046 Thread 0x000001ee4fa80800 nmethod 11058 0x000001ee36416290 code [0x000001ee36416800, 0x000001ee36419348]
Event: 19.046 Thread 0x000001ee4fa7f000 11067       4       org.jetbrains.kotlin.ir.util.TypeTranslator::translateTypeAnnotations (229 bytes)
Event: 19.046 Thread 0x000001ee4fa80800 11057       3       org.jetbrains.kotlin.backend.jvm.mapping.MethodSignatureMapper::writeParameterType (143 bytes)

GC Heap History (16 events):
Event: 1.094 GC heap before
{Heap before GC invocations=0 (full 0):
 garbage-first heap   total 262144K, used 27648K [0x0000000701a00000, 0x0000000800000000)
  region size 1024K, 24 young (24576K), 0 survivors (0K)
 Metaspace       used 12206K, capacity 12286K, committed 12416K, reserved 1060864K
  class space    used 1090K, capacity 1113K, committed 1152K, reserved 1048576K
}
Event: 1.097 GC heap after
{Heap after GC invocations=1 (full 0):
 garbage-first heap   total 262144K, used 6373K [0x0000000701a00000, 0x0000000800000000)
  region size 1024K, 3 young (3072K), 3 survivors (3072K)
 Metaspace       used 12206K, capacity 12286K, committed 12416K, reserved 1060864K
  class space    used 1090K, capacity 1113K, committed 1152K, reserved 1048576K
}
Event: 2.561 GC heap before
{Heap before GC invocations=1 (full 0):
 garbage-first heap   total 262144K, used 43237K [0x0000000701a00000, 0x0000000800000000)
  region size 1024K, 40 young (40960K), 3 survivors (3072K)
 Metaspace       used 21011K, capacity 21156K, committed 21248K, reserved 1069056K
  class space    used 2201K, capacity 2271K, committed 2304K, reserved 1048576K
}
Event: 2.575 GC heap after
{Heap after GC invocations=2 (full 0):
 garbage-first heap   total 262144K, used 9680K [0x0000000701a00000, 0x0000000800000000)
  region size 1024K, 7 young (7168K), 7 survivors (7168K)
 Metaspace       used 21011K, capacity 21156K, committed 21248K, reserved 1069056K
  class space    used 2201K, capacity 2271K, committed 2304K, reserved 1048576K
}
Event: 5.000 GC heap before
{Heap before GC invocations=3 (full 0):
 garbage-first heap   total 262144K, used 64976K [0x0000000701a00000, 0x0000000800000000)
  region size 1024K, 56 young (57344K), 7 survivors (7168K)
 Metaspace       used 32798K, capacity 33223K, committed 33536K, reserved 1079296K
  class space    used 4057K, capacity 4242K, committed 4352K, reserved 1048576K
}
Event: 5.011 GC heap after
{Heap after GC invocations=4 (full 0):
 garbage-first heap   total 262144K, used 21117K [0x0000000701a00000, 0x0000000800000000)
  region size 1024K, 7 young (7168K), 7 survivors (7168K)
 Metaspace       used 32798K, capacity 33223K, committed 33536K, reserved 1079296K
  class space    used 4057K, capacity 4242K, committed 4352K, reserved 1048576K
}
Event: 5.441 GC heap before
{Heap before GC invocations=4 (full 0):
 garbage-first heap   total 262144K, used 33405K [0x0000000701a00000, 0x0000000800000000)
  region size 1024K, 20 young (20480K), 7 survivors (7168K)
 Metaspace       used 35342K, capacity 35730K, committed 35840K, reserved 1081344K
  class space    used 4328K, capacity 4502K, committed 4608K, reserved 1048576K
}
Event: 5.456 GC heap after
{Heap after GC invocations=5 (full 0):
 garbage-first heap   total 262144K, used 21693K [0x0000000701a00000, 0x0000000800000000)
  region size 1024K, 3 young (3072K), 3 survivors (3072K)
 Metaspace       used 35342K, capacity 35730K, committed 35840K, reserved 1081344K
  class space    used 4328K, capacity 4502K, committed 4608K, reserved 1048576K
}
Event: 7.552 GC heap before
{Heap before GC invocations=6 (full 0):
 garbage-first heap   total 262144K, used 89277K [0x0000000701a00000, 0x0000000800000000)
  region size 1024K, 67 young (68608K), 3 survivors (3072K)
 Metaspace       used 48803K, capacity 49366K, committed 49536K, reserved 1093632K
  class space    used 5701K, capacity 5925K, committed 6016K, reserved 1048576K
}
Event: 7.561 GC heap after
{Heap after GC invocations=7 (full 0):
 garbage-first heap   total 262144K, used 30112K [0x0000000701a00000, 0x0000000800000000)
  region size 1024K, 9 young (9216K), 9 survivors (9216K)
 Metaspace       used 48803K, capacity 49366K, committed 49536K, reserved 1093632K
  class space    used 5701K, capacity 5925K, committed 6016K, reserved 1048576K
}
Event: 10.582 GC heap before
{Heap before GC invocations=7 (full 0):
 garbage-first heap   total 262144K, used 131488K [0x0000000701a00000, 0x0000000800000000)
  region size 1024K, 107 young (109568K), 9 survivors (9216K)
 Metaspace       used 55876K, capacity 56435K, committed 56576K, reserved 1099776K
  class space    used 6321K, capacity 6550K, committed 6656K, reserved 1048576K
}
Event: 10.602 GC heap after
{Heap after GC invocations=8 (full 0):
 garbage-first heap   total 262144K, used 41055K [0x0000000701a00000, 0x0000000800000000)
  region size 1024K, 14 young (14336K), 14 survivors (14336K)
 Metaspace       used 55876K, capacity 56435K, committed 56576K, reserved 1099776K
  class space    used 6321K, capacity 6550K, committed 6656K, reserved 1048576K
}
Event: 12.635 GC heap before
{Heap before GC invocations=8 (full 0):
 garbage-first heap   total 262144K, used 68703K [0x0000000701a00000, 0x0000000800000000)
  region size 1024K, 42 young (43008K), 14 survivors (14336K)
 Metaspace       used 59419K, capacity 60028K, committed 60160K, reserved 1101824K
  class space    used 6571K, capacity 6814K, committed 6912K, reserved 1048576K
}
Event: 12.681 GC heap after
{Heap after GC invocations=9 (full 0):
 garbage-first heap   total 262144K, used 45866K [0x0000000701a00000, 0x0000000800000000)
  region size 1024K, 12 young (12288K), 12 survivors (12288K)
 Metaspace       used 59419K, capacity 60028K, committed 60160K, reserved 1101824K
  class space    used 6571K, capacity 6814K, committed 6912K, reserved 1048576K
}
Event: 17.992 GC heap before
{Heap before GC invocations=10 (full 0):
 garbage-first heap   total 262144K, used 134954K [0x0000000701a00000, 0x0000000800000000)
  region size 1024K, 99 young (101376K), 12 survivors (12288K)
 Metaspace       used 73637K, capacity 74349K, committed 74624K, reserved 1116160K
  class space    used 7969K, capacity 8249K, committed 8320K, reserved 1048576K
}
Event: 18.017 GC heap after
{Heap after GC invocations=11 (full 0):
 garbage-first heap   total 315392K, used 53933K [0x0000000701a00000, 0x0000000800000000)
  region size 1024K, 12 young (12288K), 12 survivors (12288K)
 Metaspace       used 73637K, capacity 74349K, committed 74624K, reserved 1116160K
  class space    used 7969K, capacity 8249K, committed 8320K, reserved 1048576K
}

Deoptimization events (20 events):
Event: 18.645 Thread 0x000001ee2944e000 Uncommon trap: trap_request=0xffffffde fr.pc=0x000001ee3bc1c514 relative=0x0000000000000454
Event: 18.645 Thread 0x000001ee2944e000 Uncommon trap: reason=class_check action=maybe_recompile pc=0x000001ee3bc1c514 method=org.jetbrains.kotlin.ir.declarations.lazy.IrLazyFunction.getParent()Lorg/jetbrains/kotlin/ir/declarations/IrDeclarationParent; @ 15 c2
Event: 18.645 Thread 0x000001ee2944e000 DEOPT PACKING pc=0x000001ee3bc1c514 sp=0x00000019442fc650
Event: 18.645 Thread 0x000001ee2944e000 DEOPT UNPACKING pc=0x000001ee33bda1af sp=0x00000019442fc620 mode 2
Event: 18.645 Thread 0x000001ee2944e000 Uncommon trap: trap_request=0xffffffde fr.pc=0x000001ee3bc1c514 relative=0x0000000000000454
Event: 18.645 Thread 0x000001ee2944e000 Uncommon trap: reason=class_check action=maybe_recompile pc=0x000001ee3bc1c514 method=org.jetbrains.kotlin.ir.declarations.lazy.IrLazyFunction.getParent()Lorg/jetbrains/kotlin/ir/declarations/IrDeclarationParent; @ 15 c2
Event: 18.645 Thread 0x000001ee2944e000 DEOPT PACKING pc=0x000001ee3bc1c514 sp=0x00000019442fc0e0
Event: 18.645 Thread 0x000001ee2944e000 DEOPT UNPACKING pc=0x000001ee33bda1af sp=0x00000019442fc0b0 mode 2
Event: 18.646 Thread 0x000001ee2944e000 Uncommon trap: trap_request=0xffffffde fr.pc=0x000001ee3bc1c514 relative=0x0000000000000454
Event: 18.646 Thread 0x000001ee2944e000 Uncommon trap: reason=class_check action=maybe_recompile pc=0x000001ee3bc1c514 method=org.jetbrains.kotlin.ir.declarations.lazy.IrLazyFunction.getParent()Lorg/jetbrains/kotlin/ir/declarations/IrDeclarationParent; @ 15 c2
Event: 18.646 Thread 0x000001ee2944e000 DEOPT PACKING pc=0x000001ee3bc1c514 sp=0x00000019442fc0e0
Event: 18.646 Thread 0x000001ee2944e000 DEOPT UNPACKING pc=0x000001ee33bda1af sp=0x00000019442fc0b0 mode 2
Event: 18.648 Thread 0x000001ee2944e000 Uncommon trap: trap_request=0xffffffde fr.pc=0x000001ee3bc1c514 relative=0x0000000000000454
Event: 18.648 Thread 0x000001ee2944e000 Uncommon trap: reason=class_check action=maybe_recompile pc=0x000001ee3bc1c514 method=org.jetbrains.kotlin.ir.declarations.lazy.IrLazyFunction.getParent()Lorg/jetbrains/kotlin/ir/declarations/IrDeclarationParent; @ 15 c2
Event: 18.648 Thread 0x000001ee2944e000 DEOPT PACKING pc=0x000001ee3bc1c514 sp=0x00000019442fc710
Event: 18.648 Thread 0x000001ee2944e000 DEOPT UNPACKING pc=0x000001ee33bda1af sp=0x00000019442fc6e0 mode 2
Event: 18.700 Thread 0x000001ee2944e000 Uncommon trap: trap_request=0xffffffc6 fr.pc=0x000001ee3bc39ac4 relative=0x0000000000000424
Event: 18.701 Thread 0x000001ee2944e000 Uncommon trap: reason=bimorphic_or_optimized_type_check action=maybe_recompile pc=0x000001ee3bc39ac4 method=org.jetbrains.kotlin.ir.util.TransformKt.replaceInPlace(Ljava/util/List;Ljava/util/List;I)I @ 13 c2
Event: 18.701 Thread 0x000001ee2944e000 DEOPT PACKING pc=0x000001ee3bc39ac4 sp=0x00000019442fdda0
Event: 18.701 Thread 0x000001ee2944e000 DEOPT UNPACKING pc=0x000001ee33bda1af sp=0x00000019442fdd68 mode 2

Classes redefined (0 events):
No events

Internal exceptions (20 events):
Event: 10.886 Thread 0x000001ee2944e000 Exception <a 'java/lang/NoSuchMethodError'{0x0000000711384900}: 'java.lang.Object java.lang.invoke.DirectMethodHandle$Holder.invokeStaticInit(java.lang.Object, java.lang.Object, java.lang.Object)'> (0x0000000711384900) thrown at [./src/hotspot/share/interpreter/linkResolver.cpp, line 773]
Event: 10.889 Thread 0x000001ee2944e000 Exception <a 'java/lang/NoSuchMethodError'{0x00000007113946e8}: 'java.lang.Object java.lang.invoke.DirectMethodHandle$Holder.invokeStatic(java.lang.Object, int, java.lang.Object, java.lang.Object)'> (0x00000007113946e8) thrown at [./src/hotspot/share/interpreter/linkResolver.cpp, line 773]
Event: 10.890 Thread 0x000001ee2944e000 Exception <a 'java/lang/NoSuchMethodError'{0x000000071139c258}: 'java.lang.Object java.lang.invoke.DirectMethodHandle$Holder.invokeStatic(java.lang.Object, int, java.lang.Object)'> (0x000000071139c258) thrown at [./src/hotspot/share/interpreter/linkResolver.cpp, line 773]
Event: 12.470 Thread 0x000001ee2944e000 Implicit null exception at 0x000001ee3b8a0c64 to 0x000001ee3b8a2f14
Event: 12.947 Thread 0x000001ee2944e000 Implicit null exception at 0x000001ee3b67ee74 to 0x000001ee3b67f38c
Event: 12.976 Thread 0x000001ee2944e000 Implicit null exception at 0x000001ee3b67e0f4 to 0x000001ee3b67e5e0
Event: 13.971 Thread 0x000001ee2944e000 Implicit null exception at 0x000001ee3b6c3cf5 to 0x000001ee3b6c3ed8
Event: 15.203 Thread 0x000001ee2944e000 Implicit null exception at 0x000001ee3b946176 to 0x000001ee3b94643c
Event: 15.430 Thread 0x000001ee2944e000 Exception <a 'java/lang/NoSuchMethodError'{0x000000070ec8f5a0}: 'java.lang.Object java.lang.invoke.DirectMethodHandle$Holder.invokeStaticInit(java.lang.Object, java.lang.Object, java.lang.Object, java.lang.Object)'> (0x000000070ec8f5a0) thrown at [./src/hotspot/share/interpreter/linkResolver.cpp, line 773]
Event: 15.735 Thread 0x000001ee2944e000 Exception <a 'java/lang/NoSuchMethodError'{0x000000070e27d060}: 'int java.lang.invoke.DirectMethodHandle$Holder.invokeStaticInit(java.lang.Object, java.lang.Object, java.lang.Object, java.lang.Object)'> (0x000000070e27d060) thrown at [./src/hotspot/share/interpreter/linkResolver.cpp, line 773]
Event: 15.970 Thread 0x000001ee2944e000 Exception <a 'java/lang/NoSuchMethodError'{0x000000070df8dbc0}: 'java.lang.Object java.lang.invoke.DirectMethodHandle$Holder.invokeStatic(java.lang.Object, java.lang.Object, java.lang.Object, int, int, java.lang.Object, java.lang.Object)'> (0x000000070df8dbc0) thrown at [./src/hotspot/share/interpreter/linkResolver.cpp, line 773]
Event: 15.970 Thread 0x000001ee2944e000 Exception <a 'java/lang/NoSuchMethodError'{0x000000070df91a80}: 'java.lang.Object java.lang.invoke.DirectMethodHandle$Holder.invokeSpecial(java.lang.Object, java.lang.Object, java.lang.Object, java.lang.Object, int, int, java.lang.Object, java.lang.Object)'> (0x000000070df91a80) thrown at [./src/hotspot/share/interpreter/linkResolver.cpp, line 773]
Event: 15.970 Thread 0x000001ee2944e000 Exception <a 'java/lang/NoSuchMethodError'{0x000000070df95398}: 'java.lang.Object java.lang.invoke.Invokers$Holder.linkToTargetMethod(java.lang.Object, java.lang.Object, int, int, java.lang.Object, java.lang.Object, java.lang.Object)'> (0x000000070df95398) thrown at [./src/hotspot/share/interpreter/linkResolver.cpp, line 773]
Event: 16.007 Thread 0x000001ee2944e000 Exception <a 'java/lang/NoSuchMethodError'{0x000000070decb2f8}: 'java.lang.Object java.lang.invoke.DirectMethodHandle$Holder.invokeStatic(java.lang.Object, java.lang.Object, java.lang.Object, int, int, java.lang.Object, java.lang.Object, java.lang.Object, java.lang.Object)'> (0x000000070decb2f8) thrown at [./src/hotspot/share/interpreter/linkResolver.cpp, line 773]
Event: 16.102 Thread 0x000001ee2944e000 Exception <a 'java/lang/NoSuchMethodError'{0x000000070dcfcff8}: 'java.lang.Object java.lang.invoke.DirectMethodHandle$Holder.invokeStatic(java.lang.Object, java.lang.Object, java.lang.Object, int, int, java.lang.Object, java.lang.Object, java.lang.Object)'> (0x000000070dcfcff8) thrown at [./src/hotspot/share/interpreter/linkResolver.cpp, line 773]
Event: 16.103 Thread 0x000001ee2944e000 Exception <a 'java/lang/NoSuchMethodError'{0x000000070db182a8}: 'java.lang.Object java.lang.invoke.DirectMethodHandle$Holder.invokeStatic(java.lang.Object, java.lang.Object, java.lang.Object, int, int)'> (0x000000070db182a8) thrown at [./src/hotspot/share/interpreter/linkResolver.cpp, line 773]
Event: 16.103 Thread 0x000001ee2944e000 Exception <a 'java/lang/NoSuchMethodError'{0x000000070db1ba88}: 'java.lang.Object java.lang.invoke.DirectMethodHandle$Holder.invokeSpecial(java.lang.Object, java.lang.Object, java.lang.Object, java.lang.Object, int, int)'> (0x000000070db1ba88) thrown at [./src/hotspot/share/interpreter/linkResolver.cpp, line 773]
Event: 16.103 Thread 0x000001ee2944e000 Exception <a 'java/lang/NoSuchMethodError'{0x000000070db1eb90}: 'java.lang.Object java.lang.invoke.Invokers$Holder.linkToTargetMethod(java.lang.Object, java.lang.Object, int, int, java.lang.Object)'> (0x000000070db1eb90) thrown at [./src/hotspot/share/interpreter/linkResolver.cpp, line 773]
Event: 16.144 Thread 0x000001ee2944e000 Implicit null exception at 0x000001ee3b6cef74 to 0x000001ee3b6cf1a4
Event: 16.196 Thread 0x000001ee2944e000 Exception <a 'java/lang/NoSuchMethodError'{0x000000070da43140}: 'java.lang.Object java.lang.invoke.DirectMethodHandle$Holder.invokeSpecial(java.lang.Object, java.lang.Object, int, int, java.lang.Object, java.lang.Object, java.lang.Object, java.lang.Object, java.lang.Object)'> (0x000000070da43140) thrown at [./src/hotspot/share/interpreter/linkResolver.cpp, line 773]

Events (20 events):
Event: 18.711 loading class org/jetbrains/kotlin/types/AbstractTypeMapper
Event: 18.711 loading class org/jetbrains/kotlin/types/AbstractTypeMapper done
Event: 18.713 loading class org/jetbrains/kotlin/ir/types/IrTypeSystemContext$DefaultImpls
Event: 18.713 loading class org/jetbrains/kotlin/ir/types/IrTypeSystemContext$DefaultImpls done
Event: 18.717 loading class org/jetbrains/kotlin/ir/util/IrTypeUtilsKt
Event: 18.717 loading class org/jetbrains/kotlin/ir/util/IrTypeUtilsKt done
Event: 18.722 loading class org/jetbrains/kotlin/backend/jvm/mapping/MethodSignatureMapper$IrBasedSimpleFunctionDescriptorWithOriginalOverrides
Event: 18.722 loading class org/jetbrains/kotlin/backend/jvm/mapping/MethodSignatureMapper$IrBasedSimpleFunctionDescriptorWithOriginalOverrides done
Event: 18.722 loading class org/jetbrains/kotlin/ir/descriptors/IrBasedSimpleFunctionDescriptor
Event: 18.722 loading class org/jetbrains/kotlin/ir/descriptors/IrBasedSimpleFunctionDescriptor done
Event: 18.724 loading class org/jetbrains/kotlin/backend/jvm/JvmLoweredDeclarationOrigin$ABSTRACT_BRIDGE_STUB
Event: 18.724 loading class org/jetbrains/kotlin/backend/jvm/JvmLoweredDeclarationOrigin$ABSTRACT_BRIDGE_STUB done
Event: 18.725 loading class org/jetbrains/kotlin/ir/declarations/lazy/IrLazyFunction$typeParameters$2$1
Event: 18.725 loading class org/jetbrains/kotlin/ir/declarations/lazy/IrLazyFunction$typeParameters$2$1 done
Event: 18.726 Executing VM operation: ICBufferFull
Event: 18.726 Executing VM operation: ICBufferFull done
Event: 18.758 loading class org/jetbrains/kotlin/types/AbstractTypeMapper$WhenMappings
Event: 18.758 loading class org/jetbrains/kotlin/types/AbstractTypeMapper$WhenMappings done
Event: 18.951 loading class org/jetbrains/kotlin/ir/declarations/lazy/IrLazyTypeParameter$superTypes$2$1
Event: 18.951 loading class org/jetbrains/kotlin/ir/declarations/lazy/IrLazyTypeParameter$superTypes$2$1 done


Dynamic libraries:
0x00007ff6e3560000 - 0x00007ff6e356d000 	C:\Program Files\Microsoft\jdk-11.0.18.10-hotspot\bin\java.exe
0x00007ffa554d0000 - 0x00007ffa556c8000 	C:\Windows\SYSTEM32\ntdll.dll
0x00007ffa553d0000 - 0x00007ffa5548f000 	C:\Windows\System32\KERNEL32.DLL
0x00007ffa52fd0000 - 0x00007ffa532c6000 	C:\Windows\System32\KERNELBASE.dll
0x00007ffa52ed0000 - 0x00007ffa52fd0000 	C:\Windows\System32\ucrtbase.dll
0x00007ffa1cbd0000 - 0x00007ffa1cbe7000 	C:\Program Files\Microsoft\jdk-11.0.18.10-hotspot\bin\jli.dll
0x00007ffa53530000 - 0x00007ffa536cd000 	C:\Windows\System32\USER32.dll
0x00007ffa1be60000 - 0x00007ffa1be75000 	C:\Program Files\Microsoft\jdk-11.0.18.10-hotspot\bin\VCRUNTIME140.dll
0x00007ffa53500000 - 0x00007ffa53522000 	C:\Windows\System32\win32u.dll
0x00007ffa547c0000 - 0x00007ffa547ec000 	C:\Windows\System32\GDI32.dll
0x00007ffa52bb0000 - 0x00007ffa52cc5000 	C:\Windows\System32\gdi32full.dll
0x00007ffa53430000 - 0x00007ffa534cd000 	C:\Windows\System32\msvcp_win.dll
0x00007ffa3bfd0000 - 0x00007ffa3c26a000 	C:\Windows\WinSxS\amd64_microsoft.windows.common-controls_6595b64144ccf1df_6.0.19041.1110_none_60b5254171f9507e\COMCTL32.dll
0x00007ffa54470000 - 0x00007ffa5450e000 	C:\Windows\System32\msvcrt.dll
0x00007ffa55150000 - 0x00007ffa55180000 	C:\Windows\System32\IMM32.DLL
0x00007ff9f7990000 - 0x00007ff9f7a2b000 	C:\Program Files\Microsoft\jdk-11.0.18.10-hotspot\bin\msvcp140.dll
0x00007ff9bcbd0000 - 0x00007ff9bd762000 	C:\Program Files\Microsoft\jdk-11.0.18.10-hotspot\bin\server\jvm.dll
0x00007ffa54fc0000 - 0x00007ffa5506f000 	C:\Windows\System32\ADVAPI32.dll
0x00007ffa55330000 - 0x00007ffa553cc000 	C:\Windows\System32\sechost.dll
0x00007ffa54690000 - 0x00007ffa547b6000 	C:\Windows\System32\RPCRT4.dll
0x00007ffa54400000 - 0x00007ffa54408000 	C:\Windows\System32\PSAPI.DLL
0x00007ffa36f10000 - 0x00007ffa36f19000 	C:\Windows\SYSTEM32\WSOCK32.dll
0x00007ffa53c30000 - 0x00007ffa53c9b000 	C:\Windows\System32\WS2_32.dll
0x00007ffa40080000 - 0x00007ffa400a7000 	C:\Windows\SYSTEM32\WINMM.dll
0x00007ffa50b40000 - 0x00007ffa50b4a000 	C:\Windows\SYSTEM32\VERSION.dll
0x00007ffa513f0000 - 0x00007ffa51402000 	C:\Windows\SYSTEM32\kernel.appcore.dll
0x00007ffa31560000 - 0x00007ffa31570000 	C:\Program Files\Microsoft\jdk-11.0.18.10-hotspot\bin\verify.dll
0x00007ffa50070000 - 0x00007ffa50254000 	C:\Windows\SYSTEM32\DBGHELP.DLL
0x00007ffa3f560000 - 0x00007ffa3f594000 	C:\Windows\SYSTEM32\dbgcore.DLL
0x00007ffa52cd0000 - 0x00007ffa52d52000 	C:\Windows\System32\bcryptPrimitives.dll
0x00007ff9f78e0000 - 0x00007ff9f7908000 	C:\Program Files\Microsoft\jdk-11.0.18.10-hotspot\bin\java.dll
0x00007ffa305b0000 - 0x00007ffa305ba000 	C:\Program Files\Microsoft\jdk-11.0.18.10-hotspot\bin\jimage.dll
0x00007ffa1b060000 - 0x00007ffa1b078000 	C:\Program Files\Microsoft\jdk-11.0.18.10-hotspot\bin\zip.dll
0x00007ffa53ca0000 - 0x00007ffa543e4000 	C:\Windows\System32\SHELL32.dll
0x00007ffa50c40000 - 0x00007ffa513d3000 	C:\Windows\SYSTEM32\windows.storage.dll
0x00007ffa537c0000 - 0x00007ffa53b14000 	C:\Windows\System32\combase.dll
0x00007ffa52600000 - 0x00007ffa5262e000 	C:\Windows\SYSTEM32\Wldp.dll
0x00007ffa55070000 - 0x00007ffa5511d000 	C:\Windows\System32\SHCORE.dll
0x00007ffa536d0000 - 0x00007ffa53725000 	C:\Windows\System32\shlwapi.dll
0x00007ffa52af0000 - 0x00007ffa52b0f000 	C:\Windows\SYSTEM32\profapi.dll
0x00007ffa1ae80000 - 0x00007ffa1ae99000 	C:\Program Files\Microsoft\jdk-11.0.18.10-hotspot\bin\net.dll
0x00007ffa4a230000 - 0x00007ffa4a33a000 	C:\Windows\SYSTEM32\WINHTTP.dll
0x00007ffa52360000 - 0x00007ffa523ca000 	C:\Windows\system32\mswsock.dll
0x00007ffa19f20000 - 0x00007ffa19f33000 	C:\Program Files\Microsoft\jdk-11.0.18.10-hotspot\bin\nio.dll

dbghelp: loaded successfully - version: 4.0.5 - missing functions: none
symbol engine: initialized successfully - sym options: 0x614 - pdb path: .;C:\Program Files\Microsoft\jdk-11.0.18.10-hotspot\bin;C:\Windows\SYSTEM32;C:\Windows\WinSxS\amd64_microsoft.windows.common-controls_6595b64144ccf1df_6.0.19041.1110_none_60b5254171f9507e;C:\Program Files\Microsoft\jdk-11.0.18.10-hotspot\bin\server

VM Arguments:
java_command: org.jetbrains.kotlin.cli.jvm.K2JVMCompiler @D:\Mobile-Projects\Finner\node_modules\react-native-pager-view\android\build\20230706_12236470465400298210.compiler.options
java_class_path (initial): C:\Users\Finner\.gradle\caches\modules-2\files-2.1\org.jetbrains.kotlin\kotlin-compiler-embeddable\1.7.0\4d09852239f61842072b40b524882fa3caaed371\kotlin-compiler-embeddable-1.7.0.jar;C:\Users\Finner\.gradle\caches\modules-2\files-2.1\org.jetbrains.kotlin\kotlin-reflect\1.7.0\e660b0079fdaf744dc9cc7f6f3aa3c761ec839b0\kotlin-reflect-1.7.0.jar;C:\Users\Finner\.gradle\caches\modules-2\files-2.1\org.jetbrains.kotlin\kotlin-stdlib\1.7.0\a5f42c684ad9003160ef0d0f693ecf0ba7b13549\kotlin-stdlib-1.7.0.jar;C:\Users\Finner\.gradle\caches\modules-2\files-2.1\org.jetbrains.kotlin\kotlin-script-runtime\1.7.0\3acea1d447587e61bc3e1b3ed6227d9e9ed4ddf1\kotlin-script-runtime-1.7.0.jar;C:\Users\Finner\.gradle\caches\modules-2\files-2.1\org.jetbrains.kotlin\kotlin-daemon-embeddable\1.7.0\fd56798de80825c673ac93808284c5198ffa2b50\kotlin-daemon-embeddable-1.7.0.jar;C:\Users\Finner\.gradle\caches\modules-2\files-2.1\org.jetbrains.intellij.deps\trove4j\1.0.20200330\3afb14d5f9ceb459d724e907a21145e8ff394f02\trove4j-1.0.20200330.jar;C:\Users\Finner\.gradle\caches\modules-2\files-2.1\net.java.dev.jna\jna\5.6.0\330f2244e9030119ab3030fc3fededc86713d9cc\jna-5.6.0.jar;C:\Users\Finner\.gradle\caches\modules-2\files-2.1\org.jetbrains.kotlin\kotlin-stdlib-common\1.7.0\51736992f422993a1e741051bdf3c12801bc1ca1\kotlin-stdlib-common-1.7.0.jar;C:\Users\Finner\.gradle\caches\modules-2\files-2.1\org.jetbrains\annotations\13.0\919f0dfe192fb4e063e7dacadee7f8bb9a2672a9\annotations-13.0.jar
Launcher Type: SUN_STANDARD

[Global flags]
     intx CICompilerCount                          = 4                                         {product} {ergonomic}
     uint ConcGCThreads                            = 2                                         {product} {ergonomic}
     uint G1ConcRefinementThreads                  = 8                                         {product} {ergonomic}
   size_t G1HeapRegionSize                         = 1048576                                   {product} {ergonomic}
    uintx GCDrainStackTargetSize                   = 64                                        {product} {ergonomic}
   size_t InitialHeapSize                          = 268435456                                 {product} {ergonomic}
   size_t MarkStackSize                            = 4194304                                   {product} {ergonomic}
   size_t MaxHeapSize                              = 4267704320                                {product} {ergonomic}
   size_t MaxNewSize                               = 2560622592                                {product} {ergonomic}
   size_t MinHeapDeltaBytes                        = 1048576                                   {product} {ergonomic}
    uintx NonNMethodCodeHeapSize                   = 5836300                                {pd product} {ergonomic}
    uintx NonProfiledCodeHeapSize                  = 122910970                              {pd product} {ergonomic}
    uintx ProfiledCodeHeapSize                     = 122910970                              {pd product} {ergonomic}
    uintx ReservedCodeCacheSize                    = 251658240                              {pd product} {ergonomic}
     bool SegmentedCodeCache                       = true                                      {product} {ergonomic}
     bool UseCompressedClassPointers               = true                                 {lp64_product} {ergonomic}
     bool UseCompressedOops                        = true                                 {lp64_product} {ergonomic}
     bool UseG1GC                                  = true                                      {product} {ergonomic}
     bool UseLargePagesIndividualAllocation        = false                                  {pd product} {ergonomic}

Logging:
Log output configuration:
 #0: stdout all=warning uptime,level,tags
 #1: stderr all=off uptime,level,tags

Environment Variables:
JAVA_HOME=C:\Program Files\Microsoft\jdk-11.0.18.10-hotspot\
CLASSPATH=D:\Mobile-Projects\Finner\android\\gradle\wrapper\gradle-wrapper.jar
PATH=C:\Users\Finner\AppData\Local\Temp\yarn--1688608520678-0.179064467249624;D:\Mobile-Projects\Finner\node_modules\.bin;C:\Users\Finner\AppData\Local\Yarn\Data\link\node_modules\.bin;C:\Users\Finner\AppData\Local\Yarn\bin;C:\Program Files\libexec\lib\node_modules\npm\bin\node-gyp-bin;C:\Program Files\lib\node_modules\npm\bin\node-gyp-bin;C:\Program Files\nodejs\node_modules\npm\bin\node-gyp-bin;C:\Program Files\WindowsApps\Microsoft.PowerShell_7.3.3.0_x64__8wekyb3d8bbwe;C:\Program Files\WindowsApps\Microsoft.PowerShell_7.3.2.0_x64__8wekyb3d8bbwe;C:\Program Files (x86)\Common Files\Intel\Shared Libraries\redist\intel64\compiler;C:\Program Files\Microsoft\jdk-11.0.18.10-hotspot\bin;C:\Program Files (x86)\Intel\iCLS Client\;C:\Program Files\Intel\iCLS Client\;C:\Windows\system32;C:\Windows;C:\Windows\System32\Wbem;C:\Windows\System32\WindowsPowerShell\v1.0\;C:\Windows\System32\OpenSSH\;C:\Program Files (x86)\NVIDIA Corporation\PhysX\Common;C:\Program Files\NVIDIA Corporation\NVIDIA NvDLISR;C:\ProgramData\chocolatey\bin;C:\Program Files\Git\cmd;C:\Program Files\OpenJDK\openjdk-11.0.16_8\bin;c:\Program Files (x86)\Intel\Intel(R) Management Engine Components\DAL;c:\Program Files\Intel\Intel(R) Management Engine Components\DAL;c:\Program Files (x86)\Intel\Intel(R) Management Engine Components\IPT;c:\Program Files\Intel\Intel(R) Management Engine Components\IPT;C:\Program Files\PowerShell\7-preview\preview;C:\Program Files\nodejs\;C:\Users\Finner\.amplify\bin;C:\Users\Finner\AppData\Local\Microsoft\WindowsApps;C:\Users\Finner\AppData\Local\Android\Sdk\platform-tools;C:\Users\Finner\AppData\Local\Programs\oh-my-posh\bin;C:\Users\Finner\AppData\Local\Programs\Microsoft VS Code\bin;C:\Users\Finner\AppData\Roaming\npm
USERNAME=Finner
OS=Windows_NT
PROCESSOR_IDENTIFIER=Intel64 Family 6 Model 158 Stepping 9, GenuineIntel
TMP=C:\Windows\TEMP
TEMP=C:\Users\Finner\AppData\Local\Temp



---------------  S Y S T E M  ---------------

OS: Windows 10 , 64 bit Build 19041 (10.0.19041.3031)
OS uptime: 7 days 21:51 hours

CPU:total 8 (initial active 8) (4 cores per cpu, 2 threads per core) family 6 model 158 stepping 9 microcode 0xb4, cmov, cx8, fxsr, mmx, sse, sse2, sse3, ssse3, sse4.1, sse4.2, popcnt, avx, avx2, aes, clmul, erms, 3dnowpref, lzcnt, ht, tsc, tscinvbit, bmi1, bmi2, adx, fma

Memory: 4k page, system-wide physical 16276M (819M free)
TotalPageFile size 19135M (AvailPageFile size 4M)
current process WorkingSet (physical memory assigned to process): 406M, peak: 406M
current process commit charge ("private bytes"): 573M, peak: 575M

vm_info: OpenJDK 64-Bit Server VM (11.0.18+10-LTS) for windows-amd64 JRE (11.0.18+10-LTS), built on Jan 18 2023 15:56:47 by "MicrosoftCorporation" with MS VC++ 15.9 (VS2017)

END.
